[2025-03-06T12:54:15.560+0000] {processor.py:161} INFO - Started process (PID=40) to work on /home/airflow/.local/lib/python3.10/site-packages/airflow/example_dags/example_short_circuit_decorator.py
[2025-03-06T12:54:15.566+0000] {processor.py:830} INFO - Processing file /home/airflow/.local/lib/python3.10/site-packages/airflow/example_dags/example_short_circuit_decorator.py for tasks to queue
[2025-03-06T12:54:15.573+0000] {logging_mixin.py:188} INFO - [2025-03-06T12:54:15.570+0000] {dagbag.py:538} INFO - Filling up the DagBag from /home/airflow/.local/lib/python3.10/site-packages/airflow/example_dags/example_short_circuit_decorator.py
[2025-03-06T12:54:15.636+0000] {processor.py:840} INFO - DAG(s) 'example_short_circuit_decorator' retrieved from /home/airflow/.local/lib/python3.10/site-packages/airflow/example_dags/example_short_circuit_decorator.py
[2025-03-06T12:54:15.910+0000] {logging_mixin.py:188} INFO - [2025-03-06T12:54:15.910+0000] {dag.py:3036} INFO - Sync 1 DAGs
[2025-03-06T12:54:15.974+0000] {logging_mixin.py:188} INFO - [2025-03-06T12:54:15.973+0000] {dag.py:3823} INFO - Setting next_dagrun for example_short_circuit_decorator to 2025-03-05 00:00:00+00:00, run_after=2025-03-06 00:00:00+00:00
[2025-03-06T12:54:16.101+0000] {processor.py:183} INFO - Processing /home/airflow/.local/lib/python3.10/site-packages/airflow/example_dags/example_short_circuit_decorator.py took 0.555 seconds
[2025-03-06T12:55:41.615+0000] {processor.py:161} INFO - Started process (PID=89) to work on /home/airflow/.local/lib/python3.10/site-packages/airflow/example_dags/example_short_circuit_decorator.py
[2025-03-06T12:55:41.617+0000] {processor.py:830} INFO - Processing file /home/airflow/.local/lib/python3.10/site-packages/airflow/example_dags/example_short_circuit_decorator.py for tasks to queue
[2025-03-06T12:55:41.619+0000] {logging_mixin.py:188} INFO - [2025-03-06T12:55:41.618+0000] {dagbag.py:538} INFO - Filling up the DagBag from /home/airflow/.local/lib/python3.10/site-packages/airflow/example_dags/example_short_circuit_decorator.py
[2025-03-06T12:55:41.643+0000] {processor.py:840} INFO - DAG(s) 'example_short_circuit_decorator' retrieved from /home/airflow/.local/lib/python3.10/site-packages/airflow/example_dags/example_short_circuit_decorator.py
[2025-03-06T12:55:41.707+0000] {logging_mixin.py:188} INFO - [2025-03-06T12:55:41.707+0000] {dag.py:3036} INFO - Sync 1 DAGs
[2025-03-06T12:55:41.769+0000] {logging_mixin.py:188} INFO - [2025-03-06T12:55:41.769+0000] {dag.py:3823} INFO - Setting next_dagrun for example_short_circuit_decorator to 2025-03-05 00:00:00+00:00, run_after=2025-03-06 00:00:00+00:00
[2025-03-06T12:55:41.926+0000] {processor.py:183} INFO - Processing /home/airflow/.local/lib/python3.10/site-packages/airflow/example_dags/example_short_circuit_decorator.py took 0.318 seconds
[2025-03-06T12:56:36.676+0000] {processor.py:161} INFO - Started process (PID=120) to work on /home/airflow/.local/lib/python3.10/site-packages/airflow/example_dags/example_short_circuit_decorator.py
[2025-03-06T12:56:36.680+0000] {processor.py:830} INFO - Processing file /home/airflow/.local/lib/python3.10/site-packages/airflow/example_dags/example_short_circuit_decorator.py for tasks to queue
[2025-03-06T12:56:36.685+0000] {logging_mixin.py:188} INFO - [2025-03-06T12:56:36.683+0000] {dagbag.py:538} INFO - Filling up the DagBag from /home/airflow/.local/lib/python3.10/site-packages/airflow/example_dags/example_short_circuit_decorator.py
[2025-03-06T12:56:36.729+0000] {processor.py:840} INFO - DAG(s) 'example_short_circuit_decorator' retrieved from /home/airflow/.local/lib/python3.10/site-packages/airflow/example_dags/example_short_circuit_decorator.py
[2025-03-06T12:56:36.846+0000] {logging_mixin.py:188} INFO - [2025-03-06T12:56:36.846+0000] {dag.py:3036} INFO - Sync 1 DAGs
[2025-03-06T12:56:36.938+0000] {logging_mixin.py:188} INFO - [2025-03-06T12:56:36.937+0000] {dag.py:3823} INFO - Setting next_dagrun for example_short_circuit_decorator to 2025-03-05 00:00:00+00:00, run_after=2025-03-06 00:00:00+00:00
[2025-03-06T12:56:37.091+0000] {processor.py:183} INFO - Processing /home/airflow/.local/lib/python3.10/site-packages/airflow/example_dags/example_short_circuit_decorator.py took 0.428 seconds
[2025-03-06T12:58:13.864+0000] {processor.py:161} INFO - Started process (PID=180) to work on /home/airflow/.local/lib/python3.10/site-packages/airflow/example_dags/example_short_circuit_decorator.py
[2025-03-06T12:58:13.866+0000] {processor.py:830} INFO - Processing file /home/airflow/.local/lib/python3.10/site-packages/airflow/example_dags/example_short_circuit_decorator.py for tasks to queue
[2025-03-06T12:58:13.868+0000] {logging_mixin.py:188} INFO - [2025-03-06T12:58:13.868+0000] {dagbag.py:538} INFO - Filling up the DagBag from /home/airflow/.local/lib/python3.10/site-packages/airflow/example_dags/example_short_circuit_decorator.py
[2025-03-06T12:58:13.888+0000] {processor.py:840} INFO - DAG(s) 'example_short_circuit_decorator' retrieved from /home/airflow/.local/lib/python3.10/site-packages/airflow/example_dags/example_short_circuit_decorator.py
[2025-03-06T12:58:13.947+0000] {logging_mixin.py:188} INFO - [2025-03-06T12:58:13.947+0000] {dag.py:3036} INFO - Sync 1 DAGs
[2025-03-06T12:58:14.005+0000] {logging_mixin.py:188} INFO - [2025-03-06T12:58:14.005+0000] {dag.py:3823} INFO - Setting next_dagrun for example_short_circuit_decorator to 2025-03-05 00:00:00+00:00, run_after=2025-03-06 00:00:00+00:00
[2025-03-06T12:58:14.133+0000] {processor.py:183} INFO - Processing /home/airflow/.local/lib/python3.10/site-packages/airflow/example_dags/example_short_circuit_decorator.py took 0.275 seconds
[2025-03-06T12:59:34.237+0000] {processor.py:161} INFO - Started process (PID=236) to work on /home/airflow/.local/lib/python3.10/site-packages/airflow/example_dags/example_short_circuit_decorator.py
[2025-03-06T12:59:34.239+0000] {processor.py:830} INFO - Processing file /home/airflow/.local/lib/python3.10/site-packages/airflow/example_dags/example_short_circuit_decorator.py for tasks to queue
[2025-03-06T12:59:34.242+0000] {logging_mixin.py:188} INFO - [2025-03-06T12:59:34.241+0000] {dagbag.py:538} INFO - Filling up the DagBag from /home/airflow/.local/lib/python3.10/site-packages/airflow/example_dags/example_short_circuit_decorator.py
[2025-03-06T12:59:34.262+0000] {processor.py:840} INFO - DAG(s) 'example_short_circuit_decorator' retrieved from /home/airflow/.local/lib/python3.10/site-packages/airflow/example_dags/example_short_circuit_decorator.py
[2025-03-06T12:59:34.324+0000] {logging_mixin.py:188} INFO - [2025-03-06T12:59:34.324+0000] {dag.py:3036} INFO - Sync 1 DAGs
[2025-03-06T12:59:34.390+0000] {logging_mixin.py:188} INFO - [2025-03-06T12:59:34.389+0000] {dag.py:3823} INFO - Setting next_dagrun for example_short_circuit_decorator to 2025-03-05 00:00:00+00:00, run_after=2025-03-06 00:00:00+00:00
[2025-03-06T12:59:34.537+0000] {processor.py:183} INFO - Processing /home/airflow/.local/lib/python3.10/site-packages/airflow/example_dags/example_short_circuit_decorator.py took 0.305 seconds
[2025-03-06T13:00:57.027+0000] {processor.py:161} INFO - Started process (PID=293) to work on /home/airflow/.local/lib/python3.10/site-packages/airflow/example_dags/example_short_circuit_decorator.py
[2025-03-06T13:00:57.030+0000] {processor.py:830} INFO - Processing file /home/airflow/.local/lib/python3.10/site-packages/airflow/example_dags/example_short_circuit_decorator.py for tasks to queue
[2025-03-06T13:00:57.032+0000] {logging_mixin.py:188} INFO - [2025-03-06T13:00:57.031+0000] {dagbag.py:538} INFO - Filling up the DagBag from /home/airflow/.local/lib/python3.10/site-packages/airflow/example_dags/example_short_circuit_decorator.py
[2025-03-06T13:00:57.054+0000] {processor.py:840} INFO - DAG(s) 'example_short_circuit_decorator' retrieved from /home/airflow/.local/lib/python3.10/site-packages/airflow/example_dags/example_short_circuit_decorator.py
[2025-03-06T13:00:57.103+0000] {logging_mixin.py:188} INFO - [2025-03-06T13:00:57.102+0000] {dag.py:3036} INFO - Sync 1 DAGs
[2025-03-06T13:00:57.153+0000] {logging_mixin.py:188} INFO - [2025-03-06T13:00:57.153+0000] {dag.py:3823} INFO - Setting next_dagrun for example_short_circuit_decorator to 2025-03-05 00:00:00+00:00, run_after=2025-03-06 00:00:00+00:00
[2025-03-06T13:00:57.281+0000] {processor.py:183} INFO - Processing /home/airflow/.local/lib/python3.10/site-packages/airflow/example_dags/example_short_circuit_decorator.py took 0.260 seconds
[2025-03-06T13:02:59.041+0000] {processor.py:161} INFO - Started process (PID=41) to work on /home/airflow/.local/lib/python3.10/site-packages/airflow/example_dags/example_short_circuit_decorator.py
[2025-03-06T13:02:59.044+0000] {processor.py:830} INFO - Processing file /home/airflow/.local/lib/python3.10/site-packages/airflow/example_dags/example_short_circuit_decorator.py for tasks to queue
[2025-03-06T13:02:59.047+0000] {logging_mixin.py:188} INFO - [2025-03-06T13:02:59.046+0000] {dagbag.py:538} INFO - Filling up the DagBag from /home/airflow/.local/lib/python3.10/site-packages/airflow/example_dags/example_short_circuit_decorator.py
[2025-03-06T13:02:59.083+0000] {processor.py:840} INFO - DAG(s) 'example_short_circuit_decorator' retrieved from /home/airflow/.local/lib/python3.10/site-packages/airflow/example_dags/example_short_circuit_decorator.py
[2025-03-06T13:02:59.170+0000] {logging_mixin.py:188} INFO - [2025-03-06T13:02:59.168+0000] {dag.py:3036} INFO - Sync 1 DAGs
[2025-03-06T13:02:59.226+0000] {logging_mixin.py:188} INFO - [2025-03-06T13:02:59.226+0000] {dag.py:3823} INFO - Setting next_dagrun for example_short_circuit_decorator to 2025-03-05 00:00:00+00:00, run_after=2025-03-06 00:00:00+00:00
[2025-03-06T13:02:59.364+0000] {processor.py:183} INFO - Processing /home/airflow/.local/lib/python3.10/site-packages/airflow/example_dags/example_short_circuit_decorator.py took 0.335 seconds
[2025-03-06T13:03:55.062+0000] {processor.py:161} INFO - Started process (PID=41) to work on /home/airflow/.local/lib/python3.10/site-packages/airflow/example_dags/example_short_circuit_decorator.py
[2025-03-06T13:03:55.065+0000] {processor.py:830} INFO - Processing file /home/airflow/.local/lib/python3.10/site-packages/airflow/example_dags/example_short_circuit_decorator.py for tasks to queue
[2025-03-06T13:03:55.068+0000] {logging_mixin.py:188} INFO - [2025-03-06T13:03:55.067+0000] {dagbag.py:538} INFO - Filling up the DagBag from /home/airflow/.local/lib/python3.10/site-packages/airflow/example_dags/example_short_circuit_decorator.py
[2025-03-06T13:03:55.097+0000] {processor.py:840} INFO - DAG(s) 'example_short_circuit_decorator' retrieved from /home/airflow/.local/lib/python3.10/site-packages/airflow/example_dags/example_short_circuit_decorator.py
[2025-03-06T13:03:55.195+0000] {logging_mixin.py:188} INFO - [2025-03-06T13:03:55.194+0000] {dag.py:3036} INFO - Sync 1 DAGs
[2025-03-06T13:03:55.269+0000] {logging_mixin.py:188} INFO - [2025-03-06T13:03:55.269+0000] {dag.py:3823} INFO - Setting next_dagrun for example_short_circuit_decorator to 2025-03-05 00:00:00+00:00, run_after=2025-03-06 00:00:00+00:00
[2025-03-06T13:03:55.431+0000] {processor.py:183} INFO - Processing /home/airflow/.local/lib/python3.10/site-packages/airflow/example_dags/example_short_circuit_decorator.py took 0.377 seconds
[2025-03-06T13:05:18.779+0000] {processor.py:161} INFO - Started process (PID=90) to work on /home/airflow/.local/lib/python3.10/site-packages/airflow/example_dags/example_short_circuit_decorator.py
[2025-03-06T13:05:18.781+0000] {processor.py:830} INFO - Processing file /home/airflow/.local/lib/python3.10/site-packages/airflow/example_dags/example_short_circuit_decorator.py for tasks to queue
[2025-03-06T13:05:18.783+0000] {logging_mixin.py:188} INFO - [2025-03-06T13:05:18.782+0000] {dagbag.py:538} INFO - Filling up the DagBag from /home/airflow/.local/lib/python3.10/site-packages/airflow/example_dags/example_short_circuit_decorator.py
[2025-03-06T13:05:18.803+0000] {processor.py:840} INFO - DAG(s) 'example_short_circuit_decorator' retrieved from /home/airflow/.local/lib/python3.10/site-packages/airflow/example_dags/example_short_circuit_decorator.py
[2025-03-06T13:05:18.867+0000] {logging_mixin.py:188} INFO - [2025-03-06T13:05:18.867+0000] {dag.py:3036} INFO - Sync 1 DAGs
[2025-03-06T13:05:18.931+0000] {logging_mixin.py:188} INFO - [2025-03-06T13:05:18.930+0000] {dag.py:3823} INFO - Setting next_dagrun for example_short_circuit_decorator to 2025-03-05 00:00:00+00:00, run_after=2025-03-06 00:00:00+00:00
[2025-03-06T13:05:19.098+0000] {processor.py:183} INFO - Processing /home/airflow/.local/lib/python3.10/site-packages/airflow/example_dags/example_short_circuit_decorator.py took 0.328 seconds
[2025-03-06T13:06:57.524+0000] {processor.py:161} INFO - Started process (PID=151) to work on /home/airflow/.local/lib/python3.10/site-packages/airflow/example_dags/example_short_circuit_decorator.py
[2025-03-06T13:06:57.529+0000] {processor.py:830} INFO - Processing file /home/airflow/.local/lib/python3.10/site-packages/airflow/example_dags/example_short_circuit_decorator.py for tasks to queue
[2025-03-06T13:06:57.534+0000] {logging_mixin.py:188} INFO - [2025-03-06T13:06:57.533+0000] {dagbag.py:538} INFO - Filling up the DagBag from /home/airflow/.local/lib/python3.10/site-packages/airflow/example_dags/example_short_circuit_decorator.py
[2025-03-06T13:06:57.587+0000] {processor.py:840} INFO - DAG(s) 'example_short_circuit_decorator' retrieved from /home/airflow/.local/lib/python3.10/site-packages/airflow/example_dags/example_short_circuit_decorator.py
[2025-03-06T13:06:57.717+0000] {logging_mixin.py:188} INFO - [2025-03-06T13:06:57.716+0000] {dag.py:3036} INFO - Sync 1 DAGs
[2025-03-06T13:06:57.886+0000] {logging_mixin.py:188} INFO - [2025-03-06T13:06:57.885+0000] {dag.py:3823} INFO - Setting next_dagrun for example_short_circuit_decorator to 2025-03-05 00:00:00+00:00, run_after=2025-03-06 00:00:00+00:00
[2025-03-06T13:06:58.100+0000] {processor.py:183} INFO - Processing /home/airflow/.local/lib/python3.10/site-packages/airflow/example_dags/example_short_circuit_decorator.py took 0.587 seconds
[2025-03-06T13:07:51.044+0000] {processor.py:161} INFO - Started process (PID=181) to work on /home/airflow/.local/lib/python3.10/site-packages/airflow/example_dags/example_short_circuit_decorator.py
[2025-03-06T13:07:51.047+0000] {processor.py:830} INFO - Processing file /home/airflow/.local/lib/python3.10/site-packages/airflow/example_dags/example_short_circuit_decorator.py for tasks to queue
[2025-03-06T13:07:51.050+0000] {logging_mixin.py:188} INFO - [2025-03-06T13:07:51.049+0000] {dagbag.py:538} INFO - Filling up the DagBag from /home/airflow/.local/lib/python3.10/site-packages/airflow/example_dags/example_short_circuit_decorator.py
[2025-03-06T13:07:51.078+0000] {processor.py:840} INFO - DAG(s) 'example_short_circuit_decorator' retrieved from /home/airflow/.local/lib/python3.10/site-packages/airflow/example_dags/example_short_circuit_decorator.py
[2025-03-06T13:07:51.155+0000] {logging_mixin.py:188} INFO - [2025-03-06T13:07:51.154+0000] {dag.py:3036} INFO - Sync 1 DAGs
[2025-03-06T13:07:51.210+0000] {logging_mixin.py:188} INFO - [2025-03-06T13:07:51.210+0000] {dag.py:3823} INFO - Setting next_dagrun for example_short_circuit_decorator to 2025-03-05 00:00:00+00:00, run_after=2025-03-06 00:00:00+00:00
[2025-03-06T13:07:51.337+0000] {processor.py:183} INFO - Processing /home/airflow/.local/lib/python3.10/site-packages/airflow/example_dags/example_short_circuit_decorator.py took 0.300 seconds
[2025-03-06T13:09:20.014+0000] {processor.py:161} INFO - Started process (PID=239) to work on /home/airflow/.local/lib/python3.10/site-packages/airflow/example_dags/example_short_circuit_decorator.py
[2025-03-06T13:09:20.016+0000] {processor.py:830} INFO - Processing file /home/airflow/.local/lib/python3.10/site-packages/airflow/example_dags/example_short_circuit_decorator.py for tasks to queue
[2025-03-06T13:09:20.019+0000] {logging_mixin.py:188} INFO - [2025-03-06T13:09:20.018+0000] {dagbag.py:538} INFO - Filling up the DagBag from /home/airflow/.local/lib/python3.10/site-packages/airflow/example_dags/example_short_circuit_decorator.py
[2025-03-06T13:09:20.053+0000] {processor.py:840} INFO - DAG(s) 'example_short_circuit_decorator' retrieved from /home/airflow/.local/lib/python3.10/site-packages/airflow/example_dags/example_short_circuit_decorator.py
[2025-03-06T13:09:20.126+0000] {logging_mixin.py:188} INFO - [2025-03-06T13:09:20.125+0000] {dag.py:3036} INFO - Sync 1 DAGs
[2025-03-06T13:09:20.186+0000] {logging_mixin.py:188} INFO - [2025-03-06T13:09:20.185+0000] {dag.py:3823} INFO - Setting next_dagrun for example_short_circuit_decorator to 2025-03-05 00:00:00+00:00, run_after=2025-03-06 00:00:00+00:00
[2025-03-06T13:09:20.341+0000] {processor.py:183} INFO - Processing /home/airflow/.local/lib/python3.10/site-packages/airflow/example_dags/example_short_circuit_decorator.py took 0.334 seconds
[2025-03-06T13:10:52.533+0000] {processor.py:161} INFO - Started process (PID=298) to work on /home/airflow/.local/lib/python3.10/site-packages/airflow/example_dags/example_short_circuit_decorator.py
[2025-03-06T13:10:52.540+0000] {processor.py:830} INFO - Processing file /home/airflow/.local/lib/python3.10/site-packages/airflow/example_dags/example_short_circuit_decorator.py for tasks to queue
[2025-03-06T13:10:52.546+0000] {logging_mixin.py:188} INFO - [2025-03-06T13:10:52.544+0000] {dagbag.py:538} INFO - Filling up the DagBag from /home/airflow/.local/lib/python3.10/site-packages/airflow/example_dags/example_short_circuit_decorator.py
[2025-03-06T13:10:52.635+0000] {processor.py:840} INFO - DAG(s) 'example_short_circuit_decorator' retrieved from /home/airflow/.local/lib/python3.10/site-packages/airflow/example_dags/example_short_circuit_decorator.py
[2025-03-06T13:10:52.745+0000] {logging_mixin.py:188} INFO - [2025-03-06T13:10:52.745+0000] {dag.py:3036} INFO - Sync 1 DAGs
[2025-03-06T13:10:52.801+0000] {logging_mixin.py:188} INFO - [2025-03-06T13:10:52.800+0000] {dag.py:3823} INFO - Setting next_dagrun for example_short_circuit_decorator to 2025-03-05 00:00:00+00:00, run_after=2025-03-06 00:00:00+00:00
[2025-03-06T13:10:52.931+0000] {processor.py:183} INFO - Processing /home/airflow/.local/lib/python3.10/site-packages/airflow/example_dags/example_short_circuit_decorator.py took 0.419 seconds
[2025-03-06T13:11:35.766+0000] {processor.py:161} INFO - Started process (PID=41) to work on /home/airflow/.local/lib/python3.10/site-packages/airflow/example_dags/example_short_circuit_decorator.py
[2025-03-06T13:11:35.769+0000] {processor.py:830} INFO - Processing file /home/airflow/.local/lib/python3.10/site-packages/airflow/example_dags/example_short_circuit_decorator.py for tasks to queue
[2025-03-06T13:11:35.772+0000] {logging_mixin.py:188} INFO - [2025-03-06T13:11:35.771+0000] {dagbag.py:538} INFO - Filling up the DagBag from /home/airflow/.local/lib/python3.10/site-packages/airflow/example_dags/example_short_circuit_decorator.py
[2025-03-06T13:11:35.800+0000] {processor.py:840} INFO - DAG(s) 'example_short_circuit_decorator' retrieved from /home/airflow/.local/lib/python3.10/site-packages/airflow/example_dags/example_short_circuit_decorator.py
[2025-03-06T13:11:35.882+0000] {logging_mixin.py:188} INFO - [2025-03-06T13:11:35.881+0000] {dag.py:3036} INFO - Sync 1 DAGs
[2025-03-06T13:11:35.940+0000] {logging_mixin.py:188} INFO - [2025-03-06T13:11:35.940+0000] {dag.py:3823} INFO - Setting next_dagrun for example_short_circuit_decorator to 2025-03-05 00:00:00+00:00, run_after=2025-03-06 00:00:00+00:00
[2025-03-06T13:11:36.067+0000] {processor.py:183} INFO - Processing /home/airflow/.local/lib/python3.10/site-packages/airflow/example_dags/example_short_circuit_decorator.py took 0.306 seconds
[2025-03-06T13:13:01.031+0000] {processor.py:161} INFO - Started process (PID=90) to work on /home/airflow/.local/lib/python3.10/site-packages/airflow/example_dags/example_short_circuit_decorator.py
[2025-03-06T13:13:01.034+0000] {processor.py:830} INFO - Processing file /home/airflow/.local/lib/python3.10/site-packages/airflow/example_dags/example_short_circuit_decorator.py for tasks to queue
[2025-03-06T13:13:01.036+0000] {logging_mixin.py:188} INFO - [2025-03-06T13:13:01.035+0000] {dagbag.py:538} INFO - Filling up the DagBag from /home/airflow/.local/lib/python3.10/site-packages/airflow/example_dags/example_short_circuit_decorator.py
[2025-03-06T13:13:01.066+0000] {processor.py:840} INFO - DAG(s) 'example_short_circuit_decorator' retrieved from /home/airflow/.local/lib/python3.10/site-packages/airflow/example_dags/example_short_circuit_decorator.py
[2025-03-06T13:13:01.152+0000] {logging_mixin.py:188} INFO - [2025-03-06T13:13:01.151+0000] {dag.py:3036} INFO - Sync 1 DAGs
[2025-03-06T13:13:01.250+0000] {logging_mixin.py:188} INFO - [2025-03-06T13:13:01.249+0000] {dag.py:3823} INFO - Setting next_dagrun for example_short_circuit_decorator to 2025-03-05 00:00:00+00:00, run_after=2025-03-06 00:00:00+00:00
[2025-03-06T13:13:01.405+0000] {processor.py:183} INFO - Processing /home/airflow/.local/lib/python3.10/site-packages/airflow/example_dags/example_short_circuit_decorator.py took 0.385 seconds
[2025-03-06T13:13:56.428+0000] {processor.py:161} INFO - Started process (PID=124) to work on /home/airflow/.local/lib/python3.10/site-packages/airflow/example_dags/example_short_circuit_decorator.py
[2025-03-06T13:13:56.431+0000] {processor.py:830} INFO - Processing file /home/airflow/.local/lib/python3.10/site-packages/airflow/example_dags/example_short_circuit_decorator.py for tasks to queue
[2025-03-06T13:13:56.435+0000] {logging_mixin.py:188} INFO - [2025-03-06T13:13:56.434+0000] {dagbag.py:538} INFO - Filling up the DagBag from /home/airflow/.local/lib/python3.10/site-packages/airflow/example_dags/example_short_circuit_decorator.py
[2025-03-06T13:13:56.462+0000] {processor.py:840} INFO - DAG(s) 'example_short_circuit_decorator' retrieved from /home/airflow/.local/lib/python3.10/site-packages/airflow/example_dags/example_short_circuit_decorator.py
[2025-03-06T13:13:56.567+0000] {logging_mixin.py:188} INFO - [2025-03-06T13:13:56.566+0000] {dag.py:3036} INFO - Sync 1 DAGs
[2025-03-06T13:13:56.665+0000] {logging_mixin.py:188} INFO - [2025-03-06T13:13:56.664+0000] {dag.py:3823} INFO - Setting next_dagrun for example_short_circuit_decorator to 2025-03-05 00:00:00+00:00, run_after=2025-03-06 00:00:00+00:00
[2025-03-06T13:13:56.825+0000] {processor.py:183} INFO - Processing /home/airflow/.local/lib/python3.10/site-packages/airflow/example_dags/example_short_circuit_decorator.py took 0.406 seconds
[2025-03-06T13:15:31.618+0000] {processor.py:161} INFO - Started process (PID=184) to work on /home/airflow/.local/lib/python3.10/site-packages/airflow/example_dags/example_short_circuit_decorator.py
[2025-03-06T13:15:31.621+0000] {processor.py:830} INFO - Processing file /home/airflow/.local/lib/python3.10/site-packages/airflow/example_dags/example_short_circuit_decorator.py for tasks to queue
[2025-03-06T13:15:31.623+0000] {logging_mixin.py:188} INFO - [2025-03-06T13:15:31.622+0000] {dagbag.py:538} INFO - Filling up the DagBag from /home/airflow/.local/lib/python3.10/site-packages/airflow/example_dags/example_short_circuit_decorator.py
[2025-03-06T13:15:31.639+0000] {processor.py:840} INFO - DAG(s) 'example_short_circuit_decorator' retrieved from /home/airflow/.local/lib/python3.10/site-packages/airflow/example_dags/example_short_circuit_decorator.py
[2025-03-06T13:15:31.692+0000] {logging_mixin.py:188} INFO - [2025-03-06T13:15:31.691+0000] {dag.py:3036} INFO - Sync 1 DAGs
[2025-03-06T13:15:31.746+0000] {logging_mixin.py:188} INFO - [2025-03-06T13:15:31.745+0000] {dag.py:3823} INFO - Setting next_dagrun for example_short_circuit_decorator to 2025-03-05 00:00:00+00:00, run_after=2025-03-06 00:00:00+00:00
[2025-03-06T13:15:31.886+0000] {processor.py:183} INFO - Processing /home/airflow/.local/lib/python3.10/site-packages/airflow/example_dags/example_short_circuit_decorator.py took 0.272 seconds
[2025-03-06T13:17:13.404+0000] {processor.py:161} INFO - Started process (PID=245) to work on /home/airflow/.local/lib/python3.10/site-packages/airflow/example_dags/example_short_circuit_decorator.py
[2025-03-06T13:17:13.414+0000] {processor.py:830} INFO - Processing file /home/airflow/.local/lib/python3.10/site-packages/airflow/example_dags/example_short_circuit_decorator.py for tasks to queue
[2025-03-06T13:17:13.417+0000] {logging_mixin.py:188} INFO - [2025-03-06T13:17:13.416+0000] {dagbag.py:538} INFO - Filling up the DagBag from /home/airflow/.local/lib/python3.10/site-packages/airflow/example_dags/example_short_circuit_decorator.py
[2025-03-06T13:17:13.458+0000] {processor.py:840} INFO - DAG(s) 'example_short_circuit_decorator' retrieved from /home/airflow/.local/lib/python3.10/site-packages/airflow/example_dags/example_short_circuit_decorator.py
[2025-03-06T13:17:13.544+0000] {logging_mixin.py:188} INFO - [2025-03-06T13:17:13.544+0000] {dag.py:3036} INFO - Sync 1 DAGs
[2025-03-06T13:17:13.650+0000] {logging_mixin.py:188} INFO - [2025-03-06T13:17:13.649+0000] {dag.py:3823} INFO - Setting next_dagrun for example_short_circuit_decorator to 2025-03-05 00:00:00+00:00, run_after=2025-03-06 00:00:00+00:00
[2025-03-06T13:17:13.817+0000] {processor.py:183} INFO - Processing /home/airflow/.local/lib/python3.10/site-packages/airflow/example_dags/example_short_circuit_decorator.py took 0.421 seconds
[2025-03-06T13:18:17.874+0000] {processor.py:161} INFO - Started process (PID=278) to work on /home/airflow/.local/lib/python3.10/site-packages/airflow/example_dags/example_short_circuit_decorator.py
[2025-03-06T13:18:17.876+0000] {processor.py:830} INFO - Processing file /home/airflow/.local/lib/python3.10/site-packages/airflow/example_dags/example_short_circuit_decorator.py for tasks to queue
[2025-03-06T13:18:17.879+0000] {logging_mixin.py:188} INFO - [2025-03-06T13:18:17.877+0000] {dagbag.py:538} INFO - Filling up the DagBag from /home/airflow/.local/lib/python3.10/site-packages/airflow/example_dags/example_short_circuit_decorator.py
[2025-03-06T13:18:17.897+0000] {processor.py:840} INFO - DAG(s) 'example_short_circuit_decorator' retrieved from /home/airflow/.local/lib/python3.10/site-packages/airflow/example_dags/example_short_circuit_decorator.py
[2025-03-06T13:18:17.961+0000] {logging_mixin.py:188} INFO - [2025-03-06T13:18:17.960+0000] {dag.py:3036} INFO - Sync 1 DAGs
[2025-03-06T13:18:18.028+0000] {logging_mixin.py:188} INFO - [2025-03-06T13:18:18.027+0000] {dag.py:3823} INFO - Setting next_dagrun for example_short_circuit_decorator to 2025-03-05 00:00:00+00:00, run_after=2025-03-06 00:00:00+00:00
[2025-03-06T13:18:18.152+0000] {processor.py:183} INFO - Processing /home/airflow/.local/lib/python3.10/site-packages/airflow/example_dags/example_short_circuit_decorator.py took 0.284 seconds
