[2025-03-06T12:54:30.713+0000] {processor.py:161} INFO - Started process (PID=48) to work on /home/airflow/.local/lib/python3.10/site-packages/airflow/example_dags/example_sensor_decorator.py
[2025-03-06T12:54:30.715+0000] {processor.py:830} INFO - Processing file /home/airflow/.local/lib/python3.10/site-packages/airflow/example_dags/example_sensor_decorator.py for tasks to queue
[2025-03-06T12:54:30.717+0000] {logging_mixin.py:188} INFO - [2025-03-06T12:54:30.717+0000] {dagbag.py:538} INFO - Filling up the DagBag from /home/airflow/.local/lib/python3.10/site-packages/airflow/example_dags/example_sensor_decorator.py
[2025-03-06T12:54:30.730+0000] {processor.py:840} INFO - DAG(s) 'example_sensor_decorator' retrieved from /home/airflow/.local/lib/python3.10/site-packages/airflow/example_dags/example_sensor_decorator.py
[2025-03-06T12:54:30.969+0000] {logging_mixin.py:188} INFO - [2025-03-06T12:54:30.968+0000] {dag.py:3036} INFO - Sync 1 DAGs
[2025-03-06T12:54:31.000+0000] {logging_mixin.py:188} INFO - [2025-03-06T12:54:30.999+0000] {dag.py:3823} INFO - Setting next_dagrun for example_sensor_decorator to None, run_after=None
[2025-03-06T12:54:31.150+0000] {processor.py:183} INFO - Processing /home/airflow/.local/lib/python3.10/site-packages/airflow/example_dags/example_sensor_decorator.py took 0.444 seconds
[2025-03-06T12:55:54.767+0000] {processor.py:161} INFO - Started process (PID=97) to work on /home/airflow/.local/lib/python3.10/site-packages/airflow/example_dags/example_sensor_decorator.py
[2025-03-06T12:55:54.770+0000] {processor.py:830} INFO - Processing file /home/airflow/.local/lib/python3.10/site-packages/airflow/example_dags/example_sensor_decorator.py for tasks to queue
[2025-03-06T12:55:54.774+0000] {logging_mixin.py:188} INFO - [2025-03-06T12:55:54.772+0000] {dagbag.py:538} INFO - Filling up the DagBag from /home/airflow/.local/lib/python3.10/site-packages/airflow/example_dags/example_sensor_decorator.py
[2025-03-06T12:55:54.789+0000] {processor.py:840} INFO - DAG(s) 'example_sensor_decorator' retrieved from /home/airflow/.local/lib/python3.10/site-packages/airflow/example_dags/example_sensor_decorator.py
[2025-03-06T12:55:54.842+0000] {logging_mixin.py:188} INFO - [2025-03-06T12:55:54.841+0000] {dag.py:3036} INFO - Sync 1 DAGs
[2025-03-06T12:55:54.897+0000] {logging_mixin.py:188} INFO - [2025-03-06T12:55:54.897+0000] {dag.py:3823} INFO - Setting next_dagrun for example_sensor_decorator to None, run_after=None
[2025-03-06T12:55:55.034+0000] {processor.py:183} INFO - Processing /home/airflow/.local/lib/python3.10/site-packages/airflow/example_dags/example_sensor_decorator.py took 0.274 seconds
[2025-03-06T12:57:42.328+0000] {processor.py:161} INFO - Started process (PID=158) to work on /home/airflow/.local/lib/python3.10/site-packages/airflow/example_dags/example_sensor_decorator.py
[2025-03-06T12:57:42.330+0000] {processor.py:830} INFO - Processing file /home/airflow/.local/lib/python3.10/site-packages/airflow/example_dags/example_sensor_decorator.py for tasks to queue
[2025-03-06T12:57:42.333+0000] {logging_mixin.py:188} INFO - [2025-03-06T12:57:42.332+0000] {dagbag.py:538} INFO - Filling up the DagBag from /home/airflow/.local/lib/python3.10/site-packages/airflow/example_dags/example_sensor_decorator.py
[2025-03-06T12:57:42.359+0000] {processor.py:840} INFO - DAG(s) 'example_sensor_decorator' retrieved from /home/airflow/.local/lib/python3.10/site-packages/airflow/example_dags/example_sensor_decorator.py
[2025-03-06T12:57:42.434+0000] {logging_mixin.py:188} INFO - [2025-03-06T12:57:42.432+0000] {dag.py:3036} INFO - Sync 1 DAGs
[2025-03-06T12:57:42.492+0000] {logging_mixin.py:188} INFO - [2025-03-06T12:57:42.492+0000] {dag.py:3823} INFO - Setting next_dagrun for example_sensor_decorator to None, run_after=None
[2025-03-06T12:57:42.695+0000] {processor.py:183} INFO - Processing /home/airflow/.local/lib/python3.10/site-packages/airflow/example_dags/example_sensor_decorator.py took 0.375 seconds
[2025-03-06T12:59:05.389+0000] {processor.py:161} INFO - Started process (PID=217) to work on /home/airflow/.local/lib/python3.10/site-packages/airflow/example_dags/example_sensor_decorator.py
[2025-03-06T12:59:05.395+0000] {processor.py:830} INFO - Processing file /home/airflow/.local/lib/python3.10/site-packages/airflow/example_dags/example_sensor_decorator.py for tasks to queue
[2025-03-06T12:59:05.401+0000] {logging_mixin.py:188} INFO - [2025-03-06T12:59:05.399+0000] {dagbag.py:538} INFO - Filling up the DagBag from /home/airflow/.local/lib/python3.10/site-packages/airflow/example_dags/example_sensor_decorator.py
[2025-03-06T12:59:05.431+0000] {processor.py:840} INFO - DAG(s) 'example_sensor_decorator' retrieved from /home/airflow/.local/lib/python3.10/site-packages/airflow/example_dags/example_sensor_decorator.py
[2025-03-06T12:59:05.490+0000] {logging_mixin.py:188} INFO - [2025-03-06T12:59:05.489+0000] {dag.py:3036} INFO - Sync 1 DAGs
[2025-03-06T12:59:05.521+0000] {logging_mixin.py:188} INFO - [2025-03-06T12:59:05.521+0000] {dag.py:3823} INFO - Setting next_dagrun for example_sensor_decorator to None, run_after=None
[2025-03-06T12:59:05.643+0000] {processor.py:183} INFO - Processing /home/airflow/.local/lib/python3.10/site-packages/airflow/example_dags/example_sensor_decorator.py took 0.276 seconds
[2025-03-06T13:00:25.399+0000] {processor.py:161} INFO - Started process (PID=272) to work on /home/airflow/.local/lib/python3.10/site-packages/airflow/example_dags/example_sensor_decorator.py
[2025-03-06T13:00:25.402+0000] {processor.py:830} INFO - Processing file /home/airflow/.local/lib/python3.10/site-packages/airflow/example_dags/example_sensor_decorator.py for tasks to queue
[2025-03-06T13:00:25.405+0000] {logging_mixin.py:188} INFO - [2025-03-06T13:00:25.404+0000] {dagbag.py:538} INFO - Filling up the DagBag from /home/airflow/.local/lib/python3.10/site-packages/airflow/example_dags/example_sensor_decorator.py
[2025-03-06T13:00:25.419+0000] {processor.py:840} INFO - DAG(s) 'example_sensor_decorator' retrieved from /home/airflow/.local/lib/python3.10/site-packages/airflow/example_dags/example_sensor_decorator.py
[2025-03-06T13:00:25.466+0000] {logging_mixin.py:188} INFO - [2025-03-06T13:00:25.465+0000] {dag.py:3036} INFO - Sync 1 DAGs
[2025-03-06T13:00:25.494+0000] {logging_mixin.py:188} INFO - [2025-03-06T13:00:25.494+0000] {dag.py:3823} INFO - Setting next_dagrun for example_sensor_decorator to None, run_after=None
[2025-03-06T13:00:25.622+0000] {processor.py:183} INFO - Processing /home/airflow/.local/lib/python3.10/site-packages/airflow/example_dags/example_sensor_decorator.py took 0.230 seconds
[2025-03-06T13:01:49.949+0000] {processor.py:161} INFO - Started process (PID=328) to work on /home/airflow/.local/lib/python3.10/site-packages/airflow/example_dags/example_sensor_decorator.py
[2025-03-06T13:01:49.952+0000] {processor.py:830} INFO - Processing file /home/airflow/.local/lib/python3.10/site-packages/airflow/example_dags/example_sensor_decorator.py for tasks to queue
[2025-03-06T13:01:49.955+0000] {logging_mixin.py:188} INFO - [2025-03-06T13:01:49.954+0000] {dagbag.py:538} INFO - Filling up the DagBag from /home/airflow/.local/lib/python3.10/site-packages/airflow/example_dags/example_sensor_decorator.py
[2025-03-06T13:01:49.984+0000] {processor.py:840} INFO - DAG(s) 'example_sensor_decorator' retrieved from /home/airflow/.local/lib/python3.10/site-packages/airflow/example_dags/example_sensor_decorator.py
[2025-03-06T13:01:50.063+0000] {logging_mixin.py:188} INFO - [2025-03-06T13:01:50.063+0000] {dag.py:3036} INFO - Sync 1 DAGs
[2025-03-06T13:01:50.095+0000] {logging_mixin.py:188} INFO - [2025-03-06T13:01:50.095+0000] {dag.py:3823} INFO - Setting next_dagrun for example_sensor_decorator to None, run_after=None
[2025-03-06T13:01:50.255+0000] {processor.py:183} INFO - Processing /home/airflow/.local/lib/python3.10/site-packages/airflow/example_dags/example_sensor_decorator.py took 0.320 seconds
[2025-03-06T13:04:11.650+0000] {processor.py:161} INFO - Started process (PID=49) to work on /home/airflow/.local/lib/python3.10/site-packages/airflow/example_dags/example_sensor_decorator.py
[2025-03-06T13:04:11.653+0000] {processor.py:830} INFO - Processing file /home/airflow/.local/lib/python3.10/site-packages/airflow/example_dags/example_sensor_decorator.py for tasks to queue
[2025-03-06T13:04:11.667+0000] {logging_mixin.py:188} INFO - [2025-03-06T13:04:11.656+0000] {dagbag.py:538} INFO - Filling up the DagBag from /home/airflow/.local/lib/python3.10/site-packages/airflow/example_dags/example_sensor_decorator.py
[2025-03-06T13:04:11.709+0000] {processor.py:840} INFO - DAG(s) 'example_sensor_decorator' retrieved from /home/airflow/.local/lib/python3.10/site-packages/airflow/example_dags/example_sensor_decorator.py
[2025-03-06T13:04:12.009+0000] {logging_mixin.py:188} INFO - [2025-03-06T13:04:12.008+0000] {dag.py:3036} INFO - Sync 1 DAGs
[2025-03-06T13:04:12.123+0000] {logging_mixin.py:188} INFO - [2025-03-06T13:04:12.122+0000] {dag.py:3823} INFO - Setting next_dagrun for example_sensor_decorator to None, run_after=None
[2025-03-06T13:04:13.566+0000] {processor.py:183} INFO - Processing /home/airflow/.local/lib/python3.10/site-packages/airflow/example_dags/example_sensor_decorator.py took 1.944 seconds
[2025-03-06T13:05:32.395+0000] {processor.py:161} INFO - Started process (PID=98) to work on /home/airflow/.local/lib/python3.10/site-packages/airflow/example_dags/example_sensor_decorator.py
[2025-03-06T13:05:32.398+0000] {processor.py:830} INFO - Processing file /home/airflow/.local/lib/python3.10/site-packages/airflow/example_dags/example_sensor_decorator.py for tasks to queue
[2025-03-06T13:05:32.402+0000] {logging_mixin.py:188} INFO - [2025-03-06T13:05:32.400+0000] {dagbag.py:538} INFO - Filling up the DagBag from /home/airflow/.local/lib/python3.10/site-packages/airflow/example_dags/example_sensor_decorator.py
[2025-03-06T13:05:32.427+0000] {processor.py:840} INFO - DAG(s) 'example_sensor_decorator' retrieved from /home/airflow/.local/lib/python3.10/site-packages/airflow/example_dags/example_sensor_decorator.py
[2025-03-06T13:05:32.512+0000] {logging_mixin.py:188} INFO - [2025-03-06T13:05:32.512+0000] {dag.py:3036} INFO - Sync 1 DAGs
[2025-03-06T13:05:32.543+0000] {logging_mixin.py:188} INFO - [2025-03-06T13:05:32.542+0000] {dag.py:3823} INFO - Setting next_dagrun for example_sensor_decorator to None, run_after=None
[2025-03-06T13:05:32.737+0000] {processor.py:183} INFO - Processing /home/airflow/.local/lib/python3.10/site-packages/airflow/example_dags/example_sensor_decorator.py took 0.357 seconds
[2025-03-06T13:07:11.680+0000] {processor.py:161} INFO - Started process (PID=159) to work on /home/airflow/.local/lib/python3.10/site-packages/airflow/example_dags/example_sensor_decorator.py
[2025-03-06T13:07:11.682+0000] {processor.py:830} INFO - Processing file /home/airflow/.local/lib/python3.10/site-packages/airflow/example_dags/example_sensor_decorator.py for tasks to queue
[2025-03-06T13:07:11.686+0000] {logging_mixin.py:188} INFO - [2025-03-06T13:07:11.684+0000] {dagbag.py:538} INFO - Filling up the DagBag from /home/airflow/.local/lib/python3.10/site-packages/airflow/example_dags/example_sensor_decorator.py
[2025-03-06T13:07:11.711+0000] {processor.py:840} INFO - DAG(s) 'example_sensor_decorator' retrieved from /home/airflow/.local/lib/python3.10/site-packages/airflow/example_dags/example_sensor_decorator.py
[2025-03-06T13:07:11.772+0000] {logging_mixin.py:188} INFO - [2025-03-06T13:07:11.771+0000] {dag.py:3036} INFO - Sync 1 DAGs
[2025-03-06T13:07:11.816+0000] {logging_mixin.py:188} INFO - [2025-03-06T13:07:11.816+0000] {dag.py:3823} INFO - Setting next_dagrun for example_sensor_decorator to None, run_after=None
[2025-03-06T13:07:11.992+0000] {processor.py:183} INFO - Processing /home/airflow/.local/lib/python3.10/site-packages/airflow/example_dags/example_sensor_decorator.py took 0.321 seconds
[2025-03-06T13:08:48.640+0000] {processor.py:161} INFO - Started process (PID=220) to work on /home/airflow/.local/lib/python3.10/site-packages/airflow/example_dags/example_sensor_decorator.py
[2025-03-06T13:08:48.643+0000] {processor.py:830} INFO - Processing file /home/airflow/.local/lib/python3.10/site-packages/airflow/example_dags/example_sensor_decorator.py for tasks to queue
[2025-03-06T13:08:48.646+0000] {logging_mixin.py:188} INFO - [2025-03-06T13:08:48.644+0000] {dagbag.py:538} INFO - Filling up the DagBag from /home/airflow/.local/lib/python3.10/site-packages/airflow/example_dags/example_sensor_decorator.py
[2025-03-06T13:08:48.660+0000] {processor.py:840} INFO - DAG(s) 'example_sensor_decorator' retrieved from /home/airflow/.local/lib/python3.10/site-packages/airflow/example_dags/example_sensor_decorator.py
[2025-03-06T13:08:48.728+0000] {logging_mixin.py:188} INFO - [2025-03-06T13:08:48.727+0000] {dag.py:3036} INFO - Sync 1 DAGs
[2025-03-06T13:08:48.766+0000] {logging_mixin.py:188} INFO - [2025-03-06T13:08:48.765+0000] {dag.py:3823} INFO - Setting next_dagrun for example_sensor_decorator to None, run_after=None
[2025-03-06T13:08:48.937+0000] {processor.py:183} INFO - Processing /home/airflow/.local/lib/python3.10/site-packages/airflow/example_dags/example_sensor_decorator.py took 0.302 seconds
[2025-03-06T13:10:19.983+0000] {processor.py:161} INFO - Started process (PID=278) to work on /home/airflow/.local/lib/python3.10/site-packages/airflow/example_dags/example_sensor_decorator.py
[2025-03-06T13:10:19.988+0000] {processor.py:830} INFO - Processing file /home/airflow/.local/lib/python3.10/site-packages/airflow/example_dags/example_sensor_decorator.py for tasks to queue
[2025-03-06T13:10:19.990+0000] {logging_mixin.py:188} INFO - [2025-03-06T13:10:19.989+0000] {dagbag.py:538} INFO - Filling up the DagBag from /home/airflow/.local/lib/python3.10/site-packages/airflow/example_dags/example_sensor_decorator.py
[2025-03-06T13:10:20.005+0000] {processor.py:840} INFO - DAG(s) 'example_sensor_decorator' retrieved from /home/airflow/.local/lib/python3.10/site-packages/airflow/example_dags/example_sensor_decorator.py
[2025-03-06T13:10:20.071+0000] {logging_mixin.py:188} INFO - [2025-03-06T13:10:20.071+0000] {dag.py:3036} INFO - Sync 1 DAGs
[2025-03-06T13:10:20.109+0000] {logging_mixin.py:188} INFO - [2025-03-06T13:10:20.109+0000] {dag.py:3823} INFO - Setting next_dagrun for example_sensor_decorator to None, run_after=None
[2025-03-06T13:10:20.270+0000] {processor.py:183} INFO - Processing /home/airflow/.local/lib/python3.10/site-packages/airflow/example_dags/example_sensor_decorator.py took 0.292 seconds
[2025-03-06T13:11:49.474+0000] {processor.py:161} INFO - Started process (PID=49) to work on /home/airflow/.local/lib/python3.10/site-packages/airflow/example_dags/example_sensor_decorator.py
[2025-03-06T13:11:49.477+0000] {processor.py:830} INFO - Processing file /home/airflow/.local/lib/python3.10/site-packages/airflow/example_dags/example_sensor_decorator.py for tasks to queue
[2025-03-06T13:11:49.480+0000] {logging_mixin.py:188} INFO - [2025-03-06T13:11:49.479+0000] {dagbag.py:538} INFO - Filling up the DagBag from /home/airflow/.local/lib/python3.10/site-packages/airflow/example_dags/example_sensor_decorator.py
[2025-03-06T13:11:49.498+0000] {processor.py:840} INFO - DAG(s) 'example_sensor_decorator' retrieved from /home/airflow/.local/lib/python3.10/site-packages/airflow/example_dags/example_sensor_decorator.py
[2025-03-06T13:11:49.705+0000] {logging_mixin.py:188} INFO - [2025-03-06T13:11:49.704+0000] {dag.py:3036} INFO - Sync 1 DAGs
[2025-03-06T13:11:49.754+0000] {logging_mixin.py:188} INFO - [2025-03-06T13:11:49.754+0000] {dag.py:3823} INFO - Setting next_dagrun for example_sensor_decorator to None, run_after=None
[2025-03-06T13:11:49.897+0000] {processor.py:183} INFO - Processing /home/airflow/.local/lib/python3.10/site-packages/airflow/example_dags/example_sensor_decorator.py took 0.432 seconds
[2025-03-06T13:13:14.882+0000] {processor.py:161} INFO - Started process (PID=98) to work on /home/airflow/.local/lib/python3.10/site-packages/airflow/example_dags/example_sensor_decorator.py
[2025-03-06T13:13:14.884+0000] {processor.py:830} INFO - Processing file /home/airflow/.local/lib/python3.10/site-packages/airflow/example_dags/example_sensor_decorator.py for tasks to queue
[2025-03-06T13:13:14.887+0000] {logging_mixin.py:188} INFO - [2025-03-06T13:13:14.886+0000] {dagbag.py:538} INFO - Filling up the DagBag from /home/airflow/.local/lib/python3.10/site-packages/airflow/example_dags/example_sensor_decorator.py
[2025-03-06T13:13:14.909+0000] {processor.py:840} INFO - DAG(s) 'example_sensor_decorator' retrieved from /home/airflow/.local/lib/python3.10/site-packages/airflow/example_dags/example_sensor_decorator.py
[2025-03-06T13:13:14.972+0000] {logging_mixin.py:188} INFO - [2025-03-06T13:13:14.972+0000] {dag.py:3036} INFO - Sync 1 DAGs
[2025-03-06T13:13:15.028+0000] {logging_mixin.py:188} INFO - [2025-03-06T13:13:15.027+0000] {dag.py:3823} INFO - Setting next_dagrun for example_sensor_decorator to None, run_after=None
[2025-03-06T13:13:15.246+0000] {processor.py:183} INFO - Processing /home/airflow/.local/lib/python3.10/site-packages/airflow/example_dags/example_sensor_decorator.py took 0.369 seconds
[2025-03-06T13:14:50.544+0000] {processor.py:161} INFO - Started process (PID=158) to work on /home/airflow/.local/lib/python3.10/site-packages/airflow/example_dags/example_sensor_decorator.py
[2025-03-06T13:14:50.548+0000] {processor.py:830} INFO - Processing file /home/airflow/.local/lib/python3.10/site-packages/airflow/example_dags/example_sensor_decorator.py for tasks to queue
[2025-03-06T13:14:50.551+0000] {logging_mixin.py:188} INFO - [2025-03-06T13:14:50.550+0000] {dagbag.py:538} INFO - Filling up the DagBag from /home/airflow/.local/lib/python3.10/site-packages/airflow/example_dags/example_sensor_decorator.py
[2025-03-06T13:14:50.574+0000] {processor.py:840} INFO - DAG(s) 'example_sensor_decorator' retrieved from /home/airflow/.local/lib/python3.10/site-packages/airflow/example_dags/example_sensor_decorator.py
[2025-03-06T13:14:50.651+0000] {logging_mixin.py:188} INFO - [2025-03-06T13:14:50.651+0000] {dag.py:3036} INFO - Sync 1 DAGs
[2025-03-06T13:14:50.696+0000] {logging_mixin.py:188} INFO - [2025-03-06T13:14:50.696+0000] {dag.py:3823} INFO - Setting next_dagrun for example_sensor_decorator to None, run_after=None
[2025-03-06T13:14:50.847+0000] {processor.py:183} INFO - Processing /home/airflow/.local/lib/python3.10/site-packages/airflow/example_dags/example_sensor_decorator.py took 0.312 seconds
[2025-03-06T13:16:29.096+0000] {processor.py:161} INFO - Started process (PID=219) to work on /home/airflow/.local/lib/python3.10/site-packages/airflow/example_dags/example_sensor_decorator.py
[2025-03-06T13:16:29.099+0000] {processor.py:830} INFO - Processing file /home/airflow/.local/lib/python3.10/site-packages/airflow/example_dags/example_sensor_decorator.py for tasks to queue
[2025-03-06T13:16:29.102+0000] {logging_mixin.py:188} INFO - [2025-03-06T13:16:29.101+0000] {dagbag.py:538} INFO - Filling up the DagBag from /home/airflow/.local/lib/python3.10/site-packages/airflow/example_dags/example_sensor_decorator.py
[2025-03-06T13:16:29.133+0000] {processor.py:840} INFO - DAG(s) 'example_sensor_decorator' retrieved from /home/airflow/.local/lib/python3.10/site-packages/airflow/example_dags/example_sensor_decorator.py
[2025-03-06T13:16:29.187+0000] {logging_mixin.py:188} INFO - [2025-03-06T13:16:29.187+0000] {dag.py:3036} INFO - Sync 1 DAGs
[2025-03-06T13:16:29.238+0000] {logging_mixin.py:188} INFO - [2025-03-06T13:16:29.237+0000] {dag.py:3823} INFO - Setting next_dagrun for example_sensor_decorator to None, run_after=None
[2025-03-06T13:16:29.395+0000] {processor.py:183} INFO - Processing /home/airflow/.local/lib/python3.10/site-packages/airflow/example_dags/example_sensor_decorator.py took 0.314 seconds
