[2025-03-06T12:54:21.198+0000] {processor.py:161} INFO - Started process (PID=43) to work on /home/airflow/.local/lib/python3.10/site-packages/airflow/example_dags/example_branch_operator.py
[2025-03-06T12:54:21.201+0000] {processor.py:830} INFO - Processing file /home/airflow/.local/lib/python3.10/site-packages/airflow/example_dags/example_branch_operator.py for tasks to queue
[2025-03-06T12:54:21.204+0000] {logging_mixin.py:188} INFO - [2025-03-06T12:54:21.203+0000] {dagbag.py:538} INFO - Filling up the DagBag from /home/airflow/.local/lib/python3.10/site-packages/airflow/example_dags/example_branch_operator.py
[2025-03-06T12:54:21.249+0000] {processor.py:840} INFO - DAG(s) 'example_branch_operator' retrieved from /home/airflow/.local/lib/python3.10/site-packages/airflow/example_dags/example_branch_operator.py
[2025-03-06T12:54:21.661+0000] {logging_mixin.py:188} INFO - [2025-03-06T12:54:21.661+0000] {dag.py:3036} INFO - Sync 1 DAGs
[2025-03-06T12:54:21.710+0000] {logging_mixin.py:188} INFO - [2025-03-06T12:54:21.709+0000] {dag.py:3823} INFO - Setting next_dagrun for example_branch_operator to 2025-03-05 00:00:00+00:00, run_after=2025-03-06 00:00:00+00:00
[2025-03-06T12:54:21.840+0000] {processor.py:183} INFO - Processing /home/airflow/.local/lib/python3.10/site-packages/airflow/example_dags/example_branch_operator.py took 0.651 seconds
[2025-03-06T12:55:46.613+0000] {processor.py:161} INFO - Started process (PID=92) to work on /home/airflow/.local/lib/python3.10/site-packages/airflow/example_dags/example_branch_operator.py
[2025-03-06T12:55:46.615+0000] {processor.py:830} INFO - Processing file /home/airflow/.local/lib/python3.10/site-packages/airflow/example_dags/example_branch_operator.py for tasks to queue
[2025-03-06T12:55:46.617+0000] {logging_mixin.py:188} INFO - [2025-03-06T12:55:46.617+0000] {dagbag.py:538} INFO - Filling up the DagBag from /home/airflow/.local/lib/python3.10/site-packages/airflow/example_dags/example_branch_operator.py
[2025-03-06T12:55:46.649+0000] {processor.py:840} INFO - DAG(s) 'example_branch_operator' retrieved from /home/airflow/.local/lib/python3.10/site-packages/airflow/example_dags/example_branch_operator.py
[2025-03-06T12:55:46.728+0000] {logging_mixin.py:188} INFO - [2025-03-06T12:55:46.727+0000] {dag.py:3036} INFO - Sync 1 DAGs
[2025-03-06T12:55:46.791+0000] {logging_mixin.py:188} INFO - [2025-03-06T12:55:46.790+0000] {dag.py:3823} INFO - Setting next_dagrun for example_branch_operator to 2025-03-05 00:00:00+00:00, run_after=2025-03-06 00:00:00+00:00
[2025-03-06T12:55:46.933+0000] {processor.py:183} INFO - Processing /home/airflow/.local/lib/python3.10/site-packages/airflow/example_dags/example_branch_operator.py took 0.326 seconds
[2025-03-06T12:57:33.032+0000] {processor.py:161} INFO - Started process (PID=153) to work on /home/airflow/.local/lib/python3.10/site-packages/airflow/example_dags/example_branch_operator.py
[2025-03-06T12:57:33.040+0000] {processor.py:830} INFO - Processing file /home/airflow/.local/lib/python3.10/site-packages/airflow/example_dags/example_branch_operator.py for tasks to queue
[2025-03-06T12:57:33.047+0000] {logging_mixin.py:188} INFO - [2025-03-06T12:57:33.045+0000] {dagbag.py:538} INFO - Filling up the DagBag from /home/airflow/.local/lib/python3.10/site-packages/airflow/example_dags/example_branch_operator.py
[2025-03-06T12:57:33.141+0000] {processor.py:840} INFO - DAG(s) 'example_branch_operator' retrieved from /home/airflow/.local/lib/python3.10/site-packages/airflow/example_dags/example_branch_operator.py
[2025-03-06T12:57:33.235+0000] {logging_mixin.py:188} INFO - [2025-03-06T12:57:33.235+0000] {dag.py:3036} INFO - Sync 1 DAGs
[2025-03-06T12:57:33.290+0000] {logging_mixin.py:188} INFO - [2025-03-06T12:57:33.290+0000] {dag.py:3823} INFO - Setting next_dagrun for example_branch_operator to 2025-03-05 00:00:00+00:00, run_after=2025-03-06 00:00:00+00:00
[2025-03-06T12:57:33.549+0000] {processor.py:183} INFO - Processing /home/airflow/.local/lib/python3.10/site-packages/airflow/example_dags/example_branch_operator.py took 0.537 seconds
[2025-03-06T12:58:57.961+0000] {processor.py:161} INFO - Started process (PID=212) to work on /home/airflow/.local/lib/python3.10/site-packages/airflow/example_dags/example_branch_operator.py
[2025-03-06T12:58:57.964+0000] {processor.py:830} INFO - Processing file /home/airflow/.local/lib/python3.10/site-packages/airflow/example_dags/example_branch_operator.py for tasks to queue
[2025-03-06T12:58:57.967+0000] {logging_mixin.py:188} INFO - [2025-03-06T12:58:57.966+0000] {dagbag.py:538} INFO - Filling up the DagBag from /home/airflow/.local/lib/python3.10/site-packages/airflow/example_dags/example_branch_operator.py
[2025-03-06T12:58:58.012+0000] {processor.py:840} INFO - DAG(s) 'example_branch_operator' retrieved from /home/airflow/.local/lib/python3.10/site-packages/airflow/example_dags/example_branch_operator.py
[2025-03-06T12:58:58.081+0000] {logging_mixin.py:188} INFO - [2025-03-06T12:58:58.080+0000] {dag.py:3036} INFO - Sync 1 DAGs
[2025-03-06T12:58:58.140+0000] {logging_mixin.py:188} INFO - [2025-03-06T12:58:58.140+0000] {dag.py:3823} INFO - Setting next_dagrun for example_branch_operator to 2025-03-05 00:00:00+00:00, run_after=2025-03-06 00:00:00+00:00
[2025-03-06T12:58:58.305+0000] {processor.py:183} INFO - Processing /home/airflow/.local/lib/python3.10/site-packages/airflow/example_dags/example_branch_operator.py took 0.353 seconds
[2025-03-06T13:00:18.307+0000] {processor.py:161} INFO - Started process (PID=267) to work on /home/airflow/.local/lib/python3.10/site-packages/airflow/example_dags/example_branch_operator.py
[2025-03-06T13:00:18.309+0000] {processor.py:830} INFO - Processing file /home/airflow/.local/lib/python3.10/site-packages/airflow/example_dags/example_branch_operator.py for tasks to queue
[2025-03-06T13:00:18.311+0000] {logging_mixin.py:188} INFO - [2025-03-06T13:00:18.310+0000] {dagbag.py:538} INFO - Filling up the DagBag from /home/airflow/.local/lib/python3.10/site-packages/airflow/example_dags/example_branch_operator.py
[2025-03-06T13:00:18.341+0000] {processor.py:840} INFO - DAG(s) 'example_branch_operator' retrieved from /home/airflow/.local/lib/python3.10/site-packages/airflow/example_dags/example_branch_operator.py
[2025-03-06T13:00:18.401+0000] {logging_mixin.py:188} INFO - [2025-03-06T13:00:18.401+0000] {dag.py:3036} INFO - Sync 1 DAGs
[2025-03-06T13:00:18.454+0000] {logging_mixin.py:188} INFO - [2025-03-06T13:00:18.453+0000] {dag.py:3823} INFO - Setting next_dagrun for example_branch_operator to 2025-03-05 00:00:00+00:00, run_after=2025-03-06 00:00:00+00:00
[2025-03-06T13:00:18.652+0000] {processor.py:183} INFO - Processing /home/airflow/.local/lib/python3.10/site-packages/airflow/example_dags/example_branch_operator.py took 0.351 seconds
[2025-03-06T13:01:40.764+0000] {processor.py:161} INFO - Started process (PID=323) to work on /home/airflow/.local/lib/python3.10/site-packages/airflow/example_dags/example_branch_operator.py
[2025-03-06T13:01:40.767+0000] {processor.py:830} INFO - Processing file /home/airflow/.local/lib/python3.10/site-packages/airflow/example_dags/example_branch_operator.py for tasks to queue
[2025-03-06T13:01:40.770+0000] {logging_mixin.py:188} INFO - [2025-03-06T13:01:40.769+0000] {dagbag.py:538} INFO - Filling up the DagBag from /home/airflow/.local/lib/python3.10/site-packages/airflow/example_dags/example_branch_operator.py
[2025-03-06T13:01:40.815+0000] {processor.py:840} INFO - DAG(s) 'example_branch_operator' retrieved from /home/airflow/.local/lib/python3.10/site-packages/airflow/example_dags/example_branch_operator.py
[2025-03-06T13:01:40.896+0000] {logging_mixin.py:188} INFO - [2025-03-06T13:01:40.895+0000] {dag.py:3036} INFO - Sync 1 DAGs
[2025-03-06T13:01:40.961+0000] {logging_mixin.py:188} INFO - [2025-03-06T13:01:40.961+0000] {dag.py:3823} INFO - Setting next_dagrun for example_branch_operator to 2025-03-05 00:00:00+00:00, run_after=2025-03-06 00:00:00+00:00
[2025-03-06T13:01:41.121+0000] {processor.py:183} INFO - Processing /home/airflow/.local/lib/python3.10/site-packages/airflow/example_dags/example_branch_operator.py took 0.364 seconds
[2025-03-06T13:04:01.156+0000] {processor.py:161} INFO - Started process (PID=44) to work on /home/airflow/.local/lib/python3.10/site-packages/airflow/example_dags/example_branch_operator.py
[2025-03-06T13:04:01.160+0000] {processor.py:830} INFO - Processing file /home/airflow/.local/lib/python3.10/site-packages/airflow/example_dags/example_branch_operator.py for tasks to queue
[2025-03-06T13:04:01.164+0000] {logging_mixin.py:188} INFO - [2025-03-06T13:04:01.163+0000] {dagbag.py:538} INFO - Filling up the DagBag from /home/airflow/.local/lib/python3.10/site-packages/airflow/example_dags/example_branch_operator.py
[2025-03-06T13:04:01.235+0000] {processor.py:840} INFO - DAG(s) 'example_branch_operator' retrieved from /home/airflow/.local/lib/python3.10/site-packages/airflow/example_dags/example_branch_operator.py
[2025-03-06T13:04:01.896+0000] {logging_mixin.py:188} INFO - [2025-03-06T13:04:01.896+0000] {dag.py:3036} INFO - Sync 1 DAGs
[2025-03-06T13:04:02.089+0000] {logging_mixin.py:188} INFO - [2025-03-06T13:04:02.089+0000] {dag.py:3823} INFO - Setting next_dagrun for example_branch_operator to 2025-03-05 00:00:00+00:00, run_after=2025-03-06 00:00:00+00:00
[2025-03-06T13:04:02.516+0000] {processor.py:183} INFO - Processing /home/airflow/.local/lib/python3.10/site-packages/airflow/example_dags/example_branch_operator.py took 1.376 seconds
[2025-03-06T13:05:23.661+0000] {processor.py:161} INFO - Started process (PID=93) to work on /home/airflow/.local/lib/python3.10/site-packages/airflow/example_dags/example_branch_operator.py
[2025-03-06T13:05:23.663+0000] {processor.py:830} INFO - Processing file /home/airflow/.local/lib/python3.10/site-packages/airflow/example_dags/example_branch_operator.py for tasks to queue
[2025-03-06T13:05:23.667+0000] {logging_mixin.py:188} INFO - [2025-03-06T13:05:23.666+0000] {dagbag.py:538} INFO - Filling up the DagBag from /home/airflow/.local/lib/python3.10/site-packages/airflow/example_dags/example_branch_operator.py
[2025-03-06T13:05:23.724+0000] {processor.py:840} INFO - DAG(s) 'example_branch_operator' retrieved from /home/airflow/.local/lib/python3.10/site-packages/airflow/example_dags/example_branch_operator.py
[2025-03-06T13:05:23.817+0000] {logging_mixin.py:188} INFO - [2025-03-06T13:05:23.816+0000] {dag.py:3036} INFO - Sync 1 DAGs
[2025-03-06T13:05:23.889+0000] {logging_mixin.py:188} INFO - [2025-03-06T13:05:23.888+0000] {dag.py:3823} INFO - Setting next_dagrun for example_branch_operator to 2025-03-05 00:00:00+00:00, run_after=2025-03-06 00:00:00+00:00
[2025-03-06T13:05:24.034+0000] {processor.py:183} INFO - Processing /home/airflow/.local/lib/python3.10/site-packages/airflow/example_dags/example_branch_operator.py took 0.384 seconds
[2025-03-06T13:07:03.052+0000] {processor.py:161} INFO - Started process (PID=154) to work on /home/airflow/.local/lib/python3.10/site-packages/airflow/example_dags/example_branch_operator.py
[2025-03-06T13:07:03.054+0000] {processor.py:830} INFO - Processing file /home/airflow/.local/lib/python3.10/site-packages/airflow/example_dags/example_branch_operator.py for tasks to queue
[2025-03-06T13:07:03.056+0000] {logging_mixin.py:188} INFO - [2025-03-06T13:07:03.055+0000] {dagbag.py:538} INFO - Filling up the DagBag from /home/airflow/.local/lib/python3.10/site-packages/airflow/example_dags/example_branch_operator.py
[2025-03-06T13:07:03.103+0000] {processor.py:840} INFO - DAG(s) 'example_branch_operator' retrieved from /home/airflow/.local/lib/python3.10/site-packages/airflow/example_dags/example_branch_operator.py
[2025-03-06T13:07:03.190+0000] {logging_mixin.py:188} INFO - [2025-03-06T13:07:03.189+0000] {dag.py:3036} INFO - Sync 1 DAGs
[2025-03-06T13:07:03.253+0000] {logging_mixin.py:188} INFO - [2025-03-06T13:07:03.253+0000] {dag.py:3823} INFO - Setting next_dagrun for example_branch_operator to 2025-03-05 00:00:00+00:00, run_after=2025-03-06 00:00:00+00:00
[2025-03-06T13:07:03.399+0000] {processor.py:183} INFO - Processing /home/airflow/.local/lib/python3.10/site-packages/airflow/example_dags/example_branch_operator.py took 0.353 seconds
[2025-03-06T13:08:40.284+0000] {processor.py:161} INFO - Started process (PID=215) to work on /home/airflow/.local/lib/python3.10/site-packages/airflow/example_dags/example_branch_operator.py
[2025-03-06T13:08:40.287+0000] {processor.py:830} INFO - Processing file /home/airflow/.local/lib/python3.10/site-packages/airflow/example_dags/example_branch_operator.py for tasks to queue
[2025-03-06T13:08:40.290+0000] {logging_mixin.py:188} INFO - [2025-03-06T13:08:40.289+0000] {dagbag.py:538} INFO - Filling up the DagBag from /home/airflow/.local/lib/python3.10/site-packages/airflow/example_dags/example_branch_operator.py
[2025-03-06T13:08:40.339+0000] {processor.py:840} INFO - DAG(s) 'example_branch_operator' retrieved from /home/airflow/.local/lib/python3.10/site-packages/airflow/example_dags/example_branch_operator.py
[2025-03-06T13:08:40.429+0000] {logging_mixin.py:188} INFO - [2025-03-06T13:08:40.428+0000] {dag.py:3036} INFO - Sync 1 DAGs
[2025-03-06T13:08:40.496+0000] {logging_mixin.py:188} INFO - [2025-03-06T13:08:40.495+0000] {dag.py:3823} INFO - Setting next_dagrun for example_branch_operator to 2025-03-05 00:00:00+00:00, run_after=2025-03-06 00:00:00+00:00
[2025-03-06T13:08:40.643+0000] {processor.py:183} INFO - Processing /home/airflow/.local/lib/python3.10/site-packages/airflow/example_dags/example_branch_operator.py took 0.367 seconds
[2025-03-06T13:10:11.484+0000] {processor.py:161} INFO - Started process (PID=273) to work on /home/airflow/.local/lib/python3.10/site-packages/airflow/example_dags/example_branch_operator.py
[2025-03-06T13:10:11.489+0000] {processor.py:830} INFO - Processing file /home/airflow/.local/lib/python3.10/site-packages/airflow/example_dags/example_branch_operator.py for tasks to queue
[2025-03-06T13:10:11.492+0000] {logging_mixin.py:188} INFO - [2025-03-06T13:10:11.491+0000] {dagbag.py:538} INFO - Filling up the DagBag from /home/airflow/.local/lib/python3.10/site-packages/airflow/example_dags/example_branch_operator.py
[2025-03-06T13:10:11.538+0000] {processor.py:840} INFO - DAG(s) 'example_branch_operator' retrieved from /home/airflow/.local/lib/python3.10/site-packages/airflow/example_dags/example_branch_operator.py
[2025-03-06T13:10:11.625+0000] {logging_mixin.py:188} INFO - [2025-03-06T13:10:11.625+0000] {dag.py:3036} INFO - Sync 1 DAGs
[2025-03-06T13:10:11.689+0000] {logging_mixin.py:188} INFO - [2025-03-06T13:10:11.686+0000] {dag.py:3823} INFO - Setting next_dagrun for example_branch_operator to 2025-03-05 00:00:00+00:00, run_after=2025-03-06 00:00:00+00:00
[2025-03-06T13:10:11.837+0000] {processor.py:183} INFO - Processing /home/airflow/.local/lib/python3.10/site-packages/airflow/example_dags/example_branch_operator.py took 0.359 seconds
[2025-03-06T13:11:40.187+0000] {processor.py:161} INFO - Started process (PID=44) to work on /home/airflow/.local/lib/python3.10/site-packages/airflow/example_dags/example_branch_operator.py
[2025-03-06T13:11:40.192+0000] {processor.py:830} INFO - Processing file /home/airflow/.local/lib/python3.10/site-packages/airflow/example_dags/example_branch_operator.py for tasks to queue
[2025-03-06T13:11:40.196+0000] {logging_mixin.py:188} INFO - [2025-03-06T13:11:40.195+0000] {dagbag.py:538} INFO - Filling up the DagBag from /home/airflow/.local/lib/python3.10/site-packages/airflow/example_dags/example_branch_operator.py
[2025-03-06T13:11:40.301+0000] {processor.py:840} INFO - DAG(s) 'example_branch_operator' retrieved from /home/airflow/.local/lib/python3.10/site-packages/airflow/example_dags/example_branch_operator.py
[2025-03-06T13:11:40.681+0000] {logging_mixin.py:188} INFO - [2025-03-06T13:11:40.680+0000] {dag.py:3036} INFO - Sync 1 DAGs
[2025-03-06T13:11:40.730+0000] {logging_mixin.py:188} INFO - [2025-03-06T13:11:40.730+0000] {dag.py:3823} INFO - Setting next_dagrun for example_branch_operator to 2025-03-05 00:00:00+00:00, run_after=2025-03-06 00:00:00+00:00
[2025-03-06T13:11:40.874+0000] {processor.py:183} INFO - Processing /home/airflow/.local/lib/python3.10/site-packages/airflow/example_dags/example_branch_operator.py took 0.704 seconds
[2025-03-06T13:13:06.639+0000] {processor.py:161} INFO - Started process (PID=93) to work on /home/airflow/.local/lib/python3.10/site-packages/airflow/example_dags/example_branch_operator.py
[2025-03-06T13:13:06.644+0000] {processor.py:830} INFO - Processing file /home/airflow/.local/lib/python3.10/site-packages/airflow/example_dags/example_branch_operator.py for tasks to queue
[2025-03-06T13:13:06.646+0000] {logging_mixin.py:188} INFO - [2025-03-06T13:13:06.646+0000] {dagbag.py:538} INFO - Filling up the DagBag from /home/airflow/.local/lib/python3.10/site-packages/airflow/example_dags/example_branch_operator.py
[2025-03-06T13:13:06.689+0000] {processor.py:840} INFO - DAG(s) 'example_branch_operator' retrieved from /home/airflow/.local/lib/python3.10/site-packages/airflow/example_dags/example_branch_operator.py
[2025-03-06T13:13:06.783+0000] {logging_mixin.py:188} INFO - [2025-03-06T13:13:06.782+0000] {dag.py:3036} INFO - Sync 1 DAGs
[2025-03-06T13:13:06.875+0000] {logging_mixin.py:188} INFO - [2025-03-06T13:13:06.874+0000] {dag.py:3823} INFO - Setting next_dagrun for example_branch_operator to 2025-03-05 00:00:00+00:00, run_after=2025-03-06 00:00:00+00:00
[2025-03-06T13:13:07.038+0000] {processor.py:183} INFO - Processing /home/airflow/.local/lib/python3.10/site-packages/airflow/example_dags/example_branch_operator.py took 0.404 seconds
[2025-03-06T13:14:41.993+0000] {processor.py:161} INFO - Started process (PID=153) to work on /home/airflow/.local/lib/python3.10/site-packages/airflow/example_dags/example_branch_operator.py
[2025-03-06T13:14:42.000+0000] {processor.py:830} INFO - Processing file /home/airflow/.local/lib/python3.10/site-packages/airflow/example_dags/example_branch_operator.py for tasks to queue
[2025-03-06T13:14:42.003+0000] {logging_mixin.py:188} INFO - [2025-03-06T13:14:42.002+0000] {dagbag.py:538} INFO - Filling up the DagBag from /home/airflow/.local/lib/python3.10/site-packages/airflow/example_dags/example_branch_operator.py
[2025-03-06T13:14:42.058+0000] {processor.py:840} INFO - DAG(s) 'example_branch_operator' retrieved from /home/airflow/.local/lib/python3.10/site-packages/airflow/example_dags/example_branch_operator.py
[2025-03-06T13:14:42.159+0000] {logging_mixin.py:188} INFO - [2025-03-06T13:14:42.158+0000] {dag.py:3036} INFO - Sync 1 DAGs
[2025-03-06T13:14:42.231+0000] {logging_mixin.py:188} INFO - [2025-03-06T13:14:42.230+0000] {dag.py:3823} INFO - Setting next_dagrun for example_branch_operator to 2025-03-05 00:00:00+00:00, run_after=2025-03-06 00:00:00+00:00
[2025-03-06T13:14:42.383+0000] {processor.py:183} INFO - Processing /home/airflow/.local/lib/python3.10/site-packages/airflow/example_dags/example_branch_operator.py took 0.396 seconds
[2025-03-06T13:15:35.616+0000] {processor.py:161} INFO - Started process (PID=187) to work on /home/airflow/.local/lib/python3.10/site-packages/airflow/example_dags/example_branch_operator.py
[2025-03-06T13:15:35.618+0000] {processor.py:830} INFO - Processing file /home/airflow/.local/lib/python3.10/site-packages/airflow/example_dags/example_branch_operator.py for tasks to queue
[2025-03-06T13:15:35.619+0000] {logging_mixin.py:188} INFO - [2025-03-06T13:15:35.619+0000] {dagbag.py:538} INFO - Filling up the DagBag from /home/airflow/.local/lib/python3.10/site-packages/airflow/example_dags/example_branch_operator.py
[2025-03-06T13:15:35.649+0000] {processor.py:840} INFO - DAG(s) 'example_branch_operator' retrieved from /home/airflow/.local/lib/python3.10/site-packages/airflow/example_dags/example_branch_operator.py
[2025-03-06T13:15:35.713+0000] {logging_mixin.py:188} INFO - [2025-03-06T13:15:35.713+0000] {dag.py:3036} INFO - Sync 1 DAGs
[2025-03-06T13:15:35.765+0000] {logging_mixin.py:188} INFO - [2025-03-06T13:15:35.764+0000] {dag.py:3823} INFO - Setting next_dagrun for example_branch_operator to 2025-03-05 00:00:00+00:00, run_after=2025-03-06 00:00:00+00:00
[2025-03-06T13:15:35.925+0000] {processor.py:183} INFO - Processing /home/airflow/.local/lib/python3.10/site-packages/airflow/example_dags/example_branch_operator.py took 0.314 seconds
[2025-03-06T13:17:18.098+0000] {processor.py:161} INFO - Started process (PID=248) to work on /home/airflow/.local/lib/python3.10/site-packages/airflow/example_dags/example_branch_operator.py
[2025-03-06T13:17:18.102+0000] {processor.py:830} INFO - Processing file /home/airflow/.local/lib/python3.10/site-packages/airflow/example_dags/example_branch_operator.py for tasks to queue
[2025-03-06T13:17:18.110+0000] {logging_mixin.py:188} INFO - [2025-03-06T13:17:18.109+0000] {dagbag.py:538} INFO - Filling up the DagBag from /home/airflow/.local/lib/python3.10/site-packages/airflow/example_dags/example_branch_operator.py
[2025-03-06T13:17:18.179+0000] {processor.py:840} INFO - DAG(s) 'example_branch_operator' retrieved from /home/airflow/.local/lib/python3.10/site-packages/airflow/example_dags/example_branch_operator.py
[2025-03-06T13:17:18.454+0000] {logging_mixin.py:188} INFO - [2025-03-06T13:17:18.453+0000] {dag.py:3036} INFO - Sync 1 DAGs
[2025-03-06T13:17:18.669+0000] {logging_mixin.py:188} INFO - [2025-03-06T13:17:18.669+0000] {dag.py:3823} INFO - Setting next_dagrun for example_branch_operator to 2025-03-05 00:00:00+00:00, run_after=2025-03-06 00:00:00+00:00
[2025-03-06T13:17:19.215+0000] {processor.py:183} INFO - Processing /home/airflow/.local/lib/python3.10/site-packages/airflow/example_dags/example_branch_operator.py took 1.129 seconds
[2025-03-06T13:18:20.988+0000] {processor.py:161} INFO - Started process (PID=281) to work on /home/airflow/.local/lib/python3.10/site-packages/airflow/example_dags/example_branch_operator.py
[2025-03-06T13:18:20.991+0000] {processor.py:830} INFO - Processing file /home/airflow/.local/lib/python3.10/site-packages/airflow/example_dags/example_branch_operator.py for tasks to queue
[2025-03-06T13:18:20.995+0000] {logging_mixin.py:188} INFO - [2025-03-06T13:18:20.993+0000] {dagbag.py:538} INFO - Filling up the DagBag from /home/airflow/.local/lib/python3.10/site-packages/airflow/example_dags/example_branch_operator.py
[2025-03-06T13:18:21.044+0000] {processor.py:840} INFO - DAG(s) 'example_branch_operator' retrieved from /home/airflow/.local/lib/python3.10/site-packages/airflow/example_dags/example_branch_operator.py
[2025-03-06T13:18:21.125+0000] {logging_mixin.py:188} INFO - [2025-03-06T13:18:21.125+0000] {dag.py:3036} INFO - Sync 1 DAGs
[2025-03-06T13:18:21.194+0000] {logging_mixin.py:188} INFO - [2025-03-06T13:18:21.194+0000] {dag.py:3823} INFO - Setting next_dagrun for example_branch_operator to 2025-03-05 00:00:00+00:00, run_after=2025-03-06 00:00:00+00:00
[2025-03-06T13:18:21.327+0000] {processor.py:183} INFO - Processing /home/airflow/.local/lib/python3.10/site-packages/airflow/example_dags/example_branch_operator.py took 0.347 seconds
