[2025-03-06T12:54:50.344+0000] {processor.py:161} INFO - Started process (PID=59) to work on /home/airflow/.local/lib/python3.10/site-packages/airflow/example_dags/example_branch_python_dop_operator_3.py
[2025-03-06T12:54:50.346+0000] {processor.py:830} INFO - Processing file /home/airflow/.local/lib/python3.10/site-packages/airflow/example_dags/example_branch_python_dop_operator_3.py for tasks to queue
[2025-03-06T12:54:50.349+0000] {logging_mixin.py:188} INFO - [2025-03-06T12:54:50.348+0000] {dagbag.py:538} INFO - Filling up the DagBag from /home/airflow/.local/lib/python3.10/site-packages/airflow/example_dags/example_branch_python_dop_operator_3.py
[2025-03-06T12:54:50.372+0000] {processor.py:840} INFO - DAG(s) 'example_branch_dop_operator_v3' retrieved from /home/airflow/.local/lib/python3.10/site-packages/airflow/example_dags/example_branch_python_dop_operator_3.py
[2025-03-06T12:54:50.731+0000] {logging_mixin.py:188} INFO - [2025-03-06T12:54:50.730+0000] {dag.py:3036} INFO - Sync 1 DAGs
[2025-03-06T12:54:50.835+0000] {logging_mixin.py:188} INFO - [2025-03-06T12:54:50.834+0000] {dag.py:3823} INFO - Setting next_dagrun for example_branch_dop_operator_v3 to 2025-03-06 12:53:00+00:00, run_after=2025-03-06 12:54:00+00:00
[2025-03-06T12:54:51.018+0000] {processor.py:183} INFO - Processing /home/airflow/.local/lib/python3.10/site-packages/airflow/example_dags/example_branch_python_dop_operator_3.py took 0.681 seconds
[2025-03-06T12:56:40.132+0000] {processor.py:161} INFO - Started process (PID=122) to work on /home/airflow/.local/lib/python3.10/site-packages/airflow/example_dags/example_branch_python_dop_operator_3.py
[2025-03-06T12:56:40.134+0000] {processor.py:830} INFO - Processing file /home/airflow/.local/lib/python3.10/site-packages/airflow/example_dags/example_branch_python_dop_operator_3.py for tasks to queue
[2025-03-06T12:56:40.137+0000] {logging_mixin.py:188} INFO - [2025-03-06T12:56:40.136+0000] {dagbag.py:538} INFO - Filling up the DagBag from /home/airflow/.local/lib/python3.10/site-packages/airflow/example_dags/example_branch_python_dop_operator_3.py
[2025-03-06T12:56:40.156+0000] {processor.py:840} INFO - DAG(s) 'example_branch_dop_operator_v3' retrieved from /home/airflow/.local/lib/python3.10/site-packages/airflow/example_dags/example_branch_python_dop_operator_3.py
[2025-03-06T12:56:40.242+0000] {logging_mixin.py:188} INFO - [2025-03-06T12:56:40.242+0000] {dag.py:3036} INFO - Sync 1 DAGs
[2025-03-06T12:56:40.378+0000] {logging_mixin.py:188} INFO - [2025-03-06T12:56:40.378+0000] {dag.py:3823} INFO - Setting next_dagrun for example_branch_dop_operator_v3 to 2025-03-06 12:55:00+00:00, run_after=2025-03-06 12:56:00+00:00
[2025-03-06T12:56:40.631+0000] {processor.py:183} INFO - Processing /home/airflow/.local/lib/python3.10/site-packages/airflow/example_dags/example_branch_python_dop_operator_3.py took 0.506 seconds
[2025-03-06T12:58:17.022+0000] {processor.py:161} INFO - Started process (PID=182) to work on /home/airflow/.local/lib/python3.10/site-packages/airflow/example_dags/example_branch_python_dop_operator_3.py
[2025-03-06T12:58:17.025+0000] {processor.py:830} INFO - Processing file /home/airflow/.local/lib/python3.10/site-packages/airflow/example_dags/example_branch_python_dop_operator_3.py for tasks to queue
[2025-03-06T12:58:17.030+0000] {logging_mixin.py:188} INFO - [2025-03-06T12:58:17.030+0000] {dagbag.py:538} INFO - Filling up the DagBag from /home/airflow/.local/lib/python3.10/site-packages/airflow/example_dags/example_branch_python_dop_operator_3.py
[2025-03-06T12:58:17.057+0000] {processor.py:840} INFO - DAG(s) 'example_branch_dop_operator_v3' retrieved from /home/airflow/.local/lib/python3.10/site-packages/airflow/example_dags/example_branch_python_dop_operator_3.py
[2025-03-06T12:58:17.124+0000] {logging_mixin.py:188} INFO - [2025-03-06T12:58:17.124+0000] {dag.py:3036} INFO - Sync 1 DAGs
[2025-03-06T12:58:17.211+0000] {logging_mixin.py:188} INFO - [2025-03-06T12:58:17.210+0000] {dag.py:3823} INFO - Setting next_dagrun for example_branch_dop_operator_v3 to 2025-03-06 12:57:00+00:00, run_after=2025-03-06 12:58:00+00:00
[2025-03-06T12:58:17.370+0000] {processor.py:183} INFO - Processing /home/airflow/.local/lib/python3.10/site-packages/airflow/example_dags/example_branch_python_dop_operator_3.py took 0.356 seconds
[2025-03-06T12:59:36.681+0000] {processor.py:161} INFO - Started process (PID=238) to work on /home/airflow/.local/lib/python3.10/site-packages/airflow/example_dags/example_branch_python_dop_operator_3.py
[2025-03-06T12:59:36.683+0000] {processor.py:830} INFO - Processing file /home/airflow/.local/lib/python3.10/site-packages/airflow/example_dags/example_branch_python_dop_operator_3.py for tasks to queue
[2025-03-06T12:59:36.685+0000] {logging_mixin.py:188} INFO - [2025-03-06T12:59:36.684+0000] {dagbag.py:538} INFO - Filling up the DagBag from /home/airflow/.local/lib/python3.10/site-packages/airflow/example_dags/example_branch_python_dop_operator_3.py
[2025-03-06T12:59:36.701+0000] {processor.py:840} INFO - DAG(s) 'example_branch_dop_operator_v3' retrieved from /home/airflow/.local/lib/python3.10/site-packages/airflow/example_dags/example_branch_python_dop_operator_3.py
[2025-03-06T12:59:36.748+0000] {logging_mixin.py:188} INFO - [2025-03-06T12:59:36.748+0000] {dag.py:3036} INFO - Sync 1 DAGs
[2025-03-06T12:59:36.814+0000] {logging_mixin.py:188} INFO - [2025-03-06T12:59:36.814+0000] {dag.py:3823} INFO - Setting next_dagrun for example_branch_dop_operator_v3 to 2025-03-06 12:58:00+00:00, run_after=2025-03-06 12:59:00+00:00
[2025-03-06T12:59:36.948+0000] {processor.py:183} INFO - Processing /home/airflow/.local/lib/python3.10/site-packages/airflow/example_dags/example_branch_python_dop_operator_3.py took 0.274 seconds
[2025-03-06T13:00:59.512+0000] {processor.py:161} INFO - Started process (PID=295) to work on /home/airflow/.local/lib/python3.10/site-packages/airflow/example_dags/example_branch_python_dop_operator_3.py
[2025-03-06T13:00:59.515+0000] {processor.py:830} INFO - Processing file /home/airflow/.local/lib/python3.10/site-packages/airflow/example_dags/example_branch_python_dop_operator_3.py for tasks to queue
[2025-03-06T13:00:59.517+0000] {logging_mixin.py:188} INFO - [2025-03-06T13:00:59.516+0000] {dagbag.py:538} INFO - Filling up the DagBag from /home/airflow/.local/lib/python3.10/site-packages/airflow/example_dags/example_branch_python_dop_operator_3.py
[2025-03-06T13:00:59.540+0000] {processor.py:840} INFO - DAG(s) 'example_branch_dop_operator_v3' retrieved from /home/airflow/.local/lib/python3.10/site-packages/airflow/example_dags/example_branch_python_dop_operator_3.py
[2025-03-06T13:00:59.590+0000] {logging_mixin.py:188} INFO - [2025-03-06T13:00:59.590+0000] {dag.py:3036} INFO - Sync 1 DAGs
[2025-03-06T13:00:59.646+0000] {logging_mixin.py:188} INFO - [2025-03-06T13:00:59.646+0000] {dag.py:3823} INFO - Setting next_dagrun for example_branch_dop_operator_v3 to 2025-03-06 12:59:00+00:00, run_after=2025-03-06 13:00:00+00:00
[2025-03-06T13:00:59.791+0000] {processor.py:183} INFO - Processing /home/airflow/.local/lib/python3.10/site-packages/airflow/example_dags/example_branch_python_dop_operator_3.py took 0.285 seconds
[2025-03-06T13:04:31.294+0000] {processor.py:161} INFO - Started process (PID=60) to work on /home/airflow/.local/lib/python3.10/site-packages/airflow/example_dags/example_branch_python_dop_operator_3.py
[2025-03-06T13:04:31.296+0000] {processor.py:830} INFO - Processing file /home/airflow/.local/lib/python3.10/site-packages/airflow/example_dags/example_branch_python_dop_operator_3.py for tasks to queue
[2025-03-06T13:04:31.298+0000] {logging_mixin.py:188} INFO - [2025-03-06T13:04:31.298+0000] {dagbag.py:538} INFO - Filling up the DagBag from /home/airflow/.local/lib/python3.10/site-packages/airflow/example_dags/example_branch_python_dop_operator_3.py
[2025-03-06T13:04:31.323+0000] {processor.py:840} INFO - DAG(s) 'example_branch_dop_operator_v3' retrieved from /home/airflow/.local/lib/python3.10/site-packages/airflow/example_dags/example_branch_python_dop_operator_3.py
[2025-03-06T13:04:31.385+0000] {logging_mixin.py:188} INFO - [2025-03-06T13:04:31.385+0000] {dag.py:3036} INFO - Sync 1 DAGs
[2025-03-06T13:04:31.466+0000] {logging_mixin.py:188} INFO - [2025-03-06T13:04:31.466+0000] {dag.py:3823} INFO - Setting next_dagrun for example_branch_dop_operator_v3 to 2025-03-06 13:03:00+00:00, run_after=2025-03-06 13:04:00+00:00
[2025-03-06T13:04:31.637+0000] {processor.py:183} INFO - Processing /home/airflow/.local/lib/python3.10/site-packages/airflow/example_dags/example_branch_python_dop_operator_3.py took 0.351 seconds
[2025-03-06T13:06:09.978+0000] {processor.py:161} INFO - Started process (PID=121) to work on /home/airflow/.local/lib/python3.10/site-packages/airflow/example_dags/example_branch_python_dop_operator_3.py
[2025-03-06T13:06:09.980+0000] {processor.py:830} INFO - Processing file /home/airflow/.local/lib/python3.10/site-packages/airflow/example_dags/example_branch_python_dop_operator_3.py for tasks to queue
[2025-03-06T13:06:09.982+0000] {logging_mixin.py:188} INFO - [2025-03-06T13:06:09.982+0000] {dagbag.py:538} INFO - Filling up the DagBag from /home/airflow/.local/lib/python3.10/site-packages/airflow/example_dags/example_branch_python_dop_operator_3.py
[2025-03-06T13:06:10.006+0000] {processor.py:840} INFO - DAG(s) 'example_branch_dop_operator_v3' retrieved from /home/airflow/.local/lib/python3.10/site-packages/airflow/example_dags/example_branch_python_dop_operator_3.py
[2025-03-06T13:06:10.052+0000] {logging_mixin.py:188} INFO - [2025-03-06T13:06:10.052+0000] {dag.py:3036} INFO - Sync 1 DAGs
[2025-03-06T13:06:10.104+0000] {logging_mixin.py:188} INFO - [2025-03-06T13:06:10.103+0000] {dag.py:3823} INFO - Setting next_dagrun for example_branch_dop_operator_v3 to 2025-03-06 13:05:00+00:00, run_after=2025-03-06 13:06:00+00:00
[2025-03-06T13:06:10.234+0000] {processor.py:183} INFO - Processing /home/airflow/.local/lib/python3.10/site-packages/airflow/example_dags/example_branch_python_dop_operator_3.py took 0.261 seconds
[2025-03-06T13:07:56.772+0000] {processor.py:161} INFO - Started process (PID=185) to work on /home/airflow/.local/lib/python3.10/site-packages/airflow/example_dags/example_branch_python_dop_operator_3.py
[2025-03-06T13:07:56.774+0000] {processor.py:830} INFO - Processing file /home/airflow/.local/lib/python3.10/site-packages/airflow/example_dags/example_branch_python_dop_operator_3.py for tasks to queue
[2025-03-06T13:07:56.777+0000] {logging_mixin.py:188} INFO - [2025-03-06T13:07:56.776+0000] {dagbag.py:538} INFO - Filling up the DagBag from /home/airflow/.local/lib/python3.10/site-packages/airflow/example_dags/example_branch_python_dop_operator_3.py
[2025-03-06T13:07:56.797+0000] {processor.py:840} INFO - DAG(s) 'example_branch_dop_operator_v3' retrieved from /home/airflow/.local/lib/python3.10/site-packages/airflow/example_dags/example_branch_python_dop_operator_3.py
[2025-03-06T13:07:56.844+0000] {logging_mixin.py:188} INFO - [2025-03-06T13:07:56.843+0000] {dag.py:3036} INFO - Sync 1 DAGs
[2025-03-06T13:07:56.913+0000] {logging_mixin.py:188} INFO - [2025-03-06T13:07:56.913+0000] {dag.py:3823} INFO - Setting next_dagrun for example_branch_dop_operator_v3 to 2025-03-06 13:06:00+00:00, run_after=2025-03-06 13:07:00+00:00
[2025-03-06T13:07:57.039+0000] {processor.py:183} INFO - Processing /home/airflow/.local/lib/python3.10/site-packages/airflow/example_dags/example_branch_python_dop_operator_3.py took 0.275 seconds
[2025-03-06T13:09:25.870+0000] {processor.py:161} INFO - Started process (PID=243) to work on /home/airflow/.local/lib/python3.10/site-packages/airflow/example_dags/example_branch_python_dop_operator_3.py
[2025-03-06T13:09:25.873+0000] {processor.py:830} INFO - Processing file /home/airflow/.local/lib/python3.10/site-packages/airflow/example_dags/example_branch_python_dop_operator_3.py for tasks to queue
[2025-03-06T13:09:25.876+0000] {logging_mixin.py:188} INFO - [2025-03-06T13:09:25.875+0000] {dagbag.py:538} INFO - Filling up the DagBag from /home/airflow/.local/lib/python3.10/site-packages/airflow/example_dags/example_branch_python_dop_operator_3.py
[2025-03-06T13:09:25.897+0000] {processor.py:840} INFO - DAG(s) 'example_branch_dop_operator_v3' retrieved from /home/airflow/.local/lib/python3.10/site-packages/airflow/example_dags/example_branch_python_dop_operator_3.py
[2025-03-06T13:09:25.945+0000] {logging_mixin.py:188} INFO - [2025-03-06T13:09:25.944+0000] {dag.py:3036} INFO - Sync 1 DAGs
[2025-03-06T13:09:26.001+0000] {logging_mixin.py:188} INFO - [2025-03-06T13:09:26.001+0000] {dag.py:3823} INFO - Setting next_dagrun for example_branch_dop_operator_v3 to 2025-03-06 13:08:00+00:00, run_after=2025-03-06 13:09:00+00:00
[2025-03-06T13:09:26.130+0000] {processor.py:183} INFO - Processing /home/airflow/.local/lib/python3.10/site-packages/airflow/example_dags/example_branch_python_dop_operator_3.py took 0.268 seconds
[2025-03-06T13:12:07.114+0000] {processor.py:161} INFO - Started process (PID=60) to work on /home/airflow/.local/lib/python3.10/site-packages/airflow/example_dags/example_branch_python_dop_operator_3.py
[2025-03-06T13:12:07.118+0000] {processor.py:830} INFO - Processing file /home/airflow/.local/lib/python3.10/site-packages/airflow/example_dags/example_branch_python_dop_operator_3.py for tasks to queue
[2025-03-06T13:12:07.121+0000] {logging_mixin.py:188} INFO - [2025-03-06T13:12:07.120+0000] {dagbag.py:538} INFO - Filling up the DagBag from /home/airflow/.local/lib/python3.10/site-packages/airflow/example_dags/example_branch_python_dop_operator_3.py
[2025-03-06T13:12:07.156+0000] {processor.py:840} INFO - DAG(s) 'example_branch_dop_operator_v3' retrieved from /home/airflow/.local/lib/python3.10/site-packages/airflow/example_dags/example_branch_python_dop_operator_3.py
[2025-03-06T13:12:07.246+0000] {logging_mixin.py:188} INFO - [2025-03-06T13:12:07.245+0000] {dag.py:3036} INFO - Sync 1 DAGs
[2025-03-06T13:12:07.362+0000] {logging_mixin.py:188} INFO - [2025-03-06T13:12:07.362+0000] {dag.py:3823} INFO - Setting next_dagrun for example_branch_dop_operator_v3 to 2025-03-06 13:11:00+00:00, run_after=2025-03-06 13:12:00+00:00
[2025-03-06T13:12:07.516+0000] {processor.py:183} INFO - Processing /home/airflow/.local/lib/python3.10/site-packages/airflow/example_dags/example_branch_python_dop_operator_3.py took 0.411 seconds
[2025-03-06T13:13:32.304+0000] {processor.py:161} INFO - Started process (PID=109) to work on /home/airflow/.local/lib/python3.10/site-packages/airflow/example_dags/example_branch_python_dop_operator_3.py
[2025-03-06T13:13:32.306+0000] {processor.py:830} INFO - Processing file /home/airflow/.local/lib/python3.10/site-packages/airflow/example_dags/example_branch_python_dop_operator_3.py for tasks to queue
[2025-03-06T13:13:32.309+0000] {logging_mixin.py:188} INFO - [2025-03-06T13:13:32.308+0000] {dagbag.py:538} INFO - Filling up the DagBag from /home/airflow/.local/lib/python3.10/site-packages/airflow/example_dags/example_branch_python_dop_operator_3.py
[2025-03-06T13:13:32.337+0000] {processor.py:840} INFO - DAG(s) 'example_branch_dop_operator_v3' retrieved from /home/airflow/.local/lib/python3.10/site-packages/airflow/example_dags/example_branch_python_dop_operator_3.py
[2025-03-06T13:13:32.398+0000] {logging_mixin.py:188} INFO - [2025-03-06T13:13:32.397+0000] {dag.py:3036} INFO - Sync 1 DAGs
[2025-03-06T13:13:32.478+0000] {logging_mixin.py:188} INFO - [2025-03-06T13:13:32.477+0000] {dag.py:3823} INFO - Setting next_dagrun for example_branch_dop_operator_v3 to 2025-03-06 13:12:00+00:00, run_after=2025-03-06 13:13:00+00:00
[2025-03-06T13:13:32.639+0000] {processor.py:183} INFO - Processing /home/airflow/.local/lib/python3.10/site-packages/airflow/example_dags/example_branch_python_dop_operator_3.py took 0.344 seconds
[2025-03-06T13:15:09.825+0000] {processor.py:161} INFO - Started process (PID=169) to work on /home/airflow/.local/lib/python3.10/site-packages/airflow/example_dags/example_branch_python_dop_operator_3.py
[2025-03-06T13:15:09.828+0000] {processor.py:830} INFO - Processing file /home/airflow/.local/lib/python3.10/site-packages/airflow/example_dags/example_branch_python_dop_operator_3.py for tasks to queue
[2025-03-06T13:15:09.830+0000] {logging_mixin.py:188} INFO - [2025-03-06T13:15:09.829+0000] {dagbag.py:538} INFO - Filling up the DagBag from /home/airflow/.local/lib/python3.10/site-packages/airflow/example_dags/example_branch_python_dop_operator_3.py
[2025-03-06T13:15:09.853+0000] {processor.py:840} INFO - DAG(s) 'example_branch_dop_operator_v3' retrieved from /home/airflow/.local/lib/python3.10/site-packages/airflow/example_dags/example_branch_python_dop_operator_3.py
[2025-03-06T13:15:09.919+0000] {logging_mixin.py:188} INFO - [2025-03-06T13:15:09.918+0000] {dag.py:3036} INFO - Sync 1 DAGs
[2025-03-06T13:15:10.004+0000] {logging_mixin.py:188} INFO - [2025-03-06T13:15:10.004+0000] {dag.py:3823} INFO - Setting next_dagrun for example_branch_dop_operator_v3 to 2025-03-06 13:14:00+00:00, run_after=2025-03-06 13:15:00+00:00
[2025-03-06T13:15:10.156+0000] {processor.py:183} INFO - Processing /home/airflow/.local/lib/python3.10/site-packages/airflow/example_dags/example_branch_python_dop_operator_3.py took 0.337 seconds
[2025-03-06T13:16:48.616+0000] {processor.py:161} INFO - Started process (PID=230) to work on /home/airflow/.local/lib/python3.10/site-packages/airflow/example_dags/example_branch_python_dop_operator_3.py
[2025-03-06T13:16:48.619+0000] {processor.py:830} INFO - Processing file /home/airflow/.local/lib/python3.10/site-packages/airflow/example_dags/example_branch_python_dop_operator_3.py for tasks to queue
[2025-03-06T13:16:48.621+0000] {logging_mixin.py:188} INFO - [2025-03-06T13:16:48.620+0000] {dagbag.py:538} INFO - Filling up the DagBag from /home/airflow/.local/lib/python3.10/site-packages/airflow/example_dags/example_branch_python_dop_operator_3.py
[2025-03-06T13:16:48.644+0000] {processor.py:840} INFO - DAG(s) 'example_branch_dop_operator_v3' retrieved from /home/airflow/.local/lib/python3.10/site-packages/airflow/example_dags/example_branch_python_dop_operator_3.py
[2025-03-06T13:16:48.709+0000] {logging_mixin.py:188} INFO - [2025-03-06T13:16:48.708+0000] {dag.py:3036} INFO - Sync 1 DAGs
[2025-03-06T13:16:48.818+0000] {logging_mixin.py:188} INFO - [2025-03-06T13:16:48.817+0000] {dag.py:3823} INFO - Setting next_dagrun for example_branch_dop_operator_v3 to 2025-03-06 13:15:00+00:00, run_after=2025-03-06 13:16:00+00:00
[2025-03-06T13:16:49.006+0000] {processor.py:183} INFO - Processing /home/airflow/.local/lib/python3.10/site-packages/airflow/example_dags/example_branch_python_dop_operator_3.py took 0.397 seconds
