[2025-03-06T12:54:49.505+0000] {processor.py:161} INFO - Started process (PID=58) to work on /home/airflow/.local/lib/python3.10/site-packages/airflow/example_dags/example_trigger_target_dag.py
[2025-03-06T12:54:49.508+0000] {processor.py:830} INFO - Processing file /home/airflow/.local/lib/python3.10/site-packages/airflow/example_dags/example_trigger_target_dag.py for tasks to queue
[2025-03-06T12:54:49.511+0000] {logging_mixin.py:188} INFO - [2025-03-06T12:54:49.511+0000] {dagbag.py:538} INFO - Filling up the DagBag from /home/airflow/.local/lib/python3.10/site-packages/airflow/example_dags/example_trigger_target_dag.py
[2025-03-06T12:54:49.526+0000] {processor.py:840} INFO - DAG(s) 'example_trigger_target_dag' retrieved from /home/airflow/.local/lib/python3.10/site-packages/airflow/example_dags/example_trigger_target_dag.py
[2025-03-06T12:54:49.767+0000] {logging_mixin.py:188} INFO - [2025-03-06T12:54:49.767+0000] {dag.py:3036} INFO - Sync 1 DAGs
[2025-03-06T12:54:49.792+0000] {logging_mixin.py:188} INFO - [2025-03-06T12:54:49.792+0000] {dag.py:3823} INFO - Setting next_dagrun for example_trigger_target_dag to None, run_after=None
[2025-03-06T12:54:49.923+0000] {processor.py:183} INFO - Processing /home/airflow/.local/lib/python3.10/site-packages/airflow/example_dags/example_trigger_target_dag.py took 0.424 seconds
[2025-03-06T12:56:38.421+0000] {processor.py:161} INFO - Started process (PID=121) to work on /home/airflow/.local/lib/python3.10/site-packages/airflow/example_dags/example_trigger_target_dag.py
[2025-03-06T12:56:38.423+0000] {processor.py:830} INFO - Processing file /home/airflow/.local/lib/python3.10/site-packages/airflow/example_dags/example_trigger_target_dag.py for tasks to queue
[2025-03-06T12:56:38.425+0000] {logging_mixin.py:188} INFO - [2025-03-06T12:56:38.425+0000] {dagbag.py:538} INFO - Filling up the DagBag from /home/airflow/.local/lib/python3.10/site-packages/airflow/example_dags/example_trigger_target_dag.py
[2025-03-06T12:56:38.438+0000] {processor.py:840} INFO - DAG(s) 'example_trigger_target_dag' retrieved from /home/airflow/.local/lib/python3.10/site-packages/airflow/example_dags/example_trigger_target_dag.py
[2025-03-06T12:56:38.484+0000] {logging_mixin.py:188} INFO - [2025-03-06T12:56:38.484+0000] {dag.py:3036} INFO - Sync 1 DAGs
[2025-03-06T12:56:38.515+0000] {logging_mixin.py:188} INFO - [2025-03-06T12:56:38.514+0000] {dag.py:3823} INFO - Setting next_dagrun for example_trigger_target_dag to None, run_after=None
[2025-03-06T12:56:38.718+0000] {processor.py:183} INFO - Processing /home/airflow/.local/lib/python3.10/site-packages/airflow/example_dags/example_trigger_target_dag.py took 0.301 seconds
[2025-03-06T12:58:15.523+0000] {processor.py:161} INFO - Started process (PID=181) to work on /home/airflow/.local/lib/python3.10/site-packages/airflow/example_dags/example_trigger_target_dag.py
[2025-03-06T12:58:15.525+0000] {processor.py:830} INFO - Processing file /home/airflow/.local/lib/python3.10/site-packages/airflow/example_dags/example_trigger_target_dag.py for tasks to queue
[2025-03-06T12:58:15.527+0000] {logging_mixin.py:188} INFO - [2025-03-06T12:58:15.527+0000] {dagbag.py:538} INFO - Filling up the DagBag from /home/airflow/.local/lib/python3.10/site-packages/airflow/example_dags/example_trigger_target_dag.py
[2025-03-06T12:58:15.540+0000] {processor.py:840} INFO - DAG(s) 'example_trigger_target_dag' retrieved from /home/airflow/.local/lib/python3.10/site-packages/airflow/example_dags/example_trigger_target_dag.py
[2025-03-06T12:58:15.591+0000] {logging_mixin.py:188} INFO - [2025-03-06T12:58:15.590+0000] {dag.py:3036} INFO - Sync 1 DAGs
[2025-03-06T12:58:15.620+0000] {logging_mixin.py:188} INFO - [2025-03-06T12:58:15.620+0000] {dag.py:3823} INFO - Setting next_dagrun for example_trigger_target_dag to None, run_after=None
[2025-03-06T12:58:15.754+0000] {processor.py:183} INFO - Processing /home/airflow/.local/lib/python3.10/site-packages/airflow/example_dags/example_trigger_target_dag.py took 0.238 seconds
[2025-03-06T12:59:35.860+0000] {processor.py:161} INFO - Started process (PID=237) to work on /home/airflow/.local/lib/python3.10/site-packages/airflow/example_dags/example_trigger_target_dag.py
[2025-03-06T12:59:35.864+0000] {processor.py:830} INFO - Processing file /home/airflow/.local/lib/python3.10/site-packages/airflow/example_dags/example_trigger_target_dag.py for tasks to queue
[2025-03-06T12:59:35.867+0000] {logging_mixin.py:188} INFO - [2025-03-06T12:59:35.866+0000] {dagbag.py:538} INFO - Filling up the DagBag from /home/airflow/.local/lib/python3.10/site-packages/airflow/example_dags/example_trigger_target_dag.py
[2025-03-06T12:59:35.881+0000] {processor.py:840} INFO - DAG(s) 'example_trigger_target_dag' retrieved from /home/airflow/.local/lib/python3.10/site-packages/airflow/example_dags/example_trigger_target_dag.py
[2025-03-06T12:59:35.935+0000] {logging_mixin.py:188} INFO - [2025-03-06T12:59:35.935+0000] {dag.py:3036} INFO - Sync 1 DAGs
[2025-03-06T12:59:35.962+0000] {logging_mixin.py:188} INFO - [2025-03-06T12:59:35.961+0000] {dag.py:3823} INFO - Setting next_dagrun for example_trigger_target_dag to None, run_after=None
[2025-03-06T12:59:36.096+0000] {processor.py:183} INFO - Processing /home/airflow/.local/lib/python3.10/site-packages/airflow/example_dags/example_trigger_target_dag.py took 0.249 seconds
[2025-03-06T13:00:58.721+0000] {processor.py:161} INFO - Started process (PID=294) to work on /home/airflow/.local/lib/python3.10/site-packages/airflow/example_dags/example_trigger_target_dag.py
[2025-03-06T13:00:58.727+0000] {processor.py:830} INFO - Processing file /home/airflow/.local/lib/python3.10/site-packages/airflow/example_dags/example_trigger_target_dag.py for tasks to queue
[2025-03-06T13:00:58.732+0000] {logging_mixin.py:188} INFO - [2025-03-06T13:00:58.731+0000] {dagbag.py:538} INFO - Filling up the DagBag from /home/airflow/.local/lib/python3.10/site-packages/airflow/example_dags/example_trigger_target_dag.py
[2025-03-06T13:00:58.753+0000] {processor.py:840} INFO - DAG(s) 'example_trigger_target_dag' retrieved from /home/airflow/.local/lib/python3.10/site-packages/airflow/example_dags/example_trigger_target_dag.py
[2025-03-06T13:00:58.815+0000] {logging_mixin.py:188} INFO - [2025-03-06T13:00:58.814+0000] {dag.py:3036} INFO - Sync 1 DAGs
[2025-03-06T13:00:58.840+0000] {logging_mixin.py:188} INFO - [2025-03-06T13:00:58.840+0000] {dag.py:3823} INFO - Setting next_dagrun for example_trigger_target_dag to None, run_after=None
[2025-03-06T13:00:58.971+0000] {processor.py:183} INFO - Processing /home/airflow/.local/lib/python3.10/site-packages/airflow/example_dags/example_trigger_target_dag.py took 0.264 seconds
[2025-03-06T13:04:30.519+0000] {processor.py:161} INFO - Started process (PID=59) to work on /home/airflow/.local/lib/python3.10/site-packages/airflow/example_dags/example_trigger_target_dag.py
[2025-03-06T13:04:30.522+0000] {processor.py:830} INFO - Processing file /home/airflow/.local/lib/python3.10/site-packages/airflow/example_dags/example_trigger_target_dag.py for tasks to queue
[2025-03-06T13:04:30.526+0000] {logging_mixin.py:188} INFO - [2025-03-06T13:04:30.525+0000] {dagbag.py:538} INFO - Filling up the DagBag from /home/airflow/.local/lib/python3.10/site-packages/airflow/example_dags/example_trigger_target_dag.py
[2025-03-06T13:04:30.542+0000] {processor.py:840} INFO - DAG(s) 'example_trigger_target_dag' retrieved from /home/airflow/.local/lib/python3.10/site-packages/airflow/example_dags/example_trigger_target_dag.py
[2025-03-06T13:04:30.604+0000] {logging_mixin.py:188} INFO - [2025-03-06T13:04:30.603+0000] {dag.py:3036} INFO - Sync 1 DAGs
[2025-03-06T13:04:30.667+0000] {logging_mixin.py:188} INFO - [2025-03-06T13:04:30.666+0000] {dag.py:3823} INFO - Setting next_dagrun for example_trigger_target_dag to None, run_after=None
[2025-03-06T13:04:30.838+0000] {processor.py:183} INFO - Processing /home/airflow/.local/lib/python3.10/site-packages/airflow/example_dags/example_trigger_target_dag.py took 0.324 seconds
[2025-03-06T13:06:08.664+0000] {processor.py:161} INFO - Started process (PID=120) to work on /home/airflow/.local/lib/python3.10/site-packages/airflow/example_dags/example_trigger_target_dag.py
[2025-03-06T13:06:08.667+0000] {processor.py:830} INFO - Processing file /home/airflow/.local/lib/python3.10/site-packages/airflow/example_dags/example_trigger_target_dag.py for tasks to queue
[2025-03-06T13:06:08.670+0000] {logging_mixin.py:188} INFO - [2025-03-06T13:06:08.669+0000] {dagbag.py:538} INFO - Filling up the DagBag from /home/airflow/.local/lib/python3.10/site-packages/airflow/example_dags/example_trigger_target_dag.py
[2025-03-06T13:06:08.698+0000] {processor.py:840} INFO - DAG(s) 'example_trigger_target_dag' retrieved from /home/airflow/.local/lib/python3.10/site-packages/airflow/example_dags/example_trigger_target_dag.py
[2025-03-06T13:06:08.776+0000] {logging_mixin.py:188} INFO - [2025-03-06T13:06:08.776+0000] {dag.py:3036} INFO - Sync 1 DAGs
[2025-03-06T13:06:08.801+0000] {logging_mixin.py:188} INFO - [2025-03-06T13:06:08.801+0000] {dag.py:3823} INFO - Setting next_dagrun for example_trigger_target_dag to None, run_after=None
[2025-03-06T13:06:08.922+0000] {processor.py:183} INFO - Processing /home/airflow/.local/lib/python3.10/site-packages/airflow/example_dags/example_trigger_target_dag.py took 0.266 seconds
[2025-03-06T13:07:55.876+0000] {processor.py:161} INFO - Started process (PID=184) to work on /home/airflow/.local/lib/python3.10/site-packages/airflow/example_dags/example_trigger_target_dag.py
[2025-03-06T13:07:55.879+0000] {processor.py:830} INFO - Processing file /home/airflow/.local/lib/python3.10/site-packages/airflow/example_dags/example_trigger_target_dag.py for tasks to queue
[2025-03-06T13:07:55.882+0000] {logging_mixin.py:188} INFO - [2025-03-06T13:07:55.881+0000] {dagbag.py:538} INFO - Filling up the DagBag from /home/airflow/.local/lib/python3.10/site-packages/airflow/example_dags/example_trigger_target_dag.py
[2025-03-06T13:07:55.898+0000] {processor.py:840} INFO - DAG(s) 'example_trigger_target_dag' retrieved from /home/airflow/.local/lib/python3.10/site-packages/airflow/example_dags/example_trigger_target_dag.py
[2025-03-06T13:07:55.958+0000] {logging_mixin.py:188} INFO - [2025-03-06T13:07:55.958+0000] {dag.py:3036} INFO - Sync 1 DAGs
[2025-03-06T13:07:55.997+0000] {logging_mixin.py:188} INFO - [2025-03-06T13:07:55.996+0000] {dag.py:3823} INFO - Setting next_dagrun for example_trigger_target_dag to None, run_after=None
[2025-03-06T13:07:56.126+0000] {processor.py:183} INFO - Processing /home/airflow/.local/lib/python3.10/site-packages/airflow/example_dags/example_trigger_target_dag.py took 0.257 seconds
[2025-03-06T13:09:25.193+0000] {processor.py:161} INFO - Started process (PID=242) to work on /home/airflow/.local/lib/python3.10/site-packages/airflow/example_dags/example_trigger_target_dag.py
[2025-03-06T13:09:25.195+0000] {processor.py:830} INFO - Processing file /home/airflow/.local/lib/python3.10/site-packages/airflow/example_dags/example_trigger_target_dag.py for tasks to queue
[2025-03-06T13:09:25.198+0000] {logging_mixin.py:188} INFO - [2025-03-06T13:09:25.197+0000] {dagbag.py:538} INFO - Filling up the DagBag from /home/airflow/.local/lib/python3.10/site-packages/airflow/example_dags/example_trigger_target_dag.py
[2025-03-06T13:09:25.211+0000] {processor.py:840} INFO - DAG(s) 'example_trigger_target_dag' retrieved from /home/airflow/.local/lib/python3.10/site-packages/airflow/example_dags/example_trigger_target_dag.py
[2025-03-06T13:09:25.258+0000] {logging_mixin.py:188} INFO - [2025-03-06T13:09:25.258+0000] {dag.py:3036} INFO - Sync 1 DAGs
[2025-03-06T13:09:25.286+0000] {logging_mixin.py:188} INFO - [2025-03-06T13:09:25.286+0000] {dag.py:3823} INFO - Setting next_dagrun for example_trigger_target_dag to None, run_after=None
[2025-03-06T13:09:25.412+0000] {processor.py:183} INFO - Processing /home/airflow/.local/lib/python3.10/site-packages/airflow/example_dags/example_trigger_target_dag.py took 0.225 seconds
[2025-03-06T13:12:06.096+0000] {processor.py:161} INFO - Started process (PID=59) to work on /home/airflow/.local/lib/python3.10/site-packages/airflow/example_dags/example_trigger_target_dag.py
[2025-03-06T13:12:06.099+0000] {processor.py:830} INFO - Processing file /home/airflow/.local/lib/python3.10/site-packages/airflow/example_dags/example_trigger_target_dag.py for tasks to queue
[2025-03-06T13:12:06.101+0000] {logging_mixin.py:188} INFO - [2025-03-06T13:12:06.101+0000] {dagbag.py:538} INFO - Filling up the DagBag from /home/airflow/.local/lib/python3.10/site-packages/airflow/example_dags/example_trigger_target_dag.py
[2025-03-06T13:12:06.118+0000] {processor.py:840} INFO - DAG(s) 'example_trigger_target_dag' retrieved from /home/airflow/.local/lib/python3.10/site-packages/airflow/example_dags/example_trigger_target_dag.py
[2025-03-06T13:12:06.186+0000] {logging_mixin.py:188} INFO - [2025-03-06T13:12:06.186+0000] {dag.py:3036} INFO - Sync 1 DAGs
[2025-03-06T13:12:06.232+0000] {logging_mixin.py:188} INFO - [2025-03-06T13:12:06.231+0000] {dag.py:3823} INFO - Setting next_dagrun for example_trigger_target_dag to None, run_after=None
[2025-03-06T13:12:06.409+0000] {processor.py:183} INFO - Processing /home/airflow/.local/lib/python3.10/site-packages/airflow/example_dags/example_trigger_target_dag.py took 0.323 seconds
[2025-03-06T13:13:30.616+0000] {processor.py:161} INFO - Started process (PID=108) to work on /home/airflow/.local/lib/python3.10/site-packages/airflow/example_dags/example_trigger_target_dag.py
[2025-03-06T13:13:30.619+0000] {processor.py:830} INFO - Processing file /home/airflow/.local/lib/python3.10/site-packages/airflow/example_dags/example_trigger_target_dag.py for tasks to queue
[2025-03-06T13:13:30.622+0000] {logging_mixin.py:188} INFO - [2025-03-06T13:13:30.621+0000] {dagbag.py:538} INFO - Filling up the DagBag from /home/airflow/.local/lib/python3.10/site-packages/airflow/example_dags/example_trigger_target_dag.py
[2025-03-06T13:13:30.641+0000] {processor.py:840} INFO - DAG(s) 'example_trigger_target_dag' retrieved from /home/airflow/.local/lib/python3.10/site-packages/airflow/example_dags/example_trigger_target_dag.py
[2025-03-06T13:13:30.721+0000] {logging_mixin.py:188} INFO - [2025-03-06T13:13:30.720+0000] {dag.py:3036} INFO - Sync 1 DAGs
[2025-03-06T13:13:30.764+0000] {logging_mixin.py:188} INFO - [2025-03-06T13:13:30.763+0000] {dag.py:3823} INFO - Setting next_dagrun for example_trigger_target_dag to None, run_after=None
[2025-03-06T13:13:30.925+0000] {processor.py:183} INFO - Processing /home/airflow/.local/lib/python3.10/site-packages/airflow/example_dags/example_trigger_target_dag.py took 0.318 seconds
[2025-03-06T13:15:08.643+0000] {processor.py:161} INFO - Started process (PID=168) to work on /home/airflow/.local/lib/python3.10/site-packages/airflow/example_dags/example_trigger_target_dag.py
[2025-03-06T13:15:08.645+0000] {processor.py:830} INFO - Processing file /home/airflow/.local/lib/python3.10/site-packages/airflow/example_dags/example_trigger_target_dag.py for tasks to queue
[2025-03-06T13:15:08.647+0000] {logging_mixin.py:188} INFO - [2025-03-06T13:15:08.646+0000] {dagbag.py:538} INFO - Filling up the DagBag from /home/airflow/.local/lib/python3.10/site-packages/airflow/example_dags/example_trigger_target_dag.py
[2025-03-06T13:15:08.661+0000] {processor.py:840} INFO - DAG(s) 'example_trigger_target_dag' retrieved from /home/airflow/.local/lib/python3.10/site-packages/airflow/example_dags/example_trigger_target_dag.py
[2025-03-06T13:15:08.713+0000] {logging_mixin.py:188} INFO - [2025-03-06T13:15:08.713+0000] {dag.py:3036} INFO - Sync 1 DAGs
[2025-03-06T13:15:08.745+0000] {logging_mixin.py:188} INFO - [2025-03-06T13:15:08.745+0000] {dag.py:3823} INFO - Setting next_dagrun for example_trigger_target_dag to None, run_after=None
[2025-03-06T13:15:08.912+0000] {processor.py:183} INFO - Processing /home/airflow/.local/lib/python3.10/site-packages/airflow/example_dags/example_trigger_target_dag.py took 0.274 seconds
[2025-03-06T13:16:46.999+0000] {processor.py:161} INFO - Started process (PID=229) to work on /home/airflow/.local/lib/python3.10/site-packages/airflow/example_dags/example_trigger_target_dag.py
[2025-03-06T13:16:47.003+0000] {processor.py:830} INFO - Processing file /home/airflow/.local/lib/python3.10/site-packages/airflow/example_dags/example_trigger_target_dag.py for tasks to queue
[2025-03-06T13:16:47.006+0000] {logging_mixin.py:188} INFO - [2025-03-06T13:16:47.005+0000] {dagbag.py:538} INFO - Filling up the DagBag from /home/airflow/.local/lib/python3.10/site-packages/airflow/example_dags/example_trigger_target_dag.py
[2025-03-06T13:16:47.021+0000] {processor.py:840} INFO - DAG(s) 'example_trigger_target_dag' retrieved from /home/airflow/.local/lib/python3.10/site-packages/airflow/example_dags/example_trigger_target_dag.py
[2025-03-06T13:16:47.071+0000] {logging_mixin.py:188} INFO - [2025-03-06T13:16:47.071+0000] {dag.py:3036} INFO - Sync 1 DAGs
[2025-03-06T13:16:47.103+0000] {logging_mixin.py:188} INFO - [2025-03-06T13:16:47.103+0000] {dag.py:3823} INFO - Setting next_dagrun for example_trigger_target_dag to None, run_after=None
[2025-03-06T13:16:47.259+0000] {processor.py:183} INFO - Processing /home/airflow/.local/lib/python3.10/site-packages/airflow/example_dags/example_trigger_target_dag.py took 0.267 seconds
