[2025-03-06T12:54:38.593+0000] {processor.py:161} INFO - Started process (PID=52) to work on /home/airflow/.local/lib/python3.10/site-packages/airflow/example_dags/example_xcomargs.py
[2025-03-06T12:54:38.597+0000] {processor.py:830} INFO - Processing file /home/airflow/.local/lib/python3.10/site-packages/airflow/example_dags/example_xcomargs.py for tasks to queue
[2025-03-06T12:54:38.600+0000] {logging_mixin.py:188} INFO - [2025-03-06T12:54:38.599+0000] {dagbag.py:538} INFO - Filling up the DagBag from /home/airflow/.local/lib/python3.10/site-packages/airflow/example_dags/example_xcomargs.py
[2025-03-06T12:54:38.624+0000] {processor.py:840} INFO - DAG(s) 'example_xcom_args_with_operators', 'example_xcom_args' retrieved from /home/airflow/.local/lib/python3.10/site-packages/airflow/example_dags/example_xcomargs.py
[2025-03-06T12:54:39.084+0000] {logging_mixin.py:188} INFO - [2025-03-06T12:54:39.084+0000] {dag.py:3036} INFO - Sync 2 DAGs
[2025-03-06T12:54:39.107+0000] {logging_mixin.py:188} INFO - [2025-03-06T12:54:39.107+0000] {dag.py:3823} INFO - Setting next_dagrun for example_xcom_args to None, run_after=None
[2025-03-06T12:54:39.115+0000] {logging_mixin.py:188} INFO - [2025-03-06T12:54:39.115+0000] {dag.py:3823} INFO - Setting next_dagrun for example_xcom_args_with_operators to None, run_after=None
[2025-03-06T12:54:39.228+0000] {processor.py:183} INFO - Processing /home/airflow/.local/lib/python3.10/site-packages/airflow/example_dags/example_xcomargs.py took 0.642 seconds
[2025-03-06T12:56:02.365+0000] {processor.py:161} INFO - Started process (PID=101) to work on /home/airflow/.local/lib/python3.10/site-packages/airflow/example_dags/example_xcomargs.py
[2025-03-06T12:56:02.368+0000] {processor.py:830} INFO - Processing file /home/airflow/.local/lib/python3.10/site-packages/airflow/example_dags/example_xcomargs.py for tasks to queue
[2025-03-06T12:56:02.371+0000] {logging_mixin.py:188} INFO - [2025-03-06T12:56:02.370+0000] {dagbag.py:538} INFO - Filling up the DagBag from /home/airflow/.local/lib/python3.10/site-packages/airflow/example_dags/example_xcomargs.py
[2025-03-06T12:56:02.397+0000] {processor.py:840} INFO - DAG(s) 'example_xcom_args', 'example_xcom_args_with_operators' retrieved from /home/airflow/.local/lib/python3.10/site-packages/airflow/example_dags/example_xcomargs.py
[2025-03-06T12:56:02.505+0000] {logging_mixin.py:188} INFO - [2025-03-06T12:56:02.505+0000] {dag.py:3036} INFO - Sync 2 DAGs
[2025-03-06T12:56:02.556+0000] {logging_mixin.py:188} INFO - [2025-03-06T12:56:02.555+0000] {dag.py:3823} INFO - Setting next_dagrun for example_xcom_args to None, run_after=None
[2025-03-06T12:56:02.573+0000] {logging_mixin.py:188} INFO - [2025-03-06T12:56:02.571+0000] {dag.py:3823} INFO - Setting next_dagrun for example_xcom_args_with_operators to None, run_after=None
[2025-03-06T12:56:02.729+0000] {processor.py:183} INFO - Processing /home/airflow/.local/lib/python3.10/site-packages/airflow/example_dags/example_xcomargs.py took 0.371 seconds
[2025-03-06T12:57:49.089+0000] {processor.py:161} INFO - Started process (PID=162) to work on /home/airflow/.local/lib/python3.10/site-packages/airflow/example_dags/example_xcomargs.py
[2025-03-06T12:57:49.092+0000] {processor.py:830} INFO - Processing file /home/airflow/.local/lib/python3.10/site-packages/airflow/example_dags/example_xcomargs.py for tasks to queue
[2025-03-06T12:57:49.094+0000] {logging_mixin.py:188} INFO - [2025-03-06T12:57:49.094+0000] {dagbag.py:538} INFO - Filling up the DagBag from /home/airflow/.local/lib/python3.10/site-packages/airflow/example_dags/example_xcomargs.py
[2025-03-06T12:57:49.118+0000] {processor.py:840} INFO - DAG(s) 'example_xcom_args_with_operators', 'example_xcom_args' retrieved from /home/airflow/.local/lib/python3.10/site-packages/airflow/example_dags/example_xcomargs.py
[2025-03-06T12:57:49.195+0000] {logging_mixin.py:188} INFO - [2025-03-06T12:57:49.195+0000] {dag.py:3036} INFO - Sync 2 DAGs
[2025-03-06T12:57:49.227+0000] {logging_mixin.py:188} INFO - [2025-03-06T12:57:49.227+0000] {dag.py:3823} INFO - Setting next_dagrun for example_xcom_args to None, run_after=None
[2025-03-06T12:57:49.239+0000] {logging_mixin.py:188} INFO - [2025-03-06T12:57:49.239+0000] {dag.py:3823} INFO - Setting next_dagrun for example_xcom_args_with_operators to None, run_after=None
[2025-03-06T12:57:49.393+0000] {processor.py:183} INFO - Processing /home/airflow/.local/lib/python3.10/site-packages/airflow/example_dags/example_xcomargs.py took 0.311 seconds
[2025-03-06T12:59:12.608+0000] {processor.py:161} INFO - Started process (PID=221) to work on /home/airflow/.local/lib/python3.10/site-packages/airflow/example_dags/example_xcomargs.py
[2025-03-06T12:59:12.610+0000] {processor.py:830} INFO - Processing file /home/airflow/.local/lib/python3.10/site-packages/airflow/example_dags/example_xcomargs.py for tasks to queue
[2025-03-06T12:59:12.612+0000] {logging_mixin.py:188} INFO - [2025-03-06T12:59:12.612+0000] {dagbag.py:538} INFO - Filling up the DagBag from /home/airflow/.local/lib/python3.10/site-packages/airflow/example_dags/example_xcomargs.py
[2025-03-06T12:59:12.627+0000] {processor.py:840} INFO - DAG(s) 'example_xcom_args_with_operators', 'example_xcom_args' retrieved from /home/airflow/.local/lib/python3.10/site-packages/airflow/example_dags/example_xcomargs.py
[2025-03-06T12:59:12.690+0000] {logging_mixin.py:188} INFO - [2025-03-06T12:59:12.690+0000] {dag.py:3036} INFO - Sync 2 DAGs
[2025-03-06T12:59:12.716+0000] {logging_mixin.py:188} INFO - [2025-03-06T12:59:12.715+0000] {dag.py:3823} INFO - Setting next_dagrun for example_xcom_args to None, run_after=None
[2025-03-06T12:59:12.725+0000] {logging_mixin.py:188} INFO - [2025-03-06T12:59:12.725+0000] {dag.py:3823} INFO - Setting next_dagrun for example_xcom_args_with_operators to None, run_after=None
[2025-03-06T12:59:12.863+0000] {processor.py:183} INFO - Processing /home/airflow/.local/lib/python3.10/site-packages/airflow/example_dags/example_xcomargs.py took 0.260 seconds
[2025-03-06T13:00:32.127+0000] {processor.py:161} INFO - Started process (PID=276) to work on /home/airflow/.local/lib/python3.10/site-packages/airflow/example_dags/example_xcomargs.py
[2025-03-06T13:00:32.129+0000] {processor.py:830} INFO - Processing file /home/airflow/.local/lib/python3.10/site-packages/airflow/example_dags/example_xcomargs.py for tasks to queue
[2025-03-06T13:00:32.132+0000] {logging_mixin.py:188} INFO - [2025-03-06T13:00:32.131+0000] {dagbag.py:538} INFO - Filling up the DagBag from /home/airflow/.local/lib/python3.10/site-packages/airflow/example_dags/example_xcomargs.py
[2025-03-06T13:00:32.148+0000] {processor.py:840} INFO - DAG(s) 'example_xcom_args', 'example_xcom_args_with_operators' retrieved from /home/airflow/.local/lib/python3.10/site-packages/airflow/example_dags/example_xcomargs.py
[2025-03-06T13:00:32.218+0000] {logging_mixin.py:188} INFO - [2025-03-06T13:00:32.217+0000] {dag.py:3036} INFO - Sync 2 DAGs
[2025-03-06T13:00:32.248+0000] {logging_mixin.py:188} INFO - [2025-03-06T13:00:32.248+0000] {dag.py:3823} INFO - Setting next_dagrun for example_xcom_args to None, run_after=None
[2025-03-06T13:00:32.258+0000] {logging_mixin.py:188} INFO - [2025-03-06T13:00:32.258+0000] {dag.py:3823} INFO - Setting next_dagrun for example_xcom_args_with_operators to None, run_after=None
[2025-03-06T13:00:32.407+0000] {processor.py:183} INFO - Processing /home/airflow/.local/lib/python3.10/site-packages/airflow/example_dags/example_xcomargs.py took 0.285 seconds
[2025-03-06T13:01:57.042+0000] {processor.py:161} INFO - Started process (PID=332) to work on /home/airflow/.local/lib/python3.10/site-packages/airflow/example_dags/example_xcomargs.py
[2025-03-06T13:01:57.048+0000] {processor.py:830} INFO - Processing file /home/airflow/.local/lib/python3.10/site-packages/airflow/example_dags/example_xcomargs.py for tasks to queue
[2025-03-06T13:01:57.051+0000] {logging_mixin.py:188} INFO - [2025-03-06T13:01:57.050+0000] {dagbag.py:538} INFO - Filling up the DagBag from /home/airflow/.local/lib/python3.10/site-packages/airflow/example_dags/example_xcomargs.py
[2025-03-06T13:01:57.073+0000] {processor.py:840} INFO - DAG(s) 'example_xcom_args', 'example_xcom_args_with_operators' retrieved from /home/airflow/.local/lib/python3.10/site-packages/airflow/example_dags/example_xcomargs.py
[2025-03-06T13:01:57.191+0000] {logging_mixin.py:188} INFO - [2025-03-06T13:01:57.190+0000] {dag.py:3036} INFO - Sync 2 DAGs
[2025-03-06T13:01:57.250+0000] {logging_mixin.py:188} INFO - [2025-03-06T13:01:57.249+0000] {dag.py:3823} INFO - Setting next_dagrun for example_xcom_args to None, run_after=None
[2025-03-06T13:01:57.263+0000] {logging_mixin.py:188} INFO - [2025-03-06T13:01:57.263+0000] {dag.py:3823} INFO - Setting next_dagrun for example_xcom_args_with_operators to None, run_after=None
[2025-03-06T13:01:57.460+0000] {processor.py:183} INFO - Processing /home/airflow/.local/lib/python3.10/site-packages/airflow/example_dags/example_xcomargs.py took 0.426 seconds
[2025-03-06T13:04:21.566+0000] {processor.py:161} INFO - Started process (PID=53) to work on /home/airflow/.local/lib/python3.10/site-packages/airflow/example_dags/example_xcomargs.py
[2025-03-06T13:04:21.568+0000] {processor.py:830} INFO - Processing file /home/airflow/.local/lib/python3.10/site-packages/airflow/example_dags/example_xcomargs.py for tasks to queue
[2025-03-06T13:04:21.571+0000] {logging_mixin.py:188} INFO - [2025-03-06T13:04:21.570+0000] {dagbag.py:538} INFO - Filling up the DagBag from /home/airflow/.local/lib/python3.10/site-packages/airflow/example_dags/example_xcomargs.py
[2025-03-06T13:04:21.590+0000] {processor.py:840} INFO - DAG(s) 'example_xcom_args_with_operators', 'example_xcom_args' retrieved from /home/airflow/.local/lib/python3.10/site-packages/airflow/example_dags/example_xcomargs.py
[2025-03-06T13:04:21.704+0000] {logging_mixin.py:188} INFO - [2025-03-06T13:04:21.703+0000] {dag.py:3036} INFO - Sync 2 DAGs
[2025-03-06T13:04:21.767+0000] {logging_mixin.py:188} INFO - [2025-03-06T13:04:21.766+0000] {dag.py:3823} INFO - Setting next_dagrun for example_xcom_args to None, run_after=None
[2025-03-06T13:04:21.791+0000] {logging_mixin.py:188} INFO - [2025-03-06T13:04:21.790+0000] {dag.py:3823} INFO - Setting next_dagrun for example_xcom_args_with_operators to None, run_after=None
[2025-03-06T13:04:21.980+0000] {processor.py:183} INFO - Processing /home/airflow/.local/lib/python3.10/site-packages/airflow/example_dags/example_xcomargs.py took 0.423 seconds
[2025-03-06T13:05:40.191+0000] {processor.py:161} INFO - Started process (PID=102) to work on /home/airflow/.local/lib/python3.10/site-packages/airflow/example_dags/example_xcomargs.py
[2025-03-06T13:05:40.194+0000] {processor.py:830} INFO - Processing file /home/airflow/.local/lib/python3.10/site-packages/airflow/example_dags/example_xcomargs.py for tasks to queue
[2025-03-06T13:05:40.196+0000] {logging_mixin.py:188} INFO - [2025-03-06T13:05:40.196+0000] {dagbag.py:538} INFO - Filling up the DagBag from /home/airflow/.local/lib/python3.10/site-packages/airflow/example_dags/example_xcomargs.py
[2025-03-06T13:05:40.224+0000] {processor.py:840} INFO - DAG(s) 'example_xcom_args', 'example_xcom_args_with_operators' retrieved from /home/airflow/.local/lib/python3.10/site-packages/airflow/example_dags/example_xcomargs.py
[2025-03-06T13:05:40.290+0000] {logging_mixin.py:188} INFO - [2025-03-06T13:05:40.290+0000] {dag.py:3036} INFO - Sync 2 DAGs
[2025-03-06T13:05:40.321+0000] {logging_mixin.py:188} INFO - [2025-03-06T13:05:40.320+0000] {dag.py:3823} INFO - Setting next_dagrun for example_xcom_args to None, run_after=None
[2025-03-06T13:05:40.330+0000] {logging_mixin.py:188} INFO - [2025-03-06T13:05:40.329+0000] {dag.py:3823} INFO - Setting next_dagrun for example_xcom_args_with_operators to None, run_after=None
[2025-03-06T13:05:40.479+0000] {processor.py:183} INFO - Processing /home/airflow/.local/lib/python3.10/site-packages/airflow/example_dags/example_xcomargs.py took 0.298 seconds
[2025-03-06T13:07:22.296+0000] {processor.py:161} INFO - Started process (PID=163) to work on /home/airflow/.local/lib/python3.10/site-packages/airflow/example_dags/example_xcomargs.py
[2025-03-06T13:07:22.307+0000] {processor.py:830} INFO - Processing file /home/airflow/.local/lib/python3.10/site-packages/airflow/example_dags/example_xcomargs.py for tasks to queue
[2025-03-06T13:07:22.311+0000] {logging_mixin.py:188} INFO - [2025-03-06T13:07:22.310+0000] {dagbag.py:538} INFO - Filling up the DagBag from /home/airflow/.local/lib/python3.10/site-packages/airflow/example_dags/example_xcomargs.py
[2025-03-06T13:07:22.359+0000] {processor.py:840} INFO - DAG(s) 'example_xcom_args', 'example_xcom_args_with_operators' retrieved from /home/airflow/.local/lib/python3.10/site-packages/airflow/example_dags/example_xcomargs.py
[2025-03-06T13:07:22.751+0000] {logging_mixin.py:188} INFO - [2025-03-06T13:07:22.750+0000] {dag.py:3036} INFO - Sync 2 DAGs
[2025-03-06T13:07:22.909+0000] {logging_mixin.py:188} INFO - [2025-03-06T13:07:22.909+0000] {dag.py:3823} INFO - Setting next_dagrun for example_xcom_args to None, run_after=None
[2025-03-06T13:07:22.928+0000] {logging_mixin.py:188} INFO - [2025-03-06T13:07:22.927+0000] {dag.py:3823} INFO - Setting next_dagrun for example_xcom_args_with_operators to None, run_after=None
[2025-03-06T13:07:23.055+0000] {processor.py:183} INFO - Processing /home/airflow/.local/lib/python3.10/site-packages/airflow/example_dags/example_xcomargs.py took 0.767 seconds
[2025-03-06T13:08:56.567+0000] {processor.py:161} INFO - Started process (PID=224) to work on /home/airflow/.local/lib/python3.10/site-packages/airflow/example_dags/example_xcomargs.py
[2025-03-06T13:08:56.569+0000] {processor.py:830} INFO - Processing file /home/airflow/.local/lib/python3.10/site-packages/airflow/example_dags/example_xcomargs.py for tasks to queue
[2025-03-06T13:08:56.571+0000] {logging_mixin.py:188} INFO - [2025-03-06T13:08:56.570+0000] {dagbag.py:538} INFO - Filling up the DagBag from /home/airflow/.local/lib/python3.10/site-packages/airflow/example_dags/example_xcomargs.py
[2025-03-06T13:08:56.594+0000] {processor.py:840} INFO - DAG(s) 'example_xcom_args', 'example_xcom_args_with_operators' retrieved from /home/airflow/.local/lib/python3.10/site-packages/airflow/example_dags/example_xcomargs.py
[2025-03-06T13:08:56.661+0000] {logging_mixin.py:188} INFO - [2025-03-06T13:08:56.661+0000] {dag.py:3036} INFO - Sync 2 DAGs
[2025-03-06T13:08:56.695+0000] {logging_mixin.py:188} INFO - [2025-03-06T13:08:56.694+0000] {dag.py:3823} INFO - Setting next_dagrun for example_xcom_args to None, run_after=None
[2025-03-06T13:08:56.705+0000] {logging_mixin.py:188} INFO - [2025-03-06T13:08:56.704+0000] {dag.py:3823} INFO - Setting next_dagrun for example_xcom_args_with_operators to None, run_after=None
[2025-03-06T13:08:56.848+0000] {processor.py:183} INFO - Processing /home/airflow/.local/lib/python3.10/site-packages/airflow/example_dags/example_xcomargs.py took 0.292 seconds
[2025-03-06T13:10:27.875+0000] {processor.py:161} INFO - Started process (PID=282) to work on /home/airflow/.local/lib/python3.10/site-packages/airflow/example_dags/example_xcomargs.py
[2025-03-06T13:10:27.877+0000] {processor.py:830} INFO - Processing file /home/airflow/.local/lib/python3.10/site-packages/airflow/example_dags/example_xcomargs.py for tasks to queue
[2025-03-06T13:10:27.879+0000] {logging_mixin.py:188} INFO - [2025-03-06T13:10:27.878+0000] {dagbag.py:538} INFO - Filling up the DagBag from /home/airflow/.local/lib/python3.10/site-packages/airflow/example_dags/example_xcomargs.py
[2025-03-06T13:10:27.896+0000] {processor.py:840} INFO - DAG(s) 'example_xcom_args', 'example_xcom_args_with_operators' retrieved from /home/airflow/.local/lib/python3.10/site-packages/airflow/example_dags/example_xcomargs.py
[2025-03-06T13:10:27.956+0000] {logging_mixin.py:188} INFO - [2025-03-06T13:10:27.956+0000] {dag.py:3036} INFO - Sync 2 DAGs
[2025-03-06T13:10:27.984+0000] {logging_mixin.py:188} INFO - [2025-03-06T13:10:27.983+0000] {dag.py:3823} INFO - Setting next_dagrun for example_xcom_args to None, run_after=None
[2025-03-06T13:10:27.993+0000] {logging_mixin.py:188} INFO - [2025-03-06T13:10:27.992+0000] {dag.py:3823} INFO - Setting next_dagrun for example_xcom_args_with_operators to None, run_after=None
[2025-03-06T13:10:28.115+0000] {processor.py:183} INFO - Processing /home/airflow/.local/lib/python3.10/site-packages/airflow/example_dags/example_xcomargs.py took 0.245 seconds
[2025-03-06T13:11:56.455+0000] {processor.py:161} INFO - Started process (PID=53) to work on /home/airflow/.local/lib/python3.10/site-packages/airflow/example_dags/example_xcomargs.py
[2025-03-06T13:11:56.457+0000] {processor.py:830} INFO - Processing file /home/airflow/.local/lib/python3.10/site-packages/airflow/example_dags/example_xcomargs.py for tasks to queue
[2025-03-06T13:11:56.465+0000] {logging_mixin.py:188} INFO - [2025-03-06T13:11:56.459+0000] {dagbag.py:538} INFO - Filling up the DagBag from /home/airflow/.local/lib/python3.10/site-packages/airflow/example_dags/example_xcomargs.py
[2025-03-06T13:11:56.488+0000] {processor.py:840} INFO - DAG(s) 'example_xcom_args_with_operators', 'example_xcom_args' retrieved from /home/airflow/.local/lib/python3.10/site-packages/airflow/example_dags/example_xcomargs.py
[2025-03-06T13:11:56.559+0000] {logging_mixin.py:188} INFO - [2025-03-06T13:11:56.559+0000] {dag.py:3036} INFO - Sync 2 DAGs
[2025-03-06T13:11:56.604+0000] {logging_mixin.py:188} INFO - [2025-03-06T13:11:56.603+0000] {dag.py:3823} INFO - Setting next_dagrun for example_xcom_args to None, run_after=None
[2025-03-06T13:11:56.615+0000] {logging_mixin.py:188} INFO - [2025-03-06T13:11:56.614+0000] {dag.py:3823} INFO - Setting next_dagrun for example_xcom_args_with_operators to None, run_after=None
[2025-03-06T13:11:56.773+0000] {processor.py:183} INFO - Processing /home/airflow/.local/lib/python3.10/site-packages/airflow/example_dags/example_xcomargs.py took 0.324 seconds
[2025-03-06T13:13:21.797+0000] {processor.py:161} INFO - Started process (PID=102) to work on /home/airflow/.local/lib/python3.10/site-packages/airflow/example_dags/example_xcomargs.py
[2025-03-06T13:13:21.803+0000] {processor.py:830} INFO - Processing file /home/airflow/.local/lib/python3.10/site-packages/airflow/example_dags/example_xcomargs.py for tasks to queue
[2025-03-06T13:13:21.809+0000] {logging_mixin.py:188} INFO - [2025-03-06T13:13:21.808+0000] {dagbag.py:538} INFO - Filling up the DagBag from /home/airflow/.local/lib/python3.10/site-packages/airflow/example_dags/example_xcomargs.py
[2025-03-06T13:13:21.842+0000] {processor.py:840} INFO - DAG(s) 'example_xcom_args', 'example_xcom_args_with_operators' retrieved from /home/airflow/.local/lib/python3.10/site-packages/airflow/example_dags/example_xcomargs.py
[2025-03-06T13:13:21.960+0000] {logging_mixin.py:188} INFO - [2025-03-06T13:13:21.959+0000] {dag.py:3036} INFO - Sync 2 DAGs
[2025-03-06T13:13:22.013+0000] {logging_mixin.py:188} INFO - [2025-03-06T13:13:22.012+0000] {dag.py:3823} INFO - Setting next_dagrun for example_xcom_args to None, run_after=None
[2025-03-06T13:13:22.031+0000] {logging_mixin.py:188} INFO - [2025-03-06T13:13:22.030+0000] {dag.py:3823} INFO - Setting next_dagrun for example_xcom_args_with_operators to None, run_after=None
[2025-03-06T13:13:22.180+0000] {processor.py:183} INFO - Processing /home/airflow/.local/lib/python3.10/site-packages/airflow/example_dags/example_xcomargs.py took 0.395 seconds
[2025-03-06T13:14:57.936+0000] {processor.py:161} INFO - Started process (PID=162) to work on /home/airflow/.local/lib/python3.10/site-packages/airflow/example_dags/example_xcomargs.py
[2025-03-06T13:14:57.943+0000] {processor.py:830} INFO - Processing file /home/airflow/.local/lib/python3.10/site-packages/airflow/example_dags/example_xcomargs.py for tasks to queue
[2025-03-06T13:14:57.945+0000] {logging_mixin.py:188} INFO - [2025-03-06T13:14:57.944+0000] {dagbag.py:538} INFO - Filling up the DagBag from /home/airflow/.local/lib/python3.10/site-packages/airflow/example_dags/example_xcomargs.py
[2025-03-06T13:14:57.968+0000] {processor.py:840} INFO - DAG(s) 'example_xcom_args', 'example_xcom_args_with_operators' retrieved from /home/airflow/.local/lib/python3.10/site-packages/airflow/example_dags/example_xcomargs.py
[2025-03-06T13:14:58.046+0000] {logging_mixin.py:188} INFO - [2025-03-06T13:14:58.045+0000] {dag.py:3036} INFO - Sync 2 DAGs
[2025-03-06T13:14:58.082+0000] {logging_mixin.py:188} INFO - [2025-03-06T13:14:58.081+0000] {dag.py:3823} INFO - Setting next_dagrun for example_xcom_args to None, run_after=None
[2025-03-06T13:14:58.096+0000] {logging_mixin.py:188} INFO - [2025-03-06T13:14:58.096+0000] {dag.py:3823} INFO - Setting next_dagrun for example_xcom_args_with_operators to None, run_after=None
[2025-03-06T13:14:58.287+0000] {processor.py:183} INFO - Processing /home/airflow/.local/lib/python3.10/site-packages/airflow/example_dags/example_xcomargs.py took 0.362 seconds
[2025-03-06T13:16:37.556+0000] {processor.py:161} INFO - Started process (PID=223) to work on /home/airflow/.local/lib/python3.10/site-packages/airflow/example_dags/example_xcomargs.py
[2025-03-06T13:16:37.559+0000] {processor.py:830} INFO - Processing file /home/airflow/.local/lib/python3.10/site-packages/airflow/example_dags/example_xcomargs.py for tasks to queue
[2025-03-06T13:16:37.561+0000] {logging_mixin.py:188} INFO - [2025-03-06T13:16:37.560+0000] {dagbag.py:538} INFO - Filling up the DagBag from /home/airflow/.local/lib/python3.10/site-packages/airflow/example_dags/example_xcomargs.py
[2025-03-06T13:16:37.585+0000] {processor.py:840} INFO - DAG(s) 'example_xcom_args', 'example_xcom_args_with_operators' retrieved from /home/airflow/.local/lib/python3.10/site-packages/airflow/example_dags/example_xcomargs.py
[2025-03-06T13:16:37.677+0000] {logging_mixin.py:188} INFO - [2025-03-06T13:16:37.677+0000] {dag.py:3036} INFO - Sync 2 DAGs
[2025-03-06T13:16:37.713+0000] {logging_mixin.py:188} INFO - [2025-03-06T13:16:37.712+0000] {dag.py:3823} INFO - Setting next_dagrun for example_xcom_args to None, run_after=None
[2025-03-06T13:16:37.724+0000] {logging_mixin.py:188} INFO - [2025-03-06T13:16:37.723+0000] {dag.py:3823} INFO - Setting next_dagrun for example_xcom_args_with_operators to None, run_after=None
[2025-03-06T13:16:37.854+0000] {processor.py:183} INFO - Processing /home/airflow/.local/lib/python3.10/site-packages/airflow/example_dags/example_xcomargs.py took 0.306 seconds
