[2025-03-06T12:54:09.498+0000] {processor.py:161} INFO - Started process (PID=36) to work on /home/airflow/.local/lib/python3.10/site-packages/airflow/example_dags/example_sensors.py
[2025-03-06T12:54:09.500+0000] {processor.py:830} INFO - Processing file /home/airflow/.local/lib/python3.10/site-packages/airflow/example_dags/example_sensors.py for tasks to queue
[2025-03-06T12:54:09.502+0000] {logging_mixin.py:188} INFO - [2025-03-06T12:54:09.502+0000] {dagbag.py:538} INFO - Filling up the DagBag from /home/airflow/.local/lib/python3.10/site-packages/airflow/example_dags/example_sensors.py
[2025-03-06T12:54:09.526+0000] {processor.py:840} INFO - DAG(s) 'example_sensors' retrieved from /home/airflow/.local/lib/python3.10/site-packages/airflow/example_dags/example_sensors.py
[2025-03-06T12:54:09.793+0000] {logging_mixin.py:188} INFO - [2025-03-06T12:54:09.793+0000] {dag.py:3036} INFO - Sync 1 DAGs
[2025-03-06T12:54:09.819+0000] {logging_mixin.py:188} INFO - [2025-03-06T12:54:09.819+0000] {dag.py:3823} INFO - Setting next_dagrun for example_sensors to None, run_after=None
[2025-03-06T12:54:09.963+0000] {processor.py:183} INFO - Processing /home/airflow/.local/lib/python3.10/site-packages/airflow/example_dags/example_sensors.py took 0.470 seconds
[2025-03-06T12:55:35.739+0000] {processor.py:161} INFO - Started process (PID=85) to work on /home/airflow/.local/lib/python3.10/site-packages/airflow/example_dags/example_sensors.py
[2025-03-06T12:55:35.743+0000] {processor.py:830} INFO - Processing file /home/airflow/.local/lib/python3.10/site-packages/airflow/example_dags/example_sensors.py for tasks to queue
[2025-03-06T12:55:35.746+0000] {logging_mixin.py:188} INFO - [2025-03-06T12:55:35.745+0000] {dagbag.py:538} INFO - Filling up the DagBag from /home/airflow/.local/lib/python3.10/site-packages/airflow/example_dags/example_sensors.py
[2025-03-06T12:55:35.767+0000] {processor.py:840} INFO - DAG(s) 'example_sensors' retrieved from /home/airflow/.local/lib/python3.10/site-packages/airflow/example_dags/example_sensors.py
[2025-03-06T12:55:35.832+0000] {logging_mixin.py:188} INFO - [2025-03-06T12:55:35.832+0000] {dag.py:3036} INFO - Sync 1 DAGs
[2025-03-06T12:55:35.858+0000] {logging_mixin.py:188} INFO - [2025-03-06T12:55:35.857+0000] {dag.py:3823} INFO - Setting next_dagrun for example_sensors to None, run_after=None
[2025-03-06T12:55:35.994+0000] {processor.py:183} INFO - Processing /home/airflow/.local/lib/python3.10/site-packages/airflow/example_dags/example_sensors.py took 0.270 seconds
[2025-03-06T12:56:29.997+0000] {processor.py:161} INFO - Started process (PID=116) to work on /home/airflow/.local/lib/python3.10/site-packages/airflow/example_dags/example_sensors.py
[2025-03-06T12:56:30.000+0000] {processor.py:830} INFO - Processing file /home/airflow/.local/lib/python3.10/site-packages/airflow/example_dags/example_sensors.py for tasks to queue
[2025-03-06T12:56:30.002+0000] {logging_mixin.py:188} INFO - [2025-03-06T12:56:30.001+0000] {dagbag.py:538} INFO - Filling up the DagBag from /home/airflow/.local/lib/python3.10/site-packages/airflow/example_dags/example_sensors.py
[2025-03-06T12:56:30.028+0000] {processor.py:840} INFO - DAG(s) 'example_sensors' retrieved from /home/airflow/.local/lib/python3.10/site-packages/airflow/example_dags/example_sensors.py
[2025-03-06T12:56:30.100+0000] {logging_mixin.py:188} INFO - [2025-03-06T12:56:30.099+0000] {dag.py:3036} INFO - Sync 1 DAGs
[2025-03-06T12:56:30.141+0000] {logging_mixin.py:188} INFO - [2025-03-06T12:56:30.140+0000] {dag.py:3823} INFO - Setting next_dagrun for example_sensors to None, run_after=None
[2025-03-06T12:56:30.293+0000] {processor.py:183} INFO - Processing /home/airflow/.local/lib/python3.10/site-packages/airflow/example_dags/example_sensors.py took 0.302 seconds
[2025-03-06T12:57:19.998+0000] {processor.py:161} INFO - Started process (PID=148) to work on /home/airflow/.local/lib/python3.10/site-packages/airflow/example_dags/example_sensors.py
[2025-03-06T12:57:20.012+0000] {processor.py:830} INFO - Processing file /home/airflow/.local/lib/python3.10/site-packages/airflow/example_dags/example_sensors.py for tasks to queue
[2025-03-06T12:57:20.018+0000] {logging_mixin.py:188} INFO - [2025-03-06T12:57:20.017+0000] {dagbag.py:538} INFO - Filling up the DagBag from /home/airflow/.local/lib/python3.10/site-packages/airflow/example_dags/example_sensors.py
[2025-03-06T12:57:20.064+0000] {processor.py:840} INFO - DAG(s) 'example_sensors' retrieved from /home/airflow/.local/lib/python3.10/site-packages/airflow/example_dags/example_sensors.py
[2025-03-06T12:57:20.264+0000] {logging_mixin.py:188} INFO - [2025-03-06T12:57:20.264+0000] {dag.py:3036} INFO - Sync 1 DAGs
[2025-03-06T12:57:20.573+0000] {logging_mixin.py:188} INFO - [2025-03-06T12:57:20.572+0000] {dag.py:3823} INFO - Setting next_dagrun for example_sensors to None, run_after=None
[2025-03-06T12:57:22.040+0000] {processor.py:183} INFO - Processing /home/airflow/.local/lib/python3.10/site-packages/airflow/example_dags/example_sensors.py took 2.058 seconds
[2025-03-06T12:58:10.206+0000] {processor.py:161} INFO - Started process (PID=177) to work on /home/airflow/.local/lib/python3.10/site-packages/airflow/example_dags/example_sensors.py
[2025-03-06T12:58:10.208+0000] {processor.py:830} INFO - Processing file /home/airflow/.local/lib/python3.10/site-packages/airflow/example_dags/example_sensors.py for tasks to queue
[2025-03-06T12:58:10.210+0000] {logging_mixin.py:188} INFO - [2025-03-06T12:58:10.209+0000] {dagbag.py:538} INFO - Filling up the DagBag from /home/airflow/.local/lib/python3.10/site-packages/airflow/example_dags/example_sensors.py
[2025-03-06T12:58:10.230+0000] {processor.py:840} INFO - DAG(s) 'example_sensors' retrieved from /home/airflow/.local/lib/python3.10/site-packages/airflow/example_dags/example_sensors.py
[2025-03-06T12:58:10.297+0000] {logging_mixin.py:188} INFO - [2025-03-06T12:58:10.297+0000] {dag.py:3036} INFO - Sync 1 DAGs
[2025-03-06T12:58:10.329+0000] {logging_mixin.py:188} INFO - [2025-03-06T12:58:10.328+0000] {dag.py:3823} INFO - Setting next_dagrun for example_sensors to None, run_after=None
[2025-03-06T12:58:10.476+0000] {processor.py:183} INFO - Processing /home/airflow/.local/lib/python3.10/site-packages/airflow/example_dags/example_sensors.py took 0.277 seconds
[2025-03-06T12:58:54.172+0000] {processor.py:161} INFO - Started process (PID=208) to work on /home/airflow/.local/lib/python3.10/site-packages/airflow/example_dags/example_sensors.py
[2025-03-06T12:58:54.175+0000] {processor.py:830} INFO - Processing file /home/airflow/.local/lib/python3.10/site-packages/airflow/example_dags/example_sensors.py for tasks to queue
[2025-03-06T12:58:54.177+0000] {logging_mixin.py:188} INFO - [2025-03-06T12:58:54.176+0000] {dagbag.py:538} INFO - Filling up the DagBag from /home/airflow/.local/lib/python3.10/site-packages/airflow/example_dags/example_sensors.py
[2025-03-06T12:58:54.201+0000] {processor.py:840} INFO - DAG(s) 'example_sensors' retrieved from /home/airflow/.local/lib/python3.10/site-packages/airflow/example_dags/example_sensors.py
[2025-03-06T12:58:54.266+0000] {logging_mixin.py:188} INFO - [2025-03-06T12:58:54.266+0000] {dag.py:3036} INFO - Sync 1 DAGs
[2025-03-06T12:58:54.292+0000] {logging_mixin.py:188} INFO - [2025-03-06T12:58:54.292+0000] {dag.py:3823} INFO - Setting next_dagrun for example_sensors to None, run_after=None
[2025-03-06T12:58:54.413+0000] {processor.py:183} INFO - Processing /home/airflow/.local/lib/python3.10/site-packages/airflow/example_dags/example_sensors.py took 0.245 seconds
[2025-03-06T13:00:11.823+0000] {processor.py:161} INFO - Started process (PID=263) to work on /home/airflow/.local/lib/python3.10/site-packages/airflow/example_dags/example_sensors.py
[2025-03-06T13:00:11.826+0000] {processor.py:830} INFO - Processing file /home/airflow/.local/lib/python3.10/site-packages/airflow/example_dags/example_sensors.py for tasks to queue
[2025-03-06T13:00:11.828+0000] {logging_mixin.py:188} INFO - [2025-03-06T13:00:11.827+0000] {dagbag.py:538} INFO - Filling up the DagBag from /home/airflow/.local/lib/python3.10/site-packages/airflow/example_dags/example_sensors.py
[2025-03-06T13:00:11.851+0000] {processor.py:840} INFO - DAG(s) 'example_sensors' retrieved from /home/airflow/.local/lib/python3.10/site-packages/airflow/example_dags/example_sensors.py
[2025-03-06T13:00:11.922+0000] {logging_mixin.py:188} INFO - [2025-03-06T13:00:11.921+0000] {dag.py:3036} INFO - Sync 1 DAGs
[2025-03-06T13:00:11.954+0000] {logging_mixin.py:188} INFO - [2025-03-06T13:00:11.954+0000] {dag.py:3823} INFO - Setting next_dagrun for example_sensors to None, run_after=None
[2025-03-06T13:00:12.061+0000] {processor.py:183} INFO - Processing /home/airflow/.local/lib/python3.10/site-packages/airflow/example_dags/example_sensors.py took 0.245 seconds
[2025-03-06T13:01:32.843+0000] {processor.py:161} INFO - Started process (PID=319) to work on /home/airflow/.local/lib/python3.10/site-packages/airflow/example_dags/example_sensors.py
[2025-03-06T13:01:32.849+0000] {processor.py:830} INFO - Processing file /home/airflow/.local/lib/python3.10/site-packages/airflow/example_dags/example_sensors.py for tasks to queue
[2025-03-06T13:01:32.852+0000] {logging_mixin.py:188} INFO - [2025-03-06T13:01:32.851+0000] {dagbag.py:538} INFO - Filling up the DagBag from /home/airflow/.local/lib/python3.10/site-packages/airflow/example_dags/example_sensors.py
[2025-03-06T13:01:32.885+0000] {processor.py:840} INFO - DAG(s) 'example_sensors' retrieved from /home/airflow/.local/lib/python3.10/site-packages/airflow/example_dags/example_sensors.py
[2025-03-06T13:01:32.974+0000] {logging_mixin.py:188} INFO - [2025-03-06T13:01:32.974+0000] {dag.py:3036} INFO - Sync 1 DAGs
[2025-03-06T13:01:33.021+0000] {logging_mixin.py:188} INFO - [2025-03-06T13:01:33.021+0000] {dag.py:3823} INFO - Setting next_dagrun for example_sensors to None, run_after=None
[2025-03-06T13:01:33.188+0000] {processor.py:183} INFO - Processing /home/airflow/.local/lib/python3.10/site-packages/airflow/example_dags/example_sensors.py took 0.351 seconds
[2025-03-06T13:02:52.012+0000] {processor.py:161} INFO - Started process (PID=37) to work on /home/airflow/.local/lib/python3.10/site-packages/airflow/example_dags/example_sensors.py
[2025-03-06T13:02:52.014+0000] {processor.py:830} INFO - Processing file /home/airflow/.local/lib/python3.10/site-packages/airflow/example_dags/example_sensors.py for tasks to queue
[2025-03-06T13:02:52.017+0000] {logging_mixin.py:188} INFO - [2025-03-06T13:02:52.016+0000] {dagbag.py:538} INFO - Filling up the DagBag from /home/airflow/.local/lib/python3.10/site-packages/airflow/example_dags/example_sensors.py
[2025-03-06T13:02:52.046+0000] {processor.py:840} INFO - DAG(s) 'example_sensors' retrieved from /home/airflow/.local/lib/python3.10/site-packages/airflow/example_dags/example_sensors.py
[2025-03-06T13:02:52.145+0000] {logging_mixin.py:188} INFO - [2025-03-06T13:02:52.145+0000] {dag.py:3036} INFO - Sync 1 DAGs
[2025-03-06T13:02:52.185+0000] {logging_mixin.py:188} INFO - [2025-03-06T13:02:52.184+0000] {dag.py:3823} INFO - Setting next_dagrun for example_sensors to None, run_after=None
[2025-03-06T13:02:52.334+0000] {processor.py:183} INFO - Processing /home/airflow/.local/lib/python3.10/site-packages/airflow/example_dags/example_sensors.py took 0.331 seconds
[2025-03-06T13:03:48.055+0000] {processor.py:161} INFO - Started process (PID=37) to work on /home/airflow/.local/lib/python3.10/site-packages/airflow/example_dags/example_sensors.py
[2025-03-06T13:03:48.058+0000] {processor.py:830} INFO - Processing file /home/airflow/.local/lib/python3.10/site-packages/airflow/example_dags/example_sensors.py for tasks to queue
[2025-03-06T13:03:48.064+0000] {logging_mixin.py:188} INFO - [2025-03-06T13:03:48.062+0000] {dagbag.py:538} INFO - Filling up the DagBag from /home/airflow/.local/lib/python3.10/site-packages/airflow/example_dags/example_sensors.py
[2025-03-06T13:03:48.135+0000] {processor.py:840} INFO - DAG(s) 'example_sensors' retrieved from /home/airflow/.local/lib/python3.10/site-packages/airflow/example_dags/example_sensors.py
[2025-03-06T13:03:48.375+0000] {logging_mixin.py:188} INFO - [2025-03-06T13:03:48.374+0000] {dag.py:3036} INFO - Sync 1 DAGs
[2025-03-06T13:03:48.451+0000] {logging_mixin.py:188} INFO - [2025-03-06T13:03:48.450+0000] {dag.py:3823} INFO - Setting next_dagrun for example_sensors to None, run_after=None
[2025-03-06T13:03:48.773+0000] {processor.py:183} INFO - Processing /home/airflow/.local/lib/python3.10/site-packages/airflow/example_dags/example_sensors.py took 0.727 seconds
[2025-03-06T13:05:12.521+0000] {processor.py:161} INFO - Started process (PID=86) to work on /home/airflow/.local/lib/python3.10/site-packages/airflow/example_dags/example_sensors.py
[2025-03-06T13:05:12.529+0000] {processor.py:830} INFO - Processing file /home/airflow/.local/lib/python3.10/site-packages/airflow/example_dags/example_sensors.py for tasks to queue
[2025-03-06T13:05:12.531+0000] {logging_mixin.py:188} INFO - [2025-03-06T13:05:12.530+0000] {dagbag.py:538} INFO - Filling up the DagBag from /home/airflow/.local/lib/python3.10/site-packages/airflow/example_dags/example_sensors.py
[2025-03-06T13:05:12.564+0000] {processor.py:840} INFO - DAG(s) 'example_sensors' retrieved from /home/airflow/.local/lib/python3.10/site-packages/airflow/example_dags/example_sensors.py
[2025-03-06T13:05:12.658+0000] {logging_mixin.py:188} INFO - [2025-03-06T13:05:12.657+0000] {dag.py:3036} INFO - Sync 1 DAGs
[2025-03-06T13:05:12.705+0000] {logging_mixin.py:188} INFO - [2025-03-06T13:05:12.704+0000] {dag.py:3823} INFO - Setting next_dagrun for example_sensors to None, run_after=None
[2025-03-06T13:05:12.898+0000] {processor.py:183} INFO - Processing /home/airflow/.local/lib/python3.10/site-packages/airflow/example_dags/example_sensors.py took 0.386 seconds
[2025-03-06T13:06:01.828+0000] {processor.py:161} INFO - Started process (PID=115) to work on /home/airflow/.local/lib/python3.10/site-packages/airflow/example_dags/example_sensors.py
[2025-03-06T13:06:01.830+0000] {processor.py:830} INFO - Processing file /home/airflow/.local/lib/python3.10/site-packages/airflow/example_dags/example_sensors.py for tasks to queue
[2025-03-06T13:06:01.833+0000] {logging_mixin.py:188} INFO - [2025-03-06T13:06:01.832+0000] {dagbag.py:538} INFO - Filling up the DagBag from /home/airflow/.local/lib/python3.10/site-packages/airflow/example_dags/example_sensors.py
[2025-03-06T13:06:01.849+0000] {processor.py:840} INFO - DAG(s) 'example_sensors' retrieved from /home/airflow/.local/lib/python3.10/site-packages/airflow/example_dags/example_sensors.py
[2025-03-06T13:06:01.911+0000] {logging_mixin.py:188} INFO - [2025-03-06T13:06:01.911+0000] {dag.py:3036} INFO - Sync 1 DAGs
[2025-03-06T13:06:01.941+0000] {logging_mixin.py:188} INFO - [2025-03-06T13:06:01.941+0000] {dag.py:3823} INFO - Setting next_dagrun for example_sensors to None, run_after=None
[2025-03-06T13:06:02.092+0000] {processor.py:183} INFO - Processing /home/airflow/.local/lib/python3.10/site-packages/airflow/example_dags/example_sensors.py took 0.269 seconds
[2025-03-06T13:06:50.447+0000] {processor.py:161} INFO - Started process (PID=147) to work on /home/airflow/.local/lib/python3.10/site-packages/airflow/example_dags/example_sensors.py
[2025-03-06T13:06:50.451+0000] {processor.py:830} INFO - Processing file /home/airflow/.local/lib/python3.10/site-packages/airflow/example_dags/example_sensors.py for tasks to queue
[2025-03-06T13:06:50.454+0000] {logging_mixin.py:188} INFO - [2025-03-06T13:06:50.453+0000] {dagbag.py:538} INFO - Filling up the DagBag from /home/airflow/.local/lib/python3.10/site-packages/airflow/example_dags/example_sensors.py
[2025-03-06T13:06:50.475+0000] {processor.py:840} INFO - DAG(s) 'example_sensors' retrieved from /home/airflow/.local/lib/python3.10/site-packages/airflow/example_dags/example_sensors.py
[2025-03-06T13:06:50.554+0000] {logging_mixin.py:188} INFO - [2025-03-06T13:06:50.553+0000] {dag.py:3036} INFO - Sync 1 DAGs
[2025-03-06T13:06:50.595+0000] {logging_mixin.py:188} INFO - [2025-03-06T13:06:50.594+0000] {dag.py:3823} INFO - Setting next_dagrun for example_sensors to None, run_after=None
[2025-03-06T13:06:50.760+0000] {processor.py:183} INFO - Processing /home/airflow/.local/lib/python3.10/site-packages/airflow/example_dags/example_sensors.py took 0.318 seconds
[2025-03-06T13:07:45.384+0000] {processor.py:161} INFO - Started process (PID=177) to work on /home/airflow/.local/lib/python3.10/site-packages/airflow/example_dags/example_sensors.py
[2025-03-06T13:07:45.387+0000] {processor.py:830} INFO - Processing file /home/airflow/.local/lib/python3.10/site-packages/airflow/example_dags/example_sensors.py for tasks to queue
[2025-03-06T13:07:45.390+0000] {logging_mixin.py:188} INFO - [2025-03-06T13:07:45.389+0000] {dagbag.py:538} INFO - Filling up the DagBag from /home/airflow/.local/lib/python3.10/site-packages/airflow/example_dags/example_sensors.py
[2025-03-06T13:07:45.426+0000] {processor.py:840} INFO - DAG(s) 'example_sensors' retrieved from /home/airflow/.local/lib/python3.10/site-packages/airflow/example_dags/example_sensors.py
[2025-03-06T13:07:45.502+0000] {logging_mixin.py:188} INFO - [2025-03-06T13:07:45.502+0000] {dag.py:3036} INFO - Sync 1 DAGs
[2025-03-06T13:07:45.533+0000] {logging_mixin.py:188} INFO - [2025-03-06T13:07:45.532+0000] {dag.py:3823} INFO - Setting next_dagrun for example_sensors to None, run_after=None
[2025-03-06T13:07:45.661+0000] {processor.py:183} INFO - Processing /home/airflow/.local/lib/python3.10/site-packages/airflow/example_dags/example_sensors.py took 0.285 seconds
[2025-03-06T13:08:33.986+0000] {processor.py:161} INFO - Started process (PID=211) to work on /home/airflow/.local/lib/python3.10/site-packages/airflow/example_dags/example_sensors.py
[2025-03-06T13:08:33.989+0000] {processor.py:830} INFO - Processing file /home/airflow/.local/lib/python3.10/site-packages/airflow/example_dags/example_sensors.py for tasks to queue
[2025-03-06T13:08:33.991+0000] {logging_mixin.py:188} INFO - [2025-03-06T13:08:33.990+0000] {dagbag.py:538} INFO - Filling up the DagBag from /home/airflow/.local/lib/python3.10/site-packages/airflow/example_dags/example_sensors.py
[2025-03-06T13:08:34.012+0000] {processor.py:840} INFO - DAG(s) 'example_sensors' retrieved from /home/airflow/.local/lib/python3.10/site-packages/airflow/example_dags/example_sensors.py
[2025-03-06T13:08:34.088+0000] {logging_mixin.py:188} INFO - [2025-03-06T13:08:34.087+0000] {dag.py:3036} INFO - Sync 1 DAGs
[2025-03-06T13:08:34.124+0000] {logging_mixin.py:188} INFO - [2025-03-06T13:08:34.124+0000] {dag.py:3823} INFO - Setting next_dagrun for example_sensors to None, run_after=None
[2025-03-06T13:08:34.296+0000] {processor.py:183} INFO - Processing /home/airflow/.local/lib/python3.10/site-packages/airflow/example_dags/example_sensors.py took 0.318 seconds
[2025-03-06T13:10:04.470+0000] {processor.py:161} INFO - Started process (PID=269) to work on /home/airflow/.local/lib/python3.10/site-packages/airflow/example_dags/example_sensors.py
[2025-03-06T13:10:04.475+0000] {processor.py:830} INFO - Processing file /home/airflow/.local/lib/python3.10/site-packages/airflow/example_dags/example_sensors.py for tasks to queue
[2025-03-06T13:10:04.477+0000] {logging_mixin.py:188} INFO - [2025-03-06T13:10:04.476+0000] {dagbag.py:538} INFO - Filling up the DagBag from /home/airflow/.local/lib/python3.10/site-packages/airflow/example_dags/example_sensors.py
[2025-03-06T13:10:04.498+0000] {processor.py:840} INFO - DAG(s) 'example_sensors' retrieved from /home/airflow/.local/lib/python3.10/site-packages/airflow/example_dags/example_sensors.py
[2025-03-06T13:10:04.566+0000] {logging_mixin.py:188} INFO - [2025-03-06T13:10:04.565+0000] {dag.py:3036} INFO - Sync 1 DAGs
[2025-03-06T13:10:04.601+0000] {logging_mixin.py:188} INFO - [2025-03-06T13:10:04.600+0000] {dag.py:3823} INFO - Setting next_dagrun for example_sensors to None, run_after=None
[2025-03-06T13:10:04.776+0000] {processor.py:183} INFO - Processing /home/airflow/.local/lib/python3.10/site-packages/airflow/example_dags/example_sensors.py took 0.313 seconds
[2025-03-06T13:10:49.009+0000] {processor.py:161} INFO - Started process (PID=296) to work on /home/airflow/.local/lib/python3.10/site-packages/airflow/example_dags/example_sensors.py
[2025-03-06T13:10:49.012+0000] {processor.py:830} INFO - Processing file /home/airflow/.local/lib/python3.10/site-packages/airflow/example_dags/example_sensors.py for tasks to queue
[2025-03-06T13:10:49.015+0000] {logging_mixin.py:188} INFO - [2025-03-06T13:10:49.014+0000] {dagbag.py:538} INFO - Filling up the DagBag from /home/airflow/.local/lib/python3.10/site-packages/airflow/example_dags/example_sensors.py
[2025-03-06T13:10:49.046+0000] {processor.py:840} INFO - DAG(s) 'example_sensors' retrieved from /home/airflow/.local/lib/python3.10/site-packages/airflow/example_dags/example_sensors.py
[2025-03-06T13:10:49.125+0000] {logging_mixin.py:188} INFO - [2025-03-06T13:10:49.124+0000] {dag.py:3036} INFO - Sync 1 DAGs
[2025-03-06T13:10:49.161+0000] {logging_mixin.py:188} INFO - [2025-03-06T13:10:49.160+0000] {dag.py:3823} INFO - Setting next_dagrun for example_sensors to None, run_after=None
[2025-03-06T13:10:49.290+0000] {processor.py:183} INFO - Processing /home/airflow/.local/lib/python3.10/site-packages/airflow/example_dags/example_sensors.py took 0.290 seconds
[2025-03-06T13:11:29.893+0000] {processor.py:161} INFO - Started process (PID=37) to work on /home/airflow/.local/lib/python3.10/site-packages/airflow/example_dags/example_sensors.py
[2025-03-06T13:11:29.896+0000] {processor.py:830} INFO - Processing file /home/airflow/.local/lib/python3.10/site-packages/airflow/example_dags/example_sensors.py for tasks to queue
[2025-03-06T13:11:29.899+0000] {logging_mixin.py:188} INFO - [2025-03-06T13:11:29.898+0000] {dagbag.py:538} INFO - Filling up the DagBag from /home/airflow/.local/lib/python3.10/site-packages/airflow/example_dags/example_sensors.py
[2025-03-06T13:11:29.932+0000] {processor.py:840} INFO - DAG(s) 'example_sensors' retrieved from /home/airflow/.local/lib/python3.10/site-packages/airflow/example_dags/example_sensors.py
[2025-03-06T13:11:30.076+0000] {logging_mixin.py:188} INFO - [2025-03-06T13:11:30.075+0000] {dag.py:3036} INFO - Sync 1 DAGs
[2025-03-06T13:11:30.119+0000] {logging_mixin.py:188} INFO - [2025-03-06T13:11:30.119+0000] {dag.py:3823} INFO - Setting next_dagrun for example_sensors to None, run_after=None
[2025-03-06T13:11:30.325+0000] {processor.py:183} INFO - Processing /home/airflow/.local/lib/python3.10/site-packages/airflow/example_dags/example_sensors.py took 0.439 seconds
[2025-03-06T13:12:53.788+0000] {processor.py:161} INFO - Started process (PID=86) to work on /home/airflow/.local/lib/python3.10/site-packages/airflow/example_dags/example_sensors.py
[2025-03-06T13:12:53.790+0000] {processor.py:830} INFO - Processing file /home/airflow/.local/lib/python3.10/site-packages/airflow/example_dags/example_sensors.py for tasks to queue
[2025-03-06T13:12:53.793+0000] {logging_mixin.py:188} INFO - [2025-03-06T13:12:53.792+0000] {dagbag.py:538} INFO - Filling up the DagBag from /home/airflow/.local/lib/python3.10/site-packages/airflow/example_dags/example_sensors.py
[2025-03-06T13:12:53.821+0000] {processor.py:840} INFO - DAG(s) 'example_sensors' retrieved from /home/airflow/.local/lib/python3.10/site-packages/airflow/example_dags/example_sensors.py
[2025-03-06T13:12:53.904+0000] {logging_mixin.py:188} INFO - [2025-03-06T13:12:53.904+0000] {dag.py:3036} INFO - Sync 1 DAGs
[2025-03-06T13:12:53.943+0000] {logging_mixin.py:188} INFO - [2025-03-06T13:12:53.942+0000] {dag.py:3823} INFO - Setting next_dagrun for example_sensors to None, run_after=None
[2025-03-06T13:12:54.114+0000] {processor.py:183} INFO - Processing /home/airflow/.local/lib/python3.10/site-packages/airflow/example_dags/example_sensors.py took 0.333 seconds
[2025-03-06T13:13:49.299+0000] {processor.py:161} INFO - Started process (PID=120) to work on /home/airflow/.local/lib/python3.10/site-packages/airflow/example_dags/example_sensors.py
[2025-03-06T13:13:49.302+0000] {processor.py:830} INFO - Processing file /home/airflow/.local/lib/python3.10/site-packages/airflow/example_dags/example_sensors.py for tasks to queue
[2025-03-06T13:13:49.305+0000] {logging_mixin.py:188} INFO - [2025-03-06T13:13:49.303+0000] {dagbag.py:538} INFO - Filling up the DagBag from /home/airflow/.local/lib/python3.10/site-packages/airflow/example_dags/example_sensors.py
[2025-03-06T13:13:49.327+0000] {processor.py:840} INFO - DAG(s) 'example_sensors' retrieved from /home/airflow/.local/lib/python3.10/site-packages/airflow/example_dags/example_sensors.py
[2025-03-06T13:13:49.422+0000] {logging_mixin.py:188} INFO - [2025-03-06T13:13:49.422+0000] {dag.py:3036} INFO - Sync 1 DAGs
[2025-03-06T13:13:49.473+0000] {logging_mixin.py:188} INFO - [2025-03-06T13:13:49.472+0000] {dag.py:3823} INFO - Setting next_dagrun for example_sensors to None, run_after=None
[2025-03-06T13:13:49.665+0000] {processor.py:183} INFO - Processing /home/airflow/.local/lib/python3.10/site-packages/airflow/example_dags/example_sensors.py took 0.374 seconds
[2025-03-06T13:14:36.635+0000] {processor.py:161} INFO - Started process (PID=150) to work on /home/airflow/.local/lib/python3.10/site-packages/airflow/example_dags/example_sensors.py
[2025-03-06T13:14:36.640+0000] {processor.py:830} INFO - Processing file /home/airflow/.local/lib/python3.10/site-packages/airflow/example_dags/example_sensors.py for tasks to queue
[2025-03-06T13:14:36.643+0000] {logging_mixin.py:188} INFO - [2025-03-06T13:14:36.642+0000] {dagbag.py:538} INFO - Filling up the DagBag from /home/airflow/.local/lib/python3.10/site-packages/airflow/example_dags/example_sensors.py
[2025-03-06T13:14:36.688+0000] {processor.py:840} INFO - DAG(s) 'example_sensors' retrieved from /home/airflow/.local/lib/python3.10/site-packages/airflow/example_dags/example_sensors.py
[2025-03-06T13:14:36.783+0000] {logging_mixin.py:188} INFO - [2025-03-06T13:14:36.783+0000] {dag.py:3036} INFO - Sync 1 DAGs
[2025-03-06T13:14:36.823+0000] {logging_mixin.py:188} INFO - [2025-03-06T13:14:36.823+0000] {dag.py:3823} INFO - Setting next_dagrun for example_sensors to None, run_after=None
[2025-03-06T13:14:36.987+0000] {processor.py:183} INFO - Processing /home/airflow/.local/lib/python3.10/site-packages/airflow/example_dags/example_sensors.py took 0.369 seconds
[2025-03-06T13:15:25.435+0000] {processor.py:161} INFO - Started process (PID=180) to work on /home/airflow/.local/lib/python3.10/site-packages/airflow/example_dags/example_sensors.py
[2025-03-06T13:15:25.437+0000] {processor.py:830} INFO - Processing file /home/airflow/.local/lib/python3.10/site-packages/airflow/example_dags/example_sensors.py for tasks to queue
[2025-03-06T13:15:25.441+0000] {logging_mixin.py:188} INFO - [2025-03-06T13:15:25.440+0000] {dagbag.py:538} INFO - Filling up the DagBag from /home/airflow/.local/lib/python3.10/site-packages/airflow/example_dags/example_sensors.py
[2025-03-06T13:15:25.461+0000] {processor.py:840} INFO - DAG(s) 'example_sensors' retrieved from /home/airflow/.local/lib/python3.10/site-packages/airflow/example_dags/example_sensors.py
[2025-03-06T13:15:25.523+0000] {logging_mixin.py:188} INFO - [2025-03-06T13:15:25.522+0000] {dag.py:3036} INFO - Sync 1 DAGs
[2025-03-06T13:15:25.549+0000] {logging_mixin.py:188} INFO - [2025-03-06T13:15:25.549+0000] {dag.py:3823} INFO - Setting next_dagrun for example_sensors to None, run_after=None
[2025-03-06T13:15:25.685+0000] {processor.py:183} INFO - Processing /home/airflow/.local/lib/python3.10/site-packages/airflow/example_dags/example_sensors.py took 0.256 seconds
[2025-03-06T13:16:15.248+0000] {processor.py:161} INFO - Started process (PID=212) to work on /home/airflow/.local/lib/python3.10/site-packages/airflow/example_dags/example_sensors.py
[2025-03-06T13:16:15.257+0000] {processor.py:830} INFO - Processing file /home/airflow/.local/lib/python3.10/site-packages/airflow/example_dags/example_sensors.py for tasks to queue
[2025-03-06T13:16:15.260+0000] {logging_mixin.py:188} INFO - [2025-03-06T13:16:15.259+0000] {dagbag.py:538} INFO - Filling up the DagBag from /home/airflow/.local/lib/python3.10/site-packages/airflow/example_dags/example_sensors.py
[2025-03-06T13:16:15.291+0000] {processor.py:840} INFO - DAG(s) 'example_sensors' retrieved from /home/airflow/.local/lib/python3.10/site-packages/airflow/example_dags/example_sensors.py
[2025-03-06T13:16:15.540+0000] {logging_mixin.py:188} INFO - [2025-03-06T13:16:15.539+0000] {dag.py:3036} INFO - Sync 1 DAGs
[2025-03-06T13:16:15.600+0000] {logging_mixin.py:188} INFO - [2025-03-06T13:16:15.599+0000] {dag.py:3823} INFO - Setting next_dagrun for example_sensors to None, run_after=None
[2025-03-06T13:16:15.807+0000] {processor.py:183} INFO - Processing /home/airflow/.local/lib/python3.10/site-packages/airflow/example_dags/example_sensors.py took 0.566 seconds
[2025-03-06T13:17:07.021+0000] {processor.py:161} INFO - Started process (PID=241) to work on /home/airflow/.local/lib/python3.10/site-packages/airflow/example_dags/example_sensors.py
[2025-03-06T13:17:07.028+0000] {processor.py:830} INFO - Processing file /home/airflow/.local/lib/python3.10/site-packages/airflow/example_dags/example_sensors.py for tasks to queue
[2025-03-06T13:17:07.033+0000] {logging_mixin.py:188} INFO - [2025-03-06T13:17:07.032+0000] {dagbag.py:538} INFO - Filling up the DagBag from /home/airflow/.local/lib/python3.10/site-packages/airflow/example_dags/example_sensors.py
[2025-03-06T13:17:07.073+0000] {processor.py:840} INFO - DAG(s) 'example_sensors' retrieved from /home/airflow/.local/lib/python3.10/site-packages/airflow/example_dags/example_sensors.py
[2025-03-06T13:17:07.150+0000] {logging_mixin.py:188} INFO - [2025-03-06T13:17:07.150+0000] {dag.py:3036} INFO - Sync 1 DAGs
[2025-03-06T13:17:07.183+0000] {logging_mixin.py:188} INFO - [2025-03-06T13:17:07.183+0000] {dag.py:3823} INFO - Setting next_dagrun for example_sensors to None, run_after=None
[2025-03-06T13:17:07.346+0000] {processor.py:183} INFO - Processing /home/airflow/.local/lib/python3.10/site-packages/airflow/example_dags/example_sensors.py took 0.331 seconds
[2025-03-06T13:18:11.283+0000] {processor.py:161} INFO - Started process (PID=274) to work on /home/airflow/.local/lib/python3.10/site-packages/airflow/example_dags/example_sensors.py
[2025-03-06T13:18:11.286+0000] {processor.py:830} INFO - Processing file /home/airflow/.local/lib/python3.10/site-packages/airflow/example_dags/example_sensors.py for tasks to queue
[2025-03-06T13:18:11.289+0000] {logging_mixin.py:188} INFO - [2025-03-06T13:18:11.288+0000] {dagbag.py:538} INFO - Filling up the DagBag from /home/airflow/.local/lib/python3.10/site-packages/airflow/example_dags/example_sensors.py
[2025-03-06T13:18:11.330+0000] {processor.py:840} INFO - DAG(s) 'example_sensors' retrieved from /home/airflow/.local/lib/python3.10/site-packages/airflow/example_dags/example_sensors.py
[2025-03-06T13:18:11.410+0000] {logging_mixin.py:188} INFO - [2025-03-06T13:18:11.409+0000] {dag.py:3036} INFO - Sync 1 DAGs
[2025-03-06T13:18:11.441+0000] {logging_mixin.py:188} INFO - [2025-03-06T13:18:11.440+0000] {dag.py:3823} INFO - Setting next_dagrun for example_sensors to None, run_after=None
[2025-03-06T13:18:11.578+0000] {processor.py:183} INFO - Processing /home/airflow/.local/lib/python3.10/site-packages/airflow/example_dags/example_sensors.py took 0.307 seconds
