[2025-03-06T12:55:09.016+0000] {processor.py:161} INFO - Started process (PID=69) to work on /home/airflow/.local/lib/python3.10/site-packages/airflow/example_dags/example_bash_operator.py
[2025-03-06T12:55:09.022+0000] {processor.py:830} INFO - Processing file /home/airflow/.local/lib/python3.10/site-packages/airflow/example_dags/example_bash_operator.py for tasks to queue
[2025-03-06T12:55:09.029+0000] {logging_mixin.py:188} INFO - [2025-03-06T12:55:09.028+0000] {dagbag.py:538} INFO - Filling up the DagBag from /home/airflow/.local/lib/python3.10/site-packages/airflow/example_dags/example_bash_operator.py
[2025-03-06T12:55:09.080+0000] {processor.py:840} INFO - DAG(s) 'example_bash_operator' retrieved from /home/airflow/.local/lib/python3.10/site-packages/airflow/example_dags/example_bash_operator.py
[2025-03-06T12:55:09.369+0000] {logging_mixin.py:188} INFO - [2025-03-06T12:55:09.369+0000] {dag.py:3036} INFO - Sync 1 DAGs
[2025-03-06T12:55:09.419+0000] {logging_mixin.py:188} INFO - [2025-03-06T12:55:09.418+0000] {dag.py:3823} INFO - Setting next_dagrun for example_bash_operator to 2025-03-05 00:00:00+00:00, run_after=2025-03-06 00:00:00+00:00
[2025-03-06T12:55:09.573+0000] {processor.py:183} INFO - Processing /home/airflow/.local/lib/python3.10/site-packages/airflow/example_dags/example_bash_operator.py took 0.568 seconds
[2025-03-06T12:56:55.877+0000] {processor.py:161} INFO - Started process (PID=132) to work on /home/airflow/.local/lib/python3.10/site-packages/airflow/example_dags/example_bash_operator.py
[2025-03-06T12:56:55.882+0000] {processor.py:830} INFO - Processing file /home/airflow/.local/lib/python3.10/site-packages/airflow/example_dags/example_bash_operator.py for tasks to queue
[2025-03-06T12:56:55.889+0000] {logging_mixin.py:188} INFO - [2025-03-06T12:56:55.887+0000] {dagbag.py:538} INFO - Filling up the DagBag from /home/airflow/.local/lib/python3.10/site-packages/airflow/example_dags/example_bash_operator.py
[2025-03-06T12:56:55.937+0000] {processor.py:840} INFO - DAG(s) 'example_bash_operator' retrieved from /home/airflow/.local/lib/python3.10/site-packages/airflow/example_dags/example_bash_operator.py
[2025-03-06T12:56:56.053+0000] {logging_mixin.py:188} INFO - [2025-03-06T12:56:56.053+0000] {dag.py:3036} INFO - Sync 1 DAGs
[2025-03-06T12:56:56.146+0000] {logging_mixin.py:188} INFO - [2025-03-06T12:56:56.145+0000] {dag.py:3823} INFO - Setting next_dagrun for example_bash_operator to 2025-03-05 00:00:00+00:00, run_after=2025-03-06 00:00:00+00:00
[2025-03-06T12:56:56.341+0000] {processor.py:183} INFO - Processing /home/airflow/.local/lib/python3.10/site-packages/airflow/example_dags/example_bash_operator.py took 0.470 seconds
[2025-03-06T12:58:31.826+0000] {processor.py:161} INFO - Started process (PID=192) to work on /home/airflow/.local/lib/python3.10/site-packages/airflow/example_dags/example_bash_operator.py
[2025-03-06T12:58:31.829+0000] {processor.py:830} INFO - Processing file /home/airflow/.local/lib/python3.10/site-packages/airflow/example_dags/example_bash_operator.py for tasks to queue
[2025-03-06T12:58:31.831+0000] {logging_mixin.py:188} INFO - [2025-03-06T12:58:31.830+0000] {dagbag.py:538} INFO - Filling up the DagBag from /home/airflow/.local/lib/python3.10/site-packages/airflow/example_dags/example_bash_operator.py
[2025-03-06T12:58:31.858+0000] {processor.py:840} INFO - DAG(s) 'example_bash_operator' retrieved from /home/airflow/.local/lib/python3.10/site-packages/airflow/example_dags/example_bash_operator.py
[2025-03-06T12:58:31.926+0000] {logging_mixin.py:188} INFO - [2025-03-06T12:58:31.926+0000] {dag.py:3036} INFO - Sync 1 DAGs
[2025-03-06T12:58:31.977+0000] {logging_mixin.py:188} INFO - [2025-03-06T12:58:31.976+0000] {dag.py:3823} INFO - Setting next_dagrun for example_bash_operator to 2025-03-05 00:00:00+00:00, run_after=2025-03-06 00:00:00+00:00
[2025-03-06T12:58:32.121+0000] {processor.py:183} INFO - Processing /home/airflow/.local/lib/python3.10/site-packages/airflow/example_dags/example_bash_operator.py took 0.301 seconds
[2025-03-06T12:59:52.332+0000] {processor.py:161} INFO - Started process (PID=248) to work on /home/airflow/.local/lib/python3.10/site-packages/airflow/example_dags/example_bash_operator.py
[2025-03-06T12:59:52.334+0000] {processor.py:830} INFO - Processing file /home/airflow/.local/lib/python3.10/site-packages/airflow/example_dags/example_bash_operator.py for tasks to queue
[2025-03-06T12:59:52.336+0000] {logging_mixin.py:188} INFO - [2025-03-06T12:59:52.335+0000] {dagbag.py:538} INFO - Filling up the DagBag from /home/airflow/.local/lib/python3.10/site-packages/airflow/example_dags/example_bash_operator.py
[2025-03-06T12:59:52.364+0000] {processor.py:840} INFO - DAG(s) 'example_bash_operator' retrieved from /home/airflow/.local/lib/python3.10/site-packages/airflow/example_dags/example_bash_operator.py
[2025-03-06T12:59:52.451+0000] {logging_mixin.py:188} INFO - [2025-03-06T12:59:52.451+0000] {dag.py:3036} INFO - Sync 1 DAGs
[2025-03-06T12:59:52.519+0000] {logging_mixin.py:188} INFO - [2025-03-06T12:59:52.519+0000] {dag.py:3823} INFO - Setting next_dagrun for example_bash_operator to 2025-03-05 00:00:00+00:00, run_after=2025-03-06 00:00:00+00:00
[2025-03-06T12:59:52.681+0000] {processor.py:183} INFO - Processing /home/airflow/.local/lib/python3.10/site-packages/airflow/example_dags/example_bash_operator.py took 0.357 seconds
[2025-03-06T13:01:14.116+0000] {processor.py:161} INFO - Started process (PID=305) to work on /home/airflow/.local/lib/python3.10/site-packages/airflow/example_dags/example_bash_operator.py
[2025-03-06T13:01:14.118+0000] {processor.py:830} INFO - Processing file /home/airflow/.local/lib/python3.10/site-packages/airflow/example_dags/example_bash_operator.py for tasks to queue
[2025-03-06T13:01:14.121+0000] {logging_mixin.py:188} INFO - [2025-03-06T13:01:14.120+0000] {dagbag.py:538} INFO - Filling up the DagBag from /home/airflow/.local/lib/python3.10/site-packages/airflow/example_dags/example_bash_operator.py
[2025-03-06T13:01:14.145+0000] {processor.py:840} INFO - DAG(s) 'example_bash_operator' retrieved from /home/airflow/.local/lib/python3.10/site-packages/airflow/example_dags/example_bash_operator.py
[2025-03-06T13:01:14.218+0000] {logging_mixin.py:188} INFO - [2025-03-06T13:01:14.218+0000] {dag.py:3036} INFO - Sync 1 DAGs
[2025-03-06T13:01:14.274+0000] {logging_mixin.py:188} INFO - [2025-03-06T13:01:14.274+0000] {dag.py:3823} INFO - Setting next_dagrun for example_bash_operator to 2025-03-05 00:00:00+00:00, run_after=2025-03-06 00:00:00+00:00
[2025-03-06T13:01:14.423+0000] {processor.py:183} INFO - Processing /home/airflow/.local/lib/python3.10/site-packages/airflow/example_dags/example_bash_operator.py took 0.313 seconds
[2025-03-06T13:04:48.938+0000] {processor.py:161} INFO - Started process (PID=70) to work on /home/airflow/.local/lib/python3.10/site-packages/airflow/example_dags/example_bash_operator.py
[2025-03-06T13:04:48.941+0000] {processor.py:830} INFO - Processing file /home/airflow/.local/lib/python3.10/site-packages/airflow/example_dags/example_bash_operator.py for tasks to queue
[2025-03-06T13:04:48.944+0000] {logging_mixin.py:188} INFO - [2025-03-06T13:04:48.943+0000] {dagbag.py:538} INFO - Filling up the DagBag from /home/airflow/.local/lib/python3.10/site-packages/airflow/example_dags/example_bash_operator.py
[2025-03-06T13:04:48.980+0000] {processor.py:840} INFO - DAG(s) 'example_bash_operator' retrieved from /home/airflow/.local/lib/python3.10/site-packages/airflow/example_dags/example_bash_operator.py
[2025-03-06T13:04:49.069+0000] {logging_mixin.py:188} INFO - [2025-03-06T13:04:49.068+0000] {dag.py:3036} INFO - Sync 1 DAGs
[2025-03-06T13:04:49.131+0000] {logging_mixin.py:188} INFO - [2025-03-06T13:04:49.130+0000] {dag.py:3823} INFO - Setting next_dagrun for example_bash_operator to 2025-03-05 00:00:00+00:00, run_after=2025-03-06 00:00:00+00:00
[2025-03-06T13:04:49.277+0000] {processor.py:183} INFO - Processing /home/airflow/.local/lib/python3.10/site-packages/airflow/example_dags/example_bash_operator.py took 0.353 seconds
[2025-03-06T13:06:26.318+0000] {processor.py:161} INFO - Started process (PID=131) to work on /home/airflow/.local/lib/python3.10/site-packages/airflow/example_dags/example_bash_operator.py
[2025-03-06T13:06:26.321+0000] {processor.py:830} INFO - Processing file /home/airflow/.local/lib/python3.10/site-packages/airflow/example_dags/example_bash_operator.py for tasks to queue
[2025-03-06T13:06:26.326+0000] {logging_mixin.py:188} INFO - [2025-03-06T13:06:26.325+0000] {dagbag.py:538} INFO - Filling up the DagBag from /home/airflow/.local/lib/python3.10/site-packages/airflow/example_dags/example_bash_operator.py
[2025-03-06T13:06:26.357+0000] {processor.py:840} INFO - DAG(s) 'example_bash_operator' retrieved from /home/airflow/.local/lib/python3.10/site-packages/airflow/example_dags/example_bash_operator.py
[2025-03-06T13:06:26.436+0000] {logging_mixin.py:188} INFO - [2025-03-06T13:06:26.436+0000] {dag.py:3036} INFO - Sync 1 DAGs
[2025-03-06T13:06:26.501+0000] {logging_mixin.py:188} INFO - [2025-03-06T13:06:26.501+0000] {dag.py:3823} INFO - Setting next_dagrun for example_bash_operator to 2025-03-05 00:00:00+00:00, run_after=2025-03-06 00:00:00+00:00
[2025-03-06T13:06:26.660+0000] {processor.py:183} INFO - Processing /home/airflow/.local/lib/python3.10/site-packages/airflow/example_dags/example_bash_operator.py took 0.348 seconds
[2025-03-06T13:08:11.373+0000] {processor.py:161} INFO - Started process (PID=195) to work on /home/airflow/.local/lib/python3.10/site-packages/airflow/example_dags/example_bash_operator.py
[2025-03-06T13:08:11.375+0000] {processor.py:830} INFO - Processing file /home/airflow/.local/lib/python3.10/site-packages/airflow/example_dags/example_bash_operator.py for tasks to queue
[2025-03-06T13:08:11.377+0000] {logging_mixin.py:188} INFO - [2025-03-06T13:08:11.377+0000] {dagbag.py:538} INFO - Filling up the DagBag from /home/airflow/.local/lib/python3.10/site-packages/airflow/example_dags/example_bash_operator.py
[2025-03-06T13:08:11.400+0000] {processor.py:840} INFO - DAG(s) 'example_bash_operator' retrieved from /home/airflow/.local/lib/python3.10/site-packages/airflow/example_dags/example_bash_operator.py
[2025-03-06T13:08:11.461+0000] {logging_mixin.py:188} INFO - [2025-03-06T13:08:11.461+0000] {dag.py:3036} INFO - Sync 1 DAGs
[2025-03-06T13:08:11.518+0000] {logging_mixin.py:188} INFO - [2025-03-06T13:08:11.517+0000] {dag.py:3823} INFO - Setting next_dagrun for example_bash_operator to 2025-03-05 00:00:00+00:00, run_after=2025-03-06 00:00:00+00:00
[2025-03-06T13:08:11.652+0000] {processor.py:183} INFO - Processing /home/airflow/.local/lib/python3.10/site-packages/airflow/example_dags/example_bash_operator.py took 0.284 seconds
[2025-03-06T13:09:40.718+0000] {processor.py:161} INFO - Started process (PID=253) to work on /home/airflow/.local/lib/python3.10/site-packages/airflow/example_dags/example_bash_operator.py
[2025-03-06T13:09:40.721+0000] {processor.py:830} INFO - Processing file /home/airflow/.local/lib/python3.10/site-packages/airflow/example_dags/example_bash_operator.py for tasks to queue
[2025-03-06T13:09:40.723+0000] {logging_mixin.py:188} INFO - [2025-03-06T13:09:40.722+0000] {dagbag.py:538} INFO - Filling up the DagBag from /home/airflow/.local/lib/python3.10/site-packages/airflow/example_dags/example_bash_operator.py
[2025-03-06T13:09:40.747+0000] {processor.py:840} INFO - DAG(s) 'example_bash_operator' retrieved from /home/airflow/.local/lib/python3.10/site-packages/airflow/example_dags/example_bash_operator.py
[2025-03-06T13:09:40.814+0000] {logging_mixin.py:188} INFO - [2025-03-06T13:09:40.814+0000] {dag.py:3036} INFO - Sync 1 DAGs
[2025-03-06T13:09:40.865+0000] {logging_mixin.py:188} INFO - [2025-03-06T13:09:40.864+0000] {dag.py:3823} INFO - Setting next_dagrun for example_bash_operator to 2025-03-05 00:00:00+00:00, run_after=2025-03-06 00:00:00+00:00
[2025-03-06T13:09:40.990+0000] {processor.py:183} INFO - Processing /home/airflow/.local/lib/python3.10/site-packages/airflow/example_dags/example_bash_operator.py took 0.277 seconds
[2025-03-06T13:12:28.108+0000] {processor.py:161} INFO - Started process (PID=70) to work on /home/airflow/.local/lib/python3.10/site-packages/airflow/example_dags/example_bash_operator.py
[2025-03-06T13:12:28.119+0000] {processor.py:830} INFO - Processing file /home/airflow/.local/lib/python3.10/site-packages/airflow/example_dags/example_bash_operator.py for tasks to queue
[2025-03-06T13:12:28.128+0000] {logging_mixin.py:188} INFO - [2025-03-06T13:12:28.127+0000] {dagbag.py:538} INFO - Filling up the DagBag from /home/airflow/.local/lib/python3.10/site-packages/airflow/example_dags/example_bash_operator.py
[2025-03-06T13:12:28.209+0000] {processor.py:840} INFO - DAG(s) 'example_bash_operator' retrieved from /home/airflow/.local/lib/python3.10/site-packages/airflow/example_dags/example_bash_operator.py
[2025-03-06T13:12:28.507+0000] {logging_mixin.py:188} INFO - [2025-03-06T13:12:28.506+0000] {dag.py:3036} INFO - Sync 1 DAGs
[2025-03-06T13:12:28.612+0000] {logging_mixin.py:188} INFO - [2025-03-06T13:12:28.612+0000] {dag.py:3823} INFO - Setting next_dagrun for example_bash_operator to 2025-03-05 00:00:00+00:00, run_after=2025-03-06 00:00:00+00:00
[2025-03-06T13:12:28.763+0000] {processor.py:183} INFO - Processing /home/airflow/.local/lib/python3.10/site-packages/airflow/example_dags/example_bash_operator.py took 0.665 seconds
[2025-03-06T13:14:13.849+0000] {processor.py:161} INFO - Started process (PID=134) to work on /home/airflow/.local/lib/python3.10/site-packages/airflow/example_dags/example_bash_operator.py
[2025-03-06T13:14:13.852+0000] {processor.py:830} INFO - Processing file /home/airflow/.local/lib/python3.10/site-packages/airflow/example_dags/example_bash_operator.py for tasks to queue
[2025-03-06T13:14:13.858+0000] {logging_mixin.py:188} INFO - [2025-03-06T13:14:13.857+0000] {dagbag.py:538} INFO - Filling up the DagBag from /home/airflow/.local/lib/python3.10/site-packages/airflow/example_dags/example_bash_operator.py
[2025-03-06T13:14:13.885+0000] {processor.py:840} INFO - DAG(s) 'example_bash_operator' retrieved from /home/airflow/.local/lib/python3.10/site-packages/airflow/example_dags/example_bash_operator.py
[2025-03-06T13:14:13.967+0000] {logging_mixin.py:188} INFO - [2025-03-06T13:14:13.966+0000] {dag.py:3036} INFO - Sync 1 DAGs
[2025-03-06T13:14:14.039+0000] {logging_mixin.py:188} INFO - [2025-03-06T13:14:14.038+0000] {dag.py:3823} INFO - Setting next_dagrun for example_bash_operator to 2025-03-05 00:00:00+00:00, run_after=2025-03-06 00:00:00+00:00
[2025-03-06T13:14:14.183+0000] {processor.py:183} INFO - Processing /home/airflow/.local/lib/python3.10/site-packages/airflow/example_dags/example_bash_operator.py took 0.339 seconds
[2025-03-06T13:15:50.348+0000] {processor.py:161} INFO - Started process (PID=196) to work on /home/airflow/.local/lib/python3.10/site-packages/airflow/example_dags/example_bash_operator.py
[2025-03-06T13:15:50.350+0000] {processor.py:830} INFO - Processing file /home/airflow/.local/lib/python3.10/site-packages/airflow/example_dags/example_bash_operator.py for tasks to queue
[2025-03-06T13:15:50.353+0000] {logging_mixin.py:188} INFO - [2025-03-06T13:15:50.352+0000] {dagbag.py:538} INFO - Filling up the DagBag from /home/airflow/.local/lib/python3.10/site-packages/airflow/example_dags/example_bash_operator.py
[2025-03-06T13:15:50.375+0000] {processor.py:840} INFO - DAG(s) 'example_bash_operator' retrieved from /home/airflow/.local/lib/python3.10/site-packages/airflow/example_dags/example_bash_operator.py
[2025-03-06T13:15:50.448+0000] {logging_mixin.py:188} INFO - [2025-03-06T13:15:50.448+0000] {dag.py:3036} INFO - Sync 1 DAGs
[2025-03-06T13:15:50.514+0000] {logging_mixin.py:188} INFO - [2025-03-06T13:15:50.513+0000] {dag.py:3823} INFO - Setting next_dagrun for example_bash_operator to 2025-03-05 00:00:00+00:00, run_after=2025-03-06 00:00:00+00:00
[2025-03-06T13:15:50.649+0000] {processor.py:183} INFO - Processing /home/airflow/.local/lib/python3.10/site-packages/airflow/example_dags/example_bash_operator.py took 0.309 seconds
[2025-03-06T13:17:41.590+0000] {processor.py:161} INFO - Started process (PID=258) to work on /home/airflow/.local/lib/python3.10/site-packages/airflow/example_dags/example_bash_operator.py
[2025-03-06T13:17:41.595+0000] {processor.py:830} INFO - Processing file /home/airflow/.local/lib/python3.10/site-packages/airflow/example_dags/example_bash_operator.py for tasks to queue
[2025-03-06T13:17:41.599+0000] {logging_mixin.py:188} INFO - [2025-03-06T13:17:41.597+0000] {dagbag.py:538} INFO - Filling up the DagBag from /home/airflow/.local/lib/python3.10/site-packages/airflow/example_dags/example_bash_operator.py
[2025-03-06T13:17:41.632+0000] {processor.py:840} INFO - DAG(s) 'example_bash_operator' retrieved from /home/airflow/.local/lib/python3.10/site-packages/airflow/example_dags/example_bash_operator.py
[2025-03-06T13:17:41.705+0000] {logging_mixin.py:188} INFO - [2025-03-06T13:17:41.705+0000] {dag.py:3036} INFO - Sync 1 DAGs
[2025-03-06T13:17:41.768+0000] {logging_mixin.py:188} INFO - [2025-03-06T13:17:41.767+0000] {dag.py:3823} INFO - Setting next_dagrun for example_bash_operator to 2025-03-05 00:00:00+00:00, run_after=2025-03-06 00:00:00+00:00
[2025-03-06T13:17:41.913+0000] {processor.py:183} INFO - Processing /home/airflow/.local/lib/python3.10/site-packages/airflow/example_dags/example_bash_operator.py took 0.333 seconds
