[2025-03-06T12:55:07.618+0000] {processor.py:161} INFO - Started process (PID=68) to work on /home/airflow/.local/lib/python3.10/site-packages/airflow/example_dags/example_trigger_controller_dag.py
[2025-03-06T12:55:07.620+0000] {processor.py:830} INFO - Processing file /home/airflow/.local/lib/python3.10/site-packages/airflow/example_dags/example_trigger_controller_dag.py for tasks to queue
[2025-03-06T12:55:07.623+0000] {logging_mixin.py:188} INFO - [2025-03-06T12:55:07.622+0000] {dagbag.py:538} INFO - Filling up the DagBag from /home/airflow/.local/lib/python3.10/site-packages/airflow/example_dags/example_trigger_controller_dag.py
[2025-03-06T12:55:07.635+0000] {processor.py:840} INFO - DAG(s) 'example_trigger_controller_dag' retrieved from /home/airflow/.local/lib/python3.10/site-packages/airflow/example_dags/example_trigger_controller_dag.py
[2025-03-06T12:55:07.869+0000] {logging_mixin.py:188} INFO - [2025-03-06T12:55:07.868+0000] {dag.py:3036} INFO - Sync 1 DAGs
[2025-03-06T12:55:07.916+0000] {logging_mixin.py:188} INFO - [2025-03-06T12:55:07.916+0000] {dag.py:3823} INFO - Setting next_dagrun for example_trigger_controller_dag to 2021-01-01 00:00:00+00:00, run_after=2021-01-01 00:00:00+00:00
[2025-03-06T12:55:08.052+0000] {processor.py:183} INFO - Processing /home/airflow/.local/lib/python3.10/site-packages/airflow/example_dags/example_trigger_controller_dag.py took 0.440 seconds
[2025-03-06T12:56:53.439+0000] {processor.py:161} INFO - Started process (PID=131) to work on /home/airflow/.local/lib/python3.10/site-packages/airflow/example_dags/example_trigger_controller_dag.py
[2025-03-06T12:56:53.442+0000] {processor.py:830} INFO - Processing file /home/airflow/.local/lib/python3.10/site-packages/airflow/example_dags/example_trigger_controller_dag.py for tasks to queue
[2025-03-06T12:56:53.447+0000] {logging_mixin.py:188} INFO - [2025-03-06T12:56:53.445+0000] {dagbag.py:538} INFO - Filling up the DagBag from /home/airflow/.local/lib/python3.10/site-packages/airflow/example_dags/example_trigger_controller_dag.py
[2025-03-06T12:56:53.470+0000] {processor.py:840} INFO - DAG(s) 'example_trigger_controller_dag' retrieved from /home/airflow/.local/lib/python3.10/site-packages/airflow/example_dags/example_trigger_controller_dag.py
[2025-03-06T12:56:53.551+0000] {logging_mixin.py:188} INFO - [2025-03-06T12:56:53.551+0000] {dag.py:3036} INFO - Sync 1 DAGs
[2025-03-06T12:56:53.657+0000] {logging_mixin.py:188} INFO - [2025-03-06T12:56:53.656+0000] {dag.py:3823} INFO - Setting next_dagrun for example_trigger_controller_dag to 2021-01-01 00:00:00+00:00, run_after=2021-01-01 00:00:00+00:00
[2025-03-06T12:56:53.971+0000] {processor.py:183} INFO - Processing /home/airflow/.local/lib/python3.10/site-packages/airflow/example_dags/example_trigger_controller_dag.py took 0.541 seconds
[2025-03-06T12:58:30.253+0000] {processor.py:161} INFO - Started process (PID=191) to work on /home/airflow/.local/lib/python3.10/site-packages/airflow/example_dags/example_trigger_controller_dag.py
[2025-03-06T12:58:30.255+0000] {processor.py:830} INFO - Processing file /home/airflow/.local/lib/python3.10/site-packages/airflow/example_dags/example_trigger_controller_dag.py for tasks to queue
[2025-03-06T12:58:30.257+0000] {logging_mixin.py:188} INFO - [2025-03-06T12:58:30.257+0000] {dagbag.py:538} INFO - Filling up the DagBag from /home/airflow/.local/lib/python3.10/site-packages/airflow/example_dags/example_trigger_controller_dag.py
[2025-03-06T12:58:30.266+0000] {processor.py:840} INFO - DAG(s) 'example_trigger_controller_dag' retrieved from /home/airflow/.local/lib/python3.10/site-packages/airflow/example_dags/example_trigger_controller_dag.py
[2025-03-06T12:58:30.315+0000] {logging_mixin.py:188} INFO - [2025-03-06T12:58:30.315+0000] {dag.py:3036} INFO - Sync 1 DAGs
[2025-03-06T12:58:30.369+0000] {logging_mixin.py:188} INFO - [2025-03-06T12:58:30.369+0000] {dag.py:3823} INFO - Setting next_dagrun for example_trigger_controller_dag to 2021-01-01 00:00:00+00:00, run_after=2021-01-01 00:00:00+00:00
[2025-03-06T12:58:30.493+0000] {processor.py:183} INFO - Processing /home/airflow/.local/lib/python3.10/site-packages/airflow/example_dags/example_trigger_controller_dag.py took 0.246 seconds
[2025-03-06T12:59:50.963+0000] {processor.py:161} INFO - Started process (PID=247) to work on /home/airflow/.local/lib/python3.10/site-packages/airflow/example_dags/example_trigger_controller_dag.py
[2025-03-06T12:59:50.970+0000] {processor.py:830} INFO - Processing file /home/airflow/.local/lib/python3.10/site-packages/airflow/example_dags/example_trigger_controller_dag.py for tasks to queue
[2025-03-06T12:59:50.972+0000] {logging_mixin.py:188} INFO - [2025-03-06T12:59:50.972+0000] {dagbag.py:538} INFO - Filling up the DagBag from /home/airflow/.local/lib/python3.10/site-packages/airflow/example_dags/example_trigger_controller_dag.py
[2025-03-06T12:59:50.985+0000] {processor.py:840} INFO - DAG(s) 'example_trigger_controller_dag' retrieved from /home/airflow/.local/lib/python3.10/site-packages/airflow/example_dags/example_trigger_controller_dag.py
[2025-03-06T12:59:51.040+0000] {logging_mixin.py:188} INFO - [2025-03-06T12:59:51.040+0000] {dag.py:3036} INFO - Sync 1 DAGs
[2025-03-06T12:59:51.102+0000] {logging_mixin.py:188} INFO - [2025-03-06T12:59:51.102+0000] {dag.py:3823} INFO - Setting next_dagrun for example_trigger_controller_dag to 2021-01-01 00:00:00+00:00, run_after=2021-01-01 00:00:00+00:00
[2025-03-06T12:59:51.259+0000] {processor.py:183} INFO - Processing /home/airflow/.local/lib/python3.10/site-packages/airflow/example_dags/example_trigger_controller_dag.py took 0.304 seconds
[2025-03-06T13:01:12.579+0000] {processor.py:161} INFO - Started process (PID=304) to work on /home/airflow/.local/lib/python3.10/site-packages/airflow/example_dags/example_trigger_controller_dag.py
[2025-03-06T13:01:12.581+0000] {processor.py:830} INFO - Processing file /home/airflow/.local/lib/python3.10/site-packages/airflow/example_dags/example_trigger_controller_dag.py for tasks to queue
[2025-03-06T13:01:12.583+0000] {logging_mixin.py:188} INFO - [2025-03-06T13:01:12.583+0000] {dagbag.py:538} INFO - Filling up the DagBag from /home/airflow/.local/lib/python3.10/site-packages/airflow/example_dags/example_trigger_controller_dag.py
[2025-03-06T13:01:12.591+0000] {processor.py:840} INFO - DAG(s) 'example_trigger_controller_dag' retrieved from /home/airflow/.local/lib/python3.10/site-packages/airflow/example_dags/example_trigger_controller_dag.py
[2025-03-06T13:01:12.639+0000] {logging_mixin.py:188} INFO - [2025-03-06T13:01:12.639+0000] {dag.py:3036} INFO - Sync 1 DAGs
[2025-03-06T13:01:12.684+0000] {logging_mixin.py:188} INFO - [2025-03-06T13:01:12.684+0000] {dag.py:3823} INFO - Setting next_dagrun for example_trigger_controller_dag to 2021-01-01 00:00:00+00:00, run_after=2021-01-01 00:00:00+00:00
[2025-03-06T13:01:12.835+0000] {processor.py:183} INFO - Processing /home/airflow/.local/lib/python3.10/site-packages/airflow/example_dags/example_trigger_controller_dag.py took 0.261 seconds
[2025-03-06T13:04:47.029+0000] {processor.py:161} INFO - Started process (PID=69) to work on /home/airflow/.local/lib/python3.10/site-packages/airflow/example_dags/example_trigger_controller_dag.py
[2025-03-06T13:04:47.034+0000] {processor.py:830} INFO - Processing file /home/airflow/.local/lib/python3.10/site-packages/airflow/example_dags/example_trigger_controller_dag.py for tasks to queue
[2025-03-06T13:04:47.041+0000] {logging_mixin.py:188} INFO - [2025-03-06T13:04:47.040+0000] {dagbag.py:538} INFO - Filling up the DagBag from /home/airflow/.local/lib/python3.10/site-packages/airflow/example_dags/example_trigger_controller_dag.py
[2025-03-06T13:04:47.059+0000] {processor.py:840} INFO - DAG(s) 'example_trigger_controller_dag' retrieved from /home/airflow/.local/lib/python3.10/site-packages/airflow/example_dags/example_trigger_controller_dag.py
[2025-03-06T13:04:47.147+0000] {logging_mixin.py:188} INFO - [2025-03-06T13:04:47.146+0000] {dag.py:3036} INFO - Sync 1 DAGs
[2025-03-06T13:04:47.240+0000] {logging_mixin.py:188} INFO - [2025-03-06T13:04:47.239+0000] {dag.py:3823} INFO - Setting next_dagrun for example_trigger_controller_dag to 2021-01-01 00:00:00+00:00, run_after=2021-01-01 00:00:00+00:00
[2025-03-06T13:04:47.492+0000] {processor.py:183} INFO - Processing /home/airflow/.local/lib/python3.10/site-packages/airflow/example_dags/example_trigger_controller_dag.py took 0.475 seconds
[2025-03-06T13:06:24.692+0000] {processor.py:161} INFO - Started process (PID=130) to work on /home/airflow/.local/lib/python3.10/site-packages/airflow/example_dags/example_trigger_controller_dag.py
[2025-03-06T13:06:24.694+0000] {processor.py:830} INFO - Processing file /home/airflow/.local/lib/python3.10/site-packages/airflow/example_dags/example_trigger_controller_dag.py for tasks to queue
[2025-03-06T13:06:24.697+0000] {logging_mixin.py:188} INFO - [2025-03-06T13:06:24.696+0000] {dagbag.py:538} INFO - Filling up the DagBag from /home/airflow/.local/lib/python3.10/site-packages/airflow/example_dags/example_trigger_controller_dag.py
[2025-03-06T13:06:24.712+0000] {processor.py:840} INFO - DAG(s) 'example_trigger_controller_dag' retrieved from /home/airflow/.local/lib/python3.10/site-packages/airflow/example_dags/example_trigger_controller_dag.py
[2025-03-06T13:06:24.763+0000] {logging_mixin.py:188} INFO - [2025-03-06T13:06:24.762+0000] {dag.py:3036} INFO - Sync 1 DAGs
[2025-03-06T13:06:24.829+0000] {logging_mixin.py:188} INFO - [2025-03-06T13:06:24.828+0000] {dag.py:3823} INFO - Setting next_dagrun for example_trigger_controller_dag to 2021-01-01 00:00:00+00:00, run_after=2021-01-01 00:00:00+00:00
[2025-03-06T13:06:24.979+0000] {processor.py:183} INFO - Processing /home/airflow/.local/lib/python3.10/site-packages/airflow/example_dags/example_trigger_controller_dag.py took 0.298 seconds
[2025-03-06T13:08:09.957+0000] {processor.py:161} INFO - Started process (PID=194) to work on /home/airflow/.local/lib/python3.10/site-packages/airflow/example_dags/example_trigger_controller_dag.py
[2025-03-06T13:08:09.959+0000] {processor.py:830} INFO - Processing file /home/airflow/.local/lib/python3.10/site-packages/airflow/example_dags/example_trigger_controller_dag.py for tasks to queue
[2025-03-06T13:08:09.961+0000] {logging_mixin.py:188} INFO - [2025-03-06T13:08:09.961+0000] {dagbag.py:538} INFO - Filling up the DagBag from /home/airflow/.local/lib/python3.10/site-packages/airflow/example_dags/example_trigger_controller_dag.py
[2025-03-06T13:08:09.974+0000] {processor.py:840} INFO - DAG(s) 'example_trigger_controller_dag' retrieved from /home/airflow/.local/lib/python3.10/site-packages/airflow/example_dags/example_trigger_controller_dag.py
[2025-03-06T13:08:10.027+0000] {logging_mixin.py:188} INFO - [2025-03-06T13:08:10.026+0000] {dag.py:3036} INFO - Sync 1 DAGs
[2025-03-06T13:08:10.081+0000] {logging_mixin.py:188} INFO - [2025-03-06T13:08:10.080+0000] {dag.py:3823} INFO - Setting next_dagrun for example_trigger_controller_dag to 2021-01-01 00:00:00+00:00, run_after=2021-01-01 00:00:00+00:00
[2025-03-06T13:08:10.226+0000] {processor.py:183} INFO - Processing /home/airflow/.local/lib/python3.10/site-packages/airflow/example_dags/example_trigger_controller_dag.py took 0.275 seconds
[2025-03-06T13:09:39.209+0000] {processor.py:161} INFO - Started process (PID=252) to work on /home/airflow/.local/lib/python3.10/site-packages/airflow/example_dags/example_trigger_controller_dag.py
[2025-03-06T13:09:39.212+0000] {processor.py:830} INFO - Processing file /home/airflow/.local/lib/python3.10/site-packages/airflow/example_dags/example_trigger_controller_dag.py for tasks to queue
[2025-03-06T13:09:39.213+0000] {logging_mixin.py:188} INFO - [2025-03-06T13:09:39.213+0000] {dagbag.py:538} INFO - Filling up the DagBag from /home/airflow/.local/lib/python3.10/site-packages/airflow/example_dags/example_trigger_controller_dag.py
[2025-03-06T13:09:39.223+0000] {processor.py:840} INFO - DAG(s) 'example_trigger_controller_dag' retrieved from /home/airflow/.local/lib/python3.10/site-packages/airflow/example_dags/example_trigger_controller_dag.py
[2025-03-06T13:09:39.276+0000] {logging_mixin.py:188} INFO - [2025-03-06T13:09:39.275+0000] {dag.py:3036} INFO - Sync 1 DAGs
[2025-03-06T13:09:39.327+0000] {logging_mixin.py:188} INFO - [2025-03-06T13:09:39.326+0000] {dag.py:3823} INFO - Setting next_dagrun for example_trigger_controller_dag to 2021-01-01 00:00:00+00:00, run_after=2021-01-01 00:00:00+00:00
[2025-03-06T13:09:39.459+0000] {processor.py:183} INFO - Processing /home/airflow/.local/lib/python3.10/site-packages/airflow/example_dags/example_trigger_controller_dag.py took 0.254 seconds
[2025-03-06T13:12:24.472+0000] {processor.py:161} INFO - Started process (PID=69) to work on /home/airflow/.local/lib/python3.10/site-packages/airflow/example_dags/example_trigger_controller_dag.py
[2025-03-06T13:12:24.476+0000] {processor.py:830} INFO - Processing file /home/airflow/.local/lib/python3.10/site-packages/airflow/example_dags/example_trigger_controller_dag.py for tasks to queue
[2025-03-06T13:12:24.481+0000] {logging_mixin.py:188} INFO - [2025-03-06T13:12:24.480+0000] {dagbag.py:538} INFO - Filling up the DagBag from /home/airflow/.local/lib/python3.10/site-packages/airflow/example_dags/example_trigger_controller_dag.py
[2025-03-06T13:12:24.513+0000] {processor.py:840} INFO - DAG(s) 'example_trigger_controller_dag' retrieved from /home/airflow/.local/lib/python3.10/site-packages/airflow/example_dags/example_trigger_controller_dag.py
[2025-03-06T13:12:24.828+0000] {logging_mixin.py:188} INFO - [2025-03-06T13:12:24.828+0000] {dag.py:3036} INFO - Sync 1 DAGs
[2025-03-06T13:12:25.193+0000] {logging_mixin.py:188} INFO - [2025-03-06T13:12:25.192+0000] {dag.py:3823} INFO - Setting next_dagrun for example_trigger_controller_dag to 2021-01-01 00:00:00+00:00, run_after=2021-01-01 00:00:00+00:00
[2025-03-06T13:12:25.961+0000] {processor.py:183} INFO - Processing /home/airflow/.local/lib/python3.10/site-packages/airflow/example_dags/example_trigger_controller_dag.py took 1.504 seconds
[2025-03-06T13:14:12.124+0000] {processor.py:161} INFO - Started process (PID=133) to work on /home/airflow/.local/lib/python3.10/site-packages/airflow/example_dags/example_trigger_controller_dag.py
[2025-03-06T13:14:12.127+0000] {processor.py:830} INFO - Processing file /home/airflow/.local/lib/python3.10/site-packages/airflow/example_dags/example_trigger_controller_dag.py for tasks to queue
[2025-03-06T13:14:12.129+0000] {logging_mixin.py:188} INFO - [2025-03-06T13:14:12.128+0000] {dagbag.py:538} INFO - Filling up the DagBag from /home/airflow/.local/lib/python3.10/site-packages/airflow/example_dags/example_trigger_controller_dag.py
[2025-03-06T13:14:12.141+0000] {processor.py:840} INFO - DAG(s) 'example_trigger_controller_dag' retrieved from /home/airflow/.local/lib/python3.10/site-packages/airflow/example_dags/example_trigger_controller_dag.py
[2025-03-06T13:14:12.217+0000] {logging_mixin.py:188} INFO - [2025-03-06T13:14:12.216+0000] {dag.py:3036} INFO - Sync 1 DAGs
[2025-03-06T13:14:12.299+0000] {logging_mixin.py:188} INFO - [2025-03-06T13:14:12.298+0000] {dag.py:3823} INFO - Setting next_dagrun for example_trigger_controller_dag to 2021-01-01 00:00:00+00:00, run_after=2021-01-01 00:00:00+00:00
[2025-03-06T13:14:12.465+0000] {processor.py:183} INFO - Processing /home/airflow/.local/lib/python3.10/site-packages/airflow/example_dags/example_trigger_controller_dag.py took 0.352 seconds
[2025-03-06T13:15:48.630+0000] {processor.py:161} INFO - Started process (PID=195) to work on /home/airflow/.local/lib/python3.10/site-packages/airflow/example_dags/example_trigger_controller_dag.py
[2025-03-06T13:15:48.632+0000] {processor.py:830} INFO - Processing file /home/airflow/.local/lib/python3.10/site-packages/airflow/example_dags/example_trigger_controller_dag.py for tasks to queue
[2025-03-06T13:15:48.635+0000] {logging_mixin.py:188} INFO - [2025-03-06T13:15:48.634+0000] {dagbag.py:538} INFO - Filling up the DagBag from /home/airflow/.local/lib/python3.10/site-packages/airflow/example_dags/example_trigger_controller_dag.py
[2025-03-06T13:15:48.648+0000] {processor.py:840} INFO - DAG(s) 'example_trigger_controller_dag' retrieved from /home/airflow/.local/lib/python3.10/site-packages/airflow/example_dags/example_trigger_controller_dag.py
[2025-03-06T13:15:48.701+0000] {logging_mixin.py:188} INFO - [2025-03-06T13:15:48.700+0000] {dag.py:3036} INFO - Sync 1 DAGs
[2025-03-06T13:15:48.755+0000] {logging_mixin.py:188} INFO - [2025-03-06T13:15:48.754+0000] {dag.py:3823} INFO - Setting next_dagrun for example_trigger_controller_dag to 2021-01-01 00:00:00+00:00, run_after=2021-01-01 00:00:00+00:00
[2025-03-06T13:15:48.909+0000] {processor.py:183} INFO - Processing /home/airflow/.local/lib/python3.10/site-packages/airflow/example_dags/example_trigger_controller_dag.py took 0.285 seconds
[2025-03-06T13:17:39.972+0000] {processor.py:161} INFO - Started process (PID=257) to work on /home/airflow/.local/lib/python3.10/site-packages/airflow/example_dags/example_trigger_controller_dag.py
[2025-03-06T13:17:39.974+0000] {processor.py:830} INFO - Processing file /home/airflow/.local/lib/python3.10/site-packages/airflow/example_dags/example_trigger_controller_dag.py for tasks to queue
[2025-03-06T13:17:39.975+0000] {logging_mixin.py:188} INFO - [2025-03-06T13:17:39.975+0000] {dagbag.py:538} INFO - Filling up the DagBag from /home/airflow/.local/lib/python3.10/site-packages/airflow/example_dags/example_trigger_controller_dag.py
[2025-03-06T13:17:39.991+0000] {processor.py:840} INFO - DAG(s) 'example_trigger_controller_dag' retrieved from /home/airflow/.local/lib/python3.10/site-packages/airflow/example_dags/example_trigger_controller_dag.py
[2025-03-06T13:17:40.050+0000] {logging_mixin.py:188} INFO - [2025-03-06T13:17:40.049+0000] {dag.py:3036} INFO - Sync 1 DAGs
[2025-03-06T13:17:40.119+0000] {logging_mixin.py:188} INFO - [2025-03-06T13:17:40.119+0000] {dag.py:3823} INFO - Setting next_dagrun for example_trigger_controller_dag to 2021-01-01 00:00:00+00:00, run_after=2021-01-01 00:00:00+00:00
[2025-03-06T13:17:40.263+0000] {processor.py:183} INFO - Processing /home/airflow/.local/lib/python3.10/site-packages/airflow/example_dags/example_trigger_controller_dag.py took 0.300 seconds
