[2025-03-06T12:54:32.644+0000] {processor.py:161} INFO - Started process (PID=49) to work on /home/airflow/.local/lib/python3.10/site-packages/airflow/example_dags/example_datasets.py
[2025-03-06T12:54:32.647+0000] {processor.py:830} INFO - Processing file /home/airflow/.local/lib/python3.10/site-packages/airflow/example_dags/example_datasets.py for tasks to queue
[2025-03-06T12:54:32.649+0000] {logging_mixin.py:188} INFO - [2025-03-06T12:54:32.649+0000] {dagbag.py:538} INFO - Filling up the DagBag from /home/airflow/.local/lib/python3.10/site-packages/airflow/example_dags/example_datasets.py
[2025-03-06T12:54:32.677+0000] {processor.py:840} INFO - DAG(s) 'dataset_consumes_1', 'dataset_consumes_1_and_2', 'dataset_consumes_unknown_never_scheduled', 'dataset_produces_2', 'dataset_produces_1', 'dataset_consumes_1_never_scheduled' retrieved from /home/airflow/.local/lib/python3.10/site-packages/airflow/example_dags/example_datasets.py
[2025-03-06T12:54:33.316+0000] {logging_mixin.py:188} INFO - [2025-03-06T12:54:33.316+0000] {dag.py:3036} INFO - Sync 6 DAGs
[2025-03-06T12:54:33.378+0000] {logging_mixin.py:188} INFO - [2025-03-06T12:54:33.377+0000] {dag.py:3823} INFO - Setting next_dagrun for dataset_consumes_1 to None, run_after=None
[2025-03-06T12:54:33.388+0000] {logging_mixin.py:188} INFO - [2025-03-06T12:54:33.388+0000] {dag.py:3823} INFO - Setting next_dagrun for dataset_consumes_1_and_2 to None, run_after=None
[2025-03-06T12:54:33.395+0000] {logging_mixin.py:188} INFO - [2025-03-06T12:54:33.395+0000] {dag.py:3823} INFO - Setting next_dagrun for dataset_consumes_1_never_scheduled to None, run_after=None
[2025-03-06T12:54:33.401+0000] {logging_mixin.py:188} INFO - [2025-03-06T12:54:33.401+0000] {dag.py:3823} INFO - Setting next_dagrun for dataset_consumes_unknown_never_scheduled to None, run_after=None
[2025-03-06T12:54:33.412+0000] {logging_mixin.py:188} INFO - [2025-03-06T12:54:33.411+0000] {dag.py:3823} INFO - Setting next_dagrun for dataset_produces_1 to 2025-03-05 00:00:00+00:00, run_after=2025-03-06 00:00:00+00:00
[2025-03-06T12:54:33.418+0000] {logging_mixin.py:188} INFO - [2025-03-06T12:54:33.418+0000] {dag.py:3823} INFO - Setting next_dagrun for dataset_produces_2 to None, run_after=None
[2025-03-06T12:54:33.651+0000] {processor.py:183} INFO - Processing /home/airflow/.local/lib/python3.10/site-packages/airflow/example_dags/example_datasets.py took 1.014 seconds
[2025-03-06T12:55:56.527+0000] {processor.py:161} INFO - Started process (PID=98) to work on /home/airflow/.local/lib/python3.10/site-packages/airflow/example_dags/example_datasets.py
[2025-03-06T12:55:56.539+0000] {processor.py:830} INFO - Processing file /home/airflow/.local/lib/python3.10/site-packages/airflow/example_dags/example_datasets.py for tasks to queue
[2025-03-06T12:55:56.541+0000] {logging_mixin.py:188} INFO - [2025-03-06T12:55:56.540+0000] {dagbag.py:538} INFO - Filling up the DagBag from /home/airflow/.local/lib/python3.10/site-packages/airflow/example_dags/example_datasets.py
[2025-03-06T12:55:56.574+0000] {processor.py:840} INFO - DAG(s) 'dataset_produces_2', 'dataset_consumes_1_never_scheduled', 'dataset_produces_1', 'dataset_consumes_1_and_2', 'dataset_consumes_1', 'dataset_consumes_unknown_never_scheduled' retrieved from /home/airflow/.local/lib/python3.10/site-packages/airflow/example_dags/example_datasets.py
[2025-03-06T12:55:56.718+0000] {logging_mixin.py:188} INFO - [2025-03-06T12:55:56.717+0000] {dag.py:3036} INFO - Sync 6 DAGs
[2025-03-06T12:55:56.795+0000] {logging_mixin.py:188} INFO - [2025-03-06T12:55:56.794+0000] {dag.py:3823} INFO - Setting next_dagrun for dataset_consumes_1 to None, run_after=None
[2025-03-06T12:55:56.807+0000] {logging_mixin.py:188} INFO - [2025-03-06T12:55:56.806+0000] {dag.py:3823} INFO - Setting next_dagrun for dataset_consumes_1_and_2 to None, run_after=None
[2025-03-06T12:55:56.813+0000] {logging_mixin.py:188} INFO - [2025-03-06T12:55:56.812+0000] {dag.py:3823} INFO - Setting next_dagrun for dataset_consumes_1_never_scheduled to None, run_after=None
[2025-03-06T12:55:56.818+0000] {logging_mixin.py:188} INFO - [2025-03-06T12:55:56.818+0000] {dag.py:3823} INFO - Setting next_dagrun for dataset_consumes_unknown_never_scheduled to None, run_after=None
[2025-03-06T12:55:56.828+0000] {logging_mixin.py:188} INFO - [2025-03-06T12:55:56.828+0000] {dag.py:3823} INFO - Setting next_dagrun for dataset_produces_1 to 2025-03-05 00:00:00+00:00, run_after=2025-03-06 00:00:00+00:00
[2025-03-06T12:55:56.834+0000] {logging_mixin.py:188} INFO - [2025-03-06T12:55:56.833+0000] {dag.py:3823} INFO - Setting next_dagrun for dataset_produces_2 to None, run_after=None
[2025-03-06T12:55:57.019+0000] {processor.py:183} INFO - Processing /home/airflow/.local/lib/python3.10/site-packages/airflow/example_dags/example_datasets.py took 0.500 seconds
[2025-03-06T12:57:44.159+0000] {processor.py:161} INFO - Started process (PID=159) to work on /home/airflow/.local/lib/python3.10/site-packages/airflow/example_dags/example_datasets.py
[2025-03-06T12:57:44.161+0000] {processor.py:830} INFO - Processing file /home/airflow/.local/lib/python3.10/site-packages/airflow/example_dags/example_datasets.py for tasks to queue
[2025-03-06T12:57:44.163+0000] {logging_mixin.py:188} INFO - [2025-03-06T12:57:44.162+0000] {dagbag.py:538} INFO - Filling up the DagBag from /home/airflow/.local/lib/python3.10/site-packages/airflow/example_dags/example_datasets.py
[2025-03-06T12:57:44.186+0000] {processor.py:840} INFO - DAG(s) 'dataset_consumes_1_and_2', 'dataset_produces_2', 'dataset_consumes_unknown_never_scheduled', 'dataset_produces_1', 'dataset_consumes_1_never_scheduled', 'dataset_consumes_1' retrieved from /home/airflow/.local/lib/python3.10/site-packages/airflow/example_dags/example_datasets.py
[2025-03-06T12:57:44.315+0000] {logging_mixin.py:188} INFO - [2025-03-06T12:57:44.315+0000] {dag.py:3036} INFO - Sync 6 DAGs
[2025-03-06T12:57:44.392+0000] {logging_mixin.py:188} INFO - [2025-03-06T12:57:44.392+0000] {dag.py:3823} INFO - Setting next_dagrun for dataset_consumes_1 to None, run_after=None
[2025-03-06T12:57:44.404+0000] {logging_mixin.py:188} INFO - [2025-03-06T12:57:44.404+0000] {dag.py:3823} INFO - Setting next_dagrun for dataset_consumes_1_and_2 to None, run_after=None
[2025-03-06T12:57:44.409+0000] {logging_mixin.py:188} INFO - [2025-03-06T12:57:44.409+0000] {dag.py:3823} INFO - Setting next_dagrun for dataset_consumes_1_never_scheduled to None, run_after=None
[2025-03-06T12:57:44.416+0000] {logging_mixin.py:188} INFO - [2025-03-06T12:57:44.416+0000] {dag.py:3823} INFO - Setting next_dagrun for dataset_consumes_unknown_never_scheduled to None, run_after=None
[2025-03-06T12:57:44.434+0000] {logging_mixin.py:188} INFO - [2025-03-06T12:57:44.433+0000] {dag.py:3823} INFO - Setting next_dagrun for dataset_produces_1 to 2025-03-05 00:00:00+00:00, run_after=2025-03-06 00:00:00+00:00
[2025-03-06T12:57:44.442+0000] {logging_mixin.py:188} INFO - [2025-03-06T12:57:44.441+0000] {dag.py:3823} INFO - Setting next_dagrun for dataset_produces_2 to None, run_after=None
[2025-03-06T12:57:44.699+0000] {processor.py:183} INFO - Processing /home/airflow/.local/lib/python3.10/site-packages/airflow/example_dags/example_datasets.py took 0.547 seconds
[2025-03-06T12:59:07.015+0000] {processor.py:161} INFO - Started process (PID=218) to work on /home/airflow/.local/lib/python3.10/site-packages/airflow/example_dags/example_datasets.py
[2025-03-06T12:59:07.017+0000] {processor.py:830} INFO - Processing file /home/airflow/.local/lib/python3.10/site-packages/airflow/example_dags/example_datasets.py for tasks to queue
[2025-03-06T12:59:07.019+0000] {logging_mixin.py:188} INFO - [2025-03-06T12:59:07.018+0000] {dagbag.py:538} INFO - Filling up the DagBag from /home/airflow/.local/lib/python3.10/site-packages/airflow/example_dags/example_datasets.py
[2025-03-06T12:59:07.037+0000] {processor.py:840} INFO - DAG(s) 'dataset_consumes_1', 'dataset_consumes_1_never_scheduled', 'dataset_consumes_unknown_never_scheduled', 'dataset_produces_2', 'dataset_consumes_1_and_2', 'dataset_produces_1' retrieved from /home/airflow/.local/lib/python3.10/site-packages/airflow/example_dags/example_datasets.py
[2025-03-06T12:59:07.165+0000] {logging_mixin.py:188} INFO - [2025-03-06T12:59:07.165+0000] {dag.py:3036} INFO - Sync 6 DAGs
[2025-03-06T12:59:07.224+0000] {logging_mixin.py:188} INFO - [2025-03-06T12:59:07.223+0000] {dag.py:3823} INFO - Setting next_dagrun for dataset_consumes_1 to None, run_after=None
[2025-03-06T12:59:07.235+0000] {logging_mixin.py:188} INFO - [2025-03-06T12:59:07.235+0000] {dag.py:3823} INFO - Setting next_dagrun for dataset_consumes_1_and_2 to None, run_after=None
[2025-03-06T12:59:07.241+0000] {logging_mixin.py:188} INFO - [2025-03-06T12:59:07.241+0000] {dag.py:3823} INFO - Setting next_dagrun for dataset_consumes_1_never_scheduled to None, run_after=None
[2025-03-06T12:59:07.248+0000] {logging_mixin.py:188} INFO - [2025-03-06T12:59:07.247+0000] {dag.py:3823} INFO - Setting next_dagrun for dataset_consumes_unknown_never_scheduled to None, run_after=None
[2025-03-06T12:59:07.257+0000] {logging_mixin.py:188} INFO - [2025-03-06T12:59:07.256+0000] {dag.py:3823} INFO - Setting next_dagrun for dataset_produces_1 to 2025-03-05 00:00:00+00:00, run_after=2025-03-06 00:00:00+00:00
[2025-03-06T12:59:07.262+0000] {logging_mixin.py:188} INFO - [2025-03-06T12:59:07.262+0000] {dag.py:3823} INFO - Setting next_dagrun for dataset_produces_2 to None, run_after=None
[2025-03-06T12:59:07.457+0000] {processor.py:183} INFO - Processing /home/airflow/.local/lib/python3.10/site-packages/airflow/example_dags/example_datasets.py took 0.448 seconds
[2025-03-06T13:00:26.525+0000] {processor.py:161} INFO - Started process (PID=273) to work on /home/airflow/.local/lib/python3.10/site-packages/airflow/example_dags/example_datasets.py
[2025-03-06T13:00:26.527+0000] {processor.py:830} INFO - Processing file /home/airflow/.local/lib/python3.10/site-packages/airflow/example_dags/example_datasets.py for tasks to queue
[2025-03-06T13:00:26.530+0000] {logging_mixin.py:188} INFO - [2025-03-06T13:00:26.529+0000] {dagbag.py:538} INFO - Filling up the DagBag from /home/airflow/.local/lib/python3.10/site-packages/airflow/example_dags/example_datasets.py
[2025-03-06T13:00:26.556+0000] {processor.py:840} INFO - DAG(s) 'dataset_consumes_1_and_2', 'dataset_consumes_1_never_scheduled', 'dataset_produces_1', 'dataset_consumes_unknown_never_scheduled', 'dataset_produces_2', 'dataset_consumes_1' retrieved from /home/airflow/.local/lib/python3.10/site-packages/airflow/example_dags/example_datasets.py
[2025-03-06T13:00:26.676+0000] {logging_mixin.py:188} INFO - [2025-03-06T13:00:26.676+0000] {dag.py:3036} INFO - Sync 6 DAGs
[2025-03-06T13:00:26.736+0000] {logging_mixin.py:188} INFO - [2025-03-06T13:00:26.736+0000] {dag.py:3823} INFO - Setting next_dagrun for dataset_consumes_1 to None, run_after=None
[2025-03-06T13:00:26.747+0000] {logging_mixin.py:188} INFO - [2025-03-06T13:00:26.746+0000] {dag.py:3823} INFO - Setting next_dagrun for dataset_consumes_1_and_2 to None, run_after=None
[2025-03-06T13:00:26.751+0000] {logging_mixin.py:188} INFO - [2025-03-06T13:00:26.751+0000] {dag.py:3823} INFO - Setting next_dagrun for dataset_consumes_1_never_scheduled to None, run_after=None
[2025-03-06T13:00:26.756+0000] {logging_mixin.py:188} INFO - [2025-03-06T13:00:26.755+0000] {dag.py:3823} INFO - Setting next_dagrun for dataset_consumes_unknown_never_scheduled to None, run_after=None
[2025-03-06T13:00:26.762+0000] {logging_mixin.py:188} INFO - [2025-03-06T13:00:26.762+0000] {dag.py:3823} INFO - Setting next_dagrun for dataset_produces_1 to 2025-03-05 00:00:00+00:00, run_after=2025-03-06 00:00:00+00:00
[2025-03-06T13:00:26.767+0000] {logging_mixin.py:188} INFO - [2025-03-06T13:00:26.767+0000] {dag.py:3823} INFO - Setting next_dagrun for dataset_produces_2 to None, run_after=None
[2025-03-06T13:00:26.942+0000] {processor.py:183} INFO - Processing /home/airflow/.local/lib/python3.10/site-packages/airflow/example_dags/example_datasets.py took 0.424 seconds
[2025-03-06T13:01:51.773+0000] {processor.py:161} INFO - Started process (PID=329) to work on /home/airflow/.local/lib/python3.10/site-packages/airflow/example_dags/example_datasets.py
[2025-03-06T13:01:51.780+0000] {processor.py:830} INFO - Processing file /home/airflow/.local/lib/python3.10/site-packages/airflow/example_dags/example_datasets.py for tasks to queue
[2025-03-06T13:01:51.783+0000] {logging_mixin.py:188} INFO - [2025-03-06T13:01:51.782+0000] {dagbag.py:538} INFO - Filling up the DagBag from /home/airflow/.local/lib/python3.10/site-packages/airflow/example_dags/example_datasets.py
[2025-03-06T13:01:51.817+0000] {processor.py:840} INFO - DAG(s) 'dataset_consumes_unknown_never_scheduled', 'dataset_consumes_1_never_scheduled', 'dataset_produces_1', 'dataset_consumes_1_and_2', 'dataset_produces_2', 'dataset_consumes_1' retrieved from /home/airflow/.local/lib/python3.10/site-packages/airflow/example_dags/example_datasets.py
[2025-03-06T13:01:51.951+0000] {logging_mixin.py:188} INFO - [2025-03-06T13:01:51.951+0000] {dag.py:3036} INFO - Sync 6 DAGs
[2025-03-06T13:01:52.036+0000] {logging_mixin.py:188} INFO - [2025-03-06T13:01:52.035+0000] {dag.py:3823} INFO - Setting next_dagrun for dataset_consumes_1 to None, run_after=None
[2025-03-06T13:01:52.073+0000] {logging_mixin.py:188} INFO - [2025-03-06T13:01:52.072+0000] {dag.py:3823} INFO - Setting next_dagrun for dataset_consumes_1_and_2 to None, run_after=None
[2025-03-06T13:01:52.087+0000] {logging_mixin.py:188} INFO - [2025-03-06T13:01:52.086+0000] {dag.py:3823} INFO - Setting next_dagrun for dataset_consumes_1_never_scheduled to None, run_after=None
[2025-03-06T13:01:52.103+0000] {logging_mixin.py:188} INFO - [2025-03-06T13:01:52.102+0000] {dag.py:3823} INFO - Setting next_dagrun for dataset_consumes_unknown_never_scheduled to None, run_after=None
[2025-03-06T13:01:52.129+0000] {logging_mixin.py:188} INFO - [2025-03-06T13:01:52.129+0000] {dag.py:3823} INFO - Setting next_dagrun for dataset_produces_1 to 2025-03-05 00:00:00+00:00, run_after=2025-03-06 00:00:00+00:00
[2025-03-06T13:01:52.137+0000] {logging_mixin.py:188} INFO - [2025-03-06T13:01:52.137+0000] {dag.py:3823} INFO - Setting next_dagrun for dataset_produces_2 to None, run_after=None
[2025-03-06T13:01:53.125+0000] {processor.py:183} INFO - Processing /home/airflow/.local/lib/python3.10/site-packages/airflow/example_dags/example_datasets.py took 1.362 seconds
[2025-03-06T13:04:15.323+0000] {processor.py:161} INFO - Started process (PID=50) to work on /home/airflow/.local/lib/python3.10/site-packages/airflow/example_dags/example_datasets.py
[2025-03-06T13:04:15.338+0000] {processor.py:830} INFO - Processing file /home/airflow/.local/lib/python3.10/site-packages/airflow/example_dags/example_datasets.py for tasks to queue
[2025-03-06T13:04:15.343+0000] {logging_mixin.py:188} INFO - [2025-03-06T13:04:15.340+0000] {dagbag.py:538} INFO - Filling up the DagBag from /home/airflow/.local/lib/python3.10/site-packages/airflow/example_dags/example_datasets.py
[2025-03-06T13:04:15.391+0000] {processor.py:840} INFO - DAG(s) 'dataset_produces_2', 'dataset_consumes_1', 'dataset_produces_1', 'dataset_consumes_1_and_2', 'dataset_consumes_unknown_never_scheduled', 'dataset_consumes_1_never_scheduled' retrieved from /home/airflow/.local/lib/python3.10/site-packages/airflow/example_dags/example_datasets.py
[2025-03-06T13:04:15.545+0000] {logging_mixin.py:188} INFO - [2025-03-06T13:04:15.545+0000] {dag.py:3036} INFO - Sync 6 DAGs
[2025-03-06T13:04:15.621+0000] {logging_mixin.py:188} INFO - [2025-03-06T13:04:15.621+0000] {dag.py:3823} INFO - Setting next_dagrun for dataset_consumes_1 to None, run_after=None
[2025-03-06T13:04:15.637+0000] {logging_mixin.py:188} INFO - [2025-03-06T13:04:15.637+0000] {dag.py:3823} INFO - Setting next_dagrun for dataset_consumes_1_and_2 to None, run_after=None
[2025-03-06T13:04:15.648+0000] {logging_mixin.py:188} INFO - [2025-03-06T13:04:15.647+0000] {dag.py:3823} INFO - Setting next_dagrun for dataset_consumes_1_never_scheduled to None, run_after=None
[2025-03-06T13:04:15.654+0000] {logging_mixin.py:188} INFO - [2025-03-06T13:04:15.653+0000] {dag.py:3823} INFO - Setting next_dagrun for dataset_consumes_unknown_never_scheduled to None, run_after=None
[2025-03-06T13:04:15.667+0000] {logging_mixin.py:188} INFO - [2025-03-06T13:04:15.666+0000] {dag.py:3823} INFO - Setting next_dagrun for dataset_produces_1 to 2025-03-05 00:00:00+00:00, run_after=2025-03-06 00:00:00+00:00
[2025-03-06T13:04:15.674+0000] {logging_mixin.py:188} INFO - [2025-03-06T13:04:15.674+0000] {dag.py:3823} INFO - Setting next_dagrun for dataset_produces_2 to None, run_after=None
[2025-03-06T13:04:15.933+0000] {processor.py:183} INFO - Processing /home/airflow/.local/lib/python3.10/site-packages/airflow/example_dags/example_datasets.py took 0.625 seconds
[2025-03-06T13:05:34.131+0000] {processor.py:161} INFO - Started process (PID=99) to work on /home/airflow/.local/lib/python3.10/site-packages/airflow/example_dags/example_datasets.py
[2025-03-06T13:05:34.137+0000] {processor.py:830} INFO - Processing file /home/airflow/.local/lib/python3.10/site-packages/airflow/example_dags/example_datasets.py for tasks to queue
[2025-03-06T13:05:34.140+0000] {logging_mixin.py:188} INFO - [2025-03-06T13:05:34.139+0000] {dagbag.py:538} INFO - Filling up the DagBag from /home/airflow/.local/lib/python3.10/site-packages/airflow/example_dags/example_datasets.py
[2025-03-06T13:05:34.166+0000] {processor.py:840} INFO - DAG(s) 'dataset_consumes_1', 'dataset_consumes_1_never_scheduled', 'dataset_produces_2', 'dataset_consumes_1_and_2', 'dataset_produces_1', 'dataset_consumes_unknown_never_scheduled' retrieved from /home/airflow/.local/lib/python3.10/site-packages/airflow/example_dags/example_datasets.py
[2025-03-06T13:05:34.281+0000] {logging_mixin.py:188} INFO - [2025-03-06T13:05:34.281+0000] {dag.py:3036} INFO - Sync 6 DAGs
[2025-03-06T13:05:34.344+0000] {logging_mixin.py:188} INFO - [2025-03-06T13:05:34.343+0000] {dag.py:3823} INFO - Setting next_dagrun for dataset_consumes_1 to None, run_after=None
[2025-03-06T13:05:34.356+0000] {logging_mixin.py:188} INFO - [2025-03-06T13:05:34.355+0000] {dag.py:3823} INFO - Setting next_dagrun for dataset_consumes_1_and_2 to None, run_after=None
[2025-03-06T13:05:34.362+0000] {logging_mixin.py:188} INFO - [2025-03-06T13:05:34.361+0000] {dag.py:3823} INFO - Setting next_dagrun for dataset_consumes_1_never_scheduled to None, run_after=None
[2025-03-06T13:05:34.368+0000] {logging_mixin.py:188} INFO - [2025-03-06T13:05:34.368+0000] {dag.py:3823} INFO - Setting next_dagrun for dataset_consumes_unknown_never_scheduled to None, run_after=None
[2025-03-06T13:05:34.378+0000] {logging_mixin.py:188} INFO - [2025-03-06T13:05:34.378+0000] {dag.py:3823} INFO - Setting next_dagrun for dataset_produces_1 to 2025-03-05 00:00:00+00:00, run_after=2025-03-06 00:00:00+00:00
[2025-03-06T13:05:34.385+0000] {logging_mixin.py:188} INFO - [2025-03-06T13:05:34.384+0000] {dag.py:3823} INFO - Setting next_dagrun for dataset_produces_2 to None, run_after=None
[2025-03-06T13:05:34.604+0000] {processor.py:183} INFO - Processing /home/airflow/.local/lib/python3.10/site-packages/airflow/example_dags/example_datasets.py took 0.478 seconds
[2025-03-06T13:07:13.322+0000] {processor.py:161} INFO - Started process (PID=160) to work on /home/airflow/.local/lib/python3.10/site-packages/airflow/example_dags/example_datasets.py
[2025-03-06T13:07:13.329+0000] {processor.py:830} INFO - Processing file /home/airflow/.local/lib/python3.10/site-packages/airflow/example_dags/example_datasets.py for tasks to queue
[2025-03-06T13:07:13.332+0000] {logging_mixin.py:188} INFO - [2025-03-06T13:07:13.331+0000] {dagbag.py:538} INFO - Filling up the DagBag from /home/airflow/.local/lib/python3.10/site-packages/airflow/example_dags/example_datasets.py
[2025-03-06T13:07:13.368+0000] {processor.py:840} INFO - DAG(s) 'dataset_produces_1', 'dataset_consumes_1', 'dataset_consumes_1_never_scheduled', 'dataset_consumes_unknown_never_scheduled', 'dataset_produces_2', 'dataset_consumes_1_and_2' retrieved from /home/airflow/.local/lib/python3.10/site-packages/airflow/example_dags/example_datasets.py
[2025-03-06T13:07:13.549+0000] {logging_mixin.py:188} INFO - [2025-03-06T13:07:13.548+0000] {dag.py:3036} INFO - Sync 6 DAGs
[2025-03-06T13:07:13.633+0000] {logging_mixin.py:188} INFO - [2025-03-06T13:07:13.633+0000] {dag.py:3823} INFO - Setting next_dagrun for dataset_consumes_1 to None, run_after=None
[2025-03-06T13:07:13.648+0000] {logging_mixin.py:188} INFO - [2025-03-06T13:07:13.647+0000] {dag.py:3823} INFO - Setting next_dagrun for dataset_consumes_1_and_2 to None, run_after=None
[2025-03-06T13:07:13.655+0000] {logging_mixin.py:188} INFO - [2025-03-06T13:07:13.655+0000] {dag.py:3823} INFO - Setting next_dagrun for dataset_consumes_1_never_scheduled to None, run_after=None
[2025-03-06T13:07:13.664+0000] {logging_mixin.py:188} INFO - [2025-03-06T13:07:13.663+0000] {dag.py:3823} INFO - Setting next_dagrun for dataset_consumes_unknown_never_scheduled to None, run_after=None
[2025-03-06T13:07:13.678+0000] {logging_mixin.py:188} INFO - [2025-03-06T13:07:13.677+0000] {dag.py:3823} INFO - Setting next_dagrun for dataset_produces_1 to 2025-03-05 00:00:00+00:00, run_after=2025-03-06 00:00:00+00:00
[2025-03-06T13:07:13.685+0000] {logging_mixin.py:188} INFO - [2025-03-06T13:07:13.684+0000] {dag.py:3823} INFO - Setting next_dagrun for dataset_produces_2 to None, run_after=None
[2025-03-06T13:07:13.959+0000] {processor.py:183} INFO - Processing /home/airflow/.local/lib/python3.10/site-packages/airflow/example_dags/example_datasets.py took 0.644 seconds
[2025-03-06T13:08:50.299+0000] {processor.py:161} INFO - Started process (PID=221) to work on /home/airflow/.local/lib/python3.10/site-packages/airflow/example_dags/example_datasets.py
[2025-03-06T13:08:50.302+0000] {processor.py:830} INFO - Processing file /home/airflow/.local/lib/python3.10/site-packages/airflow/example_dags/example_datasets.py for tasks to queue
[2025-03-06T13:08:50.306+0000] {logging_mixin.py:188} INFO - [2025-03-06T13:08:50.305+0000] {dagbag.py:538} INFO - Filling up the DagBag from /home/airflow/.local/lib/python3.10/site-packages/airflow/example_dags/example_datasets.py
[2025-03-06T13:08:50.341+0000] {processor.py:840} INFO - DAG(s) 'dataset_produces_1', 'dataset_consumes_1', 'dataset_consumes_1_and_2', 'dataset_consumes_1_never_scheduled', 'dataset_produces_2', 'dataset_consumes_unknown_never_scheduled' retrieved from /home/airflow/.local/lib/python3.10/site-packages/airflow/example_dags/example_datasets.py
[2025-03-06T13:08:50.593+0000] {logging_mixin.py:188} INFO - [2025-03-06T13:08:50.592+0000] {dag.py:3036} INFO - Sync 6 DAGs
[2025-03-06T13:08:50.707+0000] {logging_mixin.py:188} INFO - [2025-03-06T13:08:50.707+0000] {dag.py:3823} INFO - Setting next_dagrun for dataset_consumes_1 to None, run_after=None
[2025-03-06T13:08:50.722+0000] {logging_mixin.py:188} INFO - [2025-03-06T13:08:50.722+0000] {dag.py:3823} INFO - Setting next_dagrun for dataset_consumes_1_and_2 to None, run_after=None
[2025-03-06T13:08:50.736+0000] {logging_mixin.py:188} INFO - [2025-03-06T13:08:50.735+0000] {dag.py:3823} INFO - Setting next_dagrun for dataset_consumes_1_never_scheduled to None, run_after=None
[2025-03-06T13:08:50.745+0000] {logging_mixin.py:188} INFO - [2025-03-06T13:08:50.744+0000] {dag.py:3823} INFO - Setting next_dagrun for dataset_consumes_unknown_never_scheduled to None, run_after=None
[2025-03-06T13:08:50.760+0000] {logging_mixin.py:188} INFO - [2025-03-06T13:08:50.759+0000] {dag.py:3823} INFO - Setting next_dagrun for dataset_produces_1 to 2025-03-05 00:00:00+00:00, run_after=2025-03-06 00:00:00+00:00
[2025-03-06T13:08:50.768+0000] {logging_mixin.py:188} INFO - [2025-03-06T13:08:50.768+0000] {dag.py:3823} INFO - Setting next_dagrun for dataset_produces_2 to None, run_after=None
[2025-03-06T13:08:50.972+0000] {processor.py:183} INFO - Processing /home/airflow/.local/lib/python3.10/site-packages/airflow/example_dags/example_datasets.py took 0.682 seconds
[2025-03-06T13:10:21.738+0000] {processor.py:161} INFO - Started process (PID=279) to work on /home/airflow/.local/lib/python3.10/site-packages/airflow/example_dags/example_datasets.py
[2025-03-06T13:10:21.741+0000] {processor.py:830} INFO - Processing file /home/airflow/.local/lib/python3.10/site-packages/airflow/example_dags/example_datasets.py for tasks to queue
[2025-03-06T13:10:21.744+0000] {logging_mixin.py:188} INFO - [2025-03-06T13:10:21.743+0000] {dagbag.py:538} INFO - Filling up the DagBag from /home/airflow/.local/lib/python3.10/site-packages/airflow/example_dags/example_datasets.py
[2025-03-06T13:10:21.777+0000] {processor.py:840} INFO - DAG(s) 'dataset_consumes_1_and_2', 'dataset_consumes_1_never_scheduled', 'dataset_consumes_unknown_never_scheduled', 'dataset_consumes_1', 'dataset_produces_2', 'dataset_produces_1' retrieved from /home/airflow/.local/lib/python3.10/site-packages/airflow/example_dags/example_datasets.py
[2025-03-06T13:10:21.976+0000] {logging_mixin.py:188} INFO - [2025-03-06T13:10:21.975+0000] {dag.py:3036} INFO - Sync 6 DAGs
[2025-03-06T13:10:22.044+0000] {logging_mixin.py:188} INFO - [2025-03-06T13:10:22.044+0000] {dag.py:3823} INFO - Setting next_dagrun for dataset_consumes_1 to None, run_after=None
[2025-03-06T13:10:22.057+0000] {logging_mixin.py:188} INFO - [2025-03-06T13:10:22.057+0000] {dag.py:3823} INFO - Setting next_dagrun for dataset_consumes_1_and_2 to None, run_after=None
[2025-03-06T13:10:22.063+0000] {logging_mixin.py:188} INFO - [2025-03-06T13:10:22.062+0000] {dag.py:3823} INFO - Setting next_dagrun for dataset_consumes_1_never_scheduled to None, run_after=None
[2025-03-06T13:10:22.071+0000] {logging_mixin.py:188} INFO - [2025-03-06T13:10:22.070+0000] {dag.py:3823} INFO - Setting next_dagrun for dataset_consumes_unknown_never_scheduled to None, run_after=None
[2025-03-06T13:10:22.079+0000] {logging_mixin.py:188} INFO - [2025-03-06T13:10:22.078+0000] {dag.py:3823} INFO - Setting next_dagrun for dataset_produces_1 to 2025-03-05 00:00:00+00:00, run_after=2025-03-06 00:00:00+00:00
[2025-03-06T13:10:22.088+0000] {logging_mixin.py:188} INFO - [2025-03-06T13:10:22.087+0000] {dag.py:3823} INFO - Setting next_dagrun for dataset_produces_2 to None, run_after=None
[2025-03-06T13:10:22.284+0000] {processor.py:183} INFO - Processing /home/airflow/.local/lib/python3.10/site-packages/airflow/example_dags/example_datasets.py took 0.558 seconds
[2025-03-06T13:11:51.205+0000] {processor.py:161} INFO - Started process (PID=50) to work on /home/airflow/.local/lib/python3.10/site-packages/airflow/example_dags/example_datasets.py
[2025-03-06T13:11:51.207+0000] {processor.py:830} INFO - Processing file /home/airflow/.local/lib/python3.10/site-packages/airflow/example_dags/example_datasets.py for tasks to queue
[2025-03-06T13:11:51.209+0000] {logging_mixin.py:188} INFO - [2025-03-06T13:11:51.208+0000] {dagbag.py:538} INFO - Filling up the DagBag from /home/airflow/.local/lib/python3.10/site-packages/airflow/example_dags/example_datasets.py
[2025-03-06T13:11:51.229+0000] {processor.py:840} INFO - DAG(s) 'dataset_consumes_1_never_scheduled', 'dataset_consumes_unknown_never_scheduled', 'dataset_produces_1', 'dataset_produces_2', 'dataset_consumes_1_and_2', 'dataset_consumes_1' retrieved from /home/airflow/.local/lib/python3.10/site-packages/airflow/example_dags/example_datasets.py
[2025-03-06T13:11:51.370+0000] {logging_mixin.py:188} INFO - [2025-03-06T13:11:51.369+0000] {dag.py:3036} INFO - Sync 6 DAGs
[2025-03-06T13:11:51.436+0000] {logging_mixin.py:188} INFO - [2025-03-06T13:11:51.436+0000] {dag.py:3823} INFO - Setting next_dagrun for dataset_consumes_1 to None, run_after=None
[2025-03-06T13:11:51.448+0000] {logging_mixin.py:188} INFO - [2025-03-06T13:11:51.447+0000] {dag.py:3823} INFO - Setting next_dagrun for dataset_consumes_1_and_2 to None, run_after=None
[2025-03-06T13:11:51.455+0000] {logging_mixin.py:188} INFO - [2025-03-06T13:11:51.455+0000] {dag.py:3823} INFO - Setting next_dagrun for dataset_consumes_1_never_scheduled to None, run_after=None
[2025-03-06T13:11:51.461+0000] {logging_mixin.py:188} INFO - [2025-03-06T13:11:51.461+0000] {dag.py:3823} INFO - Setting next_dagrun for dataset_consumes_unknown_never_scheduled to None, run_after=None
[2025-03-06T13:11:51.471+0000] {logging_mixin.py:188} INFO - [2025-03-06T13:11:51.471+0000] {dag.py:3823} INFO - Setting next_dagrun for dataset_produces_1 to 2025-03-05 00:00:00+00:00, run_after=2025-03-06 00:00:00+00:00
[2025-03-06T13:11:51.477+0000] {logging_mixin.py:188} INFO - [2025-03-06T13:11:51.477+0000] {dag.py:3823} INFO - Setting next_dagrun for dataset_produces_2 to None, run_after=None
[2025-03-06T13:11:51.701+0000] {processor.py:183} INFO - Processing /home/airflow/.local/lib/python3.10/site-packages/airflow/example_dags/example_datasets.py took 0.504 seconds
[2025-03-06T13:13:15.692+0000] {processor.py:161} INFO - Started process (PID=99) to work on /home/airflow/.local/lib/python3.10/site-packages/airflow/example_dags/example_datasets.py
[2025-03-06T13:13:15.694+0000] {processor.py:830} INFO - Processing file /home/airflow/.local/lib/python3.10/site-packages/airflow/example_dags/example_datasets.py for tasks to queue
[2025-03-06T13:13:15.697+0000] {logging_mixin.py:188} INFO - [2025-03-06T13:13:15.697+0000] {dagbag.py:538} INFO - Filling up the DagBag from /home/airflow/.local/lib/python3.10/site-packages/airflow/example_dags/example_datasets.py
[2025-03-06T13:13:15.722+0000] {processor.py:840} INFO - DAG(s) 'dataset_consumes_1_never_scheduled', 'dataset_consumes_1_and_2', 'dataset_consumes_unknown_never_scheduled', 'dataset_consumes_1', 'dataset_produces_2', 'dataset_produces_1' retrieved from /home/airflow/.local/lib/python3.10/site-packages/airflow/example_dags/example_datasets.py
[2025-03-06T13:13:15.855+0000] {logging_mixin.py:188} INFO - [2025-03-06T13:13:15.854+0000] {dag.py:3036} INFO - Sync 6 DAGs
[2025-03-06T13:13:15.930+0000] {logging_mixin.py:188} INFO - [2025-03-06T13:13:15.929+0000] {dag.py:3823} INFO - Setting next_dagrun for dataset_consumes_1 to None, run_after=None
[2025-03-06T13:13:15.942+0000] {logging_mixin.py:188} INFO - [2025-03-06T13:13:15.941+0000] {dag.py:3823} INFO - Setting next_dagrun for dataset_consumes_1_and_2 to None, run_after=None
[2025-03-06T13:13:15.948+0000] {logging_mixin.py:188} INFO - [2025-03-06T13:13:15.947+0000] {dag.py:3823} INFO - Setting next_dagrun for dataset_consumes_1_never_scheduled to None, run_after=None
[2025-03-06T13:13:15.954+0000] {logging_mixin.py:188} INFO - [2025-03-06T13:13:15.953+0000] {dag.py:3823} INFO - Setting next_dagrun for dataset_consumes_unknown_never_scheduled to None, run_after=None
[2025-03-06T13:13:15.965+0000] {logging_mixin.py:188} INFO - [2025-03-06T13:13:15.964+0000] {dag.py:3823} INFO - Setting next_dagrun for dataset_produces_1 to 2025-03-05 00:00:00+00:00, run_after=2025-03-06 00:00:00+00:00
[2025-03-06T13:13:15.971+0000] {logging_mixin.py:188} INFO - [2025-03-06T13:13:15.970+0000] {dag.py:3823} INFO - Setting next_dagrun for dataset_produces_2 to None, run_after=None
[2025-03-06T13:13:16.184+0000] {processor.py:183} INFO - Processing /home/airflow/.local/lib/python3.10/site-packages/airflow/example_dags/example_datasets.py took 0.499 seconds
[2025-03-06T13:14:52.386+0000] {processor.py:161} INFO - Started process (PID=159) to work on /home/airflow/.local/lib/python3.10/site-packages/airflow/example_dags/example_datasets.py
[2025-03-06T13:14:52.390+0000] {processor.py:830} INFO - Processing file /home/airflow/.local/lib/python3.10/site-packages/airflow/example_dags/example_datasets.py for tasks to queue
[2025-03-06T13:14:52.398+0000] {logging_mixin.py:188} INFO - [2025-03-06T13:14:52.396+0000] {dagbag.py:538} INFO - Filling up the DagBag from /home/airflow/.local/lib/python3.10/site-packages/airflow/example_dags/example_datasets.py
[2025-03-06T13:14:52.437+0000] {processor.py:840} INFO - DAG(s) 'dataset_consumes_unknown_never_scheduled', 'dataset_consumes_1_never_scheduled', 'dataset_consumes_1', 'dataset_consumes_1_and_2', 'dataset_produces_2', 'dataset_produces_1' retrieved from /home/airflow/.local/lib/python3.10/site-packages/airflow/example_dags/example_datasets.py
[2025-03-06T13:14:52.617+0000] {logging_mixin.py:188} INFO - [2025-03-06T13:14:52.617+0000] {dag.py:3036} INFO - Sync 6 DAGs
[2025-03-06T13:14:52.696+0000] {logging_mixin.py:188} INFO - [2025-03-06T13:14:52.695+0000] {dag.py:3823} INFO - Setting next_dagrun for dataset_consumes_1 to None, run_after=None
[2025-03-06T13:14:52.710+0000] {logging_mixin.py:188} INFO - [2025-03-06T13:14:52.709+0000] {dag.py:3823} INFO - Setting next_dagrun for dataset_consumes_1_and_2 to None, run_after=None
[2025-03-06T13:14:52.717+0000] {logging_mixin.py:188} INFO - [2025-03-06T13:14:52.716+0000] {dag.py:3823} INFO - Setting next_dagrun for dataset_consumes_1_never_scheduled to None, run_after=None
[2025-03-06T13:14:52.722+0000] {logging_mixin.py:188} INFO - [2025-03-06T13:14:52.721+0000] {dag.py:3823} INFO - Setting next_dagrun for dataset_consumes_unknown_never_scheduled to None, run_after=None
[2025-03-06T13:14:52.732+0000] {logging_mixin.py:188} INFO - [2025-03-06T13:14:52.732+0000] {dag.py:3823} INFO - Setting next_dagrun for dataset_produces_1 to 2025-03-05 00:00:00+00:00, run_after=2025-03-06 00:00:00+00:00
[2025-03-06T13:14:52.736+0000] {logging_mixin.py:188} INFO - [2025-03-06T13:14:52.736+0000] {dag.py:3823} INFO - Setting next_dagrun for dataset_produces_2 to None, run_after=None
[2025-03-06T13:14:52.944+0000] {processor.py:183} INFO - Processing /home/airflow/.local/lib/python3.10/site-packages/airflow/example_dags/example_datasets.py took 0.566 seconds
[2025-03-06T13:16:30.747+0000] {processor.py:161} INFO - Started process (PID=220) to work on /home/airflow/.local/lib/python3.10/site-packages/airflow/example_dags/example_datasets.py
[2025-03-06T13:16:30.750+0000] {processor.py:830} INFO - Processing file /home/airflow/.local/lib/python3.10/site-packages/airflow/example_dags/example_datasets.py for tasks to queue
[2025-03-06T13:16:30.752+0000] {logging_mixin.py:188} INFO - [2025-03-06T13:16:30.751+0000] {dagbag.py:538} INFO - Filling up the DagBag from /home/airflow/.local/lib/python3.10/site-packages/airflow/example_dags/example_datasets.py
[2025-03-06T13:16:30.781+0000] {processor.py:840} INFO - DAG(s) 'dataset_produces_2', 'dataset_consumes_1', 'dataset_consumes_1_and_2', 'dataset_consumes_unknown_never_scheduled', 'dataset_consumes_1_never_scheduled', 'dataset_produces_1' retrieved from /home/airflow/.local/lib/python3.10/site-packages/airflow/example_dags/example_datasets.py
[2025-03-06T13:16:30.951+0000] {logging_mixin.py:188} INFO - [2025-03-06T13:16:30.950+0000] {dag.py:3036} INFO - Sync 6 DAGs
[2025-03-06T13:16:31.048+0000] {logging_mixin.py:188} INFO - [2025-03-06T13:16:31.048+0000] {dag.py:3823} INFO - Setting next_dagrun for dataset_consumes_1 to None, run_after=None
[2025-03-06T13:16:31.064+0000] {logging_mixin.py:188} INFO - [2025-03-06T13:16:31.064+0000] {dag.py:3823} INFO - Setting next_dagrun for dataset_consumes_1_and_2 to None, run_after=None
[2025-03-06T13:16:31.077+0000] {logging_mixin.py:188} INFO - [2025-03-06T13:16:31.076+0000] {dag.py:3823} INFO - Setting next_dagrun for dataset_consumes_1_never_scheduled to None, run_after=None
[2025-03-06T13:16:31.083+0000] {logging_mixin.py:188} INFO - [2025-03-06T13:16:31.083+0000] {dag.py:3823} INFO - Setting next_dagrun for dataset_consumes_unknown_never_scheduled to None, run_after=None
[2025-03-06T13:16:31.100+0000] {logging_mixin.py:188} INFO - [2025-03-06T13:16:31.100+0000] {dag.py:3823} INFO - Setting next_dagrun for dataset_produces_1 to 2025-03-05 00:00:00+00:00, run_after=2025-03-06 00:00:00+00:00
[2025-03-06T13:16:31.120+0000] {logging_mixin.py:188} INFO - [2025-03-06T13:16:31.120+0000] {dag.py:3823} INFO - Setting next_dagrun for dataset_produces_2 to None, run_after=None
[2025-03-06T13:16:31.385+0000] {processor.py:183} INFO - Processing /home/airflow/.local/lib/python3.10/site-packages/airflow/example_dags/example_datasets.py took 0.648 seconds
