[2025-03-06T12:54:56.213+0000] {processor.py:161} INFO - Started process (PID=62) to work on /home/airflow/.local/lib/python3.10/site-packages/airflow/example_dags/example_skip_dag.py
[2025-03-06T12:54:56.215+0000] {processor.py:830} INFO - Processing file /home/airflow/.local/lib/python3.10/site-packages/airflow/example_dags/example_skip_dag.py for tasks to queue
[2025-03-06T12:54:56.218+0000] {logging_mixin.py:188} INFO - [2025-03-06T12:54:56.217+0000] {dagbag.py:538} INFO - Filling up the DagBag from /home/airflow/.local/lib/python3.10/site-packages/airflow/example_dags/example_skip_dag.py
[2025-03-06T12:54:56.233+0000] {processor.py:840} INFO - DAG(s) 'example_skip_dag' retrieved from /home/airflow/.local/lib/python3.10/site-packages/airflow/example_dags/example_skip_dag.py
[2025-03-06T12:54:56.517+0000] {logging_mixin.py:188} INFO - [2025-03-06T12:54:56.517+0000] {dag.py:3036} INFO - Sync 1 DAGs
[2025-03-06T12:54:56.569+0000] {logging_mixin.py:188} INFO - [2025-03-06T12:54:56.569+0000] {dag.py:3823} INFO - Setting next_dagrun for example_skip_dag to 2025-03-05 00:00:00+00:00, run_after=2025-03-06 00:00:00+00:00
[2025-03-06T12:54:56.706+0000] {processor.py:183} INFO - Processing /home/airflow/.local/lib/python3.10/site-packages/airflow/example_dags/example_skip_dag.py took 0.499 seconds
[2025-03-06T12:56:45.406+0000] {processor.py:161} INFO - Started process (PID=125) to work on /home/airflow/.local/lib/python3.10/site-packages/airflow/example_dags/example_skip_dag.py
[2025-03-06T12:56:45.410+0000] {processor.py:830} INFO - Processing file /home/airflow/.local/lib/python3.10/site-packages/airflow/example_dags/example_skip_dag.py for tasks to queue
[2025-03-06T12:56:45.414+0000] {logging_mixin.py:188} INFO - [2025-03-06T12:56:45.413+0000] {dagbag.py:538} INFO - Filling up the DagBag from /home/airflow/.local/lib/python3.10/site-packages/airflow/example_dags/example_skip_dag.py
[2025-03-06T12:56:45.441+0000] {processor.py:840} INFO - DAG(s) 'example_skip_dag' retrieved from /home/airflow/.local/lib/python3.10/site-packages/airflow/example_dags/example_skip_dag.py
[2025-03-06T12:56:45.549+0000] {logging_mixin.py:188} INFO - [2025-03-06T12:56:45.548+0000] {dag.py:3036} INFO - Sync 1 DAGs
[2025-03-06T12:56:45.634+0000] {logging_mixin.py:188} INFO - [2025-03-06T12:56:45.634+0000] {dag.py:3823} INFO - Setting next_dagrun for example_skip_dag to 2025-03-05 00:00:00+00:00, run_after=2025-03-06 00:00:00+00:00
[2025-03-06T12:56:45.784+0000] {processor.py:183} INFO - Processing /home/airflow/.local/lib/python3.10/site-packages/airflow/example_dags/example_skip_dag.py took 0.387 seconds
[2025-03-06T12:58:21.222+0000] {processor.py:161} INFO - Started process (PID=185) to work on /home/airflow/.local/lib/python3.10/site-packages/airflow/example_dags/example_skip_dag.py
[2025-03-06T12:58:21.224+0000] {processor.py:830} INFO - Processing file /home/airflow/.local/lib/python3.10/site-packages/airflow/example_dags/example_skip_dag.py for tasks to queue
[2025-03-06T12:58:21.226+0000] {logging_mixin.py:188} INFO - [2025-03-06T12:58:21.226+0000] {dagbag.py:538} INFO - Filling up the DagBag from /home/airflow/.local/lib/python3.10/site-packages/airflow/example_dags/example_skip_dag.py
[2025-03-06T12:58:21.252+0000] {processor.py:840} INFO - DAG(s) 'example_skip_dag' retrieved from /home/airflow/.local/lib/python3.10/site-packages/airflow/example_dags/example_skip_dag.py
[2025-03-06T12:58:21.300+0000] {logging_mixin.py:188} INFO - [2025-03-06T12:58:21.300+0000] {dag.py:3036} INFO - Sync 1 DAGs
[2025-03-06T12:58:21.356+0000] {logging_mixin.py:188} INFO - [2025-03-06T12:58:21.356+0000] {dag.py:3823} INFO - Setting next_dagrun for example_skip_dag to 2025-03-05 00:00:00+00:00, run_after=2025-03-06 00:00:00+00:00
[2025-03-06T12:58:21.566+0000] {processor.py:183} INFO - Processing /home/airflow/.local/lib/python3.10/site-packages/airflow/example_dags/example_skip_dag.py took 0.350 seconds
[2025-03-06T12:59:41.607+0000] {processor.py:161} INFO - Started process (PID=241) to work on /home/airflow/.local/lib/python3.10/site-packages/airflow/example_dags/example_skip_dag.py
[2025-03-06T12:59:41.610+0000] {processor.py:830} INFO - Processing file /home/airflow/.local/lib/python3.10/site-packages/airflow/example_dags/example_skip_dag.py for tasks to queue
[2025-03-06T12:59:41.614+0000] {logging_mixin.py:188} INFO - [2025-03-06T12:59:41.612+0000] {dagbag.py:538} INFO - Filling up the DagBag from /home/airflow/.local/lib/python3.10/site-packages/airflow/example_dags/example_skip_dag.py
[2025-03-06T12:59:41.646+0000] {processor.py:840} INFO - DAG(s) 'example_skip_dag' retrieved from /home/airflow/.local/lib/python3.10/site-packages/airflow/example_dags/example_skip_dag.py
[2025-03-06T12:59:41.723+0000] {logging_mixin.py:188} INFO - [2025-03-06T12:59:41.723+0000] {dag.py:3036} INFO - Sync 1 DAGs
[2025-03-06T12:59:41.786+0000] {logging_mixin.py:188} INFO - [2025-03-06T12:59:41.786+0000] {dag.py:3823} INFO - Setting next_dagrun for example_skip_dag to 2025-03-05 00:00:00+00:00, run_after=2025-03-06 00:00:00+00:00
[2025-03-06T12:59:41.902+0000] {processor.py:183} INFO - Processing /home/airflow/.local/lib/python3.10/site-packages/airflow/example_dags/example_skip_dag.py took 0.302 seconds
[2025-03-06T13:01:04.459+0000] {processor.py:161} INFO - Started process (PID=298) to work on /home/airflow/.local/lib/python3.10/site-packages/airflow/example_dags/example_skip_dag.py
[2025-03-06T13:01:04.462+0000] {processor.py:830} INFO - Processing file /home/airflow/.local/lib/python3.10/site-packages/airflow/example_dags/example_skip_dag.py for tasks to queue
[2025-03-06T13:01:04.468+0000] {logging_mixin.py:188} INFO - [2025-03-06T13:01:04.467+0000] {dagbag.py:538} INFO - Filling up the DagBag from /home/airflow/.local/lib/python3.10/site-packages/airflow/example_dags/example_skip_dag.py
[2025-03-06T13:01:04.490+0000] {processor.py:840} INFO - DAG(s) 'example_skip_dag' retrieved from /home/airflow/.local/lib/python3.10/site-packages/airflow/example_dags/example_skip_dag.py
[2025-03-06T13:01:04.589+0000] {logging_mixin.py:188} INFO - [2025-03-06T13:01:04.588+0000] {dag.py:3036} INFO - Sync 1 DAGs
[2025-03-06T13:01:04.647+0000] {logging_mixin.py:188} INFO - [2025-03-06T13:01:04.647+0000] {dag.py:3823} INFO - Setting next_dagrun for example_skip_dag to 2025-03-05 00:00:00+00:00, run_after=2025-03-06 00:00:00+00:00
[2025-03-06T13:01:04.767+0000] {processor.py:183} INFO - Processing /home/airflow/.local/lib/python3.10/site-packages/airflow/example_dags/example_skip_dag.py took 0.315 seconds
[2025-03-06T13:04:36.503+0000] {processor.py:161} INFO - Started process (PID=63) to work on /home/airflow/.local/lib/python3.10/site-packages/airflow/example_dags/example_skip_dag.py
[2025-03-06T13:04:36.508+0000] {processor.py:830} INFO - Processing file /home/airflow/.local/lib/python3.10/site-packages/airflow/example_dags/example_skip_dag.py for tasks to queue
[2025-03-06T13:04:36.511+0000] {logging_mixin.py:188} INFO - [2025-03-06T13:04:36.511+0000] {dagbag.py:538} INFO - Filling up the DagBag from /home/airflow/.local/lib/python3.10/site-packages/airflow/example_dags/example_skip_dag.py
[2025-03-06T13:04:36.531+0000] {processor.py:840} INFO - DAG(s) 'example_skip_dag' retrieved from /home/airflow/.local/lib/python3.10/site-packages/airflow/example_dags/example_skip_dag.py
[2025-03-06T13:04:36.612+0000] {logging_mixin.py:188} INFO - [2025-03-06T13:04:36.612+0000] {dag.py:3036} INFO - Sync 1 DAGs
[2025-03-06T13:04:36.688+0000] {logging_mixin.py:188} INFO - [2025-03-06T13:04:36.687+0000] {dag.py:3823} INFO - Setting next_dagrun for example_skip_dag to 2025-03-05 00:00:00+00:00, run_after=2025-03-06 00:00:00+00:00
[2025-03-06T13:04:36.859+0000] {processor.py:183} INFO - Processing /home/airflow/.local/lib/python3.10/site-packages/airflow/example_dags/example_skip_dag.py took 0.363 seconds
[2025-03-06T13:06:14.473+0000] {processor.py:161} INFO - Started process (PID=124) to work on /home/airflow/.local/lib/python3.10/site-packages/airflow/example_dags/example_skip_dag.py
[2025-03-06T13:06:14.480+0000] {processor.py:830} INFO - Processing file /home/airflow/.local/lib/python3.10/site-packages/airflow/example_dags/example_skip_dag.py for tasks to queue
[2025-03-06T13:06:14.483+0000] {logging_mixin.py:188} INFO - [2025-03-06T13:06:14.482+0000] {dagbag.py:538} INFO - Filling up the DagBag from /home/airflow/.local/lib/python3.10/site-packages/airflow/example_dags/example_skip_dag.py
[2025-03-06T13:06:14.504+0000] {processor.py:840} INFO - DAG(s) 'example_skip_dag' retrieved from /home/airflow/.local/lib/python3.10/site-packages/airflow/example_dags/example_skip_dag.py
[2025-03-06T13:06:14.571+0000] {logging_mixin.py:188} INFO - [2025-03-06T13:06:14.571+0000] {dag.py:3036} INFO - Sync 1 DAGs
[2025-03-06T13:06:14.632+0000] {logging_mixin.py:188} INFO - [2025-03-06T13:06:14.632+0000] {dag.py:3823} INFO - Setting next_dagrun for example_skip_dag to 2025-03-05 00:00:00+00:00, run_after=2025-03-06 00:00:00+00:00
[2025-03-06T13:06:14.813+0000] {processor.py:183} INFO - Processing /home/airflow/.local/lib/python3.10/site-packages/airflow/example_dags/example_skip_dag.py took 0.353 seconds
[2025-03-06T13:08:01.538+0000] {processor.py:161} INFO - Started process (PID=188) to work on /home/airflow/.local/lib/python3.10/site-packages/airflow/example_dags/example_skip_dag.py
[2025-03-06T13:08:01.541+0000] {processor.py:830} INFO - Processing file /home/airflow/.local/lib/python3.10/site-packages/airflow/example_dags/example_skip_dag.py for tasks to queue
[2025-03-06T13:08:01.543+0000] {logging_mixin.py:188} INFO - [2025-03-06T13:08:01.543+0000] {dagbag.py:538} INFO - Filling up the DagBag from /home/airflow/.local/lib/python3.10/site-packages/airflow/example_dags/example_skip_dag.py
[2025-03-06T13:08:01.559+0000] {processor.py:840} INFO - DAG(s) 'example_skip_dag' retrieved from /home/airflow/.local/lib/python3.10/site-packages/airflow/example_dags/example_skip_dag.py
[2025-03-06T13:08:01.644+0000] {logging_mixin.py:188} INFO - [2025-03-06T13:08:01.643+0000] {dag.py:3036} INFO - Sync 1 DAGs
[2025-03-06T13:08:01.741+0000] {logging_mixin.py:188} INFO - [2025-03-06T13:08:01.740+0000] {dag.py:3823} INFO - Setting next_dagrun for example_skip_dag to 2025-03-05 00:00:00+00:00, run_after=2025-03-06 00:00:00+00:00
[2025-03-06T13:08:01.889+0000] {processor.py:183} INFO - Processing /home/airflow/.local/lib/python3.10/site-packages/airflow/example_dags/example_skip_dag.py took 0.358 seconds
[2025-03-06T13:09:30.229+0000] {processor.py:161} INFO - Started process (PID=246) to work on /home/airflow/.local/lib/python3.10/site-packages/airflow/example_dags/example_skip_dag.py
[2025-03-06T13:09:30.232+0000] {processor.py:830} INFO - Processing file /home/airflow/.local/lib/python3.10/site-packages/airflow/example_dags/example_skip_dag.py for tasks to queue
[2025-03-06T13:09:30.234+0000] {logging_mixin.py:188} INFO - [2025-03-06T13:09:30.234+0000] {dagbag.py:538} INFO - Filling up the DagBag from /home/airflow/.local/lib/python3.10/site-packages/airflow/example_dags/example_skip_dag.py
[2025-03-06T13:09:30.252+0000] {processor.py:840} INFO - DAG(s) 'example_skip_dag' retrieved from /home/airflow/.local/lib/python3.10/site-packages/airflow/example_dags/example_skip_dag.py
[2025-03-06T13:09:30.317+0000] {logging_mixin.py:188} INFO - [2025-03-06T13:09:30.317+0000] {dag.py:3036} INFO - Sync 1 DAGs
[2025-03-06T13:09:30.383+0000] {logging_mixin.py:188} INFO - [2025-03-06T13:09:30.383+0000] {dag.py:3823} INFO - Setting next_dagrun for example_skip_dag to 2025-03-05 00:00:00+00:00, run_after=2025-03-06 00:00:00+00:00
[2025-03-06T13:09:30.539+0000] {processor.py:183} INFO - Processing /home/airflow/.local/lib/python3.10/site-packages/airflow/example_dags/example_skip_dag.py took 0.317 seconds
[2025-03-06T13:12:11.931+0000] {processor.py:161} INFO - Started process (PID=63) to work on /home/airflow/.local/lib/python3.10/site-packages/airflow/example_dags/example_skip_dag.py
[2025-03-06T13:12:11.933+0000] {processor.py:830} INFO - Processing file /home/airflow/.local/lib/python3.10/site-packages/airflow/example_dags/example_skip_dag.py for tasks to queue
[2025-03-06T13:12:11.936+0000] {logging_mixin.py:188} INFO - [2025-03-06T13:12:11.935+0000] {dagbag.py:538} INFO - Filling up the DagBag from /home/airflow/.local/lib/python3.10/site-packages/airflow/example_dags/example_skip_dag.py
[2025-03-06T13:12:11.952+0000] {processor.py:840} INFO - DAG(s) 'example_skip_dag' retrieved from /home/airflow/.local/lib/python3.10/site-packages/airflow/example_dags/example_skip_dag.py
[2025-03-06T13:12:12.014+0000] {logging_mixin.py:188} INFO - [2025-03-06T13:12:12.014+0000] {dag.py:3036} INFO - Sync 1 DAGs
[2025-03-06T13:12:12.073+0000] {logging_mixin.py:188} INFO - [2025-03-06T13:12:12.072+0000] {dag.py:3823} INFO - Setting next_dagrun for example_skip_dag to 2025-03-05 00:00:00+00:00, run_after=2025-03-06 00:00:00+00:00
[2025-03-06T13:12:12.244+0000] {processor.py:183} INFO - Processing /home/airflow/.local/lib/python3.10/site-packages/airflow/example_dags/example_skip_dag.py took 0.321 seconds
[2025-03-06T13:14:01.706+0000] {processor.py:161} INFO - Started process (PID=127) to work on /home/airflow/.local/lib/python3.10/site-packages/airflow/example_dags/example_skip_dag.py
[2025-03-06T13:14:01.710+0000] {processor.py:830} INFO - Processing file /home/airflow/.local/lib/python3.10/site-packages/airflow/example_dags/example_skip_dag.py for tasks to queue
[2025-03-06T13:14:01.712+0000] {logging_mixin.py:188} INFO - [2025-03-06T13:14:01.711+0000] {dagbag.py:538} INFO - Filling up the DagBag from /home/airflow/.local/lib/python3.10/site-packages/airflow/example_dags/example_skip_dag.py
[2025-03-06T13:14:01.731+0000] {processor.py:840} INFO - DAG(s) 'example_skip_dag' retrieved from /home/airflow/.local/lib/python3.10/site-packages/airflow/example_dags/example_skip_dag.py
[2025-03-06T13:14:01.800+0000] {logging_mixin.py:188} INFO - [2025-03-06T13:14:01.800+0000] {dag.py:3036} INFO - Sync 1 DAGs
[2025-03-06T13:14:01.873+0000] {logging_mixin.py:188} INFO - [2025-03-06T13:14:01.872+0000] {dag.py:3823} INFO - Setting next_dagrun for example_skip_dag to 2025-03-05 00:00:00+00:00, run_after=2025-03-06 00:00:00+00:00
[2025-03-06T13:14:02.042+0000] {processor.py:183} INFO - Processing /home/airflow/.local/lib/python3.10/site-packages/airflow/example_dags/example_skip_dag.py took 0.343 seconds
[2025-03-06T13:15:38.949+0000] {processor.py:161} INFO - Started process (PID=189) to work on /home/airflow/.local/lib/python3.10/site-packages/airflow/example_dags/example_skip_dag.py
[2025-03-06T13:15:38.953+0000] {processor.py:830} INFO - Processing file /home/airflow/.local/lib/python3.10/site-packages/airflow/example_dags/example_skip_dag.py for tasks to queue
[2025-03-06T13:15:38.955+0000] {logging_mixin.py:188} INFO - [2025-03-06T13:15:38.954+0000] {dagbag.py:538} INFO - Filling up the DagBag from /home/airflow/.local/lib/python3.10/site-packages/airflow/example_dags/example_skip_dag.py
[2025-03-06T13:15:38.982+0000] {processor.py:840} INFO - DAG(s) 'example_skip_dag' retrieved from /home/airflow/.local/lib/python3.10/site-packages/airflow/example_dags/example_skip_dag.py
[2025-03-06T13:15:39.051+0000] {logging_mixin.py:188} INFO - [2025-03-06T13:15:39.051+0000] {dag.py:3036} INFO - Sync 1 DAGs
[2025-03-06T13:15:39.109+0000] {logging_mixin.py:188} INFO - [2025-03-06T13:15:39.108+0000] {dag.py:3823} INFO - Setting next_dagrun for example_skip_dag to 2025-03-05 00:00:00+00:00, run_after=2025-03-06 00:00:00+00:00
[2025-03-06T13:15:39.228+0000] {processor.py:183} INFO - Processing /home/airflow/.local/lib/python3.10/site-packages/airflow/example_dags/example_skip_dag.py took 0.290 seconds
[2025-03-06T13:17:28.959+0000] {processor.py:161} INFO - Started process (PID=251) to work on /home/airflow/.local/lib/python3.10/site-packages/airflow/example_dags/example_skip_dag.py
[2025-03-06T13:17:28.966+0000] {processor.py:830} INFO - Processing file /home/airflow/.local/lib/python3.10/site-packages/airflow/example_dags/example_skip_dag.py for tasks to queue
[2025-03-06T13:17:28.971+0000] {logging_mixin.py:188} INFO - [2025-03-06T13:17:28.970+0000] {dagbag.py:538} INFO - Filling up the DagBag from /home/airflow/.local/lib/python3.10/site-packages/airflow/example_dags/example_skip_dag.py
[2025-03-06T13:17:28.997+0000] {processor.py:840} INFO - DAG(s) 'example_skip_dag' retrieved from /home/airflow/.local/lib/python3.10/site-packages/airflow/example_dags/example_skip_dag.py
[2025-03-06T13:17:29.072+0000] {logging_mixin.py:188} INFO - [2025-03-06T13:17:29.072+0000] {dag.py:3036} INFO - Sync 1 DAGs
[2025-03-06T13:17:29.162+0000] {logging_mixin.py:188} INFO - [2025-03-06T13:17:29.161+0000] {dag.py:3823} INFO - Setting next_dagrun for example_skip_dag to 2025-03-05 00:00:00+00:00, run_after=2025-03-06 00:00:00+00:00
[2025-03-06T13:17:29.322+0000] {processor.py:183} INFO - Processing /home/airflow/.local/lib/python3.10/site-packages/airflow/example_dags/example_skip_dag.py took 0.376 seconds
