[2025-03-06T12:53:53.296+0000] {processor.py:161} INFO - Started process (PID=27) to work on /home/airflow/.local/lib/python3.10/site-packages/airflow/example_dags/example_xcom.py
[2025-03-06T12:53:53.299+0000] {processor.py:830} INFO - Processing file /home/airflow/.local/lib/python3.10/site-packages/airflow/example_dags/example_xcom.py for tasks to queue
[2025-03-06T12:53:53.302+0000] {logging_mixin.py:188} INFO - [2025-03-06T12:53:53.301+0000] {dagbag.py:538} INFO - Filling up the DagBag from /home/airflow/.local/lib/python3.10/site-packages/airflow/example_dags/example_xcom.py
[2025-03-06T12:53:53.346+0000] {processor.py:840} INFO - DAG(s) 'example_xcom' retrieved from /home/airflow/.local/lib/python3.10/site-packages/airflow/example_dags/example_xcom.py
[2025-03-06T12:53:53.388+0000] {logging_mixin.py:188} INFO - [2025-03-06T12:53:53.388+0000] {dag.py:3036} INFO - Sync 1 DAGs
[2025-03-06T12:53:53.465+0000] {logging_mixin.py:188} INFO - [2025-03-06T12:53:53.464+0000] {dag.py:3823} INFO - Setting next_dagrun for example_xcom to 2021-01-01 00:00:00+00:00, run_after=2021-01-01 00:00:00+00:00
[2025-03-06T12:53:53.620+0000] {processor.py:183} INFO - Processing /home/airflow/.local/lib/python3.10/site-packages/airflow/example_dags/example_xcom.py took 0.333 seconds
[2025-03-06T12:55:20.008+0000] {processor.py:161} INFO - Started process (PID=76) to work on /home/airflow/.local/lib/python3.10/site-packages/airflow/example_dags/example_xcom.py
[2025-03-06T12:55:20.013+0000] {processor.py:830} INFO - Processing file /home/airflow/.local/lib/python3.10/site-packages/airflow/example_dags/example_xcom.py for tasks to queue
[2025-03-06T12:55:20.017+0000] {logging_mixin.py:188} INFO - [2025-03-06T12:55:20.015+0000] {dagbag.py:538} INFO - Filling up the DagBag from /home/airflow/.local/lib/python3.10/site-packages/airflow/example_dags/example_xcom.py
[2025-03-06T12:55:20.040+0000] {processor.py:840} INFO - DAG(s) 'example_xcom' retrieved from /home/airflow/.local/lib/python3.10/site-packages/airflow/example_dags/example_xcom.py
[2025-03-06T12:55:20.364+0000] {logging_mixin.py:188} INFO - [2025-03-06T12:55:20.364+0000] {dag.py:3036} INFO - Sync 1 DAGs
[2025-03-06T12:55:20.404+0000] {logging_mixin.py:188} INFO - [2025-03-06T12:55:20.404+0000] {dag.py:3823} INFO - Setting next_dagrun for example_xcom to 2021-01-01 00:00:00+00:00, run_after=2021-01-01 00:00:00+00:00
[2025-03-06T12:55:20.552+0000] {processor.py:183} INFO - Processing /home/airflow/.local/lib/python3.10/site-packages/airflow/example_dags/example_xcom.py took 0.564 seconds
[2025-03-06T12:56:12.608+0000] {processor.py:161} INFO - Started process (PID=107) to work on /home/airflow/.local/lib/python3.10/site-packages/airflow/example_dags/example_xcom.py
[2025-03-06T12:56:12.617+0000] {processor.py:830} INFO - Processing file /home/airflow/.local/lib/python3.10/site-packages/airflow/example_dags/example_xcom.py for tasks to queue
[2025-03-06T12:56:12.620+0000] {logging_mixin.py:188} INFO - [2025-03-06T12:56:12.619+0000] {dagbag.py:538} INFO - Filling up the DagBag from /home/airflow/.local/lib/python3.10/site-packages/airflow/example_dags/example_xcom.py
[2025-03-06T12:56:12.645+0000] {processor.py:840} INFO - DAG(s) 'example_xcom' retrieved from /home/airflow/.local/lib/python3.10/site-packages/airflow/example_dags/example_xcom.py
[2025-03-06T12:56:12.703+0000] {logging_mixin.py:188} INFO - [2025-03-06T12:56:12.702+0000] {dag.py:3036} INFO - Sync 1 DAGs
[2025-03-06T12:56:12.763+0000] {logging_mixin.py:188} INFO - [2025-03-06T12:56:12.762+0000] {dag.py:3823} INFO - Setting next_dagrun for example_xcom to 2021-01-01 00:00:00+00:00, run_after=2021-01-01 00:00:00+00:00
[2025-03-06T12:56:12.909+0000] {processor.py:183} INFO - Processing /home/airflow/.local/lib/python3.10/site-packages/airflow/example_dags/example_xcom.py took 0.314 seconds
[2025-03-06T12:57:04.884+0000] {processor.py:161} INFO - Started process (PID=139) to work on /home/airflow/.local/lib/python3.10/site-packages/airflow/example_dags/example_xcom.py
[2025-03-06T12:57:04.887+0000] {processor.py:830} INFO - Processing file /home/airflow/.local/lib/python3.10/site-packages/airflow/example_dags/example_xcom.py for tasks to queue
[2025-03-06T12:57:04.890+0000] {logging_mixin.py:188} INFO - [2025-03-06T12:57:04.889+0000] {dagbag.py:538} INFO - Filling up the DagBag from /home/airflow/.local/lib/python3.10/site-packages/airflow/example_dags/example_xcom.py
[2025-03-06T12:57:04.910+0000] {processor.py:840} INFO - DAG(s) 'example_xcom' retrieved from /home/airflow/.local/lib/python3.10/site-packages/airflow/example_dags/example_xcom.py
[2025-03-06T12:57:04.977+0000] {logging_mixin.py:188} INFO - [2025-03-06T12:57:04.976+0000] {dag.py:3036} INFO - Sync 1 DAGs
[2025-03-06T12:57:05.038+0000] {logging_mixin.py:188} INFO - [2025-03-06T12:57:05.038+0000] {dag.py:3823} INFO - Setting next_dagrun for example_xcom to 2021-01-01 00:00:00+00:00, run_after=2021-01-01 00:00:00+00:00
[2025-03-06T12:57:05.261+0000] {processor.py:183} INFO - Processing /home/airflow/.local/lib/python3.10/site-packages/airflow/example_dags/example_xcom.py took 0.392 seconds
[2025-03-06T12:57:57.502+0000] {processor.py:161} INFO - Started process (PID=168) to work on /home/airflow/.local/lib/python3.10/site-packages/airflow/example_dags/example_xcom.py
[2025-03-06T12:57:57.504+0000] {processor.py:830} INFO - Processing file /home/airflow/.local/lib/python3.10/site-packages/airflow/example_dags/example_xcom.py for tasks to queue
[2025-03-06T12:57:57.507+0000] {logging_mixin.py:188} INFO - [2025-03-06T12:57:57.506+0000] {dagbag.py:538} INFO - Filling up the DagBag from /home/airflow/.local/lib/python3.10/site-packages/airflow/example_dags/example_xcom.py
[2025-03-06T12:57:57.522+0000] {processor.py:840} INFO - DAG(s) 'example_xcom' retrieved from /home/airflow/.local/lib/python3.10/site-packages/airflow/example_dags/example_xcom.py
[2025-03-06T12:57:57.579+0000] {logging_mixin.py:188} INFO - [2025-03-06T12:57:57.579+0000] {dag.py:3036} INFO - Sync 1 DAGs
[2025-03-06T12:57:57.643+0000] {logging_mixin.py:188} INFO - [2025-03-06T12:57:57.642+0000] {dag.py:3823} INFO - Setting next_dagrun for example_xcom to 2021-01-01 00:00:00+00:00, run_after=2021-01-01 00:00:00+00:00
[2025-03-06T12:57:57.770+0000] {processor.py:183} INFO - Processing /home/airflow/.local/lib/python3.10/site-packages/airflow/example_dags/example_xcom.py took 0.274 seconds
[2025-03-06T12:58:40.974+0000] {processor.py:161} INFO - Started process (PID=199) to work on /home/airflow/.local/lib/python3.10/site-packages/airflow/example_dags/example_xcom.py
[2025-03-06T12:58:40.977+0000] {processor.py:830} INFO - Processing file /home/airflow/.local/lib/python3.10/site-packages/airflow/example_dags/example_xcom.py for tasks to queue
[2025-03-06T12:58:40.980+0000] {logging_mixin.py:188} INFO - [2025-03-06T12:58:40.979+0000] {dagbag.py:538} INFO - Filling up the DagBag from /home/airflow/.local/lib/python3.10/site-packages/airflow/example_dags/example_xcom.py
[2025-03-06T12:58:40.996+0000] {processor.py:840} INFO - DAG(s) 'example_xcom' retrieved from /home/airflow/.local/lib/python3.10/site-packages/airflow/example_dags/example_xcom.py
[2025-03-06T12:58:41.052+0000] {logging_mixin.py:188} INFO - [2025-03-06T12:58:41.052+0000] {dag.py:3036} INFO - Sync 1 DAGs
[2025-03-06T12:58:41.112+0000] {logging_mixin.py:188} INFO - [2025-03-06T12:58:41.111+0000] {dag.py:3823} INFO - Setting next_dagrun for example_xcom to 2021-01-01 00:00:00+00:00, run_after=2021-01-01 00:00:00+00:00
[2025-03-06T12:58:41.270+0000] {processor.py:183} INFO - Processing /home/airflow/.local/lib/python3.10/site-packages/airflow/example_dags/example_xcom.py took 0.301 seconds
[2025-03-06T12:59:21.028+0000] {processor.py:161} INFO - Started process (PID=227) to work on /home/airflow/.local/lib/python3.10/site-packages/airflow/example_dags/example_xcom.py
[2025-03-06T12:59:21.030+0000] {processor.py:830} INFO - Processing file /home/airflow/.local/lib/python3.10/site-packages/airflow/example_dags/example_xcom.py for tasks to queue
[2025-03-06T12:59:21.033+0000] {logging_mixin.py:188} INFO - [2025-03-06T12:59:21.032+0000] {dagbag.py:538} INFO - Filling up the DagBag from /home/airflow/.local/lib/python3.10/site-packages/airflow/example_dags/example_xcom.py
[2025-03-06T12:59:21.048+0000] {processor.py:840} INFO - DAG(s) 'example_xcom' retrieved from /home/airflow/.local/lib/python3.10/site-packages/airflow/example_dags/example_xcom.py
[2025-03-06T12:59:21.111+0000] {logging_mixin.py:188} INFO - [2025-03-06T12:59:21.110+0000] {dag.py:3036} INFO - Sync 1 DAGs
[2025-03-06T12:59:21.172+0000] {logging_mixin.py:188} INFO - [2025-03-06T12:59:21.171+0000] {dag.py:3823} INFO - Setting next_dagrun for example_xcom to 2021-01-01 00:00:00+00:00, run_after=2021-01-01 00:00:00+00:00
[2025-03-06T12:59:21.347+0000] {processor.py:183} INFO - Processing /home/airflow/.local/lib/python3.10/site-packages/airflow/example_dags/example_xcom.py took 0.326 seconds
[2025-03-06T12:59:58.999+0000] {processor.py:161} INFO - Started process (PID=255) to work on /home/airflow/.local/lib/python3.10/site-packages/airflow/example_dags/example_xcom.py
[2025-03-06T12:59:59.002+0000] {processor.py:830} INFO - Processing file /home/airflow/.local/lib/python3.10/site-packages/airflow/example_dags/example_xcom.py for tasks to queue
[2025-03-06T12:59:59.005+0000] {logging_mixin.py:188} INFO - [2025-03-06T12:59:59.004+0000] {dagbag.py:538} INFO - Filling up the DagBag from /home/airflow/.local/lib/python3.10/site-packages/airflow/example_dags/example_xcom.py
[2025-03-06T12:59:59.029+0000] {processor.py:840} INFO - DAG(s) 'example_xcom' retrieved from /home/airflow/.local/lib/python3.10/site-packages/airflow/example_dags/example_xcom.py
[2025-03-06T12:59:59.096+0000] {logging_mixin.py:188} INFO - [2025-03-06T12:59:59.095+0000] {dag.py:3036} INFO - Sync 1 DAGs
[2025-03-06T12:59:59.162+0000] {logging_mixin.py:188} INFO - [2025-03-06T12:59:59.161+0000] {dag.py:3823} INFO - Setting next_dagrun for example_xcom to 2021-01-01 00:00:00+00:00, run_after=2021-01-01 00:00:00+00:00
[2025-03-06T12:59:59.343+0000] {processor.py:183} INFO - Processing /home/airflow/.local/lib/python3.10/site-packages/airflow/example_dags/example_xcom.py took 0.352 seconds
[2025-03-06T13:00:42.099+0000] {processor.py:161} INFO - Started process (PID=282) to work on /home/airflow/.local/lib/python3.10/site-packages/airflow/example_dags/example_xcom.py
[2025-03-06T13:00:42.103+0000] {processor.py:830} INFO - Processing file /home/airflow/.local/lib/python3.10/site-packages/airflow/example_dags/example_xcom.py for tasks to queue
[2025-03-06T13:00:42.107+0000] {logging_mixin.py:188} INFO - [2025-03-06T13:00:42.106+0000] {dagbag.py:538} INFO - Filling up the DagBag from /home/airflow/.local/lib/python3.10/site-packages/airflow/example_dags/example_xcom.py
[2025-03-06T13:00:42.143+0000] {processor.py:840} INFO - DAG(s) 'example_xcom' retrieved from /home/airflow/.local/lib/python3.10/site-packages/airflow/example_dags/example_xcom.py
[2025-03-06T13:00:42.227+0000] {logging_mixin.py:188} INFO - [2025-03-06T13:00:42.226+0000] {dag.py:3036} INFO - Sync 1 DAGs
[2025-03-06T13:00:42.285+0000] {logging_mixin.py:188} INFO - [2025-03-06T13:00:42.284+0000] {dag.py:3823} INFO - Setting next_dagrun for example_xcom to 2021-01-01 00:00:00+00:00, run_after=2021-01-01 00:00:00+00:00
[2025-03-06T13:00:42.415+0000] {processor.py:183} INFO - Processing /home/airflow/.local/lib/python3.10/site-packages/airflow/example_dags/example_xcom.py took 0.327 seconds
[2025-03-06T13:01:22.067+0000] {processor.py:161} INFO - Started process (PID=312) to work on /home/airflow/.local/lib/python3.10/site-packages/airflow/example_dags/example_xcom.py
[2025-03-06T13:01:22.070+0000] {processor.py:830} INFO - Processing file /home/airflow/.local/lib/python3.10/site-packages/airflow/example_dags/example_xcom.py for tasks to queue
[2025-03-06T13:01:22.073+0000] {logging_mixin.py:188} INFO - [2025-03-06T13:01:22.072+0000] {dagbag.py:538} INFO - Filling up the DagBag from /home/airflow/.local/lib/python3.10/site-packages/airflow/example_dags/example_xcom.py
[2025-03-06T13:01:22.088+0000] {processor.py:840} INFO - DAG(s) 'example_xcom' retrieved from /home/airflow/.local/lib/python3.10/site-packages/airflow/example_dags/example_xcom.py
[2025-03-06T13:01:22.138+0000] {logging_mixin.py:188} INFO - [2025-03-06T13:01:22.138+0000] {dag.py:3036} INFO - Sync 1 DAGs
[2025-03-06T13:01:22.189+0000] {logging_mixin.py:188} INFO - [2025-03-06T13:01:22.188+0000] {dag.py:3823} INFO - Setting next_dagrun for example_xcom to 2021-01-01 00:00:00+00:00, run_after=2021-01-01 00:00:00+00:00
[2025-03-06T13:01:22.321+0000] {processor.py:183} INFO - Processing /home/airflow/.local/lib/python3.10/site-packages/airflow/example_dags/example_xcom.py took 0.259 seconds
[2025-03-06T13:02:36.538+0000] {processor.py:161} INFO - Started process (PID=28) to work on /home/airflow/.local/lib/python3.10/site-packages/airflow/example_dags/example_xcom.py
[2025-03-06T13:02:36.544+0000] {processor.py:830} INFO - Processing file /home/airflow/.local/lib/python3.10/site-packages/airflow/example_dags/example_xcom.py for tasks to queue
[2025-03-06T13:02:36.550+0000] {logging_mixin.py:188} INFO - [2025-03-06T13:02:36.549+0000] {dagbag.py:538} INFO - Filling up the DagBag from /home/airflow/.local/lib/python3.10/site-packages/airflow/example_dags/example_xcom.py
[2025-03-06T13:02:36.602+0000] {processor.py:840} INFO - DAG(s) 'example_xcom' retrieved from /home/airflow/.local/lib/python3.10/site-packages/airflow/example_dags/example_xcom.py
[2025-03-06T13:02:36.729+0000] {logging_mixin.py:188} INFO - [2025-03-06T13:02:36.729+0000] {dag.py:3036} INFO - Sync 1 DAGs
[2025-03-06T13:02:36.821+0000] {logging_mixin.py:188} INFO - [2025-03-06T13:02:36.820+0000] {dag.py:3823} INFO - Setting next_dagrun for example_xcom to 2021-01-01 00:00:00+00:00, run_after=2021-01-01 00:00:00+00:00
[2025-03-06T13:02:36.987+0000] {processor.py:183} INFO - Processing /home/airflow/.local/lib/python3.10/site-packages/airflow/example_dags/example_xcom.py took 0.457 seconds
[2025-03-06T13:03:29.173+0000] {processor.py:161} INFO - Started process (PID=28) to work on /home/airflow/.local/lib/python3.10/site-packages/airflow/example_dags/example_xcom.py
[2025-03-06T13:03:29.179+0000] {processor.py:830} INFO - Processing file /home/airflow/.local/lib/python3.10/site-packages/airflow/example_dags/example_xcom.py for tasks to queue
[2025-03-06T13:03:29.181+0000] {logging_mixin.py:188} INFO - [2025-03-06T13:03:29.181+0000] {dagbag.py:538} INFO - Filling up the DagBag from /home/airflow/.local/lib/python3.10/site-packages/airflow/example_dags/example_xcom.py
[2025-03-06T13:03:29.212+0000] {processor.py:840} INFO - DAG(s) 'example_xcom' retrieved from /home/airflow/.local/lib/python3.10/site-packages/airflow/example_dags/example_xcom.py
[2025-03-06T13:03:29.301+0000] {logging_mixin.py:188} INFO - [2025-03-06T13:03:29.300+0000] {dag.py:3036} INFO - Sync 1 DAGs
[2025-03-06T13:03:29.370+0000] {logging_mixin.py:188} INFO - [2025-03-06T13:03:29.370+0000] {dag.py:3823} INFO - Setting next_dagrun for example_xcom to 2021-01-01 00:00:00+00:00, run_after=2021-01-01 00:00:00+00:00
[2025-03-06T13:03:29.524+0000] {processor.py:183} INFO - Processing /home/airflow/.local/lib/python3.10/site-packages/airflow/example_dags/example_xcom.py took 0.358 seconds
[2025-03-06T13:04:57.528+0000] {processor.py:161} INFO - Started process (PID=77) to work on /home/airflow/.local/lib/python3.10/site-packages/airflow/example_dags/example_xcom.py
[2025-03-06T13:04:57.533+0000] {processor.py:830} INFO - Processing file /home/airflow/.local/lib/python3.10/site-packages/airflow/example_dags/example_xcom.py for tasks to queue
[2025-03-06T13:04:57.537+0000] {logging_mixin.py:188} INFO - [2025-03-06T13:04:57.536+0000] {dagbag.py:538} INFO - Filling up the DagBag from /home/airflow/.local/lib/python3.10/site-packages/airflow/example_dags/example_xcom.py
[2025-03-06T13:04:57.570+0000] {processor.py:840} INFO - DAG(s) 'example_xcom' retrieved from /home/airflow/.local/lib/python3.10/site-packages/airflow/example_dags/example_xcom.py
[2025-03-06T13:04:57.674+0000] {logging_mixin.py:188} INFO - [2025-03-06T13:04:57.673+0000] {dag.py:3036} INFO - Sync 1 DAGs
[2025-03-06T13:04:57.836+0000] {logging_mixin.py:188} INFO - [2025-03-06T13:04:57.835+0000] {dag.py:3823} INFO - Setting next_dagrun for example_xcom to 2021-01-01 00:00:00+00:00, run_after=2021-01-01 00:00:00+00:00
[2025-03-06T13:04:58.122+0000] {processor.py:183} INFO - Processing /home/airflow/.local/lib/python3.10/site-packages/airflow/example_dags/example_xcom.py took 0.605 seconds
[2025-03-06T13:05:47.272+0000] {processor.py:161} INFO - Started process (PID=106) to work on /home/airflow/.local/lib/python3.10/site-packages/airflow/example_dags/example_xcom.py
[2025-03-06T13:05:47.276+0000] {processor.py:830} INFO - Processing file /home/airflow/.local/lib/python3.10/site-packages/airflow/example_dags/example_xcom.py for tasks to queue
[2025-03-06T13:05:47.278+0000] {logging_mixin.py:188} INFO - [2025-03-06T13:05:47.277+0000] {dagbag.py:538} INFO - Filling up the DagBag from /home/airflow/.local/lib/python3.10/site-packages/airflow/example_dags/example_xcom.py
[2025-03-06T13:05:47.316+0000] {processor.py:840} INFO - DAG(s) 'example_xcom' retrieved from /home/airflow/.local/lib/python3.10/site-packages/airflow/example_dags/example_xcom.py
[2025-03-06T13:05:47.425+0000] {logging_mixin.py:188} INFO - [2025-03-06T13:05:47.424+0000] {dag.py:3036} INFO - Sync 1 DAGs
[2025-03-06T13:05:47.531+0000] {logging_mixin.py:188} INFO - [2025-03-06T13:05:47.530+0000] {dag.py:3823} INFO - Setting next_dagrun for example_xcom to 2021-01-01 00:00:00+00:00, run_after=2021-01-01 00:00:00+00:00
[2025-03-06T13:05:47.878+0000] {processor.py:183} INFO - Processing /home/airflow/.local/lib/python3.10/site-packages/airflow/example_dags/example_xcom.py took 0.623 seconds
[2025-03-06T13:06:35.724+0000] {processor.py:161} INFO - Started process (PID=138) to work on /home/airflow/.local/lib/python3.10/site-packages/airflow/example_dags/example_xcom.py
[2025-03-06T13:06:35.728+0000] {processor.py:830} INFO - Processing file /home/airflow/.local/lib/python3.10/site-packages/airflow/example_dags/example_xcom.py for tasks to queue
[2025-03-06T13:06:35.731+0000] {logging_mixin.py:188} INFO - [2025-03-06T13:06:35.730+0000] {dagbag.py:538} INFO - Filling up the DagBag from /home/airflow/.local/lib/python3.10/site-packages/airflow/example_dags/example_xcom.py
[2025-03-06T13:06:35.755+0000] {processor.py:840} INFO - DAG(s) 'example_xcom' retrieved from /home/airflow/.local/lib/python3.10/site-packages/airflow/example_dags/example_xcom.py
[2025-03-06T13:06:35.853+0000] {logging_mixin.py:188} INFO - [2025-03-06T13:06:35.852+0000] {dag.py:3036} INFO - Sync 1 DAGs
[2025-03-06T13:06:35.944+0000] {logging_mixin.py:188} INFO - [2025-03-06T13:06:35.944+0000] {dag.py:3823} INFO - Setting next_dagrun for example_xcom to 2021-01-01 00:00:00+00:00, run_after=2021-01-01 00:00:00+00:00
[2025-03-06T13:06:36.130+0000] {processor.py:183} INFO - Processing /home/airflow/.local/lib/python3.10/site-packages/airflow/example_dags/example_xcom.py took 0.413 seconds
[2025-03-06T13:07:31.328+0000] {processor.py:161} INFO - Started process (PID=168) to work on /home/airflow/.local/lib/python3.10/site-packages/airflow/example_dags/example_xcom.py
[2025-03-06T13:07:31.331+0000] {processor.py:830} INFO - Processing file /home/airflow/.local/lib/python3.10/site-packages/airflow/example_dags/example_xcom.py for tasks to queue
[2025-03-06T13:07:31.334+0000] {logging_mixin.py:188} INFO - [2025-03-06T13:07:31.333+0000] {dagbag.py:538} INFO - Filling up the DagBag from /home/airflow/.local/lib/python3.10/site-packages/airflow/example_dags/example_xcom.py
[2025-03-06T13:07:31.362+0000] {processor.py:840} INFO - DAG(s) 'example_xcom' retrieved from /home/airflow/.local/lib/python3.10/site-packages/airflow/example_dags/example_xcom.py
[2025-03-06T13:07:31.446+0000] {logging_mixin.py:188} INFO - [2025-03-06T13:07:31.445+0000] {dag.py:3036} INFO - Sync 1 DAGs
[2025-03-06T13:07:31.509+0000] {logging_mixin.py:188} INFO - [2025-03-06T13:07:31.509+0000] {dag.py:3823} INFO - Setting next_dagrun for example_xcom to 2021-01-01 00:00:00+00:00, run_after=2021-01-01 00:00:00+00:00
[2025-03-06T13:07:31.635+0000] {processor.py:183} INFO - Processing /home/airflow/.local/lib/python3.10/site-packages/airflow/example_dags/example_xcom.py took 0.316 seconds
[2025-03-06T13:08:19.479+0000] {processor.py:161} INFO - Started process (PID=202) to work on /home/airflow/.local/lib/python3.10/site-packages/airflow/example_dags/example_xcom.py
[2025-03-06T13:08:19.481+0000] {processor.py:830} INFO - Processing file /home/airflow/.local/lib/python3.10/site-packages/airflow/example_dags/example_xcom.py for tasks to queue
[2025-03-06T13:08:19.483+0000] {logging_mixin.py:188} INFO - [2025-03-06T13:08:19.482+0000] {dagbag.py:538} INFO - Filling up the DagBag from /home/airflow/.local/lib/python3.10/site-packages/airflow/example_dags/example_xcom.py
[2025-03-06T13:08:19.510+0000] {processor.py:840} INFO - DAG(s) 'example_xcom' retrieved from /home/airflow/.local/lib/python3.10/site-packages/airflow/example_dags/example_xcom.py
[2025-03-06T13:08:19.580+0000] {logging_mixin.py:188} INFO - [2025-03-06T13:08:19.580+0000] {dag.py:3036} INFO - Sync 1 DAGs
[2025-03-06T13:08:19.647+0000] {logging_mixin.py:188} INFO - [2025-03-06T13:08:19.646+0000] {dag.py:3823} INFO - Setting next_dagrun for example_xcom to 2021-01-01 00:00:00+00:00, run_after=2021-01-01 00:00:00+00:00
[2025-03-06T13:08:19.785+0000] {processor.py:183} INFO - Processing /home/airflow/.local/lib/python3.10/site-packages/airflow/example_dags/example_xcom.py took 0.314 seconds
[2025-03-06T13:09:02.979+0000] {processor.py:161} INFO - Started process (PID=229) to work on /home/airflow/.local/lib/python3.10/site-packages/airflow/example_dags/example_xcom.py
[2025-03-06T13:09:02.981+0000] {processor.py:830} INFO - Processing file /home/airflow/.local/lib/python3.10/site-packages/airflow/example_dags/example_xcom.py for tasks to queue
[2025-03-06T13:09:02.984+0000] {logging_mixin.py:188} INFO - [2025-03-06T13:09:02.983+0000] {dagbag.py:538} INFO - Filling up the DagBag from /home/airflow/.local/lib/python3.10/site-packages/airflow/example_dags/example_xcom.py
[2025-03-06T13:09:03.017+0000] {processor.py:840} INFO - DAG(s) 'example_xcom' retrieved from /home/airflow/.local/lib/python3.10/site-packages/airflow/example_dags/example_xcom.py
[2025-03-06T13:09:03.082+0000] {logging_mixin.py:188} INFO - [2025-03-06T13:09:03.081+0000] {dag.py:3036} INFO - Sync 1 DAGs
[2025-03-06T13:09:03.150+0000] {logging_mixin.py:188} INFO - [2025-03-06T13:09:03.150+0000] {dag.py:3823} INFO - Setting next_dagrun for example_xcom to 2021-01-01 00:00:00+00:00, run_after=2021-01-01 00:00:00+00:00
[2025-03-06T13:09:03.306+0000] {processor.py:183} INFO - Processing /home/airflow/.local/lib/python3.10/site-packages/airflow/example_dags/example_xcom.py took 0.336 seconds
[2025-03-06T13:09:48.788+0000] {processor.py:161} INFO - Started process (PID=260) to work on /home/airflow/.local/lib/python3.10/site-packages/airflow/example_dags/example_xcom.py
[2025-03-06T13:09:48.791+0000] {processor.py:830} INFO - Processing file /home/airflow/.local/lib/python3.10/site-packages/airflow/example_dags/example_xcom.py for tasks to queue
[2025-03-06T13:09:48.793+0000] {logging_mixin.py:188} INFO - [2025-03-06T13:09:48.792+0000] {dagbag.py:538} INFO - Filling up the DagBag from /home/airflow/.local/lib/python3.10/site-packages/airflow/example_dags/example_xcom.py
[2025-03-06T13:09:48.810+0000] {processor.py:840} INFO - DAG(s) 'example_xcom' retrieved from /home/airflow/.local/lib/python3.10/site-packages/airflow/example_dags/example_xcom.py
[2025-03-06T13:09:48.861+0000] {logging_mixin.py:188} INFO - [2025-03-06T13:09:48.861+0000] {dag.py:3036} INFO - Sync 1 DAGs
[2025-03-06T13:09:48.909+0000] {logging_mixin.py:188} INFO - [2025-03-06T13:09:48.908+0000] {dag.py:3823} INFO - Setting next_dagrun for example_xcom to 2021-01-01 00:00:00+00:00, run_after=2021-01-01 00:00:00+00:00
[2025-03-06T13:09:49.038+0000] {processor.py:183} INFO - Processing /home/airflow/.local/lib/python3.10/site-packages/airflow/example_dags/example_xcom.py took 0.257 seconds
[2025-03-06T13:10:35.220+0000] {processor.py:161} INFO - Started process (PID=287) to work on /home/airflow/.local/lib/python3.10/site-packages/airflow/example_dags/example_xcom.py
[2025-03-06T13:10:35.222+0000] {processor.py:830} INFO - Processing file /home/airflow/.local/lib/python3.10/site-packages/airflow/example_dags/example_xcom.py for tasks to queue
[2025-03-06T13:10:35.224+0000] {logging_mixin.py:188} INFO - [2025-03-06T13:10:35.223+0000] {dagbag.py:538} INFO - Filling up the DagBag from /home/airflow/.local/lib/python3.10/site-packages/airflow/example_dags/example_xcom.py
[2025-03-06T13:10:35.239+0000] {processor.py:840} INFO - DAG(s) 'example_xcom' retrieved from /home/airflow/.local/lib/python3.10/site-packages/airflow/example_dags/example_xcom.py
[2025-03-06T13:10:35.296+0000] {logging_mixin.py:188} INFO - [2025-03-06T13:10:35.295+0000] {dag.py:3036} INFO - Sync 1 DAGs
[2025-03-06T13:10:35.388+0000] {logging_mixin.py:188} INFO - [2025-03-06T13:10:35.388+0000] {dag.py:3823} INFO - Setting next_dagrun for example_xcom to 2021-01-01 00:00:00+00:00, run_after=2021-01-01 00:00:00+00:00
[2025-03-06T13:10:35.525+0000] {processor.py:183} INFO - Processing /home/airflow/.local/lib/python3.10/site-packages/airflow/example_dags/example_xcom.py took 0.312 seconds
[2025-03-06T13:11:15.196+0000] {processor.py:161} INFO - Started process (PID=28) to work on /home/airflow/.local/lib/python3.10/site-packages/airflow/example_dags/example_xcom.py
[2025-03-06T13:11:15.200+0000] {processor.py:830} INFO - Processing file /home/airflow/.local/lib/python3.10/site-packages/airflow/example_dags/example_xcom.py for tasks to queue
[2025-03-06T13:11:15.202+0000] {logging_mixin.py:188} INFO - [2025-03-06T13:11:15.201+0000] {dagbag.py:538} INFO - Filling up the DagBag from /home/airflow/.local/lib/python3.10/site-packages/airflow/example_dags/example_xcom.py
[2025-03-06T13:11:15.230+0000] {processor.py:840} INFO - DAG(s) 'example_xcom' retrieved from /home/airflow/.local/lib/python3.10/site-packages/airflow/example_dags/example_xcom.py
[2025-03-06T13:11:15.315+0000] {logging_mixin.py:188} INFO - [2025-03-06T13:11:15.314+0000] {dag.py:3036} INFO - Sync 1 DAGs
[2025-03-06T13:11:15.367+0000] {logging_mixin.py:188} INFO - [2025-03-06T13:11:15.367+0000] {dag.py:3823} INFO - Setting next_dagrun for example_xcom to 2021-01-01 00:00:00+00:00, run_after=2021-01-01 00:00:00+00:00
[2025-03-06T13:11:15.491+0000] {processor.py:183} INFO - Processing /home/airflow/.local/lib/python3.10/site-packages/airflow/example_dags/example_xcom.py took 0.301 seconds
[2025-03-06T13:12:39.496+0000] {processor.py:161} INFO - Started process (PID=77) to work on /home/airflow/.local/lib/python3.10/site-packages/airflow/example_dags/example_xcom.py
[2025-03-06T13:12:39.499+0000] {processor.py:830} INFO - Processing file /home/airflow/.local/lib/python3.10/site-packages/airflow/example_dags/example_xcom.py for tasks to queue
[2025-03-06T13:12:39.505+0000] {logging_mixin.py:188} INFO - [2025-03-06T13:12:39.504+0000] {dagbag.py:538} INFO - Filling up the DagBag from /home/airflow/.local/lib/python3.10/site-packages/airflow/example_dags/example_xcom.py
[2025-03-06T13:12:39.529+0000] {processor.py:840} INFO - DAG(s) 'example_xcom' retrieved from /home/airflow/.local/lib/python3.10/site-packages/airflow/example_dags/example_xcom.py
[2025-03-06T13:12:39.607+0000] {logging_mixin.py:188} INFO - [2025-03-06T13:12:39.606+0000] {dag.py:3036} INFO - Sync 1 DAGs
[2025-03-06T13:12:39.672+0000] {logging_mixin.py:188} INFO - [2025-03-06T13:12:39.672+0000] {dag.py:3823} INFO - Setting next_dagrun for example_xcom to 2021-01-01 00:00:00+00:00, run_after=2021-01-01 00:00:00+00:00
[2025-03-06T13:12:39.820+0000] {processor.py:183} INFO - Processing /home/airflow/.local/lib/python3.10/site-packages/airflow/example_dags/example_xcom.py took 0.329 seconds
[2025-03-06T13:13:34.503+0000] {processor.py:161} INFO - Started process (PID=111) to work on /home/airflow/.local/lib/python3.10/site-packages/airflow/example_dags/example_xcom.py
[2025-03-06T13:13:34.506+0000] {processor.py:830} INFO - Processing file /home/airflow/.local/lib/python3.10/site-packages/airflow/example_dags/example_xcom.py for tasks to queue
[2025-03-06T13:13:34.508+0000] {logging_mixin.py:188} INFO - [2025-03-06T13:13:34.507+0000] {dagbag.py:538} INFO - Filling up the DagBag from /home/airflow/.local/lib/python3.10/site-packages/airflow/example_dags/example_xcom.py
[2025-03-06T13:13:34.526+0000] {processor.py:840} INFO - DAG(s) 'example_xcom' retrieved from /home/airflow/.local/lib/python3.10/site-packages/airflow/example_dags/example_xcom.py
[2025-03-06T13:13:34.623+0000] {logging_mixin.py:188} INFO - [2025-03-06T13:13:34.623+0000] {dag.py:3036} INFO - Sync 1 DAGs
[2025-03-06T13:13:34.709+0000] {logging_mixin.py:188} INFO - [2025-03-06T13:13:34.708+0000] {dag.py:3823} INFO - Setting next_dagrun for example_xcom to 2021-01-01 00:00:00+00:00, run_after=2021-01-01 00:00:00+00:00
[2025-03-06T13:13:34.865+0000] {processor.py:183} INFO - Processing /home/airflow/.local/lib/python3.10/site-packages/airflow/example_dags/example_xcom.py took 0.370 seconds
[2025-03-06T13:14:22.616+0000] {processor.py:161} INFO - Started process (PID=141) to work on /home/airflow/.local/lib/python3.10/site-packages/airflow/example_dags/example_xcom.py
[2025-03-06T13:14:22.628+0000] {processor.py:830} INFO - Processing file /home/airflow/.local/lib/python3.10/site-packages/airflow/example_dags/example_xcom.py for tasks to queue
[2025-03-06T13:14:22.630+0000] {logging_mixin.py:188} INFO - [2025-03-06T13:14:22.629+0000] {dagbag.py:538} INFO - Filling up the DagBag from /home/airflow/.local/lib/python3.10/site-packages/airflow/example_dags/example_xcom.py
[2025-03-06T13:14:22.661+0000] {processor.py:840} INFO - DAG(s) 'example_xcom' retrieved from /home/airflow/.local/lib/python3.10/site-packages/airflow/example_dags/example_xcom.py
[2025-03-06T13:14:22.759+0000] {logging_mixin.py:188} INFO - [2025-03-06T13:14:22.759+0000] {dag.py:3036} INFO - Sync 1 DAGs
[2025-03-06T13:14:22.832+0000] {logging_mixin.py:188} INFO - [2025-03-06T13:14:22.831+0000] {dag.py:3823} INFO - Setting next_dagrun for example_xcom to 2021-01-01 00:00:00+00:00, run_after=2021-01-01 00:00:00+00:00
[2025-03-06T13:14:22.962+0000] {processor.py:183} INFO - Processing /home/airflow/.local/lib/python3.10/site-packages/airflow/example_dags/example_xcom.py took 0.354 seconds
[2025-03-06T13:15:12.660+0000] {processor.py:161} INFO - Started process (PID=171) to work on /home/airflow/.local/lib/python3.10/site-packages/airflow/example_dags/example_xcom.py
[2025-03-06T13:15:12.663+0000] {processor.py:830} INFO - Processing file /home/airflow/.local/lib/python3.10/site-packages/airflow/example_dags/example_xcom.py for tasks to queue
[2025-03-06T13:15:12.665+0000] {logging_mixin.py:188} INFO - [2025-03-06T13:15:12.664+0000] {dagbag.py:538} INFO - Filling up the DagBag from /home/airflow/.local/lib/python3.10/site-packages/airflow/example_dags/example_xcom.py
[2025-03-06T13:15:12.682+0000] {processor.py:840} INFO - DAG(s) 'example_xcom' retrieved from /home/airflow/.local/lib/python3.10/site-packages/airflow/example_dags/example_xcom.py
[2025-03-06T13:15:12.745+0000] {logging_mixin.py:188} INFO - [2025-03-06T13:15:12.744+0000] {dag.py:3036} INFO - Sync 1 DAGs
[2025-03-06T13:15:12.800+0000] {logging_mixin.py:188} INFO - [2025-03-06T13:15:12.799+0000] {dag.py:3823} INFO - Setting next_dagrun for example_xcom to 2021-01-01 00:00:00+00:00, run_after=2021-01-01 00:00:00+00:00
[2025-03-06T13:15:12.939+0000] {processor.py:183} INFO - Processing /home/airflow/.local/lib/python3.10/site-packages/airflow/example_dags/example_xcom.py took 0.284 seconds
[2025-03-06T13:16:00.015+0000] {processor.py:161} INFO - Started process (PID=203) to work on /home/airflow/.local/lib/python3.10/site-packages/airflow/example_dags/example_xcom.py
[2025-03-06T13:16:00.018+0000] {processor.py:830} INFO - Processing file /home/airflow/.local/lib/python3.10/site-packages/airflow/example_dags/example_xcom.py for tasks to queue
[2025-03-06T13:16:00.028+0000] {logging_mixin.py:188} INFO - [2025-03-06T13:16:00.027+0000] {dagbag.py:538} INFO - Filling up the DagBag from /home/airflow/.local/lib/python3.10/site-packages/airflow/example_dags/example_xcom.py
[2025-03-06T13:16:00.051+0000] {processor.py:840} INFO - DAG(s) 'example_xcom' retrieved from /home/airflow/.local/lib/python3.10/site-packages/airflow/example_dags/example_xcom.py
[2025-03-06T13:16:00.201+0000] {logging_mixin.py:188} INFO - [2025-03-06T13:16:00.201+0000] {dag.py:3036} INFO - Sync 1 DAGs
[2025-03-06T13:16:00.279+0000] {logging_mixin.py:188} INFO - [2025-03-06T13:16:00.279+0000] {dag.py:3823} INFO - Setting next_dagrun for example_xcom to 2021-01-01 00:00:00+00:00, run_after=2021-01-01 00:00:00+00:00
[2025-03-06T13:16:00.436+0000] {processor.py:183} INFO - Processing /home/airflow/.local/lib/python3.10/site-packages/airflow/example_dags/example_xcom.py took 0.435 seconds
[2025-03-06T13:16:52.467+0000] {processor.py:161} INFO - Started process (PID=232) to work on /home/airflow/.local/lib/python3.10/site-packages/airflow/example_dags/example_xcom.py
[2025-03-06T13:16:52.469+0000] {processor.py:830} INFO - Processing file /home/airflow/.local/lib/python3.10/site-packages/airflow/example_dags/example_xcom.py for tasks to queue
[2025-03-06T13:16:52.471+0000] {logging_mixin.py:188} INFO - [2025-03-06T13:16:52.470+0000] {dagbag.py:538} INFO - Filling up the DagBag from /home/airflow/.local/lib/python3.10/site-packages/airflow/example_dags/example_xcom.py
[2025-03-06T13:16:52.487+0000] {processor.py:840} INFO - DAG(s) 'example_xcom' retrieved from /home/airflow/.local/lib/python3.10/site-packages/airflow/example_dags/example_xcom.py
[2025-03-06T13:16:52.549+0000] {logging_mixin.py:188} INFO - [2025-03-06T13:16:52.549+0000] {dag.py:3036} INFO - Sync 1 DAGs
[2025-03-06T13:16:52.606+0000] {logging_mixin.py:188} INFO - [2025-03-06T13:16:52.606+0000] {dag.py:3823} INFO - Setting next_dagrun for example_xcom to 2021-01-01 00:00:00+00:00, run_after=2021-01-01 00:00:00+00:00
[2025-03-06T13:16:52.825+0000] {processor.py:183} INFO - Processing /home/airflow/.local/lib/python3.10/site-packages/airflow/example_dags/example_xcom.py took 0.366 seconds
[2025-03-06T13:17:52.664+0000] {processor.py:161} INFO - Started process (PID=265) to work on /home/airflow/.local/lib/python3.10/site-packages/airflow/example_dags/example_xcom.py
[2025-03-06T13:17:52.687+0000] {processor.py:830} INFO - Processing file /home/airflow/.local/lib/python3.10/site-packages/airflow/example_dags/example_xcom.py for tasks to queue
[2025-03-06T13:17:52.697+0000] {logging_mixin.py:188} INFO - [2025-03-06T13:17:52.696+0000] {dagbag.py:538} INFO - Filling up the DagBag from /home/airflow/.local/lib/python3.10/site-packages/airflow/example_dags/example_xcom.py
[2025-03-06T13:17:52.733+0000] {processor.py:840} INFO - DAG(s) 'example_xcom' retrieved from /home/airflow/.local/lib/python3.10/site-packages/airflow/example_dags/example_xcom.py
[2025-03-06T13:17:52.842+0000] {logging_mixin.py:188} INFO - [2025-03-06T13:17:52.842+0000] {dag.py:3036} INFO - Sync 1 DAGs
[2025-03-06T13:17:52.927+0000] {logging_mixin.py:188} INFO - [2025-03-06T13:17:52.926+0000] {dag.py:3823} INFO - Setting next_dagrun for example_xcom to 2021-01-01 00:00:00+00:00, run_after=2021-01-01 00:00:00+00:00
[2025-03-06T13:17:53.073+0000] {processor.py:183} INFO - Processing /home/airflow/.local/lib/python3.10/site-packages/airflow/example_dags/example_xcom.py took 0.417 seconds
