[2025-03-06T12:53:56.479+0000] {processor.py:161} INFO - Started process (PID=29) to work on /home/airflow/.local/lib/python3.10/site-packages/airflow/example_dags/example_branch_day_of_week_operator.py
[2025-03-06T12:53:56.480+0000] {processor.py:830} INFO - Processing file /home/airflow/.local/lib/python3.10/site-packages/airflow/example_dags/example_branch_day_of_week_operator.py for tasks to queue
[2025-03-06T12:53:56.482+0000] {logging_mixin.py:188} INFO - [2025-03-06T12:53:56.481+0000] {dagbag.py:538} INFO - Filling up the DagBag from /home/airflow/.local/lib/python3.10/site-packages/airflow/example_dags/example_branch_day_of_week_operator.py
[2025-03-06T12:53:56.498+0000] {processor.py:840} INFO - DAG(s) 'example_weekday_branch_operator' retrieved from /home/airflow/.local/lib/python3.10/site-packages/airflow/example_dags/example_branch_day_of_week_operator.py
[2025-03-06T12:53:56.526+0000] {logging_mixin.py:188} INFO - [2025-03-06T12:53:56.526+0000] {dag.py:3036} INFO - Sync 1 DAGs
[2025-03-06T12:53:56.593+0000] {logging_mixin.py:188} INFO - [2025-03-06T12:53:56.593+0000] {dag.py:3823} INFO - Setting next_dagrun for example_weekday_branch_operator to 2025-03-05 00:00:00+00:00, run_after=2025-03-06 00:00:00+00:00
[2025-03-06T12:53:56.747+0000] {processor.py:183} INFO - Processing /home/airflow/.local/lib/python3.10/site-packages/airflow/example_dags/example_branch_day_of_week_operator.py took 0.271 seconds
[2025-03-06T12:55:23.891+0000] {processor.py:161} INFO - Started process (PID=78) to work on /home/airflow/.local/lib/python3.10/site-packages/airflow/example_dags/example_branch_day_of_week_operator.py
[2025-03-06T12:55:23.894+0000] {processor.py:830} INFO - Processing file /home/airflow/.local/lib/python3.10/site-packages/airflow/example_dags/example_branch_day_of_week_operator.py for tasks to queue
[2025-03-06T12:55:23.896+0000] {logging_mixin.py:188} INFO - [2025-03-06T12:55:23.896+0000] {dagbag.py:538} INFO - Filling up the DagBag from /home/airflow/.local/lib/python3.10/site-packages/airflow/example_dags/example_branch_day_of_week_operator.py
[2025-03-06T12:55:23.914+0000] {processor.py:840} INFO - DAG(s) 'example_weekday_branch_operator' retrieved from /home/airflow/.local/lib/python3.10/site-packages/airflow/example_dags/example_branch_day_of_week_operator.py
[2025-03-06T12:55:24.146+0000] {logging_mixin.py:188} INFO - [2025-03-06T12:55:24.145+0000] {dag.py:3036} INFO - Sync 1 DAGs
[2025-03-06T12:55:24.196+0000] {logging_mixin.py:188} INFO - [2025-03-06T12:55:24.196+0000] {dag.py:3823} INFO - Setting next_dagrun for example_weekday_branch_operator to 2025-03-05 00:00:00+00:00, run_after=2025-03-06 00:00:00+00:00
[2025-03-06T12:55:24.330+0000] {processor.py:183} INFO - Processing /home/airflow/.local/lib/python3.10/site-packages/airflow/example_dags/example_branch_day_of_week_operator.py took 0.447 seconds
[2025-03-06T12:56:15.762+0000] {processor.py:161} INFO - Started process (PID=109) to work on /home/airflow/.local/lib/python3.10/site-packages/airflow/example_dags/example_branch_day_of_week_operator.py
[2025-03-06T12:56:15.764+0000] {processor.py:830} INFO - Processing file /home/airflow/.local/lib/python3.10/site-packages/airflow/example_dags/example_branch_day_of_week_operator.py for tasks to queue
[2025-03-06T12:56:15.767+0000] {logging_mixin.py:188} INFO - [2025-03-06T12:56:15.766+0000] {dagbag.py:538} INFO - Filling up the DagBag from /home/airflow/.local/lib/python3.10/site-packages/airflow/example_dags/example_branch_day_of_week_operator.py
[2025-03-06T12:56:15.782+0000] {processor.py:840} INFO - DAG(s) 'example_weekday_branch_operator' retrieved from /home/airflow/.local/lib/python3.10/site-packages/airflow/example_dags/example_branch_day_of_week_operator.py
[2025-03-06T12:56:15.838+0000] {logging_mixin.py:188} INFO - [2025-03-06T12:56:15.837+0000] {dag.py:3036} INFO - Sync 1 DAGs
[2025-03-06T12:56:15.893+0000] {logging_mixin.py:188} INFO - [2025-03-06T12:56:15.893+0000] {dag.py:3823} INFO - Setting next_dagrun for example_weekday_branch_operator to 2025-03-05 00:00:00+00:00, run_after=2025-03-06 00:00:00+00:00
[2025-03-06T12:56:16.076+0000] {processor.py:183} INFO - Processing /home/airflow/.local/lib/python3.10/site-packages/airflow/example_dags/example_branch_day_of_week_operator.py took 0.319 seconds
[2025-03-06T12:57:08.030+0000] {processor.py:161} INFO - Started process (PID=141) to work on /home/airflow/.local/lib/python3.10/site-packages/airflow/example_dags/example_branch_day_of_week_operator.py
[2025-03-06T12:57:08.032+0000] {processor.py:830} INFO - Processing file /home/airflow/.local/lib/python3.10/site-packages/airflow/example_dags/example_branch_day_of_week_operator.py for tasks to queue
[2025-03-06T12:57:08.034+0000] {logging_mixin.py:188} INFO - [2025-03-06T12:57:08.034+0000] {dagbag.py:538} INFO - Filling up the DagBag from /home/airflow/.local/lib/python3.10/site-packages/airflow/example_dags/example_branch_day_of_week_operator.py
[2025-03-06T12:57:08.051+0000] {processor.py:840} INFO - DAG(s) 'example_weekday_branch_operator' retrieved from /home/airflow/.local/lib/python3.10/site-packages/airflow/example_dags/example_branch_day_of_week_operator.py
[2025-03-06T12:57:08.106+0000] {logging_mixin.py:188} INFO - [2025-03-06T12:57:08.106+0000] {dag.py:3036} INFO - Sync 1 DAGs
[2025-03-06T12:57:08.162+0000] {logging_mixin.py:188} INFO - [2025-03-06T12:57:08.161+0000] {dag.py:3823} INFO - Setting next_dagrun for example_weekday_branch_operator to 2025-03-05 00:00:00+00:00, run_after=2025-03-06 00:00:00+00:00
[2025-03-06T12:57:08.309+0000] {processor.py:183} INFO - Processing /home/airflow/.local/lib/python3.10/site-packages/airflow/example_dags/example_branch_day_of_week_operator.py took 0.286 seconds
[2025-03-06T12:58:00.938+0000] {processor.py:161} INFO - Started process (PID=170) to work on /home/airflow/.local/lib/python3.10/site-packages/airflow/example_dags/example_branch_day_of_week_operator.py
[2025-03-06T12:58:00.941+0000] {processor.py:830} INFO - Processing file /home/airflow/.local/lib/python3.10/site-packages/airflow/example_dags/example_branch_day_of_week_operator.py for tasks to queue
[2025-03-06T12:58:00.946+0000] {logging_mixin.py:188} INFO - [2025-03-06T12:58:00.943+0000] {dagbag.py:538} INFO - Filling up the DagBag from /home/airflow/.local/lib/python3.10/site-packages/airflow/example_dags/example_branch_day_of_week_operator.py
[2025-03-06T12:58:00.968+0000] {processor.py:840} INFO - DAG(s) 'example_weekday_branch_operator' retrieved from /home/airflow/.local/lib/python3.10/site-packages/airflow/example_dags/example_branch_day_of_week_operator.py
[2025-03-06T12:58:01.031+0000] {logging_mixin.py:188} INFO - [2025-03-06T12:58:01.030+0000] {dag.py:3036} INFO - Sync 1 DAGs
[2025-03-06T12:58:01.108+0000] {logging_mixin.py:188} INFO - [2025-03-06T12:58:01.107+0000] {dag.py:3823} INFO - Setting next_dagrun for example_weekday_branch_operator to 2025-03-05 00:00:00+00:00, run_after=2025-03-06 00:00:00+00:00
[2025-03-06T12:58:01.237+0000] {processor.py:183} INFO - Processing /home/airflow/.local/lib/python3.10/site-packages/airflow/example_dags/example_branch_day_of_week_operator.py took 0.305 seconds
[2025-03-06T12:58:44.131+0000] {processor.py:161} INFO - Started process (PID=201) to work on /home/airflow/.local/lib/python3.10/site-packages/airflow/example_dags/example_branch_day_of_week_operator.py
[2025-03-06T12:58:44.135+0000] {processor.py:830} INFO - Processing file /home/airflow/.local/lib/python3.10/site-packages/airflow/example_dags/example_branch_day_of_week_operator.py for tasks to queue
[2025-03-06T12:58:44.138+0000] {logging_mixin.py:188} INFO - [2025-03-06T12:58:44.137+0000] {dagbag.py:538} INFO - Filling up the DagBag from /home/airflow/.local/lib/python3.10/site-packages/airflow/example_dags/example_branch_day_of_week_operator.py
[2025-03-06T12:58:44.159+0000] {processor.py:840} INFO - DAG(s) 'example_weekday_branch_operator' retrieved from /home/airflow/.local/lib/python3.10/site-packages/airflow/example_dags/example_branch_day_of_week_operator.py
[2025-03-06T12:58:44.238+0000] {logging_mixin.py:188} INFO - [2025-03-06T12:58:44.238+0000] {dag.py:3036} INFO - Sync 1 DAGs
[2025-03-06T12:58:44.335+0000] {logging_mixin.py:188} INFO - [2025-03-06T12:58:44.334+0000] {dag.py:3823} INFO - Setting next_dagrun for example_weekday_branch_operator to 2025-03-05 00:00:00+00:00, run_after=2025-03-06 00:00:00+00:00
[2025-03-06T12:58:44.458+0000] {processor.py:183} INFO - Processing /home/airflow/.local/lib/python3.10/site-packages/airflow/example_dags/example_branch_day_of_week_operator.py took 0.337 seconds
[2025-03-06T12:59:24.340+0000] {processor.py:161} INFO - Started process (PID=229) to work on /home/airflow/.local/lib/python3.10/site-packages/airflow/example_dags/example_branch_day_of_week_operator.py
[2025-03-06T12:59:24.343+0000] {processor.py:830} INFO - Processing file /home/airflow/.local/lib/python3.10/site-packages/airflow/example_dags/example_branch_day_of_week_operator.py for tasks to queue
[2025-03-06T12:59:24.346+0000] {logging_mixin.py:188} INFO - [2025-03-06T12:59:24.345+0000] {dagbag.py:538} INFO - Filling up the DagBag from /home/airflow/.local/lib/python3.10/site-packages/airflow/example_dags/example_branch_day_of_week_operator.py
[2025-03-06T12:59:24.369+0000] {processor.py:840} INFO - DAG(s) 'example_weekday_branch_operator' retrieved from /home/airflow/.local/lib/python3.10/site-packages/airflow/example_dags/example_branch_day_of_week_operator.py
[2025-03-06T12:59:24.452+0000] {logging_mixin.py:188} INFO - [2025-03-06T12:59:24.451+0000] {dag.py:3036} INFO - Sync 1 DAGs
[2025-03-06T12:59:24.534+0000] {logging_mixin.py:188} INFO - [2025-03-06T12:59:24.533+0000] {dag.py:3823} INFO - Setting next_dagrun for example_weekday_branch_operator to 2025-03-05 00:00:00+00:00, run_after=2025-03-06 00:00:00+00:00
[2025-03-06T12:59:24.728+0000] {processor.py:183} INFO - Processing /home/airflow/.local/lib/python3.10/site-packages/airflow/example_dags/example_branch_day_of_week_operator.py took 0.396 seconds
[2025-03-06T13:00:02.327+0000] {processor.py:161} INFO - Started process (PID=257) to work on /home/airflow/.local/lib/python3.10/site-packages/airflow/example_dags/example_branch_day_of_week_operator.py
[2025-03-06T13:00:02.329+0000] {processor.py:830} INFO - Processing file /home/airflow/.local/lib/python3.10/site-packages/airflow/example_dags/example_branch_day_of_week_operator.py for tasks to queue
[2025-03-06T13:00:02.331+0000] {logging_mixin.py:188} INFO - [2025-03-06T13:00:02.330+0000] {dagbag.py:538} INFO - Filling up the DagBag from /home/airflow/.local/lib/python3.10/site-packages/airflow/example_dags/example_branch_day_of_week_operator.py
[2025-03-06T13:00:02.346+0000] {processor.py:840} INFO - DAG(s) 'example_weekday_branch_operator' retrieved from /home/airflow/.local/lib/python3.10/site-packages/airflow/example_dags/example_branch_day_of_week_operator.py
[2025-03-06T13:00:02.398+0000] {logging_mixin.py:188} INFO - [2025-03-06T13:00:02.397+0000] {dag.py:3036} INFO - Sync 1 DAGs
[2025-03-06T13:00:02.446+0000] {logging_mixin.py:188} INFO - [2025-03-06T13:00:02.445+0000] {dag.py:3823} INFO - Setting next_dagrun for example_weekday_branch_operator to 2025-03-05 00:00:00+00:00, run_after=2025-03-06 00:00:00+00:00
[2025-03-06T13:00:02.572+0000] {processor.py:183} INFO - Processing /home/airflow/.local/lib/python3.10/site-packages/airflow/example_dags/example_branch_day_of_week_operator.py took 0.251 seconds
[2025-03-06T13:00:44.712+0000] {processor.py:161} INFO - Started process (PID=284) to work on /home/airflow/.local/lib/python3.10/site-packages/airflow/example_dags/example_branch_day_of_week_operator.py
[2025-03-06T13:00:44.714+0000] {processor.py:830} INFO - Processing file /home/airflow/.local/lib/python3.10/site-packages/airflow/example_dags/example_branch_day_of_week_operator.py for tasks to queue
[2025-03-06T13:00:44.717+0000] {logging_mixin.py:188} INFO - [2025-03-06T13:00:44.716+0000] {dagbag.py:538} INFO - Filling up the DagBag from /home/airflow/.local/lib/python3.10/site-packages/airflow/example_dags/example_branch_day_of_week_operator.py
[2025-03-06T13:00:44.740+0000] {processor.py:840} INFO - DAG(s) 'example_weekday_branch_operator' retrieved from /home/airflow/.local/lib/python3.10/site-packages/airflow/example_dags/example_branch_day_of_week_operator.py
[2025-03-06T13:00:44.802+0000] {logging_mixin.py:188} INFO - [2025-03-06T13:00:44.801+0000] {dag.py:3036} INFO - Sync 1 DAGs
[2025-03-06T13:00:44.855+0000] {logging_mixin.py:188} INFO - [2025-03-06T13:00:44.855+0000] {dag.py:3823} INFO - Setting next_dagrun for example_weekday_branch_operator to 2025-03-05 00:00:00+00:00, run_after=2025-03-06 00:00:00+00:00
[2025-03-06T13:00:44.985+0000] {processor.py:183} INFO - Processing /home/airflow/.local/lib/python3.10/site-packages/airflow/example_dags/example_branch_day_of_week_operator.py took 0.281 seconds
[2025-03-06T13:01:25.370+0000] {processor.py:161} INFO - Started process (PID=314) to work on /home/airflow/.local/lib/python3.10/site-packages/airflow/example_dags/example_branch_day_of_week_operator.py
[2025-03-06T13:01:25.374+0000] {processor.py:830} INFO - Processing file /home/airflow/.local/lib/python3.10/site-packages/airflow/example_dags/example_branch_day_of_week_operator.py for tasks to queue
[2025-03-06T13:01:25.377+0000] {logging_mixin.py:188} INFO - [2025-03-06T13:01:25.376+0000] {dagbag.py:538} INFO - Filling up the DagBag from /home/airflow/.local/lib/python3.10/site-packages/airflow/example_dags/example_branch_day_of_week_operator.py
[2025-03-06T13:01:25.401+0000] {processor.py:840} INFO - DAG(s) 'example_weekday_branch_operator' retrieved from /home/airflow/.local/lib/python3.10/site-packages/airflow/example_dags/example_branch_day_of_week_operator.py
[2025-03-06T13:01:25.493+0000] {logging_mixin.py:188} INFO - [2025-03-06T13:01:25.492+0000] {dag.py:3036} INFO - Sync 1 DAGs
[2025-03-06T13:01:25.577+0000] {logging_mixin.py:188} INFO - [2025-03-06T13:01:25.577+0000] {dag.py:3823} INFO - Setting next_dagrun for example_weekday_branch_operator to 2025-03-05 00:00:00+00:00, run_after=2025-03-06 00:00:00+00:00
[2025-03-06T13:01:25.773+0000] {processor.py:183} INFO - Processing /home/airflow/.local/lib/python3.10/site-packages/airflow/example_dags/example_branch_day_of_week_operator.py took 0.412 seconds
[2025-03-06T13:02:40.928+0000] {processor.py:161} INFO - Started process (PID=30) to work on /home/airflow/.local/lib/python3.10/site-packages/airflow/example_dags/example_branch_day_of_week_operator.py
[2025-03-06T13:02:40.931+0000] {processor.py:830} INFO - Processing file /home/airflow/.local/lib/python3.10/site-packages/airflow/example_dags/example_branch_day_of_week_operator.py for tasks to queue
[2025-03-06T13:02:40.933+0000] {logging_mixin.py:188} INFO - [2025-03-06T13:02:40.932+0000] {dagbag.py:538} INFO - Filling up the DagBag from /home/airflow/.local/lib/python3.10/site-packages/airflow/example_dags/example_branch_day_of_week_operator.py
[2025-03-06T13:02:40.963+0000] {processor.py:840} INFO - DAG(s) 'example_weekday_branch_operator' retrieved from /home/airflow/.local/lib/python3.10/site-packages/airflow/example_dags/example_branch_day_of_week_operator.py
[2025-03-06T13:02:41.056+0000] {logging_mixin.py:188} INFO - [2025-03-06T13:02:41.055+0000] {dag.py:3036} INFO - Sync 1 DAGs
[2025-03-06T13:02:41.144+0000] {logging_mixin.py:188} INFO - [2025-03-06T13:02:41.141+0000] {dag.py:3823} INFO - Setting next_dagrun for example_weekday_branch_operator to 2025-03-05 00:00:00+00:00, run_after=2025-03-06 00:00:00+00:00
[2025-03-06T13:02:41.319+0000] {processor.py:183} INFO - Processing /home/airflow/.local/lib/python3.10/site-packages/airflow/example_dags/example_branch_day_of_week_operator.py took 0.399 seconds
[2025-03-06T13:03:33.422+0000] {processor.py:161} INFO - Started process (PID=30) to work on /home/airflow/.local/lib/python3.10/site-packages/airflow/example_dags/example_branch_day_of_week_operator.py
[2025-03-06T13:03:33.426+0000] {processor.py:830} INFO - Processing file /home/airflow/.local/lib/python3.10/site-packages/airflow/example_dags/example_branch_day_of_week_operator.py for tasks to queue
[2025-03-06T13:03:33.429+0000] {logging_mixin.py:188} INFO - [2025-03-06T13:03:33.428+0000] {dagbag.py:538} INFO - Filling up the DagBag from /home/airflow/.local/lib/python3.10/site-packages/airflow/example_dags/example_branch_day_of_week_operator.py
[2025-03-06T13:03:33.464+0000] {processor.py:840} INFO - DAG(s) 'example_weekday_branch_operator' retrieved from /home/airflow/.local/lib/python3.10/site-packages/airflow/example_dags/example_branch_day_of_week_operator.py
[2025-03-06T13:03:33.565+0000] {logging_mixin.py:188} INFO - [2025-03-06T13:03:33.564+0000] {dag.py:3036} INFO - Sync 1 DAGs
[2025-03-06T13:03:33.644+0000] {logging_mixin.py:188} INFO - [2025-03-06T13:03:33.643+0000] {dag.py:3823} INFO - Setting next_dagrun for example_weekday_branch_operator to 2025-03-05 00:00:00+00:00, run_after=2025-03-06 00:00:00+00:00
[2025-03-06T13:03:33.796+0000] {processor.py:183} INFO - Processing /home/airflow/.local/lib/python3.10/site-packages/airflow/example_dags/example_branch_day_of_week_operator.py took 0.382 seconds
[2025-03-06T13:05:01.144+0000] {processor.py:161} INFO - Started process (PID=79) to work on /home/airflow/.local/lib/python3.10/site-packages/airflow/example_dags/example_branch_day_of_week_operator.py
[2025-03-06T13:05:01.150+0000] {processor.py:830} INFO - Processing file /home/airflow/.local/lib/python3.10/site-packages/airflow/example_dags/example_branch_day_of_week_operator.py for tasks to queue
[2025-03-06T13:05:01.153+0000] {logging_mixin.py:188} INFO - [2025-03-06T13:05:01.152+0000] {dagbag.py:538} INFO - Filling up the DagBag from /home/airflow/.local/lib/python3.10/site-packages/airflow/example_dags/example_branch_day_of_week_operator.py
[2025-03-06T13:05:01.172+0000] {processor.py:840} INFO - DAG(s) 'example_weekday_branch_operator' retrieved from /home/airflow/.local/lib/python3.10/site-packages/airflow/example_dags/example_branch_day_of_week_operator.py
[2025-03-06T13:05:01.249+0000] {logging_mixin.py:188} INFO - [2025-03-06T13:05:01.248+0000] {dag.py:3036} INFO - Sync 1 DAGs
[2025-03-06T13:05:01.326+0000] {logging_mixin.py:188} INFO - [2025-03-06T13:05:01.325+0000] {dag.py:3823} INFO - Setting next_dagrun for example_weekday_branch_operator to 2025-03-05 00:00:00+00:00, run_after=2025-03-06 00:00:00+00:00
[2025-03-06T13:05:01.502+0000] {processor.py:183} INFO - Processing /home/airflow/.local/lib/python3.10/site-packages/airflow/example_dags/example_branch_day_of_week_operator.py took 0.366 seconds
[2025-03-06T13:05:51.162+0000] {processor.py:161} INFO - Started process (PID=108) to work on /home/airflow/.local/lib/python3.10/site-packages/airflow/example_dags/example_branch_day_of_week_operator.py
[2025-03-06T13:05:51.164+0000] {processor.py:830} INFO - Processing file /home/airflow/.local/lib/python3.10/site-packages/airflow/example_dags/example_branch_day_of_week_operator.py for tasks to queue
[2025-03-06T13:05:51.166+0000] {logging_mixin.py:188} INFO - [2025-03-06T13:05:51.166+0000] {dagbag.py:538} INFO - Filling up the DagBag from /home/airflow/.local/lib/python3.10/site-packages/airflow/example_dags/example_branch_day_of_week_operator.py
[2025-03-06T13:05:51.187+0000] {processor.py:840} INFO - DAG(s) 'example_weekday_branch_operator' retrieved from /home/airflow/.local/lib/python3.10/site-packages/airflow/example_dags/example_branch_day_of_week_operator.py
[2025-03-06T13:05:51.256+0000] {logging_mixin.py:188} INFO - [2025-03-06T13:05:51.256+0000] {dag.py:3036} INFO - Sync 1 DAGs
[2025-03-06T13:05:51.314+0000] {logging_mixin.py:188} INFO - [2025-03-06T13:05:51.314+0000] {dag.py:3823} INFO - Setting next_dagrun for example_weekday_branch_operator to 2025-03-05 00:00:00+00:00, run_after=2025-03-06 00:00:00+00:00
[2025-03-06T13:05:51.441+0000] {processor.py:183} INFO - Processing /home/airflow/.local/lib/python3.10/site-packages/airflow/example_dags/example_branch_day_of_week_operator.py took 0.285 seconds
[2025-03-06T13:06:38.279+0000] {processor.py:161} INFO - Started process (PID=140) to work on /home/airflow/.local/lib/python3.10/site-packages/airflow/example_dags/example_branch_day_of_week_operator.py
[2025-03-06T13:06:38.281+0000] {processor.py:830} INFO - Processing file /home/airflow/.local/lib/python3.10/site-packages/airflow/example_dags/example_branch_day_of_week_operator.py for tasks to queue
[2025-03-06T13:06:38.284+0000] {logging_mixin.py:188} INFO - [2025-03-06T13:06:38.283+0000] {dagbag.py:538} INFO - Filling up the DagBag from /home/airflow/.local/lib/python3.10/site-packages/airflow/example_dags/example_branch_day_of_week_operator.py
[2025-03-06T13:06:38.308+0000] {processor.py:840} INFO - DAG(s) 'example_weekday_branch_operator' retrieved from /home/airflow/.local/lib/python3.10/site-packages/airflow/example_dags/example_branch_day_of_week_operator.py
[2025-03-06T13:06:38.373+0000] {logging_mixin.py:188} INFO - [2025-03-06T13:06:38.373+0000] {dag.py:3036} INFO - Sync 1 DAGs
[2025-03-06T13:06:38.448+0000] {logging_mixin.py:188} INFO - [2025-03-06T13:06:38.447+0000] {dag.py:3823} INFO - Setting next_dagrun for example_weekday_branch_operator to 2025-03-05 00:00:00+00:00, run_after=2025-03-06 00:00:00+00:00
[2025-03-06T13:06:38.608+0000] {processor.py:183} INFO - Processing /home/airflow/.local/lib/python3.10/site-packages/airflow/example_dags/example_branch_day_of_week_operator.py took 0.337 seconds
[2025-03-06T13:07:34.279+0000] {processor.py:161} INFO - Started process (PID=170) to work on /home/airflow/.local/lib/python3.10/site-packages/airflow/example_dags/example_branch_day_of_week_operator.py
[2025-03-06T13:07:34.280+0000] {processor.py:830} INFO - Processing file /home/airflow/.local/lib/python3.10/site-packages/airflow/example_dags/example_branch_day_of_week_operator.py for tasks to queue
[2025-03-06T13:07:34.282+0000] {logging_mixin.py:188} INFO - [2025-03-06T13:07:34.282+0000] {dagbag.py:538} INFO - Filling up the DagBag from /home/airflow/.local/lib/python3.10/site-packages/airflow/example_dags/example_branch_day_of_week_operator.py
[2025-03-06T13:07:34.297+0000] {processor.py:840} INFO - DAG(s) 'example_weekday_branch_operator' retrieved from /home/airflow/.local/lib/python3.10/site-packages/airflow/example_dags/example_branch_day_of_week_operator.py
[2025-03-06T13:07:34.366+0000] {logging_mixin.py:188} INFO - [2025-03-06T13:07:34.365+0000] {dag.py:3036} INFO - Sync 1 DAGs
[2025-03-06T13:07:34.518+0000] {logging_mixin.py:188} INFO - [2025-03-06T13:07:34.517+0000] {dag.py:3823} INFO - Setting next_dagrun for example_weekday_branch_operator to 2025-03-05 00:00:00+00:00, run_after=2025-03-06 00:00:00+00:00
[2025-03-06T13:07:34.810+0000] {processor.py:183} INFO - Processing /home/airflow/.local/lib/python3.10/site-packages/airflow/example_dags/example_branch_day_of_week_operator.py took 0.537 seconds
[2025-03-06T13:08:22.841+0000] {processor.py:161} INFO - Started process (PID=204) to work on /home/airflow/.local/lib/python3.10/site-packages/airflow/example_dags/example_branch_day_of_week_operator.py
[2025-03-06T13:08:22.844+0000] {processor.py:830} INFO - Processing file /home/airflow/.local/lib/python3.10/site-packages/airflow/example_dags/example_branch_day_of_week_operator.py for tasks to queue
[2025-03-06T13:08:22.848+0000] {logging_mixin.py:188} INFO - [2025-03-06T13:08:22.846+0000] {dagbag.py:538} INFO - Filling up the DagBag from /home/airflow/.local/lib/python3.10/site-packages/airflow/example_dags/example_branch_day_of_week_operator.py
[2025-03-06T13:08:22.876+0000] {processor.py:840} INFO - DAG(s) 'example_weekday_branch_operator' retrieved from /home/airflow/.local/lib/python3.10/site-packages/airflow/example_dags/example_branch_day_of_week_operator.py
[2025-03-06T13:08:22.936+0000] {logging_mixin.py:188} INFO - [2025-03-06T13:08:22.935+0000] {dag.py:3036} INFO - Sync 1 DAGs
[2025-03-06T13:08:23.008+0000] {logging_mixin.py:188} INFO - [2025-03-06T13:08:23.007+0000] {dag.py:3823} INFO - Setting next_dagrun for example_weekday_branch_operator to 2025-03-05 00:00:00+00:00, run_after=2025-03-06 00:00:00+00:00
[2025-03-06T13:08:23.255+0000] {processor.py:183} INFO - Processing /home/airflow/.local/lib/python3.10/site-packages/airflow/example_dags/example_branch_day_of_week_operator.py took 0.430 seconds
[2025-03-06T13:09:05.911+0000] {processor.py:161} INFO - Started process (PID=231) to work on /home/airflow/.local/lib/python3.10/site-packages/airflow/example_dags/example_branch_day_of_week_operator.py
[2025-03-06T13:09:05.914+0000] {processor.py:830} INFO - Processing file /home/airflow/.local/lib/python3.10/site-packages/airflow/example_dags/example_branch_day_of_week_operator.py for tasks to queue
[2025-03-06T13:09:05.917+0000] {logging_mixin.py:188} INFO - [2025-03-06T13:09:05.916+0000] {dagbag.py:538} INFO - Filling up the DagBag from /home/airflow/.local/lib/python3.10/site-packages/airflow/example_dags/example_branch_day_of_week_operator.py
[2025-03-06T13:09:05.938+0000] {processor.py:840} INFO - DAG(s) 'example_weekday_branch_operator' retrieved from /home/airflow/.local/lib/python3.10/site-packages/airflow/example_dags/example_branch_day_of_week_operator.py
[2025-03-06T13:09:06.004+0000] {logging_mixin.py:188} INFO - [2025-03-06T13:09:06.003+0000] {dag.py:3036} INFO - Sync 1 DAGs
[2025-03-06T13:09:06.085+0000] {logging_mixin.py:188} INFO - [2025-03-06T13:09:06.084+0000] {dag.py:3823} INFO - Setting next_dagrun for example_weekday_branch_operator to 2025-03-05 00:00:00+00:00, run_after=2025-03-06 00:00:00+00:00
[2025-03-06T13:09:06.313+0000] {processor.py:183} INFO - Processing /home/airflow/.local/lib/python3.10/site-packages/airflow/example_dags/example_branch_day_of_week_operator.py took 0.410 seconds
[2025-03-06T13:09:51.967+0000] {processor.py:161} INFO - Started process (PID=262) to work on /home/airflow/.local/lib/python3.10/site-packages/airflow/example_dags/example_branch_day_of_week_operator.py
[2025-03-06T13:09:51.971+0000] {processor.py:830} INFO - Processing file /home/airflow/.local/lib/python3.10/site-packages/airflow/example_dags/example_branch_day_of_week_operator.py for tasks to queue
[2025-03-06T13:09:51.974+0000] {logging_mixin.py:188} INFO - [2025-03-06T13:09:51.973+0000] {dagbag.py:538} INFO - Filling up the DagBag from /home/airflow/.local/lib/python3.10/site-packages/airflow/example_dags/example_branch_day_of_week_operator.py
[2025-03-06T13:09:52.022+0000] {processor.py:840} INFO - DAG(s) 'example_weekday_branch_operator' retrieved from /home/airflow/.local/lib/python3.10/site-packages/airflow/example_dags/example_branch_day_of_week_operator.py
[2025-03-06T13:09:52.139+0000] {logging_mixin.py:188} INFO - [2025-03-06T13:09:52.138+0000] {dag.py:3036} INFO - Sync 1 DAGs
[2025-03-06T13:09:52.217+0000] {logging_mixin.py:188} INFO - [2025-03-06T13:09:52.217+0000] {dag.py:3823} INFO - Setting next_dagrun for example_weekday_branch_operator to 2025-03-05 00:00:00+00:00, run_after=2025-03-06 00:00:00+00:00
[2025-03-06T13:09:52.376+0000] {processor.py:183} INFO - Processing /home/airflow/.local/lib/python3.10/site-packages/airflow/example_dags/example_branch_day_of_week_operator.py took 0.427 seconds
[2025-03-06T13:10:37.484+0000] {processor.py:161} INFO - Started process (PID=289) to work on /home/airflow/.local/lib/python3.10/site-packages/airflow/example_dags/example_branch_day_of_week_operator.py
[2025-03-06T13:10:37.487+0000] {processor.py:830} INFO - Processing file /home/airflow/.local/lib/python3.10/site-packages/airflow/example_dags/example_branch_day_of_week_operator.py for tasks to queue
[2025-03-06T13:10:37.489+0000] {logging_mixin.py:188} INFO - [2025-03-06T13:10:37.488+0000] {dagbag.py:538} INFO - Filling up the DagBag from /home/airflow/.local/lib/python3.10/site-packages/airflow/example_dags/example_branch_day_of_week_operator.py
[2025-03-06T13:10:37.507+0000] {processor.py:840} INFO - DAG(s) 'example_weekday_branch_operator' retrieved from /home/airflow/.local/lib/python3.10/site-packages/airflow/example_dags/example_branch_day_of_week_operator.py
[2025-03-06T13:10:37.559+0000] {logging_mixin.py:188} INFO - [2025-03-06T13:10:37.559+0000] {dag.py:3036} INFO - Sync 1 DAGs
[2025-03-06T13:10:37.619+0000] {logging_mixin.py:188} INFO - [2025-03-06T13:10:37.619+0000] {dag.py:3823} INFO - Setting next_dagrun for example_weekday_branch_operator to 2025-03-05 00:00:00+00:00, run_after=2025-03-06 00:00:00+00:00
[2025-03-06T13:10:37.755+0000] {processor.py:183} INFO - Processing /home/airflow/.local/lib/python3.10/site-packages/airflow/example_dags/example_branch_day_of_week_operator.py took 0.277 seconds
[2025-03-06T13:11:18.541+0000] {processor.py:161} INFO - Started process (PID=30) to work on /home/airflow/.local/lib/python3.10/site-packages/airflow/example_dags/example_branch_day_of_week_operator.py
[2025-03-06T13:11:18.543+0000] {processor.py:830} INFO - Processing file /home/airflow/.local/lib/python3.10/site-packages/airflow/example_dags/example_branch_day_of_week_operator.py for tasks to queue
[2025-03-06T13:11:18.545+0000] {logging_mixin.py:188} INFO - [2025-03-06T13:11:18.545+0000] {dagbag.py:538} INFO - Filling up the DagBag from /home/airflow/.local/lib/python3.10/site-packages/airflow/example_dags/example_branch_day_of_week_operator.py
[2025-03-06T13:11:18.563+0000] {processor.py:840} INFO - DAG(s) 'example_weekday_branch_operator' retrieved from /home/airflow/.local/lib/python3.10/site-packages/airflow/example_dags/example_branch_day_of_week_operator.py
[2025-03-06T13:11:18.621+0000] {logging_mixin.py:188} INFO - [2025-03-06T13:11:18.621+0000] {dag.py:3036} INFO - Sync 1 DAGs
[2025-03-06T13:11:18.673+0000] {logging_mixin.py:188} INFO - [2025-03-06T13:11:18.673+0000] {dag.py:3823} INFO - Setting next_dagrun for example_weekday_branch_operator to 2025-03-05 00:00:00+00:00, run_after=2025-03-06 00:00:00+00:00
[2025-03-06T13:11:18.808+0000] {processor.py:183} INFO - Processing /home/airflow/.local/lib/python3.10/site-packages/airflow/example_dags/example_branch_day_of_week_operator.py took 0.271 seconds
[2025-03-06T13:12:43.071+0000] {processor.py:161} INFO - Started process (PID=79) to work on /home/airflow/.local/lib/python3.10/site-packages/airflow/example_dags/example_branch_day_of_week_operator.py
[2025-03-06T13:12:43.074+0000] {processor.py:830} INFO - Processing file /home/airflow/.local/lib/python3.10/site-packages/airflow/example_dags/example_branch_day_of_week_operator.py for tasks to queue
[2025-03-06T13:12:43.077+0000] {logging_mixin.py:188} INFO - [2025-03-06T13:12:43.076+0000] {dagbag.py:538} INFO - Filling up the DagBag from /home/airflow/.local/lib/python3.10/site-packages/airflow/example_dags/example_branch_day_of_week_operator.py
[2025-03-06T13:12:43.101+0000] {processor.py:840} INFO - DAG(s) 'example_weekday_branch_operator' retrieved from /home/airflow/.local/lib/python3.10/site-packages/airflow/example_dags/example_branch_day_of_week_operator.py
[2025-03-06T13:12:43.190+0000] {logging_mixin.py:188} INFO - [2025-03-06T13:12:43.188+0000] {dag.py:3036} INFO - Sync 1 DAGs
[2025-03-06T13:12:43.258+0000] {logging_mixin.py:188} INFO - [2025-03-06T13:12:43.257+0000] {dag.py:3823} INFO - Setting next_dagrun for example_weekday_branch_operator to 2025-03-05 00:00:00+00:00, run_after=2025-03-06 00:00:00+00:00
[2025-03-06T13:12:43.402+0000] {processor.py:183} INFO - Processing /home/airflow/.local/lib/python3.10/site-packages/airflow/example_dags/example_branch_day_of_week_operator.py took 0.342 seconds
[2025-03-06T13:13:37.468+0000] {processor.py:161} INFO - Started process (PID=113) to work on /home/airflow/.local/lib/python3.10/site-packages/airflow/example_dags/example_branch_day_of_week_operator.py
[2025-03-06T13:13:37.470+0000] {processor.py:830} INFO - Processing file /home/airflow/.local/lib/python3.10/site-packages/airflow/example_dags/example_branch_day_of_week_operator.py for tasks to queue
[2025-03-06T13:13:37.472+0000] {logging_mixin.py:188} INFO - [2025-03-06T13:13:37.471+0000] {dagbag.py:538} INFO - Filling up the DagBag from /home/airflow/.local/lib/python3.10/site-packages/airflow/example_dags/example_branch_day_of_week_operator.py
[2025-03-06T13:13:37.490+0000] {processor.py:840} INFO - DAG(s) 'example_weekday_branch_operator' retrieved from /home/airflow/.local/lib/python3.10/site-packages/airflow/example_dags/example_branch_day_of_week_operator.py
[2025-03-06T13:13:37.572+0000] {logging_mixin.py:188} INFO - [2025-03-06T13:13:37.571+0000] {dag.py:3036} INFO - Sync 1 DAGs
[2025-03-06T13:13:37.640+0000] {logging_mixin.py:188} INFO - [2025-03-06T13:13:37.639+0000] {dag.py:3823} INFO - Setting next_dagrun for example_weekday_branch_operator to 2025-03-05 00:00:00+00:00, run_after=2025-03-06 00:00:00+00:00
[2025-03-06T13:13:37.803+0000] {processor.py:183} INFO - Processing /home/airflow/.local/lib/python3.10/site-packages/airflow/example_dags/example_branch_day_of_week_operator.py took 0.343 seconds
[2025-03-06T13:14:25.420+0000] {processor.py:161} INFO - Started process (PID=143) to work on /home/airflow/.local/lib/python3.10/site-packages/airflow/example_dags/example_branch_day_of_week_operator.py
[2025-03-06T13:14:25.423+0000] {processor.py:830} INFO - Processing file /home/airflow/.local/lib/python3.10/site-packages/airflow/example_dags/example_branch_day_of_week_operator.py for tasks to queue
[2025-03-06T13:14:25.425+0000] {logging_mixin.py:188} INFO - [2025-03-06T13:14:25.424+0000] {dagbag.py:538} INFO - Filling up the DagBag from /home/airflow/.local/lib/python3.10/site-packages/airflow/example_dags/example_branch_day_of_week_operator.py
[2025-03-06T13:14:25.447+0000] {processor.py:840} INFO - DAG(s) 'example_weekday_branch_operator' retrieved from /home/airflow/.local/lib/python3.10/site-packages/airflow/example_dags/example_branch_day_of_week_operator.py
[2025-03-06T13:14:25.513+0000] {logging_mixin.py:188} INFO - [2025-03-06T13:14:25.513+0000] {dag.py:3036} INFO - Sync 1 DAGs
[2025-03-06T13:14:25.587+0000] {logging_mixin.py:188} INFO - [2025-03-06T13:14:25.586+0000] {dag.py:3823} INFO - Setting next_dagrun for example_weekday_branch_operator to 2025-03-05 00:00:00+00:00, run_after=2025-03-06 00:00:00+00:00
[2025-03-06T13:14:25.719+0000] {processor.py:183} INFO - Processing /home/airflow/.local/lib/python3.10/site-packages/airflow/example_dags/example_branch_day_of_week_operator.py took 0.308 seconds
[2025-03-06T13:15:15.631+0000] {processor.py:161} INFO - Started process (PID=173) to work on /home/airflow/.local/lib/python3.10/site-packages/airflow/example_dags/example_branch_day_of_week_operator.py
[2025-03-06T13:15:15.633+0000] {processor.py:830} INFO - Processing file /home/airflow/.local/lib/python3.10/site-packages/airflow/example_dags/example_branch_day_of_week_operator.py for tasks to queue
[2025-03-06T13:15:15.635+0000] {logging_mixin.py:188} INFO - [2025-03-06T13:15:15.635+0000] {dagbag.py:538} INFO - Filling up the DagBag from /home/airflow/.local/lib/python3.10/site-packages/airflow/example_dags/example_branch_day_of_week_operator.py
[2025-03-06T13:15:15.650+0000] {processor.py:840} INFO - DAG(s) 'example_weekday_branch_operator' retrieved from /home/airflow/.local/lib/python3.10/site-packages/airflow/example_dags/example_branch_day_of_week_operator.py
[2025-03-06T13:15:15.703+0000] {logging_mixin.py:188} INFO - [2025-03-06T13:15:15.702+0000] {dag.py:3036} INFO - Sync 1 DAGs
[2025-03-06T13:15:15.761+0000] {logging_mixin.py:188} INFO - [2025-03-06T13:15:15.761+0000] {dag.py:3823} INFO - Setting next_dagrun for example_weekday_branch_operator to 2025-03-05 00:00:00+00:00, run_after=2025-03-06 00:00:00+00:00
[2025-03-06T13:15:15.900+0000] {processor.py:183} INFO - Processing /home/airflow/.local/lib/python3.10/site-packages/airflow/example_dags/example_branch_day_of_week_operator.py took 0.273 seconds
[2025-03-06T13:16:03.585+0000] {processor.py:161} INFO - Started process (PID=205) to work on /home/airflow/.local/lib/python3.10/site-packages/airflow/example_dags/example_branch_day_of_week_operator.py
[2025-03-06T13:16:03.592+0000] {processor.py:830} INFO - Processing file /home/airflow/.local/lib/python3.10/site-packages/airflow/example_dags/example_branch_day_of_week_operator.py for tasks to queue
[2025-03-06T13:16:03.595+0000] {logging_mixin.py:188} INFO - [2025-03-06T13:16:03.594+0000] {dagbag.py:538} INFO - Filling up the DagBag from /home/airflow/.local/lib/python3.10/site-packages/airflow/example_dags/example_branch_day_of_week_operator.py
[2025-03-06T13:16:03.619+0000] {processor.py:840} INFO - DAG(s) 'example_weekday_branch_operator' retrieved from /home/airflow/.local/lib/python3.10/site-packages/airflow/example_dags/example_branch_day_of_week_operator.py
[2025-03-06T13:16:03.800+0000] {logging_mixin.py:188} INFO - [2025-03-06T13:16:03.800+0000] {dag.py:3036} INFO - Sync 1 DAGs
[2025-03-06T13:16:03.876+0000] {logging_mixin.py:188} INFO - [2025-03-06T13:16:03.876+0000] {dag.py:3823} INFO - Setting next_dagrun for example_weekday_branch_operator to 2025-03-05 00:00:00+00:00, run_after=2025-03-06 00:00:00+00:00
[2025-03-06T13:16:04.081+0000] {processor.py:183} INFO - Processing /home/airflow/.local/lib/python3.10/site-packages/airflow/example_dags/example_branch_day_of_week_operator.py took 0.502 seconds
[2025-03-06T13:16:56.039+0000] {processor.py:161} INFO - Started process (PID=234) to work on /home/airflow/.local/lib/python3.10/site-packages/airflow/example_dags/example_branch_day_of_week_operator.py
[2025-03-06T13:16:56.042+0000] {processor.py:830} INFO - Processing file /home/airflow/.local/lib/python3.10/site-packages/airflow/example_dags/example_branch_day_of_week_operator.py for tasks to queue
[2025-03-06T13:16:56.048+0000] {logging_mixin.py:188} INFO - [2025-03-06T13:16:56.047+0000] {dagbag.py:538} INFO - Filling up the DagBag from /home/airflow/.local/lib/python3.10/site-packages/airflow/example_dags/example_branch_day_of_week_operator.py
[2025-03-06T13:16:56.070+0000] {processor.py:840} INFO - DAG(s) 'example_weekday_branch_operator' retrieved from /home/airflow/.local/lib/python3.10/site-packages/airflow/example_dags/example_branch_day_of_week_operator.py
[2025-03-06T13:16:56.167+0000] {logging_mixin.py:188} INFO - [2025-03-06T13:16:56.166+0000] {dag.py:3036} INFO - Sync 1 DAGs
[2025-03-06T13:16:56.252+0000] {logging_mixin.py:188} INFO - [2025-03-06T13:16:56.252+0000] {dag.py:3823} INFO - Setting next_dagrun for example_weekday_branch_operator to 2025-03-05 00:00:00+00:00, run_after=2025-03-06 00:00:00+00:00
[2025-03-06T13:16:56.415+0000] {processor.py:183} INFO - Processing /home/airflow/.local/lib/python3.10/site-packages/airflow/example_dags/example_branch_day_of_week_operator.py took 0.383 seconds
[2025-03-06T13:17:55.997+0000] {processor.py:161} INFO - Started process (PID=267) to work on /home/airflow/.local/lib/python3.10/site-packages/airflow/example_dags/example_branch_day_of_week_operator.py
[2025-03-06T13:17:56.002+0000] {processor.py:830} INFO - Processing file /home/airflow/.local/lib/python3.10/site-packages/airflow/example_dags/example_branch_day_of_week_operator.py for tasks to queue
[2025-03-06T13:17:56.005+0000] {logging_mixin.py:188} INFO - [2025-03-06T13:17:56.004+0000] {dagbag.py:538} INFO - Filling up the DagBag from /home/airflow/.local/lib/python3.10/site-packages/airflow/example_dags/example_branch_day_of_week_operator.py
[2025-03-06T13:17:56.024+0000] {processor.py:840} INFO - DAG(s) 'example_weekday_branch_operator' retrieved from /home/airflow/.local/lib/python3.10/site-packages/airflow/example_dags/example_branch_day_of_week_operator.py
[2025-03-06T13:17:56.093+0000] {logging_mixin.py:188} INFO - [2025-03-06T13:17:56.092+0000] {dag.py:3036} INFO - Sync 1 DAGs
[2025-03-06T13:17:56.144+0000] {logging_mixin.py:188} INFO - [2025-03-06T13:17:56.143+0000] {dag.py:3823} INFO - Setting next_dagrun for example_weekday_branch_operator to 2025-03-05 00:00:00+00:00, run_after=2025-03-06 00:00:00+00:00
[2025-03-06T13:17:56.284+0000] {processor.py:183} INFO - Processing /home/airflow/.local/lib/python3.10/site-packages/airflow/example_dags/example_branch_day_of_week_operator.py took 0.296 seconds
