[2025-03-06T12:54:17.521+0000] {processor.py:161} INFO - Started process (PID=41) to work on /home/airflow/.local/lib/python3.10/site-packages/airflow/example_dags/example_sla_dag.py
[2025-03-06T12:54:17.528+0000] {processor.py:830} INFO - Processing file /home/airflow/.local/lib/python3.10/site-packages/airflow/example_dags/example_sla_dag.py for tasks to queue
[2025-03-06T12:54:17.531+0000] {logging_mixin.py:188} INFO - [2025-03-06T12:54:17.530+0000] {dagbag.py:538} INFO - Filling up the DagBag from /home/airflow/.local/lib/python3.10/site-packages/airflow/example_dags/example_sla_dag.py
[2025-03-06T12:54:17.556+0000] {processor.py:840} INFO - DAG(s) 'example_sla_dag' retrieved from /home/airflow/.local/lib/python3.10/site-packages/airflow/example_dags/example_sla_dag.py
[2025-03-06T12:54:17.850+0000] {logging_mixin.py:188} INFO - [2025-03-06T12:54:17.849+0000] {dag.py:3036} INFO - Sync 1 DAGs
[2025-03-06T12:54:17.905+0000] {logging_mixin.py:188} INFO - [2025-03-06T12:54:17.905+0000] {dag.py:3823} INFO - Setting next_dagrun for example_sla_dag to 2025-03-06 12:52:00+00:00, run_after=2025-03-06 12:54:00+00:00
[2025-03-06T12:54:18.034+0000] {processor.py:183} INFO - Processing /home/airflow/.local/lib/python3.10/site-packages/airflow/example_dags/example_sla_dag.py took 0.521 seconds
[2025-03-06T12:55:43.361+0000] {processor.py:161} INFO - Started process (PID=90) to work on /home/airflow/.local/lib/python3.10/site-packages/airflow/example_dags/example_sla_dag.py
[2025-03-06T12:55:43.367+0000] {processor.py:830} INFO - Processing file /home/airflow/.local/lib/python3.10/site-packages/airflow/example_dags/example_sla_dag.py for tasks to queue
[2025-03-06T12:55:43.370+0000] {logging_mixin.py:188} INFO - [2025-03-06T12:55:43.369+0000] {dagbag.py:538} INFO - Filling up the DagBag from /home/airflow/.local/lib/python3.10/site-packages/airflow/example_dags/example_sla_dag.py
[2025-03-06T12:55:43.426+0000] {processor.py:840} INFO - DAG(s) 'example_sla_dag' retrieved from /home/airflow/.local/lib/python3.10/site-packages/airflow/example_dags/example_sla_dag.py
[2025-03-06T12:55:43.700+0000] {logging_mixin.py:188} INFO - [2025-03-06T12:55:43.700+0000] {dag.py:3036} INFO - Sync 1 DAGs
[2025-03-06T12:55:43.796+0000] {logging_mixin.py:188} INFO - [2025-03-06T12:55:43.796+0000] {dag.py:3823} INFO - Setting next_dagrun for example_sla_dag to 2025-03-06 12:52:00+00:00, run_after=2025-03-06 12:54:00+00:00
[2025-03-06T12:55:43.938+0000] {processor.py:183} INFO - Processing /home/airflow/.local/lib/python3.10/site-packages/airflow/example_dags/example_sla_dag.py took 0.595 seconds
[2025-03-06T12:57:28.869+0000] {processor.py:161} INFO - Started process (PID=151) to work on /home/airflow/.local/lib/python3.10/site-packages/airflow/example_dags/example_sla_dag.py
[2025-03-06T12:57:28.871+0000] {processor.py:830} INFO - Processing file /home/airflow/.local/lib/python3.10/site-packages/airflow/example_dags/example_sla_dag.py for tasks to queue
[2025-03-06T12:57:28.873+0000] {logging_mixin.py:188} INFO - [2025-03-06T12:57:28.872+0000] {dagbag.py:538} INFO - Filling up the DagBag from /home/airflow/.local/lib/python3.10/site-packages/airflow/example_dags/example_sla_dag.py
[2025-03-06T12:57:28.895+0000] {processor.py:840} INFO - DAG(s) 'example_sla_dag' retrieved from /home/airflow/.local/lib/python3.10/site-packages/airflow/example_dags/example_sla_dag.py
[2025-03-06T12:57:28.955+0000] {logging_mixin.py:188} INFO - [2025-03-06T12:57:28.954+0000] {dag.py:3036} INFO - Sync 1 DAGs
[2025-03-06T12:57:29.011+0000] {logging_mixin.py:188} INFO - [2025-03-06T12:57:29.011+0000] {dag.py:3823} INFO - Setting next_dagrun for example_sla_dag to 2025-03-06 12:54:00+00:00, run_after=2025-03-06 12:56:00+00:00
[2025-03-06T12:57:29.330+0000] {processor.py:183} INFO - Processing /home/airflow/.local/lib/python3.10/site-packages/airflow/example_dags/example_sla_dag.py took 0.468 seconds
[2025-03-06T12:58:55.336+0000] {processor.py:161} INFO - Started process (PID=210) to work on /home/airflow/.local/lib/python3.10/site-packages/airflow/example_dags/example_sla_dag.py
[2025-03-06T12:58:55.338+0000] {processor.py:830} INFO - Processing file /home/airflow/.local/lib/python3.10/site-packages/airflow/example_dags/example_sla_dag.py for tasks to queue
[2025-03-06T12:58:55.341+0000] {logging_mixin.py:188} INFO - [2025-03-06T12:58:55.340+0000] {dagbag.py:538} INFO - Filling up the DagBag from /home/airflow/.local/lib/python3.10/site-packages/airflow/example_dags/example_sla_dag.py
[2025-03-06T12:58:55.360+0000] {processor.py:840} INFO - DAG(s) 'example_sla_dag' retrieved from /home/airflow/.local/lib/python3.10/site-packages/airflow/example_dags/example_sla_dag.py
[2025-03-06T12:58:55.409+0000] {logging_mixin.py:188} INFO - [2025-03-06T12:58:55.409+0000] {dag.py:3036} INFO - Sync 1 DAGs
[2025-03-06T12:58:55.463+0000] {logging_mixin.py:188} INFO - [2025-03-06T12:58:55.462+0000] {dag.py:3823} INFO - Setting next_dagrun for example_sla_dag to 2025-03-06 12:56:00+00:00, run_after=2025-03-06 12:58:00+00:00
[2025-03-06T12:58:55.591+0000] {processor.py:183} INFO - Processing /home/airflow/.local/lib/python3.10/site-packages/airflow/example_dags/example_sla_dag.py took 0.262 seconds
[2025-03-06T13:00:14.870+0000] {processor.py:161} INFO - Started process (PID=265) to work on /home/airflow/.local/lib/python3.10/site-packages/airflow/example_dags/example_sla_dag.py
[2025-03-06T13:00:14.873+0000] {processor.py:830} INFO - Processing file /home/airflow/.local/lib/python3.10/site-packages/airflow/example_dags/example_sla_dag.py for tasks to queue
[2025-03-06T13:00:14.875+0000] {logging_mixin.py:188} INFO - [2025-03-06T13:00:14.875+0000] {dagbag.py:538} INFO - Filling up the DagBag from /home/airflow/.local/lib/python3.10/site-packages/airflow/example_dags/example_sla_dag.py
[2025-03-06T13:00:14.897+0000] {processor.py:840} INFO - DAG(s) 'example_sla_dag' retrieved from /home/airflow/.local/lib/python3.10/site-packages/airflow/example_dags/example_sla_dag.py
[2025-03-06T13:00:14.959+0000] {logging_mixin.py:188} INFO - [2025-03-06T13:00:14.958+0000] {dag.py:3036} INFO - Sync 1 DAGs
[2025-03-06T13:00:15.045+0000] {logging_mixin.py:188} INFO - [2025-03-06T13:00:15.044+0000] {dag.py:3823} INFO - Setting next_dagrun for example_sla_dag to 2025-03-06 12:58:00+00:00, run_after=2025-03-06 13:00:00+00:00
[2025-03-06T13:00:15.225+0000] {processor.py:183} INFO - Processing /home/airflow/.local/lib/python3.10/site-packages/airflow/example_dags/example_sla_dag.py took 0.364 seconds
[2025-03-06T13:01:36.426+0000] {processor.py:161} INFO - Started process (PID=321) to work on /home/airflow/.local/lib/python3.10/site-packages/airflow/example_dags/example_sla_dag.py
[2025-03-06T13:01:36.429+0000] {processor.py:830} INFO - Processing file /home/airflow/.local/lib/python3.10/site-packages/airflow/example_dags/example_sla_dag.py for tasks to queue
[2025-03-06T13:01:36.433+0000] {logging_mixin.py:188} INFO - [2025-03-06T13:01:36.432+0000] {dagbag.py:538} INFO - Filling up the DagBag from /home/airflow/.local/lib/python3.10/site-packages/airflow/example_dags/example_sla_dag.py
[2025-03-06T13:01:36.454+0000] {processor.py:840} INFO - DAG(s) 'example_sla_dag' retrieved from /home/airflow/.local/lib/python3.10/site-packages/airflow/example_dags/example_sla_dag.py
[2025-03-06T13:01:36.509+0000] {logging_mixin.py:188} INFO - [2025-03-06T13:01:36.508+0000] {dag.py:3036} INFO - Sync 1 DAGs
[2025-03-06T13:01:36.578+0000] {logging_mixin.py:188} INFO - [2025-03-06T13:01:36.577+0000] {dag.py:3823} INFO - Setting next_dagrun for example_sla_dag to 2025-03-06 12:58:00+00:00, run_after=2025-03-06 13:00:00+00:00
[2025-03-06T13:01:36.731+0000] {processor.py:183} INFO - Processing /home/airflow/.local/lib/python3.10/site-packages/airflow/example_dags/example_sla_dag.py took 0.313 seconds
[2025-03-06T13:03:00.630+0000] {processor.py:161} INFO - Started process (PID=42) to work on /home/airflow/.local/lib/python3.10/site-packages/airflow/example_dags/example_sla_dag.py
[2025-03-06T13:03:00.633+0000] {processor.py:830} INFO - Processing file /home/airflow/.local/lib/python3.10/site-packages/airflow/example_dags/example_sla_dag.py for tasks to queue
[2025-03-06T13:03:00.637+0000] {logging_mixin.py:188} INFO - [2025-03-06T13:03:00.636+0000] {dagbag.py:538} INFO - Filling up the DagBag from /home/airflow/.local/lib/python3.10/site-packages/airflow/example_dags/example_sla_dag.py
[2025-03-06T13:03:00.658+0000] {processor.py:840} INFO - DAG(s) 'example_sla_dag' retrieved from /home/airflow/.local/lib/python3.10/site-packages/airflow/example_dags/example_sla_dag.py
[2025-03-06T13:03:00.738+0000] {logging_mixin.py:188} INFO - [2025-03-06T13:03:00.737+0000] {dag.py:3036} INFO - Sync 1 DAGs
[2025-03-06T13:03:00.808+0000] {logging_mixin.py:188} INFO - [2025-03-06T13:03:00.808+0000] {dag.py:3823} INFO - Setting next_dagrun for example_sla_dag to 2025-03-06 13:00:00+00:00, run_after=2025-03-06 13:02:00+00:00
[2025-03-06T13:03:00.970+0000] {processor.py:183} INFO - Processing /home/airflow/.local/lib/python3.10/site-packages/airflow/example_dags/example_sla_dag.py took 0.346 seconds
[2025-03-06T13:03:56.820+0000] {processor.py:161} INFO - Started process (PID=42) to work on /home/airflow/.local/lib/python3.10/site-packages/airflow/example_dags/example_sla_dag.py
[2025-03-06T13:03:56.822+0000] {processor.py:830} INFO - Processing file /home/airflow/.local/lib/python3.10/site-packages/airflow/example_dags/example_sla_dag.py for tasks to queue
[2025-03-06T13:03:56.825+0000] {logging_mixin.py:188} INFO - [2025-03-06T13:03:56.824+0000] {dagbag.py:538} INFO - Filling up the DagBag from /home/airflow/.local/lib/python3.10/site-packages/airflow/example_dags/example_sla_dag.py
[2025-03-06T13:03:56.841+0000] {processor.py:840} INFO - DAG(s) 'example_sla_dag' retrieved from /home/airflow/.local/lib/python3.10/site-packages/airflow/example_dags/example_sla_dag.py
[2025-03-06T13:03:56.903+0000] {logging_mixin.py:188} INFO - [2025-03-06T13:03:56.903+0000] {dag.py:3036} INFO - Sync 1 DAGs
[2025-03-06T13:03:56.983+0000] {logging_mixin.py:188} INFO - [2025-03-06T13:03:56.982+0000] {dag.py:3823} INFO - Setting next_dagrun for example_sla_dag to 2025-03-06 13:00:00+00:00, run_after=2025-03-06 13:02:00+00:00
[2025-03-06T13:03:57.153+0000] {processor.py:183} INFO - Processing /home/airflow/.local/lib/python3.10/site-packages/airflow/example_dags/example_sla_dag.py took 0.340 seconds
[2025-03-06T13:05:20.135+0000] {processor.py:161} INFO - Started process (PID=91) to work on /home/airflow/.local/lib/python3.10/site-packages/airflow/example_dags/example_sla_dag.py
[2025-03-06T13:05:20.137+0000] {processor.py:830} INFO - Processing file /home/airflow/.local/lib/python3.10/site-packages/airflow/example_dags/example_sla_dag.py for tasks to queue
[2025-03-06T13:05:20.142+0000] {logging_mixin.py:188} INFO - [2025-03-06T13:05:20.141+0000] {dagbag.py:538} INFO - Filling up the DagBag from /home/airflow/.local/lib/python3.10/site-packages/airflow/example_dags/example_sla_dag.py
[2025-03-06T13:05:20.161+0000] {processor.py:840} INFO - DAG(s) 'example_sla_dag' retrieved from /home/airflow/.local/lib/python3.10/site-packages/airflow/example_dags/example_sla_dag.py
[2025-03-06T13:05:20.217+0000] {logging_mixin.py:188} INFO - [2025-03-06T13:05:20.216+0000] {dag.py:3036} INFO - Sync 1 DAGs
[2025-03-06T13:05:20.288+0000] {logging_mixin.py:188} INFO - [2025-03-06T13:05:20.287+0000] {dag.py:3823} INFO - Setting next_dagrun for example_sla_dag to 2025-03-06 13:02:00+00:00, run_after=2025-03-06 13:04:00+00:00
[2025-03-06T13:05:20.441+0000] {processor.py:183} INFO - Processing /home/airflow/.local/lib/python3.10/site-packages/airflow/example_dags/example_sla_dag.py took 0.311 seconds
[2025-03-06T13:06:59.391+0000] {processor.py:161} INFO - Started process (PID=152) to work on /home/airflow/.local/lib/python3.10/site-packages/airflow/example_dags/example_sla_dag.py
[2025-03-06T13:06:59.393+0000] {processor.py:830} INFO - Processing file /home/airflow/.local/lib/python3.10/site-packages/airflow/example_dags/example_sla_dag.py for tasks to queue
[2025-03-06T13:06:59.398+0000] {logging_mixin.py:188} INFO - [2025-03-06T13:06:59.397+0000] {dagbag.py:538} INFO - Filling up the DagBag from /home/airflow/.local/lib/python3.10/site-packages/airflow/example_dags/example_sla_dag.py
[2025-03-06T13:06:59.422+0000] {processor.py:840} INFO - DAG(s) 'example_sla_dag' retrieved from /home/airflow/.local/lib/python3.10/site-packages/airflow/example_dags/example_sla_dag.py
[2025-03-06T13:06:59.481+0000] {logging_mixin.py:188} INFO - [2025-03-06T13:06:59.480+0000] {dag.py:3036} INFO - Sync 1 DAGs
[2025-03-06T13:06:59.549+0000] {logging_mixin.py:188} INFO - [2025-03-06T13:06:59.548+0000] {dag.py:3823} INFO - Setting next_dagrun for example_sla_dag to 2025-03-06 13:04:00+00:00, run_after=2025-03-06 13:06:00+00:00
[2025-03-06T13:06:59.700+0000] {processor.py:183} INFO - Processing /home/airflow/.local/lib/python3.10/site-packages/airflow/example_dags/example_sla_dag.py took 0.314 seconds
[2025-03-06T13:07:52.747+0000] {processor.py:161} INFO - Started process (PID=182) to work on /home/airflow/.local/lib/python3.10/site-packages/airflow/example_dags/example_sla_dag.py
[2025-03-06T13:07:52.750+0000] {processor.py:830} INFO - Processing file /home/airflow/.local/lib/python3.10/site-packages/airflow/example_dags/example_sla_dag.py for tasks to queue
[2025-03-06T13:07:52.753+0000] {logging_mixin.py:188} INFO - [2025-03-06T13:07:52.752+0000] {dagbag.py:538} INFO - Filling up the DagBag from /home/airflow/.local/lib/python3.10/site-packages/airflow/example_dags/example_sla_dag.py
[2025-03-06T13:07:52.775+0000] {processor.py:840} INFO - DAG(s) 'example_sla_dag' retrieved from /home/airflow/.local/lib/python3.10/site-packages/airflow/example_dags/example_sla_dag.py
[2025-03-06T13:07:52.820+0000] {logging_mixin.py:188} INFO - [2025-03-06T13:07:52.820+0000] {dag.py:3036} INFO - Sync 1 DAGs
[2025-03-06T13:07:52.873+0000] {logging_mixin.py:188} INFO - [2025-03-06T13:07:52.872+0000] {dag.py:3823} INFO - Setting next_dagrun for example_sla_dag to 2025-03-06 13:04:00+00:00, run_after=2025-03-06 13:06:00+00:00
[2025-03-06T13:07:53.001+0000] {processor.py:183} INFO - Processing /home/airflow/.local/lib/python3.10/site-packages/airflow/example_dags/example_sla_dag.py took 0.260 seconds
[2025-03-06T13:09:21.858+0000] {processor.py:161} INFO - Started process (PID=240) to work on /home/airflow/.local/lib/python3.10/site-packages/airflow/example_dags/example_sla_dag.py
[2025-03-06T13:09:21.861+0000] {processor.py:830} INFO - Processing file /home/airflow/.local/lib/python3.10/site-packages/airflow/example_dags/example_sla_dag.py for tasks to queue
[2025-03-06T13:09:21.863+0000] {logging_mixin.py:188} INFO - [2025-03-06T13:09:21.862+0000] {dagbag.py:538} INFO - Filling up the DagBag from /home/airflow/.local/lib/python3.10/site-packages/airflow/example_dags/example_sla_dag.py
[2025-03-06T13:09:21.894+0000] {processor.py:840} INFO - DAG(s) 'example_sla_dag' retrieved from /home/airflow/.local/lib/python3.10/site-packages/airflow/example_dags/example_sla_dag.py
[2025-03-06T13:09:21.951+0000] {logging_mixin.py:188} INFO - [2025-03-06T13:09:21.950+0000] {dag.py:3036} INFO - Sync 1 DAGs
[2025-03-06T13:09:22.024+0000] {logging_mixin.py:188} INFO - [2025-03-06T13:09:22.023+0000] {dag.py:3823} INFO - Setting next_dagrun for example_sla_dag to 2025-03-06 13:06:00+00:00, run_after=2025-03-06 13:08:00+00:00
[2025-03-06T13:09:22.143+0000] {processor.py:183} INFO - Processing /home/airflow/.local/lib/python3.10/site-packages/airflow/example_dags/example_sla_dag.py took 0.294 seconds
[2025-03-06T13:10:54.271+0000] {processor.py:161} INFO - Started process (PID=299) to work on /home/airflow/.local/lib/python3.10/site-packages/airflow/example_dags/example_sla_dag.py
[2025-03-06T13:10:54.273+0000] {processor.py:830} INFO - Processing file /home/airflow/.local/lib/python3.10/site-packages/airflow/example_dags/example_sla_dag.py for tasks to queue
[2025-03-06T13:10:54.275+0000] {logging_mixin.py:188} INFO - [2025-03-06T13:10:54.274+0000] {dagbag.py:538} INFO - Filling up the DagBag from /home/airflow/.local/lib/python3.10/site-packages/airflow/example_dags/example_sla_dag.py
[2025-03-06T13:10:54.291+0000] {processor.py:840} INFO - DAG(s) 'example_sla_dag' retrieved from /home/airflow/.local/lib/python3.10/site-packages/airflow/example_dags/example_sla_dag.py
[2025-03-06T13:10:54.340+0000] {logging_mixin.py:188} INFO - [2025-03-06T13:10:54.340+0000] {dag.py:3036} INFO - Sync 1 DAGs
[2025-03-06T13:10:54.398+0000] {logging_mixin.py:188} INFO - [2025-03-06T13:10:54.397+0000] {dag.py:3823} INFO - Setting next_dagrun for example_sla_dag to 2025-03-06 13:08:00+00:00, run_after=2025-03-06 13:10:00+00:00
[2025-03-06T13:10:54.548+0000] {processor.py:183} INFO - Processing /home/airflow/.local/lib/python3.10/site-packages/airflow/example_dags/example_sla_dag.py took 0.282 seconds
[2025-03-06T13:11:36.652+0000] {processor.py:161} INFO - Started process (PID=42) to work on /home/airflow/.local/lib/python3.10/site-packages/airflow/example_dags/example_sla_dag.py
[2025-03-06T13:11:36.655+0000] {processor.py:830} INFO - Processing file /home/airflow/.local/lib/python3.10/site-packages/airflow/example_dags/example_sla_dag.py for tasks to queue
[2025-03-06T13:11:36.658+0000] {logging_mixin.py:188} INFO - [2025-03-06T13:11:36.657+0000] {dagbag.py:538} INFO - Filling up the DagBag from /home/airflow/.local/lib/python3.10/site-packages/airflow/example_dags/example_sla_dag.py
[2025-03-06T13:11:36.677+0000] {processor.py:840} INFO - DAG(s) 'example_sla_dag' retrieved from /home/airflow/.local/lib/python3.10/site-packages/airflow/example_dags/example_sla_dag.py
[2025-03-06T13:11:36.732+0000] {logging_mixin.py:188} INFO - [2025-03-06T13:11:36.731+0000] {dag.py:3036} INFO - Sync 1 DAGs
[2025-03-06T13:11:36.782+0000] {logging_mixin.py:188} INFO - [2025-03-06T13:11:36.782+0000] {dag.py:3823} INFO - Setting next_dagrun for example_sla_dag to 2025-03-06 13:08:00+00:00, run_after=2025-03-06 13:10:00+00:00
[2025-03-06T13:11:36.908+0000] {processor.py:183} INFO - Processing /home/airflow/.local/lib/python3.10/site-packages/airflow/example_dags/example_sla_dag.py took 0.263 seconds
[2025-03-06T13:13:03.002+0000] {processor.py:161} INFO - Started process (PID=91) to work on /home/airflow/.local/lib/python3.10/site-packages/airflow/example_dags/example_sla_dag.py
[2025-03-06T13:13:03.005+0000] {processor.py:830} INFO - Processing file /home/airflow/.local/lib/python3.10/site-packages/airflow/example_dags/example_sla_dag.py for tasks to queue
[2025-03-06T13:13:03.012+0000] {logging_mixin.py:188} INFO - [2025-03-06T13:13:03.009+0000] {dagbag.py:538} INFO - Filling up the DagBag from /home/airflow/.local/lib/python3.10/site-packages/airflow/example_dags/example_sla_dag.py
[2025-03-06T13:13:03.045+0000] {processor.py:840} INFO - DAG(s) 'example_sla_dag' retrieved from /home/airflow/.local/lib/python3.10/site-packages/airflow/example_dags/example_sla_dag.py
[2025-03-06T13:13:03.107+0000] {logging_mixin.py:188} INFO - [2025-03-06T13:13:03.107+0000] {dag.py:3036} INFO - Sync 1 DAGs
[2025-03-06T13:13:03.196+0000] {logging_mixin.py:188} INFO - [2025-03-06T13:13:03.196+0000] {dag.py:3823} INFO - Setting next_dagrun for example_sla_dag to 2025-03-06 13:10:00+00:00, run_after=2025-03-06 13:12:00+00:00
[2025-03-06T13:13:03.346+0000] {processor.py:183} INFO - Processing /home/airflow/.local/lib/python3.10/site-packages/airflow/example_dags/example_sla_dag.py took 0.352 seconds
[2025-03-06T13:13:58.212+0000] {processor.py:161} INFO - Started process (PID=125) to work on /home/airflow/.local/lib/python3.10/site-packages/airflow/example_dags/example_sla_dag.py
[2025-03-06T13:13:58.214+0000] {processor.py:830} INFO - Processing file /home/airflow/.local/lib/python3.10/site-packages/airflow/example_dags/example_sla_dag.py for tasks to queue
[2025-03-06T13:13:58.217+0000] {logging_mixin.py:188} INFO - [2025-03-06T13:13:58.216+0000] {dagbag.py:538} INFO - Filling up the DagBag from /home/airflow/.local/lib/python3.10/site-packages/airflow/example_dags/example_sla_dag.py
[2025-03-06T13:13:58.244+0000] {processor.py:840} INFO - DAG(s) 'example_sla_dag' retrieved from /home/airflow/.local/lib/python3.10/site-packages/airflow/example_dags/example_sla_dag.py
[2025-03-06T13:13:58.337+0000] {logging_mixin.py:188} INFO - [2025-03-06T13:13:58.337+0000] {dag.py:3036} INFO - Sync 1 DAGs
[2025-03-06T13:13:58.428+0000] {logging_mixin.py:188} INFO - [2025-03-06T13:13:58.427+0000] {dag.py:3823} INFO - Setting next_dagrun for example_sla_dag to 2025-03-06 13:10:00+00:00, run_after=2025-03-06 13:12:00+00:00
[2025-03-06T13:13:58.565+0000] {processor.py:183} INFO - Processing /home/airflow/.local/lib/python3.10/site-packages/airflow/example_dags/example_sla_dag.py took 0.361 seconds
[2025-03-06T13:15:33.204+0000] {processor.py:161} INFO - Started process (PID=185) to work on /home/airflow/.local/lib/python3.10/site-packages/airflow/example_dags/example_sla_dag.py
[2025-03-06T13:15:33.206+0000] {processor.py:830} INFO - Processing file /home/airflow/.local/lib/python3.10/site-packages/airflow/example_dags/example_sla_dag.py for tasks to queue
[2025-03-06T13:15:33.208+0000] {logging_mixin.py:188} INFO - [2025-03-06T13:15:33.207+0000] {dagbag.py:538} INFO - Filling up the DagBag from /home/airflow/.local/lib/python3.10/site-packages/airflow/example_dags/example_sla_dag.py
[2025-03-06T13:15:33.223+0000] {processor.py:840} INFO - DAG(s) 'example_sla_dag' retrieved from /home/airflow/.local/lib/python3.10/site-packages/airflow/example_dags/example_sla_dag.py
[2025-03-06T13:15:33.270+0000] {logging_mixin.py:188} INFO - [2025-03-06T13:15:33.269+0000] {dag.py:3036} INFO - Sync 1 DAGs
[2025-03-06T13:15:33.322+0000] {logging_mixin.py:188} INFO - [2025-03-06T13:15:33.321+0000] {dag.py:3823} INFO - Setting next_dagrun for example_sla_dag to 2025-03-06 13:12:00+00:00, run_after=2025-03-06 13:14:00+00:00
[2025-03-06T13:15:33.460+0000] {processor.py:183} INFO - Processing /home/airflow/.local/lib/python3.10/site-packages/airflow/example_dags/example_sla_dag.py took 0.261 seconds
[2025-03-06T13:17:14.608+0000] {processor.py:161} INFO - Started process (PID=246) to work on /home/airflow/.local/lib/python3.10/site-packages/airflow/example_dags/example_sla_dag.py
[2025-03-06T13:17:14.612+0000] {processor.py:830} INFO - Processing file /home/airflow/.local/lib/python3.10/site-packages/airflow/example_dags/example_sla_dag.py for tasks to queue
[2025-03-06T13:17:14.615+0000] {logging_mixin.py:188} INFO - [2025-03-06T13:17:14.614+0000] {dagbag.py:538} INFO - Filling up the DagBag from /home/airflow/.local/lib/python3.10/site-packages/airflow/example_dags/example_sla_dag.py
[2025-03-06T13:17:14.647+0000] {processor.py:840} INFO - DAG(s) 'example_sla_dag' retrieved from /home/airflow/.local/lib/python3.10/site-packages/airflow/example_dags/example_sla_dag.py
[2025-03-06T13:17:14.749+0000] {logging_mixin.py:188} INFO - [2025-03-06T13:17:14.748+0000] {dag.py:3036} INFO - Sync 1 DAGs
[2025-03-06T13:17:14.874+0000] {logging_mixin.py:188} INFO - [2025-03-06T13:17:14.873+0000] {dag.py:3823} INFO - Setting next_dagrun for example_sla_dag to 2025-03-06 13:14:00+00:00, run_after=2025-03-06 13:16:00+00:00
[2025-03-06T13:17:15.417+0000] {processor.py:183} INFO - Processing /home/airflow/.local/lib/python3.10/site-packages/airflow/example_dags/example_sla_dag.py took 0.818 seconds
[2025-03-06T13:18:18.693+0000] {processor.py:161} INFO - Started process (PID=279) to work on /home/airflow/.local/lib/python3.10/site-packages/airflow/example_dags/example_sla_dag.py
[2025-03-06T13:18:18.696+0000] {processor.py:830} INFO - Processing file /home/airflow/.local/lib/python3.10/site-packages/airflow/example_dags/example_sla_dag.py for tasks to queue
[2025-03-06T13:18:18.699+0000] {logging_mixin.py:188} INFO - [2025-03-06T13:18:18.698+0000] {dagbag.py:538} INFO - Filling up the DagBag from /home/airflow/.local/lib/python3.10/site-packages/airflow/example_dags/example_sla_dag.py
[2025-03-06T13:18:18.721+0000] {processor.py:840} INFO - DAG(s) 'example_sla_dag' retrieved from /home/airflow/.local/lib/python3.10/site-packages/airflow/example_dags/example_sla_dag.py
[2025-03-06T13:18:18.773+0000] {logging_mixin.py:188} INFO - [2025-03-06T13:18:18.772+0000] {dag.py:3036} INFO - Sync 1 DAGs
[2025-03-06T13:18:18.858+0000] {logging_mixin.py:188} INFO - [2025-03-06T13:18:18.857+0000] {dag.py:3823} INFO - Setting next_dagrun for example_sla_dag to 2025-03-06 13:16:00+00:00, run_after=2025-03-06 13:18:00+00:00
[2025-03-06T13:18:19.028+0000] {processor.py:183} INFO - Processing /home/airflow/.local/lib/python3.10/site-packages/airflow/example_dags/example_sla_dag.py took 0.344 seconds
