[2025-03-06T12:54:36.203+0000] {processor.py:161} INFO - Started process (PID=51) to work on /home/airflow/.local/lib/python3.10/site-packages/airflow/example_dags/example_dag_decorator.py
[2025-03-06T12:54:36.205+0000] {processor.py:830} INFO - Processing file /home/airflow/.local/lib/python3.10/site-packages/airflow/example_dags/example_dag_decorator.py for tasks to queue
[2025-03-06T12:54:36.207+0000] {logging_mixin.py:188} INFO - [2025-03-06T12:54:36.206+0000] {dagbag.py:538} INFO - Filling up the DagBag from /home/airflow/.local/lib/python3.10/site-packages/airflow/example_dags/example_dag_decorator.py
[2025-03-06T12:54:36.689+0000] {processor.py:840} INFO - DAG(s) 'example_dag_decorator' retrieved from /home/airflow/.local/lib/python3.10/site-packages/airflow/example_dags/example_dag_decorator.py
[2025-03-06T12:54:36.930+0000] {logging_mixin.py:188} INFO - [2025-03-06T12:54:36.929+0000] {dag.py:3036} INFO - Sync 1 DAGs
[2025-03-06T12:54:36.954+0000] {logging_mixin.py:188} INFO - [2025-03-06T12:54:36.954+0000] {dag.py:3823} INFO - Setting next_dagrun for example_dag_decorator to None, run_after=None
[2025-03-06T12:54:37.084+0000] {processor.py:183} INFO - Processing /home/airflow/.local/lib/python3.10/site-packages/airflow/example_dags/example_dag_decorator.py took 0.886 seconds
[2025-03-06T12:56:00.479+0000] {processor.py:161} INFO - Started process (PID=100) to work on /home/airflow/.local/lib/python3.10/site-packages/airflow/example_dags/example_dag_decorator.py
[2025-03-06T12:56:00.481+0000] {processor.py:830} INFO - Processing file /home/airflow/.local/lib/python3.10/site-packages/airflow/example_dags/example_dag_decorator.py for tasks to queue
[2025-03-06T12:56:00.483+0000] {logging_mixin.py:188} INFO - [2025-03-06T12:56:00.482+0000] {dagbag.py:538} INFO - Filling up the DagBag from /home/airflow/.local/lib/python3.10/site-packages/airflow/example_dags/example_dag_decorator.py
[2025-03-06T12:56:00.729+0000] {processor.py:840} INFO - DAG(s) 'example_dag_decorator' retrieved from /home/airflow/.local/lib/python3.10/site-packages/airflow/example_dags/example_dag_decorator.py
[2025-03-06T12:56:01.003+0000] {logging_mixin.py:188} INFO - [2025-03-06T12:56:01.002+0000] {dag.py:3036} INFO - Sync 1 DAGs
[2025-03-06T12:56:01.028+0000] {logging_mixin.py:188} INFO - [2025-03-06T12:56:01.027+0000] {dag.py:3823} INFO - Setting next_dagrun for example_dag_decorator to None, run_after=None
[2025-03-06T12:56:01.171+0000] {processor.py:183} INFO - Processing /home/airflow/.local/lib/python3.10/site-packages/airflow/example_dags/example_dag_decorator.py took 0.697 seconds
[2025-03-06T12:57:47.012+0000] {processor.py:161} INFO - Started process (PID=161) to work on /home/airflow/.local/lib/python3.10/site-packages/airflow/example_dags/example_dag_decorator.py
[2025-03-06T12:57:47.018+0000] {processor.py:830} INFO - Processing file /home/airflow/.local/lib/python3.10/site-packages/airflow/example_dags/example_dag_decorator.py for tasks to queue
[2025-03-06T12:57:47.022+0000] {logging_mixin.py:188} INFO - [2025-03-06T12:57:47.021+0000] {dagbag.py:538} INFO - Filling up the DagBag from /home/airflow/.local/lib/python3.10/site-packages/airflow/example_dags/example_dag_decorator.py
[2025-03-06T12:57:47.239+0000] {processor.py:840} INFO - DAG(s) 'example_dag_decorator' retrieved from /home/airflow/.local/lib/python3.10/site-packages/airflow/example_dags/example_dag_decorator.py
[2025-03-06T12:57:47.566+0000] {logging_mixin.py:188} INFO - [2025-03-06T12:57:47.566+0000] {dag.py:3036} INFO - Sync 1 DAGs
[2025-03-06T12:57:47.596+0000] {logging_mixin.py:188} INFO - [2025-03-06T12:57:47.596+0000] {dag.py:3823} INFO - Setting next_dagrun for example_dag_decorator to None, run_after=None
[2025-03-06T12:57:47.727+0000] {processor.py:183} INFO - Processing /home/airflow/.local/lib/python3.10/site-packages/airflow/example_dags/example_dag_decorator.py took 0.726 seconds
[2025-03-06T12:59:10.541+0000] {processor.py:161} INFO - Started process (PID=220) to work on /home/airflow/.local/lib/python3.10/site-packages/airflow/example_dags/example_dag_decorator.py
[2025-03-06T12:59:10.544+0000] {processor.py:830} INFO - Processing file /home/airflow/.local/lib/python3.10/site-packages/airflow/example_dags/example_dag_decorator.py for tasks to queue
[2025-03-06T12:59:10.546+0000] {logging_mixin.py:188} INFO - [2025-03-06T12:59:10.545+0000] {dagbag.py:538} INFO - Filling up the DagBag from /home/airflow/.local/lib/python3.10/site-packages/airflow/example_dags/example_dag_decorator.py
[2025-03-06T12:59:10.725+0000] {processor.py:840} INFO - DAG(s) 'example_dag_decorator' retrieved from /home/airflow/.local/lib/python3.10/site-packages/airflow/example_dags/example_dag_decorator.py
[2025-03-06T12:59:11.059+0000] {logging_mixin.py:188} INFO - [2025-03-06T12:59:11.058+0000] {dag.py:3036} INFO - Sync 1 DAGs
[2025-03-06T12:59:11.090+0000] {logging_mixin.py:188} INFO - [2025-03-06T12:59:11.089+0000] {dag.py:3823} INFO - Setting next_dagrun for example_dag_decorator to None, run_after=None
[2025-03-06T12:59:11.281+0000] {processor.py:183} INFO - Processing /home/airflow/.local/lib/python3.10/site-packages/airflow/example_dags/example_dag_decorator.py took 0.745 seconds
[2025-03-06T13:00:30.054+0000] {processor.py:161} INFO - Started process (PID=275) to work on /home/airflow/.local/lib/python3.10/site-packages/airflow/example_dags/example_dag_decorator.py
[2025-03-06T13:00:30.058+0000] {processor.py:830} INFO - Processing file /home/airflow/.local/lib/python3.10/site-packages/airflow/example_dags/example_dag_decorator.py for tasks to queue
[2025-03-06T13:00:30.061+0000] {logging_mixin.py:188} INFO - [2025-03-06T13:00:30.060+0000] {dagbag.py:538} INFO - Filling up the DagBag from /home/airflow/.local/lib/python3.10/site-packages/airflow/example_dags/example_dag_decorator.py
[2025-03-06T13:00:30.330+0000] {processor.py:840} INFO - DAG(s) 'example_dag_decorator' retrieved from /home/airflow/.local/lib/python3.10/site-packages/airflow/example_dags/example_dag_decorator.py
[2025-03-06T13:00:30.660+0000] {logging_mixin.py:188} INFO - [2025-03-06T13:00:30.660+0000] {dag.py:3036} INFO - Sync 1 DAGs
[2025-03-06T13:00:30.691+0000] {logging_mixin.py:188} INFO - [2025-03-06T13:00:30.690+0000] {dag.py:3823} INFO - Setting next_dagrun for example_dag_decorator to None, run_after=None
[2025-03-06T13:00:30.818+0000] {processor.py:183} INFO - Processing /home/airflow/.local/lib/python3.10/site-packages/airflow/example_dags/example_dag_decorator.py took 0.773 seconds
[2025-03-06T13:01:55.632+0000] {processor.py:161} INFO - Started process (PID=331) to work on /home/airflow/.local/lib/python3.10/site-packages/airflow/example_dags/example_dag_decorator.py
[2025-03-06T13:01:55.639+0000] {processor.py:830} INFO - Processing file /home/airflow/.local/lib/python3.10/site-packages/airflow/example_dags/example_dag_decorator.py for tasks to queue
[2025-03-06T13:01:55.644+0000] {logging_mixin.py:188} INFO - [2025-03-06T13:01:55.643+0000] {dagbag.py:538} INFO - Filling up the DagBag from /home/airflow/.local/lib/python3.10/site-packages/airflow/example_dags/example_dag_decorator.py
[2025-03-06T13:01:55.861+0000] {processor.py:840} INFO - DAG(s) 'example_dag_decorator' retrieved from /home/airflow/.local/lib/python3.10/site-packages/airflow/example_dags/example_dag_decorator.py
[2025-03-06T13:01:56.226+0000] {logging_mixin.py:188} INFO - [2025-03-06T13:01:56.225+0000] {dag.py:3036} INFO - Sync 1 DAGs
[2025-03-06T13:01:56.255+0000] {logging_mixin.py:188} INFO - [2025-03-06T13:01:56.254+0000] {dag.py:3823} INFO - Setting next_dagrun for example_dag_decorator to None, run_after=None
[2025-03-06T13:01:56.390+0000] {processor.py:183} INFO - Processing /home/airflow/.local/lib/python3.10/site-packages/airflow/example_dags/example_dag_decorator.py took 0.765 seconds
[2025-03-06T13:04:19.226+0000] {processor.py:161} INFO - Started process (PID=52) to work on /home/airflow/.local/lib/python3.10/site-packages/airflow/example_dags/example_dag_decorator.py
[2025-03-06T13:04:19.230+0000] {processor.py:830} INFO - Processing file /home/airflow/.local/lib/python3.10/site-packages/airflow/example_dags/example_dag_decorator.py for tasks to queue
[2025-03-06T13:04:19.233+0000] {logging_mixin.py:188} INFO - [2025-03-06T13:04:19.232+0000] {dagbag.py:538} INFO - Filling up the DagBag from /home/airflow/.local/lib/python3.10/site-packages/airflow/example_dags/example_dag_decorator.py
[2025-03-06T13:04:19.605+0000] {processor.py:840} INFO - DAG(s) 'example_dag_decorator' retrieved from /home/airflow/.local/lib/python3.10/site-packages/airflow/example_dags/example_dag_decorator.py
[2025-03-06T13:04:19.910+0000] {logging_mixin.py:188} INFO - [2025-03-06T13:04:19.908+0000] {dag.py:3036} INFO - Sync 1 DAGs
[2025-03-06T13:04:19.941+0000] {logging_mixin.py:188} INFO - [2025-03-06T13:04:19.940+0000] {dag.py:3823} INFO - Setting next_dagrun for example_dag_decorator to None, run_after=None
[2025-03-06T13:04:20.102+0000] {processor.py:183} INFO - Processing /home/airflow/.local/lib/python3.10/site-packages/airflow/example_dags/example_dag_decorator.py took 0.885 seconds
[2025-03-06T13:05:37.966+0000] {processor.py:161} INFO - Started process (PID=101) to work on /home/airflow/.local/lib/python3.10/site-packages/airflow/example_dags/example_dag_decorator.py
[2025-03-06T13:05:37.972+0000] {processor.py:830} INFO - Processing file /home/airflow/.local/lib/python3.10/site-packages/airflow/example_dags/example_dag_decorator.py for tasks to queue
[2025-03-06T13:05:37.976+0000] {logging_mixin.py:188} INFO - [2025-03-06T13:05:37.975+0000] {dagbag.py:538} INFO - Filling up the DagBag from /home/airflow/.local/lib/python3.10/site-packages/airflow/example_dags/example_dag_decorator.py
[2025-03-06T13:05:38.243+0000] {processor.py:840} INFO - DAG(s) 'example_dag_decorator' retrieved from /home/airflow/.local/lib/python3.10/site-packages/airflow/example_dags/example_dag_decorator.py
[2025-03-06T13:05:38.575+0000] {logging_mixin.py:188} INFO - [2025-03-06T13:05:38.575+0000] {dag.py:3036} INFO - Sync 1 DAGs
[2025-03-06T13:05:38.615+0000] {logging_mixin.py:188} INFO - [2025-03-06T13:05:38.614+0000] {dag.py:3823} INFO - Setting next_dagrun for example_dag_decorator to None, run_after=None
[2025-03-06T13:05:38.764+0000] {processor.py:183} INFO - Processing /home/airflow/.local/lib/python3.10/site-packages/airflow/example_dags/example_dag_decorator.py took 0.804 seconds
[2025-03-06T13:07:18.744+0000] {processor.py:161} INFO - Started process (PID=162) to work on /home/airflow/.local/lib/python3.10/site-packages/airflow/example_dags/example_dag_decorator.py
[2025-03-06T13:07:18.766+0000] {processor.py:830} INFO - Processing file /home/airflow/.local/lib/python3.10/site-packages/airflow/example_dags/example_dag_decorator.py for tasks to queue
[2025-03-06T13:07:18.772+0000] {logging_mixin.py:188} INFO - [2025-03-06T13:07:18.771+0000] {dagbag.py:538} INFO - Filling up the DagBag from /home/airflow/.local/lib/python3.10/site-packages/airflow/example_dags/example_dag_decorator.py
[2025-03-06T13:07:19.453+0000] {processor.py:840} INFO - DAG(s) 'example_dag_decorator' retrieved from /home/airflow/.local/lib/python3.10/site-packages/airflow/example_dags/example_dag_decorator.py
[2025-03-06T13:07:20.159+0000] {logging_mixin.py:188} INFO - [2025-03-06T13:07:20.158+0000] {dag.py:3036} INFO - Sync 1 DAGs
[2025-03-06T13:07:20.224+0000] {logging_mixin.py:188} INFO - [2025-03-06T13:07:20.222+0000] {dag.py:3823} INFO - Setting next_dagrun for example_dag_decorator to None, run_after=None
[2025-03-06T13:07:20.394+0000] {processor.py:183} INFO - Processing /home/airflow/.local/lib/python3.10/site-packages/airflow/example_dags/example_dag_decorator.py took 1.659 seconds
[2025-03-06T13:08:54.300+0000] {processor.py:161} INFO - Started process (PID=223) to work on /home/airflow/.local/lib/python3.10/site-packages/airflow/example_dags/example_dag_decorator.py
[2025-03-06T13:08:54.304+0000] {processor.py:830} INFO - Processing file /home/airflow/.local/lib/python3.10/site-packages/airflow/example_dags/example_dag_decorator.py for tasks to queue
[2025-03-06T13:08:54.309+0000] {logging_mixin.py:188} INFO - [2025-03-06T13:08:54.307+0000] {dagbag.py:538} INFO - Filling up the DagBag from /home/airflow/.local/lib/python3.10/site-packages/airflow/example_dags/example_dag_decorator.py
[2025-03-06T13:08:54.639+0000] {processor.py:840} INFO - DAG(s) 'example_dag_decorator' retrieved from /home/airflow/.local/lib/python3.10/site-packages/airflow/example_dags/example_dag_decorator.py
[2025-03-06T13:08:54.947+0000] {logging_mixin.py:188} INFO - [2025-03-06T13:08:54.946+0000] {dag.py:3036} INFO - Sync 1 DAGs
[2025-03-06T13:08:54.980+0000] {logging_mixin.py:188} INFO - [2025-03-06T13:08:54.979+0000] {dag.py:3823} INFO - Setting next_dagrun for example_dag_decorator to None, run_after=None
[2025-03-06T13:08:55.155+0000] {processor.py:183} INFO - Processing /home/airflow/.local/lib/python3.10/site-packages/airflow/example_dags/example_dag_decorator.py took 0.870 seconds
[2025-03-06T13:10:25.566+0000] {processor.py:161} INFO - Started process (PID=281) to work on /home/airflow/.local/lib/python3.10/site-packages/airflow/example_dags/example_dag_decorator.py
[2025-03-06T13:10:25.568+0000] {processor.py:830} INFO - Processing file /home/airflow/.local/lib/python3.10/site-packages/airflow/example_dags/example_dag_decorator.py for tasks to queue
[2025-03-06T13:10:25.571+0000] {logging_mixin.py:188} INFO - [2025-03-06T13:10:25.570+0000] {dagbag.py:538} INFO - Filling up the DagBag from /home/airflow/.local/lib/python3.10/site-packages/airflow/example_dags/example_dag_decorator.py
[2025-03-06T13:10:25.782+0000] {processor.py:840} INFO - DAG(s) 'example_dag_decorator' retrieved from /home/airflow/.local/lib/python3.10/site-packages/airflow/example_dags/example_dag_decorator.py
[2025-03-06T13:10:26.131+0000] {logging_mixin.py:188} INFO - [2025-03-06T13:10:26.131+0000] {dag.py:3036} INFO - Sync 1 DAGs
[2025-03-06T13:10:26.158+0000] {logging_mixin.py:188} INFO - [2025-03-06T13:10:26.157+0000] {dag.py:3823} INFO - Setting next_dagrun for example_dag_decorator to None, run_after=None
[2025-03-06T13:10:26.308+0000] {processor.py:183} INFO - Processing /home/airflow/.local/lib/python3.10/site-packages/airflow/example_dags/example_dag_decorator.py took 0.748 seconds
[2025-03-06T13:11:55.048+0000] {processor.py:161} INFO - Started process (PID=52) to work on /home/airflow/.local/lib/python3.10/site-packages/airflow/example_dags/example_dag_decorator.py
[2025-03-06T13:11:55.069+0000] {processor.py:830} INFO - Processing file /home/airflow/.local/lib/python3.10/site-packages/airflow/example_dags/example_dag_decorator.py for tasks to queue
[2025-03-06T13:11:55.073+0000] {logging_mixin.py:188} INFO - [2025-03-06T13:11:55.071+0000] {dagbag.py:538} INFO - Filling up the DagBag from /home/airflow/.local/lib/python3.10/site-packages/airflow/example_dags/example_dag_decorator.py
[2025-03-06T13:11:55.429+0000] {processor.py:840} INFO - DAG(s) 'example_dag_decorator' retrieved from /home/airflow/.local/lib/python3.10/site-packages/airflow/example_dags/example_dag_decorator.py
[2025-03-06T13:11:55.765+0000] {logging_mixin.py:188} INFO - [2025-03-06T13:11:55.764+0000] {dag.py:3036} INFO - Sync 1 DAGs
[2025-03-06T13:11:55.801+0000] {logging_mixin.py:188} INFO - [2025-03-06T13:11:55.800+0000] {dag.py:3823} INFO - Setting next_dagrun for example_dag_decorator to None, run_after=None
[2025-03-06T13:11:55.972+0000] {processor.py:183} INFO - Processing /home/airflow/.local/lib/python3.10/site-packages/airflow/example_dags/example_dag_decorator.py took 0.934 seconds
[2025-03-06T13:13:19.609+0000] {processor.py:161} INFO - Started process (PID=101) to work on /home/airflow/.local/lib/python3.10/site-packages/airflow/example_dags/example_dag_decorator.py
[2025-03-06T13:13:19.611+0000] {processor.py:830} INFO - Processing file /home/airflow/.local/lib/python3.10/site-packages/airflow/example_dags/example_dag_decorator.py for tasks to queue
[2025-03-06T13:13:19.615+0000] {logging_mixin.py:188} INFO - [2025-03-06T13:13:19.614+0000] {dagbag.py:538} INFO - Filling up the DagBag from /home/airflow/.local/lib/python3.10/site-packages/airflow/example_dags/example_dag_decorator.py
[2025-03-06T13:13:19.913+0000] {processor.py:840} INFO - DAG(s) 'example_dag_decorator' retrieved from /home/airflow/.local/lib/python3.10/site-packages/airflow/example_dags/example_dag_decorator.py
[2025-03-06T13:13:20.225+0000] {logging_mixin.py:188} INFO - [2025-03-06T13:13:20.225+0000] {dag.py:3036} INFO - Sync 1 DAGs
[2025-03-06T13:13:20.262+0000] {logging_mixin.py:188} INFO - [2025-03-06T13:13:20.261+0000] {dag.py:3823} INFO - Setting next_dagrun for example_dag_decorator to None, run_after=None
[2025-03-06T13:13:20.433+0000] {processor.py:183} INFO - Processing /home/airflow/.local/lib/python3.10/site-packages/airflow/example_dags/example_dag_decorator.py took 0.832 seconds
[2025-03-06T13:14:55.822+0000] {processor.py:161} INFO - Started process (PID=161) to work on /home/airflow/.local/lib/python3.10/site-packages/airflow/example_dags/example_dag_decorator.py
[2025-03-06T13:14:55.826+0000] {processor.py:830} INFO - Processing file /home/airflow/.local/lib/python3.10/site-packages/airflow/example_dags/example_dag_decorator.py for tasks to queue
[2025-03-06T13:14:55.828+0000] {logging_mixin.py:188} INFO - [2025-03-06T13:14:55.827+0000] {dagbag.py:538} INFO - Filling up the DagBag from /home/airflow/.local/lib/python3.10/site-packages/airflow/example_dags/example_dag_decorator.py
[2025-03-06T13:14:56.102+0000] {processor.py:840} INFO - DAG(s) 'example_dag_decorator' retrieved from /home/airflow/.local/lib/python3.10/site-packages/airflow/example_dags/example_dag_decorator.py
[2025-03-06T13:14:56.615+0000] {logging_mixin.py:188} INFO - [2025-03-06T13:14:56.615+0000] {dag.py:3036} INFO - Sync 1 DAGs
[2025-03-06T13:14:56.645+0000] {logging_mixin.py:188} INFO - [2025-03-06T13:14:56.645+0000] {dag.py:3823} INFO - Setting next_dagrun for example_dag_decorator to None, run_after=None
[2025-03-06T13:14:56.794+0000] {processor.py:183} INFO - Processing /home/airflow/.local/lib/python3.10/site-packages/airflow/example_dags/example_dag_decorator.py took 0.979 seconds
[2025-03-06T13:16:34.810+0000] {processor.py:161} INFO - Started process (PID=222) to work on /home/airflow/.local/lib/python3.10/site-packages/airflow/example_dags/example_dag_decorator.py
[2025-03-06T13:16:34.815+0000] {processor.py:830} INFO - Processing file /home/airflow/.local/lib/python3.10/site-packages/airflow/example_dags/example_dag_decorator.py for tasks to queue
[2025-03-06T13:16:34.818+0000] {logging_mixin.py:188} INFO - [2025-03-06T13:16:34.817+0000] {dagbag.py:538} INFO - Filling up the DagBag from /home/airflow/.local/lib/python3.10/site-packages/airflow/example_dags/example_dag_decorator.py
[2025-03-06T13:16:35.100+0000] {processor.py:840} INFO - DAG(s) 'example_dag_decorator' retrieved from /home/airflow/.local/lib/python3.10/site-packages/airflow/example_dags/example_dag_decorator.py
[2025-03-06T13:16:35.468+0000] {logging_mixin.py:188} INFO - [2025-03-06T13:16:35.467+0000] {dag.py:3036} INFO - Sync 1 DAGs
[2025-03-06T13:16:35.515+0000] {logging_mixin.py:188} INFO - [2025-03-06T13:16:35.514+0000] {dag.py:3823} INFO - Setting next_dagrun for example_dag_decorator to None, run_after=None
[2025-03-06T13:16:35.986+0000] {processor.py:183} INFO - Processing /home/airflow/.local/lib/python3.10/site-packages/airflow/example_dags/example_dag_decorator.py took 1.185 seconds
