[2025-03-06T12:54:14.369+0000] {processor.py:161} INFO - Started process (PID=39) to work on /home/airflow/.local/lib/python3.10/site-packages/airflow/example_dags/example_python_decorator.py
[2025-03-06T12:54:14.371+0000] {processor.py:830} INFO - Processing file /home/airflow/.local/lib/python3.10/site-packages/airflow/example_dags/example_python_decorator.py for tasks to queue
[2025-03-06T12:54:14.373+0000] {logging_mixin.py:188} INFO - [2025-03-06T12:54:14.372+0000] {dagbag.py:538} INFO - Filling up the DagBag from /home/airflow/.local/lib/python3.10/site-packages/airflow/example_dags/example_python_decorator.py
[2025-03-06T12:54:14.400+0000] {processor.py:840} INFO - DAG(s) 'example_python_decorator' retrieved from /home/airflow/.local/lib/python3.10/site-packages/airflow/example_dags/example_python_decorator.py
[2025-03-06T12:54:14.659+0000] {logging_mixin.py:188} INFO - [2025-03-06T12:54:14.658+0000] {dag.py:3036} INFO - Sync 1 DAGs
[2025-03-06T12:54:14.696+0000] {logging_mixin.py:188} INFO - [2025-03-06T12:54:14.695+0000] {dag.py:3823} INFO - Setting next_dagrun for example_python_decorator to None, run_after=None
[2025-03-06T12:54:14.830+0000] {processor.py:183} INFO - Processing /home/airflow/.local/lib/python3.10/site-packages/airflow/example_dags/example_python_decorator.py took 0.466 seconds
[2025-03-06T12:55:40.749+0000] {processor.py:161} INFO - Started process (PID=88) to work on /home/airflow/.local/lib/python3.10/site-packages/airflow/example_dags/example_python_decorator.py
[2025-03-06T12:55:40.752+0000] {processor.py:830} INFO - Processing file /home/airflow/.local/lib/python3.10/site-packages/airflow/example_dags/example_python_decorator.py for tasks to queue
[2025-03-06T12:55:40.760+0000] {logging_mixin.py:188} INFO - [2025-03-06T12:55:40.754+0000] {dagbag.py:538} INFO - Filling up the DagBag from /home/airflow/.local/lib/python3.10/site-packages/airflow/example_dags/example_python_decorator.py
[2025-03-06T12:55:40.799+0000] {processor.py:840} INFO - DAG(s) 'example_python_decorator' retrieved from /home/airflow/.local/lib/python3.10/site-packages/airflow/example_dags/example_python_decorator.py
[2025-03-06T12:55:40.881+0000] {logging_mixin.py:188} INFO - [2025-03-06T12:55:40.881+0000] {dag.py:3036} INFO - Sync 1 DAGs
[2025-03-06T12:55:40.936+0000] {logging_mixin.py:188} INFO - [2025-03-06T12:55:40.935+0000] {dag.py:3823} INFO - Setting next_dagrun for example_python_decorator to None, run_after=None
[2025-03-06T12:55:41.121+0000] {processor.py:183} INFO - Processing /home/airflow/.local/lib/python3.10/site-packages/airflow/example_dags/example_python_decorator.py took 0.380 seconds
[2025-03-06T12:56:34.464+0000] {processor.py:161} INFO - Started process (PID=119) to work on /home/airflow/.local/lib/python3.10/site-packages/airflow/example_dags/example_python_decorator.py
[2025-03-06T12:56:34.471+0000] {processor.py:830} INFO - Processing file /home/airflow/.local/lib/python3.10/site-packages/airflow/example_dags/example_python_decorator.py for tasks to queue
[2025-03-06T12:56:34.476+0000] {logging_mixin.py:188} INFO - [2025-03-06T12:56:34.475+0000] {dagbag.py:538} INFO - Filling up the DagBag from /home/airflow/.local/lib/python3.10/site-packages/airflow/example_dags/example_python_decorator.py
[2025-03-06T12:56:34.551+0000] {processor.py:840} INFO - DAG(s) 'example_python_decorator' retrieved from /home/airflow/.local/lib/python3.10/site-packages/airflow/example_dags/example_python_decorator.py
[2025-03-06T12:56:34.762+0000] {logging_mixin.py:188} INFO - [2025-03-06T12:56:34.762+0000] {dag.py:3036} INFO - Sync 1 DAGs
[2025-03-06T12:56:35.012+0000] {logging_mixin.py:188} INFO - [2025-03-06T12:56:35.012+0000] {dag.py:3823} INFO - Setting next_dagrun for example_python_decorator to None, run_after=None
[2025-03-06T12:56:35.670+0000] {processor.py:183} INFO - Processing /home/airflow/.local/lib/python3.10/site-packages/airflow/example_dags/example_python_decorator.py took 1.230 seconds
[2025-03-06T12:58:12.373+0000] {processor.py:161} INFO - Started process (PID=179) to work on /home/airflow/.local/lib/python3.10/site-packages/airflow/example_dags/example_python_decorator.py
[2025-03-06T12:58:12.375+0000] {processor.py:830} INFO - Processing file /home/airflow/.local/lib/python3.10/site-packages/airflow/example_dags/example_python_decorator.py for tasks to queue
[2025-03-06T12:58:12.377+0000] {logging_mixin.py:188} INFO - [2025-03-06T12:58:12.377+0000] {dagbag.py:538} INFO - Filling up the DagBag from /home/airflow/.local/lib/python3.10/site-packages/airflow/example_dags/example_python_decorator.py
[2025-03-06T12:58:12.408+0000] {processor.py:840} INFO - DAG(s) 'example_python_decorator' retrieved from /home/airflow/.local/lib/python3.10/site-packages/airflow/example_dags/example_python_decorator.py
[2025-03-06T12:58:12.463+0000] {logging_mixin.py:188} INFO - [2025-03-06T12:58:12.463+0000] {dag.py:3036} INFO - Sync 1 DAGs
[2025-03-06T12:58:12.489+0000] {logging_mixin.py:188} INFO - [2025-03-06T12:58:12.488+0000] {dag.py:3823} INFO - Setting next_dagrun for example_python_decorator to None, run_after=None
[2025-03-06T12:58:12.596+0000] {processor.py:183} INFO - Processing /home/airflow/.local/lib/python3.10/site-packages/airflow/example_dags/example_python_decorator.py took 0.228 seconds
[2025-03-06T12:59:32.767+0000] {processor.py:161} INFO - Started process (PID=235) to work on /home/airflow/.local/lib/python3.10/site-packages/airflow/example_dags/example_python_decorator.py
[2025-03-06T12:59:32.769+0000] {processor.py:830} INFO - Processing file /home/airflow/.local/lib/python3.10/site-packages/airflow/example_dags/example_python_decorator.py for tasks to queue
[2025-03-06T12:59:32.771+0000] {logging_mixin.py:188} INFO - [2025-03-06T12:59:32.771+0000] {dagbag.py:538} INFO - Filling up the DagBag from /home/airflow/.local/lib/python3.10/site-packages/airflow/example_dags/example_python_decorator.py
[2025-03-06T12:59:32.799+0000] {processor.py:840} INFO - DAG(s) 'example_python_decorator' retrieved from /home/airflow/.local/lib/python3.10/site-packages/airflow/example_dags/example_python_decorator.py
[2025-03-06T12:59:32.861+0000] {logging_mixin.py:188} INFO - [2025-03-06T12:59:32.861+0000] {dag.py:3036} INFO - Sync 1 DAGs
[2025-03-06T12:59:32.885+0000] {logging_mixin.py:188} INFO - [2025-03-06T12:59:32.884+0000] {dag.py:3823} INFO - Setting next_dagrun for example_python_decorator to None, run_after=None
[2025-03-06T12:59:32.996+0000] {processor.py:183} INFO - Processing /home/airflow/.local/lib/python3.10/site-packages/airflow/example_dags/example_python_decorator.py took 0.237 seconds
[2025-03-06T13:00:56.242+0000] {processor.py:161} INFO - Started process (PID=292) to work on /home/airflow/.local/lib/python3.10/site-packages/airflow/example_dags/example_python_decorator.py
[2025-03-06T13:00:56.244+0000] {processor.py:830} INFO - Processing file /home/airflow/.local/lib/python3.10/site-packages/airflow/example_dags/example_python_decorator.py for tasks to queue
[2025-03-06T13:00:56.246+0000] {logging_mixin.py:188} INFO - [2025-03-06T13:00:56.245+0000] {dagbag.py:538} INFO - Filling up the DagBag from /home/airflow/.local/lib/python3.10/site-packages/airflow/example_dags/example_python_decorator.py
[2025-03-06T13:00:56.277+0000] {processor.py:840} INFO - DAG(s) 'example_python_decorator' retrieved from /home/airflow/.local/lib/python3.10/site-packages/airflow/example_dags/example_python_decorator.py
[2025-03-06T13:00:56.329+0000] {logging_mixin.py:188} INFO - [2025-03-06T13:00:56.328+0000] {dag.py:3036} INFO - Sync 1 DAGs
[2025-03-06T13:00:56.354+0000] {logging_mixin.py:188} INFO - [2025-03-06T13:00:56.354+0000] {dag.py:3823} INFO - Setting next_dagrun for example_python_decorator to None, run_after=None
[2025-03-06T13:00:56.477+0000] {processor.py:183} INFO - Processing /home/airflow/.local/lib/python3.10/site-packages/airflow/example_dags/example_python_decorator.py took 0.241 seconds
[2025-03-06T13:02:56.963+0000] {processor.py:161} INFO - Started process (PID=40) to work on /home/airflow/.local/lib/python3.10/site-packages/airflow/example_dags/example_python_decorator.py
[2025-03-06T13:02:56.965+0000] {processor.py:830} INFO - Processing file /home/airflow/.local/lib/python3.10/site-packages/airflow/example_dags/example_python_decorator.py for tasks to queue
[2025-03-06T13:02:56.969+0000] {logging_mixin.py:188} INFO - [2025-03-06T13:02:56.967+0000] {dagbag.py:538} INFO - Filling up the DagBag from /home/airflow/.local/lib/python3.10/site-packages/airflow/example_dags/example_python_decorator.py
[2025-03-06T13:02:56.998+0000] {processor.py:840} INFO - DAG(s) 'example_python_decorator' retrieved from /home/airflow/.local/lib/python3.10/site-packages/airflow/example_dags/example_python_decorator.py
[2025-03-06T13:02:57.294+0000] {logging_mixin.py:188} INFO - [2025-03-06T13:02:57.293+0000] {dag.py:3036} INFO - Sync 1 DAGs
[2025-03-06T13:02:57.324+0000] {logging_mixin.py:188} INFO - [2025-03-06T13:02:57.324+0000] {dag.py:3823} INFO - Setting next_dagrun for example_python_decorator to None, run_after=None
[2025-03-06T13:02:57.486+0000] {processor.py:183} INFO - Processing /home/airflow/.local/lib/python3.10/site-packages/airflow/example_dags/example_python_decorator.py took 0.528 seconds
[2025-03-06T13:03:53.241+0000] {processor.py:161} INFO - Started process (PID=40) to work on /home/airflow/.local/lib/python3.10/site-packages/airflow/example_dags/example_python_decorator.py
[2025-03-06T13:03:53.243+0000] {processor.py:830} INFO - Processing file /home/airflow/.local/lib/python3.10/site-packages/airflow/example_dags/example_python_decorator.py for tasks to queue
[2025-03-06T13:03:53.246+0000] {logging_mixin.py:188} INFO - [2025-03-06T13:03:53.245+0000] {dagbag.py:538} INFO - Filling up the DagBag from /home/airflow/.local/lib/python3.10/site-packages/airflow/example_dags/example_python_decorator.py
[2025-03-06T13:03:53.282+0000] {processor.py:840} INFO - DAG(s) 'example_python_decorator' retrieved from /home/airflow/.local/lib/python3.10/site-packages/airflow/example_dags/example_python_decorator.py
[2025-03-06T13:03:53.583+0000] {logging_mixin.py:188} INFO - [2025-03-06T13:03:53.583+0000] {dag.py:3036} INFO - Sync 1 DAGs
[2025-03-06T13:03:53.632+0000] {logging_mixin.py:188} INFO - [2025-03-06T13:03:53.631+0000] {dag.py:3823} INFO - Setting next_dagrun for example_python_decorator to None, run_after=None
[2025-03-06T13:03:53.787+0000] {processor.py:183} INFO - Processing /home/airflow/.local/lib/python3.10/site-packages/airflow/example_dags/example_python_decorator.py took 0.552 seconds
[2025-03-06T13:05:17.142+0000] {processor.py:161} INFO - Started process (PID=89) to work on /home/airflow/.local/lib/python3.10/site-packages/airflow/example_dags/example_python_decorator.py
[2025-03-06T13:05:17.145+0000] {processor.py:830} INFO - Processing file /home/airflow/.local/lib/python3.10/site-packages/airflow/example_dags/example_python_decorator.py for tasks to queue
[2025-03-06T13:05:17.147+0000] {logging_mixin.py:188} INFO - [2025-03-06T13:05:17.146+0000] {dagbag.py:538} INFO - Filling up the DagBag from /home/airflow/.local/lib/python3.10/site-packages/airflow/example_dags/example_python_decorator.py
[2025-03-06T13:05:17.181+0000] {processor.py:840} INFO - DAG(s) 'example_python_decorator' retrieved from /home/airflow/.local/lib/python3.10/site-packages/airflow/example_dags/example_python_decorator.py
[2025-03-06T13:05:17.263+0000] {logging_mixin.py:188} INFO - [2025-03-06T13:05:17.263+0000] {dag.py:3036} INFO - Sync 1 DAGs
[2025-03-06T13:05:17.304+0000] {logging_mixin.py:188} INFO - [2025-03-06T13:05:17.304+0000] {dag.py:3823} INFO - Setting next_dagrun for example_python_decorator to None, run_after=None
[2025-03-06T13:05:17.473+0000] {processor.py:183} INFO - Processing /home/airflow/.local/lib/python3.10/site-packages/airflow/example_dags/example_python_decorator.py took 0.339 seconds
[2025-03-06T13:06:55.851+0000] {processor.py:161} INFO - Started process (PID=150) to work on /home/airflow/.local/lib/python3.10/site-packages/airflow/example_dags/example_python_decorator.py
[2025-03-06T13:06:55.854+0000] {processor.py:830} INFO - Processing file /home/airflow/.local/lib/python3.10/site-packages/airflow/example_dags/example_python_decorator.py for tasks to queue
[2025-03-06T13:06:55.856+0000] {logging_mixin.py:188} INFO - [2025-03-06T13:06:55.855+0000] {dagbag.py:538} INFO - Filling up the DagBag from /home/airflow/.local/lib/python3.10/site-packages/airflow/example_dags/example_python_decorator.py
[2025-03-06T13:06:55.891+0000] {processor.py:840} INFO - DAG(s) 'example_python_decorator' retrieved from /home/airflow/.local/lib/python3.10/site-packages/airflow/example_dags/example_python_decorator.py
[2025-03-06T13:06:55.972+0000] {logging_mixin.py:188} INFO - [2025-03-06T13:06:55.972+0000] {dag.py:3036} INFO - Sync 1 DAGs
[2025-03-06T13:06:56.012+0000] {logging_mixin.py:188} INFO - [2025-03-06T13:06:56.011+0000] {dag.py:3823} INFO - Setting next_dagrun for example_python_decorator to None, run_after=None
[2025-03-06T13:06:56.164+0000] {processor.py:183} INFO - Processing /home/airflow/.local/lib/python3.10/site-packages/airflow/example_dags/example_python_decorator.py took 0.326 seconds
[2025-03-06T13:07:49.858+0000] {processor.py:161} INFO - Started process (PID=180) to work on /home/airflow/.local/lib/python3.10/site-packages/airflow/example_dags/example_python_decorator.py
[2025-03-06T13:07:49.862+0000] {processor.py:830} INFO - Processing file /home/airflow/.local/lib/python3.10/site-packages/airflow/example_dags/example_python_decorator.py for tasks to queue
[2025-03-06T13:07:49.865+0000] {logging_mixin.py:188} INFO - [2025-03-06T13:07:49.864+0000] {dagbag.py:538} INFO - Filling up the DagBag from /home/airflow/.local/lib/python3.10/site-packages/airflow/example_dags/example_python_decorator.py
[2025-03-06T13:07:49.910+0000] {processor.py:840} INFO - DAG(s) 'example_python_decorator' retrieved from /home/airflow/.local/lib/python3.10/site-packages/airflow/example_dags/example_python_decorator.py
[2025-03-06T13:07:50.001+0000] {logging_mixin.py:188} INFO - [2025-03-06T13:07:50.000+0000] {dag.py:3036} INFO - Sync 1 DAGs
[2025-03-06T13:07:50.066+0000] {logging_mixin.py:188} INFO - [2025-03-06T13:07:50.066+0000] {dag.py:3823} INFO - Setting next_dagrun for example_python_decorator to None, run_after=None
[2025-03-06T13:07:50.217+0000] {processor.py:183} INFO - Processing /home/airflow/.local/lib/python3.10/site-packages/airflow/example_dags/example_python_decorator.py took 0.367 seconds
[2025-03-06T13:09:18.366+0000] {processor.py:161} INFO - Started process (PID=238) to work on /home/airflow/.local/lib/python3.10/site-packages/airflow/example_dags/example_python_decorator.py
[2025-03-06T13:09:18.371+0000] {processor.py:830} INFO - Processing file /home/airflow/.local/lib/python3.10/site-packages/airflow/example_dags/example_python_decorator.py for tasks to queue
[2025-03-06T13:09:18.376+0000] {logging_mixin.py:188} INFO - [2025-03-06T13:09:18.375+0000] {dagbag.py:538} INFO - Filling up the DagBag from /home/airflow/.local/lib/python3.10/site-packages/airflow/example_dags/example_python_decorator.py
[2025-03-06T13:09:18.431+0000] {processor.py:840} INFO - DAG(s) 'example_python_decorator' retrieved from /home/airflow/.local/lib/python3.10/site-packages/airflow/example_dags/example_python_decorator.py
[2025-03-06T13:09:18.504+0000] {logging_mixin.py:188} INFO - [2025-03-06T13:09:18.503+0000] {dag.py:3036} INFO - Sync 1 DAGs
[2025-03-06T13:09:18.558+0000] {logging_mixin.py:188} INFO - [2025-03-06T13:09:18.558+0000] {dag.py:3823} INFO - Setting next_dagrun for example_python_decorator to None, run_after=None
[2025-03-06T13:09:18.711+0000] {processor.py:183} INFO - Processing /home/airflow/.local/lib/python3.10/site-packages/airflow/example_dags/example_python_decorator.py took 0.353 seconds
[2025-03-06T13:10:50.722+0000] {processor.py:161} INFO - Started process (PID=297) to work on /home/airflow/.local/lib/python3.10/site-packages/airflow/example_dags/example_python_decorator.py
[2025-03-06T13:10:50.726+0000] {processor.py:830} INFO - Processing file /home/airflow/.local/lib/python3.10/site-packages/airflow/example_dags/example_python_decorator.py for tasks to queue
[2025-03-06T13:10:50.729+0000] {logging_mixin.py:188} INFO - [2025-03-06T13:10:50.728+0000] {dagbag.py:538} INFO - Filling up the DagBag from /home/airflow/.local/lib/python3.10/site-packages/airflow/example_dags/example_python_decorator.py
[2025-03-06T13:10:50.780+0000] {processor.py:840} INFO - DAG(s) 'example_python_decorator' retrieved from /home/airflow/.local/lib/python3.10/site-packages/airflow/example_dags/example_python_decorator.py
[2025-03-06T13:10:50.867+0000] {logging_mixin.py:188} INFO - [2025-03-06T13:10:50.866+0000] {dag.py:3036} INFO - Sync 1 DAGs
[2025-03-06T13:10:50.902+0000] {logging_mixin.py:188} INFO - [2025-03-06T13:10:50.902+0000] {dag.py:3823} INFO - Setting next_dagrun for example_python_decorator to None, run_after=None
[2025-03-06T13:10:51.064+0000] {processor.py:183} INFO - Processing /home/airflow/.local/lib/python3.10/site-packages/airflow/example_dags/example_python_decorator.py took 0.349 seconds
[2025-03-06T13:11:34.336+0000] {processor.py:161} INFO - Started process (PID=40) to work on /home/airflow/.local/lib/python3.10/site-packages/airflow/example_dags/example_python_decorator.py
[2025-03-06T13:11:34.339+0000] {processor.py:830} INFO - Processing file /home/airflow/.local/lib/python3.10/site-packages/airflow/example_dags/example_python_decorator.py for tasks to queue
[2025-03-06T13:11:34.342+0000] {logging_mixin.py:188} INFO - [2025-03-06T13:11:34.341+0000] {dagbag.py:538} INFO - Filling up the DagBag from /home/airflow/.local/lib/python3.10/site-packages/airflow/example_dags/example_python_decorator.py
[2025-03-06T13:11:34.375+0000] {processor.py:840} INFO - DAG(s) 'example_python_decorator' retrieved from /home/airflow/.local/lib/python3.10/site-packages/airflow/example_dags/example_python_decorator.py
[2025-03-06T13:11:34.606+0000] {logging_mixin.py:188} INFO - [2025-03-06T13:11:34.605+0000] {dag.py:3036} INFO - Sync 1 DAGs
[2025-03-06T13:11:34.630+0000] {logging_mixin.py:188} INFO - [2025-03-06T13:11:34.629+0000] {dag.py:3823} INFO - Setting next_dagrun for example_python_decorator to None, run_after=None
[2025-03-06T13:11:34.751+0000] {processor.py:183} INFO - Processing /home/airflow/.local/lib/python3.10/site-packages/airflow/example_dags/example_python_decorator.py took 0.420 seconds
[2025-03-06T13:12:59.318+0000] {processor.py:161} INFO - Started process (PID=89) to work on /home/airflow/.local/lib/python3.10/site-packages/airflow/example_dags/example_python_decorator.py
[2025-03-06T13:12:59.321+0000] {processor.py:830} INFO - Processing file /home/airflow/.local/lib/python3.10/site-packages/airflow/example_dags/example_python_decorator.py for tasks to queue
[2025-03-06T13:12:59.325+0000] {logging_mixin.py:188} INFO - [2025-03-06T13:12:59.324+0000] {dagbag.py:538} INFO - Filling up the DagBag from /home/airflow/.local/lib/python3.10/site-packages/airflow/example_dags/example_python_decorator.py
[2025-03-06T13:12:59.366+0000] {processor.py:840} INFO - DAG(s) 'example_python_decorator' retrieved from /home/airflow/.local/lib/python3.10/site-packages/airflow/example_dags/example_python_decorator.py
[2025-03-06T13:12:59.429+0000] {logging_mixin.py:188} INFO - [2025-03-06T13:12:59.428+0000] {dag.py:3036} INFO - Sync 1 DAGs
[2025-03-06T13:12:59.471+0000] {logging_mixin.py:188} INFO - [2025-03-06T13:12:59.468+0000] {dag.py:3823} INFO - Setting next_dagrun for example_python_decorator to None, run_after=None
[2025-03-06T13:12:59.667+0000] {processor.py:183} INFO - Processing /home/airflow/.local/lib/python3.10/site-packages/airflow/example_dags/example_python_decorator.py took 0.360 seconds
[2025-03-06T13:13:54.775+0000] {processor.py:161} INFO - Started process (PID=123) to work on /home/airflow/.local/lib/python3.10/site-packages/airflow/example_dags/example_python_decorator.py
[2025-03-06T13:13:54.779+0000] {processor.py:830} INFO - Processing file /home/airflow/.local/lib/python3.10/site-packages/airflow/example_dags/example_python_decorator.py for tasks to queue
[2025-03-06T13:13:54.782+0000] {logging_mixin.py:188} INFO - [2025-03-06T13:13:54.781+0000] {dagbag.py:538} INFO - Filling up the DagBag from /home/airflow/.local/lib/python3.10/site-packages/airflow/example_dags/example_python_decorator.py
[2025-03-06T13:13:54.821+0000] {processor.py:840} INFO - DAG(s) 'example_python_decorator' retrieved from /home/airflow/.local/lib/python3.10/site-packages/airflow/example_dags/example_python_decorator.py
[2025-03-06T13:13:54.885+0000] {logging_mixin.py:188} INFO - [2025-03-06T13:13:54.885+0000] {dag.py:3036} INFO - Sync 1 DAGs
[2025-03-06T13:13:54.919+0000] {logging_mixin.py:188} INFO - [2025-03-06T13:13:54.919+0000] {dag.py:3823} INFO - Setting next_dagrun for example_python_decorator to None, run_after=None
[2025-03-06T13:13:55.087+0000] {processor.py:183} INFO - Processing /home/airflow/.local/lib/python3.10/site-packages/airflow/example_dags/example_python_decorator.py took 0.320 seconds
[2025-03-06T13:15:29.923+0000] {processor.py:161} INFO - Started process (PID=183) to work on /home/airflow/.local/lib/python3.10/site-packages/airflow/example_dags/example_python_decorator.py
[2025-03-06T13:15:29.946+0000] {processor.py:830} INFO - Processing file /home/airflow/.local/lib/python3.10/site-packages/airflow/example_dags/example_python_decorator.py for tasks to queue
[2025-03-06T13:15:29.951+0000] {logging_mixin.py:188} INFO - [2025-03-06T13:15:29.950+0000] {dagbag.py:538} INFO - Filling up the DagBag from /home/airflow/.local/lib/python3.10/site-packages/airflow/example_dags/example_python_decorator.py
[2025-03-06T13:15:30.002+0000] {processor.py:840} INFO - DAG(s) 'example_python_decorator' retrieved from /home/airflow/.local/lib/python3.10/site-packages/airflow/example_dags/example_python_decorator.py
[2025-03-06T13:15:30.076+0000] {logging_mixin.py:188} INFO - [2025-03-06T13:15:30.075+0000] {dag.py:3036} INFO - Sync 1 DAGs
[2025-03-06T13:15:30.113+0000] {logging_mixin.py:188} INFO - [2025-03-06T13:15:30.112+0000] {dag.py:3823} INFO - Setting next_dagrun for example_python_decorator to None, run_after=None
[2025-03-06T13:15:30.234+0000] {processor.py:183} INFO - Processing /home/airflow/.local/lib/python3.10/site-packages/airflow/example_dags/example_python_decorator.py took 0.319 seconds
[2025-03-06T13:17:11.462+0000] {processor.py:161} INFO - Started process (PID=244) to work on /home/airflow/.local/lib/python3.10/site-packages/airflow/example_dags/example_python_decorator.py
[2025-03-06T13:17:11.464+0000] {processor.py:830} INFO - Processing file /home/airflow/.local/lib/python3.10/site-packages/airflow/example_dags/example_python_decorator.py for tasks to queue
[2025-03-06T13:17:11.466+0000] {logging_mixin.py:188} INFO - [2025-03-06T13:17:11.465+0000] {dagbag.py:538} INFO - Filling up the DagBag from /home/airflow/.local/lib/python3.10/site-packages/airflow/example_dags/example_python_decorator.py
[2025-03-06T13:17:11.506+0000] {processor.py:840} INFO - DAG(s) 'example_python_decorator' retrieved from /home/airflow/.local/lib/python3.10/site-packages/airflow/example_dags/example_python_decorator.py
[2025-03-06T13:17:11.567+0000] {logging_mixin.py:188} INFO - [2025-03-06T13:17:11.567+0000] {dag.py:3036} INFO - Sync 1 DAGs
[2025-03-06T13:17:11.599+0000] {logging_mixin.py:188} INFO - [2025-03-06T13:17:11.599+0000] {dag.py:3823} INFO - Setting next_dagrun for example_python_decorator to None, run_after=None
[2025-03-06T13:17:11.745+0000] {processor.py:183} INFO - Processing /home/airflow/.local/lib/python3.10/site-packages/airflow/example_dags/example_python_decorator.py took 0.293 seconds
[2025-03-06T13:18:16.335+0000] {processor.py:161} INFO - Started process (PID=277) to work on /home/airflow/.local/lib/python3.10/site-packages/airflow/example_dags/example_python_decorator.py
[2025-03-06T13:18:16.338+0000] {processor.py:830} INFO - Processing file /home/airflow/.local/lib/python3.10/site-packages/airflow/example_dags/example_python_decorator.py for tasks to queue
[2025-03-06T13:18:16.345+0000] {logging_mixin.py:188} INFO - [2025-03-06T13:18:16.344+0000] {dagbag.py:538} INFO - Filling up the DagBag from /home/airflow/.local/lib/python3.10/site-packages/airflow/example_dags/example_python_decorator.py
[2025-03-06T13:18:16.382+0000] {processor.py:840} INFO - DAG(s) 'example_python_decorator' retrieved from /home/airflow/.local/lib/python3.10/site-packages/airflow/example_dags/example_python_decorator.py
[2025-03-06T13:18:16.451+0000] {logging_mixin.py:188} INFO - [2025-03-06T13:18:16.451+0000] {dag.py:3036} INFO - Sync 1 DAGs
[2025-03-06T13:18:16.482+0000] {logging_mixin.py:188} INFO - [2025-03-06T13:18:16.482+0000] {dag.py:3823} INFO - Setting next_dagrun for example_python_decorator to None, run_after=None
[2025-03-06T13:18:16.603+0000] {processor.py:183} INFO - Processing /home/airflow/.local/lib/python3.10/site-packages/airflow/example_dags/example_python_decorator.py took 0.283 seconds
