[2025-03-06T12:54:46.423+0000] {processor.py:161} INFO - Started process (PID=56) to work on /home/airflow/.local/lib/python3.10/site-packages/airflow/example_dags/example_branch_labels.py
[2025-03-06T12:54:46.426+0000] {processor.py:830} INFO - Processing file /home/airflow/.local/lib/python3.10/site-packages/airflow/example_dags/example_branch_labels.py for tasks to queue
[2025-03-06T12:54:46.434+0000] {logging_mixin.py:188} INFO - [2025-03-06T12:54:46.433+0000] {dagbag.py:538} INFO - Filling up the DagBag from /home/airflow/.local/lib/python3.10/site-packages/airflow/example_dags/example_branch_labels.py
[2025-03-06T12:54:46.464+0000] {processor.py:840} INFO - DAG(s) 'example_branch_labels' retrieved from /home/airflow/.local/lib/python3.10/site-packages/airflow/example_dags/example_branch_labels.py
[2025-03-06T12:54:46.740+0000] {logging_mixin.py:188} INFO - [2025-03-06T12:54:46.740+0000] {dag.py:3036} INFO - Sync 1 DAGs
[2025-03-06T12:54:46.792+0000] {logging_mixin.py:188} INFO - [2025-03-06T12:54:46.791+0000] {dag.py:3823} INFO - Setting next_dagrun for example_branch_labels to 2025-03-05 00:00:00+00:00, run_after=2025-03-06 00:00:00+00:00
[2025-03-06T12:54:46.942+0000] {processor.py:183} INFO - Processing /home/airflow/.local/lib/python3.10/site-packages/airflow/example_dags/example_branch_labels.py took 0.526 seconds
[2025-03-06T12:56:09.998+0000] {processor.py:161} INFO - Started process (PID=105) to work on /home/airflow/.local/lib/python3.10/site-packages/airflow/example_dags/example_branch_labels.py
[2025-03-06T12:56:10.001+0000] {processor.py:830} INFO - Processing file /home/airflow/.local/lib/python3.10/site-packages/airflow/example_dags/example_branch_labels.py for tasks to queue
[2025-03-06T12:56:10.004+0000] {logging_mixin.py:188} INFO - [2025-03-06T12:56:10.003+0000] {dagbag.py:538} INFO - Filling up the DagBag from /home/airflow/.local/lib/python3.10/site-packages/airflow/example_dags/example_branch_labels.py
[2025-03-06T12:56:10.028+0000] {processor.py:840} INFO - DAG(s) 'example_branch_labels' retrieved from /home/airflow/.local/lib/python3.10/site-packages/airflow/example_dags/example_branch_labels.py
[2025-03-06T12:56:10.105+0000] {logging_mixin.py:188} INFO - [2025-03-06T12:56:10.104+0000] {dag.py:3036} INFO - Sync 1 DAGs
[2025-03-06T12:56:10.179+0000] {logging_mixin.py:188} INFO - [2025-03-06T12:56:10.178+0000] {dag.py:3823} INFO - Setting next_dagrun for example_branch_labels to 2025-03-05 00:00:00+00:00, run_after=2025-03-06 00:00:00+00:00
[2025-03-06T12:56:10.339+0000] {processor.py:183} INFO - Processing /home/airflow/.local/lib/python3.10/site-packages/airflow/example_dags/example_branch_labels.py took 0.349 seconds
[2025-03-06T12:57:54.736+0000] {processor.py:161} INFO - Started process (PID=166) to work on /home/airflow/.local/lib/python3.10/site-packages/airflow/example_dags/example_branch_labels.py
[2025-03-06T12:57:54.738+0000] {processor.py:830} INFO - Processing file /home/airflow/.local/lib/python3.10/site-packages/airflow/example_dags/example_branch_labels.py for tasks to queue
[2025-03-06T12:57:54.741+0000] {logging_mixin.py:188} INFO - [2025-03-06T12:57:54.740+0000] {dagbag.py:538} INFO - Filling up the DagBag from /home/airflow/.local/lib/python3.10/site-packages/airflow/example_dags/example_branch_labels.py
[2025-03-06T12:57:54.758+0000] {processor.py:840} INFO - DAG(s) 'example_branch_labels' retrieved from /home/airflow/.local/lib/python3.10/site-packages/airflow/example_dags/example_branch_labels.py
[2025-03-06T12:57:54.809+0000] {logging_mixin.py:188} INFO - [2025-03-06T12:57:54.808+0000] {dag.py:3036} INFO - Sync 1 DAGs
[2025-03-06T12:57:54.867+0000] {logging_mixin.py:188} INFO - [2025-03-06T12:57:54.866+0000] {dag.py:3823} INFO - Setting next_dagrun for example_branch_labels to 2025-03-05 00:00:00+00:00, run_after=2025-03-06 00:00:00+00:00
[2025-03-06T12:57:54.996+0000] {processor.py:183} INFO - Processing /home/airflow/.local/lib/python3.10/site-packages/airflow/example_dags/example_branch_labels.py took 0.266 seconds
[2025-03-06T12:59:18.744+0000] {processor.py:161} INFO - Started process (PID=225) to work on /home/airflow/.local/lib/python3.10/site-packages/airflow/example_dags/example_branch_labels.py
[2025-03-06T12:59:18.747+0000] {processor.py:830} INFO - Processing file /home/airflow/.local/lib/python3.10/site-packages/airflow/example_dags/example_branch_labels.py for tasks to queue
[2025-03-06T12:59:18.750+0000] {logging_mixin.py:188} INFO - [2025-03-06T12:59:18.749+0000] {dagbag.py:538} INFO - Filling up the DagBag from /home/airflow/.local/lib/python3.10/site-packages/airflow/example_dags/example_branch_labels.py
[2025-03-06T12:59:18.766+0000] {processor.py:840} INFO - DAG(s) 'example_branch_labels' retrieved from /home/airflow/.local/lib/python3.10/site-packages/airflow/example_dags/example_branch_labels.py
[2025-03-06T12:59:18.825+0000] {logging_mixin.py:188} INFO - [2025-03-06T12:59:18.824+0000] {dag.py:3036} INFO - Sync 1 DAGs
[2025-03-06T12:59:18.873+0000] {logging_mixin.py:188} INFO - [2025-03-06T12:59:18.873+0000] {dag.py:3823} INFO - Setting next_dagrun for example_branch_labels to 2025-03-05 00:00:00+00:00, run_after=2025-03-06 00:00:00+00:00
[2025-03-06T12:59:19.005+0000] {processor.py:183} INFO - Processing /home/airflow/.local/lib/python3.10/site-packages/airflow/example_dags/example_branch_labels.py took 0.267 seconds
[2025-03-06T13:00:38.886+0000] {processor.py:161} INFO - Started process (PID=280) to work on /home/airflow/.local/lib/python3.10/site-packages/airflow/example_dags/example_branch_labels.py
[2025-03-06T13:00:38.888+0000] {processor.py:830} INFO - Processing file /home/airflow/.local/lib/python3.10/site-packages/airflow/example_dags/example_branch_labels.py for tasks to queue
[2025-03-06T13:00:38.890+0000] {logging_mixin.py:188} INFO - [2025-03-06T13:00:38.889+0000] {dagbag.py:538} INFO - Filling up the DagBag from /home/airflow/.local/lib/python3.10/site-packages/airflow/example_dags/example_branch_labels.py
[2025-03-06T13:00:38.904+0000] {processor.py:840} INFO - DAG(s) 'example_branch_labels' retrieved from /home/airflow/.local/lib/python3.10/site-packages/airflow/example_dags/example_branch_labels.py
[2025-03-06T13:00:38.951+0000] {logging_mixin.py:188} INFO - [2025-03-06T13:00:38.951+0000] {dag.py:3036} INFO - Sync 1 DAGs
[2025-03-06T13:00:39.000+0000] {logging_mixin.py:188} INFO - [2025-03-06T13:00:38.999+0000] {dag.py:3823} INFO - Setting next_dagrun for example_branch_labels to 2025-03-05 00:00:00+00:00, run_after=2025-03-06 00:00:00+00:00
[2025-03-06T13:00:39.132+0000] {processor.py:183} INFO - Processing /home/airflow/.local/lib/python3.10/site-packages/airflow/example_dags/example_branch_labels.py took 0.252 seconds
[2025-03-06T13:04:27.342+0000] {processor.py:161} INFO - Started process (PID=57) to work on /home/airflow/.local/lib/python3.10/site-packages/airflow/example_dags/example_branch_labels.py
[2025-03-06T13:04:27.345+0000] {processor.py:830} INFO - Processing file /home/airflow/.local/lib/python3.10/site-packages/airflow/example_dags/example_branch_labels.py for tasks to queue
[2025-03-06T13:04:27.348+0000] {logging_mixin.py:188} INFO - [2025-03-06T13:04:27.347+0000] {dagbag.py:538} INFO - Filling up the DagBag from /home/airflow/.local/lib/python3.10/site-packages/airflow/example_dags/example_branch_labels.py
[2025-03-06T13:04:27.372+0000] {processor.py:840} INFO - DAG(s) 'example_branch_labels' retrieved from /home/airflow/.local/lib/python3.10/site-packages/airflow/example_dags/example_branch_labels.py
[2025-03-06T13:04:27.449+0000] {logging_mixin.py:188} INFO - [2025-03-06T13:04:27.448+0000] {dag.py:3036} INFO - Sync 1 DAGs
[2025-03-06T13:04:27.516+0000] {logging_mixin.py:188} INFO - [2025-03-06T13:04:27.515+0000] {dag.py:3823} INFO - Setting next_dagrun for example_branch_labels to 2025-03-05 00:00:00+00:00, run_after=2025-03-06 00:00:00+00:00
[2025-03-06T13:04:27.679+0000] {processor.py:183} INFO - Processing /home/airflow/.local/lib/python3.10/site-packages/airflow/example_dags/example_branch_labels.py took 0.346 seconds
[2025-03-06T13:06:05.188+0000] {processor.py:161} INFO - Started process (PID=118) to work on /home/airflow/.local/lib/python3.10/site-packages/airflow/example_dags/example_branch_labels.py
[2025-03-06T13:06:05.191+0000] {processor.py:830} INFO - Processing file /home/airflow/.local/lib/python3.10/site-packages/airflow/example_dags/example_branch_labels.py for tasks to queue
[2025-03-06T13:06:05.194+0000] {logging_mixin.py:188} INFO - [2025-03-06T13:06:05.193+0000] {dagbag.py:538} INFO - Filling up the DagBag from /home/airflow/.local/lib/python3.10/site-packages/airflow/example_dags/example_branch_labels.py
[2025-03-06T13:06:05.215+0000] {processor.py:840} INFO - DAG(s) 'example_branch_labels' retrieved from /home/airflow/.local/lib/python3.10/site-packages/airflow/example_dags/example_branch_labels.py
[2025-03-06T13:06:05.285+0000] {logging_mixin.py:188} INFO - [2025-03-06T13:06:05.284+0000] {dag.py:3036} INFO - Sync 1 DAGs
[2025-03-06T13:06:05.365+0000] {logging_mixin.py:188} INFO - [2025-03-06T13:06:05.364+0000] {dag.py:3823} INFO - Setting next_dagrun for example_branch_labels to 2025-03-05 00:00:00+00:00, run_after=2025-03-06 00:00:00+00:00
[2025-03-06T13:06:05.538+0000] {processor.py:183} INFO - Processing /home/airflow/.local/lib/python3.10/site-packages/airflow/example_dags/example_branch_labels.py took 0.357 seconds
[2025-03-06T13:07:29.647+0000] {processor.py:161} INFO - Started process (PID=167) to work on /home/airflow/.local/lib/python3.10/site-packages/airflow/example_dags/example_branch_labels.py
[2025-03-06T13:07:29.649+0000] {processor.py:830} INFO - Processing file /home/airflow/.local/lib/python3.10/site-packages/airflow/example_dags/example_branch_labels.py for tasks to queue
[2025-03-06T13:07:29.651+0000] {logging_mixin.py:188} INFO - [2025-03-06T13:07:29.651+0000] {dagbag.py:538} INFO - Filling up the DagBag from /home/airflow/.local/lib/python3.10/site-packages/airflow/example_dags/example_branch_labels.py
[2025-03-06T13:07:29.667+0000] {processor.py:840} INFO - DAG(s) 'example_branch_labels' retrieved from /home/airflow/.local/lib/python3.10/site-packages/airflow/example_dags/example_branch_labels.py
[2025-03-06T13:07:29.714+0000] {logging_mixin.py:188} INFO - [2025-03-06T13:07:29.713+0000] {dag.py:3036} INFO - Sync 1 DAGs
[2025-03-06T13:07:29.781+0000] {logging_mixin.py:188} INFO - [2025-03-06T13:07:29.780+0000] {dag.py:3823} INFO - Setting next_dagrun for example_branch_labels to 2025-03-05 00:00:00+00:00, run_after=2025-03-06 00:00:00+00:00
[2025-03-06T13:07:29.916+0000] {processor.py:183} INFO - Processing /home/airflow/.local/lib/python3.10/site-packages/airflow/example_dags/example_branch_labels.py took 0.275 seconds
[2025-03-06T13:09:01.339+0000] {processor.py:161} INFO - Started process (PID=228) to work on /home/airflow/.local/lib/python3.10/site-packages/airflow/example_dags/example_branch_labels.py
[2025-03-06T13:09:01.344+0000] {processor.py:830} INFO - Processing file /home/airflow/.local/lib/python3.10/site-packages/airflow/example_dags/example_branch_labels.py for tasks to queue
[2025-03-06T13:09:01.348+0000] {logging_mixin.py:188} INFO - [2025-03-06T13:09:01.347+0000] {dagbag.py:538} INFO - Filling up the DagBag from /home/airflow/.local/lib/python3.10/site-packages/airflow/example_dags/example_branch_labels.py
[2025-03-06T13:09:01.367+0000] {processor.py:840} INFO - DAG(s) 'example_branch_labels' retrieved from /home/airflow/.local/lib/python3.10/site-packages/airflow/example_dags/example_branch_labels.py
[2025-03-06T13:09:01.438+0000] {logging_mixin.py:188} INFO - [2025-03-06T13:09:01.438+0000] {dag.py:3036} INFO - Sync 1 DAGs
[2025-03-06T13:09:01.504+0000] {logging_mixin.py:188} INFO - [2025-03-06T13:09:01.504+0000] {dag.py:3823} INFO - Setting next_dagrun for example_branch_labels to 2025-03-05 00:00:00+00:00, run_after=2025-03-06 00:00:00+00:00
[2025-03-06T13:09:01.667+0000] {processor.py:183} INFO - Processing /home/airflow/.local/lib/python3.10/site-packages/airflow/example_dags/example_branch_labels.py took 0.334 seconds
[2025-03-06T13:10:33.597+0000] {processor.py:161} INFO - Started process (PID=286) to work on /home/airflow/.local/lib/python3.10/site-packages/airflow/example_dags/example_branch_labels.py
[2025-03-06T13:10:33.609+0000] {processor.py:830} INFO - Processing file /home/airflow/.local/lib/python3.10/site-packages/airflow/example_dags/example_branch_labels.py for tasks to queue
[2025-03-06T13:10:33.612+0000] {logging_mixin.py:188} INFO - [2025-03-06T13:10:33.611+0000] {dagbag.py:538} INFO - Filling up the DagBag from /home/airflow/.local/lib/python3.10/site-packages/airflow/example_dags/example_branch_labels.py
[2025-03-06T13:10:33.642+0000] {processor.py:840} INFO - DAG(s) 'example_branch_labels' retrieved from /home/airflow/.local/lib/python3.10/site-packages/airflow/example_dags/example_branch_labels.py
[2025-03-06T13:10:33.700+0000] {logging_mixin.py:188} INFO - [2025-03-06T13:10:33.700+0000] {dag.py:3036} INFO - Sync 1 DAGs
[2025-03-06T13:10:33.766+0000] {logging_mixin.py:188} INFO - [2025-03-06T13:10:33.766+0000] {dag.py:3823} INFO - Setting next_dagrun for example_branch_labels to 2025-03-05 00:00:00+00:00, run_after=2025-03-06 00:00:00+00:00
[2025-03-06T13:10:33.903+0000] {processor.py:183} INFO - Processing /home/airflow/.local/lib/python3.10/site-packages/airflow/example_dags/example_branch_labels.py took 0.314 seconds
[2025-03-06T13:12:03.147+0000] {processor.py:161} INFO - Started process (PID=57) to work on /home/airflow/.local/lib/python3.10/site-packages/airflow/example_dags/example_branch_labels.py
[2025-03-06T13:12:03.151+0000] {processor.py:830} INFO - Processing file /home/airflow/.local/lib/python3.10/site-packages/airflow/example_dags/example_branch_labels.py for tasks to queue
[2025-03-06T13:12:03.154+0000] {logging_mixin.py:188} INFO - [2025-03-06T13:12:03.153+0000] {dagbag.py:538} INFO - Filling up the DagBag from /home/airflow/.local/lib/python3.10/site-packages/airflow/example_dags/example_branch_labels.py
[2025-03-06T13:12:03.179+0000] {processor.py:840} INFO - DAG(s) 'example_branch_labels' retrieved from /home/airflow/.local/lib/python3.10/site-packages/airflow/example_dags/example_branch_labels.py
[2025-03-06T13:12:03.273+0000] {logging_mixin.py:188} INFO - [2025-03-06T13:12:03.273+0000] {dag.py:3036} INFO - Sync 1 DAGs
[2025-03-06T13:12:03.380+0000] {logging_mixin.py:188} INFO - [2025-03-06T13:12:03.379+0000] {dag.py:3823} INFO - Setting next_dagrun for example_branch_labels to 2025-03-05 00:00:00+00:00, run_after=2025-03-06 00:00:00+00:00
[2025-03-06T13:12:03.543+0000] {processor.py:183} INFO - Processing /home/airflow/.local/lib/python3.10/site-packages/airflow/example_dags/example_branch_labels.py took 0.408 seconds
[2025-03-06T13:13:27.114+0000] {processor.py:161} INFO - Started process (PID=106) to work on /home/airflow/.local/lib/python3.10/site-packages/airflow/example_dags/example_branch_labels.py
[2025-03-06T13:13:27.117+0000] {processor.py:830} INFO - Processing file /home/airflow/.local/lib/python3.10/site-packages/airflow/example_dags/example_branch_labels.py for tasks to queue
[2025-03-06T13:13:27.120+0000] {logging_mixin.py:188} INFO - [2025-03-06T13:13:27.119+0000] {dagbag.py:538} INFO - Filling up the DagBag from /home/airflow/.local/lib/python3.10/site-packages/airflow/example_dags/example_branch_labels.py
[2025-03-06T13:13:27.141+0000] {processor.py:840} INFO - DAG(s) 'example_branch_labels' retrieved from /home/airflow/.local/lib/python3.10/site-packages/airflow/example_dags/example_branch_labels.py
[2025-03-06T13:13:27.196+0000] {logging_mixin.py:188} INFO - [2025-03-06T13:13:27.196+0000] {dag.py:3036} INFO - Sync 1 DAGs
[2025-03-06T13:13:27.254+0000] {logging_mixin.py:188} INFO - [2025-03-06T13:13:27.254+0000] {dag.py:3823} INFO - Setting next_dagrun for example_branch_labels to 2025-03-05 00:00:00+00:00, run_after=2025-03-06 00:00:00+00:00
[2025-03-06T13:13:27.405+0000] {processor.py:183} INFO - Processing /home/airflow/.local/lib/python3.10/site-packages/airflow/example_dags/example_branch_labels.py took 0.297 seconds
[2025-03-06T13:15:05.016+0000] {processor.py:161} INFO - Started process (PID=166) to work on /home/airflow/.local/lib/python3.10/site-packages/airflow/example_dags/example_branch_labels.py
[2025-03-06T13:15:05.018+0000] {processor.py:830} INFO - Processing file /home/airflow/.local/lib/python3.10/site-packages/airflow/example_dags/example_branch_labels.py for tasks to queue
[2025-03-06T13:15:05.022+0000] {logging_mixin.py:188} INFO - [2025-03-06T13:15:05.021+0000] {dagbag.py:538} INFO - Filling up the DagBag from /home/airflow/.local/lib/python3.10/site-packages/airflow/example_dags/example_branch_labels.py
[2025-03-06T13:15:05.043+0000] {processor.py:840} INFO - DAG(s) 'example_branch_labels' retrieved from /home/airflow/.local/lib/python3.10/site-packages/airflow/example_dags/example_branch_labels.py
[2025-03-06T13:15:05.108+0000] {logging_mixin.py:188} INFO - [2025-03-06T13:15:05.108+0000] {dag.py:3036} INFO - Sync 1 DAGs
[2025-03-06T13:15:05.174+0000] {logging_mixin.py:188} INFO - [2025-03-06T13:15:05.173+0000] {dag.py:3823} INFO - Setting next_dagrun for example_branch_labels to 2025-03-05 00:00:00+00:00, run_after=2025-03-06 00:00:00+00:00
[2025-03-06T13:15:05.359+0000] {processor.py:183} INFO - Processing /home/airflow/.local/lib/python3.10/site-packages/airflow/example_dags/example_branch_labels.py took 0.352 seconds
[2025-03-06T13:16:43.783+0000] {processor.py:161} INFO - Started process (PID=227) to work on /home/airflow/.local/lib/python3.10/site-packages/airflow/example_dags/example_branch_labels.py
[2025-03-06T13:16:43.788+0000] {processor.py:830} INFO - Processing file /home/airflow/.local/lib/python3.10/site-packages/airflow/example_dags/example_branch_labels.py for tasks to queue
[2025-03-06T13:16:43.790+0000] {logging_mixin.py:188} INFO - [2025-03-06T13:16:43.790+0000] {dagbag.py:538} INFO - Filling up the DagBag from /home/airflow/.local/lib/python3.10/site-packages/airflow/example_dags/example_branch_labels.py
[2025-03-06T13:16:43.812+0000] {processor.py:840} INFO - DAG(s) 'example_branch_labels' retrieved from /home/airflow/.local/lib/python3.10/site-packages/airflow/example_dags/example_branch_labels.py
[2025-03-06T13:16:43.871+0000] {logging_mixin.py:188} INFO - [2025-03-06T13:16:43.871+0000] {dag.py:3036} INFO - Sync 1 DAGs
[2025-03-06T13:16:43.944+0000] {logging_mixin.py:188} INFO - [2025-03-06T13:16:43.942+0000] {dag.py:3823} INFO - Setting next_dagrun for example_branch_labels to 2025-03-05 00:00:00+00:00, run_after=2025-03-06 00:00:00+00:00
[2025-03-06T13:16:44.108+0000] {processor.py:183} INFO - Processing /home/airflow/.local/lib/python3.10/site-packages/airflow/example_dags/example_branch_labels.py took 0.334 seconds
