[2025-03-06T12:54:07.468+0000] {processor.py:161} INFO - Started process (PID=35) to work on /home/airflow/.local/lib/python3.10/site-packages/airflow/example_dags/example_nested_branch_dag.py
[2025-03-06T12:54:07.470+0000] {processor.py:830} INFO - Processing file /home/airflow/.local/lib/python3.10/site-packages/airflow/example_dags/example_nested_branch_dag.py for tasks to queue
[2025-03-06T12:54:07.472+0000] {logging_mixin.py:188} INFO - [2025-03-06T12:54:07.471+0000] {dagbag.py:538} INFO - Filling up the DagBag from /home/airflow/.local/lib/python3.10/site-packages/airflow/example_dags/example_nested_branch_dag.py
[2025-03-06T12:54:07.504+0000] {processor.py:840} INFO - DAG(s) 'example_nested_branch_dag' retrieved from /home/airflow/.local/lib/python3.10/site-packages/airflow/example_dags/example_nested_branch_dag.py
[2025-03-06T12:54:07.814+0000] {logging_mixin.py:188} INFO - [2025-03-06T12:54:07.814+0000] {dag.py:3036} INFO - Sync 1 DAGs
[2025-03-06T12:54:07.858+0000] {logging_mixin.py:188} INFO - [2025-03-06T12:54:07.858+0000] {dag.py:3823} INFO - Setting next_dagrun for example_nested_branch_dag to 2025-03-05 00:00:00+00:00, run_after=2025-03-06 00:00:00+00:00
[2025-03-06T12:54:07.997+0000] {processor.py:183} INFO - Processing /home/airflow/.local/lib/python3.10/site-packages/airflow/example_dags/example_nested_branch_dag.py took 0.535 seconds
[2025-03-06T12:55:34.685+0000] {processor.py:161} INFO - Started process (PID=84) to work on /home/airflow/.local/lib/python3.10/site-packages/airflow/example_dags/example_nested_branch_dag.py
[2025-03-06T12:55:34.687+0000] {processor.py:830} INFO - Processing file /home/airflow/.local/lib/python3.10/site-packages/airflow/example_dags/example_nested_branch_dag.py for tasks to queue
[2025-03-06T12:55:34.691+0000] {logging_mixin.py:188} INFO - [2025-03-06T12:55:34.690+0000] {dagbag.py:538} INFO - Filling up the DagBag from /home/airflow/.local/lib/python3.10/site-packages/airflow/example_dags/example_nested_branch_dag.py
[2025-03-06T12:55:34.711+0000] {processor.py:840} INFO - DAG(s) 'example_nested_branch_dag' retrieved from /home/airflow/.local/lib/python3.10/site-packages/airflow/example_dags/example_nested_branch_dag.py
[2025-03-06T12:55:34.770+0000] {logging_mixin.py:188} INFO - [2025-03-06T12:55:34.770+0000] {dag.py:3036} INFO - Sync 1 DAGs
[2025-03-06T12:55:34.822+0000] {logging_mixin.py:188} INFO - [2025-03-06T12:55:34.822+0000] {dag.py:3823} INFO - Setting next_dagrun for example_nested_branch_dag to 2025-03-05 00:00:00+00:00, run_after=2025-03-06 00:00:00+00:00
[2025-03-06T12:55:34.949+0000] {processor.py:183} INFO - Processing /home/airflow/.local/lib/python3.10/site-packages/airflow/example_dags/example_nested_branch_dag.py took 0.273 seconds
[2025-03-06T12:56:28.219+0000] {processor.py:161} INFO - Started process (PID=115) to work on /home/airflow/.local/lib/python3.10/site-packages/airflow/example_dags/example_nested_branch_dag.py
[2025-03-06T12:56:28.223+0000] {processor.py:830} INFO - Processing file /home/airflow/.local/lib/python3.10/site-packages/airflow/example_dags/example_nested_branch_dag.py for tasks to queue
[2025-03-06T12:56:28.227+0000] {logging_mixin.py:188} INFO - [2025-03-06T12:56:28.226+0000] {dagbag.py:538} INFO - Filling up the DagBag from /home/airflow/.local/lib/python3.10/site-packages/airflow/example_dags/example_nested_branch_dag.py
[2025-03-06T12:56:28.265+0000] {processor.py:840} INFO - DAG(s) 'example_nested_branch_dag' retrieved from /home/airflow/.local/lib/python3.10/site-packages/airflow/example_dags/example_nested_branch_dag.py
[2025-03-06T12:56:28.359+0000] {logging_mixin.py:188} INFO - [2025-03-06T12:56:28.358+0000] {dag.py:3036} INFO - Sync 1 DAGs
[2025-03-06T12:56:28.457+0000] {logging_mixin.py:188} INFO - [2025-03-06T12:56:28.457+0000] {dag.py:3823} INFO - Setting next_dagrun for example_nested_branch_dag to 2025-03-05 00:00:00+00:00, run_after=2025-03-06 00:00:00+00:00
[2025-03-06T12:56:28.710+0000] {processor.py:183} INFO - Processing /home/airflow/.local/lib/python3.10/site-packages/airflow/example_dags/example_nested_branch_dag.py took 0.502 seconds
[2025-03-06T12:57:18.231+0000] {processor.py:161} INFO - Started process (PID=147) to work on /home/airflow/.local/lib/python3.10/site-packages/airflow/example_dags/example_nested_branch_dag.py
[2025-03-06T12:57:18.234+0000] {processor.py:830} INFO - Processing file /home/airflow/.local/lib/python3.10/site-packages/airflow/example_dags/example_nested_branch_dag.py for tasks to queue
[2025-03-06T12:57:18.237+0000] {logging_mixin.py:188} INFO - [2025-03-06T12:57:18.236+0000] {dagbag.py:538} INFO - Filling up the DagBag from /home/airflow/.local/lib/python3.10/site-packages/airflow/example_dags/example_nested_branch_dag.py
[2025-03-06T12:57:18.274+0000] {processor.py:840} INFO - DAG(s) 'example_nested_branch_dag' retrieved from /home/airflow/.local/lib/python3.10/site-packages/airflow/example_dags/example_nested_branch_dag.py
[2025-03-06T12:57:18.330+0000] {logging_mixin.py:188} INFO - [2025-03-06T12:57:18.329+0000] {dag.py:3036} INFO - Sync 1 DAGs
[2025-03-06T12:57:18.396+0000] {logging_mixin.py:188} INFO - [2025-03-06T12:57:18.396+0000] {dag.py:3823} INFO - Setting next_dagrun for example_nested_branch_dag to 2025-03-05 00:00:00+00:00, run_after=2025-03-06 00:00:00+00:00
[2025-03-06T12:57:18.545+0000] {processor.py:183} INFO - Processing /home/airflow/.local/lib/python3.10/site-packages/airflow/example_dags/example_nested_branch_dag.py took 0.326 seconds
[2025-03-06T12:58:08.681+0000] {processor.py:161} INFO - Started process (PID=176) to work on /home/airflow/.local/lib/python3.10/site-packages/airflow/example_dags/example_nested_branch_dag.py
[2025-03-06T12:58:08.683+0000] {processor.py:830} INFO - Processing file /home/airflow/.local/lib/python3.10/site-packages/airflow/example_dags/example_nested_branch_dag.py for tasks to queue
[2025-03-06T12:58:08.685+0000] {logging_mixin.py:188} INFO - [2025-03-06T12:58:08.684+0000] {dagbag.py:538} INFO - Filling up the DagBag from /home/airflow/.local/lib/python3.10/site-packages/airflow/example_dags/example_nested_branch_dag.py
[2025-03-06T12:58:08.706+0000] {processor.py:840} INFO - DAG(s) 'example_nested_branch_dag' retrieved from /home/airflow/.local/lib/python3.10/site-packages/airflow/example_dags/example_nested_branch_dag.py
[2025-03-06T12:58:08.754+0000] {logging_mixin.py:188} INFO - [2025-03-06T12:58:08.753+0000] {dag.py:3036} INFO - Sync 1 DAGs
[2025-03-06T12:58:08.803+0000] {logging_mixin.py:188} INFO - [2025-03-06T12:58:08.803+0000] {dag.py:3823} INFO - Setting next_dagrun for example_nested_branch_dag to 2025-03-05 00:00:00+00:00, run_after=2025-03-06 00:00:00+00:00
[2025-03-06T12:58:08.911+0000] {processor.py:183} INFO - Processing /home/airflow/.local/lib/python3.10/site-packages/airflow/example_dags/example_nested_branch_dag.py took 0.234 seconds
[2025-03-06T12:58:52.289+0000] {processor.py:161} INFO - Started process (PID=207) to work on /home/airflow/.local/lib/python3.10/site-packages/airflow/example_dags/example_nested_branch_dag.py
[2025-03-06T12:58:52.293+0000] {processor.py:830} INFO - Processing file /home/airflow/.local/lib/python3.10/site-packages/airflow/example_dags/example_nested_branch_dag.py for tasks to queue
[2025-03-06T12:58:52.296+0000] {logging_mixin.py:188} INFO - [2025-03-06T12:58:52.295+0000] {dagbag.py:538} INFO - Filling up the DagBag from /home/airflow/.local/lib/python3.10/site-packages/airflow/example_dags/example_nested_branch_dag.py
[2025-03-06T12:58:52.324+0000] {processor.py:840} INFO - DAG(s) 'example_nested_branch_dag' retrieved from /home/airflow/.local/lib/python3.10/site-packages/airflow/example_dags/example_nested_branch_dag.py
[2025-03-06T12:58:52.407+0000] {logging_mixin.py:188} INFO - [2025-03-06T12:58:52.406+0000] {dag.py:3036} INFO - Sync 1 DAGs
[2025-03-06T12:58:52.484+0000] {logging_mixin.py:188} INFO - [2025-03-06T12:58:52.484+0000] {dag.py:3823} INFO - Setting next_dagrun for example_nested_branch_dag to 2025-03-05 00:00:00+00:00, run_after=2025-03-06 00:00:00+00:00
[2025-03-06T12:58:52.616+0000] {processor.py:183} INFO - Processing /home/airflow/.local/lib/python3.10/site-packages/airflow/example_dags/example_nested_branch_dag.py took 0.335 seconds
[2025-03-06T13:00:09.833+0000] {processor.py:161} INFO - Started process (PID=262) to work on /home/airflow/.local/lib/python3.10/site-packages/airflow/example_dags/example_nested_branch_dag.py
[2025-03-06T13:00:09.837+0000] {processor.py:830} INFO - Processing file /home/airflow/.local/lib/python3.10/site-packages/airflow/example_dags/example_nested_branch_dag.py for tasks to queue
[2025-03-06T13:00:09.840+0000] {logging_mixin.py:188} INFO - [2025-03-06T13:00:09.839+0000] {dagbag.py:538} INFO - Filling up the DagBag from /home/airflow/.local/lib/python3.10/site-packages/airflow/example_dags/example_nested_branch_dag.py
[2025-03-06T13:00:09.868+0000] {processor.py:840} INFO - DAG(s) 'example_nested_branch_dag' retrieved from /home/airflow/.local/lib/python3.10/site-packages/airflow/example_dags/example_nested_branch_dag.py
[2025-03-06T13:00:09.956+0000] {logging_mixin.py:188} INFO - [2025-03-06T13:00:09.955+0000] {dag.py:3036} INFO - Sync 1 DAGs
[2025-03-06T13:00:10.043+0000] {logging_mixin.py:188} INFO - [2025-03-06T13:00:10.042+0000] {dag.py:3823} INFO - Setting next_dagrun for example_nested_branch_dag to 2025-03-05 00:00:00+00:00, run_after=2025-03-06 00:00:00+00:00
[2025-03-06T13:00:10.238+0000] {processor.py:183} INFO - Processing /home/airflow/.local/lib/python3.10/site-packages/airflow/example_dags/example_nested_branch_dag.py took 0.413 seconds
[2025-03-06T13:00:53.659+0000] {processor.py:161} INFO - Started process (PID=290) to work on /home/airflow/.local/lib/python3.10/site-packages/airflow/example_dags/example_nested_branch_dag.py
[2025-03-06T13:00:53.661+0000] {processor.py:830} INFO - Processing file /home/airflow/.local/lib/python3.10/site-packages/airflow/example_dags/example_nested_branch_dag.py for tasks to queue
[2025-03-06T13:00:53.663+0000] {logging_mixin.py:188} INFO - [2025-03-06T13:00:53.663+0000] {dagbag.py:538} INFO - Filling up the DagBag from /home/airflow/.local/lib/python3.10/site-packages/airflow/example_dags/example_nested_branch_dag.py
[2025-03-06T13:00:53.681+0000] {processor.py:840} INFO - DAG(s) 'example_nested_branch_dag' retrieved from /home/airflow/.local/lib/python3.10/site-packages/airflow/example_dags/example_nested_branch_dag.py
[2025-03-06T13:00:53.734+0000] {logging_mixin.py:188} INFO - [2025-03-06T13:00:53.734+0000] {dag.py:3036} INFO - Sync 1 DAGs
[2025-03-06T13:00:53.785+0000] {logging_mixin.py:188} INFO - [2025-03-06T13:00:53.785+0000] {dag.py:3823} INFO - Setting next_dagrun for example_nested_branch_dag to 2025-03-05 00:00:00+00:00, run_after=2025-03-06 00:00:00+00:00
[2025-03-06T13:00:53.932+0000] {processor.py:183} INFO - Processing /home/airflow/.local/lib/python3.10/site-packages/airflow/example_dags/example_nested_branch_dag.py took 0.278 seconds
[2025-03-06T13:02:51.093+0000] {processor.py:161} INFO - Started process (PID=36) to work on /home/airflow/.local/lib/python3.10/site-packages/airflow/example_dags/example_nested_branch_dag.py
[2025-03-06T13:02:51.095+0000] {processor.py:830} INFO - Processing file /home/airflow/.local/lib/python3.10/site-packages/airflow/example_dags/example_nested_branch_dag.py for tasks to queue
[2025-03-06T13:02:51.099+0000] {logging_mixin.py:188} INFO - [2025-03-06T13:02:51.098+0000] {dagbag.py:538} INFO - Filling up the DagBag from /home/airflow/.local/lib/python3.10/site-packages/airflow/example_dags/example_nested_branch_dag.py
[2025-03-06T13:02:51.129+0000] {processor.py:840} INFO - DAG(s) 'example_nested_branch_dag' retrieved from /home/airflow/.local/lib/python3.10/site-packages/airflow/example_dags/example_nested_branch_dag.py
[2025-03-06T13:02:51.213+0000] {logging_mixin.py:188} INFO - [2025-03-06T13:02:51.213+0000] {dag.py:3036} INFO - Sync 1 DAGs
[2025-03-06T13:02:51.285+0000] {logging_mixin.py:188} INFO - [2025-03-06T13:02:51.284+0000] {dag.py:3823} INFO - Setting next_dagrun for example_nested_branch_dag to 2025-03-05 00:00:00+00:00, run_after=2025-03-06 00:00:00+00:00
[2025-03-06T13:02:51.454+0000] {processor.py:183} INFO - Processing /home/airflow/.local/lib/python3.10/site-packages/airflow/example_dags/example_nested_branch_dag.py took 0.369 seconds
[2025-03-06T13:03:45.753+0000] {processor.py:161} INFO - Started process (PID=36) to work on /home/airflow/.local/lib/python3.10/site-packages/airflow/example_dags/example_nested_branch_dag.py
[2025-03-06T13:03:45.756+0000] {processor.py:830} INFO - Processing file /home/airflow/.local/lib/python3.10/site-packages/airflow/example_dags/example_nested_branch_dag.py for tasks to queue
[2025-03-06T13:03:45.759+0000] {logging_mixin.py:188} INFO - [2025-03-06T13:03:45.758+0000] {dagbag.py:538} INFO - Filling up the DagBag from /home/airflow/.local/lib/python3.10/site-packages/airflow/example_dags/example_nested_branch_dag.py
[2025-03-06T13:03:45.788+0000] {processor.py:840} INFO - DAG(s) 'example_nested_branch_dag' retrieved from /home/airflow/.local/lib/python3.10/site-packages/airflow/example_dags/example_nested_branch_dag.py
[2025-03-06T13:03:45.912+0000] {logging_mixin.py:188} INFO - [2025-03-06T13:03:45.912+0000] {dag.py:3036} INFO - Sync 1 DAGs
[2025-03-06T13:03:45.970+0000] {logging_mixin.py:188} INFO - [2025-03-06T13:03:45.970+0000] {dag.py:3823} INFO - Setting next_dagrun for example_nested_branch_dag to 2025-03-05 00:00:00+00:00, run_after=2025-03-06 00:00:00+00:00
[2025-03-06T13:03:46.088+0000] {processor.py:183} INFO - Processing /home/airflow/.local/lib/python3.10/site-packages/airflow/example_dags/example_nested_branch_dag.py took 0.348 seconds
[2025-03-06T13:05:10.831+0000] {processor.py:161} INFO - Started process (PID=85) to work on /home/airflow/.local/lib/python3.10/site-packages/airflow/example_dags/example_nested_branch_dag.py
[2025-03-06T13:05:10.834+0000] {processor.py:830} INFO - Processing file /home/airflow/.local/lib/python3.10/site-packages/airflow/example_dags/example_nested_branch_dag.py for tasks to queue
[2025-03-06T13:05:10.836+0000] {logging_mixin.py:188} INFO - [2025-03-06T13:05:10.836+0000] {dagbag.py:538} INFO - Filling up the DagBag from /home/airflow/.local/lib/python3.10/site-packages/airflow/example_dags/example_nested_branch_dag.py
[2025-03-06T13:05:10.865+0000] {processor.py:840} INFO - DAG(s) 'example_nested_branch_dag' retrieved from /home/airflow/.local/lib/python3.10/site-packages/airflow/example_dags/example_nested_branch_dag.py
[2025-03-06T13:05:10.938+0000] {logging_mixin.py:188} INFO - [2025-03-06T13:05:10.937+0000] {dag.py:3036} INFO - Sync 1 DAGs
[2025-03-06T13:05:11.019+0000] {logging_mixin.py:188} INFO - [2025-03-06T13:05:11.018+0000] {dag.py:3823} INFO - Setting next_dagrun for example_nested_branch_dag to 2025-03-05 00:00:00+00:00, run_after=2025-03-06 00:00:00+00:00
[2025-03-06T13:05:11.168+0000] {processor.py:183} INFO - Processing /home/airflow/.local/lib/python3.10/site-packages/airflow/example_dags/example_nested_branch_dag.py took 0.347 seconds
[2025-03-06T13:06:00.142+0000] {processor.py:161} INFO - Started process (PID=114) to work on /home/airflow/.local/lib/python3.10/site-packages/airflow/example_dags/example_nested_branch_dag.py
[2025-03-06T13:06:00.144+0000] {processor.py:830} INFO - Processing file /home/airflow/.local/lib/python3.10/site-packages/airflow/example_dags/example_nested_branch_dag.py for tasks to queue
[2025-03-06T13:06:00.146+0000] {logging_mixin.py:188} INFO - [2025-03-06T13:06:00.145+0000] {dagbag.py:538} INFO - Filling up the DagBag from /home/airflow/.local/lib/python3.10/site-packages/airflow/example_dags/example_nested_branch_dag.py
[2025-03-06T13:06:00.172+0000] {processor.py:840} INFO - DAG(s) 'example_nested_branch_dag' retrieved from /home/airflow/.local/lib/python3.10/site-packages/airflow/example_dags/example_nested_branch_dag.py
[2025-03-06T13:06:00.233+0000] {logging_mixin.py:188} INFO - [2025-03-06T13:06:00.232+0000] {dag.py:3036} INFO - Sync 1 DAGs
[2025-03-06T13:06:00.288+0000] {logging_mixin.py:188} INFO - [2025-03-06T13:06:00.287+0000] {dag.py:3823} INFO - Setting next_dagrun for example_nested_branch_dag to 2025-03-05 00:00:00+00:00, run_after=2025-03-06 00:00:00+00:00
[2025-03-06T13:06:00.424+0000] {processor.py:183} INFO - Processing /home/airflow/.local/lib/python3.10/site-packages/airflow/example_dags/example_nested_branch_dag.py took 0.288 seconds
[2025-03-06T13:06:48.668+0000] {processor.py:161} INFO - Started process (PID=146) to work on /home/airflow/.local/lib/python3.10/site-packages/airflow/example_dags/example_nested_branch_dag.py
[2025-03-06T13:06:48.678+0000] {processor.py:830} INFO - Processing file /home/airflow/.local/lib/python3.10/site-packages/airflow/example_dags/example_nested_branch_dag.py for tasks to queue
[2025-03-06T13:06:48.681+0000] {logging_mixin.py:188} INFO - [2025-03-06T13:06:48.680+0000] {dagbag.py:538} INFO - Filling up the DagBag from /home/airflow/.local/lib/python3.10/site-packages/airflow/example_dags/example_nested_branch_dag.py
[2025-03-06T13:06:48.730+0000] {processor.py:840} INFO - DAG(s) 'example_nested_branch_dag' retrieved from /home/airflow/.local/lib/python3.10/site-packages/airflow/example_dags/example_nested_branch_dag.py
[2025-03-06T13:06:48.842+0000] {logging_mixin.py:188} INFO - [2025-03-06T13:06:48.842+0000] {dag.py:3036} INFO - Sync 1 DAGs
[2025-03-06T13:06:48.924+0000] {logging_mixin.py:188} INFO - [2025-03-06T13:06:48.924+0000] {dag.py:3823} INFO - Setting next_dagrun for example_nested_branch_dag to 2025-03-05 00:00:00+00:00, run_after=2025-03-06 00:00:00+00:00
[2025-03-06T13:06:49.058+0000] {processor.py:183} INFO - Processing /home/airflow/.local/lib/python3.10/site-packages/airflow/example_dags/example_nested_branch_dag.py took 0.399 seconds
[2025-03-06T13:07:43.568+0000] {processor.py:161} INFO - Started process (PID=176) to work on /home/airflow/.local/lib/python3.10/site-packages/airflow/example_dags/example_nested_branch_dag.py
[2025-03-06T13:07:43.575+0000] {processor.py:830} INFO - Processing file /home/airflow/.local/lib/python3.10/site-packages/airflow/example_dags/example_nested_branch_dag.py for tasks to queue
[2025-03-06T13:07:43.582+0000] {logging_mixin.py:188} INFO - [2025-03-06T13:07:43.580+0000] {dagbag.py:538} INFO - Filling up the DagBag from /home/airflow/.local/lib/python3.10/site-packages/airflow/example_dags/example_nested_branch_dag.py
[2025-03-06T13:07:43.632+0000] {processor.py:840} INFO - DAG(s) 'example_nested_branch_dag' retrieved from /home/airflow/.local/lib/python3.10/site-packages/airflow/example_dags/example_nested_branch_dag.py
[2025-03-06T13:07:43.694+0000] {logging_mixin.py:188} INFO - [2025-03-06T13:07:43.694+0000] {dag.py:3036} INFO - Sync 1 DAGs
[2025-03-06T13:07:43.746+0000] {logging_mixin.py:188} INFO - [2025-03-06T13:07:43.746+0000] {dag.py:3823} INFO - Setting next_dagrun for example_nested_branch_dag to 2025-03-05 00:00:00+00:00, run_after=2025-03-06 00:00:00+00:00
[2025-03-06T13:07:43.874+0000] {processor.py:183} INFO - Processing /home/airflow/.local/lib/python3.10/site-packages/airflow/example_dags/example_nested_branch_dag.py took 0.322 seconds
[2025-03-06T13:08:32.164+0000] {processor.py:161} INFO - Started process (PID=210) to work on /home/airflow/.local/lib/python3.10/site-packages/airflow/example_dags/example_nested_branch_dag.py
[2025-03-06T13:08:32.169+0000] {processor.py:830} INFO - Processing file /home/airflow/.local/lib/python3.10/site-packages/airflow/example_dags/example_nested_branch_dag.py for tasks to queue
[2025-03-06T13:08:32.176+0000] {logging_mixin.py:188} INFO - [2025-03-06T13:08:32.175+0000] {dagbag.py:538} INFO - Filling up the DagBag from /home/airflow/.local/lib/python3.10/site-packages/airflow/example_dags/example_nested_branch_dag.py
[2025-03-06T13:08:32.238+0000] {processor.py:840} INFO - DAG(s) 'example_nested_branch_dag' retrieved from /home/airflow/.local/lib/python3.10/site-packages/airflow/example_dags/example_nested_branch_dag.py
[2025-03-06T13:08:32.381+0000] {logging_mixin.py:188} INFO - [2025-03-06T13:08:32.380+0000] {dag.py:3036} INFO - Sync 1 DAGs
[2025-03-06T13:08:32.506+0000] {logging_mixin.py:188} INFO - [2025-03-06T13:08:32.505+0000] {dag.py:3823} INFO - Setting next_dagrun for example_nested_branch_dag to 2025-03-05 00:00:00+00:00, run_after=2025-03-06 00:00:00+00:00
[2025-03-06T13:08:32.640+0000] {processor.py:183} INFO - Processing /home/airflow/.local/lib/python3.10/site-packages/airflow/example_dags/example_nested_branch_dag.py took 0.481 seconds
[2025-03-06T13:09:16.537+0000] {processor.py:161} INFO - Started process (PID=237) to work on /home/airflow/.local/lib/python3.10/site-packages/airflow/example_dags/example_nested_branch_dag.py
[2025-03-06T13:09:16.542+0000] {processor.py:830} INFO - Processing file /home/airflow/.local/lib/python3.10/site-packages/airflow/example_dags/example_nested_branch_dag.py for tasks to queue
[2025-03-06T13:09:16.546+0000] {logging_mixin.py:188} INFO - [2025-03-06T13:09:16.545+0000] {dagbag.py:538} INFO - Filling up the DagBag from /home/airflow/.local/lib/python3.10/site-packages/airflow/example_dags/example_nested_branch_dag.py
[2025-03-06T13:09:16.584+0000] {processor.py:840} INFO - DAG(s) 'example_nested_branch_dag' retrieved from /home/airflow/.local/lib/python3.10/site-packages/airflow/example_dags/example_nested_branch_dag.py
[2025-03-06T13:09:16.667+0000] {logging_mixin.py:188} INFO - [2025-03-06T13:09:16.666+0000] {dag.py:3036} INFO - Sync 1 DAGs
[2025-03-06T13:09:16.741+0000] {logging_mixin.py:188} INFO - [2025-03-06T13:09:16.740+0000] {dag.py:3823} INFO - Setting next_dagrun for example_nested_branch_dag to 2025-03-05 00:00:00+00:00, run_after=2025-03-06 00:00:00+00:00
[2025-03-06T13:09:16.886+0000] {processor.py:183} INFO - Processing /home/airflow/.local/lib/python3.10/site-packages/airflow/example_dags/example_nested_branch_dag.py took 0.361 seconds
[2025-03-06T13:10:02.794+0000] {processor.py:161} INFO - Started process (PID=268) to work on /home/airflow/.local/lib/python3.10/site-packages/airflow/example_dags/example_nested_branch_dag.py
[2025-03-06T13:10:02.796+0000] {processor.py:830} INFO - Processing file /home/airflow/.local/lib/python3.10/site-packages/airflow/example_dags/example_nested_branch_dag.py for tasks to queue
[2025-03-06T13:10:02.798+0000] {logging_mixin.py:188} INFO - [2025-03-06T13:10:02.797+0000] {dagbag.py:538} INFO - Filling up the DagBag from /home/airflow/.local/lib/python3.10/site-packages/airflow/example_dags/example_nested_branch_dag.py
[2025-03-06T13:10:02.822+0000] {processor.py:840} INFO - DAG(s) 'example_nested_branch_dag' retrieved from /home/airflow/.local/lib/python3.10/site-packages/airflow/example_dags/example_nested_branch_dag.py
[2025-03-06T13:10:02.883+0000] {logging_mixin.py:188} INFO - [2025-03-06T13:10:02.883+0000] {dag.py:3036} INFO - Sync 1 DAGs
[2025-03-06T13:10:02.947+0000] {logging_mixin.py:188} INFO - [2025-03-06T13:10:02.946+0000] {dag.py:3823} INFO - Setting next_dagrun for example_nested_branch_dag to 2025-03-05 00:00:00+00:00, run_after=2025-03-06 00:00:00+00:00
[2025-03-06T13:10:03.108+0000] {processor.py:183} INFO - Processing /home/airflow/.local/lib/python3.10/site-packages/airflow/example_dags/example_nested_branch_dag.py took 0.322 seconds
[2025-03-06T13:10:47.406+0000] {processor.py:161} INFO - Started process (PID=295) to work on /home/airflow/.local/lib/python3.10/site-packages/airflow/example_dags/example_nested_branch_dag.py
[2025-03-06T13:10:47.408+0000] {processor.py:830} INFO - Processing file /home/airflow/.local/lib/python3.10/site-packages/airflow/example_dags/example_nested_branch_dag.py for tasks to queue
[2025-03-06T13:10:47.410+0000] {logging_mixin.py:188} INFO - [2025-03-06T13:10:47.410+0000] {dagbag.py:538} INFO - Filling up the DagBag from /home/airflow/.local/lib/python3.10/site-packages/airflow/example_dags/example_nested_branch_dag.py
[2025-03-06T13:10:47.431+0000] {processor.py:840} INFO - DAG(s) 'example_nested_branch_dag' retrieved from /home/airflow/.local/lib/python3.10/site-packages/airflow/example_dags/example_nested_branch_dag.py
[2025-03-06T13:10:47.489+0000] {logging_mixin.py:188} INFO - [2025-03-06T13:10:47.488+0000] {dag.py:3036} INFO - Sync 1 DAGs
[2025-03-06T13:10:47.549+0000] {logging_mixin.py:188} INFO - [2025-03-06T13:10:47.548+0000] {dag.py:3823} INFO - Setting next_dagrun for example_nested_branch_dag to 2025-03-05 00:00:00+00:00, run_after=2025-03-06 00:00:00+00:00
[2025-03-06T13:10:47.686+0000] {processor.py:183} INFO - Processing /home/airflow/.local/lib/python3.10/site-packages/airflow/example_dags/example_nested_branch_dag.py took 0.285 seconds
[2025-03-06T13:11:28.812+0000] {processor.py:161} INFO - Started process (PID=36) to work on /home/airflow/.local/lib/python3.10/site-packages/airflow/example_dags/example_nested_branch_dag.py
[2025-03-06T13:11:28.815+0000] {processor.py:830} INFO - Processing file /home/airflow/.local/lib/python3.10/site-packages/airflow/example_dags/example_nested_branch_dag.py for tasks to queue
[2025-03-06T13:11:28.819+0000] {logging_mixin.py:188} INFO - [2025-03-06T13:11:28.818+0000] {dagbag.py:538} INFO - Filling up the DagBag from /home/airflow/.local/lib/python3.10/site-packages/airflow/example_dags/example_nested_branch_dag.py
[2025-03-06T13:11:28.854+0000] {processor.py:840} INFO - DAG(s) 'example_nested_branch_dag' retrieved from /home/airflow/.local/lib/python3.10/site-packages/airflow/example_dags/example_nested_branch_dag.py
[2025-03-06T13:11:28.932+0000] {logging_mixin.py:188} INFO - [2025-03-06T13:11:28.931+0000] {dag.py:3036} INFO - Sync 1 DAGs
[2025-03-06T13:11:29.034+0000] {logging_mixin.py:188} INFO - [2025-03-06T13:11:29.034+0000] {dag.py:3823} INFO - Setting next_dagrun for example_nested_branch_dag to 2025-03-05 00:00:00+00:00, run_after=2025-03-06 00:00:00+00:00
[2025-03-06T13:11:29.149+0000] {processor.py:183} INFO - Processing /home/airflow/.local/lib/python3.10/site-packages/airflow/example_dags/example_nested_branch_dag.py took 0.345 seconds
[2025-03-06T13:12:52.051+0000] {processor.py:161} INFO - Started process (PID=85) to work on /home/airflow/.local/lib/python3.10/site-packages/airflow/example_dags/example_nested_branch_dag.py
[2025-03-06T13:12:52.056+0000] {processor.py:830} INFO - Processing file /home/airflow/.local/lib/python3.10/site-packages/airflow/example_dags/example_nested_branch_dag.py for tasks to queue
[2025-03-06T13:12:52.059+0000] {logging_mixin.py:188} INFO - [2025-03-06T13:12:52.058+0000] {dagbag.py:538} INFO - Filling up the DagBag from /home/airflow/.local/lib/python3.10/site-packages/airflow/example_dags/example_nested_branch_dag.py
[2025-03-06T13:12:52.090+0000] {processor.py:840} INFO - DAG(s) 'example_nested_branch_dag' retrieved from /home/airflow/.local/lib/python3.10/site-packages/airflow/example_dags/example_nested_branch_dag.py
[2025-03-06T13:12:52.186+0000] {logging_mixin.py:188} INFO - [2025-03-06T13:12:52.186+0000] {dag.py:3036} INFO - Sync 1 DAGs
[2025-03-06T13:12:52.275+0000] {logging_mixin.py:188} INFO - [2025-03-06T13:12:52.275+0000] {dag.py:3823} INFO - Setting next_dagrun for example_nested_branch_dag to 2025-03-05 00:00:00+00:00, run_after=2025-03-06 00:00:00+00:00
[2025-03-06T13:12:52.404+0000] {processor.py:183} INFO - Processing /home/airflow/.local/lib/python3.10/site-packages/airflow/example_dags/example_nested_branch_dag.py took 0.364 seconds
[2025-03-06T13:13:47.676+0000] {processor.py:161} INFO - Started process (PID=119) to work on /home/airflow/.local/lib/python3.10/site-packages/airflow/example_dags/example_nested_branch_dag.py
[2025-03-06T13:13:47.679+0000] {processor.py:830} INFO - Processing file /home/airflow/.local/lib/python3.10/site-packages/airflow/example_dags/example_nested_branch_dag.py for tasks to queue
[2025-03-06T13:13:47.684+0000] {logging_mixin.py:188} INFO - [2025-03-06T13:13:47.683+0000] {dagbag.py:538} INFO - Filling up the DagBag from /home/airflow/.local/lib/python3.10/site-packages/airflow/example_dags/example_nested_branch_dag.py
[2025-03-06T13:13:47.721+0000] {processor.py:840} INFO - DAG(s) 'example_nested_branch_dag' retrieved from /home/airflow/.local/lib/python3.10/site-packages/airflow/example_dags/example_nested_branch_dag.py
[2025-03-06T13:13:47.790+0000] {logging_mixin.py:188} INFO - [2025-03-06T13:13:47.789+0000] {dag.py:3036} INFO - Sync 1 DAGs
[2025-03-06T13:13:47.848+0000] {logging_mixin.py:188} INFO - [2025-03-06T13:13:47.847+0000] {dag.py:3823} INFO - Setting next_dagrun for example_nested_branch_dag to 2025-03-05 00:00:00+00:00, run_after=2025-03-06 00:00:00+00:00
[2025-03-06T13:13:47.978+0000] {processor.py:183} INFO - Processing /home/airflow/.local/lib/python3.10/site-packages/airflow/example_dags/example_nested_branch_dag.py took 0.308 seconds
[2025-03-06T13:14:34.835+0000] {processor.py:161} INFO - Started process (PID=149) to work on /home/airflow/.local/lib/python3.10/site-packages/airflow/example_dags/example_nested_branch_dag.py
[2025-03-06T13:14:34.837+0000] {processor.py:830} INFO - Processing file /home/airflow/.local/lib/python3.10/site-packages/airflow/example_dags/example_nested_branch_dag.py for tasks to queue
[2025-03-06T13:14:34.839+0000] {logging_mixin.py:188} INFO - [2025-03-06T13:14:34.839+0000] {dagbag.py:538} INFO - Filling up the DagBag from /home/airflow/.local/lib/python3.10/site-packages/airflow/example_dags/example_nested_branch_dag.py
[2025-03-06T13:14:34.868+0000] {processor.py:840} INFO - DAG(s) 'example_nested_branch_dag' retrieved from /home/airflow/.local/lib/python3.10/site-packages/airflow/example_dags/example_nested_branch_dag.py
[2025-03-06T13:14:34.933+0000] {logging_mixin.py:188} INFO - [2025-03-06T13:14:34.933+0000] {dag.py:3036} INFO - Sync 1 DAGs
[2025-03-06T13:14:34.993+0000] {logging_mixin.py:188} INFO - [2025-03-06T13:14:34.993+0000] {dag.py:3823} INFO - Setting next_dagrun for example_nested_branch_dag to 2025-03-05 00:00:00+00:00, run_after=2025-03-06 00:00:00+00:00
[2025-03-06T13:14:35.143+0000] {processor.py:183} INFO - Processing /home/airflow/.local/lib/python3.10/site-packages/airflow/example_dags/example_nested_branch_dag.py took 0.316 seconds
[2025-03-06T13:15:24.372+0000] {processor.py:161} INFO - Started process (PID=179) to work on /home/airflow/.local/lib/python3.10/site-packages/airflow/example_dags/example_nested_branch_dag.py
[2025-03-06T13:15:24.375+0000] {processor.py:830} INFO - Processing file /home/airflow/.local/lib/python3.10/site-packages/airflow/example_dags/example_nested_branch_dag.py for tasks to queue
[2025-03-06T13:15:24.377+0000] {logging_mixin.py:188} INFO - [2025-03-06T13:15:24.377+0000] {dagbag.py:538} INFO - Filling up the DagBag from /home/airflow/.local/lib/python3.10/site-packages/airflow/example_dags/example_nested_branch_dag.py
[2025-03-06T13:15:24.398+0000] {processor.py:840} INFO - DAG(s) 'example_nested_branch_dag' retrieved from /home/airflow/.local/lib/python3.10/site-packages/airflow/example_dags/example_nested_branch_dag.py
[2025-03-06T13:15:24.449+0000] {logging_mixin.py:188} INFO - [2025-03-06T13:15:24.448+0000] {dag.py:3036} INFO - Sync 1 DAGs
[2025-03-06T13:15:24.502+0000] {logging_mixin.py:188} INFO - [2025-03-06T13:15:24.502+0000] {dag.py:3823} INFO - Setting next_dagrun for example_nested_branch_dag to 2025-03-05 00:00:00+00:00, run_after=2025-03-06 00:00:00+00:00
[2025-03-06T13:15:24.634+0000] {processor.py:183} INFO - Processing /home/airflow/.local/lib/python3.10/site-packages/airflow/example_dags/example_nested_branch_dag.py took 0.270 seconds
[2025-03-06T13:16:13.933+0000] {processor.py:161} INFO - Started process (PID=211) to work on /home/airflow/.local/lib/python3.10/site-packages/airflow/example_dags/example_nested_branch_dag.py
[2025-03-06T13:16:13.938+0000] {processor.py:830} INFO - Processing file /home/airflow/.local/lib/python3.10/site-packages/airflow/example_dags/example_nested_branch_dag.py for tasks to queue
[2025-03-06T13:16:13.941+0000] {logging_mixin.py:188} INFO - [2025-03-06T13:16:13.940+0000] {dagbag.py:538} INFO - Filling up the DagBag from /home/airflow/.local/lib/python3.10/site-packages/airflow/example_dags/example_nested_branch_dag.py
[2025-03-06T13:16:13.968+0000] {processor.py:840} INFO - DAG(s) 'example_nested_branch_dag' retrieved from /home/airflow/.local/lib/python3.10/site-packages/airflow/example_dags/example_nested_branch_dag.py
[2025-03-06T13:16:14.060+0000] {logging_mixin.py:188} INFO - [2025-03-06T13:16:14.059+0000] {dag.py:3036} INFO - Sync 1 DAGs
[2025-03-06T13:16:14.165+0000] {logging_mixin.py:188} INFO - [2025-03-06T13:16:14.162+0000] {dag.py:3823} INFO - Setting next_dagrun for example_nested_branch_dag to 2025-03-05 00:00:00+00:00, run_after=2025-03-06 00:00:00+00:00
[2025-03-06T13:16:14.478+0000] {processor.py:183} INFO - Processing /home/airflow/.local/lib/python3.10/site-packages/airflow/example_dags/example_nested_branch_dag.py took 0.553 seconds
[2025-03-06T13:17:05.061+0000] {processor.py:161} INFO - Started process (PID=240) to work on /home/airflow/.local/lib/python3.10/site-packages/airflow/example_dags/example_nested_branch_dag.py
[2025-03-06T13:17:05.064+0000] {processor.py:830} INFO - Processing file /home/airflow/.local/lib/python3.10/site-packages/airflow/example_dags/example_nested_branch_dag.py for tasks to queue
[2025-03-06T13:17:05.068+0000] {logging_mixin.py:188} INFO - [2025-03-06T13:17:05.067+0000] {dagbag.py:538} INFO - Filling up the DagBag from /home/airflow/.local/lib/python3.10/site-packages/airflow/example_dags/example_nested_branch_dag.py
[2025-03-06T13:17:05.103+0000] {processor.py:840} INFO - DAG(s) 'example_nested_branch_dag' retrieved from /home/airflow/.local/lib/python3.10/site-packages/airflow/example_dags/example_nested_branch_dag.py
[2025-03-06T13:17:05.205+0000] {logging_mixin.py:188} INFO - [2025-03-06T13:17:05.205+0000] {dag.py:3036} INFO - Sync 1 DAGs
[2025-03-06T13:17:05.321+0000] {logging_mixin.py:188} INFO - [2025-03-06T13:17:05.321+0000] {dag.py:3823} INFO - Setting next_dagrun for example_nested_branch_dag to 2025-03-05 00:00:00+00:00, run_after=2025-03-06 00:00:00+00:00
[2025-03-06T13:17:05.614+0000] {processor.py:183} INFO - Processing /home/airflow/.local/lib/python3.10/site-packages/airflow/example_dags/example_nested_branch_dag.py took 0.563 seconds
[2025-03-06T13:18:09.536+0000] {processor.py:161} INFO - Started process (PID=273) to work on /home/airflow/.local/lib/python3.10/site-packages/airflow/example_dags/example_nested_branch_dag.py
[2025-03-06T13:18:09.540+0000] {processor.py:830} INFO - Processing file /home/airflow/.local/lib/python3.10/site-packages/airflow/example_dags/example_nested_branch_dag.py for tasks to queue
[2025-03-06T13:18:09.545+0000] {logging_mixin.py:188} INFO - [2025-03-06T13:18:09.544+0000] {dagbag.py:538} INFO - Filling up the DagBag from /home/airflow/.local/lib/python3.10/site-packages/airflow/example_dags/example_nested_branch_dag.py
[2025-03-06T13:18:09.584+0000] {processor.py:840} INFO - DAG(s) 'example_nested_branch_dag' retrieved from /home/airflow/.local/lib/python3.10/site-packages/airflow/example_dags/example_nested_branch_dag.py
[2025-03-06T13:18:09.718+0000] {logging_mixin.py:188} INFO - [2025-03-06T13:18:09.718+0000] {dag.py:3036} INFO - Sync 1 DAGs
[2025-03-06T13:18:09.778+0000] {logging_mixin.py:188} INFO - [2025-03-06T13:18:09.777+0000] {dag.py:3823} INFO - Setting next_dagrun for example_nested_branch_dag to 2025-03-05 00:00:00+00:00, run_after=2025-03-06 00:00:00+00:00
[2025-03-06T13:18:09.932+0000] {processor.py:183} INFO - Processing /home/airflow/.local/lib/python3.10/site-packages/airflow/example_dags/example_nested_branch_dag.py took 0.412 seconds
