[2025-03-06T12:53:59.752+0000] {processor.py:161} INFO - Started process (PID=31) to work on /home/airflow/.local/lib/python3.10/site-packages/airflow/example_dags/example_task_group.py
[2025-03-06T12:53:59.757+0000] {processor.py:830} INFO - Processing file /home/airflow/.local/lib/python3.10/site-packages/airflow/example_dags/example_task_group.py for tasks to queue
[2025-03-06T12:53:59.763+0000] {logging_mixin.py:188} INFO - [2025-03-06T12:53:59.762+0000] {dagbag.py:538} INFO - Filling up the DagBag from /home/airflow/.local/lib/python3.10/site-packages/airflow/example_dags/example_task_group.py
[2025-03-06T12:53:59.798+0000] {processor.py:840} INFO - DAG(s) 'example_task_group' retrieved from /home/airflow/.local/lib/python3.10/site-packages/airflow/example_dags/example_task_group.py
[2025-03-06T12:53:59.834+0000] {logging_mixin.py:188} INFO - [2025-03-06T12:53:59.833+0000] {dag.py:3036} INFO - Sync 1 DAGs
[2025-03-06T12:53:59.973+0000] {logging_mixin.py:188} INFO - [2025-03-06T12:53:59.971+0000] {dag.py:3823} INFO - Setting next_dagrun for example_task_group to 2025-03-05 00:00:00+00:00, run_after=2025-03-06 00:00:00+00:00
[2025-03-06T12:54:00.299+0000] {processor.py:183} INFO - Processing /home/airflow/.local/lib/python3.10/site-packages/airflow/example_dags/example_task_group.py took 0.552 seconds
[2025-03-06T12:55:27.776+0000] {processor.py:161} INFO - Started process (PID=80) to work on /home/airflow/.local/lib/python3.10/site-packages/airflow/example_dags/example_task_group.py
[2025-03-06T12:55:27.781+0000] {processor.py:830} INFO - Processing file /home/airflow/.local/lib/python3.10/site-packages/airflow/example_dags/example_task_group.py for tasks to queue
[2025-03-06T12:55:27.784+0000] {logging_mixin.py:188} INFO - [2025-03-06T12:55:27.783+0000] {dagbag.py:538} INFO - Filling up the DagBag from /home/airflow/.local/lib/python3.10/site-packages/airflow/example_dags/example_task_group.py
[2025-03-06T12:55:27.811+0000] {processor.py:840} INFO - DAG(s) 'example_task_group' retrieved from /home/airflow/.local/lib/python3.10/site-packages/airflow/example_dags/example_task_group.py
[2025-03-06T12:55:28.080+0000] {logging_mixin.py:188} INFO - [2025-03-06T12:55:28.078+0000] {dag.py:3036} INFO - Sync 1 DAGs
[2025-03-06T12:55:28.222+0000] {logging_mixin.py:188} INFO - [2025-03-06T12:55:28.221+0000] {dag.py:3823} INFO - Setting next_dagrun for example_task_group to 2025-03-05 00:00:00+00:00, run_after=2025-03-06 00:00:00+00:00
[2025-03-06T12:55:28.430+0000] {processor.py:183} INFO - Processing /home/airflow/.local/lib/python3.10/site-packages/airflow/example_dags/example_task_group.py took 0.662 seconds
[2025-03-06T12:56:19.447+0000] {processor.py:161} INFO - Started process (PID=111) to work on /home/airflow/.local/lib/python3.10/site-packages/airflow/example_dags/example_task_group.py
[2025-03-06T12:56:19.450+0000] {processor.py:830} INFO - Processing file /home/airflow/.local/lib/python3.10/site-packages/airflow/example_dags/example_task_group.py for tasks to queue
[2025-03-06T12:56:19.452+0000] {logging_mixin.py:188} INFO - [2025-03-06T12:56:19.452+0000] {dagbag.py:538} INFO - Filling up the DagBag from /home/airflow/.local/lib/python3.10/site-packages/airflow/example_dags/example_task_group.py
[2025-03-06T12:56:19.474+0000] {processor.py:840} INFO - DAG(s) 'example_task_group' retrieved from /home/airflow/.local/lib/python3.10/site-packages/airflow/example_dags/example_task_group.py
[2025-03-06T12:56:19.536+0000] {logging_mixin.py:188} INFO - [2025-03-06T12:56:19.536+0000] {dag.py:3036} INFO - Sync 1 DAGs
[2025-03-06T12:56:19.592+0000] {logging_mixin.py:188} INFO - [2025-03-06T12:56:19.591+0000] {dag.py:3823} INFO - Setting next_dagrun for example_task_group to 2025-03-05 00:00:00+00:00, run_after=2025-03-06 00:00:00+00:00
[2025-03-06T12:56:19.724+0000] {processor.py:183} INFO - Processing /home/airflow/.local/lib/python3.10/site-packages/airflow/example_dags/example_task_group.py took 0.285 seconds
[2025-03-06T12:57:10.715+0000] {processor.py:161} INFO - Started process (PID=143) to work on /home/airflow/.local/lib/python3.10/site-packages/airflow/example_dags/example_task_group.py
[2025-03-06T12:57:10.719+0000] {processor.py:830} INFO - Processing file /home/airflow/.local/lib/python3.10/site-packages/airflow/example_dags/example_task_group.py for tasks to queue
[2025-03-06T12:57:10.723+0000] {logging_mixin.py:188} INFO - [2025-03-06T12:57:10.722+0000] {dagbag.py:538} INFO - Filling up the DagBag from /home/airflow/.local/lib/python3.10/site-packages/airflow/example_dags/example_task_group.py
[2025-03-06T12:57:10.769+0000] {processor.py:840} INFO - DAG(s) 'example_task_group' retrieved from /home/airflow/.local/lib/python3.10/site-packages/airflow/example_dags/example_task_group.py
[2025-03-06T12:57:10.869+0000] {logging_mixin.py:188} INFO - [2025-03-06T12:57:10.869+0000] {dag.py:3036} INFO - Sync 1 DAGs
[2025-03-06T12:57:10.944+0000] {logging_mixin.py:188} INFO - [2025-03-06T12:57:10.943+0000] {dag.py:3823} INFO - Setting next_dagrun for example_task_group to 2025-03-05 00:00:00+00:00, run_after=2025-03-06 00:00:00+00:00
[2025-03-06T12:57:11.070+0000] {processor.py:183} INFO - Processing /home/airflow/.local/lib/python3.10/site-packages/airflow/example_dags/example_task_group.py took 0.369 seconds
[2025-03-06T12:58:03.077+0000] {processor.py:161} INFO - Started process (PID=172) to work on /home/airflow/.local/lib/python3.10/site-packages/airflow/example_dags/example_task_group.py
[2025-03-06T12:58:03.081+0000] {processor.py:830} INFO - Processing file /home/airflow/.local/lib/python3.10/site-packages/airflow/example_dags/example_task_group.py for tasks to queue
[2025-03-06T12:58:03.084+0000] {logging_mixin.py:188} INFO - [2025-03-06T12:58:03.083+0000] {dagbag.py:538} INFO - Filling up the DagBag from /home/airflow/.local/lib/python3.10/site-packages/airflow/example_dags/example_task_group.py
[2025-03-06T12:58:03.109+0000] {processor.py:840} INFO - DAG(s) 'example_task_group' retrieved from /home/airflow/.local/lib/python3.10/site-packages/airflow/example_dags/example_task_group.py
[2025-03-06T12:58:03.184+0000] {logging_mixin.py:188} INFO - [2025-03-06T12:58:03.183+0000] {dag.py:3036} INFO - Sync 1 DAGs
[2025-03-06T12:58:03.245+0000] {logging_mixin.py:188} INFO - [2025-03-06T12:58:03.244+0000] {dag.py:3823} INFO - Setting next_dagrun for example_task_group to 2025-03-05 00:00:00+00:00, run_after=2025-03-06 00:00:00+00:00
[2025-03-06T12:58:03.367+0000] {processor.py:183} INFO - Processing /home/airflow/.local/lib/python3.10/site-packages/airflow/example_dags/example_task_group.py took 0.298 seconds
[2025-03-06T12:58:46.620+0000] {processor.py:161} INFO - Started process (PID=203) to work on /home/airflow/.local/lib/python3.10/site-packages/airflow/example_dags/example_task_group.py
[2025-03-06T12:58:46.623+0000] {processor.py:830} INFO - Processing file /home/airflow/.local/lib/python3.10/site-packages/airflow/example_dags/example_task_group.py for tasks to queue
[2025-03-06T12:58:46.625+0000] {logging_mixin.py:188} INFO - [2025-03-06T12:58:46.624+0000] {dagbag.py:538} INFO - Filling up the DagBag from /home/airflow/.local/lib/python3.10/site-packages/airflow/example_dags/example_task_group.py
[2025-03-06T12:58:46.645+0000] {processor.py:840} INFO - DAG(s) 'example_task_group' retrieved from /home/airflow/.local/lib/python3.10/site-packages/airflow/example_dags/example_task_group.py
[2025-03-06T12:58:46.697+0000] {logging_mixin.py:188} INFO - [2025-03-06T12:58:46.696+0000] {dag.py:3036} INFO - Sync 1 DAGs
[2025-03-06T12:58:46.753+0000] {logging_mixin.py:188} INFO - [2025-03-06T12:58:46.752+0000] {dag.py:3823} INFO - Setting next_dagrun for example_task_group to 2025-03-05 00:00:00+00:00, run_after=2025-03-06 00:00:00+00:00
[2025-03-06T12:58:46.888+0000] {processor.py:183} INFO - Processing /home/airflow/.local/lib/python3.10/site-packages/airflow/example_dags/example_task_group.py took 0.274 seconds
[2025-03-06T12:59:26.224+0000] {processor.py:161} INFO - Started process (PID=231) to work on /home/airflow/.local/lib/python3.10/site-packages/airflow/example_dags/example_task_group.py
[2025-03-06T12:59:26.226+0000] {processor.py:830} INFO - Processing file /home/airflow/.local/lib/python3.10/site-packages/airflow/example_dags/example_task_group.py for tasks to queue
[2025-03-06T12:59:26.228+0000] {logging_mixin.py:188} INFO - [2025-03-06T12:59:26.228+0000] {dagbag.py:538} INFO - Filling up the DagBag from /home/airflow/.local/lib/python3.10/site-packages/airflow/example_dags/example_task_group.py
[2025-03-06T12:59:26.245+0000] {processor.py:840} INFO - DAG(s) 'example_task_group' retrieved from /home/airflow/.local/lib/python3.10/site-packages/airflow/example_dags/example_task_group.py
[2025-03-06T12:59:26.309+0000] {logging_mixin.py:188} INFO - [2025-03-06T12:59:26.308+0000] {dag.py:3036} INFO - Sync 1 DAGs
[2025-03-06T12:59:26.381+0000] {logging_mixin.py:188} INFO - [2025-03-06T12:59:26.380+0000] {dag.py:3823} INFO - Setting next_dagrun for example_task_group to 2025-03-05 00:00:00+00:00, run_after=2025-03-06 00:00:00+00:00
[2025-03-06T12:59:26.554+0000] {processor.py:183} INFO - Processing /home/airflow/.local/lib/python3.10/site-packages/airflow/example_dags/example_task_group.py took 0.336 seconds
[2025-03-06T13:00:04.725+0000] {processor.py:161} INFO - Started process (PID=259) to work on /home/airflow/.local/lib/python3.10/site-packages/airflow/example_dags/example_task_group.py
[2025-03-06T13:00:04.727+0000] {processor.py:830} INFO - Processing file /home/airflow/.local/lib/python3.10/site-packages/airflow/example_dags/example_task_group.py for tasks to queue
[2025-03-06T13:00:04.729+0000] {logging_mixin.py:188} INFO - [2025-03-06T13:00:04.728+0000] {dagbag.py:538} INFO - Filling up the DagBag from /home/airflow/.local/lib/python3.10/site-packages/airflow/example_dags/example_task_group.py
[2025-03-06T13:00:04.746+0000] {processor.py:840} INFO - DAG(s) 'example_task_group' retrieved from /home/airflow/.local/lib/python3.10/site-packages/airflow/example_dags/example_task_group.py
[2025-03-06T13:00:04.795+0000] {logging_mixin.py:188} INFO - [2025-03-06T13:00:04.795+0000] {dag.py:3036} INFO - Sync 1 DAGs
[2025-03-06T13:00:04.845+0000] {logging_mixin.py:188} INFO - [2025-03-06T13:00:04.844+0000] {dag.py:3823} INFO - Setting next_dagrun for example_task_group to 2025-03-05 00:00:00+00:00, run_after=2025-03-06 00:00:00+00:00
[2025-03-06T13:00:04.988+0000] {processor.py:183} INFO - Processing /home/airflow/.local/lib/python3.10/site-packages/airflow/example_dags/example_task_group.py took 0.270 seconds
[2025-03-06T13:00:48.005+0000] {processor.py:161} INFO - Started process (PID=286) to work on /home/airflow/.local/lib/python3.10/site-packages/airflow/example_dags/example_task_group.py
[2025-03-06T13:00:48.008+0000] {processor.py:830} INFO - Processing file /home/airflow/.local/lib/python3.10/site-packages/airflow/example_dags/example_task_group.py for tasks to queue
[2025-03-06T13:00:48.010+0000] {logging_mixin.py:188} INFO - [2025-03-06T13:00:48.010+0000] {dagbag.py:538} INFO - Filling up the DagBag from /home/airflow/.local/lib/python3.10/site-packages/airflow/example_dags/example_task_group.py
[2025-03-06T13:00:48.031+0000] {processor.py:840} INFO - DAG(s) 'example_task_group' retrieved from /home/airflow/.local/lib/python3.10/site-packages/airflow/example_dags/example_task_group.py
[2025-03-06T13:00:48.083+0000] {logging_mixin.py:188} INFO - [2025-03-06T13:00:48.083+0000] {dag.py:3036} INFO - Sync 1 DAGs
[2025-03-06T13:00:48.137+0000] {logging_mixin.py:188} INFO - [2025-03-06T13:00:48.137+0000] {dag.py:3823} INFO - Setting next_dagrun for example_task_group to 2025-03-05 00:00:00+00:00, run_after=2025-03-06 00:00:00+00:00
[2025-03-06T13:00:48.262+0000] {processor.py:183} INFO - Processing /home/airflow/.local/lib/python3.10/site-packages/airflow/example_dags/example_task_group.py took 0.262 seconds
[2025-03-06T13:01:27.709+0000] {processor.py:161} INFO - Started process (PID=316) to work on /home/airflow/.local/lib/python3.10/site-packages/airflow/example_dags/example_task_group.py
[2025-03-06T13:01:27.712+0000] {processor.py:830} INFO - Processing file /home/airflow/.local/lib/python3.10/site-packages/airflow/example_dags/example_task_group.py for tasks to queue
[2025-03-06T13:01:27.714+0000] {logging_mixin.py:188} INFO - [2025-03-06T13:01:27.714+0000] {dagbag.py:538} INFO - Filling up the DagBag from /home/airflow/.local/lib/python3.10/site-packages/airflow/example_dags/example_task_group.py
[2025-03-06T13:01:27.741+0000] {processor.py:840} INFO - DAG(s) 'example_task_group' retrieved from /home/airflow/.local/lib/python3.10/site-packages/airflow/example_dags/example_task_group.py
[2025-03-06T13:01:27.816+0000] {logging_mixin.py:188} INFO - [2025-03-06T13:01:27.816+0000] {dag.py:3036} INFO - Sync 1 DAGs
[2025-03-06T13:01:27.876+0000] {logging_mixin.py:188} INFO - [2025-03-06T13:01:27.876+0000] {dag.py:3823} INFO - Setting next_dagrun for example_task_group to 2025-03-05 00:00:00+00:00, run_after=2025-03-06 00:00:00+00:00
[2025-03-06T13:01:28.003+0000] {processor.py:183} INFO - Processing /home/airflow/.local/lib/python3.10/site-packages/airflow/example_dags/example_task_group.py took 0.302 seconds
[2025-03-06T13:02:44.719+0000] {processor.py:161} INFO - Started process (PID=32) to work on /home/airflow/.local/lib/python3.10/site-packages/airflow/example_dags/example_task_group.py
[2025-03-06T13:02:44.721+0000] {processor.py:830} INFO - Processing file /home/airflow/.local/lib/python3.10/site-packages/airflow/example_dags/example_task_group.py for tasks to queue
[2025-03-06T13:02:44.726+0000] {logging_mixin.py:188} INFO - [2025-03-06T13:02:44.723+0000] {dagbag.py:538} INFO - Filling up the DagBag from /home/airflow/.local/lib/python3.10/site-packages/airflow/example_dags/example_task_group.py
[2025-03-06T13:02:44.762+0000] {processor.py:840} INFO - DAG(s) 'example_task_group' retrieved from /home/airflow/.local/lib/python3.10/site-packages/airflow/example_dags/example_task_group.py
[2025-03-06T13:02:44.847+0000] {logging_mixin.py:188} INFO - [2025-03-06T13:02:44.847+0000] {dag.py:3036} INFO - Sync 1 DAGs
[2025-03-06T13:02:44.927+0000] {logging_mixin.py:188} INFO - [2025-03-06T13:02:44.925+0000] {dag.py:3823} INFO - Setting next_dagrun for example_task_group to 2025-03-05 00:00:00+00:00, run_after=2025-03-06 00:00:00+00:00
[2025-03-06T13:02:45.083+0000] {processor.py:183} INFO - Processing /home/airflow/.local/lib/python3.10/site-packages/airflow/example_dags/example_task_group.py took 0.370 seconds
[2025-03-06T13:03:37.121+0000] {processor.py:161} INFO - Started process (PID=32) to work on /home/airflow/.local/lib/python3.10/site-packages/airflow/example_dags/example_task_group.py
[2025-03-06T13:03:37.132+0000] {processor.py:830} INFO - Processing file /home/airflow/.local/lib/python3.10/site-packages/airflow/example_dags/example_task_group.py for tasks to queue
[2025-03-06T13:03:37.146+0000] {logging_mixin.py:188} INFO - [2025-03-06T13:03:37.145+0000] {dagbag.py:538} INFO - Filling up the DagBag from /home/airflow/.local/lib/python3.10/site-packages/airflow/example_dags/example_task_group.py
[2025-03-06T13:03:37.191+0000] {processor.py:840} INFO - DAG(s) 'example_task_group' retrieved from /home/airflow/.local/lib/python3.10/site-packages/airflow/example_dags/example_task_group.py
[2025-03-06T13:03:37.297+0000] {logging_mixin.py:188} INFO - [2025-03-06T13:03:37.297+0000] {dag.py:3036} INFO - Sync 1 DAGs
[2025-03-06T13:03:37.366+0000] {logging_mixin.py:188} INFO - [2025-03-06T13:03:37.366+0000] {dag.py:3823} INFO - Setting next_dagrun for example_task_group to 2025-03-05 00:00:00+00:00, run_after=2025-03-06 00:00:00+00:00
[2025-03-06T13:03:37.538+0000] {processor.py:183} INFO - Processing /home/airflow/.local/lib/python3.10/site-packages/airflow/example_dags/example_task_group.py took 0.424 seconds
[2025-03-06T13:05:04.946+0000] {processor.py:161} INFO - Started process (PID=81) to work on /home/airflow/.local/lib/python3.10/site-packages/airflow/example_dags/example_task_group.py
[2025-03-06T13:05:04.953+0000] {processor.py:830} INFO - Processing file /home/airflow/.local/lib/python3.10/site-packages/airflow/example_dags/example_task_group.py for tasks to queue
[2025-03-06T13:05:04.957+0000] {logging_mixin.py:188} INFO - [2025-03-06T13:05:04.956+0000] {dagbag.py:538} INFO - Filling up the DagBag from /home/airflow/.local/lib/python3.10/site-packages/airflow/example_dags/example_task_group.py
[2025-03-06T13:05:05.001+0000] {processor.py:840} INFO - DAG(s) 'example_task_group' retrieved from /home/airflow/.local/lib/python3.10/site-packages/airflow/example_dags/example_task_group.py
[2025-03-06T13:05:05.066+0000] {logging_mixin.py:188} INFO - [2025-03-06T13:05:05.066+0000] {dag.py:3036} INFO - Sync 1 DAGs
[2025-03-06T13:05:05.123+0000] {logging_mixin.py:188} INFO - [2025-03-06T13:05:05.122+0000] {dag.py:3823} INFO - Setting next_dagrun for example_task_group to 2025-03-05 00:00:00+00:00, run_after=2025-03-06 00:00:00+00:00
[2025-03-06T13:05:05.285+0000] {processor.py:183} INFO - Processing /home/airflow/.local/lib/python3.10/site-packages/airflow/example_dags/example_task_group.py took 0.348 seconds
[2025-03-06T13:05:53.611+0000] {processor.py:161} INFO - Started process (PID=110) to work on /home/airflow/.local/lib/python3.10/site-packages/airflow/example_dags/example_task_group.py
[2025-03-06T13:05:53.614+0000] {processor.py:830} INFO - Processing file /home/airflow/.local/lib/python3.10/site-packages/airflow/example_dags/example_task_group.py for tasks to queue
[2025-03-06T13:05:53.617+0000] {logging_mixin.py:188} INFO - [2025-03-06T13:05:53.616+0000] {dagbag.py:538} INFO - Filling up the DagBag from /home/airflow/.local/lib/python3.10/site-packages/airflow/example_dags/example_task_group.py
[2025-03-06T13:05:53.646+0000] {processor.py:840} INFO - DAG(s) 'example_task_group' retrieved from /home/airflow/.local/lib/python3.10/site-packages/airflow/example_dags/example_task_group.py
[2025-03-06T13:05:53.704+0000] {logging_mixin.py:188} INFO - [2025-03-06T13:05:53.704+0000] {dag.py:3036} INFO - Sync 1 DAGs
[2025-03-06T13:05:53.753+0000] {logging_mixin.py:188} INFO - [2025-03-06T13:05:53.752+0000] {dag.py:3823} INFO - Setting next_dagrun for example_task_group to 2025-03-05 00:00:00+00:00, run_after=2025-03-06 00:00:00+00:00
[2025-03-06T13:05:53.887+0000] {processor.py:183} INFO - Processing /home/airflow/.local/lib/python3.10/site-packages/airflow/example_dags/example_task_group.py took 0.287 seconds
[2025-03-06T13:06:41.675+0000] {processor.py:161} INFO - Started process (PID=142) to work on /home/airflow/.local/lib/python3.10/site-packages/airflow/example_dags/example_task_group.py
[2025-03-06T13:06:41.677+0000] {processor.py:830} INFO - Processing file /home/airflow/.local/lib/python3.10/site-packages/airflow/example_dags/example_task_group.py for tasks to queue
[2025-03-06T13:06:41.679+0000] {logging_mixin.py:188} INFO - [2025-03-06T13:06:41.678+0000] {dagbag.py:538} INFO - Filling up the DagBag from /home/airflow/.local/lib/python3.10/site-packages/airflow/example_dags/example_task_group.py
[2025-03-06T13:06:41.699+0000] {processor.py:840} INFO - DAG(s) 'example_task_group' retrieved from /home/airflow/.local/lib/python3.10/site-packages/airflow/example_dags/example_task_group.py
[2025-03-06T13:06:41.764+0000] {logging_mixin.py:188} INFO - [2025-03-06T13:06:41.763+0000] {dag.py:3036} INFO - Sync 1 DAGs
[2025-03-06T13:06:41.828+0000] {logging_mixin.py:188} INFO - [2025-03-06T13:06:41.827+0000] {dag.py:3823} INFO - Setting next_dagrun for example_task_group to 2025-03-05 00:00:00+00:00, run_after=2025-03-06 00:00:00+00:00
[2025-03-06T13:06:41.989+0000] {processor.py:183} INFO - Processing /home/airflow/.local/lib/python3.10/site-packages/airflow/example_dags/example_task_group.py took 0.323 seconds
[2025-03-06T13:07:37.544+0000] {processor.py:161} INFO - Started process (PID=172) to work on /home/airflow/.local/lib/python3.10/site-packages/airflow/example_dags/example_task_group.py
[2025-03-06T13:07:37.546+0000] {processor.py:830} INFO - Processing file /home/airflow/.local/lib/python3.10/site-packages/airflow/example_dags/example_task_group.py for tasks to queue
[2025-03-06T13:07:37.548+0000] {logging_mixin.py:188} INFO - [2025-03-06T13:07:37.548+0000] {dagbag.py:538} INFO - Filling up the DagBag from /home/airflow/.local/lib/python3.10/site-packages/airflow/example_dags/example_task_group.py
[2025-03-06T13:07:37.566+0000] {processor.py:840} INFO - DAG(s) 'example_task_group' retrieved from /home/airflow/.local/lib/python3.10/site-packages/airflow/example_dags/example_task_group.py
[2025-03-06T13:07:37.623+0000] {logging_mixin.py:188} INFO - [2025-03-06T13:07:37.623+0000] {dag.py:3036} INFO - Sync 1 DAGs
[2025-03-06T13:07:37.679+0000] {logging_mixin.py:188} INFO - [2025-03-06T13:07:37.679+0000] {dag.py:3823} INFO - Setting next_dagrun for example_task_group to 2025-03-05 00:00:00+00:00, run_after=2025-03-06 00:00:00+00:00
[2025-03-06T13:07:37.814+0000] {processor.py:183} INFO - Processing /home/airflow/.local/lib/python3.10/site-packages/airflow/example_dags/example_task_group.py took 0.275 seconds
[2025-03-06T13:08:26.390+0000] {processor.py:161} INFO - Started process (PID=206) to work on /home/airflow/.local/lib/python3.10/site-packages/airflow/example_dags/example_task_group.py
[2025-03-06T13:08:26.394+0000] {processor.py:830} INFO - Processing file /home/airflow/.local/lib/python3.10/site-packages/airflow/example_dags/example_task_group.py for tasks to queue
[2025-03-06T13:08:26.397+0000] {logging_mixin.py:188} INFO - [2025-03-06T13:08:26.396+0000] {dagbag.py:538} INFO - Filling up the DagBag from /home/airflow/.local/lib/python3.10/site-packages/airflow/example_dags/example_task_group.py
[2025-03-06T13:08:26.426+0000] {processor.py:840} INFO - DAG(s) 'example_task_group' retrieved from /home/airflow/.local/lib/python3.10/site-packages/airflow/example_dags/example_task_group.py
[2025-03-06T13:08:26.536+0000] {logging_mixin.py:188} INFO - [2025-03-06T13:08:26.535+0000] {dag.py:3036} INFO - Sync 1 DAGs
[2025-03-06T13:08:26.636+0000] {logging_mixin.py:188} INFO - [2025-03-06T13:08:26.635+0000] {dag.py:3823} INFO - Setting next_dagrun for example_task_group to 2025-03-05 00:00:00+00:00, run_after=2025-03-06 00:00:00+00:00
[2025-03-06T13:08:26.814+0000] {processor.py:183} INFO - Processing /home/airflow/.local/lib/python3.10/site-packages/airflow/example_dags/example_task_group.py took 0.436 seconds
[2025-03-06T13:09:09.404+0000] {processor.py:161} INFO - Started process (PID=233) to work on /home/airflow/.local/lib/python3.10/site-packages/airflow/example_dags/example_task_group.py
[2025-03-06T13:09:09.408+0000] {processor.py:830} INFO - Processing file /home/airflow/.local/lib/python3.10/site-packages/airflow/example_dags/example_task_group.py for tasks to queue
[2025-03-06T13:09:09.411+0000] {logging_mixin.py:188} INFO - [2025-03-06T13:09:09.410+0000] {dagbag.py:538} INFO - Filling up the DagBag from /home/airflow/.local/lib/python3.10/site-packages/airflow/example_dags/example_task_group.py
[2025-03-06T13:09:09.450+0000] {processor.py:840} INFO - DAG(s) 'example_task_group' retrieved from /home/airflow/.local/lib/python3.10/site-packages/airflow/example_dags/example_task_group.py
[2025-03-06T13:09:09.550+0000] {logging_mixin.py:188} INFO - [2025-03-06T13:09:09.549+0000] {dag.py:3036} INFO - Sync 1 DAGs
[2025-03-06T13:09:09.630+0000] {logging_mixin.py:188} INFO - [2025-03-06T13:09:09.630+0000] {dag.py:3823} INFO - Setting next_dagrun for example_task_group to 2025-03-05 00:00:00+00:00, run_after=2025-03-06 00:00:00+00:00
[2025-03-06T13:09:09.793+0000] {processor.py:183} INFO - Processing /home/airflow/.local/lib/python3.10/site-packages/airflow/example_dags/example_task_group.py took 0.395 seconds
[2025-03-06T13:09:55.812+0000] {processor.py:161} INFO - Started process (PID=264) to work on /home/airflow/.local/lib/python3.10/site-packages/airflow/example_dags/example_task_group.py
[2025-03-06T13:09:55.815+0000] {processor.py:830} INFO - Processing file /home/airflow/.local/lib/python3.10/site-packages/airflow/example_dags/example_task_group.py for tasks to queue
[2025-03-06T13:09:55.817+0000] {logging_mixin.py:188} INFO - [2025-03-06T13:09:55.817+0000] {dagbag.py:538} INFO - Filling up the DagBag from /home/airflow/.local/lib/python3.10/site-packages/airflow/example_dags/example_task_group.py
[2025-03-06T13:09:55.844+0000] {processor.py:840} INFO - DAG(s) 'example_task_group' retrieved from /home/airflow/.local/lib/python3.10/site-packages/airflow/example_dags/example_task_group.py
[2025-03-06T13:09:55.938+0000] {logging_mixin.py:188} INFO - [2025-03-06T13:09:55.937+0000] {dag.py:3036} INFO - Sync 1 DAGs
[2025-03-06T13:09:56.008+0000] {logging_mixin.py:188} INFO - [2025-03-06T13:09:56.008+0000] {dag.py:3823} INFO - Setting next_dagrun for example_task_group to 2025-03-05 00:00:00+00:00, run_after=2025-03-06 00:00:00+00:00
[2025-03-06T13:09:56.164+0000] {processor.py:183} INFO - Processing /home/airflow/.local/lib/python3.10/site-packages/airflow/example_dags/example_task_group.py took 0.363 seconds
[2025-03-06T13:10:40.970+0000] {processor.py:161} INFO - Started process (PID=291) to work on /home/airflow/.local/lib/python3.10/site-packages/airflow/example_dags/example_task_group.py
[2025-03-06T13:10:40.973+0000] {processor.py:830} INFO - Processing file /home/airflow/.local/lib/python3.10/site-packages/airflow/example_dags/example_task_group.py for tasks to queue
[2025-03-06T13:10:40.980+0000] {logging_mixin.py:188} INFO - [2025-03-06T13:10:40.976+0000] {dagbag.py:538} INFO - Filling up the DagBag from /home/airflow/.local/lib/python3.10/site-packages/airflow/example_dags/example_task_group.py
[2025-03-06T13:10:41.016+0000] {processor.py:840} INFO - DAG(s) 'example_task_group' retrieved from /home/airflow/.local/lib/python3.10/site-packages/airflow/example_dags/example_task_group.py
[2025-03-06T13:10:41.593+0000] {logging_mixin.py:188} INFO - [2025-03-06T13:10:41.593+0000] {dag.py:3036} INFO - Sync 1 DAGs
[2025-03-06T13:10:41.830+0000] {logging_mixin.py:188} INFO - [2025-03-06T13:10:41.829+0000] {dag.py:3823} INFO - Setting next_dagrun for example_task_group to 2025-03-05 00:00:00+00:00, run_after=2025-03-06 00:00:00+00:00
[2025-03-06T13:10:42.043+0000] {processor.py:183} INFO - Processing /home/airflow/.local/lib/python3.10/site-packages/airflow/example_dags/example_task_group.py took 1.080 seconds
[2025-03-06T13:11:21.584+0000] {processor.py:161} INFO - Started process (PID=32) to work on /home/airflow/.local/lib/python3.10/site-packages/airflow/example_dags/example_task_group.py
[2025-03-06T13:11:21.586+0000] {processor.py:830} INFO - Processing file /home/airflow/.local/lib/python3.10/site-packages/airflow/example_dags/example_task_group.py for tasks to queue
[2025-03-06T13:11:21.588+0000] {logging_mixin.py:188} INFO - [2025-03-06T13:11:21.587+0000] {dagbag.py:538} INFO - Filling up the DagBag from /home/airflow/.local/lib/python3.10/site-packages/airflow/example_dags/example_task_group.py
[2025-03-06T13:11:21.610+0000] {processor.py:840} INFO - DAG(s) 'example_task_group' retrieved from /home/airflow/.local/lib/python3.10/site-packages/airflow/example_dags/example_task_group.py
[2025-03-06T13:11:21.661+0000] {logging_mixin.py:188} INFO - [2025-03-06T13:11:21.661+0000] {dag.py:3036} INFO - Sync 1 DAGs
[2025-03-06T13:11:21.708+0000] {logging_mixin.py:188} INFO - [2025-03-06T13:11:21.707+0000] {dag.py:3823} INFO - Setting next_dagrun for example_task_group to 2025-03-05 00:00:00+00:00, run_after=2025-03-06 00:00:00+00:00
[2025-03-06T13:11:21.834+0000] {processor.py:183} INFO - Processing /home/airflow/.local/lib/python3.10/site-packages/airflow/example_dags/example_task_group.py took 0.256 seconds
[2025-03-06T13:12:46.545+0000] {processor.py:161} INFO - Started process (PID=81) to work on /home/airflow/.local/lib/python3.10/site-packages/airflow/example_dags/example_task_group.py
[2025-03-06T13:12:46.554+0000] {processor.py:830} INFO - Processing file /home/airflow/.local/lib/python3.10/site-packages/airflow/example_dags/example_task_group.py for tasks to queue
[2025-03-06T13:12:46.557+0000] {logging_mixin.py:188} INFO - [2025-03-06T13:12:46.556+0000] {dagbag.py:538} INFO - Filling up the DagBag from /home/airflow/.local/lib/python3.10/site-packages/airflow/example_dags/example_task_group.py
[2025-03-06T13:12:46.580+0000] {processor.py:840} INFO - DAG(s) 'example_task_group' retrieved from /home/airflow/.local/lib/python3.10/site-packages/airflow/example_dags/example_task_group.py
[2025-03-06T13:12:46.659+0000] {logging_mixin.py:188} INFO - [2025-03-06T13:12:46.658+0000] {dag.py:3036} INFO - Sync 1 DAGs
[2025-03-06T13:12:46.727+0000] {logging_mixin.py:188} INFO - [2025-03-06T13:12:46.727+0000] {dag.py:3823} INFO - Setting next_dagrun for example_task_group to 2025-03-05 00:00:00+00:00, run_after=2025-03-06 00:00:00+00:00
[2025-03-06T13:12:46.866+0000] {processor.py:183} INFO - Processing /home/airflow/.local/lib/python3.10/site-packages/airflow/example_dags/example_task_group.py took 0.328 seconds
[2025-03-06T13:13:40.372+0000] {processor.py:161} INFO - Started process (PID=115) to work on /home/airflow/.local/lib/python3.10/site-packages/airflow/example_dags/example_task_group.py
[2025-03-06T13:13:40.374+0000] {processor.py:830} INFO - Processing file /home/airflow/.local/lib/python3.10/site-packages/airflow/example_dags/example_task_group.py for tasks to queue
[2025-03-06T13:13:40.376+0000] {logging_mixin.py:188} INFO - [2025-03-06T13:13:40.376+0000] {dagbag.py:538} INFO - Filling up the DagBag from /home/airflow/.local/lib/python3.10/site-packages/airflow/example_dags/example_task_group.py
[2025-03-06T13:13:40.401+0000] {processor.py:840} INFO - DAG(s) 'example_task_group' retrieved from /home/airflow/.local/lib/python3.10/site-packages/airflow/example_dags/example_task_group.py
[2025-03-06T13:13:40.458+0000] {logging_mixin.py:188} INFO - [2025-03-06T13:13:40.458+0000] {dag.py:3036} INFO - Sync 1 DAGs
[2025-03-06T13:13:40.519+0000] {logging_mixin.py:188} INFO - [2025-03-06T13:13:40.518+0000] {dag.py:3823} INFO - Setting next_dagrun for example_task_group to 2025-03-05 00:00:00+00:00, run_after=2025-03-06 00:00:00+00:00
[2025-03-06T13:13:40.670+0000] {processor.py:183} INFO - Processing /home/airflow/.local/lib/python3.10/site-packages/airflow/example_dags/example_task_group.py took 0.305 seconds
[2025-03-06T13:14:27.998+0000] {processor.py:161} INFO - Started process (PID=145) to work on /home/airflow/.local/lib/python3.10/site-packages/airflow/example_dags/example_task_group.py
[2025-03-06T13:14:28.009+0000] {processor.py:830} INFO - Processing file /home/airflow/.local/lib/python3.10/site-packages/airflow/example_dags/example_task_group.py for tasks to queue
[2025-03-06T13:14:28.012+0000] {logging_mixin.py:188} INFO - [2025-03-06T13:14:28.011+0000] {dagbag.py:538} INFO - Filling up the DagBag from /home/airflow/.local/lib/python3.10/site-packages/airflow/example_dags/example_task_group.py
[2025-03-06T13:14:28.030+0000] {processor.py:840} INFO - DAG(s) 'example_task_group' retrieved from /home/airflow/.local/lib/python3.10/site-packages/airflow/example_dags/example_task_group.py
[2025-03-06T13:14:28.091+0000] {logging_mixin.py:188} INFO - [2025-03-06T13:14:28.090+0000] {dag.py:3036} INFO - Sync 1 DAGs
[2025-03-06T13:14:28.147+0000] {logging_mixin.py:188} INFO - [2025-03-06T13:14:28.146+0000] {dag.py:3823} INFO - Setting next_dagrun for example_task_group to 2025-03-05 00:00:00+00:00, run_after=2025-03-06 00:00:00+00:00
[2025-03-06T13:14:28.282+0000] {processor.py:183} INFO - Processing /home/airflow/.local/lib/python3.10/site-packages/airflow/example_dags/example_task_group.py took 0.292 seconds
[2025-03-06T13:15:18.561+0000] {processor.py:161} INFO - Started process (PID=175) to work on /home/airflow/.local/lib/python3.10/site-packages/airflow/example_dags/example_task_group.py
[2025-03-06T13:15:18.563+0000] {processor.py:830} INFO - Processing file /home/airflow/.local/lib/python3.10/site-packages/airflow/example_dags/example_task_group.py for tasks to queue
[2025-03-06T13:15:18.566+0000] {logging_mixin.py:188} INFO - [2025-03-06T13:15:18.566+0000] {dagbag.py:538} INFO - Filling up the DagBag from /home/airflow/.local/lib/python3.10/site-packages/airflow/example_dags/example_task_group.py
[2025-03-06T13:15:18.581+0000] {processor.py:840} INFO - DAG(s) 'example_task_group' retrieved from /home/airflow/.local/lib/python3.10/site-packages/airflow/example_dags/example_task_group.py
[2025-03-06T13:15:18.625+0000] {logging_mixin.py:188} INFO - [2025-03-06T13:15:18.625+0000] {dag.py:3036} INFO - Sync 1 DAGs
[2025-03-06T13:15:18.672+0000] {logging_mixin.py:188} INFO - [2025-03-06T13:15:18.672+0000] {dag.py:3823} INFO - Setting next_dagrun for example_task_group to 2025-03-05 00:00:00+00:00, run_after=2025-03-06 00:00:00+00:00
[2025-03-06T13:15:18.844+0000] {processor.py:183} INFO - Processing /home/airflow/.local/lib/python3.10/site-packages/airflow/example_dags/example_task_group.py took 0.300 seconds
[2025-03-06T13:16:07.438+0000] {processor.py:161} INFO - Started process (PID=207) to work on /home/airflow/.local/lib/python3.10/site-packages/airflow/example_dags/example_task_group.py
[2025-03-06T13:16:07.443+0000] {processor.py:830} INFO - Processing file /home/airflow/.local/lib/python3.10/site-packages/airflow/example_dags/example_task_group.py for tasks to queue
[2025-03-06T13:16:07.449+0000] {logging_mixin.py:188} INFO - [2025-03-06T13:16:07.447+0000] {dagbag.py:538} INFO - Filling up the DagBag from /home/airflow/.local/lib/python3.10/site-packages/airflow/example_dags/example_task_group.py
[2025-03-06T13:16:07.491+0000] {processor.py:840} INFO - DAG(s) 'example_task_group' retrieved from /home/airflow/.local/lib/python3.10/site-packages/airflow/example_dags/example_task_group.py
[2025-03-06T13:16:07.622+0000] {logging_mixin.py:188} INFO - [2025-03-06T13:16:07.621+0000] {dag.py:3036} INFO - Sync 1 DAGs
[2025-03-06T13:16:07.709+0000] {logging_mixin.py:188} INFO - [2025-03-06T13:16:07.709+0000] {dag.py:3823} INFO - Setting next_dagrun for example_task_group to 2025-03-05 00:00:00+00:00, run_after=2025-03-06 00:00:00+00:00
[2025-03-06T13:16:07.853+0000] {processor.py:183} INFO - Processing /home/airflow/.local/lib/python3.10/site-packages/airflow/example_dags/example_task_group.py took 0.433 seconds
[2025-03-06T13:16:58.784+0000] {processor.py:161} INFO - Started process (PID=236) to work on /home/airflow/.local/lib/python3.10/site-packages/airflow/example_dags/example_task_group.py
[2025-03-06T13:16:58.789+0000] {processor.py:830} INFO - Processing file /home/airflow/.local/lib/python3.10/site-packages/airflow/example_dags/example_task_group.py for tasks to queue
[2025-03-06T13:16:58.799+0000] {logging_mixin.py:188} INFO - [2025-03-06T13:16:58.797+0000] {dagbag.py:538} INFO - Filling up the DagBag from /home/airflow/.local/lib/python3.10/site-packages/airflow/example_dags/example_task_group.py
[2025-03-06T13:16:58.850+0000] {processor.py:840} INFO - DAG(s) 'example_task_group' retrieved from /home/airflow/.local/lib/python3.10/site-packages/airflow/example_dags/example_task_group.py
[2025-03-06T13:16:58.966+0000] {logging_mixin.py:188} INFO - [2025-03-06T13:16:58.965+0000] {dag.py:3036} INFO - Sync 1 DAGs
[2025-03-06T13:16:59.032+0000] {logging_mixin.py:188} INFO - [2025-03-06T13:16:59.031+0000] {dag.py:3823} INFO - Setting next_dagrun for example_task_group to 2025-03-05 00:00:00+00:00, run_after=2025-03-06 00:00:00+00:00
[2025-03-06T13:16:59.171+0000] {processor.py:183} INFO - Processing /home/airflow/.local/lib/python3.10/site-packages/airflow/example_dags/example_task_group.py took 0.400 seconds
[2025-03-06T13:18:00.170+0000] {processor.py:161} INFO - Started process (PID=269) to work on /home/airflow/.local/lib/python3.10/site-packages/airflow/example_dags/example_task_group.py
[2025-03-06T13:18:00.186+0000] {processor.py:830} INFO - Processing file /home/airflow/.local/lib/python3.10/site-packages/airflow/example_dags/example_task_group.py for tasks to queue
[2025-03-06T13:18:00.191+0000] {logging_mixin.py:188} INFO - [2025-03-06T13:18:00.190+0000] {dagbag.py:538} INFO - Filling up the DagBag from /home/airflow/.local/lib/python3.10/site-packages/airflow/example_dags/example_task_group.py
[2025-03-06T13:18:00.222+0000] {processor.py:840} INFO - DAG(s) 'example_task_group' retrieved from /home/airflow/.local/lib/python3.10/site-packages/airflow/example_dags/example_task_group.py
[2025-03-06T13:18:00.390+0000] {logging_mixin.py:188} INFO - [2025-03-06T13:18:00.389+0000] {dag.py:3036} INFO - Sync 1 DAGs
[2025-03-06T13:18:00.492+0000] {logging_mixin.py:188} INFO - [2025-03-06T13:18:00.491+0000] {dag.py:3823} INFO - Setting next_dagrun for example_task_group to 2025-03-05 00:00:00+00:00, run_after=2025-03-06 00:00:00+00:00
[2025-03-06T13:18:00.658+0000] {processor.py:183} INFO - Processing /home/airflow/.local/lib/python3.10/site-packages/airflow/example_dags/example_task_group.py took 0.504 seconds
