[2025-03-06T12:54:23.112+0000] {processor.py:161} INFO - Started process (PID=44) to work on /home/airflow/.local/lib/python3.10/site-packages/airflow/example_dags/example_latest_only_with_trigger.py
[2025-03-06T12:54:23.114+0000] {processor.py:830} INFO - Processing file /home/airflow/.local/lib/python3.10/site-packages/airflow/example_dags/example_latest_only_with_trigger.py for tasks to queue
[2025-03-06T12:54:23.116+0000] {logging_mixin.py:188} INFO - [2025-03-06T12:54:23.115+0000] {dagbag.py:538} INFO - Filling up the DagBag from /home/airflow/.local/lib/python3.10/site-packages/airflow/example_dags/example_latest_only_with_trigger.py
[2025-03-06T12:54:23.131+0000] {processor.py:840} INFO - DAG(s) 'latest_only_with_trigger' retrieved from /home/airflow/.local/lib/python3.10/site-packages/airflow/example_dags/example_latest_only_with_trigger.py
[2025-03-06T12:54:23.506+0000] {logging_mixin.py:188} INFO - [2025-03-06T12:54:23.505+0000] {dag.py:3036} INFO - Sync 1 DAGs
[2025-03-06T12:54:23.589+0000] {logging_mixin.py:188} INFO - [2025-03-06T12:54:23.588+0000] {dag.py:3823} INFO - Setting next_dagrun for latest_only_with_trigger to 2025-03-06 08:00:00+00:00, run_after=2025-03-06 12:00:00+00:00
[2025-03-06T12:54:23.806+0000] {processor.py:183} INFO - Processing /home/airflow/.local/lib/python3.10/site-packages/airflow/example_dags/example_latest_only_with_trigger.py took 0.699 seconds
[2025-03-06T12:55:48.429+0000] {processor.py:161} INFO - Started process (PID=93) to work on /home/airflow/.local/lib/python3.10/site-packages/airflow/example_dags/example_latest_only_with_trigger.py
[2025-03-06T12:55:48.432+0000] {processor.py:830} INFO - Processing file /home/airflow/.local/lib/python3.10/site-packages/airflow/example_dags/example_latest_only_with_trigger.py for tasks to queue
[2025-03-06T12:55:48.434+0000] {logging_mixin.py:188} INFO - [2025-03-06T12:55:48.433+0000] {dagbag.py:538} INFO - Filling up the DagBag from /home/airflow/.local/lib/python3.10/site-packages/airflow/example_dags/example_latest_only_with_trigger.py
[2025-03-06T12:55:48.451+0000] {processor.py:840} INFO - DAG(s) 'latest_only_with_trigger' retrieved from /home/airflow/.local/lib/python3.10/site-packages/airflow/example_dags/example_latest_only_with_trigger.py
[2025-03-06T12:55:48.516+0000] {logging_mixin.py:188} INFO - [2025-03-06T12:55:48.515+0000] {dag.py:3036} INFO - Sync 1 DAGs
[2025-03-06T12:55:48.583+0000] {logging_mixin.py:188} INFO - [2025-03-06T12:55:48.583+0000] {dag.py:3823} INFO - Setting next_dagrun for latest_only_with_trigger to 2025-03-06 08:00:00+00:00, run_after=2025-03-06 12:00:00+00:00
[2025-03-06T12:55:48.720+0000] {processor.py:183} INFO - Processing /home/airflow/.local/lib/python3.10/site-packages/airflow/example_dags/example_latest_only_with_trigger.py took 0.298 seconds
[2025-03-06T12:57:34.938+0000] {processor.py:161} INFO - Started process (PID=154) to work on /home/airflow/.local/lib/python3.10/site-packages/airflow/example_dags/example_latest_only_with_trigger.py
[2025-03-06T12:57:34.945+0000] {processor.py:830} INFO - Processing file /home/airflow/.local/lib/python3.10/site-packages/airflow/example_dags/example_latest_only_with_trigger.py for tasks to queue
[2025-03-06T12:57:34.947+0000] {logging_mixin.py:188} INFO - [2025-03-06T12:57:34.947+0000] {dagbag.py:538} INFO - Filling up the DagBag from /home/airflow/.local/lib/python3.10/site-packages/airflow/example_dags/example_latest_only_with_trigger.py
[2025-03-06T12:57:34.971+0000] {processor.py:840} INFO - DAG(s) 'latest_only_with_trigger' retrieved from /home/airflow/.local/lib/python3.10/site-packages/airflow/example_dags/example_latest_only_with_trigger.py
[2025-03-06T12:57:35.036+0000] {logging_mixin.py:188} INFO - [2025-03-06T12:57:35.035+0000] {dag.py:3036} INFO - Sync 1 DAGs
[2025-03-06T12:57:35.130+0000] {logging_mixin.py:188} INFO - [2025-03-06T12:57:35.129+0000] {dag.py:3823} INFO - Setting next_dagrun for latest_only_with_trigger to 2025-03-06 08:00:00+00:00, run_after=2025-03-06 12:00:00+00:00
[2025-03-06T12:57:35.328+0000] {processor.py:183} INFO - Processing /home/airflow/.local/lib/python3.10/site-packages/airflow/example_dags/example_latest_only_with_trigger.py took 0.399 seconds
[2025-03-06T12:58:59.674+0000] {processor.py:161} INFO - Started process (PID=213) to work on /home/airflow/.local/lib/python3.10/site-packages/airflow/example_dags/example_latest_only_with_trigger.py
[2025-03-06T12:58:59.677+0000] {processor.py:830} INFO - Processing file /home/airflow/.local/lib/python3.10/site-packages/airflow/example_dags/example_latest_only_with_trigger.py for tasks to queue
[2025-03-06T12:58:59.679+0000] {logging_mixin.py:188} INFO - [2025-03-06T12:58:59.678+0000] {dagbag.py:538} INFO - Filling up the DagBag from /home/airflow/.local/lib/python3.10/site-packages/airflow/example_dags/example_latest_only_with_trigger.py
[2025-03-06T12:58:59.692+0000] {processor.py:840} INFO - DAG(s) 'latest_only_with_trigger' retrieved from /home/airflow/.local/lib/python3.10/site-packages/airflow/example_dags/example_latest_only_with_trigger.py
[2025-03-06T12:58:59.750+0000] {logging_mixin.py:188} INFO - [2025-03-06T12:58:59.749+0000] {dag.py:3036} INFO - Sync 1 DAGs
[2025-03-06T12:58:59.807+0000] {logging_mixin.py:188} INFO - [2025-03-06T12:58:59.806+0000] {dag.py:3823} INFO - Setting next_dagrun for latest_only_with_trigger to 2025-03-06 08:00:00+00:00, run_after=2025-03-06 12:00:00+00:00
[2025-03-06T12:58:59.934+0000] {processor.py:183} INFO - Processing /home/airflow/.local/lib/python3.10/site-packages/airflow/example_dags/example_latest_only_with_trigger.py took 0.267 seconds
[2025-03-06T13:00:19.917+0000] {processor.py:161} INFO - Started process (PID=268) to work on /home/airflow/.local/lib/python3.10/site-packages/airflow/example_dags/example_latest_only_with_trigger.py
[2025-03-06T13:00:19.921+0000] {processor.py:830} INFO - Processing file /home/airflow/.local/lib/python3.10/site-packages/airflow/example_dags/example_latest_only_with_trigger.py for tasks to queue
[2025-03-06T13:00:19.924+0000] {logging_mixin.py:188} INFO - [2025-03-06T13:00:19.923+0000] {dagbag.py:538} INFO - Filling up the DagBag from /home/airflow/.local/lib/python3.10/site-packages/airflow/example_dags/example_latest_only_with_trigger.py
[2025-03-06T13:00:19.949+0000] {processor.py:840} INFO - DAG(s) 'latest_only_with_trigger' retrieved from /home/airflow/.local/lib/python3.10/site-packages/airflow/example_dags/example_latest_only_with_trigger.py
[2025-03-06T13:00:20.006+0000] {logging_mixin.py:188} INFO - [2025-03-06T13:00:20.006+0000] {dag.py:3036} INFO - Sync 1 DAGs
[2025-03-06T13:00:20.069+0000] {logging_mixin.py:188} INFO - [2025-03-06T13:00:20.069+0000] {dag.py:3823} INFO - Setting next_dagrun for latest_only_with_trigger to 2025-03-06 08:00:00+00:00, run_after=2025-03-06 12:00:00+00:00
[2025-03-06T13:00:20.194+0000] {processor.py:183} INFO - Processing /home/airflow/.local/lib/python3.10/site-packages/airflow/example_dags/example_latest_only_with_trigger.py took 0.284 seconds
[2025-03-06T13:01:43.226+0000] {processor.py:161} INFO - Started process (PID=324) to work on /home/airflow/.local/lib/python3.10/site-packages/airflow/example_dags/example_latest_only_with_trigger.py
[2025-03-06T13:01:43.231+0000] {processor.py:830} INFO - Processing file /home/airflow/.local/lib/python3.10/site-packages/airflow/example_dags/example_latest_only_with_trigger.py for tasks to queue
[2025-03-06T13:01:43.233+0000] {logging_mixin.py:188} INFO - [2025-03-06T13:01:43.232+0000] {dagbag.py:538} INFO - Filling up the DagBag from /home/airflow/.local/lib/python3.10/site-packages/airflow/example_dags/example_latest_only_with_trigger.py
[2025-03-06T13:01:43.248+0000] {processor.py:840} INFO - DAG(s) 'latest_only_with_trigger' retrieved from /home/airflow/.local/lib/python3.10/site-packages/airflow/example_dags/example_latest_only_with_trigger.py
[2025-03-06T13:01:43.306+0000] {logging_mixin.py:188} INFO - [2025-03-06T13:01:43.306+0000] {dag.py:3036} INFO - Sync 1 DAGs
[2025-03-06T13:01:43.364+0000] {logging_mixin.py:188} INFO - [2025-03-06T13:01:43.364+0000] {dag.py:3823} INFO - Setting next_dagrun for latest_only_with_trigger to 2025-03-06 08:00:00+00:00, run_after=2025-03-06 12:00:00+00:00
[2025-03-06T13:01:43.513+0000] {processor.py:183} INFO - Processing /home/airflow/.local/lib/python3.10/site-packages/airflow/example_dags/example_latest_only_with_trigger.py took 0.292 seconds
[2025-03-06T13:04:04.340+0000] {processor.py:161} INFO - Started process (PID=45) to work on /home/airflow/.local/lib/python3.10/site-packages/airflow/example_dags/example_latest_only_with_trigger.py
[2025-03-06T13:04:04.342+0000] {processor.py:830} INFO - Processing file /home/airflow/.local/lib/python3.10/site-packages/airflow/example_dags/example_latest_only_with_trigger.py for tasks to queue
[2025-03-06T13:04:04.344+0000] {logging_mixin.py:188} INFO - [2025-03-06T13:04:04.343+0000] {dagbag.py:538} INFO - Filling up the DagBag from /home/airflow/.local/lib/python3.10/site-packages/airflow/example_dags/example_latest_only_with_trigger.py
[2025-03-06T13:04:04.360+0000] {processor.py:840} INFO - DAG(s) 'latest_only_with_trigger' retrieved from /home/airflow/.local/lib/python3.10/site-packages/airflow/example_dags/example_latest_only_with_trigger.py
[2025-03-06T13:04:04.438+0000] {logging_mixin.py:188} INFO - [2025-03-06T13:04:04.438+0000] {dag.py:3036} INFO - Sync 1 DAGs
[2025-03-06T13:04:04.511+0000] {logging_mixin.py:188} INFO - [2025-03-06T13:04:04.511+0000] {dag.py:3823} INFO - Setting next_dagrun for latest_only_with_trigger to 2025-03-06 08:00:00+00:00, run_after=2025-03-06 12:00:00+00:00
[2025-03-06T13:04:04.654+0000] {processor.py:183} INFO - Processing /home/airflow/.local/lib/python3.10/site-packages/airflow/example_dags/example_latest_only_with_trigger.py took 0.319 seconds
[2025-03-06T13:05:25.381+0000] {processor.py:161} INFO - Started process (PID=94) to work on /home/airflow/.local/lib/python3.10/site-packages/airflow/example_dags/example_latest_only_with_trigger.py
[2025-03-06T13:05:25.391+0000] {processor.py:830} INFO - Processing file /home/airflow/.local/lib/python3.10/site-packages/airflow/example_dags/example_latest_only_with_trigger.py for tasks to queue
[2025-03-06T13:05:25.394+0000] {logging_mixin.py:188} INFO - [2025-03-06T13:05:25.393+0000] {dagbag.py:538} INFO - Filling up the DagBag from /home/airflow/.local/lib/python3.10/site-packages/airflow/example_dags/example_latest_only_with_trigger.py
[2025-03-06T13:05:25.418+0000] {processor.py:840} INFO - DAG(s) 'latest_only_with_trigger' retrieved from /home/airflow/.local/lib/python3.10/site-packages/airflow/example_dags/example_latest_only_with_trigger.py
[2025-03-06T13:05:25.512+0000] {logging_mixin.py:188} INFO - [2025-03-06T13:05:25.511+0000] {dag.py:3036} INFO - Sync 1 DAGs
[2025-03-06T13:05:25.600+0000] {logging_mixin.py:188} INFO - [2025-03-06T13:05:25.599+0000] {dag.py:3823} INFO - Setting next_dagrun for latest_only_with_trigger to 2025-03-06 08:00:00+00:00, run_after=2025-03-06 12:00:00+00:00
[2025-03-06T13:05:25.739+0000] {processor.py:183} INFO - Processing /home/airflow/.local/lib/python3.10/site-packages/airflow/example_dags/example_latest_only_with_trigger.py took 0.370 seconds
[2025-03-06T13:07:04.791+0000] {processor.py:161} INFO - Started process (PID=155) to work on /home/airflow/.local/lib/python3.10/site-packages/airflow/example_dags/example_latest_only_with_trigger.py
[2025-03-06T13:07:04.797+0000] {processor.py:830} INFO - Processing file /home/airflow/.local/lib/python3.10/site-packages/airflow/example_dags/example_latest_only_with_trigger.py for tasks to queue
[2025-03-06T13:07:04.800+0000] {logging_mixin.py:188} INFO - [2025-03-06T13:07:04.799+0000] {dagbag.py:538} INFO - Filling up the DagBag from /home/airflow/.local/lib/python3.10/site-packages/airflow/example_dags/example_latest_only_with_trigger.py
[2025-03-06T13:07:04.817+0000] {processor.py:840} INFO - DAG(s) 'latest_only_with_trigger' retrieved from /home/airflow/.local/lib/python3.10/site-packages/airflow/example_dags/example_latest_only_with_trigger.py
[2025-03-06T13:07:04.878+0000] {logging_mixin.py:188} INFO - [2025-03-06T13:07:04.876+0000] {dag.py:3036} INFO - Sync 1 DAGs
[2025-03-06T13:07:04.938+0000] {logging_mixin.py:188} INFO - [2025-03-06T13:07:04.937+0000] {dag.py:3823} INFO - Setting next_dagrun for latest_only_with_trigger to 2025-03-06 08:00:00+00:00, run_after=2025-03-06 12:00:00+00:00
[2025-03-06T13:07:05.107+0000] {processor.py:183} INFO - Processing /home/airflow/.local/lib/python3.10/site-packages/airflow/example_dags/example_latest_only_with_trigger.py took 0.321 seconds
[2025-03-06T13:08:41.685+0000] {processor.py:161} INFO - Started process (PID=216) to work on /home/airflow/.local/lib/python3.10/site-packages/airflow/example_dags/example_latest_only_with_trigger.py
[2025-03-06T13:08:41.688+0000] {processor.py:830} INFO - Processing file /home/airflow/.local/lib/python3.10/site-packages/airflow/example_dags/example_latest_only_with_trigger.py for tasks to queue
[2025-03-06T13:08:41.691+0000] {logging_mixin.py:188} INFO - [2025-03-06T13:08:41.690+0000] {dagbag.py:538} INFO - Filling up the DagBag from /home/airflow/.local/lib/python3.10/site-packages/airflow/example_dags/example_latest_only_with_trigger.py
[2025-03-06T13:08:41.710+0000] {processor.py:840} INFO - DAG(s) 'latest_only_with_trigger' retrieved from /home/airflow/.local/lib/python3.10/site-packages/airflow/example_dags/example_latest_only_with_trigger.py
[2025-03-06T13:08:41.775+0000] {logging_mixin.py:188} INFO - [2025-03-06T13:08:41.775+0000] {dag.py:3036} INFO - Sync 1 DAGs
[2025-03-06T13:08:41.857+0000] {logging_mixin.py:188} INFO - [2025-03-06T13:08:41.857+0000] {dag.py:3823} INFO - Setting next_dagrun for latest_only_with_trigger to 2025-03-06 08:00:00+00:00, run_after=2025-03-06 12:00:00+00:00
[2025-03-06T13:08:42.007+0000] {processor.py:183} INFO - Processing /home/airflow/.local/lib/python3.10/site-packages/airflow/example_dags/example_latest_only_with_trigger.py took 0.336 seconds
[2025-03-06T13:10:13.236+0000] {processor.py:161} INFO - Started process (PID=274) to work on /home/airflow/.local/lib/python3.10/site-packages/airflow/example_dags/example_latest_only_with_trigger.py
[2025-03-06T13:10:13.240+0000] {processor.py:830} INFO - Processing file /home/airflow/.local/lib/python3.10/site-packages/airflow/example_dags/example_latest_only_with_trigger.py for tasks to queue
[2025-03-06T13:10:13.243+0000] {logging_mixin.py:188} INFO - [2025-03-06T13:10:13.242+0000] {dagbag.py:538} INFO - Filling up the DagBag from /home/airflow/.local/lib/python3.10/site-packages/airflow/example_dags/example_latest_only_with_trigger.py
[2025-03-06T13:10:13.260+0000] {processor.py:840} INFO - DAG(s) 'latest_only_with_trigger' retrieved from /home/airflow/.local/lib/python3.10/site-packages/airflow/example_dags/example_latest_only_with_trigger.py
[2025-03-06T13:10:13.338+0000] {logging_mixin.py:188} INFO - [2025-03-06T13:10:13.338+0000] {dag.py:3036} INFO - Sync 1 DAGs
[2025-03-06T13:10:13.409+0000] {logging_mixin.py:188} INFO - [2025-03-06T13:10:13.409+0000] {dag.py:3823} INFO - Setting next_dagrun for latest_only_with_trigger to 2025-03-06 08:00:00+00:00, run_after=2025-03-06 12:00:00+00:00
[2025-03-06T13:10:13.566+0000] {processor.py:183} INFO - Processing /home/airflow/.local/lib/python3.10/site-packages/airflow/example_dags/example_latest_only_with_trigger.py took 0.339 seconds
[2025-03-06T13:11:42.164+0000] {processor.py:161} INFO - Started process (PID=45) to work on /home/airflow/.local/lib/python3.10/site-packages/airflow/example_dags/example_latest_only_with_trigger.py
[2025-03-06T13:11:42.167+0000] {processor.py:830} INFO - Processing file /home/airflow/.local/lib/python3.10/site-packages/airflow/example_dags/example_latest_only_with_trigger.py for tasks to queue
[2025-03-06T13:11:42.171+0000] {logging_mixin.py:188} INFO - [2025-03-06T13:11:42.170+0000] {dagbag.py:538} INFO - Filling up the DagBag from /home/airflow/.local/lib/python3.10/site-packages/airflow/example_dags/example_latest_only_with_trigger.py
[2025-03-06T13:11:42.187+0000] {processor.py:840} INFO - DAG(s) 'latest_only_with_trigger' retrieved from /home/airflow/.local/lib/python3.10/site-packages/airflow/example_dags/example_latest_only_with_trigger.py
[2025-03-06T13:11:42.259+0000] {logging_mixin.py:188} INFO - [2025-03-06T13:11:42.259+0000] {dag.py:3036} INFO - Sync 1 DAGs
[2025-03-06T13:11:42.319+0000] {logging_mixin.py:188} INFO - [2025-03-06T13:11:42.318+0000] {dag.py:3823} INFO - Setting next_dagrun for latest_only_with_trigger to 2025-03-06 08:00:00+00:00, run_after=2025-03-06 12:00:00+00:00
[2025-03-06T13:11:42.478+0000] {processor.py:183} INFO - Processing /home/airflow/.local/lib/python3.10/site-packages/airflow/example_dags/example_latest_only_with_trigger.py took 0.319 seconds
[2025-03-06T13:13:08.464+0000] {processor.py:161} INFO - Started process (PID=94) to work on /home/airflow/.local/lib/python3.10/site-packages/airflow/example_dags/example_latest_only_with_trigger.py
[2025-03-06T13:13:08.466+0000] {processor.py:830} INFO - Processing file /home/airflow/.local/lib/python3.10/site-packages/airflow/example_dags/example_latest_only_with_trigger.py for tasks to queue
[2025-03-06T13:13:08.468+0000] {logging_mixin.py:188} INFO - [2025-03-06T13:13:08.468+0000] {dagbag.py:538} INFO - Filling up the DagBag from /home/airflow/.local/lib/python3.10/site-packages/airflow/example_dags/example_latest_only_with_trigger.py
[2025-03-06T13:13:08.482+0000] {processor.py:840} INFO - DAG(s) 'latest_only_with_trigger' retrieved from /home/airflow/.local/lib/python3.10/site-packages/airflow/example_dags/example_latest_only_with_trigger.py
[2025-03-06T13:13:08.544+0000] {logging_mixin.py:188} INFO - [2025-03-06T13:13:08.544+0000] {dag.py:3036} INFO - Sync 1 DAGs
[2025-03-06T13:13:08.618+0000] {logging_mixin.py:188} INFO - [2025-03-06T13:13:08.617+0000] {dag.py:3823} INFO - Setting next_dagrun for latest_only_with_trigger to 2025-03-06 08:00:00+00:00, run_after=2025-03-06 12:00:00+00:00
[2025-03-06T13:13:08.820+0000] {processor.py:183} INFO - Processing /home/airflow/.local/lib/python3.10/site-packages/airflow/example_dags/example_latest_only_with_trigger.py took 0.364 seconds
[2025-03-06T13:14:43.733+0000] {processor.py:161} INFO - Started process (PID=154) to work on /home/airflow/.local/lib/python3.10/site-packages/airflow/example_dags/example_latest_only_with_trigger.py
[2025-03-06T13:14:43.736+0000] {processor.py:830} INFO - Processing file /home/airflow/.local/lib/python3.10/site-packages/airflow/example_dags/example_latest_only_with_trigger.py for tasks to queue
[2025-03-06T13:14:43.738+0000] {logging_mixin.py:188} INFO - [2025-03-06T13:14:43.737+0000] {dagbag.py:538} INFO - Filling up the DagBag from /home/airflow/.local/lib/python3.10/site-packages/airflow/example_dags/example_latest_only_with_trigger.py
[2025-03-06T13:14:43.757+0000] {processor.py:840} INFO - DAG(s) 'latest_only_with_trigger' retrieved from /home/airflow/.local/lib/python3.10/site-packages/airflow/example_dags/example_latest_only_with_trigger.py
[2025-03-06T13:14:43.849+0000] {logging_mixin.py:188} INFO - [2025-03-06T13:14:43.848+0000] {dag.py:3036} INFO - Sync 1 DAGs
[2025-03-06T13:14:43.918+0000] {logging_mixin.py:188} INFO - [2025-03-06T13:14:43.917+0000] {dag.py:3823} INFO - Setting next_dagrun for latest_only_with_trigger to 2025-03-06 08:00:00+00:00, run_after=2025-03-06 12:00:00+00:00
[2025-03-06T13:14:44.060+0000] {processor.py:183} INFO - Processing /home/airflow/.local/lib/python3.10/site-packages/airflow/example_dags/example_latest_only_with_trigger.py took 0.337 seconds
[2025-03-06T13:16:21.751+0000] {processor.py:161} INFO - Started process (PID=215) to work on /home/airflow/.local/lib/python3.10/site-packages/airflow/example_dags/example_latest_only_with_trigger.py
[2025-03-06T13:16:21.759+0000] {processor.py:830} INFO - Processing file /home/airflow/.local/lib/python3.10/site-packages/airflow/example_dags/example_latest_only_with_trigger.py for tasks to queue
[2025-03-06T13:16:21.765+0000] {logging_mixin.py:188} INFO - [2025-03-06T13:16:21.763+0000] {dagbag.py:538} INFO - Filling up the DagBag from /home/airflow/.local/lib/python3.10/site-packages/airflow/example_dags/example_latest_only_with_trigger.py
[2025-03-06T13:16:21.788+0000] {processor.py:840} INFO - DAG(s) 'latest_only_with_trigger' retrieved from /home/airflow/.local/lib/python3.10/site-packages/airflow/example_dags/example_latest_only_with_trigger.py
[2025-03-06T13:16:21.869+0000] {logging_mixin.py:188} INFO - [2025-03-06T13:16:21.869+0000] {dag.py:3036} INFO - Sync 1 DAGs
[2025-03-06T13:16:21.923+0000] {logging_mixin.py:188} INFO - [2025-03-06T13:16:21.922+0000] {dag.py:3823} INFO - Setting next_dagrun for latest_only_with_trigger to 2025-03-06 08:00:00+00:00, run_after=2025-03-06 12:00:00+00:00
[2025-03-06T13:16:22.062+0000] {processor.py:183} INFO - Processing /home/airflow/.local/lib/python3.10/site-packages/airflow/example_dags/example_latest_only_with_trigger.py took 0.321 seconds
[2025-03-06T13:17:22.817+0000] {processor.py:161} INFO - Started process (PID=249) to work on /home/airflow/.local/lib/python3.10/site-packages/airflow/example_dags/example_latest_only_with_trigger.py
[2025-03-06T13:17:22.829+0000] {processor.py:830} INFO - Processing file /home/airflow/.local/lib/python3.10/site-packages/airflow/example_dags/example_latest_only_with_trigger.py for tasks to queue
[2025-03-06T13:17:22.843+0000] {logging_mixin.py:188} INFO - [2025-03-06T13:17:22.842+0000] {dagbag.py:538} INFO - Filling up the DagBag from /home/airflow/.local/lib/python3.10/site-packages/airflow/example_dags/example_latest_only_with_trigger.py
[2025-03-06T13:17:22.881+0000] {processor.py:840} INFO - DAG(s) 'latest_only_with_trigger' retrieved from /home/airflow/.local/lib/python3.10/site-packages/airflow/example_dags/example_latest_only_with_trigger.py
[2025-03-06T13:17:23.177+0000] {logging_mixin.py:188} INFO - [2025-03-06T13:17:23.176+0000] {dag.py:3036} INFO - Sync 1 DAGs
[2025-03-06T13:17:23.512+0000] {logging_mixin.py:188} INFO - [2025-03-06T13:17:23.511+0000] {dag.py:3823} INFO - Setting next_dagrun for latest_only_with_trigger to 2025-03-06 08:00:00+00:00, run_after=2025-03-06 12:00:00+00:00
[2025-03-06T13:17:23.925+0000] {processor.py:183} INFO - Processing /home/airflow/.local/lib/python3.10/site-packages/airflow/example_dags/example_latest_only_with_trigger.py took 1.116 seconds
