[2025-03-06T12:53:54.991+0000] {processor.py:161} INFO - Started process (PID=28) to work on /home/airflow/.local/lib/python3.10/site-packages/airflow/example_dags/example_short_circuit_operator.py
[2025-03-06T12:53:54.993+0000] {processor.py:830} INFO - Processing file /home/airflow/.local/lib/python3.10/site-packages/airflow/example_dags/example_short_circuit_operator.py for tasks to queue
[2025-03-06T12:53:54.995+0000] {logging_mixin.py:188} INFO - [2025-03-06T12:53:54.995+0000] {dagbag.py:538} INFO - Filling up the DagBag from /home/airflow/.local/lib/python3.10/site-packages/airflow/example_dags/example_short_circuit_operator.py
[2025-03-06T12:53:55.021+0000] {processor.py:840} INFO - DAG(s) 'example_short_circuit_operator' retrieved from /home/airflow/.local/lib/python3.10/site-packages/airflow/example_dags/example_short_circuit_operator.py
[2025-03-06T12:53:55.046+0000] {logging_mixin.py:188} INFO - [2025-03-06T12:53:55.046+0000] {dag.py:3036} INFO - Sync 1 DAGs
[2025-03-06T12:53:55.092+0000] {logging_mixin.py:188} INFO - [2025-03-06T12:53:55.091+0000] {dag.py:3823} INFO - Setting next_dagrun for example_short_circuit_operator to 2025-03-05 00:00:00+00:00, run_after=2025-03-06 00:00:00+00:00
[2025-03-06T12:53:55.229+0000] {processor.py:183} INFO - Processing /home/airflow/.local/lib/python3.10/site-packages/airflow/example_dags/example_short_circuit_operator.py took 0.244 seconds
[2025-03-06T12:55:21.923+0000] {processor.py:161} INFO - Started process (PID=77) to work on /home/airflow/.local/lib/python3.10/site-packages/airflow/example_dags/example_short_circuit_operator.py
[2025-03-06T12:55:21.926+0000] {processor.py:830} INFO - Processing file /home/airflow/.local/lib/python3.10/site-packages/airflow/example_dags/example_short_circuit_operator.py for tasks to queue
[2025-03-06T12:55:21.928+0000] {logging_mixin.py:188} INFO - [2025-03-06T12:55:21.927+0000] {dagbag.py:538} INFO - Filling up the DagBag from /home/airflow/.local/lib/python3.10/site-packages/airflow/example_dags/example_short_circuit_operator.py
[2025-03-06T12:55:21.951+0000] {processor.py:840} INFO - DAG(s) 'example_short_circuit_operator' retrieved from /home/airflow/.local/lib/python3.10/site-packages/airflow/example_dags/example_short_circuit_operator.py
[2025-03-06T12:55:22.388+0000] {logging_mixin.py:188} INFO - [2025-03-06T12:55:22.387+0000] {dag.py:3036} INFO - Sync 1 DAGs
[2025-03-06T12:55:22.469+0000] {logging_mixin.py:188} INFO - [2025-03-06T12:55:22.468+0000] {dag.py:3823} INFO - Setting next_dagrun for example_short_circuit_operator to 2025-03-05 00:00:00+00:00, run_after=2025-03-06 00:00:00+00:00
[2025-03-06T12:55:22.617+0000] {processor.py:183} INFO - Processing /home/airflow/.local/lib/python3.10/site-packages/airflow/example_dags/example_short_circuit_operator.py took 0.702 seconds
[2025-03-06T12:56:14.042+0000] {processor.py:161} INFO - Started process (PID=108) to work on /home/airflow/.local/lib/python3.10/site-packages/airflow/example_dags/example_short_circuit_operator.py
[2025-03-06T12:56:14.045+0000] {processor.py:830} INFO - Processing file /home/airflow/.local/lib/python3.10/site-packages/airflow/example_dags/example_short_circuit_operator.py for tasks to queue
[2025-03-06T12:56:14.052+0000] {logging_mixin.py:188} INFO - [2025-03-06T12:56:14.050+0000] {dagbag.py:538} INFO - Filling up the DagBag from /home/airflow/.local/lib/python3.10/site-packages/airflow/example_dags/example_short_circuit_operator.py
[2025-03-06T12:56:14.083+0000] {processor.py:840} INFO - DAG(s) 'example_short_circuit_operator' retrieved from /home/airflow/.local/lib/python3.10/site-packages/airflow/example_dags/example_short_circuit_operator.py
[2025-03-06T12:56:14.148+0000] {logging_mixin.py:188} INFO - [2025-03-06T12:56:14.148+0000] {dag.py:3036} INFO - Sync 1 DAGs
[2025-03-06T12:56:14.207+0000] {logging_mixin.py:188} INFO - [2025-03-06T12:56:14.207+0000] {dag.py:3823} INFO - Setting next_dagrun for example_short_circuit_operator to 2025-03-05 00:00:00+00:00, run_after=2025-03-06 00:00:00+00:00
[2025-03-06T12:56:14.360+0000] {processor.py:183} INFO - Processing /home/airflow/.local/lib/python3.10/site-packages/airflow/example_dags/example_short_circuit_operator.py took 0.324 seconds
[2025-03-06T12:57:06.698+0000] {processor.py:161} INFO - Started process (PID=140) to work on /home/airflow/.local/lib/python3.10/site-packages/airflow/example_dags/example_short_circuit_operator.py
[2025-03-06T12:57:06.701+0000] {processor.py:830} INFO - Processing file /home/airflow/.local/lib/python3.10/site-packages/airflow/example_dags/example_short_circuit_operator.py for tasks to queue
[2025-03-06T12:57:06.705+0000] {logging_mixin.py:188} INFO - [2025-03-06T12:57:06.704+0000] {dagbag.py:538} INFO - Filling up the DagBag from /home/airflow/.local/lib/python3.10/site-packages/airflow/example_dags/example_short_circuit_operator.py
[2025-03-06T12:57:06.732+0000] {processor.py:840} INFO - DAG(s) 'example_short_circuit_operator' retrieved from /home/airflow/.local/lib/python3.10/site-packages/airflow/example_dags/example_short_circuit_operator.py
[2025-03-06T12:57:06.812+0000] {logging_mixin.py:188} INFO - [2025-03-06T12:57:06.811+0000] {dag.py:3036} INFO - Sync 1 DAGs
[2025-03-06T12:57:06.875+0000] {logging_mixin.py:188} INFO - [2025-03-06T12:57:06.875+0000] {dag.py:3823} INFO - Setting next_dagrun for example_short_circuit_operator to 2025-03-05 00:00:00+00:00, run_after=2025-03-06 00:00:00+00:00
[2025-03-06T12:57:07.022+0000] {processor.py:183} INFO - Processing /home/airflow/.local/lib/python3.10/site-packages/airflow/example_dags/example_short_circuit_operator.py took 0.333 seconds
[2025-03-06T12:57:59.257+0000] {processor.py:161} INFO - Started process (PID=169) to work on /home/airflow/.local/lib/python3.10/site-packages/airflow/example_dags/example_short_circuit_operator.py
[2025-03-06T12:57:59.259+0000] {processor.py:830} INFO - Processing file /home/airflow/.local/lib/python3.10/site-packages/airflow/example_dags/example_short_circuit_operator.py for tasks to queue
[2025-03-06T12:57:59.262+0000] {logging_mixin.py:188} INFO - [2025-03-06T12:57:59.261+0000] {dagbag.py:538} INFO - Filling up the DagBag from /home/airflow/.local/lib/python3.10/site-packages/airflow/example_dags/example_short_circuit_operator.py
[2025-03-06T12:57:59.279+0000] {processor.py:840} INFO - DAG(s) 'example_short_circuit_operator' retrieved from /home/airflow/.local/lib/python3.10/site-packages/airflow/example_dags/example_short_circuit_operator.py
[2025-03-06T12:57:59.346+0000] {logging_mixin.py:188} INFO - [2025-03-06T12:57:59.345+0000] {dag.py:3036} INFO - Sync 1 DAGs
[2025-03-06T12:57:59.411+0000] {logging_mixin.py:188} INFO - [2025-03-06T12:57:59.410+0000] {dag.py:3823} INFO - Setting next_dagrun for example_short_circuit_operator to 2025-03-05 00:00:00+00:00, run_after=2025-03-06 00:00:00+00:00
[2025-03-06T12:57:59.557+0000] {processor.py:183} INFO - Processing /home/airflow/.local/lib/python3.10/site-packages/airflow/example_dags/example_short_circuit_operator.py took 0.307 seconds
[2025-03-06T12:58:42.701+0000] {processor.py:161} INFO - Started process (PID=200) to work on /home/airflow/.local/lib/python3.10/site-packages/airflow/example_dags/example_short_circuit_operator.py
[2025-03-06T12:58:42.704+0000] {processor.py:830} INFO - Processing file /home/airflow/.local/lib/python3.10/site-packages/airflow/example_dags/example_short_circuit_operator.py for tasks to queue
[2025-03-06T12:58:42.706+0000] {logging_mixin.py:188} INFO - [2025-03-06T12:58:42.706+0000] {dagbag.py:538} INFO - Filling up the DagBag from /home/airflow/.local/lib/python3.10/site-packages/airflow/example_dags/example_short_circuit_operator.py
[2025-03-06T12:58:42.733+0000] {processor.py:840} INFO - DAG(s) 'example_short_circuit_operator' retrieved from /home/airflow/.local/lib/python3.10/site-packages/airflow/example_dags/example_short_circuit_operator.py
[2025-03-06T12:58:42.796+0000] {logging_mixin.py:188} INFO - [2025-03-06T12:58:42.795+0000] {dag.py:3036} INFO - Sync 1 DAGs
[2025-03-06T12:58:42.843+0000] {logging_mixin.py:188} INFO - [2025-03-06T12:58:42.843+0000] {dag.py:3823} INFO - Setting next_dagrun for example_short_circuit_operator to 2025-03-05 00:00:00+00:00, run_after=2025-03-06 00:00:00+00:00
[2025-03-06T12:58:42.981+0000] {processor.py:183} INFO - Processing /home/airflow/.local/lib/python3.10/site-packages/airflow/example_dags/example_short_circuit_operator.py took 0.291 seconds
[2025-03-06T12:59:22.678+0000] {processor.py:161} INFO - Started process (PID=228) to work on /home/airflow/.local/lib/python3.10/site-packages/airflow/example_dags/example_short_circuit_operator.py
[2025-03-06T12:59:22.681+0000] {processor.py:830} INFO - Processing file /home/airflow/.local/lib/python3.10/site-packages/airflow/example_dags/example_short_circuit_operator.py for tasks to queue
[2025-03-06T12:59:22.683+0000] {logging_mixin.py:188} INFO - [2025-03-06T12:59:22.683+0000] {dagbag.py:538} INFO - Filling up the DagBag from /home/airflow/.local/lib/python3.10/site-packages/airflow/example_dags/example_short_circuit_operator.py
[2025-03-06T12:59:22.704+0000] {processor.py:840} INFO - DAG(s) 'example_short_circuit_operator' retrieved from /home/airflow/.local/lib/python3.10/site-packages/airflow/example_dags/example_short_circuit_operator.py
[2025-03-06T12:59:22.766+0000] {logging_mixin.py:188} INFO - [2025-03-06T12:59:22.765+0000] {dag.py:3036} INFO - Sync 1 DAGs
[2025-03-06T12:59:22.821+0000] {logging_mixin.py:188} INFO - [2025-03-06T12:59:22.821+0000] {dag.py:3823} INFO - Setting next_dagrun for example_short_circuit_operator to 2025-03-05 00:00:00+00:00, run_after=2025-03-06 00:00:00+00:00
[2025-03-06T12:59:22.956+0000] {processor.py:183} INFO - Processing /home/airflow/.local/lib/python3.10/site-packages/airflow/example_dags/example_short_circuit_operator.py took 0.284 seconds
[2025-03-06T13:00:00.737+0000] {processor.py:161} INFO - Started process (PID=256) to work on /home/airflow/.local/lib/python3.10/site-packages/airflow/example_dags/example_short_circuit_operator.py
[2025-03-06T13:00:00.740+0000] {processor.py:830} INFO - Processing file /home/airflow/.local/lib/python3.10/site-packages/airflow/example_dags/example_short_circuit_operator.py for tasks to queue
[2025-03-06T13:00:00.743+0000] {logging_mixin.py:188} INFO - [2025-03-06T13:00:00.742+0000] {dagbag.py:538} INFO - Filling up the DagBag from /home/airflow/.local/lib/python3.10/site-packages/airflow/example_dags/example_short_circuit_operator.py
[2025-03-06T13:00:00.764+0000] {processor.py:840} INFO - DAG(s) 'example_short_circuit_operator' retrieved from /home/airflow/.local/lib/python3.10/site-packages/airflow/example_dags/example_short_circuit_operator.py
[2025-03-06T13:00:00.837+0000] {logging_mixin.py:188} INFO - [2025-03-06T13:00:00.837+0000] {dag.py:3036} INFO - Sync 1 DAGs
[2025-03-06T13:00:00.892+0000] {logging_mixin.py:188} INFO - [2025-03-06T13:00:00.892+0000] {dag.py:3823} INFO - Setting next_dagrun for example_short_circuit_operator to 2025-03-05 00:00:00+00:00, run_after=2025-03-06 00:00:00+00:00
[2025-03-06T13:00:01.029+0000] {processor.py:183} INFO - Processing /home/airflow/.local/lib/python3.10/site-packages/airflow/example_dags/example_short_circuit_operator.py took 0.300 seconds
[2025-03-06T13:00:42.972+0000] {processor.py:161} INFO - Started process (PID=283) to work on /home/airflow/.local/lib/python3.10/site-packages/airflow/example_dags/example_short_circuit_operator.py
[2025-03-06T13:00:42.977+0000] {processor.py:830} INFO - Processing file /home/airflow/.local/lib/python3.10/site-packages/airflow/example_dags/example_short_circuit_operator.py for tasks to queue
[2025-03-06T13:00:42.985+0000] {logging_mixin.py:188} INFO - [2025-03-06T13:00:42.981+0000] {dagbag.py:538} INFO - Filling up the DagBag from /home/airflow/.local/lib/python3.10/site-packages/airflow/example_dags/example_short_circuit_operator.py
[2025-03-06T13:00:43.015+0000] {processor.py:840} INFO - DAG(s) 'example_short_circuit_operator' retrieved from /home/airflow/.local/lib/python3.10/site-packages/airflow/example_dags/example_short_circuit_operator.py
[2025-03-06T13:00:43.079+0000] {logging_mixin.py:188} INFO - [2025-03-06T13:00:43.078+0000] {dag.py:3036} INFO - Sync 1 DAGs
[2025-03-06T13:00:43.149+0000] {logging_mixin.py:188} INFO - [2025-03-06T13:00:43.149+0000] {dag.py:3823} INFO - Setting next_dagrun for example_short_circuit_operator to 2025-03-05 00:00:00+00:00, run_after=2025-03-06 00:00:00+00:00
[2025-03-06T13:00:43.278+0000] {processor.py:183} INFO - Processing /home/airflow/.local/lib/python3.10/site-packages/airflow/example_dags/example_short_circuit_operator.py took 0.325 seconds
[2025-03-06T13:01:23.717+0000] {processor.py:161} INFO - Started process (PID=313) to work on /home/airflow/.local/lib/python3.10/site-packages/airflow/example_dags/example_short_circuit_operator.py
[2025-03-06T13:01:23.719+0000] {processor.py:830} INFO - Processing file /home/airflow/.local/lib/python3.10/site-packages/airflow/example_dags/example_short_circuit_operator.py for tasks to queue
[2025-03-06T13:01:23.722+0000] {logging_mixin.py:188} INFO - [2025-03-06T13:01:23.721+0000] {dagbag.py:538} INFO - Filling up the DagBag from /home/airflow/.local/lib/python3.10/site-packages/airflow/example_dags/example_short_circuit_operator.py
[2025-03-06T13:01:23.746+0000] {processor.py:840} INFO - DAG(s) 'example_short_circuit_operator' retrieved from /home/airflow/.local/lib/python3.10/site-packages/airflow/example_dags/example_short_circuit_operator.py
[2025-03-06T13:01:23.818+0000] {logging_mixin.py:188} INFO - [2025-03-06T13:01:23.818+0000] {dag.py:3036} INFO - Sync 1 DAGs
[2025-03-06T13:01:23.885+0000] {logging_mixin.py:188} INFO - [2025-03-06T13:01:23.884+0000] {dag.py:3823} INFO - Setting next_dagrun for example_short_circuit_operator to 2025-03-05 00:00:00+00:00, run_after=2025-03-06 00:00:00+00:00
[2025-03-06T13:01:24.051+0000] {processor.py:183} INFO - Processing /home/airflow/.local/lib/python3.10/site-packages/airflow/example_dags/example_short_circuit_operator.py took 0.341 seconds
[2025-03-06T13:02:38.815+0000] {processor.py:161} INFO - Started process (PID=29) to work on /home/airflow/.local/lib/python3.10/site-packages/airflow/example_dags/example_short_circuit_operator.py
[2025-03-06T13:02:38.829+0000] {processor.py:830} INFO - Processing file /home/airflow/.local/lib/python3.10/site-packages/airflow/example_dags/example_short_circuit_operator.py for tasks to queue
[2025-03-06T13:02:38.838+0000] {logging_mixin.py:188} INFO - [2025-03-06T13:02:38.838+0000] {dagbag.py:538} INFO - Filling up the DagBag from /home/airflow/.local/lib/python3.10/site-packages/airflow/example_dags/example_short_circuit_operator.py
[2025-03-06T13:02:38.901+0000] {processor.py:840} INFO - DAG(s) 'example_short_circuit_operator' retrieved from /home/airflow/.local/lib/python3.10/site-packages/airflow/example_dags/example_short_circuit_operator.py
[2025-03-06T13:02:39.237+0000] {logging_mixin.py:188} INFO - [2025-03-06T13:02:39.236+0000] {dag.py:3036} INFO - Sync 1 DAGs
[2025-03-06T13:02:39.347+0000] {logging_mixin.py:188} INFO - [2025-03-06T13:02:39.347+0000] {dag.py:3823} INFO - Setting next_dagrun for example_short_circuit_operator to 2025-03-05 00:00:00+00:00, run_after=2025-03-06 00:00:00+00:00
[2025-03-06T13:02:39.548+0000] {processor.py:183} INFO - Processing /home/airflow/.local/lib/python3.10/site-packages/airflow/example_dags/example_short_circuit_operator.py took 0.742 seconds
[2025-03-06T13:03:31.016+0000] {processor.py:161} INFO - Started process (PID=29) to work on /home/airflow/.local/lib/python3.10/site-packages/airflow/example_dags/example_short_circuit_operator.py
[2025-03-06T13:03:31.022+0000] {processor.py:830} INFO - Processing file /home/airflow/.local/lib/python3.10/site-packages/airflow/example_dags/example_short_circuit_operator.py for tasks to queue
[2025-03-06T13:03:31.031+0000] {logging_mixin.py:188} INFO - [2025-03-06T13:03:31.024+0000] {dagbag.py:538} INFO - Filling up the DagBag from /home/airflow/.local/lib/python3.10/site-packages/airflow/example_dags/example_short_circuit_operator.py
[2025-03-06T13:03:31.072+0000] {processor.py:840} INFO - DAG(s) 'example_short_circuit_operator' retrieved from /home/airflow/.local/lib/python3.10/site-packages/airflow/example_dags/example_short_circuit_operator.py
[2025-03-06T13:03:31.495+0000] {logging_mixin.py:188} INFO - [2025-03-06T13:03:31.495+0000] {dag.py:3036} INFO - Sync 1 DAGs
[2025-03-06T13:03:31.631+0000] {logging_mixin.py:188} INFO - [2025-03-06T13:03:31.631+0000] {dag.py:3823} INFO - Setting next_dagrun for example_short_circuit_operator to 2025-03-05 00:00:00+00:00, run_after=2025-03-06 00:00:00+00:00
[2025-03-06T13:03:32.057+0000] {processor.py:183} INFO - Processing /home/airflow/.local/lib/python3.10/site-packages/airflow/example_dags/example_short_circuit_operator.py took 1.047 seconds
[2025-03-06T13:04:59.508+0000] {processor.py:161} INFO - Started process (PID=78) to work on /home/airflow/.local/lib/python3.10/site-packages/airflow/example_dags/example_short_circuit_operator.py
[2025-03-06T13:04:59.512+0000] {processor.py:830} INFO - Processing file /home/airflow/.local/lib/python3.10/site-packages/airflow/example_dags/example_short_circuit_operator.py for tasks to queue
[2025-03-06T13:04:59.515+0000] {logging_mixin.py:188} INFO - [2025-03-06T13:04:59.514+0000] {dagbag.py:538} INFO - Filling up the DagBag from /home/airflow/.local/lib/python3.10/site-packages/airflow/example_dags/example_short_circuit_operator.py
[2025-03-06T13:04:59.540+0000] {processor.py:840} INFO - DAG(s) 'example_short_circuit_operator' retrieved from /home/airflow/.local/lib/python3.10/site-packages/airflow/example_dags/example_short_circuit_operator.py
[2025-03-06T13:04:59.612+0000] {logging_mixin.py:188} INFO - [2025-03-06T13:04:59.611+0000] {dag.py:3036} INFO - Sync 1 DAGs
[2025-03-06T13:04:59.674+0000] {logging_mixin.py:188} INFO - [2025-03-06T13:04:59.673+0000] {dag.py:3823} INFO - Setting next_dagrun for example_short_circuit_operator to 2025-03-05 00:00:00+00:00, run_after=2025-03-06 00:00:00+00:00
[2025-03-06T13:04:59.827+0000] {processor.py:183} INFO - Processing /home/airflow/.local/lib/python3.10/site-packages/airflow/example_dags/example_short_circuit_operator.py took 0.326 seconds
[2025-03-06T13:05:49.246+0000] {processor.py:161} INFO - Started process (PID=107) to work on /home/airflow/.local/lib/python3.10/site-packages/airflow/example_dags/example_short_circuit_operator.py
[2025-03-06T13:05:49.249+0000] {processor.py:830} INFO - Processing file /home/airflow/.local/lib/python3.10/site-packages/airflow/example_dags/example_short_circuit_operator.py for tasks to queue
[2025-03-06T13:05:49.252+0000] {logging_mixin.py:188} INFO - [2025-03-06T13:05:49.251+0000] {dagbag.py:538} INFO - Filling up the DagBag from /home/airflow/.local/lib/python3.10/site-packages/airflow/example_dags/example_short_circuit_operator.py
[2025-03-06T13:05:49.300+0000] {processor.py:840} INFO - DAG(s) 'example_short_circuit_operator' retrieved from /home/airflow/.local/lib/python3.10/site-packages/airflow/example_dags/example_short_circuit_operator.py
[2025-03-06T13:05:49.392+0000] {logging_mixin.py:188} INFO - [2025-03-06T13:05:49.391+0000] {dag.py:3036} INFO - Sync 1 DAGs
[2025-03-06T13:05:49.578+0000] {logging_mixin.py:188} INFO - [2025-03-06T13:05:49.577+0000] {dag.py:3823} INFO - Setting next_dagrun for example_short_circuit_operator to 2025-03-05 00:00:00+00:00, run_after=2025-03-06 00:00:00+00:00
[2025-03-06T13:05:49.777+0000] {processor.py:183} INFO - Processing /home/airflow/.local/lib/python3.10/site-packages/airflow/example_dags/example_short_circuit_operator.py took 0.548 seconds
[2025-03-06T13:06:36.839+0000] {processor.py:161} INFO - Started process (PID=139) to work on /home/airflow/.local/lib/python3.10/site-packages/airflow/example_dags/example_short_circuit_operator.py
[2025-03-06T13:06:36.843+0000] {processor.py:830} INFO - Processing file /home/airflow/.local/lib/python3.10/site-packages/airflow/example_dags/example_short_circuit_operator.py for tasks to queue
[2025-03-06T13:06:36.849+0000] {logging_mixin.py:188} INFO - [2025-03-06T13:06:36.846+0000] {dagbag.py:538} INFO - Filling up the DagBag from /home/airflow/.local/lib/python3.10/site-packages/airflow/example_dags/example_short_circuit_operator.py
[2025-03-06T13:06:36.885+0000] {processor.py:840} INFO - DAG(s) 'example_short_circuit_operator' retrieved from /home/airflow/.local/lib/python3.10/site-packages/airflow/example_dags/example_short_circuit_operator.py
[2025-03-06T13:06:36.997+0000] {logging_mixin.py:188} INFO - [2025-03-06T13:06:36.996+0000] {dag.py:3036} INFO - Sync 1 DAGs
[2025-03-06T13:06:37.095+0000] {logging_mixin.py:188} INFO - [2025-03-06T13:06:37.094+0000] {dag.py:3823} INFO - Setting next_dagrun for example_short_circuit_operator to 2025-03-05 00:00:00+00:00, run_after=2025-03-06 00:00:00+00:00
[2025-03-06T13:06:37.326+0000] {processor.py:183} INFO - Processing /home/airflow/.local/lib/python3.10/site-packages/airflow/example_dags/example_short_circuit_operator.py took 0.499 seconds
[2025-03-06T13:07:33.235+0000] {processor.py:161} INFO - Started process (PID=169) to work on /home/airflow/.local/lib/python3.10/site-packages/airflow/example_dags/example_short_circuit_operator.py
[2025-03-06T13:07:33.239+0000] {processor.py:830} INFO - Processing file /home/airflow/.local/lib/python3.10/site-packages/airflow/example_dags/example_short_circuit_operator.py for tasks to queue
[2025-03-06T13:07:33.242+0000] {logging_mixin.py:188} INFO - [2025-03-06T13:07:33.241+0000] {dagbag.py:538} INFO - Filling up the DagBag from /home/airflow/.local/lib/python3.10/site-packages/airflow/example_dags/example_short_circuit_operator.py
[2025-03-06T13:07:33.271+0000] {processor.py:840} INFO - DAG(s) 'example_short_circuit_operator' retrieved from /home/airflow/.local/lib/python3.10/site-packages/airflow/example_dags/example_short_circuit_operator.py
[2025-03-06T13:07:33.351+0000] {logging_mixin.py:188} INFO - [2025-03-06T13:07:33.351+0000] {dag.py:3036} INFO - Sync 1 DAGs
[2025-03-06T13:07:33.422+0000] {logging_mixin.py:188} INFO - [2025-03-06T13:07:33.421+0000] {dag.py:3823} INFO - Setting next_dagrun for example_short_circuit_operator to 2025-03-05 00:00:00+00:00, run_after=2025-03-06 00:00:00+00:00
[2025-03-06T13:07:33.618+0000] {processor.py:183} INFO - Processing /home/airflow/.local/lib/python3.10/site-packages/airflow/example_dags/example_short_circuit_operator.py took 0.391 seconds
[2025-03-06T13:08:21.163+0000] {processor.py:161} INFO - Started process (PID=203) to work on /home/airflow/.local/lib/python3.10/site-packages/airflow/example_dags/example_short_circuit_operator.py
[2025-03-06T13:08:21.165+0000] {processor.py:830} INFO - Processing file /home/airflow/.local/lib/python3.10/site-packages/airflow/example_dags/example_short_circuit_operator.py for tasks to queue
[2025-03-06T13:08:21.167+0000] {logging_mixin.py:188} INFO - [2025-03-06T13:08:21.166+0000] {dagbag.py:538} INFO - Filling up the DagBag from /home/airflow/.local/lib/python3.10/site-packages/airflow/example_dags/example_short_circuit_operator.py
[2025-03-06T13:08:21.185+0000] {processor.py:840} INFO - DAG(s) 'example_short_circuit_operator' retrieved from /home/airflow/.local/lib/python3.10/site-packages/airflow/example_dags/example_short_circuit_operator.py
[2025-03-06T13:08:21.256+0000] {logging_mixin.py:188} INFO - [2025-03-06T13:08:21.255+0000] {dag.py:3036} INFO - Sync 1 DAGs
[2025-03-06T13:08:21.330+0000] {logging_mixin.py:188} INFO - [2025-03-06T13:08:21.329+0000] {dag.py:3823} INFO - Setting next_dagrun for example_short_circuit_operator to 2025-03-05 00:00:00+00:00, run_after=2025-03-06 00:00:00+00:00
[2025-03-06T13:08:21.491+0000] {processor.py:183} INFO - Processing /home/airflow/.local/lib/python3.10/site-packages/airflow/example_dags/example_short_circuit_operator.py took 0.336 seconds
[2025-03-06T13:09:04.059+0000] {processor.py:161} INFO - Started process (PID=230) to work on /home/airflow/.local/lib/python3.10/site-packages/airflow/example_dags/example_short_circuit_operator.py
[2025-03-06T13:09:04.063+0000] {processor.py:830} INFO - Processing file /home/airflow/.local/lib/python3.10/site-packages/airflow/example_dags/example_short_circuit_operator.py for tasks to queue
[2025-03-06T13:09:04.066+0000] {logging_mixin.py:188} INFO - [2025-03-06T13:09:04.065+0000] {dagbag.py:538} INFO - Filling up the DagBag from /home/airflow/.local/lib/python3.10/site-packages/airflow/example_dags/example_short_circuit_operator.py
[2025-03-06T13:09:04.101+0000] {processor.py:840} INFO - DAG(s) 'example_short_circuit_operator' retrieved from /home/airflow/.local/lib/python3.10/site-packages/airflow/example_dags/example_short_circuit_operator.py
[2025-03-06T13:09:04.199+0000] {logging_mixin.py:188} INFO - [2025-03-06T13:09:04.198+0000] {dag.py:3036} INFO - Sync 1 DAGs
[2025-03-06T13:09:04.262+0000] {logging_mixin.py:188} INFO - [2025-03-06T13:09:04.262+0000] {dag.py:3823} INFO - Setting next_dagrun for example_short_circuit_operator to 2025-03-05 00:00:00+00:00, run_after=2025-03-06 00:00:00+00:00
[2025-03-06T13:09:04.437+0000] {processor.py:183} INFO - Processing /home/airflow/.local/lib/python3.10/site-packages/airflow/example_dags/example_short_circuit_operator.py took 0.390 seconds
[2025-03-06T13:09:50.333+0000] {processor.py:161} INFO - Started process (PID=261) to work on /home/airflow/.local/lib/python3.10/site-packages/airflow/example_dags/example_short_circuit_operator.py
[2025-03-06T13:09:50.335+0000] {processor.py:830} INFO - Processing file /home/airflow/.local/lib/python3.10/site-packages/airflow/example_dags/example_short_circuit_operator.py for tasks to queue
[2025-03-06T13:09:50.337+0000] {logging_mixin.py:188} INFO - [2025-03-06T13:09:50.337+0000] {dagbag.py:538} INFO - Filling up the DagBag from /home/airflow/.local/lib/python3.10/site-packages/airflow/example_dags/example_short_circuit_operator.py
[2025-03-06T13:09:50.354+0000] {processor.py:840} INFO - DAG(s) 'example_short_circuit_operator' retrieved from /home/airflow/.local/lib/python3.10/site-packages/airflow/example_dags/example_short_circuit_operator.py
[2025-03-06T13:09:50.417+0000] {logging_mixin.py:188} INFO - [2025-03-06T13:09:50.417+0000] {dag.py:3036} INFO - Sync 1 DAGs
[2025-03-06T13:09:50.480+0000] {logging_mixin.py:188} INFO - [2025-03-06T13:09:50.479+0000] {dag.py:3823} INFO - Setting next_dagrun for example_short_circuit_operator to 2025-03-05 00:00:00+00:00, run_after=2025-03-06 00:00:00+00:00
[2025-03-06T13:09:50.673+0000] {processor.py:183} INFO - Processing /home/airflow/.local/lib/python3.10/site-packages/airflow/example_dags/example_short_circuit_operator.py took 0.346 seconds
[2025-03-06T13:10:36.782+0000] {processor.py:161} INFO - Started process (PID=288) to work on /home/airflow/.local/lib/python3.10/site-packages/airflow/example_dags/example_short_circuit_operator.py
[2025-03-06T13:10:36.785+0000] {processor.py:830} INFO - Processing file /home/airflow/.local/lib/python3.10/site-packages/airflow/example_dags/example_short_circuit_operator.py for tasks to queue
[2025-03-06T13:10:36.789+0000] {logging_mixin.py:188} INFO - [2025-03-06T13:10:36.788+0000] {dagbag.py:538} INFO - Filling up the DagBag from /home/airflow/.local/lib/python3.10/site-packages/airflow/example_dags/example_short_circuit_operator.py
[2025-03-06T13:10:36.817+0000] {processor.py:840} INFO - DAG(s) 'example_short_circuit_operator' retrieved from /home/airflow/.local/lib/python3.10/site-packages/airflow/example_dags/example_short_circuit_operator.py
[2025-03-06T13:10:36.915+0000] {logging_mixin.py:188} INFO - [2025-03-06T13:10:36.914+0000] {dag.py:3036} INFO - Sync 1 DAGs
[2025-03-06T13:10:36.967+0000] {logging_mixin.py:188} INFO - [2025-03-06T13:10:36.967+0000] {dag.py:3823} INFO - Setting next_dagrun for example_short_circuit_operator to 2025-03-05 00:00:00+00:00, run_after=2025-03-06 00:00:00+00:00
[2025-03-06T13:10:37.103+0000] {processor.py:183} INFO - Processing /home/airflow/.local/lib/python3.10/site-packages/airflow/example_dags/example_short_circuit_operator.py took 0.328 seconds
[2025-03-06T13:11:16.996+0000] {processor.py:161} INFO - Started process (PID=29) to work on /home/airflow/.local/lib/python3.10/site-packages/airflow/example_dags/example_short_circuit_operator.py
[2025-03-06T13:11:16.999+0000] {processor.py:830} INFO - Processing file /home/airflow/.local/lib/python3.10/site-packages/airflow/example_dags/example_short_circuit_operator.py for tasks to queue
[2025-03-06T13:11:17.002+0000] {logging_mixin.py:188} INFO - [2025-03-06T13:11:17.001+0000] {dagbag.py:538} INFO - Filling up the DagBag from /home/airflow/.local/lib/python3.10/site-packages/airflow/example_dags/example_short_circuit_operator.py
[2025-03-06T13:11:17.022+0000] {processor.py:840} INFO - DAG(s) 'example_short_circuit_operator' retrieved from /home/airflow/.local/lib/python3.10/site-packages/airflow/example_dags/example_short_circuit_operator.py
[2025-03-06T13:11:17.093+0000] {logging_mixin.py:188} INFO - [2025-03-06T13:11:17.092+0000] {dag.py:3036} INFO - Sync 1 DAGs
[2025-03-06T13:11:17.148+0000] {logging_mixin.py:188} INFO - [2025-03-06T13:11:17.148+0000] {dag.py:3823} INFO - Setting next_dagrun for example_short_circuit_operator to 2025-03-05 00:00:00+00:00, run_after=2025-03-06 00:00:00+00:00
[2025-03-06T13:11:17.291+0000] {processor.py:183} INFO - Processing /home/airflow/.local/lib/python3.10/site-packages/airflow/example_dags/example_short_circuit_operator.py took 0.303 seconds
[2025-03-06T13:12:41.221+0000] {processor.py:161} INFO - Started process (PID=78) to work on /home/airflow/.local/lib/python3.10/site-packages/airflow/example_dags/example_short_circuit_operator.py
[2025-03-06T13:12:41.224+0000] {processor.py:830} INFO - Processing file /home/airflow/.local/lib/python3.10/site-packages/airflow/example_dags/example_short_circuit_operator.py for tasks to queue
[2025-03-06T13:12:41.226+0000] {logging_mixin.py:188} INFO - [2025-03-06T13:12:41.225+0000] {dagbag.py:538} INFO - Filling up the DagBag from /home/airflow/.local/lib/python3.10/site-packages/airflow/example_dags/example_short_circuit_operator.py
[2025-03-06T13:12:41.259+0000] {processor.py:840} INFO - DAG(s) 'example_short_circuit_operator' retrieved from /home/airflow/.local/lib/python3.10/site-packages/airflow/example_dags/example_short_circuit_operator.py
[2025-03-06T13:12:41.477+0000] {logging_mixin.py:188} INFO - [2025-03-06T13:12:41.477+0000] {dag.py:3036} INFO - Sync 1 DAGs
[2025-03-06T13:12:41.570+0000] {logging_mixin.py:188} INFO - [2025-03-06T13:12:41.569+0000] {dag.py:3823} INFO - Setting next_dagrun for example_short_circuit_operator to 2025-03-05 00:00:00+00:00, run_after=2025-03-06 00:00:00+00:00
[2025-03-06T13:12:41.715+0000] {processor.py:183} INFO - Processing /home/airflow/.local/lib/python3.10/site-packages/airflow/example_dags/example_short_circuit_operator.py took 0.502 seconds
[2025-03-06T13:13:35.770+0000] {processor.py:161} INFO - Started process (PID=112) to work on /home/airflow/.local/lib/python3.10/site-packages/airflow/example_dags/example_short_circuit_operator.py
[2025-03-06T13:13:35.775+0000] {processor.py:830} INFO - Processing file /home/airflow/.local/lib/python3.10/site-packages/airflow/example_dags/example_short_circuit_operator.py for tasks to queue
[2025-03-06T13:13:35.778+0000] {logging_mixin.py:188} INFO - [2025-03-06T13:13:35.777+0000] {dagbag.py:538} INFO - Filling up the DagBag from /home/airflow/.local/lib/python3.10/site-packages/airflow/example_dags/example_short_circuit_operator.py
[2025-03-06T13:13:35.815+0000] {processor.py:840} INFO - DAG(s) 'example_short_circuit_operator' retrieved from /home/airflow/.local/lib/python3.10/site-packages/airflow/example_dags/example_short_circuit_operator.py
[2025-03-06T13:13:35.910+0000] {logging_mixin.py:188} INFO - [2025-03-06T13:13:35.909+0000] {dag.py:3036} INFO - Sync 1 DAGs
[2025-03-06T13:13:35.992+0000] {logging_mixin.py:188} INFO - [2025-03-06T13:13:35.992+0000] {dag.py:3823} INFO - Setting next_dagrun for example_short_circuit_operator to 2025-03-05 00:00:00+00:00, run_after=2025-03-06 00:00:00+00:00
[2025-03-06T13:13:36.171+0000] {processor.py:183} INFO - Processing /home/airflow/.local/lib/python3.10/site-packages/airflow/example_dags/example_short_circuit_operator.py took 0.414 seconds
[2025-03-06T13:14:23.461+0000] {processor.py:161} INFO - Started process (PID=142) to work on /home/airflow/.local/lib/python3.10/site-packages/airflow/example_dags/example_short_circuit_operator.py
[2025-03-06T13:14:23.463+0000] {processor.py:830} INFO - Processing file /home/airflow/.local/lib/python3.10/site-packages/airflow/example_dags/example_short_circuit_operator.py for tasks to queue
[2025-03-06T13:14:23.468+0000] {logging_mixin.py:188} INFO - [2025-03-06T13:14:23.466+0000] {dagbag.py:538} INFO - Filling up the DagBag from /home/airflow/.local/lib/python3.10/site-packages/airflow/example_dags/example_short_circuit_operator.py
[2025-03-06T13:14:23.492+0000] {processor.py:840} INFO - DAG(s) 'example_short_circuit_operator' retrieved from /home/airflow/.local/lib/python3.10/site-packages/airflow/example_dags/example_short_circuit_operator.py
[2025-03-06T13:14:23.576+0000] {logging_mixin.py:188} INFO - [2025-03-06T13:14:23.576+0000] {dag.py:3036} INFO - Sync 1 DAGs
[2025-03-06T13:14:23.660+0000] {logging_mixin.py:188} INFO - [2025-03-06T13:14:23.659+0000] {dag.py:3823} INFO - Setting next_dagrun for example_short_circuit_operator to 2025-03-05 00:00:00+00:00, run_after=2025-03-06 00:00:00+00:00
[2025-03-06T13:14:23.878+0000] {processor.py:183} INFO - Processing /home/airflow/.local/lib/python3.10/site-packages/airflow/example_dags/example_short_circuit_operator.py took 0.423 seconds
[2025-03-06T13:15:14.440+0000] {processor.py:161} INFO - Started process (PID=172) to work on /home/airflow/.local/lib/python3.10/site-packages/airflow/example_dags/example_short_circuit_operator.py
[2025-03-06T13:15:14.447+0000] {processor.py:830} INFO - Processing file /home/airflow/.local/lib/python3.10/site-packages/airflow/example_dags/example_short_circuit_operator.py for tasks to queue
[2025-03-06T13:15:14.451+0000] {logging_mixin.py:188} INFO - [2025-03-06T13:15:14.449+0000] {dagbag.py:538} INFO - Filling up the DagBag from /home/airflow/.local/lib/python3.10/site-packages/airflow/example_dags/example_short_circuit_operator.py
[2025-03-06T13:15:14.481+0000] {processor.py:840} INFO - DAG(s) 'example_short_circuit_operator' retrieved from /home/airflow/.local/lib/python3.10/site-packages/airflow/example_dags/example_short_circuit_operator.py
[2025-03-06T13:15:14.601+0000] {logging_mixin.py:188} INFO - [2025-03-06T13:15:14.601+0000] {dag.py:3036} INFO - Sync 1 DAGs
[2025-03-06T13:15:14.683+0000] {logging_mixin.py:188} INFO - [2025-03-06T13:15:14.682+0000] {dag.py:3823} INFO - Setting next_dagrun for example_short_circuit_operator to 2025-03-05 00:00:00+00:00, run_after=2025-03-06 00:00:00+00:00
[2025-03-06T13:15:14.823+0000] {processor.py:183} INFO - Processing /home/airflow/.local/lib/python3.10/site-packages/airflow/example_dags/example_short_circuit_operator.py took 0.389 seconds
[2025-03-06T13:16:01.711+0000] {processor.py:161} INFO - Started process (PID=204) to work on /home/airflow/.local/lib/python3.10/site-packages/airflow/example_dags/example_short_circuit_operator.py
[2025-03-06T13:16:01.712+0000] {processor.py:830} INFO - Processing file /home/airflow/.local/lib/python3.10/site-packages/airflow/example_dags/example_short_circuit_operator.py for tasks to queue
[2025-03-06T13:16:01.715+0000] {logging_mixin.py:188} INFO - [2025-03-06T13:16:01.714+0000] {dagbag.py:538} INFO - Filling up the DagBag from /home/airflow/.local/lib/python3.10/site-packages/airflow/example_dags/example_short_circuit_operator.py
[2025-03-06T13:16:01.732+0000] {processor.py:840} INFO - DAG(s) 'example_short_circuit_operator' retrieved from /home/airflow/.local/lib/python3.10/site-packages/airflow/example_dags/example_short_circuit_operator.py
[2025-03-06T13:16:01.801+0000] {logging_mixin.py:188} INFO - [2025-03-06T13:16:01.801+0000] {dag.py:3036} INFO - Sync 1 DAGs
[2025-03-06T13:16:01.897+0000] {logging_mixin.py:188} INFO - [2025-03-06T13:16:01.896+0000] {dag.py:3823} INFO - Setting next_dagrun for example_short_circuit_operator to 2025-03-05 00:00:00+00:00, run_after=2025-03-06 00:00:00+00:00
[2025-03-06T13:16:02.128+0000] {processor.py:183} INFO - Processing /home/airflow/.local/lib/python3.10/site-packages/airflow/example_dags/example_short_circuit_operator.py took 0.425 seconds
[2025-03-06T13:16:54.254+0000] {processor.py:161} INFO - Started process (PID=233) to work on /home/airflow/.local/lib/python3.10/site-packages/airflow/example_dags/example_short_circuit_operator.py
[2025-03-06T13:16:54.258+0000] {processor.py:830} INFO - Processing file /home/airflow/.local/lib/python3.10/site-packages/airflow/example_dags/example_short_circuit_operator.py for tasks to queue
[2025-03-06T13:16:54.263+0000] {logging_mixin.py:188} INFO - [2025-03-06T13:16:54.261+0000] {dagbag.py:538} INFO - Filling up the DagBag from /home/airflow/.local/lib/python3.10/site-packages/airflow/example_dags/example_short_circuit_operator.py
[2025-03-06T13:16:54.305+0000] {processor.py:840} INFO - DAG(s) 'example_short_circuit_operator' retrieved from /home/airflow/.local/lib/python3.10/site-packages/airflow/example_dags/example_short_circuit_operator.py
[2025-03-06T13:16:54.402+0000] {logging_mixin.py:188} INFO - [2025-03-06T13:16:54.402+0000] {dag.py:3036} INFO - Sync 1 DAGs
[2025-03-06T13:16:54.458+0000] {logging_mixin.py:188} INFO - [2025-03-06T13:16:54.457+0000] {dag.py:3823} INFO - Setting next_dagrun for example_short_circuit_operator to 2025-03-05 00:00:00+00:00, run_after=2025-03-06 00:00:00+00:00
[2025-03-06T13:16:54.632+0000] {processor.py:183} INFO - Processing /home/airflow/.local/lib/python3.10/site-packages/airflow/example_dags/example_short_circuit_operator.py took 0.391 seconds
[2025-03-06T13:17:54.311+0000] {processor.py:161} INFO - Started process (PID=266) to work on /home/airflow/.local/lib/python3.10/site-packages/airflow/example_dags/example_short_circuit_operator.py
[2025-03-06T13:17:54.315+0000] {processor.py:830} INFO - Processing file /home/airflow/.local/lib/python3.10/site-packages/airflow/example_dags/example_short_circuit_operator.py for tasks to queue
[2025-03-06T13:17:54.318+0000] {logging_mixin.py:188} INFO - [2025-03-06T13:17:54.317+0000] {dagbag.py:538} INFO - Filling up the DagBag from /home/airflow/.local/lib/python3.10/site-packages/airflow/example_dags/example_short_circuit_operator.py
[2025-03-06T13:17:54.342+0000] {processor.py:840} INFO - DAG(s) 'example_short_circuit_operator' retrieved from /home/airflow/.local/lib/python3.10/site-packages/airflow/example_dags/example_short_circuit_operator.py
[2025-03-06T13:17:54.416+0000] {logging_mixin.py:188} INFO - [2025-03-06T13:17:54.416+0000] {dag.py:3036} INFO - Sync 1 DAGs
[2025-03-06T13:17:54.463+0000] {logging_mixin.py:188} INFO - [2025-03-06T13:17:54.463+0000] {dag.py:3823} INFO - Setting next_dagrun for example_short_circuit_operator to 2025-03-05 00:00:00+00:00, run_after=2025-03-06 00:00:00+00:00
[2025-03-06T13:17:54.591+0000] {processor.py:183} INFO - Processing /home/airflow/.local/lib/python3.10/site-packages/airflow/example_dags/example_short_circuit_operator.py took 0.288 seconds
