[2025-03-06T12:55:01.875+0000] {processor.py:161} INFO - Started process (PID=65) to work on /home/airflow/.local/lib/python3.10/site-packages/airflow/example_dags/example_complex.py
[2025-03-06T12:55:01.878+0000] {processor.py:830} INFO - Processing file /home/airflow/.local/lib/python3.10/site-packages/airflow/example_dags/example_complex.py for tasks to queue
[2025-03-06T12:55:01.881+0000] {logging_mixin.py:188} INFO - [2025-03-06T12:55:01.880+0000] {dagbag.py:538} INFO - Filling up the DagBag from /home/airflow/.local/lib/python3.10/site-packages/airflow/example_dags/example_complex.py
[2025-03-06T12:55:01.926+0000] {processor.py:840} INFO - DAG(s) 'example_complex' retrieved from /home/airflow/.local/lib/python3.10/site-packages/airflow/example_dags/example_complex.py
[2025-03-06T12:55:02.295+0000] {logging_mixin.py:188} INFO - [2025-03-06T12:55:02.294+0000] {dag.py:3036} INFO - Sync 1 DAGs
[2025-03-06T12:55:02.328+0000] {logging_mixin.py:188} INFO - [2025-03-06T12:55:02.327+0000] {dag.py:3823} INFO - Setting next_dagrun for example_complex to None, run_after=None
[2025-03-06T12:55:02.468+0000] {processor.py:183} INFO - Processing /home/airflow/.local/lib/python3.10/site-packages/airflow/example_dags/example_complex.py took 0.603 seconds
[2025-03-06T12:56:49.446+0000] {processor.py:161} INFO - Started process (PID=128) to work on /home/airflow/.local/lib/python3.10/site-packages/airflow/example_dags/example_complex.py
[2025-03-06T12:56:49.449+0000] {processor.py:830} INFO - Processing file /home/airflow/.local/lib/python3.10/site-packages/airflow/example_dags/example_complex.py for tasks to queue
[2025-03-06T12:56:49.453+0000] {logging_mixin.py:188} INFO - [2025-03-06T12:56:49.452+0000] {dagbag.py:538} INFO - Filling up the DagBag from /home/airflow/.local/lib/python3.10/site-packages/airflow/example_dags/example_complex.py
[2025-03-06T12:56:49.481+0000] {processor.py:840} INFO - DAG(s) 'example_complex' retrieved from /home/airflow/.local/lib/python3.10/site-packages/airflow/example_dags/example_complex.py
[2025-03-06T12:56:49.561+0000] {logging_mixin.py:188} INFO - [2025-03-06T12:56:49.561+0000] {dag.py:3036} INFO - Sync 1 DAGs
[2025-03-06T12:56:49.588+0000] {logging_mixin.py:188} INFO - [2025-03-06T12:56:49.588+0000] {dag.py:3823} INFO - Setting next_dagrun for example_complex to None, run_after=None
[2025-03-06T12:56:49.732+0000] {processor.py:183} INFO - Processing /home/airflow/.local/lib/python3.10/site-packages/airflow/example_dags/example_complex.py took 0.292 seconds
[2025-03-06T12:58:26.256+0000] {processor.py:161} INFO - Started process (PID=188) to work on /home/airflow/.local/lib/python3.10/site-packages/airflow/example_dags/example_complex.py
[2025-03-06T12:58:26.258+0000] {processor.py:830} INFO - Processing file /home/airflow/.local/lib/python3.10/site-packages/airflow/example_dags/example_complex.py for tasks to queue
[2025-03-06T12:58:26.260+0000] {logging_mixin.py:188} INFO - [2025-03-06T12:58:26.260+0000] {dagbag.py:538} INFO - Filling up the DagBag from /home/airflow/.local/lib/python3.10/site-packages/airflow/example_dags/example_complex.py
[2025-03-06T12:58:26.282+0000] {processor.py:840} INFO - DAG(s) 'example_complex' retrieved from /home/airflow/.local/lib/python3.10/site-packages/airflow/example_dags/example_complex.py
[2025-03-06T12:58:26.357+0000] {logging_mixin.py:188} INFO - [2025-03-06T12:58:26.356+0000] {dag.py:3036} INFO - Sync 1 DAGs
[2025-03-06T12:58:26.382+0000] {logging_mixin.py:188} INFO - [2025-03-06T12:58:26.382+0000] {dag.py:3823} INFO - Setting next_dagrun for example_complex to None, run_after=None
[2025-03-06T12:58:26.514+0000] {processor.py:183} INFO - Processing /home/airflow/.local/lib/python3.10/site-packages/airflow/example_dags/example_complex.py took 0.263 seconds
[2025-03-06T12:59:45.567+0000] {processor.py:161} INFO - Started process (PID=244) to work on /home/airflow/.local/lib/python3.10/site-packages/airflow/example_dags/example_complex.py
[2025-03-06T12:59:45.570+0000] {processor.py:830} INFO - Processing file /home/airflow/.local/lib/python3.10/site-packages/airflow/example_dags/example_complex.py for tasks to queue
[2025-03-06T12:59:45.572+0000] {logging_mixin.py:188} INFO - [2025-03-06T12:59:45.571+0000] {dagbag.py:538} INFO - Filling up the DagBag from /home/airflow/.local/lib/python3.10/site-packages/airflow/example_dags/example_complex.py
[2025-03-06T12:59:45.591+0000] {processor.py:840} INFO - DAG(s) 'example_complex' retrieved from /home/airflow/.local/lib/python3.10/site-packages/airflow/example_dags/example_complex.py
[2025-03-06T12:59:45.664+0000] {logging_mixin.py:188} INFO - [2025-03-06T12:59:45.663+0000] {dag.py:3036} INFO - Sync 1 DAGs
[2025-03-06T12:59:45.691+0000] {logging_mixin.py:188} INFO - [2025-03-06T12:59:45.690+0000] {dag.py:3823} INFO - Setting next_dagrun for example_complex to None, run_after=None
[2025-03-06T12:59:45.824+0000] {processor.py:183} INFO - Processing /home/airflow/.local/lib/python3.10/site-packages/airflow/example_dags/example_complex.py took 0.262 seconds
[2025-03-06T13:01:08.544+0000] {processor.py:161} INFO - Started process (PID=301) to work on /home/airflow/.local/lib/python3.10/site-packages/airflow/example_dags/example_complex.py
[2025-03-06T13:01:08.546+0000] {processor.py:830} INFO - Processing file /home/airflow/.local/lib/python3.10/site-packages/airflow/example_dags/example_complex.py for tasks to queue
[2025-03-06T13:01:08.548+0000] {logging_mixin.py:188} INFO - [2025-03-06T13:01:08.548+0000] {dagbag.py:538} INFO - Filling up the DagBag from /home/airflow/.local/lib/python3.10/site-packages/airflow/example_dags/example_complex.py
[2025-03-06T13:01:08.575+0000] {processor.py:840} INFO - DAG(s) 'example_complex' retrieved from /home/airflow/.local/lib/python3.10/site-packages/airflow/example_dags/example_complex.py
[2025-03-06T13:01:08.648+0000] {logging_mixin.py:188} INFO - [2025-03-06T13:01:08.648+0000] {dag.py:3036} INFO - Sync 1 DAGs
[2025-03-06T13:01:08.673+0000] {logging_mixin.py:188} INFO - [2025-03-06T13:01:08.672+0000] {dag.py:3823} INFO - Setting next_dagrun for example_complex to None, run_after=None
[2025-03-06T13:01:08.807+0000] {processor.py:183} INFO - Processing /home/airflow/.local/lib/python3.10/site-packages/airflow/example_dags/example_complex.py took 0.268 seconds
[2025-03-06T13:04:41.724+0000] {processor.py:161} INFO - Started process (PID=66) to work on /home/airflow/.local/lib/python3.10/site-packages/airflow/example_dags/example_complex.py
[2025-03-06T13:04:41.728+0000] {processor.py:830} INFO - Processing file /home/airflow/.local/lib/python3.10/site-packages/airflow/example_dags/example_complex.py for tasks to queue
[2025-03-06T13:04:41.732+0000] {logging_mixin.py:188} INFO - [2025-03-06T13:04:41.730+0000] {dagbag.py:538} INFO - Filling up the DagBag from /home/airflow/.local/lib/python3.10/site-packages/airflow/example_dags/example_complex.py
[2025-03-06T13:04:41.798+0000] {processor.py:840} INFO - DAG(s) 'example_complex' retrieved from /home/airflow/.local/lib/python3.10/site-packages/airflow/example_dags/example_complex.py
[2025-03-06T13:04:41.956+0000] {logging_mixin.py:188} INFO - [2025-03-06T13:04:41.955+0000] {dag.py:3036} INFO - Sync 1 DAGs
[2025-03-06T13:04:41.998+0000] {logging_mixin.py:188} INFO - [2025-03-06T13:04:41.997+0000] {dag.py:3823} INFO - Setting next_dagrun for example_complex to None, run_after=None
[2025-03-06T13:04:42.142+0000] {processor.py:183} INFO - Processing /home/airflow/.local/lib/python3.10/site-packages/airflow/example_dags/example_complex.py took 0.428 seconds
[2025-03-06T13:06:19.300+0000] {processor.py:161} INFO - Started process (PID=127) to work on /home/airflow/.local/lib/python3.10/site-packages/airflow/example_dags/example_complex.py
[2025-03-06T13:06:19.303+0000] {processor.py:830} INFO - Processing file /home/airflow/.local/lib/python3.10/site-packages/airflow/example_dags/example_complex.py for tasks to queue
[2025-03-06T13:06:19.307+0000] {logging_mixin.py:188} INFO - [2025-03-06T13:06:19.306+0000] {dagbag.py:538} INFO - Filling up the DagBag from /home/airflow/.local/lib/python3.10/site-packages/airflow/example_dags/example_complex.py
[2025-03-06T13:06:19.354+0000] {processor.py:840} INFO - DAG(s) 'example_complex' retrieved from /home/airflow/.local/lib/python3.10/site-packages/airflow/example_dags/example_complex.py
[2025-03-06T13:06:19.462+0000] {logging_mixin.py:188} INFO - [2025-03-06T13:06:19.461+0000] {dag.py:3036} INFO - Sync 1 DAGs
[2025-03-06T13:06:19.504+0000] {logging_mixin.py:188} INFO - [2025-03-06T13:06:19.504+0000] {dag.py:3823} INFO - Setting next_dagrun for example_complex to None, run_after=None
[2025-03-06T13:06:19.646+0000] {processor.py:183} INFO - Processing /home/airflow/.local/lib/python3.10/site-packages/airflow/example_dags/example_complex.py took 0.356 seconds
[2025-03-06T13:08:05.885+0000] {processor.py:161} INFO - Started process (PID=191) to work on /home/airflow/.local/lib/python3.10/site-packages/airflow/example_dags/example_complex.py
[2025-03-06T13:08:05.887+0000] {processor.py:830} INFO - Processing file /home/airflow/.local/lib/python3.10/site-packages/airflow/example_dags/example_complex.py for tasks to queue
[2025-03-06T13:08:05.889+0000] {logging_mixin.py:188} INFO - [2025-03-06T13:08:05.889+0000] {dagbag.py:538} INFO - Filling up the DagBag from /home/airflow/.local/lib/python3.10/site-packages/airflow/example_dags/example_complex.py
[2025-03-06T13:08:05.912+0000] {processor.py:840} INFO - DAG(s) 'example_complex' retrieved from /home/airflow/.local/lib/python3.10/site-packages/airflow/example_dags/example_complex.py
[2025-03-06T13:08:05.998+0000] {logging_mixin.py:188} INFO - [2025-03-06T13:08:05.998+0000] {dag.py:3036} INFO - Sync 1 DAGs
[2025-03-06T13:08:06.026+0000] {logging_mixin.py:188} INFO - [2025-03-06T13:08:06.026+0000] {dag.py:3823} INFO - Setting next_dagrun for example_complex to None, run_after=None
[2025-03-06T13:08:06.166+0000] {processor.py:183} INFO - Processing /home/airflow/.local/lib/python3.10/site-packages/airflow/example_dags/example_complex.py took 0.286 seconds
[2025-03-06T13:09:34.356+0000] {processor.py:161} INFO - Started process (PID=249) to work on /home/airflow/.local/lib/python3.10/site-packages/airflow/example_dags/example_complex.py
[2025-03-06T13:09:34.358+0000] {processor.py:830} INFO - Processing file /home/airflow/.local/lib/python3.10/site-packages/airflow/example_dags/example_complex.py for tasks to queue
[2025-03-06T13:09:34.361+0000] {logging_mixin.py:188} INFO - [2025-03-06T13:09:34.360+0000] {dagbag.py:538} INFO - Filling up the DagBag from /home/airflow/.local/lib/python3.10/site-packages/airflow/example_dags/example_complex.py
[2025-03-06T13:09:34.391+0000] {processor.py:840} INFO - DAG(s) 'example_complex' retrieved from /home/airflow/.local/lib/python3.10/site-packages/airflow/example_dags/example_complex.py
[2025-03-06T13:09:34.470+0000] {logging_mixin.py:188} INFO - [2025-03-06T13:09:34.469+0000] {dag.py:3036} INFO - Sync 1 DAGs
[2025-03-06T13:09:34.494+0000] {logging_mixin.py:188} INFO - [2025-03-06T13:09:34.493+0000] {dag.py:3823} INFO - Setting next_dagrun for example_complex to None, run_after=None
[2025-03-06T13:09:34.622+0000] {processor.py:183} INFO - Processing /home/airflow/.local/lib/python3.10/site-packages/airflow/example_dags/example_complex.py took 0.272 seconds
[2025-03-06T13:12:16.068+0000] {processor.py:161} INFO - Started process (PID=66) to work on /home/airflow/.local/lib/python3.10/site-packages/airflow/example_dags/example_complex.py
[2025-03-06T13:12:16.071+0000] {processor.py:830} INFO - Processing file /home/airflow/.local/lib/python3.10/site-packages/airflow/example_dags/example_complex.py for tasks to queue
[2025-03-06T13:12:16.075+0000] {logging_mixin.py:188} INFO - [2025-03-06T13:12:16.073+0000] {dagbag.py:538} INFO - Filling up the DagBag from /home/airflow/.local/lib/python3.10/site-packages/airflow/example_dags/example_complex.py
[2025-03-06T13:12:16.108+0000] {processor.py:840} INFO - DAG(s) 'example_complex' retrieved from /home/airflow/.local/lib/python3.10/site-packages/airflow/example_dags/example_complex.py
[2025-03-06T13:12:16.217+0000] {logging_mixin.py:188} INFO - [2025-03-06T13:12:16.216+0000] {dag.py:3036} INFO - Sync 1 DAGs
[2025-03-06T13:12:16.254+0000] {logging_mixin.py:188} INFO - [2025-03-06T13:12:16.254+0000] {dag.py:3823} INFO - Setting next_dagrun for example_complex to None, run_after=None
[2025-03-06T13:12:16.427+0000] {processor.py:183} INFO - Processing /home/airflow/.local/lib/python3.10/site-packages/airflow/example_dags/example_complex.py took 0.366 seconds
[2025-03-06T13:14:06.819+0000] {processor.py:161} INFO - Started process (PID=130) to work on /home/airflow/.local/lib/python3.10/site-packages/airflow/example_dags/example_complex.py
[2025-03-06T13:14:06.823+0000] {processor.py:830} INFO - Processing file /home/airflow/.local/lib/python3.10/site-packages/airflow/example_dags/example_complex.py for tasks to queue
[2025-03-06T13:14:06.827+0000] {logging_mixin.py:188} INFO - [2025-03-06T13:14:06.826+0000] {dagbag.py:538} INFO - Filling up the DagBag from /home/airflow/.local/lib/python3.10/site-packages/airflow/example_dags/example_complex.py
[2025-03-06T13:14:06.871+0000] {processor.py:840} INFO - DAG(s) 'example_complex' retrieved from /home/airflow/.local/lib/python3.10/site-packages/airflow/example_dags/example_complex.py
[2025-03-06T13:14:07.015+0000] {logging_mixin.py:188} INFO - [2025-03-06T13:14:07.015+0000] {dag.py:3036} INFO - Sync 1 DAGs
[2025-03-06T13:14:07.056+0000] {logging_mixin.py:188} INFO - [2025-03-06T13:14:07.055+0000] {dag.py:3823} INFO - Setting next_dagrun for example_complex to None, run_after=None
[2025-03-06T13:14:07.226+0000] {processor.py:183} INFO - Processing /home/airflow/.local/lib/python3.10/site-packages/airflow/example_dags/example_complex.py took 0.417 seconds
[2025-03-06T13:15:42.974+0000] {processor.py:161} INFO - Started process (PID=192) to work on /home/airflow/.local/lib/python3.10/site-packages/airflow/example_dags/example_complex.py
[2025-03-06T13:15:42.976+0000] {processor.py:830} INFO - Processing file /home/airflow/.local/lib/python3.10/site-packages/airflow/example_dags/example_complex.py for tasks to queue
[2025-03-06T13:15:42.978+0000] {logging_mixin.py:188} INFO - [2025-03-06T13:15:42.978+0000] {dagbag.py:538} INFO - Filling up the DagBag from /home/airflow/.local/lib/python3.10/site-packages/airflow/example_dags/example_complex.py
[2025-03-06T13:15:43.015+0000] {processor.py:840} INFO - DAG(s) 'example_complex' retrieved from /home/airflow/.local/lib/python3.10/site-packages/airflow/example_dags/example_complex.py
[2025-03-06T13:15:43.128+0000] {logging_mixin.py:188} INFO - [2025-03-06T13:15:43.127+0000] {dag.py:3036} INFO - Sync 1 DAGs
[2025-03-06T13:15:43.158+0000] {logging_mixin.py:188} INFO - [2025-03-06T13:15:43.158+0000] {dag.py:3823} INFO - Setting next_dagrun for example_complex to None, run_after=None
[2025-03-06T13:15:43.274+0000] {processor.py:183} INFO - Processing /home/airflow/.local/lib/python3.10/site-packages/airflow/example_dags/example_complex.py took 0.311 seconds
[2025-03-06T13:17:34.689+0000] {processor.py:161} INFO - Started process (PID=254) to work on /home/airflow/.local/lib/python3.10/site-packages/airflow/example_dags/example_complex.py
[2025-03-06T13:17:34.692+0000] {processor.py:830} INFO - Processing file /home/airflow/.local/lib/python3.10/site-packages/airflow/example_dags/example_complex.py for tasks to queue
[2025-03-06T13:17:34.694+0000] {logging_mixin.py:188} INFO - [2025-03-06T13:17:34.694+0000] {dagbag.py:538} INFO - Filling up the DagBag from /home/airflow/.local/lib/python3.10/site-packages/airflow/example_dags/example_complex.py
[2025-03-06T13:17:34.728+0000] {processor.py:840} INFO - DAG(s) 'example_complex' retrieved from /home/airflow/.local/lib/python3.10/site-packages/airflow/example_dags/example_complex.py
[2025-03-06T13:17:34.820+0000] {logging_mixin.py:188} INFO - [2025-03-06T13:17:34.820+0000] {dag.py:3036} INFO - Sync 1 DAGs
[2025-03-06T13:17:34.854+0000] {logging_mixin.py:188} INFO - [2025-03-06T13:17:34.853+0000] {dag.py:3823} INFO - Setting next_dagrun for example_complex to None, run_after=None
[2025-03-06T13:17:35.042+0000] {processor.py:183} INFO - Processing /home/airflow/.local/lib/python3.10/site-packages/airflow/example_dags/example_complex.py took 0.364 seconds
