[2025-03-06T12:54:28.920+0000] {processor.py:161} INFO - Started process (PID=47) to work on /home/airflow/.local/lib/python3.10/site-packages/airflow/example_dags/example_setup_teardown.py
[2025-03-06T12:54:28.922+0000] {processor.py:830} INFO - Processing file /home/airflow/.local/lib/python3.10/site-packages/airflow/example_dags/example_setup_teardown.py for tasks to queue
[2025-03-06T12:54:28.924+0000] {logging_mixin.py:188} INFO - [2025-03-06T12:54:28.924+0000] {dagbag.py:538} INFO - Filling up the DagBag from /home/airflow/.local/lib/python3.10/site-packages/airflow/example_dags/example_setup_teardown.py
[2025-03-06T12:54:28.943+0000] {processor.py:840} INFO - DAG(s) 'example_setup_teardown' retrieved from /home/airflow/.local/lib/python3.10/site-packages/airflow/example_dags/example_setup_teardown.py
[2025-03-06T12:54:29.223+0000] {logging_mixin.py:188} INFO - [2025-03-06T12:54:29.222+0000] {dag.py:3036} INFO - Sync 1 DAGs
[2025-03-06T12:54:29.274+0000] {logging_mixin.py:188} INFO - [2025-03-06T12:54:29.273+0000] {dag.py:3823} INFO - Setting next_dagrun for example_setup_teardown to 2025-03-05 00:00:00+00:00, run_after=2025-03-06 00:00:00+00:00
[2025-03-06T12:54:29.405+0000] {processor.py:183} INFO - Processing /home/airflow/.local/lib/python3.10/site-packages/airflow/example_dags/example_setup_teardown.py took 0.490 seconds
[2025-03-06T12:55:52.961+0000] {processor.py:161} INFO - Started process (PID=96) to work on /home/airflow/.local/lib/python3.10/site-packages/airflow/example_dags/example_setup_teardown.py
[2025-03-06T12:55:52.965+0000] {processor.py:830} INFO - Processing file /home/airflow/.local/lib/python3.10/site-packages/airflow/example_dags/example_setup_teardown.py for tasks to queue
[2025-03-06T12:55:52.967+0000] {logging_mixin.py:188} INFO - [2025-03-06T12:55:52.966+0000] {dagbag.py:538} INFO - Filling up the DagBag from /home/airflow/.local/lib/python3.10/site-packages/airflow/example_dags/example_setup_teardown.py
[2025-03-06T12:55:52.990+0000] {processor.py:840} INFO - DAG(s) 'example_setup_teardown' retrieved from /home/airflow/.local/lib/python3.10/site-packages/airflow/example_dags/example_setup_teardown.py
[2025-03-06T12:55:53.040+0000] {logging_mixin.py:188} INFO - [2025-03-06T12:55:53.039+0000] {dag.py:3036} INFO - Sync 1 DAGs
[2025-03-06T12:55:53.093+0000] {logging_mixin.py:188} INFO - [2025-03-06T12:55:53.092+0000] {dag.py:3823} INFO - Setting next_dagrun for example_setup_teardown to 2025-03-05 00:00:00+00:00, run_after=2025-03-06 00:00:00+00:00
[2025-03-06T12:55:53.233+0000] {processor.py:183} INFO - Processing /home/airflow/.local/lib/python3.10/site-packages/airflow/example_dags/example_setup_teardown.py took 0.283 seconds
[2025-03-06T12:57:40.030+0000] {processor.py:161} INFO - Started process (PID=157) to work on /home/airflow/.local/lib/python3.10/site-packages/airflow/example_dags/example_setup_teardown.py
[2025-03-06T12:57:40.060+0000] {processor.py:830} INFO - Processing file /home/airflow/.local/lib/python3.10/site-packages/airflow/example_dags/example_setup_teardown.py for tasks to queue
[2025-03-06T12:57:40.101+0000] {logging_mixin.py:188} INFO - [2025-03-06T12:57:40.099+0000] {dagbag.py:538} INFO - Filling up the DagBag from /home/airflow/.local/lib/python3.10/site-packages/airflow/example_dags/example_setup_teardown.py
[2025-03-06T12:57:40.166+0000] {processor.py:840} INFO - DAG(s) 'example_setup_teardown' retrieved from /home/airflow/.local/lib/python3.10/site-packages/airflow/example_dags/example_setup_teardown.py
[2025-03-06T12:57:40.444+0000] {logging_mixin.py:188} INFO - [2025-03-06T12:57:40.443+0000] {dag.py:3036} INFO - Sync 1 DAGs
[2025-03-06T12:57:40.663+0000] {logging_mixin.py:188} INFO - [2025-03-06T12:57:40.662+0000] {dag.py:3823} INFO - Setting next_dagrun for example_setup_teardown to 2025-03-05 00:00:00+00:00, run_after=2025-03-06 00:00:00+00:00
[2025-03-06T12:57:40.898+0000] {processor.py:183} INFO - Processing /home/airflow/.local/lib/python3.10/site-packages/airflow/example_dags/example_setup_teardown.py took 0.886 seconds
[2025-03-06T12:59:03.726+0000] {processor.py:161} INFO - Started process (PID=216) to work on /home/airflow/.local/lib/python3.10/site-packages/airflow/example_dags/example_setup_teardown.py
[2025-03-06T12:59:03.729+0000] {processor.py:830} INFO - Processing file /home/airflow/.local/lib/python3.10/site-packages/airflow/example_dags/example_setup_teardown.py for tasks to queue
[2025-03-06T12:59:03.731+0000] {logging_mixin.py:188} INFO - [2025-03-06T12:59:03.730+0000] {dagbag.py:538} INFO - Filling up the DagBag from /home/airflow/.local/lib/python3.10/site-packages/airflow/example_dags/example_setup_teardown.py
[2025-03-06T12:59:03.755+0000] {processor.py:840} INFO - DAG(s) 'example_setup_teardown' retrieved from /home/airflow/.local/lib/python3.10/site-packages/airflow/example_dags/example_setup_teardown.py
[2025-03-06T12:59:03.816+0000] {logging_mixin.py:188} INFO - [2025-03-06T12:59:03.816+0000] {dag.py:3036} INFO - Sync 1 DAGs
[2025-03-06T12:59:03.876+0000] {logging_mixin.py:188} INFO - [2025-03-06T12:59:03.875+0000] {dag.py:3823} INFO - Setting next_dagrun for example_setup_teardown to 2025-03-05 00:00:00+00:00, run_after=2025-03-06 00:00:00+00:00
[2025-03-06T12:59:03.995+0000] {processor.py:183} INFO - Processing /home/airflow/.local/lib/python3.10/site-packages/airflow/example_dags/example_setup_teardown.py took 0.275 seconds
[2025-03-06T13:00:23.751+0000] {processor.py:161} INFO - Started process (PID=271) to work on /home/airflow/.local/lib/python3.10/site-packages/airflow/example_dags/example_setup_teardown.py
[2025-03-06T13:00:23.753+0000] {processor.py:830} INFO - Processing file /home/airflow/.local/lib/python3.10/site-packages/airflow/example_dags/example_setup_teardown.py for tasks to queue
[2025-03-06T13:00:23.755+0000] {logging_mixin.py:188} INFO - [2025-03-06T13:00:23.754+0000] {dagbag.py:538} INFO - Filling up the DagBag from /home/airflow/.local/lib/python3.10/site-packages/airflow/example_dags/example_setup_teardown.py
[2025-03-06T13:00:23.770+0000] {processor.py:840} INFO - DAG(s) 'example_setup_teardown' retrieved from /home/airflow/.local/lib/python3.10/site-packages/airflow/example_dags/example_setup_teardown.py
[2025-03-06T13:00:23.819+0000] {logging_mixin.py:188} INFO - [2025-03-06T13:00:23.819+0000] {dag.py:3036} INFO - Sync 1 DAGs
[2025-03-06T13:00:23.889+0000] {logging_mixin.py:188} INFO - [2025-03-06T13:00:23.888+0000] {dag.py:3823} INFO - Setting next_dagrun for example_setup_teardown to 2025-03-05 00:00:00+00:00, run_after=2025-03-06 00:00:00+00:00
[2025-03-06T13:00:24.098+0000] {processor.py:183} INFO - Processing /home/airflow/.local/lib/python3.10/site-packages/airflow/example_dags/example_setup_teardown.py took 0.352 seconds
[2025-03-06T13:01:48.315+0000] {processor.py:161} INFO - Started process (PID=327) to work on /home/airflow/.local/lib/python3.10/site-packages/airflow/example_dags/example_setup_teardown.py
[2025-03-06T13:01:48.318+0000] {processor.py:830} INFO - Processing file /home/airflow/.local/lib/python3.10/site-packages/airflow/example_dags/example_setup_teardown.py for tasks to queue
[2025-03-06T13:01:48.321+0000] {logging_mixin.py:188} INFO - [2025-03-06T13:01:48.320+0000] {dagbag.py:538} INFO - Filling up the DagBag from /home/airflow/.local/lib/python3.10/site-packages/airflow/example_dags/example_setup_teardown.py
[2025-03-06T13:01:48.350+0000] {processor.py:840} INFO - DAG(s) 'example_setup_teardown' retrieved from /home/airflow/.local/lib/python3.10/site-packages/airflow/example_dags/example_setup_teardown.py
[2025-03-06T13:01:48.405+0000] {logging_mixin.py:188} INFO - [2025-03-06T13:01:48.405+0000] {dag.py:3036} INFO - Sync 1 DAGs
[2025-03-06T13:01:48.472+0000] {logging_mixin.py:188} INFO - [2025-03-06T13:01:48.472+0000] {dag.py:3823} INFO - Setting next_dagrun for example_setup_teardown to 2025-03-05 00:00:00+00:00, run_after=2025-03-06 00:00:00+00:00
[2025-03-06T13:01:48.625+0000] {processor.py:183} INFO - Processing /home/airflow/.local/lib/python3.10/site-packages/airflow/example_dags/example_setup_teardown.py took 0.319 seconds
[2025-03-06T13:04:09.665+0000] {processor.py:161} INFO - Started process (PID=48) to work on /home/airflow/.local/lib/python3.10/site-packages/airflow/example_dags/example_setup_teardown.py
[2025-03-06T13:04:09.671+0000] {processor.py:830} INFO - Processing file /home/airflow/.local/lib/python3.10/site-packages/airflow/example_dags/example_setup_teardown.py for tasks to queue
[2025-03-06T13:04:09.678+0000] {logging_mixin.py:188} INFO - [2025-03-06T13:04:09.677+0000] {dagbag.py:538} INFO - Filling up the DagBag from /home/airflow/.local/lib/python3.10/site-packages/airflow/example_dags/example_setup_teardown.py
[2025-03-06T13:04:09.715+0000] {processor.py:840} INFO - DAG(s) 'example_setup_teardown' retrieved from /home/airflow/.local/lib/python3.10/site-packages/airflow/example_dags/example_setup_teardown.py
[2025-03-06T13:04:09.860+0000] {logging_mixin.py:188} INFO - [2025-03-06T13:04:09.859+0000] {dag.py:3036} INFO - Sync 1 DAGs
[2025-03-06T13:04:09.974+0000] {logging_mixin.py:188} INFO - [2025-03-06T13:04:09.973+0000] {dag.py:3823} INFO - Setting next_dagrun for example_setup_teardown to 2025-03-05 00:00:00+00:00, run_after=2025-03-06 00:00:00+00:00
[2025-03-06T13:04:10.099+0000] {processor.py:183} INFO - Processing /home/airflow/.local/lib/python3.10/site-packages/airflow/example_dags/example_setup_teardown.py took 0.444 seconds
[2025-03-06T13:05:30.649+0000] {processor.py:161} INFO - Started process (PID=97) to work on /home/airflow/.local/lib/python3.10/site-packages/airflow/example_dags/example_setup_teardown.py
[2025-03-06T13:05:30.654+0000] {processor.py:830} INFO - Processing file /home/airflow/.local/lib/python3.10/site-packages/airflow/example_dags/example_setup_teardown.py for tasks to queue
[2025-03-06T13:05:30.657+0000] {logging_mixin.py:188} INFO - [2025-03-06T13:05:30.656+0000] {dagbag.py:538} INFO - Filling up the DagBag from /home/airflow/.local/lib/python3.10/site-packages/airflow/example_dags/example_setup_teardown.py
[2025-03-06T13:05:30.676+0000] {processor.py:840} INFO - DAG(s) 'example_setup_teardown' retrieved from /home/airflow/.local/lib/python3.10/site-packages/airflow/example_dags/example_setup_teardown.py
[2025-03-06T13:05:30.743+0000] {logging_mixin.py:188} INFO - [2025-03-06T13:05:30.743+0000] {dag.py:3036} INFO - Sync 1 DAGs
[2025-03-06T13:05:30.809+0000] {logging_mixin.py:188} INFO - [2025-03-06T13:05:30.808+0000] {dag.py:3823} INFO - Setting next_dagrun for example_setup_teardown to 2025-03-05 00:00:00+00:00, run_after=2025-03-06 00:00:00+00:00
[2025-03-06T13:05:30.979+0000] {processor.py:183} INFO - Processing /home/airflow/.local/lib/python3.10/site-packages/airflow/example_dags/example_setup_teardown.py took 0.338 seconds
[2025-03-06T13:07:09.967+0000] {processor.py:161} INFO - Started process (PID=158) to work on /home/airflow/.local/lib/python3.10/site-packages/airflow/example_dags/example_setup_teardown.py
[2025-03-06T13:07:09.969+0000] {processor.py:830} INFO - Processing file /home/airflow/.local/lib/python3.10/site-packages/airflow/example_dags/example_setup_teardown.py for tasks to queue
[2025-03-06T13:07:09.972+0000] {logging_mixin.py:188} INFO - [2025-03-06T13:07:09.971+0000] {dagbag.py:538} INFO - Filling up the DagBag from /home/airflow/.local/lib/python3.10/site-packages/airflow/example_dags/example_setup_teardown.py
[2025-03-06T13:07:09.988+0000] {processor.py:840} INFO - DAG(s) 'example_setup_teardown' retrieved from /home/airflow/.local/lib/python3.10/site-packages/airflow/example_dags/example_setup_teardown.py
[2025-03-06T13:07:10.046+0000] {logging_mixin.py:188} INFO - [2025-03-06T13:07:10.045+0000] {dag.py:3036} INFO - Sync 1 DAGs
[2025-03-06T13:07:10.113+0000] {logging_mixin.py:188} INFO - [2025-03-06T13:07:10.112+0000] {dag.py:3823} INFO - Setting next_dagrun for example_setup_teardown to 2025-03-05 00:00:00+00:00, run_after=2025-03-06 00:00:00+00:00
[2025-03-06T13:07:10.264+0000] {processor.py:183} INFO - Processing /home/airflow/.local/lib/python3.10/site-packages/airflow/example_dags/example_setup_teardown.py took 0.304 seconds
[2025-03-06T13:08:46.890+0000] {processor.py:161} INFO - Started process (PID=219) to work on /home/airflow/.local/lib/python3.10/site-packages/airflow/example_dags/example_setup_teardown.py
[2025-03-06T13:08:46.892+0000] {processor.py:830} INFO - Processing file /home/airflow/.local/lib/python3.10/site-packages/airflow/example_dags/example_setup_teardown.py for tasks to queue
[2025-03-06T13:08:46.895+0000] {logging_mixin.py:188} INFO - [2025-03-06T13:08:46.894+0000] {dagbag.py:538} INFO - Filling up the DagBag from /home/airflow/.local/lib/python3.10/site-packages/airflow/example_dags/example_setup_teardown.py
[2025-03-06T13:08:46.919+0000] {processor.py:840} INFO - DAG(s) 'example_setup_teardown' retrieved from /home/airflow/.local/lib/python3.10/site-packages/airflow/example_dags/example_setup_teardown.py
[2025-03-06T13:08:46.989+0000] {logging_mixin.py:188} INFO - [2025-03-06T13:08:46.988+0000] {dag.py:3036} INFO - Sync 1 DAGs
[2025-03-06T13:08:47.051+0000] {logging_mixin.py:188} INFO - [2025-03-06T13:08:47.051+0000] {dag.py:3823} INFO - Setting next_dagrun for example_setup_teardown to 2025-03-05 00:00:00+00:00, run_after=2025-03-06 00:00:00+00:00
[2025-03-06T13:08:47.196+0000] {processor.py:183} INFO - Processing /home/airflow/.local/lib/python3.10/site-packages/airflow/example_dags/example_setup_teardown.py took 0.313 seconds
[2025-03-06T13:10:18.348+0000] {processor.py:161} INFO - Started process (PID=277) to work on /home/airflow/.local/lib/python3.10/site-packages/airflow/example_dags/example_setup_teardown.py
[2025-03-06T13:10:18.353+0000] {processor.py:830} INFO - Processing file /home/airflow/.local/lib/python3.10/site-packages/airflow/example_dags/example_setup_teardown.py for tasks to queue
[2025-03-06T13:10:18.356+0000] {logging_mixin.py:188} INFO - [2025-03-06T13:10:18.355+0000] {dagbag.py:538} INFO - Filling up the DagBag from /home/airflow/.local/lib/python3.10/site-packages/airflow/example_dags/example_setup_teardown.py
[2025-03-06T13:10:18.375+0000] {processor.py:840} INFO - DAG(s) 'example_setup_teardown' retrieved from /home/airflow/.local/lib/python3.10/site-packages/airflow/example_dags/example_setup_teardown.py
[2025-03-06T13:10:18.447+0000] {logging_mixin.py:188} INFO - [2025-03-06T13:10:18.447+0000] {dag.py:3036} INFO - Sync 1 DAGs
[2025-03-06T13:10:18.518+0000] {logging_mixin.py:188} INFO - [2025-03-06T13:10:18.517+0000] {dag.py:3823} INFO - Setting next_dagrun for example_setup_teardown to 2025-03-05 00:00:00+00:00, run_after=2025-03-06 00:00:00+00:00
[2025-03-06T13:10:18.679+0000] {processor.py:183} INFO - Processing /home/airflow/.local/lib/python3.10/site-packages/airflow/example_dags/example_setup_teardown.py took 0.336 seconds
[2025-03-06T13:11:47.511+0000] {processor.py:161} INFO - Started process (PID=48) to work on /home/airflow/.local/lib/python3.10/site-packages/airflow/example_dags/example_setup_teardown.py
[2025-03-06T13:11:47.514+0000] {processor.py:830} INFO - Processing file /home/airflow/.local/lib/python3.10/site-packages/airflow/example_dags/example_setup_teardown.py for tasks to queue
[2025-03-06T13:11:47.522+0000] {logging_mixin.py:188} INFO - [2025-03-06T13:11:47.521+0000] {dagbag.py:538} INFO - Filling up the DagBag from /home/airflow/.local/lib/python3.10/site-packages/airflow/example_dags/example_setup_teardown.py
[2025-03-06T13:11:47.555+0000] {processor.py:840} INFO - DAG(s) 'example_setup_teardown' retrieved from /home/airflow/.local/lib/python3.10/site-packages/airflow/example_dags/example_setup_teardown.py
[2025-03-06T13:11:47.678+0000] {logging_mixin.py:188} INFO - [2025-03-06T13:11:47.677+0000] {dag.py:3036} INFO - Sync 1 DAGs
[2025-03-06T13:11:47.776+0000] {logging_mixin.py:188} INFO - [2025-03-06T13:11:47.776+0000] {dag.py:3823} INFO - Setting next_dagrun for example_setup_teardown to 2025-03-05 00:00:00+00:00, run_after=2025-03-06 00:00:00+00:00
[2025-03-06T13:11:47.939+0000] {processor.py:183} INFO - Processing /home/airflow/.local/lib/python3.10/site-packages/airflow/example_dags/example_setup_teardown.py took 0.438 seconds
[2025-03-06T13:13:13.634+0000] {processor.py:161} INFO - Started process (PID=97) to work on /home/airflow/.local/lib/python3.10/site-packages/airflow/example_dags/example_setup_teardown.py
[2025-03-06T13:13:13.636+0000] {processor.py:830} INFO - Processing file /home/airflow/.local/lib/python3.10/site-packages/airflow/example_dags/example_setup_teardown.py for tasks to queue
[2025-03-06T13:13:13.638+0000] {logging_mixin.py:188} INFO - [2025-03-06T13:13:13.637+0000] {dagbag.py:538} INFO - Filling up the DagBag from /home/airflow/.local/lib/python3.10/site-packages/airflow/example_dags/example_setup_teardown.py
[2025-03-06T13:13:13.652+0000] {processor.py:840} INFO - DAG(s) 'example_setup_teardown' retrieved from /home/airflow/.local/lib/python3.10/site-packages/airflow/example_dags/example_setup_teardown.py
[2025-03-06T13:13:13.703+0000] {logging_mixin.py:188} INFO - [2025-03-06T13:13:13.703+0000] {dag.py:3036} INFO - Sync 1 DAGs
[2025-03-06T13:13:13.762+0000] {logging_mixin.py:188} INFO - [2025-03-06T13:13:13.762+0000] {dag.py:3823} INFO - Setting next_dagrun for example_setup_teardown to 2025-03-05 00:00:00+00:00, run_after=2025-03-06 00:00:00+00:00
[2025-03-06T13:13:13.936+0000] {processor.py:183} INFO - Processing /home/airflow/.local/lib/python3.10/site-packages/airflow/example_dags/example_setup_teardown.py took 0.307 seconds
[2025-03-06T13:14:48.884+0000] {processor.py:161} INFO - Started process (PID=157) to work on /home/airflow/.local/lib/python3.10/site-packages/airflow/example_dags/example_setup_teardown.py
[2025-03-06T13:14:48.886+0000] {processor.py:830} INFO - Processing file /home/airflow/.local/lib/python3.10/site-packages/airflow/example_dags/example_setup_teardown.py for tasks to queue
[2025-03-06T13:14:48.888+0000] {logging_mixin.py:188} INFO - [2025-03-06T13:14:48.888+0000] {dagbag.py:538} INFO - Filling up the DagBag from /home/airflow/.local/lib/python3.10/site-packages/airflow/example_dags/example_setup_teardown.py
[2025-03-06T13:14:48.904+0000] {processor.py:840} INFO - DAG(s) 'example_setup_teardown' retrieved from /home/airflow/.local/lib/python3.10/site-packages/airflow/example_dags/example_setup_teardown.py
[2025-03-06T13:14:48.970+0000] {logging_mixin.py:188} INFO - [2025-03-06T13:14:48.970+0000] {dag.py:3036} INFO - Sync 1 DAGs
[2025-03-06T13:14:49.034+0000] {logging_mixin.py:188} INFO - [2025-03-06T13:14:49.033+0000] {dag.py:3823} INFO - Setting next_dagrun for example_setup_teardown to 2025-03-05 00:00:00+00:00, run_after=2025-03-06 00:00:00+00:00
[2025-03-06T13:14:49.182+0000] {processor.py:183} INFO - Processing /home/airflow/.local/lib/python3.10/site-packages/airflow/example_dags/example_setup_teardown.py took 0.305 seconds
[2025-03-06T13:16:27.212+0000] {processor.py:161} INFO - Started process (PID=218) to work on /home/airflow/.local/lib/python3.10/site-packages/airflow/example_dags/example_setup_teardown.py
[2025-03-06T13:16:27.215+0000] {processor.py:830} INFO - Processing file /home/airflow/.local/lib/python3.10/site-packages/airflow/example_dags/example_setup_teardown.py for tasks to queue
[2025-03-06T13:16:27.218+0000] {logging_mixin.py:188} INFO - [2025-03-06T13:16:27.218+0000] {dagbag.py:538} INFO - Filling up the DagBag from /home/airflow/.local/lib/python3.10/site-packages/airflow/example_dags/example_setup_teardown.py
[2025-03-06T13:16:27.237+0000] {processor.py:840} INFO - DAG(s) 'example_setup_teardown' retrieved from /home/airflow/.local/lib/python3.10/site-packages/airflow/example_dags/example_setup_teardown.py
[2025-03-06T13:16:27.305+0000] {logging_mixin.py:188} INFO - [2025-03-06T13:16:27.304+0000] {dag.py:3036} INFO - Sync 1 DAGs
[2025-03-06T13:16:27.383+0000] {logging_mixin.py:188} INFO - [2025-03-06T13:16:27.383+0000] {dag.py:3823} INFO - Setting next_dagrun for example_setup_teardown to 2025-03-05 00:00:00+00:00, run_after=2025-03-06 00:00:00+00:00
[2025-03-06T13:16:27.570+0000] {processor.py:183} INFO - Processing /home/airflow/.local/lib/python3.10/site-packages/airflow/example_dags/example_setup_teardown.py took 0.367 seconds
