[2025-03-06T12:55:05.731+0000] {processor.py:161} INFO - Started process (PID=67) to work on /home/airflow/.local/lib/python3.10/site-packages/airflow/example_dags/example_branch_datetime_operator.py
[2025-03-06T12:55:05.733+0000] {processor.py:830} INFO - Processing file /home/airflow/.local/lib/python3.10/site-packages/airflow/example_dags/example_branch_datetime_operator.py for tasks to queue
[2025-03-06T12:55:05.736+0000] {logging_mixin.py:188} INFO - [2025-03-06T12:55:05.735+0000] {dagbag.py:538} INFO - Filling up the DagBag from /home/airflow/.local/lib/python3.10/site-packages/airflow/example_dags/example_branch_datetime_operator.py
[2025-03-06T12:55:05.756+0000] {processor.py:840} INFO - DAG(s) 'example_branch_datetime_operator_3', 'example_branch_datetime_operator', 'example_branch_datetime_operator_2' retrieved from /home/airflow/.local/lib/python3.10/site-packages/airflow/example_dags/example_branch_datetime_operator.py
[2025-03-06T12:55:06.121+0000] {logging_mixin.py:188} INFO - [2025-03-06T12:55:06.120+0000] {dag.py:3036} INFO - Sync 3 DAGs
[2025-03-06T12:55:06.182+0000] {logging_mixin.py:188} INFO - [2025-03-06T12:55:06.182+0000] {dag.py:3823} INFO - Setting next_dagrun for example_branch_datetime_operator to 2025-03-05 00:00:00+00:00, run_after=2025-03-06 00:00:00+00:00
[2025-03-06T12:55:06.198+0000] {logging_mixin.py:188} INFO - [2025-03-06T12:55:06.198+0000] {dag.py:3823} INFO - Setting next_dagrun for example_branch_datetime_operator_2 to 2025-03-05 00:00:00+00:00, run_after=2025-03-06 00:00:00+00:00
[2025-03-06T12:55:06.207+0000] {logging_mixin.py:188} INFO - [2025-03-06T12:55:06.207+0000] {dag.py:3823} INFO - Setting next_dagrun for example_branch_datetime_operator_3 to 2025-03-05 00:00:00+00:00, run_after=2025-03-06 00:00:00+00:00
[2025-03-06T12:55:06.346+0000] {processor.py:183} INFO - Processing /home/airflow/.local/lib/python3.10/site-packages/airflow/example_dags/example_branch_datetime_operator.py took 0.620 seconds
[2025-03-06T12:56:52.695+0000] {processor.py:161} INFO - Started process (PID=130) to work on /home/airflow/.local/lib/python3.10/site-packages/airflow/example_dags/example_branch_datetime_operator.py
[2025-03-06T12:56:52.700+0000] {processor.py:830} INFO - Processing file /home/airflow/.local/lib/python3.10/site-packages/airflow/example_dags/example_branch_datetime_operator.py for tasks to queue
[2025-03-06T12:56:52.704+0000] {logging_mixin.py:188} INFO - [2025-03-06T12:56:52.702+0000] {dagbag.py:538} INFO - Filling up the DagBag from /home/airflow/.local/lib/python3.10/site-packages/airflow/example_dags/example_branch_datetime_operator.py
[2025-03-06T12:56:52.734+0000] {processor.py:840} INFO - DAG(s) 'example_branch_datetime_operator', 'example_branch_datetime_operator_3', 'example_branch_datetime_operator_2' retrieved from /home/airflow/.local/lib/python3.10/site-packages/airflow/example_dags/example_branch_datetime_operator.py
[2025-03-06T12:56:52.843+0000] {logging_mixin.py:188} INFO - [2025-03-06T12:56:52.842+0000] {dag.py:3036} INFO - Sync 3 DAGs
[2025-03-06T12:56:52.915+0000] {logging_mixin.py:188} INFO - [2025-03-06T12:56:52.914+0000] {dag.py:3823} INFO - Setting next_dagrun for example_branch_datetime_operator to 2025-03-05 00:00:00+00:00, run_after=2025-03-06 00:00:00+00:00
[2025-03-06T12:56:52.933+0000] {logging_mixin.py:188} INFO - [2025-03-06T12:56:52.932+0000] {dag.py:3823} INFO - Setting next_dagrun for example_branch_datetime_operator_2 to 2025-03-05 00:00:00+00:00, run_after=2025-03-06 00:00:00+00:00
[2025-03-06T12:56:52.944+0000] {logging_mixin.py:188} INFO - [2025-03-06T12:56:52.944+0000] {dag.py:3823} INFO - Setting next_dagrun for example_branch_datetime_operator_3 to 2025-03-05 00:00:00+00:00, run_after=2025-03-06 00:00:00+00:00
[2025-03-06T12:56:53.102+0000] {processor.py:183} INFO - Processing /home/airflow/.local/lib/python3.10/site-packages/airflow/example_dags/example_branch_datetime_operator.py took 0.421 seconds
[2025-03-06T12:58:29.373+0000] {processor.py:161} INFO - Started process (PID=190) to work on /home/airflow/.local/lib/python3.10/site-packages/airflow/example_dags/example_branch_datetime_operator.py
[2025-03-06T12:58:29.375+0000] {processor.py:830} INFO - Processing file /home/airflow/.local/lib/python3.10/site-packages/airflow/example_dags/example_branch_datetime_operator.py for tasks to queue
[2025-03-06T12:58:29.377+0000] {logging_mixin.py:188} INFO - [2025-03-06T12:58:29.376+0000] {dagbag.py:538} INFO - Filling up the DagBag from /home/airflow/.local/lib/python3.10/site-packages/airflow/example_dags/example_branch_datetime_operator.py
[2025-03-06T12:58:29.396+0000] {processor.py:840} INFO - DAG(s) 'example_branch_datetime_operator_3', 'example_branch_datetime_operator', 'example_branch_datetime_operator_2' retrieved from /home/airflow/.local/lib/python3.10/site-packages/airflow/example_dags/example_branch_datetime_operator.py
[2025-03-06T12:58:29.469+0000] {logging_mixin.py:188} INFO - [2025-03-06T12:58:29.468+0000] {dag.py:3036} INFO - Sync 3 DAGs
[2025-03-06T12:58:29.525+0000] {logging_mixin.py:188} INFO - [2025-03-06T12:58:29.525+0000] {dag.py:3823} INFO - Setting next_dagrun for example_branch_datetime_operator to 2025-03-05 00:00:00+00:00, run_after=2025-03-06 00:00:00+00:00
[2025-03-06T12:58:29.541+0000] {logging_mixin.py:188} INFO - [2025-03-06T12:58:29.540+0000] {dag.py:3823} INFO - Setting next_dagrun for example_branch_datetime_operator_2 to 2025-03-05 00:00:00+00:00, run_after=2025-03-06 00:00:00+00:00
[2025-03-06T12:58:29.549+0000] {logging_mixin.py:188} INFO - [2025-03-06T12:58:29.549+0000] {dag.py:3823} INFO - Setting next_dagrun for example_branch_datetime_operator_3 to 2025-03-05 00:00:00+00:00, run_after=2025-03-06 00:00:00+00:00
[2025-03-06T12:58:29.676+0000] {processor.py:183} INFO - Processing /home/airflow/.local/lib/python3.10/site-packages/airflow/example_dags/example_branch_datetime_operator.py took 0.308 seconds
[2025-03-06T12:59:49.274+0000] {processor.py:161} INFO - Started process (PID=246) to work on /home/airflow/.local/lib/python3.10/site-packages/airflow/example_dags/example_branch_datetime_operator.py
[2025-03-06T12:59:49.281+0000] {processor.py:830} INFO - Processing file /home/airflow/.local/lib/python3.10/site-packages/airflow/example_dags/example_branch_datetime_operator.py for tasks to queue
[2025-03-06T12:59:49.284+0000] {logging_mixin.py:188} INFO - [2025-03-06T12:59:49.283+0000] {dagbag.py:538} INFO - Filling up the DagBag from /home/airflow/.local/lib/python3.10/site-packages/airflow/example_dags/example_branch_datetime_operator.py
[2025-03-06T12:59:49.320+0000] {processor.py:840} INFO - DAG(s) 'example_branch_datetime_operator', 'example_branch_datetime_operator_3', 'example_branch_datetime_operator_2' retrieved from /home/airflow/.local/lib/python3.10/site-packages/airflow/example_dags/example_branch_datetime_operator.py
[2025-03-06T12:59:49.417+0000] {logging_mixin.py:188} INFO - [2025-03-06T12:59:49.416+0000] {dag.py:3036} INFO - Sync 3 DAGs
[2025-03-06T12:59:49.487+0000] {logging_mixin.py:188} INFO - [2025-03-06T12:59:49.486+0000] {dag.py:3823} INFO - Setting next_dagrun for example_branch_datetime_operator to 2025-03-05 00:00:00+00:00, run_after=2025-03-06 00:00:00+00:00
[2025-03-06T12:59:49.501+0000] {logging_mixin.py:188} INFO - [2025-03-06T12:59:49.501+0000] {dag.py:3823} INFO - Setting next_dagrun for example_branch_datetime_operator_2 to 2025-03-05 00:00:00+00:00, run_after=2025-03-06 00:00:00+00:00
[2025-03-06T12:59:49.510+0000] {logging_mixin.py:188} INFO - [2025-03-06T12:59:49.509+0000] {dag.py:3823} INFO - Setting next_dagrun for example_branch_datetime_operator_3 to 2025-03-05 00:00:00+00:00, run_after=2025-03-06 00:00:00+00:00
[2025-03-06T12:59:49.682+0000] {processor.py:183} INFO - Processing /home/airflow/.local/lib/python3.10/site-packages/airflow/example_dags/example_branch_datetime_operator.py took 0.422 seconds
[2025-03-06T13:01:10.912+0000] {processor.py:161} INFO - Started process (PID=303) to work on /home/airflow/.local/lib/python3.10/site-packages/airflow/example_dags/example_branch_datetime_operator.py
[2025-03-06T13:01:10.914+0000] {processor.py:830} INFO - Processing file /home/airflow/.local/lib/python3.10/site-packages/airflow/example_dags/example_branch_datetime_operator.py for tasks to queue
[2025-03-06T13:01:10.916+0000] {logging_mixin.py:188} INFO - [2025-03-06T13:01:10.916+0000] {dagbag.py:538} INFO - Filling up the DagBag from /home/airflow/.local/lib/python3.10/site-packages/airflow/example_dags/example_branch_datetime_operator.py
[2025-03-06T13:01:10.934+0000] {processor.py:840} INFO - DAG(s) 'example_branch_datetime_operator_2', 'example_branch_datetime_operator', 'example_branch_datetime_operator_3' retrieved from /home/airflow/.local/lib/python3.10/site-packages/airflow/example_dags/example_branch_datetime_operator.py
[2025-03-06T13:01:11.011+0000] {logging_mixin.py:188} INFO - [2025-03-06T13:01:11.010+0000] {dag.py:3036} INFO - Sync 3 DAGs
[2025-03-06T13:01:11.062+0000] {logging_mixin.py:188} INFO - [2025-03-06T13:01:11.062+0000] {dag.py:3823} INFO - Setting next_dagrun for example_branch_datetime_operator to 2025-03-05 00:00:00+00:00, run_after=2025-03-06 00:00:00+00:00
[2025-03-06T13:01:11.077+0000] {logging_mixin.py:188} INFO - [2025-03-06T13:01:11.077+0000] {dag.py:3823} INFO - Setting next_dagrun for example_branch_datetime_operator_2 to 2025-03-05 00:00:00+00:00, run_after=2025-03-06 00:00:00+00:00
[2025-03-06T13:01:11.088+0000] {logging_mixin.py:188} INFO - [2025-03-06T13:01:11.088+0000] {dag.py:3823} INFO - Setting next_dagrun for example_branch_datetime_operator_3 to 2025-03-05 00:00:00+00:00, run_after=2025-03-06 00:00:00+00:00
[2025-03-06T13:01:11.224+0000] {processor.py:183} INFO - Processing /home/airflow/.local/lib/python3.10/site-packages/airflow/example_dags/example_branch_datetime_operator.py took 0.317 seconds
[2025-03-06T13:04:45.257+0000] {processor.py:161} INFO - Started process (PID=68) to work on /home/airflow/.local/lib/python3.10/site-packages/airflow/example_dags/example_branch_datetime_operator.py
[2025-03-06T13:04:45.259+0000] {processor.py:830} INFO - Processing file /home/airflow/.local/lib/python3.10/site-packages/airflow/example_dags/example_branch_datetime_operator.py for tasks to queue
[2025-03-06T13:04:45.262+0000] {logging_mixin.py:188} INFO - [2025-03-06T13:04:45.261+0000] {dagbag.py:538} INFO - Filling up the DagBag from /home/airflow/.local/lib/python3.10/site-packages/airflow/example_dags/example_branch_datetime_operator.py
[2025-03-06T13:04:45.296+0000] {processor.py:840} INFO - DAG(s) 'example_branch_datetime_operator', 'example_branch_datetime_operator_3', 'example_branch_datetime_operator_2' retrieved from /home/airflow/.local/lib/python3.10/site-packages/airflow/example_dags/example_branch_datetime_operator.py
[2025-03-06T13:04:45.432+0000] {logging_mixin.py:188} INFO - [2025-03-06T13:04:45.431+0000] {dag.py:3036} INFO - Sync 3 DAGs
[2025-03-06T13:04:45.515+0000] {logging_mixin.py:188} INFO - [2025-03-06T13:04:45.515+0000] {dag.py:3823} INFO - Setting next_dagrun for example_branch_datetime_operator to 2025-03-05 00:00:00+00:00, run_after=2025-03-06 00:00:00+00:00
[2025-03-06T13:04:45.537+0000] {logging_mixin.py:188} INFO - [2025-03-06T13:04:45.536+0000] {dag.py:3823} INFO - Setting next_dagrun for example_branch_datetime_operator_2 to 2025-03-05 00:00:00+00:00, run_after=2025-03-06 00:00:00+00:00
[2025-03-06T13:04:45.549+0000] {logging_mixin.py:188} INFO - [2025-03-06T13:04:45.548+0000] {dag.py:3823} INFO - Setting next_dagrun for example_branch_datetime_operator_3 to 2025-03-05 00:00:00+00:00, run_after=2025-03-06 00:00:00+00:00
[2025-03-06T13:04:45.681+0000] {processor.py:183} INFO - Processing /home/airflow/.local/lib/python3.10/site-packages/airflow/example_dags/example_branch_datetime_operator.py took 0.433 seconds
[2025-03-06T13:06:22.894+0000] {processor.py:161} INFO - Started process (PID=129) to work on /home/airflow/.local/lib/python3.10/site-packages/airflow/example_dags/example_branch_datetime_operator.py
[2025-03-06T13:06:22.897+0000] {processor.py:830} INFO - Processing file /home/airflow/.local/lib/python3.10/site-packages/airflow/example_dags/example_branch_datetime_operator.py for tasks to queue
[2025-03-06T13:06:22.899+0000] {logging_mixin.py:188} INFO - [2025-03-06T13:06:22.898+0000] {dagbag.py:538} INFO - Filling up the DagBag from /home/airflow/.local/lib/python3.10/site-packages/airflow/example_dags/example_branch_datetime_operator.py
[2025-03-06T13:06:22.934+0000] {processor.py:840} INFO - DAG(s) 'example_branch_datetime_operator_3', 'example_branch_datetime_operator', 'example_branch_datetime_operator_2' retrieved from /home/airflow/.local/lib/python3.10/site-packages/airflow/example_dags/example_branch_datetime_operator.py
[2025-03-06T13:06:23.068+0000] {logging_mixin.py:188} INFO - [2025-03-06T13:06:23.067+0000] {dag.py:3036} INFO - Sync 3 DAGs
[2025-03-06T13:06:23.169+0000] {logging_mixin.py:188} INFO - [2025-03-06T13:06:23.168+0000] {dag.py:3823} INFO - Setting next_dagrun for example_branch_datetime_operator to 2025-03-05 00:00:00+00:00, run_after=2025-03-06 00:00:00+00:00
[2025-03-06T13:06:23.197+0000] {logging_mixin.py:188} INFO - [2025-03-06T13:06:23.196+0000] {dag.py:3823} INFO - Setting next_dagrun for example_branch_datetime_operator_2 to 2025-03-05 00:00:00+00:00, run_after=2025-03-06 00:00:00+00:00
[2025-03-06T13:06:23.212+0000] {logging_mixin.py:188} INFO - [2025-03-06T13:06:23.211+0000] {dag.py:3823} INFO - Setting next_dagrun for example_branch_datetime_operator_3 to 2025-03-05 00:00:00+00:00, run_after=2025-03-06 00:00:00+00:00
[2025-03-06T13:06:23.377+0000] {processor.py:183} INFO - Processing /home/airflow/.local/lib/python3.10/site-packages/airflow/example_dags/example_branch_datetime_operator.py took 0.491 seconds
[2025-03-06T13:08:08.202+0000] {processor.py:161} INFO - Started process (PID=193) to work on /home/airflow/.local/lib/python3.10/site-packages/airflow/example_dags/example_branch_datetime_operator.py
[2025-03-06T13:08:08.203+0000] {processor.py:830} INFO - Processing file /home/airflow/.local/lib/python3.10/site-packages/airflow/example_dags/example_branch_datetime_operator.py for tasks to queue
[2025-03-06T13:08:08.206+0000] {logging_mixin.py:188} INFO - [2025-03-06T13:08:08.205+0000] {dagbag.py:538} INFO - Filling up the DagBag from /home/airflow/.local/lib/python3.10/site-packages/airflow/example_dags/example_branch_datetime_operator.py
[2025-03-06T13:08:08.224+0000] {processor.py:840} INFO - DAG(s) 'example_branch_datetime_operator_3', 'example_branch_datetime_operator_2', 'example_branch_datetime_operator' retrieved from /home/airflow/.local/lib/python3.10/site-packages/airflow/example_dags/example_branch_datetime_operator.py
[2025-03-06T13:08:08.290+0000] {logging_mixin.py:188} INFO - [2025-03-06T13:08:08.289+0000] {dag.py:3036} INFO - Sync 3 DAGs
[2025-03-06T13:08:08.341+0000] {logging_mixin.py:188} INFO - [2025-03-06T13:08:08.340+0000] {dag.py:3823} INFO - Setting next_dagrun for example_branch_datetime_operator to 2025-03-05 00:00:00+00:00, run_after=2025-03-06 00:00:00+00:00
[2025-03-06T13:08:08.355+0000] {logging_mixin.py:188} INFO - [2025-03-06T13:08:08.355+0000] {dag.py:3823} INFO - Setting next_dagrun for example_branch_datetime_operator_2 to 2025-03-05 00:00:00+00:00, run_after=2025-03-06 00:00:00+00:00
[2025-03-06T13:08:08.364+0000] {logging_mixin.py:188} INFO - [2025-03-06T13:08:08.364+0000] {dag.py:3823} INFO - Setting next_dagrun for example_branch_datetime_operator_3 to 2025-03-05 00:00:00+00:00, run_after=2025-03-06 00:00:00+00:00
[2025-03-06T13:08:08.508+0000] {processor.py:183} INFO - Processing /home/airflow/.local/lib/python3.10/site-packages/airflow/example_dags/example_branch_datetime_operator.py took 0.311 seconds
[2025-03-06T13:09:37.356+0000] {processor.py:161} INFO - Started process (PID=251) to work on /home/airflow/.local/lib/python3.10/site-packages/airflow/example_dags/example_branch_datetime_operator.py
[2025-03-06T13:09:37.359+0000] {processor.py:830} INFO - Processing file /home/airflow/.local/lib/python3.10/site-packages/airflow/example_dags/example_branch_datetime_operator.py for tasks to queue
[2025-03-06T13:09:37.362+0000] {logging_mixin.py:188} INFO - [2025-03-06T13:09:37.361+0000] {dagbag.py:538} INFO - Filling up the DagBag from /home/airflow/.local/lib/python3.10/site-packages/airflow/example_dags/example_branch_datetime_operator.py
[2025-03-06T13:09:37.390+0000] {processor.py:840} INFO - DAG(s) 'example_branch_datetime_operator', 'example_branch_datetime_operator_2', 'example_branch_datetime_operator_3' retrieved from /home/airflow/.local/lib/python3.10/site-packages/airflow/example_dags/example_branch_datetime_operator.py
[2025-03-06T13:09:37.517+0000] {logging_mixin.py:188} INFO - [2025-03-06T13:09:37.517+0000] {dag.py:3036} INFO - Sync 3 DAGs
[2025-03-06T13:09:37.602+0000] {logging_mixin.py:188} INFO - [2025-03-06T13:09:37.602+0000] {dag.py:3823} INFO - Setting next_dagrun for example_branch_datetime_operator to 2025-03-05 00:00:00+00:00, run_after=2025-03-06 00:00:00+00:00
[2025-03-06T13:09:37.615+0000] {logging_mixin.py:188} INFO - [2025-03-06T13:09:37.615+0000] {dag.py:3823} INFO - Setting next_dagrun for example_branch_datetime_operator_2 to 2025-03-05 00:00:00+00:00, run_after=2025-03-06 00:00:00+00:00
[2025-03-06T13:09:37.623+0000] {logging_mixin.py:188} INFO - [2025-03-06T13:09:37.623+0000] {dag.py:3823} INFO - Setting next_dagrun for example_branch_datetime_operator_3 to 2025-03-05 00:00:00+00:00, run_after=2025-03-06 00:00:00+00:00
[2025-03-06T13:09:37.758+0000] {processor.py:183} INFO - Processing /home/airflow/.local/lib/python3.10/site-packages/airflow/example_dags/example_branch_datetime_operator.py took 0.410 seconds
[2025-03-06T13:12:20.243+0000] {processor.py:161} INFO - Started process (PID=68) to work on /home/airflow/.local/lib/python3.10/site-packages/airflow/example_dags/example_branch_datetime_operator.py
[2025-03-06T13:12:20.257+0000] {processor.py:830} INFO - Processing file /home/airflow/.local/lib/python3.10/site-packages/airflow/example_dags/example_branch_datetime_operator.py for tasks to queue
[2025-03-06T13:12:20.266+0000] {logging_mixin.py:188} INFO - [2025-03-06T13:12:20.265+0000] {dagbag.py:538} INFO - Filling up the DagBag from /home/airflow/.local/lib/python3.10/site-packages/airflow/example_dags/example_branch_datetime_operator.py
[2025-03-06T13:12:20.331+0000] {processor.py:840} INFO - DAG(s) 'example_branch_datetime_operator_2', 'example_branch_datetime_operator', 'example_branch_datetime_operator_3' retrieved from /home/airflow/.local/lib/python3.10/site-packages/airflow/example_dags/example_branch_datetime_operator.py
[2025-03-06T13:12:20.776+0000] {logging_mixin.py:188} INFO - [2025-03-06T13:12:20.775+0000] {dag.py:3036} INFO - Sync 3 DAGs
[2025-03-06T13:12:21.323+0000] {logging_mixin.py:188} INFO - [2025-03-06T13:12:21.322+0000] {dag.py:3823} INFO - Setting next_dagrun for example_branch_datetime_operator to 2025-03-05 00:00:00+00:00, run_after=2025-03-06 00:00:00+00:00
[2025-03-06T13:12:21.457+0000] {logging_mixin.py:188} INFO - [2025-03-06T13:12:21.455+0000] {dag.py:3823} INFO - Setting next_dagrun for example_branch_datetime_operator_2 to 2025-03-05 00:00:00+00:00, run_after=2025-03-06 00:00:00+00:00
[2025-03-06T13:12:21.502+0000] {logging_mixin.py:188} INFO - [2025-03-06T13:12:21.501+0000] {dag.py:3823} INFO - Setting next_dagrun for example_branch_datetime_operator_3 to 2025-03-05 00:00:00+00:00, run_after=2025-03-06 00:00:00+00:00
[2025-03-06T13:12:22.081+0000] {processor.py:183} INFO - Processing /home/airflow/.local/lib/python3.10/site-packages/airflow/example_dags/example_branch_datetime_operator.py took 1.853 seconds
[2025-03-06T13:14:10.351+0000] {processor.py:161} INFO - Started process (PID=132) to work on /home/airflow/.local/lib/python3.10/site-packages/airflow/example_dags/example_branch_datetime_operator.py
[2025-03-06T13:14:10.360+0000] {processor.py:830} INFO - Processing file /home/airflow/.local/lib/python3.10/site-packages/airflow/example_dags/example_branch_datetime_operator.py for tasks to queue
[2025-03-06T13:14:10.364+0000] {logging_mixin.py:188} INFO - [2025-03-06T13:14:10.363+0000] {dagbag.py:538} INFO - Filling up the DagBag from /home/airflow/.local/lib/python3.10/site-packages/airflow/example_dags/example_branch_datetime_operator.py
[2025-03-06T13:14:10.400+0000] {processor.py:840} INFO - DAG(s) 'example_branch_datetime_operator_3', 'example_branch_datetime_operator', 'example_branch_datetime_operator_2' retrieved from /home/airflow/.local/lib/python3.10/site-packages/airflow/example_dags/example_branch_datetime_operator.py
[2025-03-06T13:14:10.503+0000] {logging_mixin.py:188} INFO - [2025-03-06T13:14:10.502+0000] {dag.py:3036} INFO - Sync 3 DAGs
[2025-03-06T13:14:10.574+0000] {logging_mixin.py:188} INFO - [2025-03-06T13:14:10.573+0000] {dag.py:3823} INFO - Setting next_dagrun for example_branch_datetime_operator to 2025-03-05 00:00:00+00:00, run_after=2025-03-06 00:00:00+00:00
[2025-03-06T13:14:10.590+0000] {logging_mixin.py:188} INFO - [2025-03-06T13:14:10.590+0000] {dag.py:3823} INFO - Setting next_dagrun for example_branch_datetime_operator_2 to 2025-03-05 00:00:00+00:00, run_after=2025-03-06 00:00:00+00:00
[2025-03-06T13:14:10.598+0000] {logging_mixin.py:188} INFO - [2025-03-06T13:14:10.598+0000] {dag.py:3823} INFO - Setting next_dagrun for example_branch_datetime_operator_3 to 2025-03-05 00:00:00+00:00, run_after=2025-03-06 00:00:00+00:00
[2025-03-06T13:14:10.749+0000] {processor.py:183} INFO - Processing /home/airflow/.local/lib/python3.10/site-packages/airflow/example_dags/example_branch_datetime_operator.py took 0.405 seconds
[2025-03-06T13:15:46.229+0000] {processor.py:161} INFO - Started process (PID=194) to work on /home/airflow/.local/lib/python3.10/site-packages/airflow/example_dags/example_branch_datetime_operator.py
[2025-03-06T13:15:46.231+0000] {processor.py:830} INFO - Processing file /home/airflow/.local/lib/python3.10/site-packages/airflow/example_dags/example_branch_datetime_operator.py for tasks to queue
[2025-03-06T13:15:46.233+0000] {logging_mixin.py:188} INFO - [2025-03-06T13:15:46.233+0000] {dagbag.py:538} INFO - Filling up the DagBag from /home/airflow/.local/lib/python3.10/site-packages/airflow/example_dags/example_branch_datetime_operator.py
[2025-03-06T13:15:46.251+0000] {processor.py:840} INFO - DAG(s) 'example_branch_datetime_operator', 'example_branch_datetime_operator_3', 'example_branch_datetime_operator_2' retrieved from /home/airflow/.local/lib/python3.10/site-packages/airflow/example_dags/example_branch_datetime_operator.py
[2025-03-06T13:15:46.332+0000] {logging_mixin.py:188} INFO - [2025-03-06T13:15:46.331+0000] {dag.py:3036} INFO - Sync 3 DAGs
[2025-03-06T13:15:46.391+0000] {logging_mixin.py:188} INFO - [2025-03-06T13:15:46.391+0000] {dag.py:3823} INFO - Setting next_dagrun for example_branch_datetime_operator to 2025-03-05 00:00:00+00:00, run_after=2025-03-06 00:00:00+00:00
[2025-03-06T13:15:46.408+0000] {logging_mixin.py:188} INFO - [2025-03-06T13:15:46.408+0000] {dag.py:3823} INFO - Setting next_dagrun for example_branch_datetime_operator_2 to 2025-03-05 00:00:00+00:00, run_after=2025-03-06 00:00:00+00:00
[2025-03-06T13:15:46.419+0000] {logging_mixin.py:188} INFO - [2025-03-06T13:15:46.418+0000] {dag.py:3823} INFO - Setting next_dagrun for example_branch_datetime_operator_3 to 2025-03-05 00:00:00+00:00, run_after=2025-03-06 00:00:00+00:00
[2025-03-06T13:15:47.197+0000] {processor.py:183} INFO - Processing /home/airflow/.local/lib/python3.10/site-packages/airflow/example_dags/example_branch_datetime_operator.py took 0.973 seconds
[2025-03-06T13:17:38.167+0000] {processor.py:161} INFO - Started process (PID=256) to work on /home/airflow/.local/lib/python3.10/site-packages/airflow/example_dags/example_branch_datetime_operator.py
[2025-03-06T13:17:38.177+0000] {processor.py:830} INFO - Processing file /home/airflow/.local/lib/python3.10/site-packages/airflow/example_dags/example_branch_datetime_operator.py for tasks to queue
[2025-03-06T13:17:38.180+0000] {logging_mixin.py:188} INFO - [2025-03-06T13:17:38.179+0000] {dagbag.py:538} INFO - Filling up the DagBag from /home/airflow/.local/lib/python3.10/site-packages/airflow/example_dags/example_branch_datetime_operator.py
[2025-03-06T13:17:38.211+0000] {processor.py:840} INFO - DAG(s) 'example_branch_datetime_operator', 'example_branch_datetime_operator_3', 'example_branch_datetime_operator_2' retrieved from /home/airflow/.local/lib/python3.10/site-packages/airflow/example_dags/example_branch_datetime_operator.py
[2025-03-06T13:17:38.319+0000] {logging_mixin.py:188} INFO - [2025-03-06T13:17:38.319+0000] {dag.py:3036} INFO - Sync 3 DAGs
[2025-03-06T13:17:38.388+0000] {logging_mixin.py:188} INFO - [2025-03-06T13:17:38.388+0000] {dag.py:3823} INFO - Setting next_dagrun for example_branch_datetime_operator to 2025-03-05 00:00:00+00:00, run_after=2025-03-06 00:00:00+00:00
[2025-03-06T13:17:38.405+0000] {logging_mixin.py:188} INFO - [2025-03-06T13:17:38.404+0000] {dag.py:3823} INFO - Setting next_dagrun for example_branch_datetime_operator_2 to 2025-03-05 00:00:00+00:00, run_after=2025-03-06 00:00:00+00:00
[2025-03-06T13:17:38.418+0000] {logging_mixin.py:188} INFO - [2025-03-06T13:17:38.417+0000] {dag.py:3823} INFO - Setting next_dagrun for example_branch_datetime_operator_3 to 2025-03-05 00:00:00+00:00, run_after=2025-03-06 00:00:00+00:00
[2025-03-06T13:17:38.564+0000] {processor.py:183} INFO - Processing /home/airflow/.local/lib/python3.10/site-packages/airflow/example_dags/example_branch_datetime_operator.py took 0.403 seconds
