[2025-03-06T12:54:13.491+0000] {processor.py:161} INFO - Started process (PID=38) to work on /home/airflow/.local/lib/python3.10/site-packages/airflow/example_dags/example_time_delta_sensor_async.py
[2025-03-06T12:54:13.493+0000] {processor.py:830} INFO - Processing file /home/airflow/.local/lib/python3.10/site-packages/airflow/example_dags/example_time_delta_sensor_async.py for tasks to queue
[2025-03-06T12:54:13.495+0000] {logging_mixin.py:188} INFO - [2025-03-06T12:54:13.495+0000] {dagbag.py:538} INFO - Filling up the DagBag from /home/airflow/.local/lib/python3.10/site-packages/airflow/example_dags/example_time_delta_sensor_async.py
[2025-03-06T12:54:13.505+0000] {processor.py:840} INFO - DAG(s) 'example_time_delta_sensor_async' retrieved from /home/airflow/.local/lib/python3.10/site-packages/airflow/example_dags/example_time_delta_sensor_async.py
[2025-03-06T12:54:13.770+0000] {logging_mixin.py:188} INFO - [2025-03-06T12:54:13.769+0000] {dag.py:3036} INFO - Sync 1 DAGs
[2025-03-06T12:54:13.802+0000] {logging_mixin.py:188} INFO - [2025-03-06T12:54:13.801+0000] {dag.py:3823} INFO - Setting next_dagrun for example_time_delta_sensor_async to None, run_after=None
[2025-03-06T12:54:13.937+0000] {processor.py:183} INFO - Processing /home/airflow/.local/lib/python3.10/site-packages/airflow/example_dags/example_time_delta_sensor_async.py took 0.451 seconds
[2025-03-06T12:55:39.158+0000] {processor.py:161} INFO - Started process (PID=87) to work on /home/airflow/.local/lib/python3.10/site-packages/airflow/example_dags/example_time_delta_sensor_async.py
[2025-03-06T12:55:39.177+0000] {processor.py:830} INFO - Processing file /home/airflow/.local/lib/python3.10/site-packages/airflow/example_dags/example_time_delta_sensor_async.py for tasks to queue
[2025-03-06T12:55:39.181+0000] {logging_mixin.py:188} INFO - [2025-03-06T12:55:39.180+0000] {dagbag.py:538} INFO - Filling up the DagBag from /home/airflow/.local/lib/python3.10/site-packages/airflow/example_dags/example_time_delta_sensor_async.py
[2025-03-06T12:55:39.203+0000] {processor.py:840} INFO - DAG(s) 'example_time_delta_sensor_async' retrieved from /home/airflow/.local/lib/python3.10/site-packages/airflow/example_dags/example_time_delta_sensor_async.py
[2025-03-06T12:55:39.283+0000] {logging_mixin.py:188} INFO - [2025-03-06T12:55:39.282+0000] {dag.py:3036} INFO - Sync 1 DAGs
[2025-03-06T12:55:39.308+0000] {logging_mixin.py:188} INFO - [2025-03-06T12:55:39.307+0000] {dag.py:3823} INFO - Setting next_dagrun for example_time_delta_sensor_async to None, run_after=None
[2025-03-06T12:55:39.431+0000] {processor.py:183} INFO - Processing /home/airflow/.local/lib/python3.10/site-packages/airflow/example_dags/example_time_delta_sensor_async.py took 0.280 seconds
[2025-03-06T12:56:32.699+0000] {processor.py:161} INFO - Started process (PID=118) to work on /home/airflow/.local/lib/python3.10/site-packages/airflow/example_dags/example_time_delta_sensor_async.py
[2025-03-06T12:56:32.702+0000] {processor.py:830} INFO - Processing file /home/airflow/.local/lib/python3.10/site-packages/airflow/example_dags/example_time_delta_sensor_async.py for tasks to queue
[2025-03-06T12:56:32.714+0000] {logging_mixin.py:188} INFO - [2025-03-06T12:56:32.707+0000] {dagbag.py:538} INFO - Filling up the DagBag from /home/airflow/.local/lib/python3.10/site-packages/airflow/example_dags/example_time_delta_sensor_async.py
[2025-03-06T12:56:32.736+0000] {processor.py:840} INFO - DAG(s) 'example_time_delta_sensor_async' retrieved from /home/airflow/.local/lib/python3.10/site-packages/airflow/example_dags/example_time_delta_sensor_async.py
[2025-03-06T12:56:32.848+0000] {logging_mixin.py:188} INFO - [2025-03-06T12:56:32.847+0000] {dag.py:3036} INFO - Sync 1 DAGs
[2025-03-06T12:56:32.888+0000] {logging_mixin.py:188} INFO - [2025-03-06T12:56:32.888+0000] {dag.py:3823} INFO - Setting next_dagrun for example_time_delta_sensor_async to None, run_after=None
[2025-03-06T12:56:33.099+0000] {processor.py:183} INFO - Processing /home/airflow/.local/lib/python3.10/site-packages/airflow/example_dags/example_time_delta_sensor_async.py took 0.417 seconds
[2025-03-06T12:57:27.458+0000] {processor.py:161} INFO - Started process (PID=150) to work on /home/airflow/.local/lib/python3.10/site-packages/airflow/example_dags/example_time_delta_sensor_async.py
[2025-03-06T12:57:27.469+0000] {processor.py:830} INFO - Processing file /home/airflow/.local/lib/python3.10/site-packages/airflow/example_dags/example_time_delta_sensor_async.py for tasks to queue
[2025-03-06T12:57:27.474+0000] {logging_mixin.py:188} INFO - [2025-03-06T12:57:27.472+0000] {dagbag.py:538} INFO - Filling up the DagBag from /home/airflow/.local/lib/python3.10/site-packages/airflow/example_dags/example_time_delta_sensor_async.py
[2025-03-06T12:57:27.507+0000] {processor.py:840} INFO - DAG(s) 'example_time_delta_sensor_async' retrieved from /home/airflow/.local/lib/python3.10/site-packages/airflow/example_dags/example_time_delta_sensor_async.py
[2025-03-06T12:57:27.597+0000] {logging_mixin.py:188} INFO - [2025-03-06T12:57:27.596+0000] {dag.py:3036} INFO - Sync 1 DAGs
[2025-03-06T12:57:27.637+0000] {logging_mixin.py:188} INFO - [2025-03-06T12:57:27.636+0000] {dag.py:3823} INFO - Setting next_dagrun for example_time_delta_sensor_async to None, run_after=None
[2025-03-06T12:57:27.773+0000] {processor.py:183} INFO - Processing /home/airflow/.local/lib/python3.10/site-packages/airflow/example_dags/example_time_delta_sensor_async.py took 0.323 seconds
[2025-03-06T12:58:54.730+0000] {processor.py:161} INFO - Started process (PID=209) to work on /home/airflow/.local/lib/python3.10/site-packages/airflow/example_dags/example_time_delta_sensor_async.py
[2025-03-06T12:58:54.733+0000] {processor.py:830} INFO - Processing file /home/airflow/.local/lib/python3.10/site-packages/airflow/example_dags/example_time_delta_sensor_async.py for tasks to queue
[2025-03-06T12:58:54.737+0000] {logging_mixin.py:188} INFO - [2025-03-06T12:58:54.736+0000] {dagbag.py:538} INFO - Filling up the DagBag from /home/airflow/.local/lib/python3.10/site-packages/airflow/example_dags/example_time_delta_sensor_async.py
[2025-03-06T12:58:54.752+0000] {processor.py:840} INFO - DAG(s) 'example_time_delta_sensor_async' retrieved from /home/airflow/.local/lib/python3.10/site-packages/airflow/example_dags/example_time_delta_sensor_async.py
[2025-03-06T12:58:54.818+0000] {logging_mixin.py:188} INFO - [2025-03-06T12:58:54.817+0000] {dag.py:3036} INFO - Sync 1 DAGs
[2025-03-06T12:58:54.851+0000] {logging_mixin.py:188} INFO - [2025-03-06T12:58:54.850+0000] {dag.py:3823} INFO - Setting next_dagrun for example_time_delta_sensor_async to None, run_after=None
[2025-03-06T12:58:54.959+0000] {processor.py:183} INFO - Processing /home/airflow/.local/lib/python3.10/site-packages/airflow/example_dags/example_time_delta_sensor_async.py took 0.235 seconds
[2025-03-06T13:00:13.349+0000] {processor.py:161} INFO - Started process (PID=264) to work on /home/airflow/.local/lib/python3.10/site-packages/airflow/example_dags/example_time_delta_sensor_async.py
[2025-03-06T13:00:13.351+0000] {processor.py:830} INFO - Processing file /home/airflow/.local/lib/python3.10/site-packages/airflow/example_dags/example_time_delta_sensor_async.py for tasks to queue
[2025-03-06T13:00:13.353+0000] {logging_mixin.py:188} INFO - [2025-03-06T13:00:13.352+0000] {dagbag.py:538} INFO - Filling up the DagBag from /home/airflow/.local/lib/python3.10/site-packages/airflow/example_dags/example_time_delta_sensor_async.py
[2025-03-06T13:00:13.361+0000] {processor.py:840} INFO - DAG(s) 'example_time_delta_sensor_async' retrieved from /home/airflow/.local/lib/python3.10/site-packages/airflow/example_dags/example_time_delta_sensor_async.py
[2025-03-06T13:00:13.405+0000] {logging_mixin.py:188} INFO - [2025-03-06T13:00:13.404+0000] {dag.py:3036} INFO - Sync 1 DAGs
[2025-03-06T13:00:13.431+0000] {logging_mixin.py:188} INFO - [2025-03-06T13:00:13.431+0000] {dag.py:3823} INFO - Setting next_dagrun for example_time_delta_sensor_async to None, run_after=None
[2025-03-06T13:00:13.566+0000] {processor.py:183} INFO - Processing /home/airflow/.local/lib/python3.10/site-packages/airflow/example_dags/example_time_delta_sensor_async.py took 0.222 seconds
[2025-03-06T13:01:34.799+0000] {processor.py:161} INFO - Started process (PID=320) to work on /home/airflow/.local/lib/python3.10/site-packages/airflow/example_dags/example_time_delta_sensor_async.py
[2025-03-06T13:01:34.803+0000] {processor.py:830} INFO - Processing file /home/airflow/.local/lib/python3.10/site-packages/airflow/example_dags/example_time_delta_sensor_async.py for tasks to queue
[2025-03-06T13:01:34.805+0000] {logging_mixin.py:188} INFO - [2025-03-06T13:01:34.804+0000] {dagbag.py:538} INFO - Filling up the DagBag from /home/airflow/.local/lib/python3.10/site-packages/airflow/example_dags/example_time_delta_sensor_async.py
[2025-03-06T13:01:34.820+0000] {processor.py:840} INFO - DAG(s) 'example_time_delta_sensor_async' retrieved from /home/airflow/.local/lib/python3.10/site-packages/airflow/example_dags/example_time_delta_sensor_async.py
[2025-03-06T13:01:34.882+0000] {logging_mixin.py:188} INFO - [2025-03-06T13:01:34.881+0000] {dag.py:3036} INFO - Sync 1 DAGs
[2025-03-06T13:01:34.935+0000] {logging_mixin.py:188} INFO - [2025-03-06T13:01:34.934+0000] {dag.py:3823} INFO - Setting next_dagrun for example_time_delta_sensor_async to None, run_after=None
[2025-03-06T13:01:35.094+0000] {processor.py:183} INFO - Processing /home/airflow/.local/lib/python3.10/site-packages/airflow/example_dags/example_time_delta_sensor_async.py took 0.303 seconds
[2025-03-06T13:02:55.558+0000] {processor.py:161} INFO - Started process (PID=39) to work on /home/airflow/.local/lib/python3.10/site-packages/airflow/example_dags/example_time_delta_sensor_async.py
[2025-03-06T13:02:55.561+0000] {processor.py:830} INFO - Processing file /home/airflow/.local/lib/python3.10/site-packages/airflow/example_dags/example_time_delta_sensor_async.py for tasks to queue
[2025-03-06T13:02:55.563+0000] {logging_mixin.py:188} INFO - [2025-03-06T13:02:55.562+0000] {dagbag.py:538} INFO - Filling up the DagBag from /home/airflow/.local/lib/python3.10/site-packages/airflow/example_dags/example_time_delta_sensor_async.py
[2025-03-06T13:02:55.574+0000] {processor.py:840} INFO - DAG(s) 'example_time_delta_sensor_async' retrieved from /home/airflow/.local/lib/python3.10/site-packages/airflow/example_dags/example_time_delta_sensor_async.py
[2025-03-06T13:02:55.638+0000] {logging_mixin.py:188} INFO - [2025-03-06T13:02:55.638+0000] {dag.py:3036} INFO - Sync 1 DAGs
[2025-03-06T13:02:55.668+0000] {logging_mixin.py:188} INFO - [2025-03-06T13:02:55.667+0000] {dag.py:3823} INFO - Setting next_dagrun for example_time_delta_sensor_async to None, run_after=None
[2025-03-06T13:02:55.822+0000] {processor.py:183} INFO - Processing /home/airflow/.local/lib/python3.10/site-packages/airflow/example_dags/example_time_delta_sensor_async.py took 0.270 seconds
[2025-03-06T13:03:51.494+0000] {processor.py:161} INFO - Started process (PID=39) to work on /home/airflow/.local/lib/python3.10/site-packages/airflow/example_dags/example_time_delta_sensor_async.py
[2025-03-06T13:03:51.496+0000] {processor.py:830} INFO - Processing file /home/airflow/.local/lib/python3.10/site-packages/airflow/example_dags/example_time_delta_sensor_async.py for tasks to queue
[2025-03-06T13:03:51.500+0000] {logging_mixin.py:188} INFO - [2025-03-06T13:03:51.499+0000] {dagbag.py:538} INFO - Filling up the DagBag from /home/airflow/.local/lib/python3.10/site-packages/airflow/example_dags/example_time_delta_sensor_async.py
[2025-03-06T13:03:51.511+0000] {processor.py:840} INFO - DAG(s) 'example_time_delta_sensor_async' retrieved from /home/airflow/.local/lib/python3.10/site-packages/airflow/example_dags/example_time_delta_sensor_async.py
[2025-03-06T13:03:51.600+0000] {logging_mixin.py:188} INFO - [2025-03-06T13:03:51.599+0000] {dag.py:3036} INFO - Sync 1 DAGs
[2025-03-06T13:03:51.639+0000] {logging_mixin.py:188} INFO - [2025-03-06T13:03:51.638+0000] {dag.py:3823} INFO - Setting next_dagrun for example_time_delta_sensor_async to None, run_after=None
[2025-03-06T13:03:51.781+0000] {processor.py:183} INFO - Processing /home/airflow/.local/lib/python3.10/site-packages/airflow/example_dags/example_time_delta_sensor_async.py took 0.295 seconds
[2025-03-06T13:05:16.157+0000] {processor.py:161} INFO - Started process (PID=88) to work on /home/airflow/.local/lib/python3.10/site-packages/airflow/example_dags/example_time_delta_sensor_async.py
[2025-03-06T13:05:16.161+0000] {processor.py:830} INFO - Processing file /home/airflow/.local/lib/python3.10/site-packages/airflow/example_dags/example_time_delta_sensor_async.py for tasks to queue
[2025-03-06T13:05:16.164+0000] {logging_mixin.py:188} INFO - [2025-03-06T13:05:16.164+0000] {dagbag.py:538} INFO - Filling up the DagBag from /home/airflow/.local/lib/python3.10/site-packages/airflow/example_dags/example_time_delta_sensor_async.py
[2025-03-06T13:05:16.179+0000] {processor.py:840} INFO - DAG(s) 'example_time_delta_sensor_async' retrieved from /home/airflow/.local/lib/python3.10/site-packages/airflow/example_dags/example_time_delta_sensor_async.py
[2025-03-06T13:05:16.280+0000] {logging_mixin.py:188} INFO - [2025-03-06T13:05:16.280+0000] {dag.py:3036} INFO - Sync 1 DAGs
[2025-03-06T13:05:16.347+0000] {logging_mixin.py:188} INFO - [2025-03-06T13:05:16.346+0000] {dag.py:3823} INFO - Setting next_dagrun for example_time_delta_sensor_async to None, run_after=None
[2025-03-06T13:05:16.523+0000] {processor.py:183} INFO - Processing /home/airflow/.local/lib/python3.10/site-packages/airflow/example_dags/example_time_delta_sensor_async.py took 0.373 seconds
[2025-03-06T13:06:04.346+0000] {processor.py:161} INFO - Started process (PID=117) to work on /home/airflow/.local/lib/python3.10/site-packages/airflow/example_dags/example_time_delta_sensor_async.py
[2025-03-06T13:06:04.348+0000] {processor.py:830} INFO - Processing file /home/airflow/.local/lib/python3.10/site-packages/airflow/example_dags/example_time_delta_sensor_async.py for tasks to queue
[2025-03-06T13:06:04.351+0000] {logging_mixin.py:188} INFO - [2025-03-06T13:06:04.350+0000] {dagbag.py:538} INFO - Filling up the DagBag from /home/airflow/.local/lib/python3.10/site-packages/airflow/example_dags/example_time_delta_sensor_async.py
[2025-03-06T13:06:04.362+0000] {processor.py:840} INFO - DAG(s) 'example_time_delta_sensor_async' retrieved from /home/airflow/.local/lib/python3.10/site-packages/airflow/example_dags/example_time_delta_sensor_async.py
[2025-03-06T13:06:04.422+0000] {logging_mixin.py:188} INFO - [2025-03-06T13:06:04.421+0000] {dag.py:3036} INFO - Sync 1 DAGs
[2025-03-06T13:06:04.456+0000] {logging_mixin.py:188} INFO - [2025-03-06T13:06:04.456+0000] {dag.py:3823} INFO - Setting next_dagrun for example_time_delta_sensor_async to None, run_after=None
[2025-03-06T13:06:04.594+0000] {processor.py:183} INFO - Processing /home/airflow/.local/lib/python3.10/site-packages/airflow/example_dags/example_time_delta_sensor_async.py took 0.253 seconds
[2025-03-06T13:06:54.037+0000] {processor.py:161} INFO - Started process (PID=149) to work on /home/airflow/.local/lib/python3.10/site-packages/airflow/example_dags/example_time_delta_sensor_async.py
[2025-03-06T13:06:54.039+0000] {processor.py:830} INFO - Processing file /home/airflow/.local/lib/python3.10/site-packages/airflow/example_dags/example_time_delta_sensor_async.py for tasks to queue
[2025-03-06T13:06:54.041+0000] {logging_mixin.py:188} INFO - [2025-03-06T13:06:54.040+0000] {dagbag.py:538} INFO - Filling up the DagBag from /home/airflow/.local/lib/python3.10/site-packages/airflow/example_dags/example_time_delta_sensor_async.py
[2025-03-06T13:06:54.057+0000] {processor.py:840} INFO - DAG(s) 'example_time_delta_sensor_async' retrieved from /home/airflow/.local/lib/python3.10/site-packages/airflow/example_dags/example_time_delta_sensor_async.py
[2025-03-06T13:06:54.115+0000] {logging_mixin.py:188} INFO - [2025-03-06T13:06:54.114+0000] {dag.py:3036} INFO - Sync 1 DAGs
[2025-03-06T13:06:54.155+0000] {logging_mixin.py:188} INFO - [2025-03-06T13:06:54.154+0000] {dag.py:3823} INFO - Setting next_dagrun for example_time_delta_sensor_async to None, run_after=None
[2025-03-06T13:06:54.314+0000] {processor.py:183} INFO - Processing /home/airflow/.local/lib/python3.10/site-packages/airflow/example_dags/example_time_delta_sensor_async.py took 0.290 seconds
[2025-03-06T13:07:48.250+0000] {processor.py:161} INFO - Started process (PID=179) to work on /home/airflow/.local/lib/python3.10/site-packages/airflow/example_dags/example_time_delta_sensor_async.py
[2025-03-06T13:07:48.252+0000] {processor.py:830} INFO - Processing file /home/airflow/.local/lib/python3.10/site-packages/airflow/example_dags/example_time_delta_sensor_async.py for tasks to queue
[2025-03-06T13:07:48.255+0000] {logging_mixin.py:188} INFO - [2025-03-06T13:07:48.254+0000] {dagbag.py:538} INFO - Filling up the DagBag from /home/airflow/.local/lib/python3.10/site-packages/airflow/example_dags/example_time_delta_sensor_async.py
[2025-03-06T13:07:48.264+0000] {processor.py:840} INFO - DAG(s) 'example_time_delta_sensor_async' retrieved from /home/airflow/.local/lib/python3.10/site-packages/airflow/example_dags/example_time_delta_sensor_async.py
[2025-03-06T13:07:48.313+0000] {logging_mixin.py:188} INFO - [2025-03-06T13:07:48.312+0000] {dag.py:3036} INFO - Sync 1 DAGs
[2025-03-06T13:07:48.340+0000] {logging_mixin.py:188} INFO - [2025-03-06T13:07:48.339+0000] {dag.py:3823} INFO - Setting next_dagrun for example_time_delta_sensor_async to None, run_after=None
[2025-03-06T13:07:48.483+0000] {processor.py:183} INFO - Processing /home/airflow/.local/lib/python3.10/site-packages/airflow/example_dags/example_time_delta_sensor_async.py took 0.238 seconds
[2025-03-06T13:08:37.613+0000] {processor.py:161} INFO - Started process (PID=213) to work on /home/airflow/.local/lib/python3.10/site-packages/airflow/example_dags/example_time_delta_sensor_async.py
[2025-03-06T13:08:37.617+0000] {processor.py:830} INFO - Processing file /home/airflow/.local/lib/python3.10/site-packages/airflow/example_dags/example_time_delta_sensor_async.py for tasks to queue
[2025-03-06T13:08:37.621+0000] {logging_mixin.py:188} INFO - [2025-03-06T13:08:37.620+0000] {dagbag.py:538} INFO - Filling up the DagBag from /home/airflow/.local/lib/python3.10/site-packages/airflow/example_dags/example_time_delta_sensor_async.py
[2025-03-06T13:08:37.637+0000] {processor.py:840} INFO - DAG(s) 'example_time_delta_sensor_async' retrieved from /home/airflow/.local/lib/python3.10/site-packages/airflow/example_dags/example_time_delta_sensor_async.py
[2025-03-06T13:08:37.708+0000] {logging_mixin.py:188} INFO - [2025-03-06T13:08:37.707+0000] {dag.py:3036} INFO - Sync 1 DAGs
[2025-03-06T13:08:37.744+0000] {logging_mixin.py:188} INFO - [2025-03-06T13:08:37.743+0000] {dag.py:3823} INFO - Setting next_dagrun for example_time_delta_sensor_async to None, run_after=None
[2025-03-06T13:08:37.898+0000] {processor.py:183} INFO - Processing /home/airflow/.local/lib/python3.10/site-packages/airflow/example_dags/example_time_delta_sensor_async.py took 0.291 seconds
[2025-03-06T13:10:07.983+0000] {processor.py:161} INFO - Started process (PID=271) to work on /home/airflow/.local/lib/python3.10/site-packages/airflow/example_dags/example_time_delta_sensor_async.py
[2025-03-06T13:10:07.986+0000] {processor.py:830} INFO - Processing file /home/airflow/.local/lib/python3.10/site-packages/airflow/example_dags/example_time_delta_sensor_async.py for tasks to queue
[2025-03-06T13:10:07.991+0000] {logging_mixin.py:188} INFO - [2025-03-06T13:10:07.990+0000] {dagbag.py:538} INFO - Filling up the DagBag from /home/airflow/.local/lib/python3.10/site-packages/airflow/example_dags/example_time_delta_sensor_async.py
[2025-03-06T13:10:08.003+0000] {processor.py:840} INFO - DAG(s) 'example_time_delta_sensor_async' retrieved from /home/airflow/.local/lib/python3.10/site-packages/airflow/example_dags/example_time_delta_sensor_async.py
[2025-03-06T13:10:08.073+0000] {logging_mixin.py:188} INFO - [2025-03-06T13:10:08.072+0000] {dag.py:3036} INFO - Sync 1 DAGs
[2025-03-06T13:10:08.114+0000] {logging_mixin.py:188} INFO - [2025-03-06T13:10:08.114+0000] {dag.py:3823} INFO - Setting next_dagrun for example_time_delta_sensor_async to None, run_after=None
[2025-03-06T13:10:08.276+0000] {processor.py:183} INFO - Processing /home/airflow/.local/lib/python3.10/site-packages/airflow/example_dags/example_time_delta_sensor_async.py took 0.298 seconds
[2025-03-06T13:11:32.751+0000] {processor.py:161} INFO - Started process (PID=39) to work on /home/airflow/.local/lib/python3.10/site-packages/airflow/example_dags/example_time_delta_sensor_async.py
[2025-03-06T13:11:32.755+0000] {processor.py:830} INFO - Processing file /home/airflow/.local/lib/python3.10/site-packages/airflow/example_dags/example_time_delta_sensor_async.py for tasks to queue
[2025-03-06T13:11:32.766+0000] {logging_mixin.py:188} INFO - [2025-03-06T13:11:32.765+0000] {dagbag.py:538} INFO - Filling up the DagBag from /home/airflow/.local/lib/python3.10/site-packages/airflow/example_dags/example_time_delta_sensor_async.py
[2025-03-06T13:11:32.787+0000] {processor.py:840} INFO - DAG(s) 'example_time_delta_sensor_async' retrieved from /home/airflow/.local/lib/python3.10/site-packages/airflow/example_dags/example_time_delta_sensor_async.py
[2025-03-06T13:11:32.892+0000] {logging_mixin.py:188} INFO - [2025-03-06T13:11:32.891+0000] {dag.py:3036} INFO - Sync 1 DAGs
[2025-03-06T13:11:32.924+0000] {logging_mixin.py:188} INFO - [2025-03-06T13:11:32.923+0000] {dag.py:3823} INFO - Setting next_dagrun for example_time_delta_sensor_async to None, run_after=None
[2025-03-06T13:11:33.058+0000] {processor.py:183} INFO - Processing /home/airflow/.local/lib/python3.10/site-packages/airflow/example_dags/example_time_delta_sensor_async.py took 0.314 seconds
[2025-03-06T13:12:57.601+0000] {processor.py:161} INFO - Started process (PID=88) to work on /home/airflow/.local/lib/python3.10/site-packages/airflow/example_dags/example_time_delta_sensor_async.py
[2025-03-06T13:12:57.605+0000] {processor.py:830} INFO - Processing file /home/airflow/.local/lib/python3.10/site-packages/airflow/example_dags/example_time_delta_sensor_async.py for tasks to queue
[2025-03-06T13:12:57.609+0000] {logging_mixin.py:188} INFO - [2025-03-06T13:12:57.607+0000] {dagbag.py:538} INFO - Filling up the DagBag from /home/airflow/.local/lib/python3.10/site-packages/airflow/example_dags/example_time_delta_sensor_async.py
[2025-03-06T13:12:57.624+0000] {processor.py:840} INFO - DAG(s) 'example_time_delta_sensor_async' retrieved from /home/airflow/.local/lib/python3.10/site-packages/airflow/example_dags/example_time_delta_sensor_async.py
[2025-03-06T13:12:57.707+0000] {logging_mixin.py:188} INFO - [2025-03-06T13:12:57.706+0000] {dag.py:3036} INFO - Sync 1 DAGs
[2025-03-06T13:12:57.755+0000] {logging_mixin.py:188} INFO - [2025-03-06T13:12:57.755+0000] {dag.py:3823} INFO - Setting next_dagrun for example_time_delta_sensor_async to None, run_after=None
[2025-03-06T13:12:57.933+0000] {processor.py:183} INFO - Processing /home/airflow/.local/lib/python3.10/site-packages/airflow/example_dags/example_time_delta_sensor_async.py took 0.342 seconds
[2025-03-06T13:13:53.068+0000] {processor.py:161} INFO - Started process (PID=122) to work on /home/airflow/.local/lib/python3.10/site-packages/airflow/example_dags/example_time_delta_sensor_async.py
[2025-03-06T13:13:53.070+0000] {processor.py:830} INFO - Processing file /home/airflow/.local/lib/python3.10/site-packages/airflow/example_dags/example_time_delta_sensor_async.py for tasks to queue
[2025-03-06T13:13:53.072+0000] {logging_mixin.py:188} INFO - [2025-03-06T13:13:53.072+0000] {dagbag.py:538} INFO - Filling up the DagBag from /home/airflow/.local/lib/python3.10/site-packages/airflow/example_dags/example_time_delta_sensor_async.py
[2025-03-06T13:13:53.087+0000] {processor.py:840} INFO - DAG(s) 'example_time_delta_sensor_async' retrieved from /home/airflow/.local/lib/python3.10/site-packages/airflow/example_dags/example_time_delta_sensor_async.py
[2025-03-06T13:13:53.163+0000] {logging_mixin.py:188} INFO - [2025-03-06T13:13:53.162+0000] {dag.py:3036} INFO - Sync 1 DAGs
[2025-03-06T13:13:53.194+0000] {logging_mixin.py:188} INFO - [2025-03-06T13:13:53.194+0000] {dag.py:3823} INFO - Setting next_dagrun for example_time_delta_sensor_async to None, run_after=None
[2025-03-06T13:13:53.332+0000] {processor.py:183} INFO - Processing /home/airflow/.local/lib/python3.10/site-packages/airflow/example_dags/example_time_delta_sensor_async.py took 0.271 seconds
[2025-03-06T13:15:28.805+0000] {processor.py:161} INFO - Started process (PID=182) to work on /home/airflow/.local/lib/python3.10/site-packages/airflow/example_dags/example_time_delta_sensor_async.py
[2025-03-06T13:15:28.809+0000] {processor.py:830} INFO - Processing file /home/airflow/.local/lib/python3.10/site-packages/airflow/example_dags/example_time_delta_sensor_async.py for tasks to queue
[2025-03-06T13:15:28.812+0000] {logging_mixin.py:188} INFO - [2025-03-06T13:15:28.811+0000] {dagbag.py:538} INFO - Filling up the DagBag from /home/airflow/.local/lib/python3.10/site-packages/airflow/example_dags/example_time_delta_sensor_async.py
[2025-03-06T13:15:28.828+0000] {processor.py:840} INFO - DAG(s) 'example_time_delta_sensor_async' retrieved from /home/airflow/.local/lib/python3.10/site-packages/airflow/example_dags/example_time_delta_sensor_async.py
[2025-03-06T13:15:28.886+0000] {logging_mixin.py:188} INFO - [2025-03-06T13:15:28.886+0000] {dag.py:3036} INFO - Sync 1 DAGs
[2025-03-06T13:15:28.916+0000] {logging_mixin.py:188} INFO - [2025-03-06T13:15:28.915+0000] {dag.py:3823} INFO - Setting next_dagrun for example_time_delta_sensor_async to None, run_after=None
[2025-03-06T13:15:29.049+0000] {processor.py:183} INFO - Processing /home/airflow/.local/lib/python3.10/site-packages/airflow/example_dags/example_time_delta_sensor_async.py took 0.255 seconds
[2025-03-06T13:16:19.578+0000] {processor.py:161} INFO - Started process (PID=214) to work on /home/airflow/.local/lib/python3.10/site-packages/airflow/example_dags/example_time_delta_sensor_async.py
[2025-03-06T13:16:19.580+0000] {processor.py:830} INFO - Processing file /home/airflow/.local/lib/python3.10/site-packages/airflow/example_dags/example_time_delta_sensor_async.py for tasks to queue
[2025-03-06T13:16:19.589+0000] {logging_mixin.py:188} INFO - [2025-03-06T13:16:19.588+0000] {dagbag.py:538} INFO - Filling up the DagBag from /home/airflow/.local/lib/python3.10/site-packages/airflow/example_dags/example_time_delta_sensor_async.py
[2025-03-06T13:16:19.608+0000] {processor.py:840} INFO - DAG(s) 'example_time_delta_sensor_async' retrieved from /home/airflow/.local/lib/python3.10/site-packages/airflow/example_dags/example_time_delta_sensor_async.py
[2025-03-06T13:16:19.674+0000] {logging_mixin.py:188} INFO - [2025-03-06T13:16:19.674+0000] {dag.py:3036} INFO - Sync 1 DAGs
[2025-03-06T13:16:19.721+0000] {logging_mixin.py:188} INFO - [2025-03-06T13:16:19.721+0000] {dag.py:3823} INFO - Setting next_dagrun for example_time_delta_sensor_async to None, run_after=None
[2025-03-06T13:16:20.038+0000] {processor.py:183} INFO - Processing /home/airflow/.local/lib/python3.10/site-packages/airflow/example_dags/example_time_delta_sensor_async.py took 0.467 seconds
[2025-03-06T13:17:09.810+0000] {processor.py:161} INFO - Started process (PID=243) to work on /home/airflow/.local/lib/python3.10/site-packages/airflow/example_dags/example_time_delta_sensor_async.py
[2025-03-06T13:17:09.813+0000] {processor.py:830} INFO - Processing file /home/airflow/.local/lib/python3.10/site-packages/airflow/example_dags/example_time_delta_sensor_async.py for tasks to queue
[2025-03-06T13:17:09.816+0000] {logging_mixin.py:188} INFO - [2025-03-06T13:17:09.815+0000] {dagbag.py:538} INFO - Filling up the DagBag from /home/airflow/.local/lib/python3.10/site-packages/airflow/example_dags/example_time_delta_sensor_async.py
[2025-03-06T13:17:09.829+0000] {processor.py:840} INFO - DAG(s) 'example_time_delta_sensor_async' retrieved from /home/airflow/.local/lib/python3.10/site-packages/airflow/example_dags/example_time_delta_sensor_async.py
[2025-03-06T13:17:09.884+0000] {logging_mixin.py:188} INFO - [2025-03-06T13:17:09.884+0000] {dag.py:3036} INFO - Sync 1 DAGs
[2025-03-06T13:17:09.918+0000] {logging_mixin.py:188} INFO - [2025-03-06T13:17:09.917+0000] {dag.py:3823} INFO - Setting next_dagrun for example_time_delta_sensor_async to None, run_after=None
[2025-03-06T13:17:10.084+0000] {processor.py:183} INFO - Processing /home/airflow/.local/lib/python3.10/site-packages/airflow/example_dags/example_time_delta_sensor_async.py took 0.284 seconds
[2025-03-06T13:18:14.697+0000] {processor.py:161} INFO - Started process (PID=276) to work on /home/airflow/.local/lib/python3.10/site-packages/airflow/example_dags/example_time_delta_sensor_async.py
[2025-03-06T13:18:14.699+0000] {processor.py:830} INFO - Processing file /home/airflow/.local/lib/python3.10/site-packages/airflow/example_dags/example_time_delta_sensor_async.py for tasks to queue
[2025-03-06T13:18:14.701+0000] {logging_mixin.py:188} INFO - [2025-03-06T13:18:14.701+0000] {dagbag.py:538} INFO - Filling up the DagBag from /home/airflow/.local/lib/python3.10/site-packages/airflow/example_dags/example_time_delta_sensor_async.py
[2025-03-06T13:18:14.713+0000] {processor.py:840} INFO - DAG(s) 'example_time_delta_sensor_async' retrieved from /home/airflow/.local/lib/python3.10/site-packages/airflow/example_dags/example_time_delta_sensor_async.py
[2025-03-06T13:18:14.766+0000] {logging_mixin.py:188} INFO - [2025-03-06T13:18:14.765+0000] {dag.py:3036} INFO - Sync 1 DAGs
[2025-03-06T13:18:14.794+0000] {logging_mixin.py:188} INFO - [2025-03-06T13:18:14.794+0000] {dag.py:3823} INFO - Setting next_dagrun for example_time_delta_sensor_async to None, run_after=None
[2025-03-06T13:18:14.936+0000] {processor.py:183} INFO - Processing /home/airflow/.local/lib/python3.10/site-packages/airflow/example_dags/example_time_delta_sensor_async.py took 0.246 seconds
