[2025-03-06T12:54:25.255+0000] {processor.py:161} INFO - Started process (PID=45) to work on /home/airflow/.local/lib/python3.10/site-packages/airflow/example_dags/example_external_task_marker_dag.py
[2025-03-06T12:54:25.257+0000] {processor.py:830} INFO - Processing file /home/airflow/.local/lib/python3.10/site-packages/airflow/example_dags/example_external_task_marker_dag.py for tasks to queue
[2025-03-06T12:54:25.260+0000] {logging_mixin.py:188} INFO - [2025-03-06T12:54:25.259+0000] {dagbag.py:538} INFO - Filling up the DagBag from /home/airflow/.local/lib/python3.10/site-packages/airflow/example_dags/example_external_task_marker_dag.py
[2025-03-06T12:54:25.274+0000] {processor.py:840} INFO - DAG(s) 'example_external_task_marker_parent', 'example_external_task_marker_child' retrieved from /home/airflow/.local/lib/python3.10/site-packages/airflow/example_dags/example_external_task_marker_dag.py
[2025-03-06T12:54:25.577+0000] {logging_mixin.py:188} INFO - [2025-03-06T12:54:25.577+0000] {dag.py:3036} INFO - Sync 2 DAGs
[2025-03-06T12:54:25.607+0000] {logging_mixin.py:188} INFO - [2025-03-06T12:54:25.607+0000] {dag.py:3823} INFO - Setting next_dagrun for example_external_task_marker_child to None, run_after=None
[2025-03-06T12:54:25.617+0000] {logging_mixin.py:188} INFO - [2025-03-06T12:54:25.617+0000] {dag.py:3823} INFO - Setting next_dagrun for example_external_task_marker_parent to None, run_after=None
[2025-03-06T12:54:25.766+0000] {processor.py:183} INFO - Processing /home/airflow/.local/lib/python3.10/site-packages/airflow/example_dags/example_external_task_marker_dag.py took 0.520 seconds
[2025-03-06T12:55:50.052+0000] {processor.py:161} INFO - Started process (PID=94) to work on /home/airflow/.local/lib/python3.10/site-packages/airflow/example_dags/example_external_task_marker_dag.py
[2025-03-06T12:55:50.054+0000] {processor.py:830} INFO - Processing file /home/airflow/.local/lib/python3.10/site-packages/airflow/example_dags/example_external_task_marker_dag.py for tasks to queue
[2025-03-06T12:55:50.056+0000] {logging_mixin.py:188} INFO - [2025-03-06T12:55:50.055+0000] {dagbag.py:538} INFO - Filling up the DagBag from /home/airflow/.local/lib/python3.10/site-packages/airflow/example_dags/example_external_task_marker_dag.py
[2025-03-06T12:55:50.067+0000] {processor.py:840} INFO - DAG(s) 'example_external_task_marker_child', 'example_external_task_marker_parent' retrieved from /home/airflow/.local/lib/python3.10/site-packages/airflow/example_dags/example_external_task_marker_dag.py
[2025-03-06T12:55:50.171+0000] {logging_mixin.py:188} INFO - [2025-03-06T12:55:50.170+0000] {dag.py:3036} INFO - Sync 2 DAGs
[2025-03-06T12:55:50.208+0000] {logging_mixin.py:188} INFO - [2025-03-06T12:55:50.207+0000] {dag.py:3823} INFO - Setting next_dagrun for example_external_task_marker_child to None, run_after=None
[2025-03-06T12:55:50.219+0000] {logging_mixin.py:188} INFO - [2025-03-06T12:55:50.219+0000] {dag.py:3823} INFO - Setting next_dagrun for example_external_task_marker_parent to None, run_after=None
[2025-03-06T12:55:50.356+0000] {processor.py:183} INFO - Processing /home/airflow/.local/lib/python3.10/site-packages/airflow/example_dags/example_external_task_marker_dag.py took 0.310 seconds
[2025-03-06T12:57:36.764+0000] {processor.py:161} INFO - Started process (PID=155) to work on /home/airflow/.local/lib/python3.10/site-packages/airflow/example_dags/example_external_task_marker_dag.py
[2025-03-06T12:57:36.769+0000] {processor.py:830} INFO - Processing file /home/airflow/.local/lib/python3.10/site-packages/airflow/example_dags/example_external_task_marker_dag.py for tasks to queue
[2025-03-06T12:57:36.773+0000] {logging_mixin.py:188} INFO - [2025-03-06T12:57:36.772+0000] {dagbag.py:538} INFO - Filling up the DagBag from /home/airflow/.local/lib/python3.10/site-packages/airflow/example_dags/example_external_task_marker_dag.py
[2025-03-06T12:57:36.796+0000] {processor.py:840} INFO - DAG(s) 'example_external_task_marker_parent', 'example_external_task_marker_child' retrieved from /home/airflow/.local/lib/python3.10/site-packages/airflow/example_dags/example_external_task_marker_dag.py
[2025-03-06T12:57:36.892+0000] {logging_mixin.py:188} INFO - [2025-03-06T12:57:36.891+0000] {dag.py:3036} INFO - Sync 2 DAGs
[2025-03-06T12:57:36.923+0000] {logging_mixin.py:188} INFO - [2025-03-06T12:57:36.923+0000] {dag.py:3823} INFO - Setting next_dagrun for example_external_task_marker_child to None, run_after=None
[2025-03-06T12:57:36.931+0000] {logging_mixin.py:188} INFO - [2025-03-06T12:57:36.931+0000] {dag.py:3823} INFO - Setting next_dagrun for example_external_task_marker_parent to None, run_after=None
[2025-03-06T12:57:37.085+0000] {processor.py:183} INFO - Processing /home/airflow/.local/lib/python3.10/site-packages/airflow/example_dags/example_external_task_marker_dag.py took 0.328 seconds
[2025-03-06T12:59:01.308+0000] {processor.py:161} INFO - Started process (PID=214) to work on /home/airflow/.local/lib/python3.10/site-packages/airflow/example_dags/example_external_task_marker_dag.py
[2025-03-06T12:59:01.311+0000] {processor.py:830} INFO - Processing file /home/airflow/.local/lib/python3.10/site-packages/airflow/example_dags/example_external_task_marker_dag.py for tasks to queue
[2025-03-06T12:59:01.314+0000] {logging_mixin.py:188} INFO - [2025-03-06T12:59:01.313+0000] {dagbag.py:538} INFO - Filling up the DagBag from /home/airflow/.local/lib/python3.10/site-packages/airflow/example_dags/example_external_task_marker_dag.py
[2025-03-06T12:59:01.329+0000] {processor.py:840} INFO - DAG(s) 'example_external_task_marker_parent', 'example_external_task_marker_child' retrieved from /home/airflow/.local/lib/python3.10/site-packages/airflow/example_dags/example_external_task_marker_dag.py
[2025-03-06T12:59:01.414+0000] {logging_mixin.py:188} INFO - [2025-03-06T12:59:01.413+0000] {dag.py:3036} INFO - Sync 2 DAGs
[2025-03-06T12:59:01.463+0000] {logging_mixin.py:188} INFO - [2025-03-06T12:59:01.462+0000] {dag.py:3823} INFO - Setting next_dagrun for example_external_task_marker_child to None, run_after=None
[2025-03-06T12:59:01.474+0000] {logging_mixin.py:188} INFO - [2025-03-06T12:59:01.473+0000] {dag.py:3823} INFO - Setting next_dagrun for example_external_task_marker_parent to None, run_after=None
[2025-03-06T12:59:01.602+0000] {processor.py:183} INFO - Processing /home/airflow/.local/lib/python3.10/site-packages/airflow/example_dags/example_external_task_marker_dag.py took 0.301 seconds
[2025-03-06T13:00:20.849+0000] {processor.py:161} INFO - Started process (PID=269) to work on /home/airflow/.local/lib/python3.10/site-packages/airflow/example_dags/example_external_task_marker_dag.py
[2025-03-06T13:00:20.852+0000] {processor.py:830} INFO - Processing file /home/airflow/.local/lib/python3.10/site-packages/airflow/example_dags/example_external_task_marker_dag.py for tasks to queue
[2025-03-06T13:00:20.855+0000] {logging_mixin.py:188} INFO - [2025-03-06T13:00:20.854+0000] {dagbag.py:538} INFO - Filling up the DagBag from /home/airflow/.local/lib/python3.10/site-packages/airflow/example_dags/example_external_task_marker_dag.py
[2025-03-06T13:00:20.867+0000] {processor.py:840} INFO - DAG(s) 'example_external_task_marker_parent', 'example_external_task_marker_child' retrieved from /home/airflow/.local/lib/python3.10/site-packages/airflow/example_dags/example_external_task_marker_dag.py
[2025-03-06T13:00:20.923+0000] {logging_mixin.py:188} INFO - [2025-03-06T13:00:20.922+0000] {dag.py:3036} INFO - Sync 2 DAGs
[2025-03-06T13:00:20.949+0000] {logging_mixin.py:188} INFO - [2025-03-06T13:00:20.949+0000] {dag.py:3823} INFO - Setting next_dagrun for example_external_task_marker_child to None, run_after=None
[2025-03-06T13:00:20.959+0000] {logging_mixin.py:188} INFO - [2025-03-06T13:00:20.959+0000] {dag.py:3823} INFO - Setting next_dagrun for example_external_task_marker_parent to None, run_after=None
[2025-03-06T13:00:21.083+0000] {processor.py:183} INFO - Processing /home/airflow/.local/lib/python3.10/site-packages/airflow/example_dags/example_external_task_marker_dag.py took 0.239 seconds
[2025-03-06T13:01:44.746+0000] {processor.py:161} INFO - Started process (PID=325) to work on /home/airflow/.local/lib/python3.10/site-packages/airflow/example_dags/example_external_task_marker_dag.py
[2025-03-06T13:01:44.748+0000] {processor.py:830} INFO - Processing file /home/airflow/.local/lib/python3.10/site-packages/airflow/example_dags/example_external_task_marker_dag.py for tasks to queue
[2025-03-06T13:01:44.751+0000] {logging_mixin.py:188} INFO - [2025-03-06T13:01:44.750+0000] {dagbag.py:538} INFO - Filling up the DagBag from /home/airflow/.local/lib/python3.10/site-packages/airflow/example_dags/example_external_task_marker_dag.py
[2025-03-06T13:01:44.767+0000] {processor.py:840} INFO - DAG(s) 'example_external_task_marker_parent', 'example_external_task_marker_child' retrieved from /home/airflow/.local/lib/python3.10/site-packages/airflow/example_dags/example_external_task_marker_dag.py
[2025-03-06T13:01:44.839+0000] {logging_mixin.py:188} INFO - [2025-03-06T13:01:44.839+0000] {dag.py:3036} INFO - Sync 2 DAGs
[2025-03-06T13:01:44.882+0000] {logging_mixin.py:188} INFO - [2025-03-06T13:01:44.881+0000] {dag.py:3823} INFO - Setting next_dagrun for example_external_task_marker_child to None, run_after=None
[2025-03-06T13:01:44.896+0000] {logging_mixin.py:188} INFO - [2025-03-06T13:01:44.895+0000] {dag.py:3823} INFO - Setting next_dagrun for example_external_task_marker_parent to None, run_after=None
[2025-03-06T13:01:45.063+0000] {processor.py:183} INFO - Processing /home/airflow/.local/lib/python3.10/site-packages/airflow/example_dags/example_external_task_marker_dag.py took 0.326 seconds
[2025-03-06T13:04:06.162+0000] {processor.py:161} INFO - Started process (PID=46) to work on /home/airflow/.local/lib/python3.10/site-packages/airflow/example_dags/example_external_task_marker_dag.py
[2025-03-06T13:04:06.167+0000] {processor.py:830} INFO - Processing file /home/airflow/.local/lib/python3.10/site-packages/airflow/example_dags/example_external_task_marker_dag.py for tasks to queue
[2025-03-06T13:04:06.170+0000] {logging_mixin.py:188} INFO - [2025-03-06T13:04:06.169+0000] {dagbag.py:538} INFO - Filling up the DagBag from /home/airflow/.local/lib/python3.10/site-packages/airflow/example_dags/example_external_task_marker_dag.py
[2025-03-06T13:04:06.184+0000] {processor.py:840} INFO - DAG(s) 'example_external_task_marker_parent', 'example_external_task_marker_child' retrieved from /home/airflow/.local/lib/python3.10/site-packages/airflow/example_dags/example_external_task_marker_dag.py
[2025-03-06T13:04:06.257+0000] {logging_mixin.py:188} INFO - [2025-03-06T13:04:06.256+0000] {dag.py:3036} INFO - Sync 2 DAGs
[2025-03-06T13:04:06.292+0000] {logging_mixin.py:188} INFO - [2025-03-06T13:04:06.291+0000] {dag.py:3823} INFO - Setting next_dagrun for example_external_task_marker_child to None, run_after=None
[2025-03-06T13:04:06.308+0000] {logging_mixin.py:188} INFO - [2025-03-06T13:04:06.307+0000] {dag.py:3823} INFO - Setting next_dagrun for example_external_task_marker_parent to None, run_after=None
[2025-03-06T13:04:06.446+0000] {processor.py:183} INFO - Processing /home/airflow/.local/lib/python3.10/site-packages/airflow/example_dags/example_external_task_marker_dag.py took 0.290 seconds
[2025-03-06T13:05:27.239+0000] {processor.py:161} INFO - Started process (PID=95) to work on /home/airflow/.local/lib/python3.10/site-packages/airflow/example_dags/example_external_task_marker_dag.py
[2025-03-06T13:05:27.243+0000] {processor.py:830} INFO - Processing file /home/airflow/.local/lib/python3.10/site-packages/airflow/example_dags/example_external_task_marker_dag.py for tasks to queue
[2025-03-06T13:05:27.247+0000] {logging_mixin.py:188} INFO - [2025-03-06T13:05:27.246+0000] {dagbag.py:538} INFO - Filling up the DagBag from /home/airflow/.local/lib/python3.10/site-packages/airflow/example_dags/example_external_task_marker_dag.py
[2025-03-06T13:05:27.270+0000] {processor.py:840} INFO - DAG(s) 'example_external_task_marker_child', 'example_external_task_marker_parent' retrieved from /home/airflow/.local/lib/python3.10/site-packages/airflow/example_dags/example_external_task_marker_dag.py
[2025-03-06T13:05:27.403+0000] {logging_mixin.py:188} INFO - [2025-03-06T13:05:27.401+0000] {dag.py:3036} INFO - Sync 2 DAGs
[2025-03-06T13:05:27.451+0000] {logging_mixin.py:188} INFO - [2025-03-06T13:05:27.450+0000] {dag.py:3823} INFO - Setting next_dagrun for example_external_task_marker_child to None, run_after=None
[2025-03-06T13:05:27.466+0000] {logging_mixin.py:188} INFO - [2025-03-06T13:05:27.465+0000] {dag.py:3823} INFO - Setting next_dagrun for example_external_task_marker_parent to None, run_after=None
[2025-03-06T13:05:27.638+0000] {processor.py:183} INFO - Processing /home/airflow/.local/lib/python3.10/site-packages/airflow/example_dags/example_external_task_marker_dag.py took 0.411 seconds
[2025-03-06T13:07:06.615+0000] {processor.py:161} INFO - Started process (PID=156) to work on /home/airflow/.local/lib/python3.10/site-packages/airflow/example_dags/example_external_task_marker_dag.py
[2025-03-06T13:07:06.619+0000] {processor.py:830} INFO - Processing file /home/airflow/.local/lib/python3.10/site-packages/airflow/example_dags/example_external_task_marker_dag.py for tasks to queue
[2025-03-06T13:07:06.622+0000] {logging_mixin.py:188} INFO - [2025-03-06T13:07:06.621+0000] {dagbag.py:538} INFO - Filling up the DagBag from /home/airflow/.local/lib/python3.10/site-packages/airflow/example_dags/example_external_task_marker_dag.py
[2025-03-06T13:07:06.656+0000] {processor.py:840} INFO - DAG(s) 'example_external_task_marker_parent', 'example_external_task_marker_child' retrieved from /home/airflow/.local/lib/python3.10/site-packages/airflow/example_dags/example_external_task_marker_dag.py
[2025-03-06T13:07:06.784+0000] {logging_mixin.py:188} INFO - [2025-03-06T13:07:06.784+0000] {dag.py:3036} INFO - Sync 2 DAGs
[2025-03-06T13:07:06.903+0000] {logging_mixin.py:188} INFO - [2025-03-06T13:07:06.902+0000] {dag.py:3823} INFO - Setting next_dagrun for example_external_task_marker_child to None, run_after=None
[2025-03-06T13:07:06.940+0000] {logging_mixin.py:188} INFO - [2025-03-06T13:07:06.939+0000] {dag.py:3823} INFO - Setting next_dagrun for example_external_task_marker_parent to None, run_after=None
[2025-03-06T13:07:07.158+0000] {processor.py:183} INFO - Processing /home/airflow/.local/lib/python3.10/site-packages/airflow/example_dags/example_external_task_marker_dag.py took 0.555 seconds
[2025-03-06T13:08:43.462+0000] {processor.py:161} INFO - Started process (PID=217) to work on /home/airflow/.local/lib/python3.10/site-packages/airflow/example_dags/example_external_task_marker_dag.py
[2025-03-06T13:08:43.466+0000] {processor.py:830} INFO - Processing file /home/airflow/.local/lib/python3.10/site-packages/airflow/example_dags/example_external_task_marker_dag.py for tasks to queue
[2025-03-06T13:08:43.469+0000] {logging_mixin.py:188} INFO - [2025-03-06T13:08:43.468+0000] {dagbag.py:538} INFO - Filling up the DagBag from /home/airflow/.local/lib/python3.10/site-packages/airflow/example_dags/example_external_task_marker_dag.py
[2025-03-06T13:08:43.481+0000] {processor.py:840} INFO - DAG(s) 'example_external_task_marker_parent', 'example_external_task_marker_child' retrieved from /home/airflow/.local/lib/python3.10/site-packages/airflow/example_dags/example_external_task_marker_dag.py
[2025-03-06T13:08:43.548+0000] {logging_mixin.py:188} INFO - [2025-03-06T13:08:43.547+0000] {dag.py:3036} INFO - Sync 2 DAGs
[2025-03-06T13:08:43.579+0000] {logging_mixin.py:188} INFO - [2025-03-06T13:08:43.578+0000] {dag.py:3823} INFO - Setting next_dagrun for example_external_task_marker_child to None, run_after=None
[2025-03-06T13:08:43.592+0000] {logging_mixin.py:188} INFO - [2025-03-06T13:08:43.592+0000] {dag.py:3823} INFO - Setting next_dagrun for example_external_task_marker_parent to None, run_after=None
[2025-03-06T13:08:43.748+0000] {processor.py:183} INFO - Processing /home/airflow/.local/lib/python3.10/site-packages/airflow/example_dags/example_external_task_marker_dag.py took 0.291 seconds
[2025-03-06T13:10:14.833+0000] {processor.py:161} INFO - Started process (PID=275) to work on /home/airflow/.local/lib/python3.10/site-packages/airflow/example_dags/example_external_task_marker_dag.py
[2025-03-06T13:10:14.838+0000] {processor.py:830} INFO - Processing file /home/airflow/.local/lib/python3.10/site-packages/airflow/example_dags/example_external_task_marker_dag.py for tasks to queue
[2025-03-06T13:10:14.841+0000] {logging_mixin.py:188} INFO - [2025-03-06T13:10:14.840+0000] {dagbag.py:538} INFO - Filling up the DagBag from /home/airflow/.local/lib/python3.10/site-packages/airflow/example_dags/example_external_task_marker_dag.py
[2025-03-06T13:10:14.858+0000] {processor.py:840} INFO - DAG(s) 'example_external_task_marker_parent', 'example_external_task_marker_child' retrieved from /home/airflow/.local/lib/python3.10/site-packages/airflow/example_dags/example_external_task_marker_dag.py
[2025-03-06T13:10:14.930+0000] {logging_mixin.py:188} INFO - [2025-03-06T13:10:14.930+0000] {dag.py:3036} INFO - Sync 2 DAGs
[2025-03-06T13:10:14.965+0000] {logging_mixin.py:188} INFO - [2025-03-06T13:10:14.965+0000] {dag.py:3823} INFO - Setting next_dagrun for example_external_task_marker_child to None, run_after=None
[2025-03-06T13:10:14.979+0000] {logging_mixin.py:188} INFO - [2025-03-06T13:10:14.978+0000] {dag.py:3823} INFO - Setting next_dagrun for example_external_task_marker_parent to None, run_after=None
[2025-03-06T13:10:15.128+0000] {processor.py:183} INFO - Processing /home/airflow/.local/lib/python3.10/site-packages/airflow/example_dags/example_external_task_marker_dag.py took 0.300 seconds
[2025-03-06T13:11:43.896+0000] {processor.py:161} INFO - Started process (PID=46) to work on /home/airflow/.local/lib/python3.10/site-packages/airflow/example_dags/example_external_task_marker_dag.py
[2025-03-06T13:11:43.899+0000] {processor.py:830} INFO - Processing file /home/airflow/.local/lib/python3.10/site-packages/airflow/example_dags/example_external_task_marker_dag.py for tasks to queue
[2025-03-06T13:11:43.903+0000] {logging_mixin.py:188} INFO - [2025-03-06T13:11:43.901+0000] {dagbag.py:538} INFO - Filling up the DagBag from /home/airflow/.local/lib/python3.10/site-packages/airflow/example_dags/example_external_task_marker_dag.py
[2025-03-06T13:11:43.915+0000] {processor.py:840} INFO - DAG(s) 'example_external_task_marker_parent', 'example_external_task_marker_child' retrieved from /home/airflow/.local/lib/python3.10/site-packages/airflow/example_dags/example_external_task_marker_dag.py
[2025-03-06T13:11:43.996+0000] {logging_mixin.py:188} INFO - [2025-03-06T13:11:43.995+0000] {dag.py:3036} INFO - Sync 2 DAGs
[2025-03-06T13:11:44.029+0000] {logging_mixin.py:188} INFO - [2025-03-06T13:11:44.029+0000] {dag.py:3823} INFO - Setting next_dagrun for example_external_task_marker_child to None, run_after=None
[2025-03-06T13:11:44.043+0000] {logging_mixin.py:188} INFO - [2025-03-06T13:11:44.042+0000] {dag.py:3823} INFO - Setting next_dagrun for example_external_task_marker_parent to None, run_after=None
[2025-03-06T13:11:44.201+0000] {processor.py:183} INFO - Processing /home/airflow/.local/lib/python3.10/site-packages/airflow/example_dags/example_external_task_marker_dag.py took 0.310 seconds
[2025-03-06T13:13:10.187+0000] {processor.py:161} INFO - Started process (PID=95) to work on /home/airflow/.local/lib/python3.10/site-packages/airflow/example_dags/example_external_task_marker_dag.py
[2025-03-06T13:13:10.190+0000] {processor.py:830} INFO - Processing file /home/airflow/.local/lib/python3.10/site-packages/airflow/example_dags/example_external_task_marker_dag.py for tasks to queue
[2025-03-06T13:13:10.195+0000] {logging_mixin.py:188} INFO - [2025-03-06T13:13:10.194+0000] {dagbag.py:538} INFO - Filling up the DagBag from /home/airflow/.local/lib/python3.10/site-packages/airflow/example_dags/example_external_task_marker_dag.py
[2025-03-06T13:13:10.212+0000] {processor.py:840} INFO - DAG(s) 'example_external_task_marker_parent', 'example_external_task_marker_child' retrieved from /home/airflow/.local/lib/python3.10/site-packages/airflow/example_dags/example_external_task_marker_dag.py
[2025-03-06T13:13:10.284+0000] {logging_mixin.py:188} INFO - [2025-03-06T13:13:10.283+0000] {dag.py:3036} INFO - Sync 2 DAGs
[2025-03-06T13:13:10.316+0000] {logging_mixin.py:188} INFO - [2025-03-06T13:13:10.316+0000] {dag.py:3823} INFO - Setting next_dagrun for example_external_task_marker_child to None, run_after=None
[2025-03-06T13:13:10.330+0000] {logging_mixin.py:188} INFO - [2025-03-06T13:13:10.330+0000] {dag.py:3823} INFO - Setting next_dagrun for example_external_task_marker_parent to None, run_after=None
[2025-03-06T13:13:10.507+0000] {processor.py:183} INFO - Processing /home/airflow/.local/lib/python3.10/site-packages/airflow/example_dags/example_external_task_marker_dag.py took 0.325 seconds
[2025-03-06T13:14:45.433+0000] {processor.py:161} INFO - Started process (PID=155) to work on /home/airflow/.local/lib/python3.10/site-packages/airflow/example_dags/example_external_task_marker_dag.py
[2025-03-06T13:14:45.435+0000] {processor.py:830} INFO - Processing file /home/airflow/.local/lib/python3.10/site-packages/airflow/example_dags/example_external_task_marker_dag.py for tasks to queue
[2025-03-06T13:14:45.437+0000] {logging_mixin.py:188} INFO - [2025-03-06T13:14:45.436+0000] {dagbag.py:538} INFO - Filling up the DagBag from /home/airflow/.local/lib/python3.10/site-packages/airflow/example_dags/example_external_task_marker_dag.py
[2025-03-06T13:14:45.451+0000] {processor.py:840} INFO - DAG(s) 'example_external_task_marker_child', 'example_external_task_marker_parent' retrieved from /home/airflow/.local/lib/python3.10/site-packages/airflow/example_dags/example_external_task_marker_dag.py
[2025-03-06T13:14:45.517+0000] {logging_mixin.py:188} INFO - [2025-03-06T13:14:45.516+0000] {dag.py:3036} INFO - Sync 2 DAGs
[2025-03-06T13:14:45.552+0000] {logging_mixin.py:188} INFO - [2025-03-06T13:14:45.551+0000] {dag.py:3823} INFO - Setting next_dagrun for example_external_task_marker_child to None, run_after=None
[2025-03-06T13:14:45.563+0000] {logging_mixin.py:188} INFO - [2025-03-06T13:14:45.563+0000] {dag.py:3823} INFO - Setting next_dagrun for example_external_task_marker_parent to None, run_after=None
[2025-03-06T13:14:45.719+0000] {processor.py:183} INFO - Processing /home/airflow/.local/lib/python3.10/site-packages/airflow/example_dags/example_external_task_marker_dag.py took 0.296 seconds
[2025-03-06T13:16:22.953+0000] {processor.py:161} INFO - Started process (PID=216) to work on /home/airflow/.local/lib/python3.10/site-packages/airflow/example_dags/example_external_task_marker_dag.py
[2025-03-06T13:16:22.956+0000] {processor.py:830} INFO - Processing file /home/airflow/.local/lib/python3.10/site-packages/airflow/example_dags/example_external_task_marker_dag.py for tasks to queue
[2025-03-06T13:16:22.959+0000] {logging_mixin.py:188} INFO - [2025-03-06T13:16:22.958+0000] {dagbag.py:538} INFO - Filling up the DagBag from /home/airflow/.local/lib/python3.10/site-packages/airflow/example_dags/example_external_task_marker_dag.py
[2025-03-06T13:16:22.978+0000] {processor.py:840} INFO - DAG(s) 'example_external_task_marker_parent', 'example_external_task_marker_child' retrieved from /home/airflow/.local/lib/python3.10/site-packages/airflow/example_dags/example_external_task_marker_dag.py
[2025-03-06T13:16:23.043+0000] {logging_mixin.py:188} INFO - [2025-03-06T13:16:23.042+0000] {dag.py:3036} INFO - Sync 2 DAGs
[2025-03-06T13:16:23.081+0000] {logging_mixin.py:188} INFO - [2025-03-06T13:16:23.081+0000] {dag.py:3823} INFO - Setting next_dagrun for example_external_task_marker_child to None, run_after=None
[2025-03-06T13:16:23.091+0000] {logging_mixin.py:188} INFO - [2025-03-06T13:16:23.091+0000] {dag.py:3823} INFO - Setting next_dagrun for example_external_task_marker_parent to None, run_after=None
[2025-03-06T13:16:23.205+0000] {processor.py:183} INFO - Processing /home/airflow/.local/lib/python3.10/site-packages/airflow/example_dags/example_external_task_marker_dag.py took 0.261 seconds
