[2025-03-06T12:54:27.120+0000] {processor.py:161} INFO - Started process (PID=46) to work on /home/airflow/.local/lib/python3.10/site-packages/airflow/example_dags/example_setup_teardown_taskflow.py
[2025-03-06T12:54:27.123+0000] {processor.py:830} INFO - Processing file /home/airflow/.local/lib/python3.10/site-packages/airflow/example_dags/example_setup_teardown_taskflow.py for tasks to queue
[2025-03-06T12:54:27.126+0000] {logging_mixin.py:188} INFO - [2025-03-06T12:54:27.125+0000] {dagbag.py:538} INFO - Filling up the DagBag from /home/airflow/.local/lib/python3.10/site-packages/airflow/example_dags/example_setup_teardown_taskflow.py
[2025-03-06T12:54:27.159+0000] {processor.py:840} INFO - DAG(s) 'example_setup_teardown_taskflow' retrieved from /home/airflow/.local/lib/python3.10/site-packages/airflow/example_dags/example_setup_teardown_taskflow.py
[2025-03-06T12:54:27.459+0000] {logging_mixin.py:188} INFO - [2025-03-06T12:54:27.458+0000] {dag.py:3036} INFO - Sync 1 DAGs
[2025-03-06T12:54:27.519+0000] {logging_mixin.py:188} INFO - [2025-03-06T12:54:27.518+0000] {dag.py:3823} INFO - Setting next_dagrun for example_setup_teardown_taskflow to 2025-03-05 00:00:00+00:00, run_after=2025-03-06 00:00:00+00:00
[2025-03-06T12:54:27.646+0000] {processor.py:183} INFO - Processing /home/airflow/.local/lib/python3.10/site-packages/airflow/example_dags/example_setup_teardown_taskflow.py took 0.533 seconds
[2025-03-06T12:55:51.631+0000] {processor.py:161} INFO - Started process (PID=95) to work on /home/airflow/.local/lib/python3.10/site-packages/airflow/example_dags/example_setup_teardown_taskflow.py
[2025-03-06T12:55:51.637+0000] {processor.py:830} INFO - Processing file /home/airflow/.local/lib/python3.10/site-packages/airflow/example_dags/example_setup_teardown_taskflow.py for tasks to queue
[2025-03-06T12:55:51.641+0000] {logging_mixin.py:188} INFO - [2025-03-06T12:55:51.640+0000] {dagbag.py:538} INFO - Filling up the DagBag from /home/airflow/.local/lib/python3.10/site-packages/airflow/example_dags/example_setup_teardown_taskflow.py
[2025-03-06T12:55:51.682+0000] {processor.py:840} INFO - DAG(s) 'example_setup_teardown_taskflow' retrieved from /home/airflow/.local/lib/python3.10/site-packages/airflow/example_dags/example_setup_teardown_taskflow.py
[2025-03-06T12:55:51.749+0000] {logging_mixin.py:188} INFO - [2025-03-06T12:55:51.748+0000] {dag.py:3036} INFO - Sync 1 DAGs
[2025-03-06T12:55:51.808+0000] {logging_mixin.py:188} INFO - [2025-03-06T12:55:51.807+0000] {dag.py:3823} INFO - Setting next_dagrun for example_setup_teardown_taskflow to 2025-03-05 00:00:00+00:00, run_after=2025-03-06 00:00:00+00:00
[2025-03-06T12:55:51.942+0000] {processor.py:183} INFO - Processing /home/airflow/.local/lib/python3.10/site-packages/airflow/example_dags/example_setup_teardown_taskflow.py took 0.322 seconds
[2025-03-06T12:57:38.374+0000] {processor.py:161} INFO - Started process (PID=156) to work on /home/airflow/.local/lib/python3.10/site-packages/airflow/example_dags/example_setup_teardown_taskflow.py
[2025-03-06T12:57:38.376+0000] {processor.py:830} INFO - Processing file /home/airflow/.local/lib/python3.10/site-packages/airflow/example_dags/example_setup_teardown_taskflow.py for tasks to queue
[2025-03-06T12:57:38.378+0000] {logging_mixin.py:188} INFO - [2025-03-06T12:57:38.377+0000] {dagbag.py:538} INFO - Filling up the DagBag from /home/airflow/.local/lib/python3.10/site-packages/airflow/example_dags/example_setup_teardown_taskflow.py
[2025-03-06T12:57:38.403+0000] {processor.py:840} INFO - DAG(s) 'example_setup_teardown_taskflow' retrieved from /home/airflow/.local/lib/python3.10/site-packages/airflow/example_dags/example_setup_teardown_taskflow.py
[2025-03-06T12:57:38.466+0000] {logging_mixin.py:188} INFO - [2025-03-06T12:57:38.465+0000] {dag.py:3036} INFO - Sync 1 DAGs
[2025-03-06T12:57:38.531+0000] {logging_mixin.py:188} INFO - [2025-03-06T12:57:38.531+0000] {dag.py:3823} INFO - Setting next_dagrun for example_setup_teardown_taskflow to 2025-03-05 00:00:00+00:00, run_after=2025-03-06 00:00:00+00:00
[2025-03-06T12:57:38.688+0000] {processor.py:183} INFO - Processing /home/airflow/.local/lib/python3.10/site-packages/airflow/example_dags/example_setup_teardown_taskflow.py took 0.323 seconds
[2025-03-06T12:59:02.883+0000] {processor.py:161} INFO - Started process (PID=215) to work on /home/airflow/.local/lib/python3.10/site-packages/airflow/example_dags/example_setup_teardown_taskflow.py
[2025-03-06T12:59:02.886+0000] {processor.py:830} INFO - Processing file /home/airflow/.local/lib/python3.10/site-packages/airflow/example_dags/example_setup_teardown_taskflow.py for tasks to queue
[2025-03-06T12:59:02.889+0000] {logging_mixin.py:188} INFO - [2025-03-06T12:59:02.888+0000] {dagbag.py:538} INFO - Filling up the DagBag from /home/airflow/.local/lib/python3.10/site-packages/airflow/example_dags/example_setup_teardown_taskflow.py
[2025-03-06T12:59:02.917+0000] {processor.py:840} INFO - DAG(s) 'example_setup_teardown_taskflow' retrieved from /home/airflow/.local/lib/python3.10/site-packages/airflow/example_dags/example_setup_teardown_taskflow.py
[2025-03-06T12:59:02.982+0000] {logging_mixin.py:188} INFO - [2025-03-06T12:59:02.982+0000] {dag.py:3036} INFO - Sync 1 DAGs
[2025-03-06T12:59:03.041+0000] {logging_mixin.py:188} INFO - [2025-03-06T12:59:03.040+0000] {dag.py:3823} INFO - Setting next_dagrun for example_setup_teardown_taskflow to 2025-03-05 00:00:00+00:00, run_after=2025-03-06 00:00:00+00:00
[2025-03-06T12:59:03.159+0000] {processor.py:183} INFO - Processing /home/airflow/.local/lib/python3.10/site-packages/airflow/example_dags/example_setup_teardown_taskflow.py took 0.281 seconds
[2025-03-06T13:00:22.409+0000] {processor.py:161} INFO - Started process (PID=270) to work on /home/airflow/.local/lib/python3.10/site-packages/airflow/example_dags/example_setup_teardown_taskflow.py
[2025-03-06T13:00:22.412+0000] {processor.py:830} INFO - Processing file /home/airflow/.local/lib/python3.10/site-packages/airflow/example_dags/example_setup_teardown_taskflow.py for tasks to queue
[2025-03-06T13:00:22.414+0000] {logging_mixin.py:188} INFO - [2025-03-06T13:00:22.413+0000] {dagbag.py:538} INFO - Filling up the DagBag from /home/airflow/.local/lib/python3.10/site-packages/airflow/example_dags/example_setup_teardown_taskflow.py
[2025-03-06T13:00:22.435+0000] {processor.py:840} INFO - DAG(s) 'example_setup_teardown_taskflow' retrieved from /home/airflow/.local/lib/python3.10/site-packages/airflow/example_dags/example_setup_teardown_taskflow.py
[2025-03-06T13:00:22.491+0000] {logging_mixin.py:188} INFO - [2025-03-06T13:00:22.491+0000] {dag.py:3036} INFO - Sync 1 DAGs
[2025-03-06T13:00:22.553+0000] {logging_mixin.py:188} INFO - [2025-03-06T13:00:22.553+0000] {dag.py:3823} INFO - Setting next_dagrun for example_setup_teardown_taskflow to 2025-03-05 00:00:00+00:00, run_after=2025-03-06 00:00:00+00:00
[2025-03-06T13:00:22.690+0000] {processor.py:183} INFO - Processing /home/airflow/.local/lib/python3.10/site-packages/airflow/example_dags/example_setup_teardown_taskflow.py took 0.285 seconds
[2025-03-06T13:01:46.484+0000] {processor.py:161} INFO - Started process (PID=326) to work on /home/airflow/.local/lib/python3.10/site-packages/airflow/example_dags/example_setup_teardown_taskflow.py
[2025-03-06T13:01:46.488+0000] {processor.py:830} INFO - Processing file /home/airflow/.local/lib/python3.10/site-packages/airflow/example_dags/example_setup_teardown_taskflow.py for tasks to queue
[2025-03-06T13:01:46.494+0000] {logging_mixin.py:188} INFO - [2025-03-06T13:01:46.491+0000] {dagbag.py:538} INFO - Filling up the DagBag from /home/airflow/.local/lib/python3.10/site-packages/airflow/example_dags/example_setup_teardown_taskflow.py
[2025-03-06T13:01:46.552+0000] {processor.py:840} INFO - DAG(s) 'example_setup_teardown_taskflow' retrieved from /home/airflow/.local/lib/python3.10/site-packages/airflow/example_dags/example_setup_teardown_taskflow.py
[2025-03-06T13:01:46.646+0000] {logging_mixin.py:188} INFO - [2025-03-06T13:01:46.646+0000] {dag.py:3036} INFO - Sync 1 DAGs
[2025-03-06T13:01:46.712+0000] {logging_mixin.py:188} INFO - [2025-03-06T13:01:46.710+0000] {dag.py:3823} INFO - Setting next_dagrun for example_setup_teardown_taskflow to 2025-03-05 00:00:00+00:00, run_after=2025-03-06 00:00:00+00:00
[2025-03-06T13:01:46.899+0000] {processor.py:183} INFO - Processing /home/airflow/.local/lib/python3.10/site-packages/airflow/example_dags/example_setup_teardown_taskflow.py took 0.430 seconds
[2025-03-06T13:04:07.877+0000] {processor.py:161} INFO - Started process (PID=47) to work on /home/airflow/.local/lib/python3.10/site-packages/airflow/example_dags/example_setup_teardown_taskflow.py
[2025-03-06T13:04:07.881+0000] {processor.py:830} INFO - Processing file /home/airflow/.local/lib/python3.10/site-packages/airflow/example_dags/example_setup_teardown_taskflow.py for tasks to queue
[2025-03-06T13:04:07.884+0000] {logging_mixin.py:188} INFO - [2025-03-06T13:04:07.883+0000] {dagbag.py:538} INFO - Filling up the DagBag from /home/airflow/.local/lib/python3.10/site-packages/airflow/example_dags/example_setup_teardown_taskflow.py
[2025-03-06T13:04:07.924+0000] {processor.py:840} INFO - DAG(s) 'example_setup_teardown_taskflow' retrieved from /home/airflow/.local/lib/python3.10/site-packages/airflow/example_dags/example_setup_teardown_taskflow.py
[2025-03-06T13:04:07.990+0000] {logging_mixin.py:188} INFO - [2025-03-06T13:04:07.989+0000] {dag.py:3036} INFO - Sync 1 DAGs
[2025-03-06T13:04:08.065+0000] {logging_mixin.py:188} INFO - [2025-03-06T13:04:08.064+0000] {dag.py:3823} INFO - Setting next_dagrun for example_setup_teardown_taskflow to 2025-03-05 00:00:00+00:00, run_after=2025-03-06 00:00:00+00:00
[2025-03-06T13:04:08.199+0000] {processor.py:183} INFO - Processing /home/airflow/.local/lib/python3.10/site-packages/airflow/example_dags/example_setup_teardown_taskflow.py took 0.333 seconds
[2025-03-06T13:05:28.903+0000] {processor.py:161} INFO - Started process (PID=96) to work on /home/airflow/.local/lib/python3.10/site-packages/airflow/example_dags/example_setup_teardown_taskflow.py
[2025-03-06T13:05:28.911+0000] {processor.py:830} INFO - Processing file /home/airflow/.local/lib/python3.10/site-packages/airflow/example_dags/example_setup_teardown_taskflow.py for tasks to queue
[2025-03-06T13:05:28.915+0000] {logging_mixin.py:188} INFO - [2025-03-06T13:05:28.914+0000] {dagbag.py:538} INFO - Filling up the DagBag from /home/airflow/.local/lib/python3.10/site-packages/airflow/example_dags/example_setup_teardown_taskflow.py
[2025-03-06T13:05:28.956+0000] {processor.py:840} INFO - DAG(s) 'example_setup_teardown_taskflow' retrieved from /home/airflow/.local/lib/python3.10/site-packages/airflow/example_dags/example_setup_teardown_taskflow.py
[2025-03-06T13:05:29.034+0000] {logging_mixin.py:188} INFO - [2025-03-06T13:05:29.034+0000] {dag.py:3036} INFO - Sync 1 DAGs
[2025-03-06T13:05:29.102+0000] {logging_mixin.py:188} INFO - [2025-03-06T13:05:29.102+0000] {dag.py:3823} INFO - Setting next_dagrun for example_setup_teardown_taskflow to 2025-03-05 00:00:00+00:00, run_after=2025-03-06 00:00:00+00:00
[2025-03-06T13:05:29.249+0000] {processor.py:183} INFO - Processing /home/airflow/.local/lib/python3.10/site-packages/airflow/example_dags/example_setup_teardown_taskflow.py took 0.355 seconds
[2025-03-06T13:07:08.116+0000] {processor.py:161} INFO - Started process (PID=157) to work on /home/airflow/.local/lib/python3.10/site-packages/airflow/example_dags/example_setup_teardown_taskflow.py
[2025-03-06T13:07:08.121+0000] {processor.py:830} INFO - Processing file /home/airflow/.local/lib/python3.10/site-packages/airflow/example_dags/example_setup_teardown_taskflow.py for tasks to queue
[2025-03-06T13:07:08.137+0000] {logging_mixin.py:188} INFO - [2025-03-06T13:07:08.136+0000] {dagbag.py:538} INFO - Filling up the DagBag from /home/airflow/.local/lib/python3.10/site-packages/airflow/example_dags/example_setup_teardown_taskflow.py
[2025-03-06T13:07:08.189+0000] {processor.py:840} INFO - DAG(s) 'example_setup_teardown_taskflow' retrieved from /home/airflow/.local/lib/python3.10/site-packages/airflow/example_dags/example_setup_teardown_taskflow.py
[2025-03-06T13:07:08.317+0000] {logging_mixin.py:188} INFO - [2025-03-06T13:07:08.316+0000] {dag.py:3036} INFO - Sync 1 DAGs
[2025-03-06T13:07:08.428+0000] {logging_mixin.py:188} INFO - [2025-03-06T13:07:08.426+0000] {dag.py:3823} INFO - Setting next_dagrun for example_setup_teardown_taskflow to 2025-03-05 00:00:00+00:00, run_after=2025-03-06 00:00:00+00:00
[2025-03-06T13:07:08.570+0000] {processor.py:183} INFO - Processing /home/airflow/.local/lib/python3.10/site-packages/airflow/example_dags/example_setup_teardown_taskflow.py took 0.470 seconds
[2025-03-06T13:08:45.222+0000] {processor.py:161} INFO - Started process (PID=218) to work on /home/airflow/.local/lib/python3.10/site-packages/airflow/example_dags/example_setup_teardown_taskflow.py
[2025-03-06T13:08:45.226+0000] {processor.py:830} INFO - Processing file /home/airflow/.local/lib/python3.10/site-packages/airflow/example_dags/example_setup_teardown_taskflow.py for tasks to queue
[2025-03-06T13:08:45.231+0000] {logging_mixin.py:188} INFO - [2025-03-06T13:08:45.229+0000] {dagbag.py:538} INFO - Filling up the DagBag from /home/airflow/.local/lib/python3.10/site-packages/airflow/example_dags/example_setup_teardown_taskflow.py
[2025-03-06T13:08:45.286+0000] {processor.py:840} INFO - DAG(s) 'example_setup_teardown_taskflow' retrieved from /home/airflow/.local/lib/python3.10/site-packages/airflow/example_dags/example_setup_teardown_taskflow.py
[2025-03-06T13:08:45.358+0000] {logging_mixin.py:188} INFO - [2025-03-06T13:08:45.357+0000] {dag.py:3036} INFO - Sync 1 DAGs
[2025-03-06T13:08:45.465+0000] {logging_mixin.py:188} INFO - [2025-03-06T13:08:45.463+0000] {dag.py:3823} INFO - Setting next_dagrun for example_setup_teardown_taskflow to 2025-03-05 00:00:00+00:00, run_after=2025-03-06 00:00:00+00:00
[2025-03-06T13:08:45.611+0000] {processor.py:183} INFO - Processing /home/airflow/.local/lib/python3.10/site-packages/airflow/example_dags/example_setup_teardown_taskflow.py took 0.401 seconds
[2025-03-06T13:10:16.643+0000] {processor.py:161} INFO - Started process (PID=276) to work on /home/airflow/.local/lib/python3.10/site-packages/airflow/example_dags/example_setup_teardown_taskflow.py
[2025-03-06T13:10:16.646+0000] {processor.py:830} INFO - Processing file /home/airflow/.local/lib/python3.10/site-packages/airflow/example_dags/example_setup_teardown_taskflow.py for tasks to queue
[2025-03-06T13:10:16.648+0000] {logging_mixin.py:188} INFO - [2025-03-06T13:10:16.648+0000] {dagbag.py:538} INFO - Filling up the DagBag from /home/airflow/.local/lib/python3.10/site-packages/airflow/example_dags/example_setup_teardown_taskflow.py
[2025-03-06T13:10:16.690+0000] {processor.py:840} INFO - DAG(s) 'example_setup_teardown_taskflow' retrieved from /home/airflow/.local/lib/python3.10/site-packages/airflow/example_dags/example_setup_teardown_taskflow.py
[2025-03-06T13:10:16.781+0000] {logging_mixin.py:188} INFO - [2025-03-06T13:10:16.781+0000] {dag.py:3036} INFO - Sync 1 DAGs
[2025-03-06T13:10:16.868+0000] {logging_mixin.py:188} INFO - [2025-03-06T13:10:16.868+0000] {dag.py:3823} INFO - Setting next_dagrun for example_setup_teardown_taskflow to 2025-03-05 00:00:00+00:00, run_after=2025-03-06 00:00:00+00:00
[2025-03-06T13:10:17.030+0000] {processor.py:183} INFO - Processing /home/airflow/.local/lib/python3.10/site-packages/airflow/example_dags/example_setup_teardown_taskflow.py took 0.401 seconds
[2025-03-06T13:11:45.753+0000] {processor.py:161} INFO - Started process (PID=47) to work on /home/airflow/.local/lib/python3.10/site-packages/airflow/example_dags/example_setup_teardown_taskflow.py
[2025-03-06T13:11:45.760+0000] {processor.py:830} INFO - Processing file /home/airflow/.local/lib/python3.10/site-packages/airflow/example_dags/example_setup_teardown_taskflow.py for tasks to queue
[2025-03-06T13:11:45.763+0000] {logging_mixin.py:188} INFO - [2025-03-06T13:11:45.762+0000] {dagbag.py:538} INFO - Filling up the DagBag from /home/airflow/.local/lib/python3.10/site-packages/airflow/example_dags/example_setup_teardown_taskflow.py
[2025-03-06T13:11:45.798+0000] {processor.py:840} INFO - DAG(s) 'example_setup_teardown_taskflow' retrieved from /home/airflow/.local/lib/python3.10/site-packages/airflow/example_dags/example_setup_teardown_taskflow.py
[2025-03-06T13:11:45.872+0000] {logging_mixin.py:188} INFO - [2025-03-06T13:11:45.871+0000] {dag.py:3036} INFO - Sync 1 DAGs
[2025-03-06T13:11:45.934+0000] {logging_mixin.py:188} INFO - [2025-03-06T13:11:45.933+0000] {dag.py:3823} INFO - Setting next_dagrun for example_setup_teardown_taskflow to 2025-03-05 00:00:00+00:00, run_after=2025-03-06 00:00:00+00:00
[2025-03-06T13:11:46.079+0000] {processor.py:183} INFO - Processing /home/airflow/.local/lib/python3.10/site-packages/airflow/example_dags/example_setup_teardown_taskflow.py took 0.334 seconds
[2025-03-06T13:13:11.851+0000] {processor.py:161} INFO - Started process (PID=96) to work on /home/airflow/.local/lib/python3.10/site-packages/airflow/example_dags/example_setup_teardown_taskflow.py
[2025-03-06T13:13:11.854+0000] {processor.py:830} INFO - Processing file /home/airflow/.local/lib/python3.10/site-packages/airflow/example_dags/example_setup_teardown_taskflow.py for tasks to queue
[2025-03-06T13:13:11.858+0000] {logging_mixin.py:188} INFO - [2025-03-06T13:13:11.856+0000] {dagbag.py:538} INFO - Filling up the DagBag from /home/airflow/.local/lib/python3.10/site-packages/airflow/example_dags/example_setup_teardown_taskflow.py
[2025-03-06T13:13:11.888+0000] {processor.py:840} INFO - DAG(s) 'example_setup_teardown_taskflow' retrieved from /home/airflow/.local/lib/python3.10/site-packages/airflow/example_dags/example_setup_teardown_taskflow.py
[2025-03-06T13:13:11.983+0000] {logging_mixin.py:188} INFO - [2025-03-06T13:13:11.982+0000] {dag.py:3036} INFO - Sync 1 DAGs
[2025-03-06T13:13:12.050+0000] {logging_mixin.py:188} INFO - [2025-03-06T13:13:12.050+0000] {dag.py:3823} INFO - Setting next_dagrun for example_setup_teardown_taskflow to 2025-03-05 00:00:00+00:00, run_after=2025-03-06 00:00:00+00:00
[2025-03-06T13:13:12.174+0000] {processor.py:183} INFO - Processing /home/airflow/.local/lib/python3.10/site-packages/airflow/example_dags/example_setup_teardown_taskflow.py took 0.328 seconds
[2025-03-06T13:14:47.183+0000] {processor.py:161} INFO - Started process (PID=156) to work on /home/airflow/.local/lib/python3.10/site-packages/airflow/example_dags/example_setup_teardown_taskflow.py
[2025-03-06T13:14:47.189+0000] {processor.py:830} INFO - Processing file /home/airflow/.local/lib/python3.10/site-packages/airflow/example_dags/example_setup_teardown_taskflow.py for tasks to queue
[2025-03-06T13:14:47.193+0000] {logging_mixin.py:188} INFO - [2025-03-06T13:14:47.191+0000] {dagbag.py:538} INFO - Filling up the DagBag from /home/airflow/.local/lib/python3.10/site-packages/airflow/example_dags/example_setup_teardown_taskflow.py
[2025-03-06T13:14:47.237+0000] {processor.py:840} INFO - DAG(s) 'example_setup_teardown_taskflow' retrieved from /home/airflow/.local/lib/python3.10/site-packages/airflow/example_dags/example_setup_teardown_taskflow.py
[2025-03-06T13:14:47.308+0000] {logging_mixin.py:188} INFO - [2025-03-06T13:14:47.308+0000] {dag.py:3036} INFO - Sync 1 DAGs
[2025-03-06T13:14:47.386+0000] {logging_mixin.py:188} INFO - [2025-03-06T13:14:47.386+0000] {dag.py:3823} INFO - Setting next_dagrun for example_setup_teardown_taskflow to 2025-03-05 00:00:00+00:00, run_after=2025-03-06 00:00:00+00:00
[2025-03-06T13:14:47.522+0000] {processor.py:183} INFO - Processing /home/airflow/.local/lib/python3.10/site-packages/airflow/example_dags/example_setup_teardown_taskflow.py took 0.349 seconds
[2025-03-06T13:16:25.318+0000] {processor.py:161} INFO - Started process (PID=217) to work on /home/airflow/.local/lib/python3.10/site-packages/airflow/example_dags/example_setup_teardown_taskflow.py
[2025-03-06T13:16:25.323+0000] {processor.py:830} INFO - Processing file /home/airflow/.local/lib/python3.10/site-packages/airflow/example_dags/example_setup_teardown_taskflow.py for tasks to queue
[2025-03-06T13:16:25.333+0000] {logging_mixin.py:188} INFO - [2025-03-06T13:16:25.332+0000] {dagbag.py:538} INFO - Filling up the DagBag from /home/airflow/.local/lib/python3.10/site-packages/airflow/example_dags/example_setup_teardown_taskflow.py
[2025-03-06T13:16:25.371+0000] {processor.py:840} INFO - DAG(s) 'example_setup_teardown_taskflow' retrieved from /home/airflow/.local/lib/python3.10/site-packages/airflow/example_dags/example_setup_teardown_taskflow.py
[2025-03-06T13:16:25.438+0000] {logging_mixin.py:188} INFO - [2025-03-06T13:16:25.438+0000] {dag.py:3036} INFO - Sync 1 DAGs
[2025-03-06T13:16:25.513+0000] {logging_mixin.py:188} INFO - [2025-03-06T13:16:25.512+0000] {dag.py:3823} INFO - Setting next_dagrun for example_setup_teardown_taskflow to 2025-03-05 00:00:00+00:00, run_after=2025-03-06 00:00:00+00:00
[2025-03-06T13:16:25.773+0000] {processor.py:183} INFO - Processing /home/airflow/.local/lib/python3.10/site-packages/airflow/example_dags/example_setup_teardown_taskflow.py took 0.473 seconds
