[2025-03-06T12:54:44.601+0000] {processor.py:161} INFO - Started process (PID=55) to work on /home/airflow/.local/lib/python3.10/site-packages/airflow/example_dags/tutorial_taskflow_api.py
[2025-03-06T12:54:44.603+0000] {processor.py:830} INFO - Processing file /home/airflow/.local/lib/python3.10/site-packages/airflow/example_dags/tutorial_taskflow_api.py for tasks to queue
[2025-03-06T12:54:44.605+0000] {logging_mixin.py:188} INFO - [2025-03-06T12:54:44.604+0000] {dagbag.py:538} INFO - Filling up the DagBag from /home/airflow/.local/lib/python3.10/site-packages/airflow/example_dags/tutorial_taskflow_api.py
[2025-03-06T12:54:44.621+0000] {processor.py:840} INFO - DAG(s) 'tutorial_taskflow_api' retrieved from /home/airflow/.local/lib/python3.10/site-packages/airflow/example_dags/tutorial_taskflow_api.py
[2025-03-06T12:54:44.860+0000] {logging_mixin.py:188} INFO - [2025-03-06T12:54:44.859+0000] {dag.py:3036} INFO - Sync 1 DAGs
[2025-03-06T12:54:44.891+0000] {logging_mixin.py:188} INFO - [2025-03-06T12:54:44.891+0000] {dag.py:3823} INFO - Setting next_dagrun for tutorial_taskflow_api to None, run_after=None
[2025-03-06T12:54:45.027+0000] {processor.py:183} INFO - Processing /home/airflow/.local/lib/python3.10/site-packages/airflow/example_dags/tutorial_taskflow_api.py took 0.431 seconds
[2025-03-06T12:56:08.232+0000] {processor.py:161} INFO - Started process (PID=104) to work on /home/airflow/.local/lib/python3.10/site-packages/airflow/example_dags/tutorial_taskflow_api.py
[2025-03-06T12:56:08.239+0000] {processor.py:830} INFO - Processing file /home/airflow/.local/lib/python3.10/site-packages/airflow/example_dags/tutorial_taskflow_api.py for tasks to queue
[2025-03-06T12:56:08.245+0000] {logging_mixin.py:188} INFO - [2025-03-06T12:56:08.243+0000] {dagbag.py:538} INFO - Filling up the DagBag from /home/airflow/.local/lib/python3.10/site-packages/airflow/example_dags/tutorial_taskflow_api.py
[2025-03-06T12:56:08.279+0000] {processor.py:840} INFO - DAG(s) 'tutorial_taskflow_api' retrieved from /home/airflow/.local/lib/python3.10/site-packages/airflow/example_dags/tutorial_taskflow_api.py
[2025-03-06T12:56:08.397+0000] {logging_mixin.py:188} INFO - [2025-03-06T12:56:08.396+0000] {dag.py:3036} INFO - Sync 1 DAGs
[2025-03-06T12:56:08.469+0000] {logging_mixin.py:188} INFO - [2025-03-06T12:56:08.468+0000] {dag.py:3823} INFO - Setting next_dagrun for tutorial_taskflow_api to None, run_after=None
[2025-03-06T12:56:08.607+0000] {processor.py:183} INFO - Processing /home/airflow/.local/lib/python3.10/site-packages/airflow/example_dags/tutorial_taskflow_api.py took 0.386 seconds
[2025-03-06T12:57:53.519+0000] {processor.py:161} INFO - Started process (PID=165) to work on /home/airflow/.local/lib/python3.10/site-packages/airflow/example_dags/tutorial_taskflow_api.py
[2025-03-06T12:57:53.521+0000] {processor.py:830} INFO - Processing file /home/airflow/.local/lib/python3.10/site-packages/airflow/example_dags/tutorial_taskflow_api.py for tasks to queue
[2025-03-06T12:57:53.523+0000] {logging_mixin.py:188} INFO - [2025-03-06T12:57:53.523+0000] {dagbag.py:538} INFO - Filling up the DagBag from /home/airflow/.local/lib/python3.10/site-packages/airflow/example_dags/tutorial_taskflow_api.py
[2025-03-06T12:57:53.538+0000] {processor.py:840} INFO - DAG(s) 'tutorial_taskflow_api' retrieved from /home/airflow/.local/lib/python3.10/site-packages/airflow/example_dags/tutorial_taskflow_api.py
[2025-03-06T12:57:53.588+0000] {logging_mixin.py:188} INFO - [2025-03-06T12:57:53.588+0000] {dag.py:3036} INFO - Sync 1 DAGs
[2025-03-06T12:57:53.616+0000] {logging_mixin.py:188} INFO - [2025-03-06T12:57:53.615+0000] {dag.py:3823} INFO - Setting next_dagrun for tutorial_taskflow_api to None, run_after=None
[2025-03-06T12:57:53.736+0000] {processor.py:183} INFO - Processing /home/airflow/.local/lib/python3.10/site-packages/airflow/example_dags/tutorial_taskflow_api.py took 0.224 seconds
[2025-03-06T12:59:17.219+0000] {processor.py:161} INFO - Started process (PID=224) to work on /home/airflow/.local/lib/python3.10/site-packages/airflow/example_dags/tutorial_taskflow_api.py
[2025-03-06T12:59:17.221+0000] {processor.py:830} INFO - Processing file /home/airflow/.local/lib/python3.10/site-packages/airflow/example_dags/tutorial_taskflow_api.py for tasks to queue
[2025-03-06T12:59:17.223+0000] {logging_mixin.py:188} INFO - [2025-03-06T12:59:17.223+0000] {dagbag.py:538} INFO - Filling up the DagBag from /home/airflow/.local/lib/python3.10/site-packages/airflow/example_dags/tutorial_taskflow_api.py
[2025-03-06T12:59:17.235+0000] {processor.py:840} INFO - DAG(s) 'tutorial_taskflow_api' retrieved from /home/airflow/.local/lib/python3.10/site-packages/airflow/example_dags/tutorial_taskflow_api.py
[2025-03-06T12:59:17.283+0000] {logging_mixin.py:188} INFO - [2025-03-06T12:59:17.282+0000] {dag.py:3036} INFO - Sync 1 DAGs
[2025-03-06T12:59:17.309+0000] {logging_mixin.py:188} INFO - [2025-03-06T12:59:17.309+0000] {dag.py:3823} INFO - Setting next_dagrun for tutorial_taskflow_api to None, run_after=None
[2025-03-06T12:59:17.463+0000] {processor.py:183} INFO - Processing /home/airflow/.local/lib/python3.10/site-packages/airflow/example_dags/tutorial_taskflow_api.py took 0.248 seconds
[2025-03-06T13:00:37.050+0000] {processor.py:161} INFO - Started process (PID=279) to work on /home/airflow/.local/lib/python3.10/site-packages/airflow/example_dags/tutorial_taskflow_api.py
[2025-03-06T13:00:37.053+0000] {processor.py:830} INFO - Processing file /home/airflow/.local/lib/python3.10/site-packages/airflow/example_dags/tutorial_taskflow_api.py for tasks to queue
[2025-03-06T13:00:37.055+0000] {logging_mixin.py:188} INFO - [2025-03-06T13:00:37.054+0000] {dagbag.py:538} INFO - Filling up the DagBag from /home/airflow/.local/lib/python3.10/site-packages/airflow/example_dags/tutorial_taskflow_api.py
[2025-03-06T13:00:37.068+0000] {processor.py:840} INFO - DAG(s) 'tutorial_taskflow_api' retrieved from /home/airflow/.local/lib/python3.10/site-packages/airflow/example_dags/tutorial_taskflow_api.py
[2025-03-06T13:00:37.123+0000] {logging_mixin.py:188} INFO - [2025-03-06T13:00:37.122+0000] {dag.py:3036} INFO - Sync 1 DAGs
[2025-03-06T13:00:37.159+0000] {logging_mixin.py:188} INFO - [2025-03-06T13:00:37.158+0000] {dag.py:3823} INFO - Setting next_dagrun for tutorial_taskflow_api to None, run_after=None
[2025-03-06T13:00:37.308+0000] {processor.py:183} INFO - Processing /home/airflow/.local/lib/python3.10/site-packages/airflow/example_dags/tutorial_taskflow_api.py took 0.263 seconds
[2025-03-06T13:04:25.594+0000] {processor.py:161} INFO - Started process (PID=56) to work on /home/airflow/.local/lib/python3.10/site-packages/airflow/example_dags/tutorial_taskflow_api.py
[2025-03-06T13:04:25.597+0000] {processor.py:830} INFO - Processing file /home/airflow/.local/lib/python3.10/site-packages/airflow/example_dags/tutorial_taskflow_api.py for tasks to queue
[2025-03-06T13:04:25.601+0000] {logging_mixin.py:188} INFO - [2025-03-06T13:04:25.599+0000] {dagbag.py:538} INFO - Filling up the DagBag from /home/airflow/.local/lib/python3.10/site-packages/airflow/example_dags/tutorial_taskflow_api.py
[2025-03-06T13:04:25.629+0000] {processor.py:840} INFO - DAG(s) 'tutorial_taskflow_api' retrieved from /home/airflow/.local/lib/python3.10/site-packages/airflow/example_dags/tutorial_taskflow_api.py
[2025-03-06T13:04:25.779+0000] {logging_mixin.py:188} INFO - [2025-03-06T13:04:25.778+0000] {dag.py:3036} INFO - Sync 1 DAGs
[2025-03-06T13:04:25.833+0000] {logging_mixin.py:188} INFO - [2025-03-06T13:04:25.833+0000] {dag.py:3823} INFO - Setting next_dagrun for tutorial_taskflow_api to None, run_after=None
[2025-03-06T13:04:26.001+0000] {processor.py:183} INFO - Processing /home/airflow/.local/lib/python3.10/site-packages/airflow/example_dags/tutorial_taskflow_api.py took 0.417 seconds
[2025-03-06T13:05:45.715+0000] {processor.py:161} INFO - Started process (PID=105) to work on /home/airflow/.local/lib/python3.10/site-packages/airflow/example_dags/tutorial_taskflow_api.py
[2025-03-06T13:05:45.727+0000] {processor.py:830} INFO - Processing file /home/airflow/.local/lib/python3.10/site-packages/airflow/example_dags/tutorial_taskflow_api.py for tasks to queue
[2025-03-06T13:05:45.735+0000] {logging_mixin.py:188} INFO - [2025-03-06T13:05:45.733+0000] {dagbag.py:538} INFO - Filling up the DagBag from /home/airflow/.local/lib/python3.10/site-packages/airflow/example_dags/tutorial_taskflow_api.py
[2025-03-06T13:05:45.756+0000] {processor.py:840} INFO - DAG(s) 'tutorial_taskflow_api' retrieved from /home/airflow/.local/lib/python3.10/site-packages/airflow/example_dags/tutorial_taskflow_api.py
[2025-03-06T13:05:45.816+0000] {logging_mixin.py:188} INFO - [2025-03-06T13:05:45.815+0000] {dag.py:3036} INFO - Sync 1 DAGs
[2025-03-06T13:05:45.848+0000] {logging_mixin.py:188} INFO - [2025-03-06T13:05:45.847+0000] {dag.py:3823} INFO - Setting next_dagrun for tutorial_taskflow_api to None, run_after=None
[2025-03-06T13:05:45.986+0000] {processor.py:183} INFO - Processing /home/airflow/.local/lib/python3.10/site-packages/airflow/example_dags/tutorial_taskflow_api.py took 0.279 seconds
[2025-03-06T13:07:28.612+0000] {processor.py:161} INFO - Started process (PID=166) to work on /home/airflow/.local/lib/python3.10/site-packages/airflow/example_dags/tutorial_taskflow_api.py
[2025-03-06T13:07:28.614+0000] {processor.py:830} INFO - Processing file /home/airflow/.local/lib/python3.10/site-packages/airflow/example_dags/tutorial_taskflow_api.py for tasks to queue
[2025-03-06T13:07:28.617+0000] {logging_mixin.py:188} INFO - [2025-03-06T13:07:28.616+0000] {dagbag.py:538} INFO - Filling up the DagBag from /home/airflow/.local/lib/python3.10/site-packages/airflow/example_dags/tutorial_taskflow_api.py
[2025-03-06T13:07:28.632+0000] {processor.py:840} INFO - DAG(s) 'tutorial_taskflow_api' retrieved from /home/airflow/.local/lib/python3.10/site-packages/airflow/example_dags/tutorial_taskflow_api.py
[2025-03-06T13:07:28.684+0000] {logging_mixin.py:188} INFO - [2025-03-06T13:07:28.684+0000] {dag.py:3036} INFO - Sync 1 DAGs
[2025-03-06T13:07:28.713+0000] {logging_mixin.py:188} INFO - [2025-03-06T13:07:28.713+0000] {dag.py:3823} INFO - Setting next_dagrun for tutorial_taskflow_api to None, run_after=None
[2025-03-06T13:07:28.840+0000] {processor.py:183} INFO - Processing /home/airflow/.local/lib/python3.10/site-packages/airflow/example_dags/tutorial_taskflow_api.py took 0.236 seconds
[2025-03-06T13:09:00.016+0000] {processor.py:161} INFO - Started process (PID=227) to work on /home/airflow/.local/lib/python3.10/site-packages/airflow/example_dags/tutorial_taskflow_api.py
[2025-03-06T13:09:00.019+0000] {processor.py:830} INFO - Processing file /home/airflow/.local/lib/python3.10/site-packages/airflow/example_dags/tutorial_taskflow_api.py for tasks to queue
[2025-03-06T13:09:00.021+0000] {logging_mixin.py:188} INFO - [2025-03-06T13:09:00.020+0000] {dagbag.py:538} INFO - Filling up the DagBag from /home/airflow/.local/lib/python3.10/site-packages/airflow/example_dags/tutorial_taskflow_api.py
[2025-03-06T13:09:00.039+0000] {processor.py:840} INFO - DAG(s) 'tutorial_taskflow_api' retrieved from /home/airflow/.local/lib/python3.10/site-packages/airflow/example_dags/tutorial_taskflow_api.py
[2025-03-06T13:09:00.099+0000] {logging_mixin.py:188} INFO - [2025-03-06T13:09:00.099+0000] {dag.py:3036} INFO - Sync 1 DAGs
[2025-03-06T13:09:00.133+0000] {logging_mixin.py:188} INFO - [2025-03-06T13:09:00.133+0000] {dag.py:3823} INFO - Setting next_dagrun for tutorial_taskflow_api to None, run_after=None
[2025-03-06T13:09:00.299+0000] {processor.py:183} INFO - Processing /home/airflow/.local/lib/python3.10/site-packages/airflow/example_dags/tutorial_taskflow_api.py took 0.288 seconds
[2025-03-06T13:10:31.796+0000] {processor.py:161} INFO - Started process (PID=285) to work on /home/airflow/.local/lib/python3.10/site-packages/airflow/example_dags/tutorial_taskflow_api.py
[2025-03-06T13:10:31.800+0000] {processor.py:830} INFO - Processing file /home/airflow/.local/lib/python3.10/site-packages/airflow/example_dags/tutorial_taskflow_api.py for tasks to queue
[2025-03-06T13:10:31.804+0000] {logging_mixin.py:188} INFO - [2025-03-06T13:10:31.803+0000] {dagbag.py:538} INFO - Filling up the DagBag from /home/airflow/.local/lib/python3.10/site-packages/airflow/example_dags/tutorial_taskflow_api.py
[2025-03-06T13:10:31.822+0000] {processor.py:840} INFO - DAG(s) 'tutorial_taskflow_api' retrieved from /home/airflow/.local/lib/python3.10/site-packages/airflow/example_dags/tutorial_taskflow_api.py
[2025-03-06T13:10:31.880+0000] {logging_mixin.py:188} INFO - [2025-03-06T13:10:31.879+0000] {dag.py:3036} INFO - Sync 1 DAGs
[2025-03-06T13:10:31.921+0000] {logging_mixin.py:188} INFO - [2025-03-06T13:10:31.920+0000] {dag.py:3823} INFO - Setting next_dagrun for tutorial_taskflow_api to None, run_after=None
[2025-03-06T13:10:32.063+0000] {processor.py:183} INFO - Processing /home/airflow/.local/lib/python3.10/site-packages/airflow/example_dags/tutorial_taskflow_api.py took 0.273 seconds
[2025-03-06T13:12:01.447+0000] {processor.py:161} INFO - Started process (PID=56) to work on /home/airflow/.local/lib/python3.10/site-packages/airflow/example_dags/tutorial_taskflow_api.py
[2025-03-06T13:12:01.450+0000] {processor.py:830} INFO - Processing file /home/airflow/.local/lib/python3.10/site-packages/airflow/example_dags/tutorial_taskflow_api.py for tasks to queue
[2025-03-06T13:12:01.453+0000] {logging_mixin.py:188} INFO - [2025-03-06T13:12:01.452+0000] {dagbag.py:538} INFO - Filling up the DagBag from /home/airflow/.local/lib/python3.10/site-packages/airflow/example_dags/tutorial_taskflow_api.py
[2025-03-06T13:12:01.480+0000] {processor.py:840} INFO - DAG(s) 'tutorial_taskflow_api' retrieved from /home/airflow/.local/lib/python3.10/site-packages/airflow/example_dags/tutorial_taskflow_api.py
[2025-03-06T13:12:01.566+0000] {logging_mixin.py:188} INFO - [2025-03-06T13:12:01.565+0000] {dag.py:3036} INFO - Sync 1 DAGs
[2025-03-06T13:12:01.602+0000] {logging_mixin.py:188} INFO - [2025-03-06T13:12:01.601+0000] {dag.py:3823} INFO - Setting next_dagrun for tutorial_taskflow_api to None, run_after=None
[2025-03-06T13:12:01.752+0000] {processor.py:183} INFO - Processing /home/airflow/.local/lib/python3.10/site-packages/airflow/example_dags/tutorial_taskflow_api.py took 0.319 seconds
[2025-03-06T13:13:25.425+0000] {processor.py:161} INFO - Started process (PID=105) to work on /home/airflow/.local/lib/python3.10/site-packages/airflow/example_dags/tutorial_taskflow_api.py
[2025-03-06T13:13:25.429+0000] {processor.py:830} INFO - Processing file /home/airflow/.local/lib/python3.10/site-packages/airflow/example_dags/tutorial_taskflow_api.py for tasks to queue
[2025-03-06T13:13:25.436+0000] {logging_mixin.py:188} INFO - [2025-03-06T13:13:25.431+0000] {dagbag.py:538} INFO - Filling up the DagBag from /home/airflow/.local/lib/python3.10/site-packages/airflow/example_dags/tutorial_taskflow_api.py
[2025-03-06T13:13:25.487+0000] {processor.py:840} INFO - DAG(s) 'tutorial_taskflow_api' retrieved from /home/airflow/.local/lib/python3.10/site-packages/airflow/example_dags/tutorial_taskflow_api.py
[2025-03-06T13:13:25.582+0000] {logging_mixin.py:188} INFO - [2025-03-06T13:13:25.582+0000] {dag.py:3036} INFO - Sync 1 DAGs
[2025-03-06T13:13:25.631+0000] {logging_mixin.py:188} INFO - [2025-03-06T13:13:25.631+0000] {dag.py:3823} INFO - Setting next_dagrun for tutorial_taskflow_api to None, run_after=None
[2025-03-06T13:13:25.782+0000] {processor.py:183} INFO - Processing /home/airflow/.local/lib/python3.10/site-packages/airflow/example_dags/tutorial_taskflow_api.py took 0.370 seconds
[2025-03-06T13:15:03.326+0000] {processor.py:161} INFO - Started process (PID=165) to work on /home/airflow/.local/lib/python3.10/site-packages/airflow/example_dags/tutorial_taskflow_api.py
[2025-03-06T13:15:03.328+0000] {processor.py:830} INFO - Processing file /home/airflow/.local/lib/python3.10/site-packages/airflow/example_dags/tutorial_taskflow_api.py for tasks to queue
[2025-03-06T13:15:03.331+0000] {logging_mixin.py:188} INFO - [2025-03-06T13:15:03.330+0000] {dagbag.py:538} INFO - Filling up the DagBag from /home/airflow/.local/lib/python3.10/site-packages/airflow/example_dags/tutorial_taskflow_api.py
[2025-03-06T13:15:03.347+0000] {processor.py:840} INFO - DAG(s) 'tutorial_taskflow_api' retrieved from /home/airflow/.local/lib/python3.10/site-packages/airflow/example_dags/tutorial_taskflow_api.py
[2025-03-06T13:15:03.411+0000] {logging_mixin.py:188} INFO - [2025-03-06T13:15:03.410+0000] {dag.py:3036} INFO - Sync 1 DAGs
[2025-03-06T13:15:03.458+0000] {logging_mixin.py:188} INFO - [2025-03-06T13:15:03.457+0000] {dag.py:3823} INFO - Setting next_dagrun for tutorial_taskflow_api to None, run_after=None
[2025-03-06T13:15:03.595+0000] {processor.py:183} INFO - Processing /home/airflow/.local/lib/python3.10/site-packages/airflow/example_dags/tutorial_taskflow_api.py took 0.278 seconds
[2025-03-06T13:16:43.073+0000] {processor.py:161} INFO - Started process (PID=226) to work on /home/airflow/.local/lib/python3.10/site-packages/airflow/example_dags/tutorial_taskflow_api.py
[2025-03-06T13:16:43.076+0000] {processor.py:830} INFO - Processing file /home/airflow/.local/lib/python3.10/site-packages/airflow/example_dags/tutorial_taskflow_api.py for tasks to queue
[2025-03-06T13:16:43.079+0000] {logging_mixin.py:188} INFO - [2025-03-06T13:16:43.078+0000] {dagbag.py:538} INFO - Filling up the DagBag from /home/airflow/.local/lib/python3.10/site-packages/airflow/example_dags/tutorial_taskflow_api.py
[2025-03-06T13:16:43.096+0000] {processor.py:840} INFO - DAG(s) 'tutorial_taskflow_api' retrieved from /home/airflow/.local/lib/python3.10/site-packages/airflow/example_dags/tutorial_taskflow_api.py
[2025-03-06T13:16:43.162+0000] {logging_mixin.py:188} INFO - [2025-03-06T13:16:43.161+0000] {dag.py:3036} INFO - Sync 1 DAGs
[2025-03-06T13:16:43.206+0000] {logging_mixin.py:188} INFO - [2025-03-06T13:16:43.205+0000] {dag.py:3823} INFO - Setting next_dagrun for tutorial_taskflow_api to None, run_after=None
[2025-03-06T13:16:43.361+0000] {processor.py:183} INFO - Processing /home/airflow/.local/lib/python3.10/site-packages/airflow/example_dags/tutorial_taskflow_api.py took 0.297 seconds
