[2025-03-06T12:54:42.856+0000] {processor.py:161} INFO - Started process (PID=54) to work on /home/airflow/.local/lib/python3.10/site-packages/airflow/example_dags/tutorial_objectstorage.py
[2025-03-06T12:54:42.858+0000] {processor.py:830} INFO - Processing file /home/airflow/.local/lib/python3.10/site-packages/airflow/example_dags/tutorial_objectstorage.py for tasks to queue
[2025-03-06T12:54:42.860+0000] {logging_mixin.py:188} INFO - [2025-03-06T12:54:42.859+0000] {dagbag.py:538} INFO - Filling up the DagBag from /home/airflow/.local/lib/python3.10/site-packages/airflow/example_dags/tutorial_objectstorage.py
[2025-03-06T12:54:42.875+0000] {processor.py:840} INFO - DAG(s) 'tutorial_objectstorage' retrieved from /home/airflow/.local/lib/python3.10/site-packages/airflow/example_dags/tutorial_objectstorage.py
[2025-03-06T12:54:43.112+0000] {logging_mixin.py:188} INFO - [2025-03-06T12:54:43.111+0000] {dag.py:3036} INFO - Sync 1 DAGs
[2025-03-06T12:54:43.138+0000] {logging_mixin.py:188} INFO - [2025-03-06T12:54:43.137+0000] {dag.py:3823} INFO - Setting next_dagrun for tutorial_objectstorage to None, run_after=None
[2025-03-06T12:54:43.269+0000] {processor.py:183} INFO - Processing /home/airflow/.local/lib/python3.10/site-packages/airflow/example_dags/tutorial_objectstorage.py took 0.418 seconds
[2025-03-06T12:56:06.558+0000] {processor.py:161} INFO - Started process (PID=103) to work on /home/airflow/.local/lib/python3.10/site-packages/airflow/example_dags/tutorial_objectstorage.py
[2025-03-06T12:56:06.560+0000] {processor.py:830} INFO - Processing file /home/airflow/.local/lib/python3.10/site-packages/airflow/example_dags/tutorial_objectstorage.py for tasks to queue
[2025-03-06T12:56:06.563+0000] {logging_mixin.py:188} INFO - [2025-03-06T12:56:06.562+0000] {dagbag.py:538} INFO - Filling up the DagBag from /home/airflow/.local/lib/python3.10/site-packages/airflow/example_dags/tutorial_objectstorage.py
[2025-03-06T12:56:06.587+0000] {processor.py:840} INFO - DAG(s) 'tutorial_objectstorage' retrieved from /home/airflow/.local/lib/python3.10/site-packages/airflow/example_dags/tutorial_objectstorage.py
[2025-03-06T12:56:06.643+0000] {logging_mixin.py:188} INFO - [2025-03-06T12:56:06.642+0000] {dag.py:3036} INFO - Sync 1 DAGs
[2025-03-06T12:56:06.678+0000] {logging_mixin.py:188} INFO - [2025-03-06T12:56:06.677+0000] {dag.py:3823} INFO - Setting next_dagrun for tutorial_objectstorage to None, run_after=None
[2025-03-06T12:56:06.817+0000] {processor.py:183} INFO - Processing /home/airflow/.local/lib/python3.10/site-packages/airflow/example_dags/tutorial_objectstorage.py took 0.264 seconds
[2025-03-06T12:57:51.869+0000] {processor.py:161} INFO - Started process (PID=164) to work on /home/airflow/.local/lib/python3.10/site-packages/airflow/example_dags/tutorial_objectstorage.py
[2025-03-06T12:57:51.875+0000] {processor.py:830} INFO - Processing file /home/airflow/.local/lib/python3.10/site-packages/airflow/example_dags/tutorial_objectstorage.py for tasks to queue
[2025-03-06T12:57:51.882+0000] {logging_mixin.py:188} INFO - [2025-03-06T12:57:51.879+0000] {dagbag.py:538} INFO - Filling up the DagBag from /home/airflow/.local/lib/python3.10/site-packages/airflow/example_dags/tutorial_objectstorage.py
[2025-03-06T12:57:51.910+0000] {processor.py:840} INFO - DAG(s) 'tutorial_objectstorage' retrieved from /home/airflow/.local/lib/python3.10/site-packages/airflow/example_dags/tutorial_objectstorage.py
[2025-03-06T12:57:51.973+0000] {logging_mixin.py:188} INFO - [2025-03-06T12:57:51.972+0000] {dag.py:3036} INFO - Sync 1 DAGs
[2025-03-06T12:57:52.013+0000] {logging_mixin.py:188} INFO - [2025-03-06T12:57:52.010+0000] {dag.py:3823} INFO - Setting next_dagrun for tutorial_objectstorage to None, run_after=None
[2025-03-06T12:57:52.172+0000] {processor.py:183} INFO - Processing /home/airflow/.local/lib/python3.10/site-packages/airflow/example_dags/tutorial_objectstorage.py took 0.324 seconds
[2025-03-06T12:59:15.724+0000] {processor.py:161} INFO - Started process (PID=223) to work on /home/airflow/.local/lib/python3.10/site-packages/airflow/example_dags/tutorial_objectstorage.py
[2025-03-06T12:59:15.726+0000] {processor.py:830} INFO - Processing file /home/airflow/.local/lib/python3.10/site-packages/airflow/example_dags/tutorial_objectstorage.py for tasks to queue
[2025-03-06T12:59:15.729+0000] {logging_mixin.py:188} INFO - [2025-03-06T12:59:15.728+0000] {dagbag.py:538} INFO - Filling up the DagBag from /home/airflow/.local/lib/python3.10/site-packages/airflow/example_dags/tutorial_objectstorage.py
[2025-03-06T12:59:15.744+0000] {processor.py:840} INFO - DAG(s) 'tutorial_objectstorage' retrieved from /home/airflow/.local/lib/python3.10/site-packages/airflow/example_dags/tutorial_objectstorage.py
[2025-03-06T12:59:15.795+0000] {logging_mixin.py:188} INFO - [2025-03-06T12:59:15.794+0000] {dag.py:3036} INFO - Sync 1 DAGs
[2025-03-06T12:59:15.825+0000] {logging_mixin.py:188} INFO - [2025-03-06T12:59:15.824+0000] {dag.py:3823} INFO - Setting next_dagrun for tutorial_objectstorage to None, run_after=None
[2025-03-06T12:59:15.962+0000] {processor.py:183} INFO - Processing /home/airflow/.local/lib/python3.10/site-packages/airflow/example_dags/tutorial_objectstorage.py took 0.244 seconds
[2025-03-06T13:00:35.421+0000] {processor.py:161} INFO - Started process (PID=278) to work on /home/airflow/.local/lib/python3.10/site-packages/airflow/example_dags/tutorial_objectstorage.py
[2025-03-06T13:00:35.424+0000] {processor.py:830} INFO - Processing file /home/airflow/.local/lib/python3.10/site-packages/airflow/example_dags/tutorial_objectstorage.py for tasks to queue
[2025-03-06T13:00:35.427+0000] {logging_mixin.py:188} INFO - [2025-03-06T13:00:35.426+0000] {dagbag.py:538} INFO - Filling up the DagBag from /home/airflow/.local/lib/python3.10/site-packages/airflow/example_dags/tutorial_objectstorage.py
[2025-03-06T13:00:35.451+0000] {processor.py:840} INFO - DAG(s) 'tutorial_objectstorage' retrieved from /home/airflow/.local/lib/python3.10/site-packages/airflow/example_dags/tutorial_objectstorage.py
[2025-03-06T13:00:35.527+0000] {logging_mixin.py:188} INFO - [2025-03-06T13:00:35.526+0000] {dag.py:3036} INFO - Sync 1 DAGs
[2025-03-06T13:00:35.579+0000] {logging_mixin.py:188} INFO - [2025-03-06T13:00:35.578+0000] {dag.py:3823} INFO - Setting next_dagrun for tutorial_objectstorage to None, run_after=None
[2025-03-06T13:00:35.736+0000] {processor.py:183} INFO - Processing /home/airflow/.local/lib/python3.10/site-packages/airflow/example_dags/tutorial_objectstorage.py took 0.324 seconds
[2025-03-06T13:02:01.858+0000] {processor.py:161} INFO - Started process (PID=334) to work on /home/airflow/.local/lib/python3.10/site-packages/airflow/example_dags/tutorial_objectstorage.py
[2025-03-06T13:02:01.861+0000] {processor.py:830} INFO - Processing file /home/airflow/.local/lib/python3.10/site-packages/airflow/example_dags/tutorial_objectstorage.py for tasks to queue
[2025-03-06T13:02:01.863+0000] {logging_mixin.py:188} INFO - [2025-03-06T13:02:01.862+0000] {dagbag.py:538} INFO - Filling up the DagBag from /home/airflow/.local/lib/python3.10/site-packages/airflow/example_dags/tutorial_objectstorage.py
[2025-03-06T13:02:01.878+0000] {processor.py:840} INFO - DAG(s) 'tutorial_objectstorage' retrieved from /home/airflow/.local/lib/python3.10/site-packages/airflow/example_dags/tutorial_objectstorage.py
[2025-03-06T13:02:01.941+0000] {logging_mixin.py:188} INFO - [2025-03-06T13:02:01.940+0000] {dag.py:3036} INFO - Sync 1 DAGs
[2025-03-06T13:02:01.979+0000] {logging_mixin.py:188} INFO - [2025-03-06T13:02:01.978+0000] {dag.py:3823} INFO - Setting next_dagrun for tutorial_objectstorage to None, run_after=None
[2025-03-06T13:02:02.125+0000] {processor.py:183} INFO - Processing /home/airflow/.local/lib/python3.10/site-packages/airflow/example_dags/tutorial_objectstorage.py took 0.275 seconds
[2025-03-06T13:04:24.595+0000] {processor.py:161} INFO - Started process (PID=55) to work on /home/airflow/.local/lib/python3.10/site-packages/airflow/example_dags/tutorial_objectstorage.py
[2025-03-06T13:04:24.598+0000] {processor.py:830} INFO - Processing file /home/airflow/.local/lib/python3.10/site-packages/airflow/example_dags/tutorial_objectstorage.py for tasks to queue
[2025-03-06T13:04:24.601+0000] {logging_mixin.py:188} INFO - [2025-03-06T13:04:24.600+0000] {dagbag.py:538} INFO - Filling up the DagBag from /home/airflow/.local/lib/python3.10/site-packages/airflow/example_dags/tutorial_objectstorage.py
[2025-03-06T13:04:24.630+0000] {processor.py:840} INFO - DAG(s) 'tutorial_objectstorage' retrieved from /home/airflow/.local/lib/python3.10/site-packages/airflow/example_dags/tutorial_objectstorage.py
[2025-03-06T13:04:24.695+0000] {logging_mixin.py:188} INFO - [2025-03-06T13:04:24.695+0000] {dag.py:3036} INFO - Sync 1 DAGs
[2025-03-06T13:04:24.741+0000] {logging_mixin.py:188} INFO - [2025-03-06T13:04:24.739+0000] {dag.py:3823} INFO - Setting next_dagrun for tutorial_objectstorage to None, run_after=None
[2025-03-06T13:04:24.888+0000] {processor.py:183} INFO - Processing /home/airflow/.local/lib/python3.10/site-packages/airflow/example_dags/tutorial_objectstorage.py took 0.305 seconds
[2025-03-06T13:05:43.588+0000] {processor.py:161} INFO - Started process (PID=104) to work on /home/airflow/.local/lib/python3.10/site-packages/airflow/example_dags/tutorial_objectstorage.py
[2025-03-06T13:05:43.594+0000] {processor.py:830} INFO - Processing file /home/airflow/.local/lib/python3.10/site-packages/airflow/example_dags/tutorial_objectstorage.py for tasks to queue
[2025-03-06T13:05:43.598+0000] {logging_mixin.py:188} INFO - [2025-03-06T13:05:43.597+0000] {dagbag.py:538} INFO - Filling up the DagBag from /home/airflow/.local/lib/python3.10/site-packages/airflow/example_dags/tutorial_objectstorage.py
[2025-03-06T13:05:43.644+0000] {processor.py:840} INFO - DAG(s) 'tutorial_objectstorage' retrieved from /home/airflow/.local/lib/python3.10/site-packages/airflow/example_dags/tutorial_objectstorage.py
[2025-03-06T13:05:44.071+0000] {logging_mixin.py:188} INFO - [2025-03-06T13:05:44.071+0000] {dag.py:3036} INFO - Sync 1 DAGs
[2025-03-06T13:05:44.129+0000] {logging_mixin.py:188} INFO - [2025-03-06T13:05:44.129+0000] {dag.py:3823} INFO - Setting next_dagrun for tutorial_objectstorage to None, run_after=None
[2025-03-06T13:05:44.289+0000] {processor.py:183} INFO - Processing /home/airflow/.local/lib/python3.10/site-packages/airflow/example_dags/tutorial_objectstorage.py took 0.712 seconds
[2025-03-06T13:07:26.731+0000] {processor.py:161} INFO - Started process (PID=165) to work on /home/airflow/.local/lib/python3.10/site-packages/airflow/example_dags/tutorial_objectstorage.py
[2025-03-06T13:07:26.734+0000] {processor.py:830} INFO - Processing file /home/airflow/.local/lib/python3.10/site-packages/airflow/example_dags/tutorial_objectstorage.py for tasks to queue
[2025-03-06T13:07:26.737+0000] {logging_mixin.py:188} INFO - [2025-03-06T13:07:26.736+0000] {dagbag.py:538} INFO - Filling up the DagBag from /home/airflow/.local/lib/python3.10/site-packages/airflow/example_dags/tutorial_objectstorage.py
[2025-03-06T13:07:26.751+0000] {processor.py:840} INFO - DAG(s) 'tutorial_objectstorage' retrieved from /home/airflow/.local/lib/python3.10/site-packages/airflow/example_dags/tutorial_objectstorage.py
[2025-03-06T13:07:26.806+0000] {logging_mixin.py:188} INFO - [2025-03-06T13:07:26.806+0000] {dag.py:3036} INFO - Sync 1 DAGs
[2025-03-06T13:07:26.859+0000] {logging_mixin.py:188} INFO - [2025-03-06T13:07:26.858+0000] {dag.py:3823} INFO - Setting next_dagrun for tutorial_objectstorage to None, run_after=None
[2025-03-06T13:07:26.990+0000] {processor.py:183} INFO - Processing /home/airflow/.local/lib/python3.10/site-packages/airflow/example_dags/tutorial_objectstorage.py took 0.265 seconds
[2025-03-06T13:08:58.310+0000] {processor.py:161} INFO - Started process (PID=226) to work on /home/airflow/.local/lib/python3.10/site-packages/airflow/example_dags/tutorial_objectstorage.py
[2025-03-06T13:08:58.313+0000] {processor.py:830} INFO - Processing file /home/airflow/.local/lib/python3.10/site-packages/airflow/example_dags/tutorial_objectstorage.py for tasks to queue
[2025-03-06T13:08:58.316+0000] {logging_mixin.py:188} INFO - [2025-03-06T13:08:58.315+0000] {dagbag.py:538} INFO - Filling up the DagBag from /home/airflow/.local/lib/python3.10/site-packages/airflow/example_dags/tutorial_objectstorage.py
[2025-03-06T13:08:58.335+0000] {processor.py:840} INFO - DAG(s) 'tutorial_objectstorage' retrieved from /home/airflow/.local/lib/python3.10/site-packages/airflow/example_dags/tutorial_objectstorage.py
[2025-03-06T13:08:58.419+0000] {logging_mixin.py:188} INFO - [2025-03-06T13:08:58.419+0000] {dag.py:3036} INFO - Sync 1 DAGs
[2025-03-06T13:08:58.468+0000] {logging_mixin.py:188} INFO - [2025-03-06T13:08:58.467+0000] {dag.py:3823} INFO - Setting next_dagrun for tutorial_objectstorage to None, run_after=None
[2025-03-06T13:08:58.611+0000] {processor.py:183} INFO - Processing /home/airflow/.local/lib/python3.10/site-packages/airflow/example_dags/tutorial_objectstorage.py took 0.310 seconds
[2025-03-06T13:10:30.554+0000] {processor.py:161} INFO - Started process (PID=284) to work on /home/airflow/.local/lib/python3.10/site-packages/airflow/example_dags/tutorial_objectstorage.py
[2025-03-06T13:10:30.556+0000] {processor.py:830} INFO - Processing file /home/airflow/.local/lib/python3.10/site-packages/airflow/example_dags/tutorial_objectstorage.py for tasks to queue
[2025-03-06T13:10:30.559+0000] {logging_mixin.py:188} INFO - [2025-03-06T13:10:30.558+0000] {dagbag.py:538} INFO - Filling up the DagBag from /home/airflow/.local/lib/python3.10/site-packages/airflow/example_dags/tutorial_objectstorage.py
[2025-03-06T13:10:30.577+0000] {processor.py:840} INFO - DAG(s) 'tutorial_objectstorage' retrieved from /home/airflow/.local/lib/python3.10/site-packages/airflow/example_dags/tutorial_objectstorage.py
[2025-03-06T13:10:30.638+0000] {logging_mixin.py:188} INFO - [2025-03-06T13:10:30.637+0000] {dag.py:3036} INFO - Sync 1 DAGs
[2025-03-06T13:10:30.674+0000] {logging_mixin.py:188} INFO - [2025-03-06T13:10:30.673+0000] {dag.py:3823} INFO - Setting next_dagrun for tutorial_objectstorage to None, run_after=None
[2025-03-06T13:10:30.820+0000] {processor.py:183} INFO - Processing /home/airflow/.local/lib/python3.10/site-packages/airflow/example_dags/tutorial_objectstorage.py took 0.274 seconds
[2025-03-06T13:12:00.421+0000] {processor.py:161} INFO - Started process (PID=55) to work on /home/airflow/.local/lib/python3.10/site-packages/airflow/example_dags/tutorial_objectstorage.py
[2025-03-06T13:12:00.423+0000] {processor.py:830} INFO - Processing file /home/airflow/.local/lib/python3.10/site-packages/airflow/example_dags/tutorial_objectstorage.py for tasks to queue
[2025-03-06T13:12:00.426+0000] {logging_mixin.py:188} INFO - [2025-03-06T13:12:00.425+0000] {dagbag.py:538} INFO - Filling up the DagBag from /home/airflow/.local/lib/python3.10/site-packages/airflow/example_dags/tutorial_objectstorage.py
[2025-03-06T13:12:00.446+0000] {processor.py:840} INFO - DAG(s) 'tutorial_objectstorage' retrieved from /home/airflow/.local/lib/python3.10/site-packages/airflow/example_dags/tutorial_objectstorage.py
[2025-03-06T13:12:00.501+0000] {logging_mixin.py:188} INFO - [2025-03-06T13:12:00.500+0000] {dag.py:3036} INFO - Sync 1 DAGs
[2025-03-06T13:12:00.534+0000] {logging_mixin.py:188} INFO - [2025-03-06T13:12:00.534+0000] {dag.py:3823} INFO - Setting next_dagrun for tutorial_objectstorage to None, run_after=None
[2025-03-06T13:12:00.691+0000] {processor.py:183} INFO - Processing /home/airflow/.local/lib/python3.10/site-packages/airflow/example_dags/tutorial_objectstorage.py took 0.285 seconds
[2025-03-06T13:13:23.630+0000] {processor.py:161} INFO - Started process (PID=104) to work on /home/airflow/.local/lib/python3.10/site-packages/airflow/example_dags/tutorial_objectstorage.py
[2025-03-06T13:13:23.637+0000] {processor.py:830} INFO - Processing file /home/airflow/.local/lib/python3.10/site-packages/airflow/example_dags/tutorial_objectstorage.py for tasks to queue
[2025-03-06T13:13:23.641+0000] {logging_mixin.py:188} INFO - [2025-03-06T13:13:23.639+0000] {dagbag.py:538} INFO - Filling up the DagBag from /home/airflow/.local/lib/python3.10/site-packages/airflow/example_dags/tutorial_objectstorage.py
[2025-03-06T13:13:23.664+0000] {processor.py:840} INFO - DAG(s) 'tutorial_objectstorage' retrieved from /home/airflow/.local/lib/python3.10/site-packages/airflow/example_dags/tutorial_objectstorage.py
[2025-03-06T13:13:23.744+0000] {logging_mixin.py:188} INFO - [2025-03-06T13:13:23.743+0000] {dag.py:3036} INFO - Sync 1 DAGs
[2025-03-06T13:13:23.795+0000] {logging_mixin.py:188} INFO - [2025-03-06T13:13:23.794+0000] {dag.py:3823} INFO - Setting next_dagrun for tutorial_objectstorage to None, run_after=None
[2025-03-06T13:13:23.956+0000] {processor.py:183} INFO - Processing /home/airflow/.local/lib/python3.10/site-packages/airflow/example_dags/tutorial_objectstorage.py took 0.336 seconds
[2025-03-06T13:15:01.659+0000] {processor.py:161} INFO - Started process (PID=164) to work on /home/airflow/.local/lib/python3.10/site-packages/airflow/example_dags/tutorial_objectstorage.py
[2025-03-06T13:15:01.663+0000] {processor.py:830} INFO - Processing file /home/airflow/.local/lib/python3.10/site-packages/airflow/example_dags/tutorial_objectstorage.py for tasks to queue
[2025-03-06T13:15:01.665+0000] {logging_mixin.py:188} INFO - [2025-03-06T13:15:01.665+0000] {dagbag.py:538} INFO - Filling up the DagBag from /home/airflow/.local/lib/python3.10/site-packages/airflow/example_dags/tutorial_objectstorage.py
[2025-03-06T13:15:01.684+0000] {processor.py:840} INFO - DAG(s) 'tutorial_objectstorage' retrieved from /home/airflow/.local/lib/python3.10/site-packages/airflow/example_dags/tutorial_objectstorage.py
[2025-03-06T13:15:01.753+0000] {logging_mixin.py:188} INFO - [2025-03-06T13:15:01.753+0000] {dag.py:3036} INFO - Sync 1 DAGs
[2025-03-06T13:15:01.790+0000] {logging_mixin.py:188} INFO - [2025-03-06T13:15:01.789+0000] {dag.py:3823} INFO - Setting next_dagrun for tutorial_objectstorage to None, run_after=None
[2025-03-06T13:15:01.942+0000] {processor.py:183} INFO - Processing /home/airflow/.local/lib/python3.10/site-packages/airflow/example_dags/tutorial_objectstorage.py took 0.293 seconds
[2025-03-06T13:16:41.214+0000] {processor.py:161} INFO - Started process (PID=225) to work on /home/airflow/.local/lib/python3.10/site-packages/airflow/example_dags/tutorial_objectstorage.py
[2025-03-06T13:16:41.223+0000] {processor.py:830} INFO - Processing file /home/airflow/.local/lib/python3.10/site-packages/airflow/example_dags/tutorial_objectstorage.py for tasks to queue
[2025-03-06T13:16:41.227+0000] {logging_mixin.py:188} INFO - [2025-03-06T13:16:41.226+0000] {dagbag.py:538} INFO - Filling up the DagBag from /home/airflow/.local/lib/python3.10/site-packages/airflow/example_dags/tutorial_objectstorage.py
[2025-03-06T13:16:41.253+0000] {processor.py:840} INFO - DAG(s) 'tutorial_objectstorage' retrieved from /home/airflow/.local/lib/python3.10/site-packages/airflow/example_dags/tutorial_objectstorage.py
[2025-03-06T13:16:41.352+0000] {logging_mixin.py:188} INFO - [2025-03-06T13:16:41.350+0000] {dag.py:3036} INFO - Sync 1 DAGs
[2025-03-06T13:16:41.397+0000] {logging_mixin.py:188} INFO - [2025-03-06T13:16:41.396+0000] {dag.py:3823} INFO - Setting next_dagrun for tutorial_objectstorage to None, run_after=None
[2025-03-06T13:16:41.652+0000] {processor.py:183} INFO - Processing /home/airflow/.local/lib/python3.10/site-packages/airflow/example_dags/tutorial_objectstorage.py took 0.446 seconds
