[2025-03-06T12:54:02.021+0000] {processor.py:161} INFO - Started process (PID=32) to work on /home/airflow/.local/lib/python3.10/site-packages/airflow/example_dags/tutorial_dag.py
[2025-03-06T12:54:02.027+0000] {processor.py:830} INFO - Processing file /home/airflow/.local/lib/python3.10/site-packages/airflow/example_dags/tutorial_dag.py for tasks to queue
[2025-03-06T12:54:02.029+0000] {logging_mixin.py:188} INFO - [2025-03-06T12:54:02.028+0000] {dagbag.py:538} INFO - Filling up the DagBag from /home/airflow/.local/lib/python3.10/site-packages/airflow/example_dags/tutorial_dag.py
[2025-03-06T12:54:02.063+0000] {processor.py:840} INFO - DAG(s) 'tutorial_dag' retrieved from /home/airflow/.local/lib/python3.10/site-packages/airflow/example_dags/tutorial_dag.py
[2025-03-06T12:54:02.102+0000] {logging_mixin.py:188} INFO - [2025-03-06T12:54:02.101+0000] {dag.py:3036} INFO - Sync 1 DAGs
[2025-03-06T12:54:02.144+0000] {logging_mixin.py:188} INFO - [2025-03-06T12:54:02.144+0000] {dag.py:3823} INFO - Setting next_dagrun for tutorial_dag to None, run_after=None
[2025-03-06T12:54:02.304+0000] {processor.py:183} INFO - Processing /home/airflow/.local/lib/python3.10/site-packages/airflow/example_dags/tutorial_dag.py took 0.293 seconds
[2025-03-06T12:55:29.705+0000] {processor.py:161} INFO - Started process (PID=81) to work on /home/airflow/.local/lib/python3.10/site-packages/airflow/example_dags/tutorial_dag.py
[2025-03-06T12:55:29.708+0000] {processor.py:830} INFO - Processing file /home/airflow/.local/lib/python3.10/site-packages/airflow/example_dags/tutorial_dag.py for tasks to queue
[2025-03-06T12:55:29.711+0000] {logging_mixin.py:188} INFO - [2025-03-06T12:55:29.710+0000] {dagbag.py:538} INFO - Filling up the DagBag from /home/airflow/.local/lib/python3.10/site-packages/airflow/example_dags/tutorial_dag.py
[2025-03-06T12:55:29.728+0000] {processor.py:840} INFO - DAG(s) 'tutorial_dag' retrieved from /home/airflow/.local/lib/python3.10/site-packages/airflow/example_dags/tutorial_dag.py
[2025-03-06T12:55:30.059+0000] {logging_mixin.py:188} INFO - [2025-03-06T12:55:30.058+0000] {dag.py:3036} INFO - Sync 1 DAGs
[2025-03-06T12:55:30.084+0000] {logging_mixin.py:188} INFO - [2025-03-06T12:55:30.084+0000] {dag.py:3823} INFO - Setting next_dagrun for tutorial_dag to None, run_after=None
[2025-03-06T12:55:30.219+0000] {processor.py:183} INFO - Processing /home/airflow/.local/lib/python3.10/site-packages/airflow/example_dags/tutorial_dag.py took 0.522 seconds
[2025-03-06T12:56:21.119+0000] {processor.py:161} INFO - Started process (PID=112) to work on /home/airflow/.local/lib/python3.10/site-packages/airflow/example_dags/tutorial_dag.py
[2025-03-06T12:56:21.121+0000] {processor.py:830} INFO - Processing file /home/airflow/.local/lib/python3.10/site-packages/airflow/example_dags/tutorial_dag.py for tasks to queue
[2025-03-06T12:56:21.123+0000] {logging_mixin.py:188} INFO - [2025-03-06T12:56:21.122+0000] {dagbag.py:538} INFO - Filling up the DagBag from /home/airflow/.local/lib/python3.10/site-packages/airflow/example_dags/tutorial_dag.py
[2025-03-06T12:56:21.136+0000] {processor.py:840} INFO - DAG(s) 'tutorial_dag' retrieved from /home/airflow/.local/lib/python3.10/site-packages/airflow/example_dags/tutorial_dag.py
[2025-03-06T12:56:21.195+0000] {logging_mixin.py:188} INFO - [2025-03-06T12:56:21.195+0000] {dag.py:3036} INFO - Sync 1 DAGs
[2025-03-06T12:56:21.226+0000] {logging_mixin.py:188} INFO - [2025-03-06T12:56:21.225+0000] {dag.py:3823} INFO - Setting next_dagrun for tutorial_dag to None, run_after=None
[2025-03-06T12:56:21.372+0000] {processor.py:183} INFO - Processing /home/airflow/.local/lib/python3.10/site-packages/airflow/example_dags/tutorial_dag.py took 0.259 seconds
[2025-03-06T12:57:12.506+0000] {processor.py:161} INFO - Started process (PID=144) to work on /home/airflow/.local/lib/python3.10/site-packages/airflow/example_dags/tutorial_dag.py
[2025-03-06T12:57:12.508+0000] {processor.py:830} INFO - Processing file /home/airflow/.local/lib/python3.10/site-packages/airflow/example_dags/tutorial_dag.py for tasks to queue
[2025-03-06T12:57:12.516+0000] {logging_mixin.py:188} INFO - [2025-03-06T12:57:12.515+0000] {dagbag.py:538} INFO - Filling up the DagBag from /home/airflow/.local/lib/python3.10/site-packages/airflow/example_dags/tutorial_dag.py
[2025-03-06T12:57:12.531+0000] {processor.py:840} INFO - DAG(s) 'tutorial_dag' retrieved from /home/airflow/.local/lib/python3.10/site-packages/airflow/example_dags/tutorial_dag.py
[2025-03-06T12:57:12.604+0000] {logging_mixin.py:188} INFO - [2025-03-06T12:57:12.604+0000] {dag.py:3036} INFO - Sync 1 DAGs
[2025-03-06T12:57:12.642+0000] {logging_mixin.py:188} INFO - [2025-03-06T12:57:12.641+0000] {dag.py:3823} INFO - Setting next_dagrun for tutorial_dag to None, run_after=None
[2025-03-06T12:57:12.803+0000] {processor.py:183} INFO - Processing /home/airflow/.local/lib/python3.10/site-packages/airflow/example_dags/tutorial_dag.py took 0.304 seconds
[2025-03-06T12:58:04.710+0000] {processor.py:161} INFO - Started process (PID=173) to work on /home/airflow/.local/lib/python3.10/site-packages/airflow/example_dags/tutorial_dag.py
[2025-03-06T12:58:04.713+0000] {processor.py:830} INFO - Processing file /home/airflow/.local/lib/python3.10/site-packages/airflow/example_dags/tutorial_dag.py for tasks to queue
[2025-03-06T12:58:04.715+0000] {logging_mixin.py:188} INFO - [2025-03-06T12:58:04.715+0000] {dagbag.py:538} INFO - Filling up the DagBag from /home/airflow/.local/lib/python3.10/site-packages/airflow/example_dags/tutorial_dag.py
[2025-03-06T12:58:04.729+0000] {processor.py:840} INFO - DAG(s) 'tutorial_dag' retrieved from /home/airflow/.local/lib/python3.10/site-packages/airflow/example_dags/tutorial_dag.py
[2025-03-06T12:58:04.805+0000] {logging_mixin.py:188} INFO - [2025-03-06T12:58:04.804+0000] {dag.py:3036} INFO - Sync 1 DAGs
[2025-03-06T12:58:04.862+0000] {logging_mixin.py:188} INFO - [2025-03-06T12:58:04.862+0000] {dag.py:3823} INFO - Setting next_dagrun for tutorial_dag to None, run_after=None
[2025-03-06T12:58:05.009+0000] {processor.py:183} INFO - Processing /home/airflow/.local/lib/python3.10/site-packages/airflow/example_dags/tutorial_dag.py took 0.306 seconds
[2025-03-06T12:58:48.289+0000] {processor.py:161} INFO - Started process (PID=204) to work on /home/airflow/.local/lib/python3.10/site-packages/airflow/example_dags/tutorial_dag.py
[2025-03-06T12:58:48.292+0000] {processor.py:830} INFO - Processing file /home/airflow/.local/lib/python3.10/site-packages/airflow/example_dags/tutorial_dag.py for tasks to queue
[2025-03-06T12:58:48.294+0000] {logging_mixin.py:188} INFO - [2025-03-06T12:58:48.293+0000] {dagbag.py:538} INFO - Filling up the DagBag from /home/airflow/.local/lib/python3.10/site-packages/airflow/example_dags/tutorial_dag.py
[2025-03-06T12:58:48.306+0000] {processor.py:840} INFO - DAG(s) 'tutorial_dag' retrieved from /home/airflow/.local/lib/python3.10/site-packages/airflow/example_dags/tutorial_dag.py
[2025-03-06T12:58:48.363+0000] {logging_mixin.py:188} INFO - [2025-03-06T12:58:48.363+0000] {dag.py:3036} INFO - Sync 1 DAGs
[2025-03-06T12:58:48.391+0000] {logging_mixin.py:188} INFO - [2025-03-06T12:58:48.391+0000] {dag.py:3823} INFO - Setting next_dagrun for tutorial_dag to None, run_after=None
[2025-03-06T12:58:48.535+0000] {processor.py:183} INFO - Processing /home/airflow/.local/lib/python3.10/site-packages/airflow/example_dags/tutorial_dag.py took 0.251 seconds
[2025-03-06T12:59:27.836+0000] {processor.py:161} INFO - Started process (PID=232) to work on /home/airflow/.local/lib/python3.10/site-packages/airflow/example_dags/tutorial_dag.py
[2025-03-06T12:59:27.838+0000] {processor.py:830} INFO - Processing file /home/airflow/.local/lib/python3.10/site-packages/airflow/example_dags/tutorial_dag.py for tasks to queue
[2025-03-06T12:59:27.840+0000] {logging_mixin.py:188} INFO - [2025-03-06T12:59:27.840+0000] {dagbag.py:538} INFO - Filling up the DagBag from /home/airflow/.local/lib/python3.10/site-packages/airflow/example_dags/tutorial_dag.py
[2025-03-06T12:59:27.852+0000] {processor.py:840} INFO - DAG(s) 'tutorial_dag' retrieved from /home/airflow/.local/lib/python3.10/site-packages/airflow/example_dags/tutorial_dag.py
[2025-03-06T12:59:27.906+0000] {logging_mixin.py:188} INFO - [2025-03-06T12:59:27.905+0000] {dag.py:3036} INFO - Sync 1 DAGs
[2025-03-06T12:59:27.934+0000] {logging_mixin.py:188} INFO - [2025-03-06T12:59:27.934+0000] {dag.py:3823} INFO - Setting next_dagrun for tutorial_dag to None, run_after=None
[2025-03-06T12:59:28.061+0000] {processor.py:183} INFO - Processing /home/airflow/.local/lib/python3.10/site-packages/airflow/example_dags/tutorial_dag.py took 0.231 seconds
[2025-03-06T13:00:06.493+0000] {processor.py:161} INFO - Started process (PID=260) to work on /home/airflow/.local/lib/python3.10/site-packages/airflow/example_dags/tutorial_dag.py
[2025-03-06T13:00:06.496+0000] {processor.py:830} INFO - Processing file /home/airflow/.local/lib/python3.10/site-packages/airflow/example_dags/tutorial_dag.py for tasks to queue
[2025-03-06T13:00:06.499+0000] {logging_mixin.py:188} INFO - [2025-03-06T13:00:06.498+0000] {dagbag.py:538} INFO - Filling up the DagBag from /home/airflow/.local/lib/python3.10/site-packages/airflow/example_dags/tutorial_dag.py
[2025-03-06T13:00:06.518+0000] {processor.py:840} INFO - DAG(s) 'tutorial_dag' retrieved from /home/airflow/.local/lib/python3.10/site-packages/airflow/example_dags/tutorial_dag.py
[2025-03-06T13:00:06.578+0000] {logging_mixin.py:188} INFO - [2025-03-06T13:00:06.578+0000] {dag.py:3036} INFO - Sync 1 DAGs
[2025-03-06T13:00:06.615+0000] {logging_mixin.py:188} INFO - [2025-03-06T13:00:06.614+0000] {dag.py:3823} INFO - Setting next_dagrun for tutorial_dag to None, run_after=None
[2025-03-06T13:00:06.733+0000] {processor.py:183} INFO - Processing /home/airflow/.local/lib/python3.10/site-packages/airflow/example_dags/tutorial_dag.py took 0.247 seconds
[2025-03-06T13:00:48.706+0000] {processor.py:161} INFO - Started process (PID=287) to work on /home/airflow/.local/lib/python3.10/site-packages/airflow/example_dags/tutorial_dag.py
[2025-03-06T13:00:48.709+0000] {processor.py:830} INFO - Processing file /home/airflow/.local/lib/python3.10/site-packages/airflow/example_dags/tutorial_dag.py for tasks to queue
[2025-03-06T13:00:48.712+0000] {logging_mixin.py:188} INFO - [2025-03-06T13:00:48.711+0000] {dagbag.py:538} INFO - Filling up the DagBag from /home/airflow/.local/lib/python3.10/site-packages/airflow/example_dags/tutorial_dag.py
[2025-03-06T13:00:48.726+0000] {processor.py:840} INFO - DAG(s) 'tutorial_dag' retrieved from /home/airflow/.local/lib/python3.10/site-packages/airflow/example_dags/tutorial_dag.py
[2025-03-06T13:00:48.802+0000] {logging_mixin.py:188} INFO - [2025-03-06T13:00:48.801+0000] {dag.py:3036} INFO - Sync 1 DAGs
[2025-03-06T13:00:48.847+0000] {logging_mixin.py:188} INFO - [2025-03-06T13:00:48.846+0000] {dag.py:3823} INFO - Setting next_dagrun for tutorial_dag to None, run_after=None
[2025-03-06T13:00:48.999+0000] {processor.py:183} INFO - Processing /home/airflow/.local/lib/python3.10/site-packages/airflow/example_dags/tutorial_dag.py took 0.298 seconds
[2025-03-06T13:01:29.492+0000] {processor.py:161} INFO - Started process (PID=317) to work on /home/airflow/.local/lib/python3.10/site-packages/airflow/example_dags/tutorial_dag.py
[2025-03-06T13:01:29.496+0000] {processor.py:830} INFO - Processing file /home/airflow/.local/lib/python3.10/site-packages/airflow/example_dags/tutorial_dag.py for tasks to queue
[2025-03-06T13:01:29.499+0000] {logging_mixin.py:188} INFO - [2025-03-06T13:01:29.498+0000] {dagbag.py:538} INFO - Filling up the DagBag from /home/airflow/.local/lib/python3.10/site-packages/airflow/example_dags/tutorial_dag.py
[2025-03-06T13:01:29.513+0000] {processor.py:840} INFO - DAG(s) 'tutorial_dag' retrieved from /home/airflow/.local/lib/python3.10/site-packages/airflow/example_dags/tutorial_dag.py
[2025-03-06T13:01:29.594+0000] {logging_mixin.py:188} INFO - [2025-03-06T13:01:29.594+0000] {dag.py:3036} INFO - Sync 1 DAGs
[2025-03-06T13:01:29.648+0000] {logging_mixin.py:188} INFO - [2025-03-06T13:01:29.647+0000] {dag.py:3823} INFO - Setting next_dagrun for tutorial_dag to None, run_after=None
[2025-03-06T13:01:29.813+0000] {processor.py:183} INFO - Processing /home/airflow/.local/lib/python3.10/site-packages/airflow/example_dags/tutorial_dag.py took 0.329 seconds
[2025-03-06T13:02:46.226+0000] {processor.py:161} INFO - Started process (PID=33) to work on /home/airflow/.local/lib/python3.10/site-packages/airflow/example_dags/tutorial_dag.py
[2025-03-06T13:02:46.231+0000] {processor.py:830} INFO - Processing file /home/airflow/.local/lib/python3.10/site-packages/airflow/example_dags/tutorial_dag.py for tasks to queue
[2025-03-06T13:02:46.234+0000] {logging_mixin.py:188} INFO - [2025-03-06T13:02:46.233+0000] {dagbag.py:538} INFO - Filling up the DagBag from /home/airflow/.local/lib/python3.10/site-packages/airflow/example_dags/tutorial_dag.py
[2025-03-06T13:02:46.266+0000] {processor.py:840} INFO - DAG(s) 'tutorial_dag' retrieved from /home/airflow/.local/lib/python3.10/site-packages/airflow/example_dags/tutorial_dag.py
[2025-03-06T13:02:46.380+0000] {logging_mixin.py:188} INFO - [2025-03-06T13:02:46.380+0000] {dag.py:3036} INFO - Sync 1 DAGs
[2025-03-06T13:02:46.419+0000] {logging_mixin.py:188} INFO - [2025-03-06T13:02:46.419+0000] {dag.py:3823} INFO - Setting next_dagrun for tutorial_dag to None, run_after=None
[2025-03-06T13:02:46.557+0000] {processor.py:183} INFO - Processing /home/airflow/.local/lib/python3.10/site-packages/airflow/example_dags/tutorial_dag.py took 0.349 seconds
[2025-03-06T13:03:38.848+0000] {processor.py:161} INFO - Started process (PID=33) to work on /home/airflow/.local/lib/python3.10/site-packages/airflow/example_dags/tutorial_dag.py
[2025-03-06T13:03:38.860+0000] {processor.py:830} INFO - Processing file /home/airflow/.local/lib/python3.10/site-packages/airflow/example_dags/tutorial_dag.py for tasks to queue
[2025-03-06T13:03:38.866+0000] {logging_mixin.py:188} INFO - [2025-03-06T13:03:38.863+0000] {dagbag.py:538} INFO - Filling up the DagBag from /home/airflow/.local/lib/python3.10/site-packages/airflow/example_dags/tutorial_dag.py
[2025-03-06T13:03:38.917+0000] {processor.py:840} INFO - DAG(s) 'tutorial_dag' retrieved from /home/airflow/.local/lib/python3.10/site-packages/airflow/example_dags/tutorial_dag.py
[2025-03-06T13:03:39.156+0000] {logging_mixin.py:188} INFO - [2025-03-06T13:03:39.155+0000] {dag.py:3036} INFO - Sync 1 DAGs
[2025-03-06T13:03:39.266+0000] {logging_mixin.py:188} INFO - [2025-03-06T13:03:39.266+0000] {dag.py:3823} INFO - Setting next_dagrun for tutorial_dag to None, run_after=None
[2025-03-06T13:03:39.983+0000] {processor.py:183} INFO - Processing /home/airflow/.local/lib/python3.10/site-packages/airflow/example_dags/tutorial_dag.py took 1.144 seconds
[2025-03-06T13:05:06.481+0000] {processor.py:161} INFO - Started process (PID=82) to work on /home/airflow/.local/lib/python3.10/site-packages/airflow/example_dags/tutorial_dag.py
[2025-03-06T13:05:06.483+0000] {processor.py:830} INFO - Processing file /home/airflow/.local/lib/python3.10/site-packages/airflow/example_dags/tutorial_dag.py for tasks to queue
[2025-03-06T13:05:06.486+0000] {logging_mixin.py:188} INFO - [2025-03-06T13:05:06.485+0000] {dagbag.py:538} INFO - Filling up the DagBag from /home/airflow/.local/lib/python3.10/site-packages/airflow/example_dags/tutorial_dag.py
[2025-03-06T13:05:06.501+0000] {processor.py:840} INFO - DAG(s) 'tutorial_dag' retrieved from /home/airflow/.local/lib/python3.10/site-packages/airflow/example_dags/tutorial_dag.py
[2025-03-06T13:05:06.558+0000] {logging_mixin.py:188} INFO - [2025-03-06T13:05:06.557+0000] {dag.py:3036} INFO - Sync 1 DAGs
[2025-03-06T13:05:06.598+0000] {logging_mixin.py:188} INFO - [2025-03-06T13:05:06.597+0000] {dag.py:3823} INFO - Setting next_dagrun for tutorial_dag to None, run_after=None
[2025-03-06T13:05:06.800+0000] {processor.py:183} INFO - Processing /home/airflow/.local/lib/python3.10/site-packages/airflow/example_dags/tutorial_dag.py took 0.326 seconds
[2025-03-06T13:05:55.335+0000] {processor.py:161} INFO - Started process (PID=111) to work on /home/airflow/.local/lib/python3.10/site-packages/airflow/example_dags/tutorial_dag.py
[2025-03-06T13:05:55.338+0000] {processor.py:830} INFO - Processing file /home/airflow/.local/lib/python3.10/site-packages/airflow/example_dags/tutorial_dag.py for tasks to queue
[2025-03-06T13:05:55.342+0000] {logging_mixin.py:188} INFO - [2025-03-06T13:05:55.340+0000] {dagbag.py:538} INFO - Filling up the DagBag from /home/airflow/.local/lib/python3.10/site-packages/airflow/example_dags/tutorial_dag.py
[2025-03-06T13:05:55.360+0000] {processor.py:840} INFO - DAG(s) 'tutorial_dag' retrieved from /home/airflow/.local/lib/python3.10/site-packages/airflow/example_dags/tutorial_dag.py
[2025-03-06T13:05:55.467+0000] {logging_mixin.py:188} INFO - [2025-03-06T13:05:55.467+0000] {dag.py:3036} INFO - Sync 1 DAGs
[2025-03-06T13:05:55.507+0000] {logging_mixin.py:188} INFO - [2025-03-06T13:05:55.506+0000] {dag.py:3823} INFO - Setting next_dagrun for tutorial_dag to None, run_after=None
[2025-03-06T13:05:55.637+0000] {processor.py:183} INFO - Processing /home/airflow/.local/lib/python3.10/site-packages/airflow/example_dags/tutorial_dag.py took 0.310 seconds
[2025-03-06T13:06:43.238+0000] {processor.py:161} INFO - Started process (PID=143) to work on /home/airflow/.local/lib/python3.10/site-packages/airflow/example_dags/tutorial_dag.py
[2025-03-06T13:06:43.242+0000] {processor.py:830} INFO - Processing file /home/airflow/.local/lib/python3.10/site-packages/airflow/example_dags/tutorial_dag.py for tasks to queue
[2025-03-06T13:06:43.244+0000] {logging_mixin.py:188} INFO - [2025-03-06T13:06:43.244+0000] {dagbag.py:538} INFO - Filling up the DagBag from /home/airflow/.local/lib/python3.10/site-packages/airflow/example_dags/tutorial_dag.py
[2025-03-06T13:06:43.264+0000] {processor.py:840} INFO - DAG(s) 'tutorial_dag' retrieved from /home/airflow/.local/lib/python3.10/site-packages/airflow/example_dags/tutorial_dag.py
[2025-03-06T13:06:43.363+0000] {logging_mixin.py:188} INFO - [2025-03-06T13:06:43.362+0000] {dag.py:3036} INFO - Sync 1 DAGs
[2025-03-06T13:06:43.407+0000] {logging_mixin.py:188} INFO - [2025-03-06T13:06:43.406+0000] {dag.py:3823} INFO - Setting next_dagrun for tutorial_dag to None, run_after=None
[2025-03-06T13:06:43.564+0000] {processor.py:183} INFO - Processing /home/airflow/.local/lib/python3.10/site-packages/airflow/example_dags/tutorial_dag.py took 0.339 seconds
[2025-03-06T13:07:39.417+0000] {processor.py:161} INFO - Started process (PID=173) to work on /home/airflow/.local/lib/python3.10/site-packages/airflow/example_dags/tutorial_dag.py
[2025-03-06T13:07:39.419+0000] {processor.py:830} INFO - Processing file /home/airflow/.local/lib/python3.10/site-packages/airflow/example_dags/tutorial_dag.py for tasks to queue
[2025-03-06T13:07:39.421+0000] {logging_mixin.py:188} INFO - [2025-03-06T13:07:39.421+0000] {dagbag.py:538} INFO - Filling up the DagBag from /home/airflow/.local/lib/python3.10/site-packages/airflow/example_dags/tutorial_dag.py
[2025-03-06T13:07:39.433+0000] {processor.py:840} INFO - DAG(s) 'tutorial_dag' retrieved from /home/airflow/.local/lib/python3.10/site-packages/airflow/example_dags/tutorial_dag.py
[2025-03-06T13:07:39.488+0000] {logging_mixin.py:188} INFO - [2025-03-06T13:07:39.488+0000] {dag.py:3036} INFO - Sync 1 DAGs
[2025-03-06T13:07:39.516+0000] {logging_mixin.py:188} INFO - [2025-03-06T13:07:39.515+0000] {dag.py:3823} INFO - Setting next_dagrun for tutorial_dag to None, run_after=None
[2025-03-06T13:07:39.644+0000] {processor.py:183} INFO - Processing /home/airflow/.local/lib/python3.10/site-packages/airflow/example_dags/tutorial_dag.py took 0.233 seconds
[2025-03-06T13:08:28.228+0000] {processor.py:161} INFO - Started process (PID=207) to work on /home/airflow/.local/lib/python3.10/site-packages/airflow/example_dags/tutorial_dag.py
[2025-03-06T13:08:28.230+0000] {processor.py:830} INFO - Processing file /home/airflow/.local/lib/python3.10/site-packages/airflow/example_dags/tutorial_dag.py for tasks to queue
[2025-03-06T13:08:28.232+0000] {logging_mixin.py:188} INFO - [2025-03-06T13:08:28.231+0000] {dagbag.py:538} INFO - Filling up the DagBag from /home/airflow/.local/lib/python3.10/site-packages/airflow/example_dags/tutorial_dag.py
[2025-03-06T13:08:28.247+0000] {processor.py:840} INFO - DAG(s) 'tutorial_dag' retrieved from /home/airflow/.local/lib/python3.10/site-packages/airflow/example_dags/tutorial_dag.py
[2025-03-06T13:08:28.329+0000] {logging_mixin.py:188} INFO - [2025-03-06T13:08:28.328+0000] {dag.py:3036} INFO - Sync 1 DAGs
[2025-03-06T13:08:28.382+0000] {logging_mixin.py:188} INFO - [2025-03-06T13:08:28.382+0000] {dag.py:3823} INFO - Setting next_dagrun for tutorial_dag to None, run_after=None
[2025-03-06T13:08:28.540+0000] {processor.py:183} INFO - Processing /home/airflow/.local/lib/python3.10/site-packages/airflow/example_dags/tutorial_dag.py took 0.319 seconds
[2025-03-06T13:09:11.261+0000] {processor.py:161} INFO - Started process (PID=234) to work on /home/airflow/.local/lib/python3.10/site-packages/airflow/example_dags/tutorial_dag.py
[2025-03-06T13:09:11.264+0000] {processor.py:830} INFO - Processing file /home/airflow/.local/lib/python3.10/site-packages/airflow/example_dags/tutorial_dag.py for tasks to queue
[2025-03-06T13:09:11.269+0000] {logging_mixin.py:188} INFO - [2025-03-06T13:09:11.268+0000] {dagbag.py:538} INFO - Filling up the DagBag from /home/airflow/.local/lib/python3.10/site-packages/airflow/example_dags/tutorial_dag.py
[2025-03-06T13:09:11.286+0000] {processor.py:840} INFO - DAG(s) 'tutorial_dag' retrieved from /home/airflow/.local/lib/python3.10/site-packages/airflow/example_dags/tutorial_dag.py
[2025-03-06T13:09:11.356+0000] {logging_mixin.py:188} INFO - [2025-03-06T13:09:11.356+0000] {dag.py:3036} INFO - Sync 1 DAGs
[2025-03-06T13:09:11.427+0000] {logging_mixin.py:188} INFO - [2025-03-06T13:09:11.426+0000] {dag.py:3823} INFO - Setting next_dagrun for tutorial_dag to None, run_after=None
[2025-03-06T13:09:11.643+0000] {processor.py:183} INFO - Processing /home/airflow/.local/lib/python3.10/site-packages/airflow/example_dags/tutorial_dag.py took 0.390 seconds
[2025-03-06T13:09:57.544+0000] {processor.py:161} INFO - Started process (PID=265) to work on /home/airflow/.local/lib/python3.10/site-packages/airflow/example_dags/tutorial_dag.py
[2025-03-06T13:09:57.547+0000] {processor.py:830} INFO - Processing file /home/airflow/.local/lib/python3.10/site-packages/airflow/example_dags/tutorial_dag.py for tasks to queue
[2025-03-06T13:09:57.549+0000] {logging_mixin.py:188} INFO - [2025-03-06T13:09:57.548+0000] {dagbag.py:538} INFO - Filling up the DagBag from /home/airflow/.local/lib/python3.10/site-packages/airflow/example_dags/tutorial_dag.py
[2025-03-06T13:09:57.563+0000] {processor.py:840} INFO - DAG(s) 'tutorial_dag' retrieved from /home/airflow/.local/lib/python3.10/site-packages/airflow/example_dags/tutorial_dag.py
[2025-03-06T13:09:57.620+0000] {logging_mixin.py:188} INFO - [2025-03-06T13:09:57.620+0000] {dag.py:3036} INFO - Sync 1 DAGs
[2025-03-06T13:09:57.652+0000] {logging_mixin.py:188} INFO - [2025-03-06T13:09:57.651+0000] {dag.py:3823} INFO - Setting next_dagrun for tutorial_dag to None, run_after=None
[2025-03-06T13:09:57.814+0000] {processor.py:183} INFO - Processing /home/airflow/.local/lib/python3.10/site-packages/airflow/example_dags/tutorial_dag.py took 0.278 seconds
[2025-03-06T13:10:43.230+0000] {processor.py:161} INFO - Started process (PID=292) to work on /home/airflow/.local/lib/python3.10/site-packages/airflow/example_dags/tutorial_dag.py
[2025-03-06T13:10:43.233+0000] {processor.py:830} INFO - Processing file /home/airflow/.local/lib/python3.10/site-packages/airflow/example_dags/tutorial_dag.py for tasks to queue
[2025-03-06T13:10:43.239+0000] {logging_mixin.py:188} INFO - [2025-03-06T13:10:43.236+0000] {dagbag.py:538} INFO - Filling up the DagBag from /home/airflow/.local/lib/python3.10/site-packages/airflow/example_dags/tutorial_dag.py
[2025-03-06T13:10:43.253+0000] {processor.py:840} INFO - DAG(s) 'tutorial_dag' retrieved from /home/airflow/.local/lib/python3.10/site-packages/airflow/example_dags/tutorial_dag.py
[2025-03-06T13:10:43.319+0000] {logging_mixin.py:188} INFO - [2025-03-06T13:10:43.318+0000] {dag.py:3036} INFO - Sync 1 DAGs
[2025-03-06T13:10:43.357+0000] {logging_mixin.py:188} INFO - [2025-03-06T13:10:43.356+0000] {dag.py:3823} INFO - Setting next_dagrun for tutorial_dag to None, run_after=None
[2025-03-06T13:10:43.499+0000] {processor.py:183} INFO - Processing /home/airflow/.local/lib/python3.10/site-packages/airflow/example_dags/tutorial_dag.py took 0.275 seconds
[2025-03-06T13:11:23.073+0000] {processor.py:161} INFO - Started process (PID=33) to work on /home/airflow/.local/lib/python3.10/site-packages/airflow/example_dags/tutorial_dag.py
[2025-03-06T13:11:23.075+0000] {processor.py:830} INFO - Processing file /home/airflow/.local/lib/python3.10/site-packages/airflow/example_dags/tutorial_dag.py for tasks to queue
[2025-03-06T13:11:23.078+0000] {logging_mixin.py:188} INFO - [2025-03-06T13:11:23.078+0000] {dagbag.py:538} INFO - Filling up the DagBag from /home/airflow/.local/lib/python3.10/site-packages/airflow/example_dags/tutorial_dag.py
[2025-03-06T13:11:23.109+0000] {processor.py:840} INFO - DAG(s) 'tutorial_dag' retrieved from /home/airflow/.local/lib/python3.10/site-packages/airflow/example_dags/tutorial_dag.py
[2025-03-06T13:11:23.221+0000] {logging_mixin.py:188} INFO - [2025-03-06T13:11:23.220+0000] {dag.py:3036} INFO - Sync 1 DAGs
[2025-03-06T13:11:23.275+0000] {logging_mixin.py:188} INFO - [2025-03-06T13:11:23.275+0000] {dag.py:3823} INFO - Setting next_dagrun for tutorial_dag to None, run_after=None
[2025-03-06T13:11:23.423+0000] {processor.py:183} INFO - Processing /home/airflow/.local/lib/python3.10/site-packages/airflow/example_dags/tutorial_dag.py took 0.357 seconds
[2025-03-06T13:12:48.172+0000] {processor.py:161} INFO - Started process (PID=82) to work on /home/airflow/.local/lib/python3.10/site-packages/airflow/example_dags/tutorial_dag.py
[2025-03-06T13:12:48.174+0000] {processor.py:830} INFO - Processing file /home/airflow/.local/lib/python3.10/site-packages/airflow/example_dags/tutorial_dag.py for tasks to queue
[2025-03-06T13:12:48.177+0000] {logging_mixin.py:188} INFO - [2025-03-06T13:12:48.176+0000] {dagbag.py:538} INFO - Filling up the DagBag from /home/airflow/.local/lib/python3.10/site-packages/airflow/example_dags/tutorial_dag.py
[2025-03-06T13:12:48.192+0000] {processor.py:840} INFO - DAG(s) 'tutorial_dag' retrieved from /home/airflow/.local/lib/python3.10/site-packages/airflow/example_dags/tutorial_dag.py
[2025-03-06T13:12:48.256+0000] {logging_mixin.py:188} INFO - [2025-03-06T13:12:48.256+0000] {dag.py:3036} INFO - Sync 1 DAGs
[2025-03-06T13:12:48.301+0000] {logging_mixin.py:188} INFO - [2025-03-06T13:12:48.300+0000] {dag.py:3823} INFO - Setting next_dagrun for tutorial_dag to None, run_after=None
[2025-03-06T13:12:48.466+0000] {processor.py:183} INFO - Processing /home/airflow/.local/lib/python3.10/site-packages/airflow/example_dags/tutorial_dag.py took 0.299 seconds
[2025-03-06T13:13:42.140+0000] {processor.py:161} INFO - Started process (PID=116) to work on /home/airflow/.local/lib/python3.10/site-packages/airflow/example_dags/tutorial_dag.py
[2025-03-06T13:13:42.143+0000] {processor.py:830} INFO - Processing file /home/airflow/.local/lib/python3.10/site-packages/airflow/example_dags/tutorial_dag.py for tasks to queue
[2025-03-06T13:13:42.145+0000] {logging_mixin.py:188} INFO - [2025-03-06T13:13:42.144+0000] {dagbag.py:538} INFO - Filling up the DagBag from /home/airflow/.local/lib/python3.10/site-packages/airflow/example_dags/tutorial_dag.py
[2025-03-06T13:13:42.159+0000] {processor.py:840} INFO - DAG(s) 'tutorial_dag' retrieved from /home/airflow/.local/lib/python3.10/site-packages/airflow/example_dags/tutorial_dag.py
[2025-03-06T13:13:42.221+0000] {logging_mixin.py:188} INFO - [2025-03-06T13:13:42.221+0000] {dag.py:3036} INFO - Sync 1 DAGs
[2025-03-06T13:13:42.283+0000] {logging_mixin.py:188} INFO - [2025-03-06T13:13:42.282+0000] {dag.py:3823} INFO - Setting next_dagrun for tutorial_dag to None, run_after=None
[2025-03-06T13:13:42.662+0000] {processor.py:183} INFO - Processing /home/airflow/.local/lib/python3.10/site-packages/airflow/example_dags/tutorial_dag.py took 0.529 seconds
[2025-03-06T13:14:29.407+0000] {processor.py:161} INFO - Started process (PID=146) to work on /home/airflow/.local/lib/python3.10/site-packages/airflow/example_dags/tutorial_dag.py
[2025-03-06T13:14:29.409+0000] {processor.py:830} INFO - Processing file /home/airflow/.local/lib/python3.10/site-packages/airflow/example_dags/tutorial_dag.py for tasks to queue
[2025-03-06T13:14:29.411+0000] {logging_mixin.py:188} INFO - [2025-03-06T13:14:29.410+0000] {dagbag.py:538} INFO - Filling up the DagBag from /home/airflow/.local/lib/python3.10/site-packages/airflow/example_dags/tutorial_dag.py
[2025-03-06T13:14:29.425+0000] {processor.py:840} INFO - DAG(s) 'tutorial_dag' retrieved from /home/airflow/.local/lib/python3.10/site-packages/airflow/example_dags/tutorial_dag.py
[2025-03-06T13:14:29.518+0000] {logging_mixin.py:188} INFO - [2025-03-06T13:14:29.518+0000] {dag.py:3036} INFO - Sync 1 DAGs
[2025-03-06T13:14:29.558+0000] {logging_mixin.py:188} INFO - [2025-03-06T13:14:29.558+0000] {dag.py:3823} INFO - Setting next_dagrun for tutorial_dag to None, run_after=None
[2025-03-06T13:14:29.720+0000] {processor.py:183} INFO - Processing /home/airflow/.local/lib/python3.10/site-packages/airflow/example_dags/tutorial_dag.py took 0.318 seconds
[2025-03-06T13:15:19.296+0000] {processor.py:161} INFO - Started process (PID=176) to work on /home/airflow/.local/lib/python3.10/site-packages/airflow/example_dags/tutorial_dag.py
[2025-03-06T13:15:19.298+0000] {processor.py:830} INFO - Processing file /home/airflow/.local/lib/python3.10/site-packages/airflow/example_dags/tutorial_dag.py for tasks to queue
[2025-03-06T13:15:19.300+0000] {logging_mixin.py:188} INFO - [2025-03-06T13:15:19.300+0000] {dagbag.py:538} INFO - Filling up the DagBag from /home/airflow/.local/lib/python3.10/site-packages/airflow/example_dags/tutorial_dag.py
[2025-03-06T13:15:19.312+0000] {processor.py:840} INFO - DAG(s) 'tutorial_dag' retrieved from /home/airflow/.local/lib/python3.10/site-packages/airflow/example_dags/tutorial_dag.py
[2025-03-06T13:15:19.390+0000] {logging_mixin.py:188} INFO - [2025-03-06T13:15:19.389+0000] {dag.py:3036} INFO - Sync 1 DAGs
[2025-03-06T13:15:19.444+0000] {logging_mixin.py:188} INFO - [2025-03-06T13:15:19.444+0000] {dag.py:3823} INFO - Setting next_dagrun for tutorial_dag to None, run_after=None
[2025-03-06T13:15:19.585+0000] {processor.py:183} INFO - Processing /home/airflow/.local/lib/python3.10/site-packages/airflow/example_dags/tutorial_dag.py took 0.295 seconds
[2025-03-06T13:16:09.412+0000] {processor.py:161} INFO - Started process (PID=208) to work on /home/airflow/.local/lib/python3.10/site-packages/airflow/example_dags/tutorial_dag.py
[2025-03-06T13:16:09.414+0000] {processor.py:830} INFO - Processing file /home/airflow/.local/lib/python3.10/site-packages/airflow/example_dags/tutorial_dag.py for tasks to queue
[2025-03-06T13:16:09.423+0000] {logging_mixin.py:188} INFO - [2025-03-06T13:16:09.422+0000] {dagbag.py:538} INFO - Filling up the DagBag from /home/airflow/.local/lib/python3.10/site-packages/airflow/example_dags/tutorial_dag.py
[2025-03-06T13:16:09.443+0000] {processor.py:840} INFO - DAG(s) 'tutorial_dag' retrieved from /home/airflow/.local/lib/python3.10/site-packages/airflow/example_dags/tutorial_dag.py
[2025-03-06T13:16:09.513+0000] {logging_mixin.py:188} INFO - [2025-03-06T13:16:09.512+0000] {dag.py:3036} INFO - Sync 1 DAGs
[2025-03-06T13:16:09.555+0000] {logging_mixin.py:188} INFO - [2025-03-06T13:16:09.554+0000] {dag.py:3823} INFO - Setting next_dagrun for tutorial_dag to None, run_after=None
[2025-03-06T13:16:09.719+0000] {processor.py:183} INFO - Processing /home/airflow/.local/lib/python3.10/site-packages/airflow/example_dags/tutorial_dag.py took 0.314 seconds
[2025-03-06T13:17:00.577+0000] {processor.py:161} INFO - Started process (PID=237) to work on /home/airflow/.local/lib/python3.10/site-packages/airflow/example_dags/tutorial_dag.py
[2025-03-06T13:17:00.584+0000] {processor.py:830} INFO - Processing file /home/airflow/.local/lib/python3.10/site-packages/airflow/example_dags/tutorial_dag.py for tasks to queue
[2025-03-06T13:17:00.589+0000] {logging_mixin.py:188} INFO - [2025-03-06T13:17:00.588+0000] {dagbag.py:538} INFO - Filling up the DagBag from /home/airflow/.local/lib/python3.10/site-packages/airflow/example_dags/tutorial_dag.py
[2025-03-06T13:17:00.612+0000] {processor.py:840} INFO - DAG(s) 'tutorial_dag' retrieved from /home/airflow/.local/lib/python3.10/site-packages/airflow/example_dags/tutorial_dag.py
[2025-03-06T13:17:00.706+0000] {logging_mixin.py:188} INFO - [2025-03-06T13:17:00.706+0000] {dag.py:3036} INFO - Sync 1 DAGs
[2025-03-06T13:17:00.756+0000] {logging_mixin.py:188} INFO - [2025-03-06T13:17:00.756+0000] {dag.py:3823} INFO - Setting next_dagrun for tutorial_dag to None, run_after=None
[2025-03-06T13:17:00.915+0000] {processor.py:183} INFO - Processing /home/airflow/.local/lib/python3.10/site-packages/airflow/example_dags/tutorial_dag.py took 0.348 seconds
[2025-03-06T13:18:04.396+0000] {processor.py:161} INFO - Started process (PID=270) to work on /home/airflow/.local/lib/python3.10/site-packages/airflow/example_dags/tutorial_dag.py
[2025-03-06T13:18:04.399+0000] {processor.py:830} INFO - Processing file /home/airflow/.local/lib/python3.10/site-packages/airflow/example_dags/tutorial_dag.py for tasks to queue
[2025-03-06T13:18:04.410+0000] {logging_mixin.py:188} INFO - [2025-03-06T13:18:04.409+0000] {dagbag.py:538} INFO - Filling up the DagBag from /home/airflow/.local/lib/python3.10/site-packages/airflow/example_dags/tutorial_dag.py
[2025-03-06T13:18:04.435+0000] {processor.py:840} INFO - DAG(s) 'tutorial_dag' retrieved from /home/airflow/.local/lib/python3.10/site-packages/airflow/example_dags/tutorial_dag.py
[2025-03-06T13:18:04.527+0000] {logging_mixin.py:188} INFO - [2025-03-06T13:18:04.526+0000] {dag.py:3036} INFO - Sync 1 DAGs
[2025-03-06T13:18:04.596+0000] {logging_mixin.py:188} INFO - [2025-03-06T13:18:04.588+0000] {dag.py:3823} INFO - Setting next_dagrun for tutorial_dag to None, run_after=None
[2025-03-06T13:18:04.754+0000] {processor.py:183} INFO - Processing /home/airflow/.local/lib/python3.10/site-packages/airflow/example_dags/tutorial_dag.py took 0.365 seconds
