[2025-02-19T05:55:39.384+0000] {processor.py:161} INFO - Started process (PID=42) to work on /home/airflow/.local/lib/python3.10/site-packages/airflow/example_dags/example_sla_dag.py
[2025-02-19T05:55:39.397+0000] {processor.py:830} INFO - Processing file /home/airflow/.local/lib/python3.10/site-packages/airflow/example_dags/example_sla_dag.py for tasks to queue
[2025-02-19T05:55:39.400+0000] {logging_mixin.py:188} INFO - [2025-02-19T05:55:39.399+0000] {dagbag.py:538} INFO - Filling up the DagBag from /home/airflow/.local/lib/python3.10/site-packages/airflow/example_dags/example_sla_dag.py
[2025-02-19T05:55:39.464+0000] {processor.py:840} INFO - DAG(s) 'example_sla_dag' retrieved from /home/airflow/.local/lib/python3.10/site-packages/airflow/example_dags/example_sla_dag.py
[2025-02-19T05:55:39.630+0000] {logging_mixin.py:188} INFO - [2025-02-19T05:55:39.629+0000] {dag.py:3036} INFO - Sync 1 DAGs
[2025-02-19T05:55:39.860+0000] {logging_mixin.py:188} INFO - [2025-02-19T05:55:39.859+0000] {dag.py:3823} INFO - Setting next_dagrun for example_sla_dag to 2025-02-19 05:52:00+00:00, run_after=2025-02-19 05:54:00+00:00
[2025-02-19T05:55:40.165+0000] {processor.py:183} INFO - Processing /home/airflow/.local/lib/python3.10/site-packages/airflow/example_dags/example_sla_dag.py took 0.795 seconds
[2025-02-19T05:58:09.956+0000] {processor.py:161} INFO - Started process (PID=91) to work on /home/airflow/.local/lib/python3.10/site-packages/airflow/example_dags/example_sla_dag.py
[2025-02-19T05:58:09.968+0000] {processor.py:830} INFO - Processing file /home/airflow/.local/lib/python3.10/site-packages/airflow/example_dags/example_sla_dag.py for tasks to queue
[2025-02-19T05:58:09.971+0000] {logging_mixin.py:188} INFO - [2025-02-19T05:58:09.970+0000] {dagbag.py:538} INFO - Filling up the DagBag from /home/airflow/.local/lib/python3.10/site-packages/airflow/example_dags/example_sla_dag.py
[2025-02-19T05:58:10.014+0000] {processor.py:840} INFO - DAG(s) 'example_sla_dag' retrieved from /home/airflow/.local/lib/python3.10/site-packages/airflow/example_dags/example_sla_dag.py
[2025-02-19T05:58:10.124+0000] {logging_mixin.py:188} INFO - [2025-02-19T05:58:10.123+0000] {dag.py:3036} INFO - Sync 1 DAGs
[2025-02-19T05:58:10.264+0000] {logging_mixin.py:188} INFO - [2025-02-19T05:58:10.261+0000] {dag.py:3823} INFO - Setting next_dagrun for example_sla_dag to 2025-02-19 05:56:00+00:00, run_after=2025-02-19 05:58:00+00:00
[2025-02-19T05:58:10.469+0000] {processor.py:183} INFO - Processing /home/airflow/.local/lib/python3.10/site-packages/airflow/example_dags/example_sla_dag.py took 0.522 seconds
[2025-02-19T05:59:39.637+0000] {processor.py:161} INFO - Started process (PID=137) to work on /home/airflow/.local/lib/python3.10/site-packages/airflow/example_dags/example_sla_dag.py
[2025-02-19T05:59:39.646+0000] {processor.py:830} INFO - Processing file /home/airflow/.local/lib/python3.10/site-packages/airflow/example_dags/example_sla_dag.py for tasks to queue
[2025-02-19T05:59:39.650+0000] {logging_mixin.py:188} INFO - [2025-02-19T05:59:39.649+0000] {dagbag.py:538} INFO - Filling up the DagBag from /home/airflow/.local/lib/python3.10/site-packages/airflow/example_dags/example_sla_dag.py
[2025-02-19T05:59:39.711+0000] {processor.py:840} INFO - DAG(s) 'example_sla_dag' retrieved from /home/airflow/.local/lib/python3.10/site-packages/airflow/example_dags/example_sla_dag.py
[2025-02-19T05:59:39.820+0000] {logging_mixin.py:188} INFO - [2025-02-19T05:59:39.819+0000] {dag.py:3036} INFO - Sync 1 DAGs
[2025-02-19T05:59:39.976+0000] {logging_mixin.py:188} INFO - [2025-02-19T05:59:39.975+0000] {dag.py:3823} INFO - Setting next_dagrun for example_sla_dag to 2025-02-19 05:56:00+00:00, run_after=2025-02-19 05:58:00+00:00
[2025-02-19T05:59:40.341+0000] {processor.py:183} INFO - Processing /home/airflow/.local/lib/python3.10/site-packages/airflow/example_dags/example_sla_dag.py took 0.710 seconds
[2025-02-19T06:00:39.704+0000] {processor.py:161} INFO - Started process (PID=169) to work on /home/airflow/.local/lib/python3.10/site-packages/airflow/example_dags/example_sla_dag.py
[2025-02-19T06:00:39.715+0000] {processor.py:830} INFO - Processing file /home/airflow/.local/lib/python3.10/site-packages/airflow/example_dags/example_sla_dag.py for tasks to queue
[2025-02-19T06:00:39.721+0000] {logging_mixin.py:188} INFO - [2025-02-19T06:00:39.720+0000] {dagbag.py:538} INFO - Filling up the DagBag from /home/airflow/.local/lib/python3.10/site-packages/airflow/example_dags/example_sla_dag.py
[2025-02-19T06:00:39.770+0000] {processor.py:840} INFO - DAG(s) 'example_sla_dag' retrieved from /home/airflow/.local/lib/python3.10/site-packages/airflow/example_dags/example_sla_dag.py
[2025-02-19T06:00:39.907+0000] {logging_mixin.py:188} INFO - [2025-02-19T06:00:39.906+0000] {dag.py:3036} INFO - Sync 1 DAGs
[2025-02-19T06:00:40.049+0000] {logging_mixin.py:188} INFO - [2025-02-19T06:00:40.048+0000] {dag.py:3823} INFO - Setting next_dagrun for example_sla_dag to 2025-02-19 05:58:00+00:00, run_after=2025-02-19 06:00:00+00:00
[2025-02-19T06:00:40.396+0000] {processor.py:183} INFO - Processing /home/airflow/.local/lib/python3.10/site-packages/airflow/example_dags/example_sla_dag.py took 0.699 seconds
[2025-02-19T06:01:38.957+0000] {processor.py:161} INFO - Started process (PID=203) to work on /home/airflow/.local/lib/python3.10/site-packages/airflow/example_dags/example_sla_dag.py
[2025-02-19T06:01:38.959+0000] {processor.py:830} INFO - Processing file /home/airflow/.local/lib/python3.10/site-packages/airflow/example_dags/example_sla_dag.py for tasks to queue
[2025-02-19T06:01:38.964+0000] {logging_mixin.py:188} INFO - [2025-02-19T06:01:38.963+0000] {dagbag.py:538} INFO - Filling up the DagBag from /home/airflow/.local/lib/python3.10/site-packages/airflow/example_dags/example_sla_dag.py
[2025-02-19T06:01:38.987+0000] {processor.py:840} INFO - DAG(s) 'example_sla_dag' retrieved from /home/airflow/.local/lib/python3.10/site-packages/airflow/example_dags/example_sla_dag.py
[2025-02-19T06:01:39.054+0000] {logging_mixin.py:188} INFO - [2025-02-19T06:01:39.053+0000] {dag.py:3036} INFO - Sync 1 DAGs
[2025-02-19T06:01:39.123+0000] {logging_mixin.py:188} INFO - [2025-02-19T06:01:39.123+0000] {dag.py:3823} INFO - Setting next_dagrun for example_sla_dag to 2025-02-19 05:58:00+00:00, run_after=2025-02-19 06:00:00+00:00
[2025-02-19T06:01:39.240+0000] {processor.py:183} INFO - Processing /home/airflow/.local/lib/python3.10/site-packages/airflow/example_dags/example_sla_dag.py took 0.289 seconds
[2025-02-19T06:02:37.436+0000] {processor.py:161} INFO - Started process (PID=235) to work on /home/airflow/.local/lib/python3.10/site-packages/airflow/example_dags/example_sla_dag.py
[2025-02-19T06:02:37.441+0000] {processor.py:830} INFO - Processing file /home/airflow/.local/lib/python3.10/site-packages/airflow/example_dags/example_sla_dag.py for tasks to queue
[2025-02-19T06:02:37.445+0000] {logging_mixin.py:188} INFO - [2025-02-19T06:02:37.444+0000] {dagbag.py:538} INFO - Filling up the DagBag from /home/airflow/.local/lib/python3.10/site-packages/airflow/example_dags/example_sla_dag.py
[2025-02-19T06:02:37.478+0000] {processor.py:840} INFO - DAG(s) 'example_sla_dag' retrieved from /home/airflow/.local/lib/python3.10/site-packages/airflow/example_dags/example_sla_dag.py
[2025-02-19T06:02:37.541+0000] {logging_mixin.py:188} INFO - [2025-02-19T06:02:37.540+0000] {dag.py:3036} INFO - Sync 1 DAGs
[2025-02-19T06:02:37.617+0000] {logging_mixin.py:188} INFO - [2025-02-19T06:02:37.617+0000] {dag.py:3823} INFO - Setting next_dagrun for example_sla_dag to 2025-02-19 06:00:00+00:00, run_after=2025-02-19 06:02:00+00:00
[2025-02-19T06:02:37.791+0000] {processor.py:183} INFO - Processing /home/airflow/.local/lib/python3.10/site-packages/airflow/example_dags/example_sla_dag.py took 0.366 seconds
[2025-02-19T06:03:30.550+0000] {processor.py:161} INFO - Started process (PID=269) to work on /home/airflow/.local/lib/python3.10/site-packages/airflow/example_dags/example_sla_dag.py
[2025-02-19T06:03:30.553+0000] {processor.py:830} INFO - Processing file /home/airflow/.local/lib/python3.10/site-packages/airflow/example_dags/example_sla_dag.py for tasks to queue
[2025-02-19T06:03:30.556+0000] {logging_mixin.py:188} INFO - [2025-02-19T06:03:30.555+0000] {dagbag.py:538} INFO - Filling up the DagBag from /home/airflow/.local/lib/python3.10/site-packages/airflow/example_dags/example_sla_dag.py
[2025-02-19T06:03:30.584+0000] {processor.py:840} INFO - DAG(s) 'example_sla_dag' retrieved from /home/airflow/.local/lib/python3.10/site-packages/airflow/example_dags/example_sla_dag.py
[2025-02-19T06:03:30.650+0000] {logging_mixin.py:188} INFO - [2025-02-19T06:03:30.649+0000] {dag.py:3036} INFO - Sync 1 DAGs
[2025-02-19T06:03:30.740+0000] {logging_mixin.py:188} INFO - [2025-02-19T06:03:30.740+0000] {dag.py:3823} INFO - Setting next_dagrun for example_sla_dag to 2025-02-19 06:00:00+00:00, run_after=2025-02-19 06:02:00+00:00
[2025-02-19T06:03:30.936+0000] {processor.py:183} INFO - Processing /home/airflow/.local/lib/python3.10/site-packages/airflow/example_dags/example_sla_dag.py took 0.394 seconds
[2025-02-19T06:05:10.811+0000] {processor.py:161} INFO - Started process (PID=330) to work on /home/airflow/.local/lib/python3.10/site-packages/airflow/example_dags/example_sla_dag.py
[2025-02-19T06:05:10.814+0000] {processor.py:830} INFO - Processing file /home/airflow/.local/lib/python3.10/site-packages/airflow/example_dags/example_sla_dag.py for tasks to queue
[2025-02-19T06:05:10.817+0000] {logging_mixin.py:188} INFO - [2025-02-19T06:05:10.816+0000] {dagbag.py:538} INFO - Filling up the DagBag from /home/airflow/.local/lib/python3.10/site-packages/airflow/example_dags/example_sla_dag.py
[2025-02-19T06:05:10.835+0000] {processor.py:840} INFO - DAG(s) 'example_sla_dag' retrieved from /home/airflow/.local/lib/python3.10/site-packages/airflow/example_dags/example_sla_dag.py
[2025-02-19T06:05:10.883+0000] {logging_mixin.py:188} INFO - [2025-02-19T06:05:10.882+0000] {dag.py:3036} INFO - Sync 1 DAGs
[2025-02-19T06:05:10.949+0000] {logging_mixin.py:188} INFO - [2025-02-19T06:05:10.948+0000] {dag.py:3823} INFO - Setting next_dagrun for example_sla_dag to 2025-02-19 06:02:00+00:00, run_after=2025-02-19 06:04:00+00:00
[2025-02-19T06:05:11.089+0000] {processor.py:183} INFO - Processing /home/airflow/.local/lib/python3.10/site-packages/airflow/example_dags/example_sla_dag.py took 0.290 seconds
[2025-02-19T06:06:04.856+0000] {processor.py:161} INFO - Started process (PID=362) to work on /home/airflow/.local/lib/python3.10/site-packages/airflow/example_dags/example_sla_dag.py
[2025-02-19T06:06:04.866+0000] {processor.py:830} INFO - Processing file /home/airflow/.local/lib/python3.10/site-packages/airflow/example_dags/example_sla_dag.py for tasks to queue
[2025-02-19T06:06:04.869+0000] {logging_mixin.py:188} INFO - [2025-02-19T06:06:04.868+0000] {dagbag.py:538} INFO - Filling up the DagBag from /home/airflow/.local/lib/python3.10/site-packages/airflow/example_dags/example_sla_dag.py
[2025-02-19T06:06:04.901+0000] {processor.py:840} INFO - DAG(s) 'example_sla_dag' retrieved from /home/airflow/.local/lib/python3.10/site-packages/airflow/example_dags/example_sla_dag.py
[2025-02-19T06:06:04.983+0000] {logging_mixin.py:188} INFO - [2025-02-19T06:06:04.983+0000] {dag.py:3036} INFO - Sync 1 DAGs
[2025-02-19T06:06:05.108+0000] {logging_mixin.py:188} INFO - [2025-02-19T06:06:05.107+0000] {dag.py:3823} INFO - Setting next_dagrun for example_sla_dag to 2025-02-19 06:04:00+00:00, run_after=2025-02-19 06:06:00+00:00
[2025-02-19T06:06:05.339+0000] {processor.py:183} INFO - Processing /home/airflow/.local/lib/python3.10/site-packages/airflow/example_dags/example_sla_dag.py took 0.490 seconds
[2025-02-19T06:07:22.070+0000] {processor.py:161} INFO - Started process (PID=394) to work on /home/airflow/.local/lib/python3.10/site-packages/airflow/example_dags/example_sla_dag.py
[2025-02-19T06:07:22.093+0000] {processor.py:830} INFO - Processing file /home/airflow/.local/lib/python3.10/site-packages/airflow/example_dags/example_sla_dag.py for tasks to queue
[2025-02-19T06:07:22.109+0000] {logging_mixin.py:188} INFO - [2025-02-19T06:07:22.108+0000] {dagbag.py:538} INFO - Filling up the DagBag from /home/airflow/.local/lib/python3.10/site-packages/airflow/example_dags/example_sla_dag.py
[2025-02-19T06:07:22.171+0000] {processor.py:840} INFO - DAG(s) 'example_sla_dag' retrieved from /home/airflow/.local/lib/python3.10/site-packages/airflow/example_dags/example_sla_dag.py
[2025-02-19T06:07:22.320+0000] {logging_mixin.py:188} INFO - [2025-02-19T06:07:22.313+0000] {dag.py:3036} INFO - Sync 1 DAGs
[2025-02-19T06:07:22.545+0000] {logging_mixin.py:188} INFO - [2025-02-19T06:07:22.545+0000] {dag.py:3823} INFO - Setting next_dagrun for example_sla_dag to 2025-02-19 06:04:00+00:00, run_after=2025-02-19 06:06:00+00:00
[2025-02-19T06:07:22.764+0000] {processor.py:183} INFO - Processing /home/airflow/.local/lib/python3.10/site-packages/airflow/example_dags/example_sla_dag.py took 0.728 seconds
[2025-02-19T06:08:22.309+0000] {processor.py:161} INFO - Started process (PID=428) to work on /home/airflow/.local/lib/python3.10/site-packages/airflow/example_dags/example_sla_dag.py
[2025-02-19T06:08:22.313+0000] {processor.py:830} INFO - Processing file /home/airflow/.local/lib/python3.10/site-packages/airflow/example_dags/example_sla_dag.py for tasks to queue
[2025-02-19T06:08:22.316+0000] {logging_mixin.py:188} INFO - [2025-02-19T06:08:22.315+0000] {dagbag.py:538} INFO - Filling up the DagBag from /home/airflow/.local/lib/python3.10/site-packages/airflow/example_dags/example_sla_dag.py
[2025-02-19T06:08:22.352+0000] {processor.py:840} INFO - DAG(s) 'example_sla_dag' retrieved from /home/airflow/.local/lib/python3.10/site-packages/airflow/example_dags/example_sla_dag.py
[2025-02-19T06:08:22.438+0000] {logging_mixin.py:188} INFO - [2025-02-19T06:08:22.437+0000] {dag.py:3036} INFO - Sync 1 DAGs
[2025-02-19T06:08:22.576+0000] {logging_mixin.py:188} INFO - [2025-02-19T06:08:22.576+0000] {dag.py:3823} INFO - Setting next_dagrun for example_sla_dag to 2025-02-19 06:06:00+00:00, run_after=2025-02-19 06:08:00+00:00
[2025-02-19T06:08:22.775+0000] {processor.py:183} INFO - Processing /home/airflow/.local/lib/python3.10/site-packages/airflow/example_dags/example_sla_dag.py took 0.478 seconds
[2025-02-19T06:10:05.741+0000] {processor.py:161} INFO - Started process (PID=491) to work on /home/airflow/.local/lib/python3.10/site-packages/airflow/example_dags/example_sla_dag.py
[2025-02-19T06:10:05.753+0000] {processor.py:830} INFO - Processing file /home/airflow/.local/lib/python3.10/site-packages/airflow/example_dags/example_sla_dag.py for tasks to queue
[2025-02-19T06:10:05.756+0000] {logging_mixin.py:188} INFO - [2025-02-19T06:10:05.755+0000] {dagbag.py:538} INFO - Filling up the DagBag from /home/airflow/.local/lib/python3.10/site-packages/airflow/example_dags/example_sla_dag.py
[2025-02-19T06:10:05.783+0000] {processor.py:840} INFO - DAG(s) 'example_sla_dag' retrieved from /home/airflow/.local/lib/python3.10/site-packages/airflow/example_dags/example_sla_dag.py
[2025-02-19T06:10:05.860+0000] {logging_mixin.py:188} INFO - [2025-02-19T06:10:05.859+0000] {dag.py:3036} INFO - Sync 1 DAGs
[2025-02-19T06:10:05.955+0000] {logging_mixin.py:188} INFO - [2025-02-19T06:10:05.954+0000] {dag.py:3823} INFO - Setting next_dagrun for example_sla_dag to 2025-02-19 06:08:00+00:00, run_after=2025-02-19 06:10:00+00:00
[2025-02-19T06:10:06.109+0000] {processor.py:183} INFO - Processing /home/airflow/.local/lib/python3.10/site-packages/airflow/example_dags/example_sla_dag.py took 0.376 seconds
[2025-02-19T06:11:51.953+0000] {processor.py:161} INFO - Started process (PID=553) to work on /home/airflow/.local/lib/python3.10/site-packages/airflow/example_dags/example_sla_dag.py
[2025-02-19T06:11:51.958+0000] {processor.py:830} INFO - Processing file /home/airflow/.local/lib/python3.10/site-packages/airflow/example_dags/example_sla_dag.py for tasks to queue
[2025-02-19T06:11:51.968+0000] {logging_mixin.py:188} INFO - [2025-02-19T06:11:51.967+0000] {dagbag.py:538} INFO - Filling up the DagBag from /home/airflow/.local/lib/python3.10/site-packages/airflow/example_dags/example_sla_dag.py
[2025-02-19T06:11:52.012+0000] {processor.py:840} INFO - DAG(s) 'example_sla_dag' retrieved from /home/airflow/.local/lib/python3.10/site-packages/airflow/example_dags/example_sla_dag.py
[2025-02-19T06:11:52.147+0000] {logging_mixin.py:188} INFO - [2025-02-19T06:11:52.146+0000] {dag.py:3036} INFO - Sync 1 DAGs
[2025-02-19T06:11:52.395+0000] {logging_mixin.py:188} INFO - [2025-02-19T06:11:52.385+0000] {dag.py:3823} INFO - Setting next_dagrun for example_sla_dag to 2025-02-19 06:08:00+00:00, run_after=2025-02-19 06:10:00+00:00
[2025-02-19T06:11:52.609+0000] {processor.py:183} INFO - Processing /home/airflow/.local/lib/python3.10/site-packages/airflow/example_dags/example_sla_dag.py took 0.672 seconds
[2025-02-19T06:12:51.187+0000] {processor.py:161} INFO - Started process (PID=585) to work on /home/airflow/.local/lib/python3.10/site-packages/airflow/example_dags/example_sla_dag.py
[2025-02-19T06:12:51.192+0000] {processor.py:830} INFO - Processing file /home/airflow/.local/lib/python3.10/site-packages/airflow/example_dags/example_sla_dag.py for tasks to queue
[2025-02-19T06:12:51.195+0000] {logging_mixin.py:188} INFO - [2025-02-19T06:12:51.194+0000] {dagbag.py:538} INFO - Filling up the DagBag from /home/airflow/.local/lib/python3.10/site-packages/airflow/example_dags/example_sla_dag.py
[2025-02-19T06:12:51.228+0000] {processor.py:840} INFO - DAG(s) 'example_sla_dag' retrieved from /home/airflow/.local/lib/python3.10/site-packages/airflow/example_dags/example_sla_dag.py
[2025-02-19T06:12:51.289+0000] {logging_mixin.py:188} INFO - [2025-02-19T06:12:51.288+0000] {dag.py:3036} INFO - Sync 1 DAGs
[2025-02-19T06:12:51.397+0000] {logging_mixin.py:188} INFO - [2025-02-19T06:12:51.397+0000] {dag.py:3823} INFO - Setting next_dagrun for example_sla_dag to 2025-02-19 06:10:00+00:00, run_after=2025-02-19 06:12:00+00:00
[2025-02-19T06:12:51.606+0000] {processor.py:183} INFO - Processing /home/airflow/.local/lib/python3.10/site-packages/airflow/example_dags/example_sla_dag.py took 0.426 seconds
[2025-02-19T06:13:46.147+0000] {processor.py:161} INFO - Started process (PID=619) to work on /home/airflow/.local/lib/python3.10/site-packages/airflow/example_dags/example_sla_dag.py
[2025-02-19T06:13:46.151+0000] {processor.py:830} INFO - Processing file /home/airflow/.local/lib/python3.10/site-packages/airflow/example_dags/example_sla_dag.py for tasks to queue
[2025-02-19T06:13:46.154+0000] {logging_mixin.py:188} INFO - [2025-02-19T06:13:46.153+0000] {dagbag.py:538} INFO - Filling up the DagBag from /home/airflow/.local/lib/python3.10/site-packages/airflow/example_dags/example_sla_dag.py
[2025-02-19T06:13:46.187+0000] {processor.py:840} INFO - DAG(s) 'example_sla_dag' retrieved from /home/airflow/.local/lib/python3.10/site-packages/airflow/example_dags/example_sla_dag.py
[2025-02-19T06:13:46.245+0000] {logging_mixin.py:188} INFO - [2025-02-19T06:13:46.244+0000] {dag.py:3036} INFO - Sync 1 DAGs
[2025-02-19T06:13:46.306+0000] {logging_mixin.py:188} INFO - [2025-02-19T06:13:46.306+0000] {dag.py:3823} INFO - Setting next_dagrun for example_sla_dag to 2025-02-19 06:10:00+00:00, run_after=2025-02-19 06:12:00+00:00
[2025-02-19T06:13:46.434+0000] {processor.py:183} INFO - Processing /home/airflow/.local/lib/python3.10/site-packages/airflow/example_dags/example_sla_dag.py took 0.301 seconds
[2025-02-19T06:15:19.085+0000] {processor.py:161} INFO - Started process (PID=679) to work on /home/airflow/.local/lib/python3.10/site-packages/airflow/example_dags/example_sla_dag.py
[2025-02-19T06:15:19.089+0000] {processor.py:830} INFO - Processing file /home/airflow/.local/lib/python3.10/site-packages/airflow/example_dags/example_sla_dag.py for tasks to queue
[2025-02-19T06:15:19.092+0000] {logging_mixin.py:188} INFO - [2025-02-19T06:15:19.091+0000] {dagbag.py:538} INFO - Filling up the DagBag from /home/airflow/.local/lib/python3.10/site-packages/airflow/example_dags/example_sla_dag.py
[2025-02-19T06:15:19.126+0000] {processor.py:840} INFO - DAG(s) 'example_sla_dag' retrieved from /home/airflow/.local/lib/python3.10/site-packages/airflow/example_dags/example_sla_dag.py
[2025-02-19T06:15:19.203+0000] {logging_mixin.py:188} INFO - [2025-02-19T06:15:19.202+0000] {dag.py:3036} INFO - Sync 1 DAGs
[2025-02-19T06:15:19.309+0000] {logging_mixin.py:188} INFO - [2025-02-19T06:15:19.309+0000] {dag.py:3823} INFO - Setting next_dagrun for example_sla_dag to 2025-02-19 06:12:00+00:00, run_after=2025-02-19 06:14:00+00:00
[2025-02-19T06:15:19.513+0000] {processor.py:183} INFO - Processing /home/airflow/.local/lib/python3.10/site-packages/airflow/example_dags/example_sla_dag.py took 0.439 seconds
[2025-02-19T06:17:11.212+0000] {processor.py:161} INFO - Started process (PID=740) to work on /home/airflow/.local/lib/python3.10/site-packages/airflow/example_dags/example_sla_dag.py
[2025-02-19T06:17:11.220+0000] {processor.py:830} INFO - Processing file /home/airflow/.local/lib/python3.10/site-packages/airflow/example_dags/example_sla_dag.py for tasks to queue
[2025-02-19T06:17:11.227+0000] {logging_mixin.py:188} INFO - [2025-02-19T06:17:11.222+0000] {dagbag.py:538} INFO - Filling up the DagBag from /home/airflow/.local/lib/python3.10/site-packages/airflow/example_dags/example_sla_dag.py
[2025-02-19T06:17:11.308+0000] {processor.py:840} INFO - DAG(s) 'example_sla_dag' retrieved from /home/airflow/.local/lib/python3.10/site-packages/airflow/example_dags/example_sla_dag.py
[2025-02-19T06:17:11.552+0000] {logging_mixin.py:188} INFO - [2025-02-19T06:17:11.552+0000] {dag.py:3036} INFO - Sync 1 DAGs
[2025-02-19T06:17:11.791+0000] {logging_mixin.py:188} INFO - [2025-02-19T06:17:11.790+0000] {dag.py:3823} INFO - Setting next_dagrun for example_sla_dag to 2025-02-19 06:14:00+00:00, run_after=2025-02-19 06:16:00+00:00
[2025-02-19T06:17:12.374+0000] {processor.py:183} INFO - Processing /home/airflow/.local/lib/python3.10/site-packages/airflow/example_dags/example_sla_dag.py took 1.182 seconds
[2025-02-19T06:18:11.005+0000] {processor.py:161} INFO - Started process (PID=777) to work on /home/airflow/.local/lib/python3.10/site-packages/airflow/example_dags/example_sla_dag.py
[2025-02-19T06:18:11.008+0000] {processor.py:830} INFO - Processing file /home/airflow/.local/lib/python3.10/site-packages/airflow/example_dags/example_sla_dag.py for tasks to queue
[2025-02-19T06:18:11.017+0000] {logging_mixin.py:188} INFO - [2025-02-19T06:18:11.010+0000] {dagbag.py:538} INFO - Filling up the DagBag from /home/airflow/.local/lib/python3.10/site-packages/airflow/example_dags/example_sla_dag.py
[2025-02-19T06:18:11.049+0000] {processor.py:840} INFO - DAG(s) 'example_sla_dag' retrieved from /home/airflow/.local/lib/python3.10/site-packages/airflow/example_dags/example_sla_dag.py
[2025-02-19T06:18:11.126+0000] {logging_mixin.py:188} INFO - [2025-02-19T06:18:11.126+0000] {dag.py:3036} INFO - Sync 1 DAGs
[2025-02-19T06:18:11.280+0000] {logging_mixin.py:188} INFO - [2025-02-19T06:18:11.280+0000] {dag.py:3823} INFO - Setting next_dagrun for example_sla_dag to 2025-02-19 06:16:00+00:00, run_after=2025-02-19 06:18:00+00:00
[2025-02-19T06:18:11.494+0000] {processor.py:183} INFO - Processing /home/airflow/.local/lib/python3.10/site-packages/airflow/example_dags/example_sla_dag.py took 0.502 seconds
[2025-02-19T06:19:42.566+0000] {processor.py:161} INFO - Started process (PID=836) to work on /home/airflow/.local/lib/python3.10/site-packages/airflow/example_dags/example_sla_dag.py
[2025-02-19T06:19:42.569+0000] {processor.py:830} INFO - Processing file /home/airflow/.local/lib/python3.10/site-packages/airflow/example_dags/example_sla_dag.py for tasks to queue
[2025-02-19T06:19:42.572+0000] {logging_mixin.py:188} INFO - [2025-02-19T06:19:42.571+0000] {dagbag.py:538} INFO - Filling up the DagBag from /home/airflow/.local/lib/python3.10/site-packages/airflow/example_dags/example_sla_dag.py
[2025-02-19T06:19:42.593+0000] {processor.py:840} INFO - DAG(s) 'example_sla_dag' retrieved from /home/airflow/.local/lib/python3.10/site-packages/airflow/example_dags/example_sla_dag.py
[2025-02-19T06:19:42.653+0000] {logging_mixin.py:188} INFO - [2025-02-19T06:19:42.653+0000] {dag.py:3036} INFO - Sync 1 DAGs
[2025-02-19T06:19:42.735+0000] {logging_mixin.py:188} INFO - [2025-02-19T06:19:42.735+0000] {dag.py:3823} INFO - Setting next_dagrun for example_sla_dag to 2025-02-19 06:16:00+00:00, run_after=2025-02-19 06:18:00+00:00
[2025-02-19T06:19:42.870+0000] {processor.py:183} INFO - Processing /home/airflow/.local/lib/python3.10/site-packages/airflow/example_dags/example_sla_dag.py took 0.310 seconds
[2025-02-19T06:21:24.805+0000] {processor.py:161} INFO - Started process (PID=897) to work on /home/airflow/.local/lib/python3.10/site-packages/airflow/example_dags/example_sla_dag.py
[2025-02-19T06:21:24.808+0000] {processor.py:830} INFO - Processing file /home/airflow/.local/lib/python3.10/site-packages/airflow/example_dags/example_sla_dag.py for tasks to queue
[2025-02-19T06:21:24.820+0000] {logging_mixin.py:188} INFO - [2025-02-19T06:21:24.819+0000] {dagbag.py:538} INFO - Filling up the DagBag from /home/airflow/.local/lib/python3.10/site-packages/airflow/example_dags/example_sla_dag.py
[2025-02-19T06:21:24.899+0000] {processor.py:840} INFO - DAG(s) 'example_sla_dag' retrieved from /home/airflow/.local/lib/python3.10/site-packages/airflow/example_dags/example_sla_dag.py
[2025-02-19T06:21:25.030+0000] {logging_mixin.py:188} INFO - [2025-02-19T06:21:25.029+0000] {dag.py:3036} INFO - Sync 1 DAGs
[2025-02-19T06:21:25.222+0000] {logging_mixin.py:188} INFO - [2025-02-19T06:21:25.221+0000] {dag.py:3823} INFO - Setting next_dagrun for example_sla_dag to 2025-02-19 06:18:00+00:00, run_after=2025-02-19 06:20:00+00:00
[2025-02-19T06:21:25.430+0000] {processor.py:183} INFO - Processing /home/airflow/.local/lib/python3.10/site-packages/airflow/example_dags/example_sla_dag.py took 0.638 seconds
[2025-02-19T06:22:28.408+0000] {processor.py:161} INFO - Started process (PID=929) to work on /home/airflow/.local/lib/python3.10/site-packages/airflow/example_dags/example_sla_dag.py
[2025-02-19T06:22:28.411+0000] {processor.py:830} INFO - Processing file /home/airflow/.local/lib/python3.10/site-packages/airflow/example_dags/example_sla_dag.py for tasks to queue
[2025-02-19T06:22:28.414+0000] {logging_mixin.py:188} INFO - [2025-02-19T06:22:28.413+0000] {dagbag.py:538} INFO - Filling up the DagBag from /home/airflow/.local/lib/python3.10/site-packages/airflow/example_dags/example_sla_dag.py
[2025-02-19T06:22:28.471+0000] {processor.py:840} INFO - DAG(s) 'example_sla_dag' retrieved from /home/airflow/.local/lib/python3.10/site-packages/airflow/example_dags/example_sla_dag.py
[2025-02-19T06:22:28.575+0000] {logging_mixin.py:188} INFO - [2025-02-19T06:22:28.575+0000] {dag.py:3036} INFO - Sync 1 DAGs
[2025-02-19T06:22:28.726+0000] {logging_mixin.py:188} INFO - [2025-02-19T06:22:28.717+0000] {dag.py:3823} INFO - Setting next_dagrun for example_sla_dag to 2025-02-19 06:20:00+00:00, run_after=2025-02-19 06:22:00+00:00
[2025-02-19T06:22:28.993+0000] {processor.py:183} INFO - Processing /home/airflow/.local/lib/python3.10/site-packages/airflow/example_dags/example_sla_dag.py took 0.602 seconds
[2025-02-19T06:23:29.028+0000] {processor.py:161} INFO - Started process (PID=962) to work on /home/airflow/.local/lib/python3.10/site-packages/airflow/example_dags/example_sla_dag.py
[2025-02-19T06:23:29.031+0000] {processor.py:830} INFO - Processing file /home/airflow/.local/lib/python3.10/site-packages/airflow/example_dags/example_sla_dag.py for tasks to queue
[2025-02-19T06:23:29.043+0000] {logging_mixin.py:188} INFO - [2025-02-19T06:23:29.042+0000] {dagbag.py:538} INFO - Filling up the DagBag from /home/airflow/.local/lib/python3.10/site-packages/airflow/example_dags/example_sla_dag.py
[2025-02-19T06:23:29.092+0000] {processor.py:840} INFO - DAG(s) 'example_sla_dag' retrieved from /home/airflow/.local/lib/python3.10/site-packages/airflow/example_dags/example_sla_dag.py
[2025-02-19T06:23:29.194+0000] {logging_mixin.py:188} INFO - [2025-02-19T06:23:29.194+0000] {dag.py:3036} INFO - Sync 1 DAGs
[2025-02-19T06:23:29.343+0000] {logging_mixin.py:188} INFO - [2025-02-19T06:23:29.343+0000] {dag.py:3823} INFO - Setting next_dagrun for example_sla_dag to 2025-02-19 06:20:00+00:00, run_after=2025-02-19 06:22:00+00:00
[2025-02-19T06:23:29.690+0000] {processor.py:183} INFO - Processing /home/airflow/.local/lib/python3.10/site-packages/airflow/example_dags/example_sla_dag.py took 0.685 seconds
[2025-02-19T06:24:35.466+0000] {processor.py:161} INFO - Started process (PID=993) to work on /home/airflow/.local/lib/python3.10/site-packages/airflow/example_dags/example_sla_dag.py
[2025-02-19T06:24:35.468+0000] {processor.py:830} INFO - Processing file /home/airflow/.local/lib/python3.10/site-packages/airflow/example_dags/example_sla_dag.py for tasks to queue
[2025-02-19T06:24:35.480+0000] {logging_mixin.py:188} INFO - [2025-02-19T06:24:35.478+0000] {dagbag.py:538} INFO - Filling up the DagBag from /home/airflow/.local/lib/python3.10/site-packages/airflow/example_dags/example_sla_dag.py
[2025-02-19T06:24:35.523+0000] {processor.py:840} INFO - DAG(s) 'example_sla_dag' retrieved from /home/airflow/.local/lib/python3.10/site-packages/airflow/example_dags/example_sla_dag.py
[2025-02-19T06:24:35.602+0000] {logging_mixin.py:188} INFO - [2025-02-19T06:24:35.601+0000] {dag.py:3036} INFO - Sync 1 DAGs
[2025-02-19T06:24:35.707+0000] {logging_mixin.py:188} INFO - [2025-02-19T06:24:35.706+0000] {dag.py:3823} INFO - Setting next_dagrun for example_sla_dag to 2025-02-19 06:22:00+00:00, run_after=2025-02-19 06:24:00+00:00
[2025-02-19T06:24:35.873+0000] {processor.py:183} INFO - Processing /home/airflow/.local/lib/python3.10/site-packages/airflow/example_dags/example_sla_dag.py took 0.426 seconds
[2025-02-19T06:25:41.922+0000] {processor.py:161} INFO - Started process (PID=1030) to work on /home/airflow/.local/lib/python3.10/site-packages/airflow/example_dags/example_sla_dag.py
[2025-02-19T06:25:41.924+0000] {processor.py:830} INFO - Processing file /home/airflow/.local/lib/python3.10/site-packages/airflow/example_dags/example_sla_dag.py for tasks to queue
[2025-02-19T06:25:41.928+0000] {logging_mixin.py:188} INFO - [2025-02-19T06:25:41.927+0000] {dagbag.py:538} INFO - Filling up the DagBag from /home/airflow/.local/lib/python3.10/site-packages/airflow/example_dags/example_sla_dag.py
[2025-02-19T06:25:41.974+0000] {processor.py:840} INFO - DAG(s) 'example_sla_dag' retrieved from /home/airflow/.local/lib/python3.10/site-packages/airflow/example_dags/example_sla_dag.py
[2025-02-19T06:25:42.067+0000] {logging_mixin.py:188} INFO - [2025-02-19T06:25:42.066+0000] {dag.py:3036} INFO - Sync 1 DAGs
[2025-02-19T06:25:42.223+0000] {logging_mixin.py:188} INFO - [2025-02-19T06:25:42.222+0000] {dag.py:3823} INFO - Setting next_dagrun for example_sla_dag to 2025-02-19 06:22:00+00:00, run_after=2025-02-19 06:24:00+00:00
[2025-02-19T06:25:42.426+0000] {processor.py:183} INFO - Processing /home/airflow/.local/lib/python3.10/site-packages/airflow/example_dags/example_sla_dag.py took 0.525 seconds
[2025-02-19T06:26:39.479+0000] {processor.py:161} INFO - Started process (PID=1061) to work on /home/airflow/.local/lib/python3.10/site-packages/airflow/example_dags/example_sla_dag.py
[2025-02-19T06:26:39.483+0000] {processor.py:830} INFO - Processing file /home/airflow/.local/lib/python3.10/site-packages/airflow/example_dags/example_sla_dag.py for tasks to queue
[2025-02-19T06:26:39.486+0000] {logging_mixin.py:188} INFO - [2025-02-19T06:26:39.485+0000] {dagbag.py:538} INFO - Filling up the DagBag from /home/airflow/.local/lib/python3.10/site-packages/airflow/example_dags/example_sla_dag.py
[2025-02-19T06:26:39.587+0000] {processor.py:840} INFO - DAG(s) 'example_sla_dag' retrieved from /home/airflow/.local/lib/python3.10/site-packages/airflow/example_dags/example_sla_dag.py
[2025-02-19T06:26:39.721+0000] {logging_mixin.py:188} INFO - [2025-02-19T06:26:39.720+0000] {dag.py:3036} INFO - Sync 1 DAGs
[2025-02-19T06:26:39.899+0000] {logging_mixin.py:188} INFO - [2025-02-19T06:26:39.898+0000] {dag.py:3823} INFO - Setting next_dagrun for example_sla_dag to 2025-02-19 06:24:00+00:00, run_after=2025-02-19 06:26:00+00:00
[2025-02-19T06:26:40.260+0000] {processor.py:186} ERROR - Got an exception! Propagating...
Traceback (most recent call last):
  File "/home/airflow/.local/lib/python3.10/site-packages/sqlalchemy/engine/base.py", line 1094, in _commit_impl
    self.engine.dialect.do_commit(self.connection)
  File "/home/airflow/.local/lib/python3.10/site-packages/sqlalchemy/engine/default.py", line 686, in do_commit
    dbapi_connection.commit()
sqlite3.OperationalError: disk I/O error

The above exception was the direct cause of the following exception:

Traceback (most recent call last):
  File "/home/airflow/.local/lib/python3.10/site-packages/airflow/dag_processing/processor.py", line 182, in _run_file_processor
    _handle_dag_file_processing()
  File "/home/airflow/.local/lib/python3.10/site-packages/airflow/dag_processing/processor.py", line 163, in _handle_dag_file_processing
    result: tuple[int, int] = dag_file_processor.process_file(
  File "/home/airflow/.local/lib/python3.10/site-packages/airflow/utils/session.py", line 79, in wrapper
    return func(*args, session=session, **kwargs)
  File "/home/airflow/.local/lib/python3.10/site-packages/airflow/dag_processing/processor.py", line 859, in process_file
    serialize_errors = DagFileProcessor.save_dag_to_db(
  File "/home/airflow/.local/lib/python3.10/site-packages/airflow/api_internal/internal_api_call.py", line 114, in wrapper
    return func(*args, **kwargs)
  File "/home/airflow/.local/lib/python3.10/site-packages/airflow/utils/session.py", line 79, in wrapper
    return func(*args, session=session, **kwargs)
  File "/home/airflow/.local/lib/python3.10/site-packages/airflow/dag_processing/processor.py", line 896, in save_dag_to_db
    session.commit()
  File "/home/airflow/.local/lib/python3.10/site-packages/sqlalchemy/orm/session.py", line 1454, in commit
    self._transaction.commit(_to_root=self.future)
  File "/home/airflow/.local/lib/python3.10/site-packages/sqlalchemy/orm/session.py", line 839, in commit
    trans.commit()
  File "/home/airflow/.local/lib/python3.10/site-packages/sqlalchemy/engine/base.py", line 2469, in commit
    self._do_commit()
  File "/home/airflow/.local/lib/python3.10/site-packages/sqlalchemy/engine/base.py", line 2659, in _do_commit
    self._connection_commit_impl()
  File "/home/airflow/.local/lib/python3.10/site-packages/sqlalchemy/engine/base.py", line 2630, in _connection_commit_impl
    self.connection._commit_impl()
  File "/home/airflow/.local/lib/python3.10/site-packages/sqlalchemy/engine/base.py", line 1096, in _commit_impl
    self._handle_dbapi_exception(e, None, None, None, None)
  File "/home/airflow/.local/lib/python3.10/site-packages/sqlalchemy/engine/base.py", line 2134, in _handle_dbapi_exception
    util.raise_(
  File "/home/airflow/.local/lib/python3.10/site-packages/sqlalchemy/util/compat.py", line 211, in raise_
    raise exception
  File "/home/airflow/.local/lib/python3.10/site-packages/sqlalchemy/engine/base.py", line 1094, in _commit_impl
    self.engine.dialect.do_commit(self.connection)
  File "/home/airflow/.local/lib/python3.10/site-packages/sqlalchemy/engine/default.py", line 686, in do_commit
    dbapi_connection.commit()
sqlalchemy.exc.OperationalError: (sqlite3.OperationalError) disk I/O error
(Background on this error at: https://sqlalche.me/e/14/e3q8)
[2025-02-19T06:28:36.673+0000] {processor.py:161} INFO - Started process (PID=42) to work on /home/airflow/.local/lib/python3.10/site-packages/airflow/example_dags/example_sla_dag.py
[2025-02-19T06:28:36.682+0000] {processor.py:830} INFO - Processing file /home/airflow/.local/lib/python3.10/site-packages/airflow/example_dags/example_sla_dag.py for tasks to queue
[2025-02-19T06:28:36.688+0000] {logging_mixin.py:188} INFO - [2025-02-19T06:28:36.687+0000] {dagbag.py:538} INFO - Filling up the DagBag from /home/airflow/.local/lib/python3.10/site-packages/airflow/example_dags/example_sla_dag.py
[2025-02-19T06:28:36.765+0000] {processor.py:840} INFO - DAG(s) 'example_sla_dag' retrieved from /home/airflow/.local/lib/python3.10/site-packages/airflow/example_dags/example_sla_dag.py
[2025-02-19T06:28:37.046+0000] {logging_mixin.py:188} INFO - [2025-02-19T06:28:37.043+0000] {dag.py:3036} INFO - Sync 1 DAGs
[2025-02-19T06:28:37.198+0000] {logging_mixin.py:188} INFO - [2025-02-19T06:28:37.198+0000] {dag.py:3823} INFO - Setting next_dagrun for example_sla_dag to 2025-02-19 06:26:00+00:00, run_after=2025-02-19 06:28:00+00:00
[2025-02-19T06:28:37.444+0000] {processor.py:183} INFO - Processing /home/airflow/.local/lib/python3.10/site-packages/airflow/example_dags/example_sla_dag.py took 0.784 seconds
[2025-02-19T06:30:05.566+0000] {processor.py:161} INFO - Started process (PID=42) to work on /home/airflow/.local/lib/python3.10/site-packages/airflow/example_dags/example_sla_dag.py
[2025-02-19T06:30:05.569+0000] {processor.py:830} INFO - Processing file /home/airflow/.local/lib/python3.10/site-packages/airflow/example_dags/example_sla_dag.py for tasks to queue
[2025-02-19T06:30:05.575+0000] {logging_mixin.py:188} INFO - [2025-02-19T06:30:05.574+0000] {dagbag.py:538} INFO - Filling up the DagBag from /home/airflow/.local/lib/python3.10/site-packages/airflow/example_dags/example_sla_dag.py
[2025-02-19T06:30:05.610+0000] {processor.py:840} INFO - DAG(s) 'example_sla_dag' retrieved from /home/airflow/.local/lib/python3.10/site-packages/airflow/example_dags/example_sla_dag.py
[2025-02-19T06:30:05.723+0000] {logging_mixin.py:188} INFO - [2025-02-19T06:30:05.723+0000] {dag.py:3036} INFO - Sync 1 DAGs
[2025-02-19T06:30:05.865+0000] {logging_mixin.py:188} INFO - [2025-02-19T06:30:05.864+0000] {dag.py:3823} INFO - Setting next_dagrun for example_sla_dag to 2025-02-19 06:28:00+00:00, run_after=2025-02-19 06:30:00+00:00
[2025-02-19T06:30:06.068+0000] {processor.py:183} INFO - Processing /home/airflow/.local/lib/python3.10/site-packages/airflow/example_dags/example_sla_dag.py took 0.509 seconds
[2025-02-19T06:31:40.716+0000] {processor.py:161} INFO - Started process (PID=91) to work on /home/airflow/.local/lib/python3.10/site-packages/airflow/example_dags/example_sla_dag.py
[2025-02-19T06:31:40.721+0000] {processor.py:830} INFO - Processing file /home/airflow/.local/lib/python3.10/site-packages/airflow/example_dags/example_sla_dag.py for tasks to queue
[2025-02-19T06:31:40.725+0000] {logging_mixin.py:188} INFO - [2025-02-19T06:31:40.724+0000] {dagbag.py:538} INFO - Filling up the DagBag from /home/airflow/.local/lib/python3.10/site-packages/airflow/example_dags/example_sla_dag.py
[2025-02-19T06:31:40.763+0000] {processor.py:840} INFO - DAG(s) 'example_sla_dag' retrieved from /home/airflow/.local/lib/python3.10/site-packages/airflow/example_dags/example_sla_dag.py
[2025-02-19T06:31:40.852+0000] {logging_mixin.py:188} INFO - [2025-02-19T06:31:40.851+0000] {dag.py:3036} INFO - Sync 1 DAGs
[2025-02-19T06:31:40.963+0000] {logging_mixin.py:188} INFO - [2025-02-19T06:31:40.962+0000] {dag.py:3823} INFO - Setting next_dagrun for example_sla_dag to 2025-02-19 06:28:00+00:00, run_after=2025-02-19 06:30:00+00:00
[2025-02-19T06:31:41.184+0000] {processor.py:183} INFO - Processing /home/airflow/.local/lib/python3.10/site-packages/airflow/example_dags/example_sla_dag.py took 0.478 seconds
[2025-02-19T06:32:48.620+0000] {processor.py:161} INFO - Started process (PID=122) to work on /home/airflow/.local/lib/python3.10/site-packages/airflow/example_dags/example_sla_dag.py
[2025-02-19T06:32:48.623+0000] {processor.py:830} INFO - Processing file /home/airflow/.local/lib/python3.10/site-packages/airflow/example_dags/example_sla_dag.py for tasks to queue
[2025-02-19T06:32:48.626+0000] {logging_mixin.py:188} INFO - [2025-02-19T06:32:48.625+0000] {dagbag.py:538} INFO - Filling up the DagBag from /home/airflow/.local/lib/python3.10/site-packages/airflow/example_dags/example_sla_dag.py
[2025-02-19T06:32:48.659+0000] {processor.py:840} INFO - DAG(s) 'example_sla_dag' retrieved from /home/airflow/.local/lib/python3.10/site-packages/airflow/example_dags/example_sla_dag.py
[2025-02-19T06:32:48.716+0000] {logging_mixin.py:188} INFO - [2025-02-19T06:32:48.716+0000] {dag.py:3036} INFO - Sync 1 DAGs
[2025-02-19T06:32:48.787+0000] {logging_mixin.py:188} INFO - [2025-02-19T06:32:48.787+0000] {dag.py:3823} INFO - Setting next_dagrun for example_sla_dag to 2025-02-19 06:30:00+00:00, run_after=2025-02-19 06:32:00+00:00
[2025-02-19T06:32:49.018+0000] {processor.py:183} INFO - Processing /home/airflow/.local/lib/python3.10/site-packages/airflow/example_dags/example_sla_dag.py took 0.407 seconds
[2025-02-19T06:33:57.714+0000] {processor.py:161} INFO - Started process (PID=159) to work on /home/airflow/.local/lib/python3.10/site-packages/airflow/example_dags/example_sla_dag.py
[2025-02-19T06:33:57.716+0000] {processor.py:830} INFO - Processing file /home/airflow/.local/lib/python3.10/site-packages/airflow/example_dags/example_sla_dag.py for tasks to queue
[2025-02-19T06:33:57.719+0000] {logging_mixin.py:188} INFO - [2025-02-19T06:33:57.718+0000] {dagbag.py:538} INFO - Filling up the DagBag from /home/airflow/.local/lib/python3.10/site-packages/airflow/example_dags/example_sla_dag.py
[2025-02-19T06:33:57.745+0000] {processor.py:840} INFO - DAG(s) 'example_sla_dag' retrieved from /home/airflow/.local/lib/python3.10/site-packages/airflow/example_dags/example_sla_dag.py
[2025-02-19T06:33:57.795+0000] {logging_mixin.py:188} INFO - [2025-02-19T06:33:57.795+0000] {dag.py:3036} INFO - Sync 1 DAGs
[2025-02-19T06:33:57.917+0000] {logging_mixin.py:188} INFO - [2025-02-19T06:33:57.916+0000] {dag.py:3823} INFO - Setting next_dagrun for example_sla_dag to 2025-02-19 06:30:00+00:00, run_after=2025-02-19 06:32:00+00:00
[2025-02-19T06:33:58.112+0000] {processor.py:183} INFO - Processing /home/airflow/.local/lib/python3.10/site-packages/airflow/example_dags/example_sla_dag.py took 0.406 seconds
[2025-02-19T06:35:27.027+0000] {processor.py:161} INFO - Started process (PID=218) to work on /home/airflow/.local/lib/python3.10/site-packages/airflow/example_dags/example_sla_dag.py
[2025-02-19T06:35:27.030+0000] {processor.py:830} INFO - Processing file /home/airflow/.local/lib/python3.10/site-packages/airflow/example_dags/example_sla_dag.py for tasks to queue
[2025-02-19T06:35:27.033+0000] {logging_mixin.py:188} INFO - [2025-02-19T06:35:27.032+0000] {dagbag.py:538} INFO - Filling up the DagBag from /home/airflow/.local/lib/python3.10/site-packages/airflow/example_dags/example_sla_dag.py
[2025-02-19T06:35:27.076+0000] {processor.py:840} INFO - DAG(s) 'example_sla_dag' retrieved from /home/airflow/.local/lib/python3.10/site-packages/airflow/example_dags/example_sla_dag.py
[2025-02-19T06:35:27.182+0000] {logging_mixin.py:188} INFO - [2025-02-19T06:35:27.181+0000] {dag.py:3036} INFO - Sync 1 DAGs
[2025-02-19T06:35:27.295+0000] {logging_mixin.py:188} INFO - [2025-02-19T06:35:27.294+0000] {dag.py:3823} INFO - Setting next_dagrun for example_sla_dag to 2025-02-19 06:32:00+00:00, run_after=2025-02-19 06:34:00+00:00
[2025-02-19T06:35:27.530+0000] {processor.py:183} INFO - Processing /home/airflow/.local/lib/python3.10/site-packages/airflow/example_dags/example_sla_dag.py took 0.511 seconds
[2025-02-19T06:36:25.818+0000] {processor.py:161} INFO - Started process (PID=251) to work on /home/airflow/.local/lib/python3.10/site-packages/airflow/example_dags/example_sla_dag.py
[2025-02-19T06:36:25.821+0000] {processor.py:830} INFO - Processing file /home/airflow/.local/lib/python3.10/site-packages/airflow/example_dags/example_sla_dag.py for tasks to queue
[2025-02-19T06:36:25.826+0000] {logging_mixin.py:188} INFO - [2025-02-19T06:36:25.823+0000] {dagbag.py:538} INFO - Filling up the DagBag from /home/airflow/.local/lib/python3.10/site-packages/airflow/example_dags/example_sla_dag.py
[2025-02-19T06:36:25.858+0000] {processor.py:840} INFO - DAG(s) 'example_sla_dag' retrieved from /home/airflow/.local/lib/python3.10/site-packages/airflow/example_dags/example_sla_dag.py
[2025-02-19T06:36:25.987+0000] {logging_mixin.py:188} INFO - [2025-02-19T06:36:25.986+0000] {dag.py:3036} INFO - Sync 1 DAGs
[2025-02-19T06:36:26.173+0000] {logging_mixin.py:188} INFO - [2025-02-19T06:36:26.172+0000] {dag.py:3823} INFO - Setting next_dagrun for example_sla_dag to 2025-02-19 06:34:00+00:00, run_after=2025-02-19 06:36:00+00:00
[2025-02-19T06:36:26.454+0000] {processor.py:183} INFO - Processing /home/airflow/.local/lib/python3.10/site-packages/airflow/example_dags/example_sla_dag.py took 0.645 seconds
[2025-02-19T06:37:26.901+0000] {processor.py:161} INFO - Started process (PID=283) to work on /home/airflow/.local/lib/python3.10/site-packages/airflow/example_dags/example_sla_dag.py
[2025-02-19T06:37:26.903+0000] {processor.py:830} INFO - Processing file /home/airflow/.local/lib/python3.10/site-packages/airflow/example_dags/example_sla_dag.py for tasks to queue
[2025-02-19T06:37:26.905+0000] {logging_mixin.py:188} INFO - [2025-02-19T06:37:26.904+0000] {dagbag.py:538} INFO - Filling up the DagBag from /home/airflow/.local/lib/python3.10/site-packages/airflow/example_dags/example_sla_dag.py
[2025-02-19T06:37:26.930+0000] {processor.py:840} INFO - DAG(s) 'example_sla_dag' retrieved from /home/airflow/.local/lib/python3.10/site-packages/airflow/example_dags/example_sla_dag.py
[2025-02-19T06:37:26.983+0000] {logging_mixin.py:188} INFO - [2025-02-19T06:37:26.983+0000] {dag.py:3036} INFO - Sync 1 DAGs
[2025-02-19T06:37:27.045+0000] {logging_mixin.py:188} INFO - [2025-02-19T06:37:27.045+0000] {dag.py:3823} INFO - Setting next_dagrun for example_sla_dag to 2025-02-19 06:34:00+00:00, run_after=2025-02-19 06:36:00+00:00
[2025-02-19T06:37:27.199+0000] {processor.py:183} INFO - Processing /home/airflow/.local/lib/python3.10/site-packages/airflow/example_dags/example_sla_dag.py took 0.304 seconds
[2025-02-19T06:38:18.692+0000] {processor.py:161} INFO - Started process (PID=318) to work on /home/airflow/.local/lib/python3.10/site-packages/airflow/example_dags/example_sla_dag.py
[2025-02-19T06:38:18.696+0000] {processor.py:830} INFO - Processing file /home/airflow/.local/lib/python3.10/site-packages/airflow/example_dags/example_sla_dag.py for tasks to queue
[2025-02-19T06:38:18.701+0000] {logging_mixin.py:188} INFO - [2025-02-19T06:38:18.699+0000] {dagbag.py:538} INFO - Filling up the DagBag from /home/airflow/.local/lib/python3.10/site-packages/airflow/example_dags/example_sla_dag.py
[2025-02-19T06:38:18.755+0000] {processor.py:840} INFO - DAG(s) 'example_sla_dag' retrieved from /home/airflow/.local/lib/python3.10/site-packages/airflow/example_dags/example_sla_dag.py
[2025-02-19T06:38:18.830+0000] {logging_mixin.py:188} INFO - [2025-02-19T06:38:18.829+0000] {dag.py:3036} INFO - Sync 1 DAGs
[2025-02-19T06:38:18.906+0000] {logging_mixin.py:188} INFO - [2025-02-19T06:38:18.904+0000] {dag.py:3823} INFO - Setting next_dagrun for example_sla_dag to 2025-02-19 06:36:00+00:00, run_after=2025-02-19 06:38:00+00:00
[2025-02-19T06:38:19.060+0000] {processor.py:183} INFO - Processing /home/airflow/.local/lib/python3.10/site-packages/airflow/example_dags/example_sla_dag.py took 0.384 seconds
[2025-02-19T06:40:19.700+0000] {processor.py:161} INFO - Started process (PID=375) to work on /home/airflow/.local/lib/python3.10/site-packages/airflow/example_dags/example_sla_dag.py
[2025-02-19T06:40:19.703+0000] {processor.py:830} INFO - Processing file /home/airflow/.local/lib/python3.10/site-packages/airflow/example_dags/example_sla_dag.py for tasks to queue
[2025-02-19T06:40:19.725+0000] {logging_mixin.py:188} INFO - [2025-02-19T06:40:19.724+0000] {dagbag.py:538} INFO - Filling up the DagBag from /home/airflow/.local/lib/python3.10/site-packages/airflow/example_dags/example_sla_dag.py
[2025-02-19T06:40:19.767+0000] {processor.py:840} INFO - DAG(s) 'example_sla_dag' retrieved from /home/airflow/.local/lib/python3.10/site-packages/airflow/example_dags/example_sla_dag.py
[2025-02-19T06:40:19.874+0000] {logging_mixin.py:188} INFO - [2025-02-19T06:40:19.873+0000] {dag.py:3036} INFO - Sync 1 DAGs
[2025-02-19T06:40:19.968+0000] {logging_mixin.py:188} INFO - [2025-02-19T06:40:19.967+0000] {dag.py:3823} INFO - Setting next_dagrun for example_sla_dag to 2025-02-19 06:38:00+00:00, run_after=2025-02-19 06:40:00+00:00
[2025-02-19T06:40:20.535+0000] {processor.py:183} INFO - Processing /home/airflow/.local/lib/python3.10/site-packages/airflow/example_dags/example_sla_dag.py took 0.850 seconds
[2025-02-19T06:41:29.734+0000] {processor.py:161} INFO - Started process (PID=412) to work on /home/airflow/.local/lib/python3.10/site-packages/airflow/example_dags/example_sla_dag.py
[2025-02-19T06:41:29.737+0000] {processor.py:830} INFO - Processing file /home/airflow/.local/lib/python3.10/site-packages/airflow/example_dags/example_sla_dag.py for tasks to queue
[2025-02-19T06:41:29.745+0000] {logging_mixin.py:188} INFO - [2025-02-19T06:41:29.742+0000] {dagbag.py:538} INFO - Filling up the DagBag from /home/airflow/.local/lib/python3.10/site-packages/airflow/example_dags/example_sla_dag.py
[2025-02-19T06:41:29.776+0000] {processor.py:840} INFO - DAG(s) 'example_sla_dag' retrieved from /home/airflow/.local/lib/python3.10/site-packages/airflow/example_dags/example_sla_dag.py
[2025-02-19T06:41:29.848+0000] {logging_mixin.py:188} INFO - [2025-02-19T06:41:29.847+0000] {dag.py:3036} INFO - Sync 1 DAGs
[2025-02-19T06:41:29.954+0000] {logging_mixin.py:188} INFO - [2025-02-19T06:41:29.953+0000] {dag.py:3823} INFO - Setting next_dagrun for example_sla_dag to 2025-02-19 06:38:00+00:00, run_after=2025-02-19 06:40:00+00:00
[2025-02-19T06:41:30.142+0000] {processor.py:183} INFO - Processing /home/airflow/.local/lib/python3.10/site-packages/airflow/example_dags/example_sla_dag.py took 0.433 seconds
[2025-02-19T06:42:30.715+0000] {processor.py:161} INFO - Started process (PID=444) to work on /home/airflow/.local/lib/python3.10/site-packages/airflow/example_dags/example_sla_dag.py
[2025-02-19T06:42:30.720+0000] {processor.py:830} INFO - Processing file /home/airflow/.local/lib/python3.10/site-packages/airflow/example_dags/example_sla_dag.py for tasks to queue
[2025-02-19T06:42:30.722+0000] {logging_mixin.py:188} INFO - [2025-02-19T06:42:30.722+0000] {dagbag.py:538} INFO - Filling up the DagBag from /home/airflow/.local/lib/python3.10/site-packages/airflow/example_dags/example_sla_dag.py
[2025-02-19T06:42:30.752+0000] {processor.py:840} INFO - DAG(s) 'example_sla_dag' retrieved from /home/airflow/.local/lib/python3.10/site-packages/airflow/example_dags/example_sla_dag.py
[2025-02-19T06:42:30.817+0000] {logging_mixin.py:188} INFO - [2025-02-19T06:42:30.816+0000] {dag.py:3036} INFO - Sync 1 DAGs
[2025-02-19T06:42:30.895+0000] {logging_mixin.py:188} INFO - [2025-02-19T06:42:30.894+0000] {dag.py:3823} INFO - Setting next_dagrun for example_sla_dag to 2025-02-19 06:40:00+00:00, run_after=2025-02-19 06:42:00+00:00
[2025-02-19T06:42:31.070+0000] {processor.py:183} INFO - Processing /home/airflow/.local/lib/python3.10/site-packages/airflow/example_dags/example_sla_dag.py took 0.362 seconds
[2025-02-19T06:43:33.674+0000] {processor.py:161} INFO - Started process (PID=42) to work on /home/airflow/.local/lib/python3.10/site-packages/airflow/example_dags/example_sla_dag.py
[2025-02-19T06:43:33.677+0000] {processor.py:830} INFO - Processing file /home/airflow/.local/lib/python3.10/site-packages/airflow/example_dags/example_sla_dag.py for tasks to queue
[2025-02-19T06:43:33.681+0000] {logging_mixin.py:188} INFO - [2025-02-19T06:43:33.680+0000] {dagbag.py:538} INFO - Filling up the DagBag from /home/airflow/.local/lib/python3.10/site-packages/airflow/example_dags/example_sla_dag.py
[2025-02-19T06:43:33.733+0000] {processor.py:840} INFO - DAG(s) 'example_sla_dag' retrieved from /home/airflow/.local/lib/python3.10/site-packages/airflow/example_dags/example_sla_dag.py
[2025-02-19T06:43:33.975+0000] {logging_mixin.py:188} INFO - [2025-02-19T06:43:33.973+0000] {dag.py:3036} INFO - Sync 1 DAGs
[2025-02-19T06:43:34.351+0000] {logging_mixin.py:188} INFO - [2025-02-19T06:43:34.350+0000] {dag.py:3823} INFO - Setting next_dagrun for example_sla_dag to 2025-02-19 06:40:00+00:00, run_after=2025-02-19 06:42:00+00:00
[2025-02-19T06:43:34.846+0000] {processor.py:183} INFO - Processing /home/airflow/.local/lib/python3.10/site-packages/airflow/example_dags/example_sla_dag.py took 1.183 seconds
[2025-02-19T06:44:56.147+0000] {processor.py:161} INFO - Started process (PID=91) to work on /home/airflow/.local/lib/python3.10/site-packages/airflow/example_dags/example_sla_dag.py
[2025-02-19T06:44:56.151+0000] {processor.py:830} INFO - Processing file /home/airflow/.local/lib/python3.10/site-packages/airflow/example_dags/example_sla_dag.py for tasks to queue
[2025-02-19T06:44:56.156+0000] {logging_mixin.py:188} INFO - [2025-02-19T06:44:56.155+0000] {dagbag.py:538} INFO - Filling up the DagBag from /home/airflow/.local/lib/python3.10/site-packages/airflow/example_dags/example_sla_dag.py
[2025-02-19T06:44:56.197+0000] {processor.py:840} INFO - DAG(s) 'example_sla_dag' retrieved from /home/airflow/.local/lib/python3.10/site-packages/airflow/example_dags/example_sla_dag.py
[2025-02-19T06:44:56.299+0000] {logging_mixin.py:188} INFO - [2025-02-19T06:44:56.299+0000] {dag.py:3036} INFO - Sync 1 DAGs
[2025-02-19T06:44:56.466+0000] {logging_mixin.py:188} INFO - [2025-02-19T06:44:56.456+0000] {dag.py:3823} INFO - Setting next_dagrun for example_sla_dag to 2025-02-19 06:42:00+00:00, run_after=2025-02-19 06:44:00+00:00
[2025-02-19T06:44:57.034+0000] {processor.py:183} INFO - Processing /home/airflow/.local/lib/python3.10/site-packages/airflow/example_dags/example_sla_dag.py took 0.904 seconds
[2025-02-19T06:46:40.310+0000] {processor.py:161} INFO - Started process (PID=154) to work on /home/airflow/.local/lib/python3.10/site-packages/airflow/example_dags/example_sla_dag.py
[2025-02-19T06:46:40.314+0000] {processor.py:830} INFO - Processing file /home/airflow/.local/lib/python3.10/site-packages/airflow/example_dags/example_sla_dag.py for tasks to queue
[2025-02-19T06:46:40.319+0000] {logging_mixin.py:188} INFO - [2025-02-19T06:46:40.318+0000] {dagbag.py:538} INFO - Filling up the DagBag from /home/airflow/.local/lib/python3.10/site-packages/airflow/example_dags/example_sla_dag.py
[2025-02-19T06:46:40.360+0000] {processor.py:840} INFO - DAG(s) 'example_sla_dag' retrieved from /home/airflow/.local/lib/python3.10/site-packages/airflow/example_dags/example_sla_dag.py
[2025-02-19T06:46:40.464+0000] {logging_mixin.py:188} INFO - [2025-02-19T06:46:40.463+0000] {dag.py:3036} INFO - Sync 1 DAGs
[2025-02-19T06:46:40.557+0000] {logging_mixin.py:188} INFO - [2025-02-19T06:46:40.557+0000] {dag.py:3823} INFO - Setting next_dagrun for example_sla_dag to 2025-02-19 06:44:00+00:00, run_after=2025-02-19 06:46:00+00:00
[2025-02-19T06:46:40.706+0000] {processor.py:183} INFO - Processing /home/airflow/.local/lib/python3.10/site-packages/airflow/example_dags/example_sla_dag.py took 0.407 seconds
[2025-02-19T06:48:24.628+0000] {processor.py:161} INFO - Started process (PID=215) to work on /home/airflow/.local/lib/python3.10/site-packages/airflow/example_dags/example_sla_dag.py
[2025-02-19T06:48:24.631+0000] {processor.py:830} INFO - Processing file /home/airflow/.local/lib/python3.10/site-packages/airflow/example_dags/example_sla_dag.py for tasks to queue
[2025-02-19T06:48:24.635+0000] {logging_mixin.py:188} INFO - [2025-02-19T06:48:24.634+0000] {dagbag.py:538} INFO - Filling up the DagBag from /home/airflow/.local/lib/python3.10/site-packages/airflow/example_dags/example_sla_dag.py
[2025-02-19T06:48:24.655+0000] {processor.py:840} INFO - DAG(s) 'example_sla_dag' retrieved from /home/airflow/.local/lib/python3.10/site-packages/airflow/example_dags/example_sla_dag.py
[2025-02-19T06:48:24.705+0000] {logging_mixin.py:188} INFO - [2025-02-19T06:48:24.704+0000] {dag.py:3036} INFO - Sync 1 DAGs
[2025-02-19T06:48:24.771+0000] {logging_mixin.py:188} INFO - [2025-02-19T06:48:24.771+0000] {dag.py:3823} INFO - Setting next_dagrun for example_sla_dag to 2025-02-19 06:46:00+00:00, run_after=2025-02-19 06:48:00+00:00
[2025-02-19T06:48:24.903+0000] {processor.py:183} INFO - Processing /home/airflow/.local/lib/python3.10/site-packages/airflow/example_dags/example_sla_dag.py took 0.282 seconds
[2025-02-19T06:50:07.092+0000] {processor.py:161} INFO - Started process (PID=276) to work on /home/airflow/.local/lib/python3.10/site-packages/airflow/example_dags/example_sla_dag.py
[2025-02-19T06:50:07.096+0000] {processor.py:830} INFO - Processing file /home/airflow/.local/lib/python3.10/site-packages/airflow/example_dags/example_sla_dag.py for tasks to queue
[2025-02-19T06:50:07.101+0000] {logging_mixin.py:188} INFO - [2025-02-19T06:50:07.100+0000] {dagbag.py:538} INFO - Filling up the DagBag from /home/airflow/.local/lib/python3.10/site-packages/airflow/example_dags/example_sla_dag.py
[2025-02-19T06:50:07.132+0000] {processor.py:840} INFO - DAG(s) 'example_sla_dag' retrieved from /home/airflow/.local/lib/python3.10/site-packages/airflow/example_dags/example_sla_dag.py
[2025-02-19T06:50:07.229+0000] {logging_mixin.py:188} INFO - [2025-02-19T06:50:07.229+0000] {dag.py:3036} INFO - Sync 1 DAGs
[2025-02-19T06:50:07.399+0000] {logging_mixin.py:188} INFO - [2025-02-19T06:50:07.398+0000] {dag.py:3823} INFO - Setting next_dagrun for example_sla_dag to 2025-02-19 06:48:00+00:00, run_after=2025-02-19 06:50:00+00:00
[2025-02-19T06:50:07.654+0000] {processor.py:183} INFO - Processing /home/airflow/.local/lib/python3.10/site-packages/airflow/example_dags/example_sla_dag.py took 0.575 seconds
[2025-02-19T06:51:47.809+0000] {processor.py:161} INFO - Started process (PID=338) to work on /home/airflow/.local/lib/python3.10/site-packages/airflow/example_dags/example_sla_dag.py
[2025-02-19T06:51:47.811+0000] {processor.py:830} INFO - Processing file /home/airflow/.local/lib/python3.10/site-packages/airflow/example_dags/example_sla_dag.py for tasks to queue
[2025-02-19T06:51:47.814+0000] {logging_mixin.py:188} INFO - [2025-02-19T06:51:47.813+0000] {dagbag.py:538} INFO - Filling up the DagBag from /home/airflow/.local/lib/python3.10/site-packages/airflow/example_dags/example_sla_dag.py
[2025-02-19T06:51:47.839+0000] {processor.py:840} INFO - DAG(s) 'example_sla_dag' retrieved from /home/airflow/.local/lib/python3.10/site-packages/airflow/example_dags/example_sla_dag.py
[2025-02-19T06:51:47.907+0000] {logging_mixin.py:188} INFO - [2025-02-19T06:51:47.907+0000] {dag.py:3036} INFO - Sync 1 DAGs
[2025-02-19T06:51:47.976+0000] {logging_mixin.py:188} INFO - [2025-02-19T06:51:47.975+0000] {dag.py:3823} INFO - Setting next_dagrun for example_sla_dag to 2025-02-19 06:48:00+00:00, run_after=2025-02-19 06:50:00+00:00
[2025-02-19T06:51:48.132+0000] {processor.py:183} INFO - Processing /home/airflow/.local/lib/python3.10/site-packages/airflow/example_dags/example_sla_dag.py took 0.331 seconds
[2025-02-19T06:52:42.466+0000] {processor.py:161} INFO - Started process (PID=369) to work on /home/airflow/.local/lib/python3.10/site-packages/airflow/example_dags/example_sla_dag.py
[2025-02-19T06:52:42.469+0000] {processor.py:830} INFO - Processing file /home/airflow/.local/lib/python3.10/site-packages/airflow/example_dags/example_sla_dag.py for tasks to queue
[2025-02-19T06:52:42.471+0000] {logging_mixin.py:188} INFO - [2025-02-19T06:52:42.470+0000] {dagbag.py:538} INFO - Filling up the DagBag from /home/airflow/.local/lib/python3.10/site-packages/airflow/example_dags/example_sla_dag.py
[2025-02-19T06:52:42.489+0000] {processor.py:840} INFO - DAG(s) 'example_sla_dag' retrieved from /home/airflow/.local/lib/python3.10/site-packages/airflow/example_dags/example_sla_dag.py
[2025-02-19T06:52:42.528+0000] {logging_mixin.py:188} INFO - [2025-02-19T06:52:42.528+0000] {dag.py:3036} INFO - Sync 1 DAGs
[2025-02-19T06:52:42.577+0000] {logging_mixin.py:188} INFO - [2025-02-19T06:52:42.576+0000] {dag.py:3823} INFO - Setting next_dagrun for example_sla_dag to 2025-02-19 06:50:00+00:00, run_after=2025-02-19 06:52:00+00:00
[2025-02-19T06:52:42.688+0000] {processor.py:183} INFO - Processing /home/airflow/.local/lib/python3.10/site-packages/airflow/example_dags/example_sla_dag.py took 0.226 seconds
[2025-02-19T06:54:16.131+0000] {processor.py:161} INFO - Started process (PID=428) to work on /home/airflow/.local/lib/python3.10/site-packages/airflow/example_dags/example_sla_dag.py
[2025-02-19T06:54:16.133+0000] {processor.py:830} INFO - Processing file /home/airflow/.local/lib/python3.10/site-packages/airflow/example_dags/example_sla_dag.py for tasks to queue
[2025-02-19T06:54:16.136+0000] {logging_mixin.py:188} INFO - [2025-02-19T06:54:16.135+0000] {dagbag.py:538} INFO - Filling up the DagBag from /home/airflow/.local/lib/python3.10/site-packages/airflow/example_dags/example_sla_dag.py
[2025-02-19T06:54:16.159+0000] {processor.py:840} INFO - DAG(s) 'example_sla_dag' retrieved from /home/airflow/.local/lib/python3.10/site-packages/airflow/example_dags/example_sla_dag.py
[2025-02-19T06:54:16.202+0000] {logging_mixin.py:188} INFO - [2025-02-19T06:54:16.201+0000] {dag.py:3036} INFO - Sync 1 DAGs
[2025-02-19T06:54:16.260+0000] {logging_mixin.py:188} INFO - [2025-02-19T06:54:16.259+0000] {dag.py:3823} INFO - Setting next_dagrun for example_sla_dag to 2025-02-19 06:52:00+00:00, run_after=2025-02-19 06:54:00+00:00
[2025-02-19T06:54:16.373+0000] {processor.py:183} INFO - Processing /home/airflow/.local/lib/python3.10/site-packages/airflow/example_dags/example_sla_dag.py took 0.254 seconds
[2025-02-19T06:55:35.452+0000] {processor.py:161} INFO - Started process (PID=483) to work on /home/airflow/.local/lib/python3.10/site-packages/airflow/example_dags/example_sla_dag.py
[2025-02-19T06:55:35.453+0000] {processor.py:830} INFO - Processing file /home/airflow/.local/lib/python3.10/site-packages/airflow/example_dags/example_sla_dag.py for tasks to queue
[2025-02-19T06:55:35.463+0000] {logging_mixin.py:188} INFO - [2025-02-19T06:55:35.457+0000] {dagbag.py:538} INFO - Filling up the DagBag from /home/airflow/.local/lib/python3.10/site-packages/airflow/example_dags/example_sla_dag.py
[2025-02-19T06:55:35.483+0000] {processor.py:840} INFO - DAG(s) 'example_sla_dag' retrieved from /home/airflow/.local/lib/python3.10/site-packages/airflow/example_dags/example_sla_dag.py
[2025-02-19T06:55:35.537+0000] {logging_mixin.py:188} INFO - [2025-02-19T06:55:35.537+0000] {dag.py:3036} INFO - Sync 1 DAGs
[2025-02-19T06:55:35.623+0000] {logging_mixin.py:188} INFO - [2025-02-19T06:55:35.623+0000] {dag.py:3823} INFO - Setting next_dagrun for example_sla_dag to 2025-02-19 06:52:00+00:00, run_after=2025-02-19 06:54:00+00:00
[2025-02-19T06:55:35.731+0000] {processor.py:183} INFO - Processing /home/airflow/.local/lib/python3.10/site-packages/airflow/example_dags/example_sla_dag.py took 0.285 seconds
[2025-02-19T06:57:10.872+0000] {processor.py:161} INFO - Started process (PID=542) to work on /home/airflow/.local/lib/python3.10/site-packages/airflow/example_dags/example_sla_dag.py
[2025-02-19T06:57:10.875+0000] {processor.py:830} INFO - Processing file /home/airflow/.local/lib/python3.10/site-packages/airflow/example_dags/example_sla_dag.py for tasks to queue
[2025-02-19T06:57:10.878+0000] {logging_mixin.py:188} INFO - [2025-02-19T06:57:10.877+0000] {dagbag.py:538} INFO - Filling up the DagBag from /home/airflow/.local/lib/python3.10/site-packages/airflow/example_dags/example_sla_dag.py
[2025-02-19T06:57:10.914+0000] {processor.py:840} INFO - DAG(s) 'example_sla_dag' retrieved from /home/airflow/.local/lib/python3.10/site-packages/airflow/example_dags/example_sla_dag.py
[2025-02-19T06:57:11.018+0000] {logging_mixin.py:188} INFO - [2025-02-19T06:57:11.017+0000] {dag.py:3036} INFO - Sync 1 DAGs
[2025-02-19T06:57:11.127+0000] {logging_mixin.py:188} INFO - [2025-02-19T06:57:11.126+0000] {dag.py:3823} INFO - Setting next_dagrun for example_sla_dag to 2025-02-19 06:54:00+00:00, run_after=2025-02-19 06:56:00+00:00
[2025-02-19T06:57:11.293+0000] {processor.py:183} INFO - Processing /home/airflow/.local/lib/python3.10/site-packages/airflow/example_dags/example_sla_dag.py took 0.434 seconds
[2025-02-19T06:58:04.489+0000] {processor.py:161} INFO - Started process (PID=577) to work on /home/airflow/.local/lib/python3.10/site-packages/airflow/example_dags/example_sla_dag.py
[2025-02-19T06:58:04.490+0000] {processor.py:830} INFO - Processing file /home/airflow/.local/lib/python3.10/site-packages/airflow/example_dags/example_sla_dag.py for tasks to queue
[2025-02-19T06:58:04.492+0000] {logging_mixin.py:188} INFO - [2025-02-19T06:58:04.491+0000] {dagbag.py:538} INFO - Filling up the DagBag from /home/airflow/.local/lib/python3.10/site-packages/airflow/example_dags/example_sla_dag.py
[2025-02-19T06:58:04.505+0000] {processor.py:840} INFO - DAG(s) 'example_sla_dag' retrieved from /home/airflow/.local/lib/python3.10/site-packages/airflow/example_dags/example_sla_dag.py
[2025-02-19T06:58:04.550+0000] {logging_mixin.py:188} INFO - [2025-02-19T06:58:04.549+0000] {dag.py:3036} INFO - Sync 1 DAGs
[2025-02-19T06:58:04.592+0000] {logging_mixin.py:188} INFO - [2025-02-19T06:58:04.592+0000] {dag.py:3823} INFO - Setting next_dagrun for example_sla_dag to 2025-02-19 06:56:00+00:00, run_after=2025-02-19 06:58:00+00:00
[2025-02-19T06:58:04.697+0000] {processor.py:183} INFO - Processing /home/airflow/.local/lib/python3.10/site-packages/airflow/example_dags/example_sla_dag.py took 0.213 seconds
[2025-02-19T06:59:32.377+0000] {processor.py:161} INFO - Started process (PID=635) to work on /home/airflow/.local/lib/python3.10/site-packages/airflow/example_dags/example_sla_dag.py
[2025-02-19T06:59:32.379+0000] {processor.py:830} INFO - Processing file /home/airflow/.local/lib/python3.10/site-packages/airflow/example_dags/example_sla_dag.py for tasks to queue
[2025-02-19T06:59:32.381+0000] {logging_mixin.py:188} INFO - [2025-02-19T06:59:32.380+0000] {dagbag.py:538} INFO - Filling up the DagBag from /home/airflow/.local/lib/python3.10/site-packages/airflow/example_dags/example_sla_dag.py
[2025-02-19T06:59:32.399+0000] {processor.py:840} INFO - DAG(s) 'example_sla_dag' retrieved from /home/airflow/.local/lib/python3.10/site-packages/airflow/example_dags/example_sla_dag.py
[2025-02-19T06:59:32.448+0000] {logging_mixin.py:188} INFO - [2025-02-19T06:59:32.448+0000] {dag.py:3036} INFO - Sync 1 DAGs
[2025-02-19T06:59:32.526+0000] {logging_mixin.py:188} INFO - [2025-02-19T06:59:32.525+0000] {dag.py:3823} INFO - Setting next_dagrun for example_sla_dag to 2025-02-19 06:56:00+00:00, run_after=2025-02-19 06:58:00+00:00
[2025-02-19T06:59:32.659+0000] {processor.py:183} INFO - Processing /home/airflow/.local/lib/python3.10/site-packages/airflow/example_dags/example_sla_dag.py took 0.288 seconds
[2025-02-19T07:00:30.128+0000] {processor.py:161} INFO - Started process (PID=665) to work on /home/airflow/.local/lib/python3.10/site-packages/airflow/example_dags/example_sla_dag.py
[2025-02-19T07:00:30.131+0000] {processor.py:830} INFO - Processing file /home/airflow/.local/lib/python3.10/site-packages/airflow/example_dags/example_sla_dag.py for tasks to queue
[2025-02-19T07:00:30.134+0000] {logging_mixin.py:188} INFO - [2025-02-19T07:00:30.133+0000] {dagbag.py:538} INFO - Filling up the DagBag from /home/airflow/.local/lib/python3.10/site-packages/airflow/example_dags/example_sla_dag.py
[2025-02-19T07:00:30.175+0000] {processor.py:840} INFO - DAG(s) 'example_sla_dag' retrieved from /home/airflow/.local/lib/python3.10/site-packages/airflow/example_dags/example_sla_dag.py
[2025-02-19T07:00:30.280+0000] {logging_mixin.py:188} INFO - [2025-02-19T07:00:30.280+0000] {dag.py:3036} INFO - Sync 1 DAGs
[2025-02-19T07:00:30.415+0000] {logging_mixin.py:188} INFO - [2025-02-19T07:00:30.415+0000] {dag.py:3823} INFO - Setting next_dagrun for example_sla_dag to 2025-02-19 06:58:00+00:00, run_after=2025-02-19 07:00:00+00:00
[2025-02-19T07:00:30.574+0000] {processor.py:183} INFO - Processing /home/airflow/.local/lib/python3.10/site-packages/airflow/example_dags/example_sla_dag.py took 0.458 seconds
[2025-02-19T07:01:23.697+0000] {processor.py:161} INFO - Started process (PID=700) to work on /home/airflow/.local/lib/python3.10/site-packages/airflow/example_dags/example_sla_dag.py
[2025-02-19T07:01:23.700+0000] {processor.py:830} INFO - Processing file /home/airflow/.local/lib/python3.10/site-packages/airflow/example_dags/example_sla_dag.py for tasks to queue
[2025-02-19T07:01:23.703+0000] {logging_mixin.py:188} INFO - [2025-02-19T07:01:23.701+0000] {dagbag.py:538} INFO - Filling up the DagBag from /home/airflow/.local/lib/python3.10/site-packages/airflow/example_dags/example_sla_dag.py
[2025-02-19T07:01:23.723+0000] {processor.py:840} INFO - DAG(s) 'example_sla_dag' retrieved from /home/airflow/.local/lib/python3.10/site-packages/airflow/example_dags/example_sla_dag.py
[2025-02-19T07:01:23.772+0000] {logging_mixin.py:188} INFO - [2025-02-19T07:01:23.772+0000] {dag.py:3036} INFO - Sync 1 DAGs
[2025-02-19T07:01:23.847+0000] {logging_mixin.py:188} INFO - [2025-02-19T07:01:23.841+0000] {dag.py:3823} INFO - Setting next_dagrun for example_sla_dag to 2025-02-19 06:58:00+00:00, run_after=2025-02-19 07:00:00+00:00
[2025-02-19T07:01:24.212+0000] {processor.py:183} INFO - Processing /home/airflow/.local/lib/python3.10/site-packages/airflow/example_dags/example_sla_dag.py took 0.524 seconds
[2025-02-19T07:03:01.676+0000] {processor.py:161} INFO - Started process (PID=760) to work on /home/airflow/.local/lib/python3.10/site-packages/airflow/example_dags/example_sla_dag.py
[2025-02-19T07:03:01.679+0000] {processor.py:830} INFO - Processing file /home/airflow/.local/lib/python3.10/site-packages/airflow/example_dags/example_sla_dag.py for tasks to queue
[2025-02-19T07:03:01.681+0000] {logging_mixin.py:188} INFO - [2025-02-19T07:03:01.680+0000] {dagbag.py:538} INFO - Filling up the DagBag from /home/airflow/.local/lib/python3.10/site-packages/airflow/example_dags/example_sla_dag.py
[2025-02-19T07:03:01.706+0000] {processor.py:840} INFO - DAG(s) 'example_sla_dag' retrieved from /home/airflow/.local/lib/python3.10/site-packages/airflow/example_dags/example_sla_dag.py
[2025-02-19T07:03:01.759+0000] {logging_mixin.py:188} INFO - [2025-02-19T07:03:01.758+0000] {dag.py:3036} INFO - Sync 1 DAGs
[2025-02-19T07:03:01.832+0000] {logging_mixin.py:188} INFO - [2025-02-19T07:03:01.831+0000] {dag.py:3823} INFO - Setting next_dagrun for example_sla_dag to 2025-02-19 07:00:00+00:00, run_after=2025-02-19 07:02:00+00:00
[2025-02-19T07:03:01.994+0000] {processor.py:183} INFO - Processing /home/airflow/.local/lib/python3.10/site-packages/airflow/example_dags/example_sla_dag.py took 0.327 seconds
[2025-02-19T07:05:10.643+0000] {processor.py:161} INFO - Started process (PID=820) to work on /home/airflow/.local/lib/python3.10/site-packages/airflow/example_dags/example_sla_dag.py
[2025-02-19T07:05:10.654+0000] {processor.py:830} INFO - Processing file /home/airflow/.local/lib/python3.10/site-packages/airflow/example_dags/example_sla_dag.py for tasks to queue
[2025-02-19T07:05:10.660+0000] {logging_mixin.py:188} INFO - [2025-02-19T07:05:10.658+0000] {dagbag.py:538} INFO - Filling up the DagBag from /home/airflow/.local/lib/python3.10/site-packages/airflow/example_dags/example_sla_dag.py
[2025-02-19T07:05:10.736+0000] {processor.py:840} INFO - DAG(s) 'example_sla_dag' retrieved from /home/airflow/.local/lib/python3.10/site-packages/airflow/example_dags/example_sla_dag.py
[2025-02-19T07:05:10.968+0000] {logging_mixin.py:188} INFO - [2025-02-19T07:05:10.967+0000] {dag.py:3036} INFO - Sync 1 DAGs
[2025-02-19T07:05:11.106+0000] {logging_mixin.py:188} INFO - [2025-02-19T07:05:11.105+0000] {dag.py:3823} INFO - Setting next_dagrun for example_sla_dag to 2025-02-19 07:02:00+00:00, run_after=2025-02-19 07:04:00+00:00
[2025-02-19T07:05:11.311+0000] {processor.py:183} INFO - Processing /home/airflow/.local/lib/python3.10/site-packages/airflow/example_dags/example_sla_dag.py took 0.694 seconds
[2025-02-19T07:06:37.419+0000] {processor.py:161} INFO - Started process (PID=852) to work on /home/airflow/.local/lib/python3.10/site-packages/airflow/example_dags/example_sla_dag.py
[2025-02-19T07:06:37.422+0000] {processor.py:830} INFO - Processing file /home/airflow/.local/lib/python3.10/site-packages/airflow/example_dags/example_sla_dag.py for tasks to queue
[2025-02-19T07:06:37.426+0000] {logging_mixin.py:188} INFO - [2025-02-19T07:06:37.425+0000] {dagbag.py:538} INFO - Filling up the DagBag from /home/airflow/.local/lib/python3.10/site-packages/airflow/example_dags/example_sla_dag.py
[2025-02-19T07:06:37.449+0000] {processor.py:840} INFO - DAG(s) 'example_sla_dag' retrieved from /home/airflow/.local/lib/python3.10/site-packages/airflow/example_dags/example_sla_dag.py
[2025-02-19T07:06:37.522+0000] {logging_mixin.py:188} INFO - [2025-02-19T07:06:37.521+0000] {dag.py:3036} INFO - Sync 1 DAGs
[2025-02-19T07:06:37.598+0000] {logging_mixin.py:188} INFO - [2025-02-19T07:06:37.597+0000] {dag.py:3823} INFO - Setting next_dagrun for example_sla_dag to 2025-02-19 07:04:00+00:00, run_after=2025-02-19 07:06:00+00:00
[2025-02-19T07:06:37.750+0000] {processor.py:183} INFO - Processing /home/airflow/.local/lib/python3.10/site-packages/airflow/example_dags/example_sla_dag.py took 0.339 seconds
[2025-02-19T07:08:03.020+0000] {processor.py:161} INFO - Started process (PID=891) to work on /home/airflow/.local/lib/python3.10/site-packages/airflow/example_dags/example_sla_dag.py
[2025-02-19T07:08:03.029+0000] {processor.py:830} INFO - Processing file /home/airflow/.local/lib/python3.10/site-packages/airflow/example_dags/example_sla_dag.py for tasks to queue
[2025-02-19T07:08:03.038+0000] {logging_mixin.py:188} INFO - [2025-02-19T07:08:03.036+0000] {dagbag.py:538} INFO - Filling up the DagBag from /home/airflow/.local/lib/python3.10/site-packages/airflow/example_dags/example_sla_dag.py
[2025-02-19T07:08:03.097+0000] {processor.py:840} INFO - DAG(s) 'example_sla_dag' retrieved from /home/airflow/.local/lib/python3.10/site-packages/airflow/example_dags/example_sla_dag.py
[2025-02-19T07:08:03.254+0000] {logging_mixin.py:188} INFO - [2025-02-19T07:08:03.253+0000] {dag.py:3036} INFO - Sync 1 DAGs
[2025-02-19T07:08:03.494+0000] {logging_mixin.py:188} INFO - [2025-02-19T07:08:03.493+0000] {dag.py:3823} INFO - Setting next_dagrun for example_sla_dag to 2025-02-19 07:06:00+00:00, run_after=2025-02-19 07:08:00+00:00
[2025-02-19T07:08:03.780+0000] {processor.py:183} INFO - Processing /home/airflow/.local/lib/python3.10/site-packages/airflow/example_dags/example_sla_dag.py took 0.792 seconds
