[2025-02-19T05:55:52.598+0000] {processor.py:161} INFO - Started process (PID=48) to work on /home/airflow/.local/lib/python3.10/site-packages/airflow/example_dags/example_setup_teardown.py
[2025-02-19T05:55:52.601+0000] {processor.py:830} INFO - Processing file /home/airflow/.local/lib/python3.10/site-packages/airflow/example_dags/example_setup_teardown.py for tasks to queue
[2025-02-19T05:55:52.614+0000] {logging_mixin.py:188} INFO - [2025-02-19T05:55:52.612+0000] {dagbag.py:538} INFO - Filling up the DagBag from /home/airflow/.local/lib/python3.10/site-packages/airflow/example_dags/example_setup_teardown.py
[2025-02-19T05:55:52.648+0000] {processor.py:840} INFO - DAG(s) 'example_setup_teardown' retrieved from /home/airflow/.local/lib/python3.10/site-packages/airflow/example_dags/example_setup_teardown.py
[2025-02-19T05:55:52.776+0000] {logging_mixin.py:188} INFO - [2025-02-19T05:55:52.775+0000] {dag.py:3036} INFO - Sync 1 DAGs
[2025-02-19T05:55:52.909+0000] {logging_mixin.py:188} INFO - [2025-02-19T05:55:52.908+0000] {dag.py:3823} INFO - Setting next_dagrun for example_setup_teardown to 2025-02-18 00:00:00+00:00, run_after=2025-02-19 00:00:00+00:00
[2025-02-19T05:55:53.139+0000] {processor.py:183} INFO - Processing /home/airflow/.local/lib/python3.10/site-packages/airflow/example_dags/example_setup_teardown.py took 0.559 seconds
[2025-02-19T05:58:24.666+0000] {processor.py:161} INFO - Started process (PID=97) to work on /home/airflow/.local/lib/python3.10/site-packages/airflow/example_dags/example_setup_teardown.py
[2025-02-19T05:58:24.687+0000] {processor.py:830} INFO - Processing file /home/airflow/.local/lib/python3.10/site-packages/airflow/example_dags/example_setup_teardown.py for tasks to queue
[2025-02-19T05:58:24.694+0000] {logging_mixin.py:188} INFO - [2025-02-19T05:58:24.692+0000] {dagbag.py:538} INFO - Filling up the DagBag from /home/airflow/.local/lib/python3.10/site-packages/airflow/example_dags/example_setup_teardown.py
[2025-02-19T05:58:24.751+0000] {processor.py:840} INFO - DAG(s) 'example_setup_teardown' retrieved from /home/airflow/.local/lib/python3.10/site-packages/airflow/example_dags/example_setup_teardown.py
[2025-02-19T05:58:24.899+0000] {logging_mixin.py:188} INFO - [2025-02-19T05:58:24.898+0000] {dag.py:3036} INFO - Sync 1 DAGs
[2025-02-19T05:58:25.024+0000] {logging_mixin.py:188} INFO - [2025-02-19T05:58:25.023+0000] {dag.py:3823} INFO - Setting next_dagrun for example_setup_teardown to 2025-02-18 00:00:00+00:00, run_after=2025-02-19 00:00:00+00:00
[2025-02-19T05:58:25.282+0000] {processor.py:183} INFO - Processing /home/airflow/.local/lib/python3.10/site-packages/airflow/example_dags/example_setup_teardown.py took 0.637 seconds
[2025-02-19T05:59:50.516+0000] {processor.py:161} INFO - Started process (PID=143) to work on /home/airflow/.local/lib/python3.10/site-packages/airflow/example_dags/example_setup_teardown.py
[2025-02-19T05:59:50.519+0000] {processor.py:830} INFO - Processing file /home/airflow/.local/lib/python3.10/site-packages/airflow/example_dags/example_setup_teardown.py for tasks to queue
[2025-02-19T05:59:50.522+0000] {logging_mixin.py:188} INFO - [2025-02-19T05:59:50.521+0000] {dagbag.py:538} INFO - Filling up the DagBag from /home/airflow/.local/lib/python3.10/site-packages/airflow/example_dags/example_setup_teardown.py
[2025-02-19T05:59:50.560+0000] {processor.py:840} INFO - DAG(s) 'example_setup_teardown' retrieved from /home/airflow/.local/lib/python3.10/site-packages/airflow/example_dags/example_setup_teardown.py
[2025-02-19T05:59:50.639+0000] {logging_mixin.py:188} INFO - [2025-02-19T05:59:50.638+0000] {dag.py:3036} INFO - Sync 1 DAGs
[2025-02-19T05:59:50.741+0000] {logging_mixin.py:188} INFO - [2025-02-19T05:59:50.740+0000] {dag.py:3823} INFO - Setting next_dagrun for example_setup_teardown to 2025-02-18 00:00:00+00:00, run_after=2025-02-19 00:00:00+00:00
[2025-02-19T05:59:50.914+0000] {processor.py:183} INFO - Processing /home/airflow/.local/lib/python3.10/site-packages/airflow/example_dags/example_setup_teardown.py took 0.406 seconds
[2025-02-19T06:01:49.465+0000] {processor.py:161} INFO - Started process (PID=209) to work on /home/airflow/.local/lib/python3.10/site-packages/airflow/example_dags/example_setup_teardown.py
[2025-02-19T06:01:49.478+0000] {processor.py:830} INFO - Processing file /home/airflow/.local/lib/python3.10/site-packages/airflow/example_dags/example_setup_teardown.py for tasks to queue
[2025-02-19T06:01:49.481+0000] {logging_mixin.py:188} INFO - [2025-02-19T06:01:49.480+0000] {dagbag.py:538} INFO - Filling up the DagBag from /home/airflow/.local/lib/python3.10/site-packages/airflow/example_dags/example_setup_teardown.py
[2025-02-19T06:01:49.544+0000] {processor.py:840} INFO - DAG(s) 'example_setup_teardown' retrieved from /home/airflow/.local/lib/python3.10/site-packages/airflow/example_dags/example_setup_teardown.py
[2025-02-19T06:01:49.715+0000] {logging_mixin.py:188} INFO - [2025-02-19T06:01:49.714+0000] {dag.py:3036} INFO - Sync 1 DAGs
[2025-02-19T06:01:50.007+0000] {logging_mixin.py:188} INFO - [2025-02-19T06:01:50.007+0000] {dag.py:3823} INFO - Setting next_dagrun for example_setup_teardown to 2025-02-18 00:00:00+00:00, run_after=2025-02-19 00:00:00+00:00
[2025-02-19T06:01:50.265+0000] {processor.py:183} INFO - Processing /home/airflow/.local/lib/python3.10/site-packages/airflow/example_dags/example_setup_teardown.py took 0.808 seconds
[2025-02-19T06:03:37.215+0000] {processor.py:161} INFO - Started process (PID=273) to work on /home/airflow/.local/lib/python3.10/site-packages/airflow/example_dags/example_setup_teardown.py
[2025-02-19T06:03:37.217+0000] {processor.py:830} INFO - Processing file /home/airflow/.local/lib/python3.10/site-packages/airflow/example_dags/example_setup_teardown.py for tasks to queue
[2025-02-19T06:03:37.218+0000] {logging_mixin.py:188} INFO - [2025-02-19T06:03:37.218+0000] {dagbag.py:538} INFO - Filling up the DagBag from /home/airflow/.local/lib/python3.10/site-packages/airflow/example_dags/example_setup_teardown.py
[2025-02-19T06:03:37.235+0000] {processor.py:840} INFO - DAG(s) 'example_setup_teardown' retrieved from /home/airflow/.local/lib/python3.10/site-packages/airflow/example_dags/example_setup_teardown.py
[2025-02-19T06:03:37.285+0000] {logging_mixin.py:188} INFO - [2025-02-19T06:03:37.284+0000] {dag.py:3036} INFO - Sync 1 DAGs
[2025-02-19T06:03:37.340+0000] {logging_mixin.py:188} INFO - [2025-02-19T06:03:37.340+0000] {dag.py:3823} INFO - Setting next_dagrun for example_setup_teardown to 2025-02-18 00:00:00+00:00, run_after=2025-02-19 00:00:00+00:00
[2025-02-19T06:03:37.491+0000] {processor.py:183} INFO - Processing /home/airflow/.local/lib/python3.10/site-packages/airflow/example_dags/example_setup_teardown.py took 0.283 seconds
[2025-02-19T06:05:21.648+0000] {processor.py:161} INFO - Started process (PID=336) to work on /home/airflow/.local/lib/python3.10/site-packages/airflow/example_dags/example_setup_teardown.py
[2025-02-19T06:05:21.651+0000] {processor.py:830} INFO - Processing file /home/airflow/.local/lib/python3.10/site-packages/airflow/example_dags/example_setup_teardown.py for tasks to queue
[2025-02-19T06:05:21.654+0000] {logging_mixin.py:188} INFO - [2025-02-19T06:05:21.653+0000] {dagbag.py:538} INFO - Filling up the DagBag from /home/airflow/.local/lib/python3.10/site-packages/airflow/example_dags/example_setup_teardown.py
[2025-02-19T06:05:21.704+0000] {processor.py:840} INFO - DAG(s) 'example_setup_teardown' retrieved from /home/airflow/.local/lib/python3.10/site-packages/airflow/example_dags/example_setup_teardown.py
[2025-02-19T06:05:21.784+0000] {logging_mixin.py:188} INFO - [2025-02-19T06:05:21.783+0000] {dag.py:3036} INFO - Sync 1 DAGs
[2025-02-19T06:05:21.906+0000] {logging_mixin.py:188} INFO - [2025-02-19T06:05:21.905+0000] {dag.py:3823} INFO - Setting next_dagrun for example_setup_teardown to 2025-02-18 00:00:00+00:00, run_after=2025-02-19 00:00:00+00:00
[2025-02-19T06:05:22.094+0000] {processor.py:183} INFO - Processing /home/airflow/.local/lib/python3.10/site-packages/airflow/example_dags/example_setup_teardown.py took 0.467 seconds
[2025-02-19T06:07:33.356+0000] {processor.py:161} INFO - Started process (PID=400) to work on /home/airflow/.local/lib/python3.10/site-packages/airflow/example_dags/example_setup_teardown.py
[2025-02-19T06:07:33.359+0000] {processor.py:830} INFO - Processing file /home/airflow/.local/lib/python3.10/site-packages/airflow/example_dags/example_setup_teardown.py for tasks to queue
[2025-02-19T06:07:33.363+0000] {logging_mixin.py:188} INFO - [2025-02-19T06:07:33.362+0000] {dagbag.py:538} INFO - Filling up the DagBag from /home/airflow/.local/lib/python3.10/site-packages/airflow/example_dags/example_setup_teardown.py
[2025-02-19T06:07:33.401+0000] {processor.py:840} INFO - DAG(s) 'example_setup_teardown' retrieved from /home/airflow/.local/lib/python3.10/site-packages/airflow/example_dags/example_setup_teardown.py
[2025-02-19T06:07:33.554+0000] {logging_mixin.py:188} INFO - [2025-02-19T06:07:33.554+0000] {dag.py:3036} INFO - Sync 1 DAGs
[2025-02-19T06:07:33.736+0000] {logging_mixin.py:188} INFO - [2025-02-19T06:07:33.735+0000] {dag.py:3823} INFO - Setting next_dagrun for example_setup_teardown to 2025-02-18 00:00:00+00:00, run_after=2025-02-19 00:00:00+00:00
[2025-02-19T06:07:34.041+0000] {processor.py:183} INFO - Processing /home/airflow/.local/lib/python3.10/site-packages/airflow/example_dags/example_setup_teardown.py took 0.696 seconds
[2025-02-19T06:09:20.766+0000] {processor.py:161} INFO - Started process (PID=463) to work on /home/airflow/.local/lib/python3.10/site-packages/airflow/example_dags/example_setup_teardown.py
[2025-02-19T06:09:20.777+0000] {processor.py:830} INFO - Processing file /home/airflow/.local/lib/python3.10/site-packages/airflow/example_dags/example_setup_teardown.py for tasks to queue
[2025-02-19T06:09:20.781+0000] {logging_mixin.py:188} INFO - [2025-02-19T06:09:20.779+0000] {dagbag.py:538} INFO - Filling up the DagBag from /home/airflow/.local/lib/python3.10/site-packages/airflow/example_dags/example_setup_teardown.py
[2025-02-19T06:09:20.813+0000] {processor.py:840} INFO - DAG(s) 'example_setup_teardown' retrieved from /home/airflow/.local/lib/python3.10/site-packages/airflow/example_dags/example_setup_teardown.py
[2025-02-19T06:09:20.881+0000] {logging_mixin.py:188} INFO - [2025-02-19T06:09:20.880+0000] {dag.py:3036} INFO - Sync 1 DAGs
[2025-02-19T06:09:20.987+0000] {logging_mixin.py:188} INFO - [2025-02-19T06:09:20.986+0000] {dag.py:3823} INFO - Setting next_dagrun for example_setup_teardown to 2025-02-18 00:00:00+00:00, run_after=2025-02-19 00:00:00+00:00
[2025-02-19T06:09:21.165+0000] {processor.py:183} INFO - Processing /home/airflow/.local/lib/python3.10/site-packages/airflow/example_dags/example_setup_teardown.py took 0.408 seconds
[2025-02-19T06:11:07.148+0000] {processor.py:161} INFO - Started process (PID=526) to work on /home/airflow/.local/lib/python3.10/site-packages/airflow/example_dags/example_setup_teardown.py
[2025-02-19T06:11:07.152+0000] {processor.py:830} INFO - Processing file /home/airflow/.local/lib/python3.10/site-packages/airflow/example_dags/example_setup_teardown.py for tasks to queue
[2025-02-19T06:11:07.165+0000] {logging_mixin.py:188} INFO - [2025-02-19T06:11:07.164+0000] {dagbag.py:538} INFO - Filling up the DagBag from /home/airflow/.local/lib/python3.10/site-packages/airflow/example_dags/example_setup_teardown.py
[2025-02-19T06:11:07.222+0000] {processor.py:840} INFO - DAG(s) 'example_setup_teardown' retrieved from /home/airflow/.local/lib/python3.10/site-packages/airflow/example_dags/example_setup_teardown.py
[2025-02-19T06:11:07.368+0000] {logging_mixin.py:188} INFO - [2025-02-19T06:11:07.367+0000] {dag.py:3036} INFO - Sync 1 DAGs
[2025-02-19T06:11:07.505+0000] {logging_mixin.py:188} INFO - [2025-02-19T06:11:07.504+0000] {dag.py:3823} INFO - Setting next_dagrun for example_setup_teardown to 2025-02-18 00:00:00+00:00, run_after=2025-02-19 00:00:00+00:00
[2025-02-19T06:11:07.699+0000] {processor.py:183} INFO - Processing /home/airflow/.local/lib/python3.10/site-packages/airflow/example_dags/example_setup_teardown.py took 0.573 seconds
[2025-02-19T06:13:00.911+0000] {processor.py:161} INFO - Started process (PID=591) to work on /home/airflow/.local/lib/python3.10/site-packages/airflow/example_dags/example_setup_teardown.py
[2025-02-19T06:13:00.915+0000] {processor.py:830} INFO - Processing file /home/airflow/.local/lib/python3.10/site-packages/airflow/example_dags/example_setup_teardown.py for tasks to queue
[2025-02-19T06:13:00.920+0000] {logging_mixin.py:188} INFO - [2025-02-19T06:13:00.918+0000] {dagbag.py:538} INFO - Filling up the DagBag from /home/airflow/.local/lib/python3.10/site-packages/airflow/example_dags/example_setup_teardown.py
[2025-02-19T06:13:00.961+0000] {processor.py:840} INFO - DAG(s) 'example_setup_teardown' retrieved from /home/airflow/.local/lib/python3.10/site-packages/airflow/example_dags/example_setup_teardown.py
[2025-02-19T06:13:01.128+0000] {logging_mixin.py:188} INFO - [2025-02-19T06:13:01.127+0000] {dag.py:3036} INFO - Sync 1 DAGs
[2025-02-19T06:13:01.246+0000] {logging_mixin.py:188} INFO - [2025-02-19T06:13:01.245+0000] {dag.py:3823} INFO - Setting next_dagrun for example_setup_teardown to 2025-02-18 00:00:00+00:00, run_after=2025-02-19 00:00:00+00:00
[2025-02-19T06:13:01.431+0000] {processor.py:183} INFO - Processing /home/airflow/.local/lib/python3.10/site-packages/airflow/example_dags/example_setup_teardown.py took 0.531 seconds
[2025-02-19T06:14:38.749+0000] {processor.py:161} INFO - Started process (PID=652) to work on /home/airflow/.local/lib/python3.10/site-packages/airflow/example_dags/example_setup_teardown.py
[2025-02-19T06:14:38.751+0000] {processor.py:830} INFO - Processing file /home/airflow/.local/lib/python3.10/site-packages/airflow/example_dags/example_setup_teardown.py for tasks to queue
[2025-02-19T06:14:38.754+0000] {logging_mixin.py:188} INFO - [2025-02-19T06:14:38.753+0000] {dagbag.py:538} INFO - Filling up the DagBag from /home/airflow/.local/lib/python3.10/site-packages/airflow/example_dags/example_setup_teardown.py
[2025-02-19T06:14:38.770+0000] {processor.py:840} INFO - DAG(s) 'example_setup_teardown' retrieved from /home/airflow/.local/lib/python3.10/site-packages/airflow/example_dags/example_setup_teardown.py
[2025-02-19T06:14:38.840+0000] {logging_mixin.py:188} INFO - [2025-02-19T06:14:38.840+0000] {dag.py:3036} INFO - Sync 1 DAGs
[2025-02-19T06:14:38.922+0000] {logging_mixin.py:188} INFO - [2025-02-19T06:14:38.921+0000] {dag.py:3823} INFO - Setting next_dagrun for example_setup_teardown to 2025-02-18 00:00:00+00:00, run_after=2025-02-19 00:00:00+00:00
[2025-02-19T06:14:39.118+0000] {processor.py:183} INFO - Processing /home/airflow/.local/lib/python3.10/site-packages/airflow/example_dags/example_setup_teardown.py took 0.379 seconds
[2025-02-19T06:16:10.485+0000] {processor.py:161} INFO - Started process (PID=712) to work on /home/airflow/.local/lib/python3.10/site-packages/airflow/example_dags/example_setup_teardown.py
[2025-02-19T06:16:10.488+0000] {processor.py:830} INFO - Processing file /home/airflow/.local/lib/python3.10/site-packages/airflow/example_dags/example_setup_teardown.py for tasks to queue
[2025-02-19T06:16:10.491+0000] {logging_mixin.py:188} INFO - [2025-02-19T06:16:10.490+0000] {dagbag.py:538} INFO - Filling up the DagBag from /home/airflow/.local/lib/python3.10/site-packages/airflow/example_dags/example_setup_teardown.py
[2025-02-19T06:16:10.509+0000] {processor.py:840} INFO - DAG(s) 'example_setup_teardown' retrieved from /home/airflow/.local/lib/python3.10/site-packages/airflow/example_dags/example_setup_teardown.py
[2025-02-19T06:16:10.573+0000] {logging_mixin.py:188} INFO - [2025-02-19T06:16:10.573+0000] {dag.py:3036} INFO - Sync 1 DAGs
[2025-02-19T06:16:10.634+0000] {logging_mixin.py:188} INFO - [2025-02-19T06:16:10.633+0000] {dag.py:3823} INFO - Setting next_dagrun for example_setup_teardown to 2025-02-18 00:00:00+00:00, run_after=2025-02-19 00:00:00+00:00
[2025-02-19T06:16:10.768+0000] {processor.py:183} INFO - Processing /home/airflow/.local/lib/python3.10/site-packages/airflow/example_dags/example_setup_teardown.py took 0.289 seconds
[2025-02-19T06:17:22.370+0000] {processor.py:161} INFO - Started process (PID=746) to work on /home/airflow/.local/lib/python3.10/site-packages/airflow/example_dags/example_setup_teardown.py
[2025-02-19T06:17:22.372+0000] {processor.py:830} INFO - Processing file /home/airflow/.local/lib/python3.10/site-packages/airflow/example_dags/example_setup_teardown.py for tasks to queue
[2025-02-19T06:17:22.383+0000] {logging_mixin.py:188} INFO - [2025-02-19T06:17:22.374+0000] {dagbag.py:538} INFO - Filling up the DagBag from /home/airflow/.local/lib/python3.10/site-packages/airflow/example_dags/example_setup_teardown.py
[2025-02-19T06:17:22.453+0000] {processor.py:840} INFO - DAG(s) 'example_setup_teardown' retrieved from /home/airflow/.local/lib/python3.10/site-packages/airflow/example_dags/example_setup_teardown.py
[2025-02-19T06:17:22.530+0000] {logging_mixin.py:188} INFO - [2025-02-19T06:17:22.530+0000] {dag.py:3036} INFO - Sync 1 DAGs
[2025-02-19T06:17:22.589+0000] {logging_mixin.py:188} INFO - [2025-02-19T06:17:22.588+0000] {dag.py:3823} INFO - Setting next_dagrun for example_setup_teardown to 2025-02-18 00:00:00+00:00, run_after=2025-02-19 00:00:00+00:00
[2025-02-19T06:17:22.756+0000] {processor.py:183} INFO - Processing /home/airflow/.local/lib/python3.10/site-packages/airflow/example_dags/example_setup_teardown.py took 0.393 seconds
[2025-02-19T06:18:59.043+0000] {processor.py:161} INFO - Started process (PID=807) to work on /home/airflow/.local/lib/python3.10/site-packages/airflow/example_dags/example_setup_teardown.py
[2025-02-19T06:18:59.046+0000] {processor.py:830} INFO - Processing file /home/airflow/.local/lib/python3.10/site-packages/airflow/example_dags/example_setup_teardown.py for tasks to queue
[2025-02-19T06:18:59.051+0000] {logging_mixin.py:188} INFO - [2025-02-19T06:18:59.049+0000] {dagbag.py:538} INFO - Filling up the DagBag from /home/airflow/.local/lib/python3.10/site-packages/airflow/example_dags/example_setup_teardown.py
[2025-02-19T06:18:59.071+0000] {processor.py:840} INFO - DAG(s) 'example_setup_teardown' retrieved from /home/airflow/.local/lib/python3.10/site-packages/airflow/example_dags/example_setup_teardown.py
[2025-02-19T06:18:59.123+0000] {logging_mixin.py:188} INFO - [2025-02-19T06:18:59.122+0000] {dag.py:3036} INFO - Sync 1 DAGs
[2025-02-19T06:18:59.185+0000] {logging_mixin.py:188} INFO - [2025-02-19T06:18:59.184+0000] {dag.py:3823} INFO - Setting next_dagrun for example_setup_teardown to 2025-02-18 00:00:00+00:00, run_after=2025-02-19 00:00:00+00:00
[2025-02-19T06:18:59.319+0000] {processor.py:183} INFO - Processing /home/airflow/.local/lib/python3.10/site-packages/airflow/example_dags/example_setup_teardown.py took 0.287 seconds
[2025-02-19T06:20:32.018+0000] {processor.py:161} INFO - Started process (PID=866) to work on /home/airflow/.local/lib/python3.10/site-packages/airflow/example_dags/example_setup_teardown.py
[2025-02-19T06:20:32.023+0000] {processor.py:830} INFO - Processing file /home/airflow/.local/lib/python3.10/site-packages/airflow/example_dags/example_setup_teardown.py for tasks to queue
[2025-02-19T06:20:32.027+0000] {logging_mixin.py:188} INFO - [2025-02-19T06:20:32.026+0000] {dagbag.py:538} INFO - Filling up the DagBag from /home/airflow/.local/lib/python3.10/site-packages/airflow/example_dags/example_setup_teardown.py
[2025-02-19T06:20:32.052+0000] {processor.py:840} INFO - DAG(s) 'example_setup_teardown' retrieved from /home/airflow/.local/lib/python3.10/site-packages/airflow/example_dags/example_setup_teardown.py
[2025-02-19T06:20:32.144+0000] {logging_mixin.py:188} INFO - [2025-02-19T06:20:32.143+0000] {dag.py:3036} INFO - Sync 1 DAGs
[2025-02-19T06:20:32.237+0000] {logging_mixin.py:188} INFO - [2025-02-19T06:20:32.237+0000] {dag.py:3823} INFO - Setting next_dagrun for example_setup_teardown to 2025-02-18 00:00:00+00:00, run_after=2025-02-19 00:00:00+00:00
[2025-02-19T06:20:32.382+0000] {processor.py:183} INFO - Processing /home/airflow/.local/lib/python3.10/site-packages/airflow/example_dags/example_setup_teardown.py took 0.372 seconds
[2025-02-19T06:22:32.255+0000] {processor.py:161} INFO - Started process (PID=931) to work on /home/airflow/.local/lib/python3.10/site-packages/airflow/example_dags/example_setup_teardown.py
[2025-02-19T06:22:32.266+0000] {processor.py:830} INFO - Processing file /home/airflow/.local/lib/python3.10/site-packages/airflow/example_dags/example_setup_teardown.py for tasks to queue
[2025-02-19T06:22:32.273+0000] {logging_mixin.py:188} INFO - [2025-02-19T06:22:32.273+0000] {dagbag.py:538} INFO - Filling up the DagBag from /home/airflow/.local/lib/python3.10/site-packages/airflow/example_dags/example_setup_teardown.py
[2025-02-19T06:22:32.303+0000] {processor.py:840} INFO - DAG(s) 'example_setup_teardown' retrieved from /home/airflow/.local/lib/python3.10/site-packages/airflow/example_dags/example_setup_teardown.py
[2025-02-19T06:22:32.408+0000] {logging_mixin.py:188} INFO - [2025-02-19T06:22:32.408+0000] {dag.py:3036} INFO - Sync 1 DAGs
[2025-02-19T06:22:32.522+0000] {logging_mixin.py:188} INFO - [2025-02-19T06:22:32.522+0000] {dag.py:3823} INFO - Setting next_dagrun for example_setup_teardown to 2025-02-18 00:00:00+00:00, run_after=2025-02-19 00:00:00+00:00
[2025-02-19T06:22:32.745+0000] {processor.py:183} INFO - Processing /home/airflow/.local/lib/python3.10/site-packages/airflow/example_dags/example_setup_teardown.py took 0.498 seconds
[2025-02-19T06:24:47.113+0000] {processor.py:161} INFO - Started process (PID=999) to work on /home/airflow/.local/lib/python3.10/site-packages/airflow/example_dags/example_setup_teardown.py
[2025-02-19T06:24:47.123+0000] {processor.py:830} INFO - Processing file /home/airflow/.local/lib/python3.10/site-packages/airflow/example_dags/example_setup_teardown.py for tasks to queue
[2025-02-19T06:24:47.127+0000] {logging_mixin.py:188} INFO - [2025-02-19T06:24:47.126+0000] {dagbag.py:538} INFO - Filling up the DagBag from /home/airflow/.local/lib/python3.10/site-packages/airflow/example_dags/example_setup_teardown.py
[2025-02-19T06:24:47.159+0000] {processor.py:840} INFO - DAG(s) 'example_setup_teardown' retrieved from /home/airflow/.local/lib/python3.10/site-packages/airflow/example_dags/example_setup_teardown.py
[2025-02-19T06:24:47.241+0000] {logging_mixin.py:188} INFO - [2025-02-19T06:24:47.240+0000] {dag.py:3036} INFO - Sync 1 DAGs
[2025-02-19T06:24:47.342+0000] {logging_mixin.py:188} INFO - [2025-02-19T06:24:47.342+0000] {dag.py:3823} INFO - Setting next_dagrun for example_setup_teardown to 2025-02-18 00:00:00+00:00, run_after=2025-02-19 00:00:00+00:00
[2025-02-19T06:24:47.549+0000] {processor.py:183} INFO - Processing /home/airflow/.local/lib/python3.10/site-packages/airflow/example_dags/example_setup_teardown.py took 0.446 seconds
[2025-02-19T06:26:43.731+0000] {processor.py:161} INFO - Started process (PID=1063) to work on /home/airflow/.local/lib/python3.10/site-packages/airflow/example_dags/example_setup_teardown.py
[2025-02-19T06:26:43.735+0000] {processor.py:830} INFO - Processing file /home/airflow/.local/lib/python3.10/site-packages/airflow/example_dags/example_setup_teardown.py for tasks to queue
[2025-02-19T06:26:43.738+0000] {logging_mixin.py:188} INFO - [2025-02-19T06:26:43.737+0000] {dagbag.py:538} INFO - Filling up the DagBag from /home/airflow/.local/lib/python3.10/site-packages/airflow/example_dags/example_setup_teardown.py
[2025-02-19T06:26:43.775+0000] {processor.py:840} INFO - DAG(s) 'example_setup_teardown' retrieved from /home/airflow/.local/lib/python3.10/site-packages/airflow/example_dags/example_setup_teardown.py
[2025-02-19T06:26:43.891+0000] {logging_mixin.py:188} INFO - [2025-02-19T06:26:43.890+0000] {dag.py:3036} INFO - Sync 1 DAGs
[2025-02-19T06:26:44.025+0000] {logging_mixin.py:188} INFO - [2025-02-19T06:26:44.018+0000] {dag.py:3823} INFO - Setting next_dagrun for example_setup_teardown to 2025-02-18 00:00:00+00:00, run_after=2025-02-19 00:00:00+00:00
[2025-02-19T06:26:44.222+0000] {processor.py:183} INFO - Processing /home/airflow/.local/lib/python3.10/site-packages/airflow/example_dags/example_setup_teardown.py took 0.500 seconds
[2025-02-19T06:30:18.668+0000] {processor.py:161} INFO - Started process (PID=48) to work on /home/airflow/.local/lib/python3.10/site-packages/airflow/example_dags/example_setup_teardown.py
[2025-02-19T06:30:18.675+0000] {processor.py:830} INFO - Processing file /home/airflow/.local/lib/python3.10/site-packages/airflow/example_dags/example_setup_teardown.py for tasks to queue
[2025-02-19T06:30:18.679+0000] {logging_mixin.py:188} INFO - [2025-02-19T06:30:18.678+0000] {dagbag.py:538} INFO - Filling up the DagBag from /home/airflow/.local/lib/python3.10/site-packages/airflow/example_dags/example_setup_teardown.py
[2025-02-19T06:30:18.719+0000] {processor.py:840} INFO - DAG(s) 'example_setup_teardown' retrieved from /home/airflow/.local/lib/python3.10/site-packages/airflow/example_dags/example_setup_teardown.py
[2025-02-19T06:30:18.856+0000] {logging_mixin.py:188} INFO - [2025-02-19T06:30:18.855+0000] {dag.py:3036} INFO - Sync 1 DAGs
[2025-02-19T06:30:18.968+0000] {logging_mixin.py:188} INFO - [2025-02-19T06:30:18.968+0000] {dag.py:3823} INFO - Setting next_dagrun for example_setup_teardown to 2025-02-18 00:00:00+00:00, run_after=2025-02-19 00:00:00+00:00
[2025-02-19T06:30:19.120+0000] {processor.py:183} INFO - Processing /home/airflow/.local/lib/python3.10/site-packages/airflow/example_dags/example_setup_teardown.py took 0.470 seconds
[2025-02-19T06:31:52.617+0000] {processor.py:161} INFO - Started process (PID=97) to work on /home/airflow/.local/lib/python3.10/site-packages/airflow/example_dags/example_setup_teardown.py
[2025-02-19T06:31:52.625+0000] {processor.py:830} INFO - Processing file /home/airflow/.local/lib/python3.10/site-packages/airflow/example_dags/example_setup_teardown.py for tasks to queue
[2025-02-19T06:31:52.633+0000] {logging_mixin.py:188} INFO - [2025-02-19T06:31:52.631+0000] {dagbag.py:538} INFO - Filling up the DagBag from /home/airflow/.local/lib/python3.10/site-packages/airflow/example_dags/example_setup_teardown.py
[2025-02-19T06:31:52.685+0000] {processor.py:840} INFO - DAG(s) 'example_setup_teardown' retrieved from /home/airflow/.local/lib/python3.10/site-packages/airflow/example_dags/example_setup_teardown.py
[2025-02-19T06:31:52.868+0000] {logging_mixin.py:188} INFO - [2025-02-19T06:31:52.867+0000] {dag.py:3036} INFO - Sync 1 DAGs
[2025-02-19T06:31:53.039+0000] {logging_mixin.py:188} INFO - [2025-02-19T06:31:53.039+0000] {dag.py:3823} INFO - Setting next_dagrun for example_setup_teardown to 2025-02-18 00:00:00+00:00, run_after=2025-02-19 00:00:00+00:00
[2025-02-19T06:31:53.220+0000] {processor.py:183} INFO - Processing /home/airflow/.local/lib/python3.10/site-packages/airflow/example_dags/example_setup_teardown.py took 0.620 seconds
[2025-02-19T06:34:08.262+0000] {processor.py:161} INFO - Started process (PID=165) to work on /home/airflow/.local/lib/python3.10/site-packages/airflow/example_dags/example_setup_teardown.py
[2025-02-19T06:34:08.264+0000] {processor.py:830} INFO - Processing file /home/airflow/.local/lib/python3.10/site-packages/airflow/example_dags/example_setup_teardown.py for tasks to queue
[2025-02-19T06:34:08.266+0000] {logging_mixin.py:188} INFO - [2025-02-19T06:34:08.265+0000] {dagbag.py:538} INFO - Filling up the DagBag from /home/airflow/.local/lib/python3.10/site-packages/airflow/example_dags/example_setup_teardown.py
[2025-02-19T06:34:08.277+0000] {processor.py:840} INFO - DAG(s) 'example_setup_teardown' retrieved from /home/airflow/.local/lib/python3.10/site-packages/airflow/example_dags/example_setup_teardown.py
[2025-02-19T06:34:08.323+0000] {logging_mixin.py:188} INFO - [2025-02-19T06:34:08.322+0000] {dag.py:3036} INFO - Sync 1 DAGs
[2025-02-19T06:34:08.380+0000] {logging_mixin.py:188} INFO - [2025-02-19T06:34:08.379+0000] {dag.py:3823} INFO - Setting next_dagrun for example_setup_teardown to 2025-02-18 00:00:00+00:00, run_after=2025-02-19 00:00:00+00:00
[2025-02-19T06:34:08.519+0000] {processor.py:183} INFO - Processing /home/airflow/.local/lib/python3.10/site-packages/airflow/example_dags/example_setup_teardown.py took 0.261 seconds
[2025-02-19T06:35:36.687+0000] {processor.py:161} INFO - Started process (PID=224) to work on /home/airflow/.local/lib/python3.10/site-packages/airflow/example_dags/example_setup_teardown.py
[2025-02-19T06:35:36.702+0000] {processor.py:830} INFO - Processing file /home/airflow/.local/lib/python3.10/site-packages/airflow/example_dags/example_setup_teardown.py for tasks to queue
[2025-02-19T06:35:36.707+0000] {logging_mixin.py:188} INFO - [2025-02-19T06:35:36.706+0000] {dagbag.py:538} INFO - Filling up the DagBag from /home/airflow/.local/lib/python3.10/site-packages/airflow/example_dags/example_setup_teardown.py
[2025-02-19T06:35:36.740+0000] {processor.py:840} INFO - DAG(s) 'example_setup_teardown' retrieved from /home/airflow/.local/lib/python3.10/site-packages/airflow/example_dags/example_setup_teardown.py
[2025-02-19T06:35:36.797+0000] {logging_mixin.py:188} INFO - [2025-02-19T06:35:36.797+0000] {dag.py:3036} INFO - Sync 1 DAGs
[2025-02-19T06:35:36.855+0000] {logging_mixin.py:188} INFO - [2025-02-19T06:35:36.854+0000] {dag.py:3823} INFO - Setting next_dagrun for example_setup_teardown to 2025-02-18 00:00:00+00:00, run_after=2025-02-19 00:00:00+00:00
[2025-02-19T06:35:36.951+0000] {processor.py:183} INFO - Processing /home/airflow/.local/lib/python3.10/site-packages/airflow/example_dags/example_setup_teardown.py took 0.279 seconds
[2025-02-19T06:37:35.936+0000] {processor.py:161} INFO - Started process (PID=289) to work on /home/airflow/.local/lib/python3.10/site-packages/airflow/example_dags/example_setup_teardown.py
[2025-02-19T06:37:35.938+0000] {processor.py:830} INFO - Processing file /home/airflow/.local/lib/python3.10/site-packages/airflow/example_dags/example_setup_teardown.py for tasks to queue
[2025-02-19T06:37:35.940+0000] {logging_mixin.py:188} INFO - [2025-02-19T06:37:35.940+0000] {dagbag.py:538} INFO - Filling up the DagBag from /home/airflow/.local/lib/python3.10/site-packages/airflow/example_dags/example_setup_teardown.py
[2025-02-19T06:37:35.954+0000] {processor.py:840} INFO - DAG(s) 'example_setup_teardown' retrieved from /home/airflow/.local/lib/python3.10/site-packages/airflow/example_dags/example_setup_teardown.py
[2025-02-19T06:37:36.012+0000] {logging_mixin.py:188} INFO - [2025-02-19T06:37:36.011+0000] {dag.py:3036} INFO - Sync 1 DAGs
[2025-02-19T06:37:36.072+0000] {logging_mixin.py:188} INFO - [2025-02-19T06:37:36.071+0000] {dag.py:3823} INFO - Setting next_dagrun for example_setup_teardown to 2025-02-18 00:00:00+00:00, run_after=2025-02-19 00:00:00+00:00
[2025-02-19T06:37:36.209+0000] {processor.py:183} INFO - Processing /home/airflow/.local/lib/python3.10/site-packages/airflow/example_dags/example_setup_teardown.py took 0.281 seconds
[2025-02-19T06:38:58.952+0000] {processor.py:161} INFO - Started process (PID=346) to work on /home/airflow/.local/lib/python3.10/site-packages/airflow/example_dags/example_setup_teardown.py
[2025-02-19T06:38:58.958+0000] {processor.py:830} INFO - Processing file /home/airflow/.local/lib/python3.10/site-packages/airflow/example_dags/example_setup_teardown.py for tasks to queue
[2025-02-19T06:38:58.961+0000] {logging_mixin.py:188} INFO - [2025-02-19T06:38:58.961+0000] {dagbag.py:538} INFO - Filling up the DagBag from /home/airflow/.local/lib/python3.10/site-packages/airflow/example_dags/example_setup_teardown.py
[2025-02-19T06:38:58.980+0000] {processor.py:840} INFO - DAG(s) 'example_setup_teardown' retrieved from /home/airflow/.local/lib/python3.10/site-packages/airflow/example_dags/example_setup_teardown.py
[2025-02-19T06:38:59.047+0000] {logging_mixin.py:188} INFO - [2025-02-19T06:38:59.047+0000] {dag.py:3036} INFO - Sync 1 DAGs
[2025-02-19T06:38:59.155+0000] {logging_mixin.py:188} INFO - [2025-02-19T06:38:59.155+0000] {dag.py:3823} INFO - Setting next_dagrun for example_setup_teardown to 2025-02-18 00:00:00+00:00, run_after=2025-02-19 00:00:00+00:00
[2025-02-19T06:38:59.325+0000] {processor.py:183} INFO - Processing /home/airflow/.local/lib/python3.10/site-packages/airflow/example_dags/example_setup_teardown.py took 0.380 seconds
[2025-02-19T06:40:33.704+0000] {processor.py:161} INFO - Started process (PID=381) to work on /home/airflow/.local/lib/python3.10/site-packages/airflow/example_dags/example_setup_teardown.py
[2025-02-19T06:40:33.717+0000] {processor.py:830} INFO - Processing file /home/airflow/.local/lib/python3.10/site-packages/airflow/example_dags/example_setup_teardown.py for tasks to queue
[2025-02-19T06:40:33.722+0000] {logging_mixin.py:188} INFO - [2025-02-19T06:40:33.720+0000] {dagbag.py:538} INFO - Filling up the DagBag from /home/airflow/.local/lib/python3.10/site-packages/airflow/example_dags/example_setup_teardown.py
[2025-02-19T06:40:33.764+0000] {processor.py:840} INFO - DAG(s) 'example_setup_teardown' retrieved from /home/airflow/.local/lib/python3.10/site-packages/airflow/example_dags/example_setup_teardown.py
[2025-02-19T06:40:33.888+0000] {logging_mixin.py:188} INFO - [2025-02-19T06:40:33.888+0000] {dag.py:3036} INFO - Sync 1 DAGs
[2025-02-19T06:40:34.014+0000] {logging_mixin.py:188} INFO - [2025-02-19T06:40:34.013+0000] {dag.py:3823} INFO - Setting next_dagrun for example_setup_teardown to 2025-02-18 00:00:00+00:00, run_after=2025-02-19 00:00:00+00:00
[2025-02-19T06:40:34.302+0000] {processor.py:183} INFO - Processing /home/airflow/.local/lib/python3.10/site-packages/airflow/example_dags/example_setup_teardown.py took 0.620 seconds
[2025-02-19T06:43:43.907+0000] {processor.py:161} INFO - Started process (PID=48) to work on /home/airflow/.local/lib/python3.10/site-packages/airflow/example_dags/example_setup_teardown.py
[2025-02-19T06:43:43.910+0000] {processor.py:830} INFO - Processing file /home/airflow/.local/lib/python3.10/site-packages/airflow/example_dags/example_setup_teardown.py for tasks to queue
[2025-02-19T06:43:43.921+0000] {logging_mixin.py:188} INFO - [2025-02-19T06:43:43.912+0000] {dagbag.py:538} INFO - Filling up the DagBag from /home/airflow/.local/lib/python3.10/site-packages/airflow/example_dags/example_setup_teardown.py
[2025-02-19T06:43:43.957+0000] {processor.py:840} INFO - DAG(s) 'example_setup_teardown' retrieved from /home/airflow/.local/lib/python3.10/site-packages/airflow/example_dags/example_setup_teardown.py
[2025-02-19T06:43:44.060+0000] {logging_mixin.py:188} INFO - [2025-02-19T06:43:44.059+0000] {dag.py:3036} INFO - Sync 1 DAGs
[2025-02-19T06:43:44.189+0000] {logging_mixin.py:188} INFO - [2025-02-19T06:43:44.189+0000] {dag.py:3823} INFO - Setting next_dagrun for example_setup_teardown to 2025-02-18 00:00:00+00:00, run_after=2025-02-19 00:00:00+00:00
[2025-02-19T06:43:44.344+0000] {processor.py:183} INFO - Processing /home/airflow/.local/lib/python3.10/site-packages/airflow/example_dags/example_setup_teardown.py took 0.446 seconds
[2025-02-19T06:45:06.943+0000] {processor.py:161} INFO - Started process (PID=97) to work on /home/airflow/.local/lib/python3.10/site-packages/airflow/example_dags/example_setup_teardown.py
[2025-02-19T06:45:06.947+0000] {processor.py:830} INFO - Processing file /home/airflow/.local/lib/python3.10/site-packages/airflow/example_dags/example_setup_teardown.py for tasks to queue
[2025-02-19T06:45:06.950+0000] {logging_mixin.py:188} INFO - [2025-02-19T06:45:06.949+0000] {dagbag.py:538} INFO - Filling up the DagBag from /home/airflow/.local/lib/python3.10/site-packages/airflow/example_dags/example_setup_teardown.py
[2025-02-19T06:45:06.980+0000] {processor.py:840} INFO - DAG(s) 'example_setup_teardown' retrieved from /home/airflow/.local/lib/python3.10/site-packages/airflow/example_dags/example_setup_teardown.py
[2025-02-19T06:45:07.073+0000] {logging_mixin.py:188} INFO - [2025-02-19T06:45:07.069+0000] {dag.py:3036} INFO - Sync 1 DAGs
[2025-02-19T06:45:07.155+0000] {logging_mixin.py:188} INFO - [2025-02-19T06:45:07.154+0000] {dag.py:3823} INFO - Setting next_dagrun for example_setup_teardown to 2025-02-18 00:00:00+00:00, run_after=2025-02-19 00:00:00+00:00
[2025-02-19T06:45:07.366+0000] {processor.py:183} INFO - Processing /home/airflow/.local/lib/python3.10/site-packages/airflow/example_dags/example_setup_teardown.py took 0.435 seconds
[2025-02-19T06:46:49.014+0000] {processor.py:161} INFO - Started process (PID=160) to work on /home/airflow/.local/lib/python3.10/site-packages/airflow/example_dags/example_setup_teardown.py
[2025-02-19T06:46:49.017+0000] {processor.py:830} INFO - Processing file /home/airflow/.local/lib/python3.10/site-packages/airflow/example_dags/example_setup_teardown.py for tasks to queue
[2025-02-19T06:46:49.020+0000] {logging_mixin.py:188} INFO - [2025-02-19T06:46:49.019+0000] {dagbag.py:538} INFO - Filling up the DagBag from /home/airflow/.local/lib/python3.10/site-packages/airflow/example_dags/example_setup_teardown.py
[2025-02-19T06:46:49.039+0000] {processor.py:840} INFO - DAG(s) 'example_setup_teardown' retrieved from /home/airflow/.local/lib/python3.10/site-packages/airflow/example_dags/example_setup_teardown.py
[2025-02-19T06:46:49.096+0000] {logging_mixin.py:188} INFO - [2025-02-19T06:46:49.095+0000] {dag.py:3036} INFO - Sync 1 DAGs
[2025-02-19T06:46:49.172+0000] {logging_mixin.py:188} INFO - [2025-02-19T06:46:49.171+0000] {dag.py:3823} INFO - Setting next_dagrun for example_setup_teardown to 2025-02-18 00:00:00+00:00, run_after=2025-02-19 00:00:00+00:00
[2025-02-19T06:46:49.404+0000] {processor.py:183} INFO - Processing /home/airflow/.local/lib/python3.10/site-packages/airflow/example_dags/example_setup_teardown.py took 0.397 seconds
[2025-02-19T06:48:34.404+0000] {processor.py:161} INFO - Started process (PID=221) to work on /home/airflow/.local/lib/python3.10/site-packages/airflow/example_dags/example_setup_teardown.py
[2025-02-19T06:48:34.407+0000] {processor.py:830} INFO - Processing file /home/airflow/.local/lib/python3.10/site-packages/airflow/example_dags/example_setup_teardown.py for tasks to queue
[2025-02-19T06:48:34.410+0000] {logging_mixin.py:188} INFO - [2025-02-19T06:48:34.409+0000] {dagbag.py:538} INFO - Filling up the DagBag from /home/airflow/.local/lib/python3.10/site-packages/airflow/example_dags/example_setup_teardown.py
[2025-02-19T06:48:34.433+0000] {processor.py:840} INFO - DAG(s) 'example_setup_teardown' retrieved from /home/airflow/.local/lib/python3.10/site-packages/airflow/example_dags/example_setup_teardown.py
[2025-02-19T06:48:34.510+0000] {logging_mixin.py:188} INFO - [2025-02-19T06:48:34.509+0000] {dag.py:3036} INFO - Sync 1 DAGs
[2025-02-19T06:48:34.590+0000] {logging_mixin.py:188} INFO - [2025-02-19T06:48:34.587+0000] {dag.py:3823} INFO - Setting next_dagrun for example_setup_teardown to 2025-02-18 00:00:00+00:00, run_after=2025-02-19 00:00:00+00:00
[2025-02-19T06:48:34.744+0000] {processor.py:183} INFO - Processing /home/airflow/.local/lib/python3.10/site-packages/airflow/example_dags/example_setup_teardown.py took 0.348 seconds
[2025-02-19T06:50:19.027+0000] {processor.py:161} INFO - Started process (PID=282) to work on /home/airflow/.local/lib/python3.10/site-packages/airflow/example_dags/example_setup_teardown.py
[2025-02-19T06:50:19.034+0000] {processor.py:830} INFO - Processing file /home/airflow/.local/lib/python3.10/site-packages/airflow/example_dags/example_setup_teardown.py for tasks to queue
[2025-02-19T06:50:19.036+0000] {logging_mixin.py:188} INFO - [2025-02-19T06:50:19.035+0000] {dagbag.py:538} INFO - Filling up the DagBag from /home/airflow/.local/lib/python3.10/site-packages/airflow/example_dags/example_setup_teardown.py
[2025-02-19T06:50:19.068+0000] {processor.py:840} INFO - DAG(s) 'example_setup_teardown' retrieved from /home/airflow/.local/lib/python3.10/site-packages/airflow/example_dags/example_setup_teardown.py
[2025-02-19T06:50:19.136+0000] {logging_mixin.py:188} INFO - [2025-02-19T06:50:19.136+0000] {dag.py:3036} INFO - Sync 1 DAGs
[2025-02-19T06:50:19.271+0000] {logging_mixin.py:188} INFO - [2025-02-19T06:50:19.271+0000] {dag.py:3823} INFO - Setting next_dagrun for example_setup_teardown to 2025-02-18 00:00:00+00:00, run_after=2025-02-19 00:00:00+00:00
[2025-02-19T06:50:19.477+0000] {processor.py:183} INFO - Processing /home/airflow/.local/lib/python3.10/site-packages/airflow/example_dags/example_setup_teardown.py took 0.458 seconds
[2025-02-19T06:51:58.721+0000] {processor.py:161} INFO - Started process (PID=344) to work on /home/airflow/.local/lib/python3.10/site-packages/airflow/example_dags/example_setup_teardown.py
[2025-02-19T06:51:58.766+0000] {processor.py:830} INFO - Processing file /home/airflow/.local/lib/python3.10/site-packages/airflow/example_dags/example_setup_teardown.py for tasks to queue
[2025-02-19T06:51:58.799+0000] {logging_mixin.py:188} INFO - [2025-02-19T06:51:58.798+0000] {dagbag.py:538} INFO - Filling up the DagBag from /home/airflow/.local/lib/python3.10/site-packages/airflow/example_dags/example_setup_teardown.py
[2025-02-19T06:51:58.878+0000] {processor.py:840} INFO - DAG(s) 'example_setup_teardown' retrieved from /home/airflow/.local/lib/python3.10/site-packages/airflow/example_dags/example_setup_teardown.py
[2025-02-19T06:51:59.209+0000] {logging_mixin.py:188} INFO - [2025-02-19T06:51:59.201+0000] {dag.py:3036} INFO - Sync 1 DAGs
[2025-02-19T06:51:59.415+0000] {logging_mixin.py:188} INFO - [2025-02-19T06:51:59.414+0000] {dag.py:3823} INFO - Setting next_dagrun for example_setup_teardown to 2025-02-18 00:00:00+00:00, run_after=2025-02-19 00:00:00+00:00
[2025-02-19T06:51:59.797+0000] {processor.py:183} INFO - Processing /home/airflow/.local/lib/python3.10/site-packages/airflow/example_dags/example_setup_teardown.py took 1.088 seconds
[2025-02-19T06:53:42.434+0000] {processor.py:161} INFO - Started process (PID=406) to work on /home/airflow/.local/lib/python3.10/site-packages/airflow/example_dags/example_setup_teardown.py
[2025-02-19T06:53:42.437+0000] {processor.py:830} INFO - Processing file /home/airflow/.local/lib/python3.10/site-packages/airflow/example_dags/example_setup_teardown.py for tasks to queue
[2025-02-19T06:53:42.440+0000] {logging_mixin.py:188} INFO - [2025-02-19T06:53:42.439+0000] {dagbag.py:538} INFO - Filling up the DagBag from /home/airflow/.local/lib/python3.10/site-packages/airflow/example_dags/example_setup_teardown.py
[2025-02-19T06:53:42.487+0000] {processor.py:840} INFO - DAG(s) 'example_setup_teardown' retrieved from /home/airflow/.local/lib/python3.10/site-packages/airflow/example_dags/example_setup_teardown.py
[2025-02-19T06:53:42.612+0000] {logging_mixin.py:188} INFO - [2025-02-19T06:53:42.611+0000] {dag.py:3036} INFO - Sync 1 DAGs
[2025-02-19T06:53:42.766+0000] {logging_mixin.py:188} INFO - [2025-02-19T06:53:42.766+0000] {dag.py:3823} INFO - Setting next_dagrun for example_setup_teardown to 2025-02-18 00:00:00+00:00, run_after=2025-02-19 00:00:00+00:00
[2025-02-19T06:53:43.027+0000] {processor.py:183} INFO - Processing /home/airflow/.local/lib/python3.10/site-packages/airflow/example_dags/example_setup_teardown.py took 0.603 seconds
[2025-02-19T06:55:06.780+0000] {processor.py:161} INFO - Started process (PID=464) to work on /home/airflow/.local/lib/python3.10/site-packages/airflow/example_dags/example_setup_teardown.py
[2025-02-19T06:55:06.784+0000] {processor.py:830} INFO - Processing file /home/airflow/.local/lib/python3.10/site-packages/airflow/example_dags/example_setup_teardown.py for tasks to queue
[2025-02-19T06:55:06.787+0000] {logging_mixin.py:188} INFO - [2025-02-19T06:55:06.786+0000] {dagbag.py:538} INFO - Filling up the DagBag from /home/airflow/.local/lib/python3.10/site-packages/airflow/example_dags/example_setup_teardown.py
[2025-02-19T06:55:06.820+0000] {processor.py:840} INFO - DAG(s) 'example_setup_teardown' retrieved from /home/airflow/.local/lib/python3.10/site-packages/airflow/example_dags/example_setup_teardown.py
[2025-02-19T06:55:06.899+0000] {logging_mixin.py:188} INFO - [2025-02-19T06:55:06.899+0000] {dag.py:3036} INFO - Sync 1 DAGs
[2025-02-19T06:55:07.002+0000] {logging_mixin.py:188} INFO - [2025-02-19T06:55:07.001+0000] {dag.py:3823} INFO - Setting next_dagrun for example_setup_teardown to 2025-02-18 00:00:00+00:00, run_after=2025-02-19 00:00:00+00:00
[2025-02-19T06:55:07.273+0000] {processor.py:183} INFO - Processing /home/airflow/.local/lib/python3.10/site-packages/airflow/example_dags/example_setup_teardown.py took 0.504 seconds
[2025-02-19T06:56:29.831+0000] {processor.py:161} INFO - Started process (PID=520) to work on /home/airflow/.local/lib/python3.10/site-packages/airflow/example_dags/example_setup_teardown.py
[2025-02-19T06:56:29.834+0000] {processor.py:830} INFO - Processing file /home/airflow/.local/lib/python3.10/site-packages/airflow/example_dags/example_setup_teardown.py for tasks to queue
[2025-02-19T06:56:29.837+0000] {logging_mixin.py:188} INFO - [2025-02-19T06:56:29.836+0000] {dagbag.py:538} INFO - Filling up the DagBag from /home/airflow/.local/lib/python3.10/site-packages/airflow/example_dags/example_setup_teardown.py
[2025-02-19T06:56:29.859+0000] {processor.py:840} INFO - DAG(s) 'example_setup_teardown' retrieved from /home/airflow/.local/lib/python3.10/site-packages/airflow/example_dags/example_setup_teardown.py
[2025-02-19T06:56:29.952+0000] {logging_mixin.py:188} INFO - [2025-02-19T06:56:29.944+0000] {dag.py:3036} INFO - Sync 1 DAGs
[2025-02-19T06:56:30.043+0000] {logging_mixin.py:188} INFO - [2025-02-19T06:56:30.043+0000] {dag.py:3823} INFO - Setting next_dagrun for example_setup_teardown to 2025-02-18 00:00:00+00:00, run_after=2025-02-19 00:00:00+00:00
[2025-02-19T06:56:30.205+0000] {processor.py:183} INFO - Processing /home/airflow/.local/lib/python3.10/site-packages/airflow/example_dags/example_setup_teardown.py took 0.387 seconds
[2025-02-19T06:58:09.859+0000] {processor.py:161} INFO - Started process (PID=581) to work on /home/airflow/.local/lib/python3.10/site-packages/airflow/example_dags/example_setup_teardown.py
[2025-02-19T06:58:09.861+0000] {processor.py:830} INFO - Processing file /home/airflow/.local/lib/python3.10/site-packages/airflow/example_dags/example_setup_teardown.py for tasks to queue
[2025-02-19T06:58:09.863+0000] {logging_mixin.py:188} INFO - [2025-02-19T06:58:09.863+0000] {dagbag.py:538} INFO - Filling up the DagBag from /home/airflow/.local/lib/python3.10/site-packages/airflow/example_dags/example_setup_teardown.py
[2025-02-19T06:58:09.877+0000] {processor.py:840} INFO - DAG(s) 'example_setup_teardown' retrieved from /home/airflow/.local/lib/python3.10/site-packages/airflow/example_dags/example_setup_teardown.py
[2025-02-19T06:58:09.926+0000] {logging_mixin.py:188} INFO - [2025-02-19T06:58:09.925+0000] {dag.py:3036} INFO - Sync 1 DAGs
[2025-02-19T06:58:09.978+0000] {logging_mixin.py:188} INFO - [2025-02-19T06:58:09.978+0000] {dag.py:3823} INFO - Setting next_dagrun for example_setup_teardown to 2025-02-18 00:00:00+00:00, run_after=2025-02-19 00:00:00+00:00
[2025-02-19T06:58:10.137+0000] {processor.py:183} INFO - Processing /home/airflow/.local/lib/python3.10/site-packages/airflow/example_dags/example_setup_teardown.py took 0.289 seconds
[2025-02-19T06:59:44.199+0000] {processor.py:161} INFO - Started process (PID=640) to work on /home/airflow/.local/lib/python3.10/site-packages/airflow/example_dags/example_setup_teardown.py
[2025-02-19T06:59:44.202+0000] {processor.py:830} INFO - Processing file /home/airflow/.local/lib/python3.10/site-packages/airflow/example_dags/example_setup_teardown.py for tasks to queue
[2025-02-19T06:59:44.205+0000] {logging_mixin.py:188} INFO - [2025-02-19T06:59:44.204+0000] {dagbag.py:538} INFO - Filling up the DagBag from /home/airflow/.local/lib/python3.10/site-packages/airflow/example_dags/example_setup_teardown.py
[2025-02-19T06:59:44.236+0000] {processor.py:840} INFO - DAG(s) 'example_setup_teardown' retrieved from /home/airflow/.local/lib/python3.10/site-packages/airflow/example_dags/example_setup_teardown.py
[2025-02-19T06:59:44.318+0000] {logging_mixin.py:188} INFO - [2025-02-19T06:59:44.317+0000] {dag.py:3036} INFO - Sync 1 DAGs
[2025-02-19T06:59:44.422+0000] {logging_mixin.py:188} INFO - [2025-02-19T06:59:44.422+0000] {dag.py:3823} INFO - Setting next_dagrun for example_setup_teardown to 2025-02-18 00:00:00+00:00, run_after=2025-02-19 00:00:00+00:00
[2025-02-19T06:59:44.722+0000] {processor.py:183} INFO - Processing /home/airflow/.local/lib/python3.10/site-packages/airflow/example_dags/example_setup_teardown.py took 0.538 seconds
[2025-02-19T07:01:29.152+0000] {processor.py:161} INFO - Started process (PID=704) to work on /home/airflow/.local/lib/python3.10/site-packages/airflow/example_dags/example_setup_teardown.py
[2025-02-19T07:01:29.155+0000] {processor.py:830} INFO - Processing file /home/airflow/.local/lib/python3.10/site-packages/airflow/example_dags/example_setup_teardown.py for tasks to queue
[2025-02-19T07:01:29.157+0000] {logging_mixin.py:188} INFO - [2025-02-19T07:01:29.156+0000] {dagbag.py:538} INFO - Filling up the DagBag from /home/airflow/.local/lib/python3.10/site-packages/airflow/example_dags/example_setup_teardown.py
[2025-02-19T07:01:29.177+0000] {processor.py:840} INFO - DAG(s) 'example_setup_teardown' retrieved from /home/airflow/.local/lib/python3.10/site-packages/airflow/example_dags/example_setup_teardown.py
[2025-02-19T07:01:29.232+0000] {logging_mixin.py:188} INFO - [2025-02-19T07:01:29.231+0000] {dag.py:3036} INFO - Sync 1 DAGs
[2025-02-19T07:01:29.291+0000] {logging_mixin.py:188} INFO - [2025-02-19T07:01:29.290+0000] {dag.py:3823} INFO - Setting next_dagrun for example_setup_teardown to 2025-02-18 00:00:00+00:00, run_after=2025-02-19 00:00:00+00:00
[2025-02-19T07:01:29.435+0000] {processor.py:183} INFO - Processing /home/airflow/.local/lib/python3.10/site-packages/airflow/example_dags/example_setup_teardown.py took 0.290 seconds
[2025-02-19T07:03:09.843+0000] {processor.py:161} INFO - Started process (PID=766) to work on /home/airflow/.local/lib/python3.10/site-packages/airflow/example_dags/example_setup_teardown.py
[2025-02-19T07:03:09.847+0000] {processor.py:830} INFO - Processing file /home/airflow/.local/lib/python3.10/site-packages/airflow/example_dags/example_setup_teardown.py for tasks to queue
[2025-02-19T07:03:09.851+0000] {logging_mixin.py:188} INFO - [2025-02-19T07:03:09.850+0000] {dagbag.py:538} INFO - Filling up the DagBag from /home/airflow/.local/lib/python3.10/site-packages/airflow/example_dags/example_setup_teardown.py
[2025-02-19T07:03:09.890+0000] {processor.py:840} INFO - DAG(s) 'example_setup_teardown' retrieved from /home/airflow/.local/lib/python3.10/site-packages/airflow/example_dags/example_setup_teardown.py
[2025-02-19T07:03:10.004+0000] {logging_mixin.py:188} INFO - [2025-02-19T07:03:10.003+0000] {dag.py:3036} INFO - Sync 1 DAGs
[2025-02-19T07:03:10.104+0000] {logging_mixin.py:188} INFO - [2025-02-19T07:03:10.103+0000] {dag.py:3823} INFO - Setting next_dagrun for example_setup_teardown to 2025-02-18 00:00:00+00:00, run_after=2025-02-19 00:00:00+00:00
[2025-02-19T07:03:10.272+0000] {processor.py:183} INFO - Processing /home/airflow/.local/lib/python3.10/site-packages/airflow/example_dags/example_setup_teardown.py took 0.447 seconds
[2025-02-19T07:05:26.903+0000] {processor.py:161} INFO - Started process (PID=826) to work on /home/airflow/.local/lib/python3.10/site-packages/airflow/example_dags/example_setup_teardown.py
[2025-02-19T07:05:26.909+0000] {processor.py:830} INFO - Processing file /home/airflow/.local/lib/python3.10/site-packages/airflow/example_dags/example_setup_teardown.py for tasks to queue
[2025-02-19T07:05:26.913+0000] {logging_mixin.py:188} INFO - [2025-02-19T07:05:26.911+0000] {dagbag.py:538} INFO - Filling up the DagBag from /home/airflow/.local/lib/python3.10/site-packages/airflow/example_dags/example_setup_teardown.py
[2025-02-19T07:05:26.936+0000] {processor.py:840} INFO - DAG(s) 'example_setup_teardown' retrieved from /home/airflow/.local/lib/python3.10/site-packages/airflow/example_dags/example_setup_teardown.py
[2025-02-19T07:05:27.010+0000] {logging_mixin.py:188} INFO - [2025-02-19T07:05:27.010+0000] {dag.py:3036} INFO - Sync 1 DAGs
[2025-02-19T07:05:27.103+0000] {logging_mixin.py:188} INFO - [2025-02-19T07:05:27.102+0000] {dag.py:3823} INFO - Setting next_dagrun for example_setup_teardown to 2025-02-18 00:00:00+00:00, run_after=2025-02-19 00:00:00+00:00
[2025-02-19T07:05:27.257+0000] {processor.py:183} INFO - Processing /home/airflow/.local/lib/python3.10/site-packages/airflow/example_dags/example_setup_teardown.py took 0.362 seconds
[2025-02-19T07:06:46.840+0000] {processor.py:161} INFO - Started process (PID=858) to work on /home/airflow/.local/lib/python3.10/site-packages/airflow/example_dags/example_setup_teardown.py
[2025-02-19T07:06:46.850+0000] {processor.py:830} INFO - Processing file /home/airflow/.local/lib/python3.10/site-packages/airflow/example_dags/example_setup_teardown.py for tasks to queue
[2025-02-19T07:06:46.854+0000] {logging_mixin.py:188} INFO - [2025-02-19T07:06:46.853+0000] {dagbag.py:538} INFO - Filling up the DagBag from /home/airflow/.local/lib/python3.10/site-packages/airflow/example_dags/example_setup_teardown.py
[2025-02-19T07:06:46.891+0000] {processor.py:840} INFO - DAG(s) 'example_setup_teardown' retrieved from /home/airflow/.local/lib/python3.10/site-packages/airflow/example_dags/example_setup_teardown.py
[2025-02-19T07:06:47.163+0000] {logging_mixin.py:188} INFO - [2025-02-19T07:06:47.162+0000] {dag.py:3036} INFO - Sync 1 DAGs
[2025-02-19T07:06:47.347+0000] {logging_mixin.py:188} INFO - [2025-02-19T07:06:47.345+0000] {dag.py:3823} INFO - Setting next_dagrun for example_setup_teardown to 2025-02-18 00:00:00+00:00, run_after=2025-02-19 00:00:00+00:00
[2025-02-19T07:06:47.709+0000] {processor.py:183} INFO - Processing /home/airflow/.local/lib/python3.10/site-packages/airflow/example_dags/example_setup_teardown.py took 0.887 seconds
