[2025-02-19T05:55:44.208+0000] {processor.py:161} INFO - Started process (PID=44) to work on /home/airflow/.local/lib/python3.10/site-packages/airflow/example_dags/example_branch_operator.py
[2025-02-19T05:55:44.212+0000] {processor.py:830} INFO - Processing file /home/airflow/.local/lib/python3.10/site-packages/airflow/example_dags/example_branch_operator.py for tasks to queue
[2025-02-19T05:55:44.217+0000] {logging_mixin.py:188} INFO - [2025-02-19T05:55:44.216+0000] {dagbag.py:538} INFO - Filling up the DagBag from /home/airflow/.local/lib/python3.10/site-packages/airflow/example_dags/example_branch_operator.py
[2025-02-19T05:55:44.353+0000] {processor.py:840} INFO - DAG(s) 'example_branch_operator' retrieved from /home/airflow/.local/lib/python3.10/site-packages/airflow/example_dags/example_branch_operator.py
[2025-02-19T05:55:45.449+0000] {logging_mixin.py:188} INFO - [2025-02-19T05:55:45.448+0000] {dag.py:3036} INFO - Sync 1 DAGs
[2025-02-19T05:55:45.680+0000] {logging_mixin.py:188} INFO - [2025-02-19T05:55:45.679+0000] {dag.py:3823} INFO - Setting next_dagrun for example_branch_operator to 2025-02-18 00:00:00+00:00, run_after=2025-02-19 00:00:00+00:00
[2025-02-19T05:55:45.982+0000] {processor.py:183} INFO - Processing /home/airflow/.local/lib/python3.10/site-packages/airflow/example_dags/example_branch_operator.py took 1.795 seconds
[2025-02-19T05:58:14.246+0000] {processor.py:161} INFO - Started process (PID=93) to work on /home/airflow/.local/lib/python3.10/site-packages/airflow/example_dags/example_branch_operator.py
[2025-02-19T05:58:14.250+0000] {processor.py:830} INFO - Processing file /home/airflow/.local/lib/python3.10/site-packages/airflow/example_dags/example_branch_operator.py for tasks to queue
[2025-02-19T05:58:14.261+0000] {logging_mixin.py:188} INFO - [2025-02-19T05:58:14.260+0000] {dagbag.py:538} INFO - Filling up the DagBag from /home/airflow/.local/lib/python3.10/site-packages/airflow/example_dags/example_branch_operator.py
[2025-02-19T05:58:14.473+0000] {processor.py:840} INFO - DAG(s) 'example_branch_operator' retrieved from /home/airflow/.local/lib/python3.10/site-packages/airflow/example_dags/example_branch_operator.py
[2025-02-19T05:58:14.698+0000] {logging_mixin.py:188} INFO - [2025-02-19T05:58:14.697+0000] {dag.py:3036} INFO - Sync 1 DAGs
[2025-02-19T05:58:14.844+0000] {logging_mixin.py:188} INFO - [2025-02-19T05:58:14.844+0000] {dag.py:3823} INFO - Setting next_dagrun for example_branch_operator to 2025-02-18 00:00:00+00:00, run_after=2025-02-19 00:00:00+00:00
[2025-02-19T05:58:15.953+0000] {processor.py:183} INFO - Processing /home/airflow/.local/lib/python3.10/site-packages/airflow/example_dags/example_branch_operator.py took 1.713 seconds
[2025-02-19T05:59:43.069+0000] {processor.py:161} INFO - Started process (PID=139) to work on /home/airflow/.local/lib/python3.10/site-packages/airflow/example_dags/example_branch_operator.py
[2025-02-19T05:59:43.083+0000] {processor.py:830} INFO - Processing file /home/airflow/.local/lib/python3.10/site-packages/airflow/example_dags/example_branch_operator.py for tasks to queue
[2025-02-19T05:59:43.086+0000] {logging_mixin.py:188} INFO - [2025-02-19T05:59:43.085+0000] {dagbag.py:538} INFO - Filling up the DagBag from /home/airflow/.local/lib/python3.10/site-packages/airflow/example_dags/example_branch_operator.py
[2025-02-19T05:59:43.163+0000] {processor.py:840} INFO - DAG(s) 'example_branch_operator' retrieved from /home/airflow/.local/lib/python3.10/site-packages/airflow/example_dags/example_branch_operator.py
[2025-02-19T05:59:43.301+0000] {logging_mixin.py:188} INFO - [2025-02-19T05:59:43.300+0000] {dag.py:3036} INFO - Sync 1 DAGs
[2025-02-19T05:59:43.407+0000] {logging_mixin.py:188} INFO - [2025-02-19T05:59:43.407+0000] {dag.py:3823} INFO - Setting next_dagrun for example_branch_operator to 2025-02-18 00:00:00+00:00, run_after=2025-02-19 00:00:00+00:00
[2025-02-19T05:59:43.715+0000] {processor.py:183} INFO - Processing /home/airflow/.local/lib/python3.10/site-packages/airflow/example_dags/example_branch_operator.py took 0.654 seconds
[2025-02-19T06:00:44.357+0000] {processor.py:161} INFO - Started process (PID=171) to work on /home/airflow/.local/lib/python3.10/site-packages/airflow/example_dags/example_branch_operator.py
[2025-02-19T06:00:44.381+0000] {processor.py:830} INFO - Processing file /home/airflow/.local/lib/python3.10/site-packages/airflow/example_dags/example_branch_operator.py for tasks to queue
[2025-02-19T06:00:44.397+0000] {logging_mixin.py:188} INFO - [2025-02-19T06:00:44.396+0000] {dagbag.py:538} INFO - Filling up the DagBag from /home/airflow/.local/lib/python3.10/site-packages/airflow/example_dags/example_branch_operator.py
[2025-02-19T06:00:44.570+0000] {processor.py:840} INFO - DAG(s) 'example_branch_operator' retrieved from /home/airflow/.local/lib/python3.10/site-packages/airflow/example_dags/example_branch_operator.py
[2025-02-19T06:00:44.870+0000] {logging_mixin.py:188} INFO - [2025-02-19T06:00:44.870+0000] {dag.py:3036} INFO - Sync 1 DAGs
[2025-02-19T06:00:45.041+0000] {logging_mixin.py:188} INFO - [2025-02-19T06:00:45.040+0000] {dag.py:3823} INFO - Setting next_dagrun for example_branch_operator to 2025-02-18 00:00:00+00:00, run_after=2025-02-19 00:00:00+00:00
[2025-02-19T06:00:45.270+0000] {processor.py:183} INFO - Processing /home/airflow/.local/lib/python3.10/site-packages/airflow/example_dags/example_branch_operator.py took 0.923 seconds
[2025-02-19T06:01:42.284+0000] {processor.py:161} INFO - Started process (PID=205) to work on /home/airflow/.local/lib/python3.10/site-packages/airflow/example_dags/example_branch_operator.py
[2025-02-19T06:01:42.287+0000] {processor.py:830} INFO - Processing file /home/airflow/.local/lib/python3.10/site-packages/airflow/example_dags/example_branch_operator.py for tasks to queue
[2025-02-19T06:01:42.290+0000] {logging_mixin.py:188} INFO - [2025-02-19T06:01:42.289+0000] {dagbag.py:538} INFO - Filling up the DagBag from /home/airflow/.local/lib/python3.10/site-packages/airflow/example_dags/example_branch_operator.py
[2025-02-19T06:01:42.369+0000] {processor.py:840} INFO - DAG(s) 'example_branch_operator' retrieved from /home/airflow/.local/lib/python3.10/site-packages/airflow/example_dags/example_branch_operator.py
[2025-02-19T06:01:42.512+0000] {logging_mixin.py:188} INFO - [2025-02-19T06:01:42.511+0000] {dag.py:3036} INFO - Sync 1 DAGs
[2025-02-19T06:01:42.620+0000] {logging_mixin.py:188} INFO - [2025-02-19T06:01:42.618+0000] {dag.py:3823} INFO - Setting next_dagrun for example_branch_operator to 2025-02-18 00:00:00+00:00, run_after=2025-02-19 00:00:00+00:00
[2025-02-19T06:01:42.790+0000] {processor.py:183} INFO - Processing /home/airflow/.local/lib/python3.10/site-packages/airflow/example_dags/example_branch_operator.py took 0.518 seconds
[2025-02-19T06:02:40.944+0000] {processor.py:161} INFO - Started process (PID=237) to work on /home/airflow/.local/lib/python3.10/site-packages/airflow/example_dags/example_branch_operator.py
[2025-02-19T06:02:40.947+0000] {processor.py:830} INFO - Processing file /home/airflow/.local/lib/python3.10/site-packages/airflow/example_dags/example_branch_operator.py for tasks to queue
[2025-02-19T06:02:40.949+0000] {logging_mixin.py:188} INFO - [2025-02-19T06:02:40.948+0000] {dagbag.py:538} INFO - Filling up the DagBag from /home/airflow/.local/lib/python3.10/site-packages/airflow/example_dags/example_branch_operator.py
[2025-02-19T06:02:40.998+0000] {processor.py:840} INFO - DAG(s) 'example_branch_operator' retrieved from /home/airflow/.local/lib/python3.10/site-packages/airflow/example_dags/example_branch_operator.py
[2025-02-19T06:02:41.098+0000] {logging_mixin.py:188} INFO - [2025-02-19T06:02:41.097+0000] {dag.py:3036} INFO - Sync 1 DAGs
[2025-02-19T06:02:41.226+0000] {logging_mixin.py:188} INFO - [2025-02-19T06:02:41.225+0000] {dag.py:3823} INFO - Setting next_dagrun for example_branch_operator to 2025-02-18 00:00:00+00:00, run_after=2025-02-19 00:00:00+00:00
[2025-02-19T06:02:41.428+0000] {processor.py:183} INFO - Processing /home/airflow/.local/lib/python3.10/site-packages/airflow/example_dags/example_branch_operator.py took 0.490 seconds
[2025-02-19T06:04:19.406+0000] {processor.py:161} INFO - Started process (PID=298) to work on /home/airflow/.local/lib/python3.10/site-packages/airflow/example_dags/example_branch_operator.py
[2025-02-19T06:04:19.409+0000] {processor.py:830} INFO - Processing file /home/airflow/.local/lib/python3.10/site-packages/airflow/example_dags/example_branch_operator.py for tasks to queue
[2025-02-19T06:04:19.412+0000] {logging_mixin.py:188} INFO - [2025-02-19T06:04:19.411+0000] {dagbag.py:538} INFO - Filling up the DagBag from /home/airflow/.local/lib/python3.10/site-packages/airflow/example_dags/example_branch_operator.py
[2025-02-19T06:04:19.473+0000] {processor.py:840} INFO - DAG(s) 'example_branch_operator' retrieved from /home/airflow/.local/lib/python3.10/site-packages/airflow/example_dags/example_branch_operator.py
[2025-02-19T06:04:19.586+0000] {logging_mixin.py:188} INFO - [2025-02-19T06:04:19.585+0000] {dag.py:3036} INFO - Sync 1 DAGs
[2025-02-19T06:04:19.662+0000] {logging_mixin.py:188} INFO - [2025-02-19T06:04:19.661+0000] {dag.py:3823} INFO - Setting next_dagrun for example_branch_operator to 2025-02-18 00:00:00+00:00, run_after=2025-02-19 00:00:00+00:00
[2025-02-19T06:04:19.815+0000] {processor.py:183} INFO - Processing /home/airflow/.local/lib/python3.10/site-packages/airflow/example_dags/example_branch_operator.py took 0.418 seconds
[2025-02-19T06:05:14.613+0000] {processor.py:161} INFO - Started process (PID=332) to work on /home/airflow/.local/lib/python3.10/site-packages/airflow/example_dags/example_branch_operator.py
[2025-02-19T06:05:14.616+0000] {processor.py:830} INFO - Processing file /home/airflow/.local/lib/python3.10/site-packages/airflow/example_dags/example_branch_operator.py for tasks to queue
[2025-02-19T06:05:14.618+0000] {logging_mixin.py:188} INFO - [2025-02-19T06:05:14.617+0000] {dagbag.py:538} INFO - Filling up the DagBag from /home/airflow/.local/lib/python3.10/site-packages/airflow/example_dags/example_branch_operator.py
[2025-02-19T06:05:14.683+0000] {processor.py:840} INFO - DAG(s) 'example_branch_operator' retrieved from /home/airflow/.local/lib/python3.10/site-packages/airflow/example_dags/example_branch_operator.py
[2025-02-19T06:05:14.778+0000] {logging_mixin.py:188} INFO - [2025-02-19T06:05:14.778+0000] {dag.py:3036} INFO - Sync 1 DAGs
[2025-02-19T06:05:14.860+0000] {logging_mixin.py:188} INFO - [2025-02-19T06:05:14.859+0000] {dag.py:3823} INFO - Setting next_dagrun for example_branch_operator to 2025-02-18 00:00:00+00:00, run_after=2025-02-19 00:00:00+00:00
[2025-02-19T06:05:14.999+0000] {processor.py:183} INFO - Processing /home/airflow/.local/lib/python3.10/site-packages/airflow/example_dags/example_branch_operator.py took 0.392 seconds
[2025-02-19T06:07:26.065+0000] {processor.py:161} INFO - Started process (PID=396) to work on /home/airflow/.local/lib/python3.10/site-packages/airflow/example_dags/example_branch_operator.py
[2025-02-19T06:07:26.077+0000] {processor.py:830} INFO - Processing file /home/airflow/.local/lib/python3.10/site-packages/airflow/example_dags/example_branch_operator.py for tasks to queue
[2025-02-19T06:07:26.080+0000] {logging_mixin.py:188} INFO - [2025-02-19T06:07:26.079+0000] {dagbag.py:538} INFO - Filling up the DagBag from /home/airflow/.local/lib/python3.10/site-packages/airflow/example_dags/example_branch_operator.py
[2025-02-19T06:07:26.170+0000] {processor.py:840} INFO - DAG(s) 'example_branch_operator' retrieved from /home/airflow/.local/lib/python3.10/site-packages/airflow/example_dags/example_branch_operator.py
[2025-02-19T06:07:26.365+0000] {logging_mixin.py:188} INFO - [2025-02-19T06:07:26.364+0000] {dag.py:3036} INFO - Sync 1 DAGs
[2025-02-19T06:07:26.498+0000] {logging_mixin.py:188} INFO - [2025-02-19T06:07:26.497+0000] {dag.py:3823} INFO - Setting next_dagrun for example_branch_operator to 2025-02-18 00:00:00+00:00, run_after=2025-02-19 00:00:00+00:00
[2025-02-19T06:07:26.675+0000] {processor.py:183} INFO - Processing /home/airflow/.local/lib/python3.10/site-packages/airflow/example_dags/example_branch_operator.py took 0.618 seconds
[2025-02-19T06:08:25.727+0000] {processor.py:161} INFO - Started process (PID=430) to work on /home/airflow/.local/lib/python3.10/site-packages/airflow/example_dags/example_branch_operator.py
[2025-02-19T06:08:25.730+0000] {processor.py:830} INFO - Processing file /home/airflow/.local/lib/python3.10/site-packages/airflow/example_dags/example_branch_operator.py for tasks to queue
[2025-02-19T06:08:25.741+0000] {logging_mixin.py:188} INFO - [2025-02-19T06:08:25.740+0000] {dagbag.py:538} INFO - Filling up the DagBag from /home/airflow/.local/lib/python3.10/site-packages/airflow/example_dags/example_branch_operator.py
[2025-02-19T06:08:25.851+0000] {processor.py:840} INFO - DAG(s) 'example_branch_operator' retrieved from /home/airflow/.local/lib/python3.10/site-packages/airflow/example_dags/example_branch_operator.py
[2025-02-19T06:08:26.026+0000] {logging_mixin.py:188} INFO - [2025-02-19T06:08:26.026+0000] {dag.py:3036} INFO - Sync 1 DAGs
[2025-02-19T06:08:26.177+0000] {logging_mixin.py:188} INFO - [2025-02-19T06:08:26.175+0000] {dag.py:3823} INFO - Setting next_dagrun for example_branch_operator to 2025-02-18 00:00:00+00:00, run_after=2025-02-19 00:00:00+00:00
[2025-02-19T06:08:26.351+0000] {processor.py:183} INFO - Processing /home/airflow/.local/lib/python3.10/site-packages/airflow/example_dags/example_branch_operator.py took 0.632 seconds
[2025-02-19T06:10:09.311+0000] {processor.py:161} INFO - Started process (PID=493) to work on /home/airflow/.local/lib/python3.10/site-packages/airflow/example_dags/example_branch_operator.py
[2025-02-19T06:10:09.317+0000] {processor.py:830} INFO - Processing file /home/airflow/.local/lib/python3.10/site-packages/airflow/example_dags/example_branch_operator.py for tasks to queue
[2025-02-19T06:10:09.322+0000] {logging_mixin.py:188} INFO - [2025-02-19T06:10:09.321+0000] {dagbag.py:538} INFO - Filling up the DagBag from /home/airflow/.local/lib/python3.10/site-packages/airflow/example_dags/example_branch_operator.py
[2025-02-19T06:10:09.393+0000] {processor.py:840} INFO - DAG(s) 'example_branch_operator' retrieved from /home/airflow/.local/lib/python3.10/site-packages/airflow/example_dags/example_branch_operator.py
[2025-02-19T06:10:09.523+0000] {logging_mixin.py:188} INFO - [2025-02-19T06:10:09.523+0000] {dag.py:3036} INFO - Sync 1 DAGs
[2025-02-19T06:10:09.608+0000] {logging_mixin.py:188} INFO - [2025-02-19T06:10:09.607+0000] {dag.py:3823} INFO - Setting next_dagrun for example_branch_operator to 2025-02-18 00:00:00+00:00, run_after=2025-02-19 00:00:00+00:00
[2025-02-19T06:10:09.741+0000] {processor.py:183} INFO - Processing /home/airflow/.local/lib/python3.10/site-packages/airflow/example_dags/example_branch_operator.py took 0.438 seconds
[2025-02-19T06:11:56.516+0000] {processor.py:161} INFO - Started process (PID=555) to work on /home/airflow/.local/lib/python3.10/site-packages/airflow/example_dags/example_branch_operator.py
[2025-02-19T06:11:56.525+0000] {processor.py:830} INFO - Processing file /home/airflow/.local/lib/python3.10/site-packages/airflow/example_dags/example_branch_operator.py for tasks to queue
[2025-02-19T06:11:56.530+0000] {logging_mixin.py:188} INFO - [2025-02-19T06:11:56.529+0000] {dagbag.py:538} INFO - Filling up the DagBag from /home/airflow/.local/lib/python3.10/site-packages/airflow/example_dags/example_branch_operator.py
[2025-02-19T06:11:56.632+0000] {processor.py:840} INFO - DAG(s) 'example_branch_operator' retrieved from /home/airflow/.local/lib/python3.10/site-packages/airflow/example_dags/example_branch_operator.py
[2025-02-19T06:11:56.790+0000] {logging_mixin.py:188} INFO - [2025-02-19T06:11:56.789+0000] {dag.py:3036} INFO - Sync 1 DAGs
[2025-02-19T06:11:56.926+0000] {logging_mixin.py:188} INFO - [2025-02-19T06:11:56.925+0000] {dag.py:3823} INFO - Setting next_dagrun for example_branch_operator to 2025-02-18 00:00:00+00:00, run_after=2025-02-19 00:00:00+00:00
[2025-02-19T06:11:57.242+0000] {processor.py:183} INFO - Processing /home/airflow/.local/lib/python3.10/site-packages/airflow/example_dags/example_branch_operator.py took 0.736 seconds
[2025-02-19T06:12:54.312+0000] {processor.py:161} INFO - Started process (PID=587) to work on /home/airflow/.local/lib/python3.10/site-packages/airflow/example_dags/example_branch_operator.py
[2025-02-19T06:12:54.316+0000] {processor.py:830} INFO - Processing file /home/airflow/.local/lib/python3.10/site-packages/airflow/example_dags/example_branch_operator.py for tasks to queue
[2025-02-19T06:12:54.320+0000] {logging_mixin.py:188} INFO - [2025-02-19T06:12:54.319+0000] {dagbag.py:538} INFO - Filling up the DagBag from /home/airflow/.local/lib/python3.10/site-packages/airflow/example_dags/example_branch_operator.py
[2025-02-19T06:12:54.411+0000] {processor.py:840} INFO - DAG(s) 'example_branch_operator' retrieved from /home/airflow/.local/lib/python3.10/site-packages/airflow/example_dags/example_branch_operator.py
[2025-02-19T06:12:54.536+0000] {logging_mixin.py:188} INFO - [2025-02-19T06:12:54.536+0000] {dag.py:3036} INFO - Sync 1 DAGs
[2025-02-19T06:12:54.621+0000] {logging_mixin.py:188} INFO - [2025-02-19T06:12:54.621+0000] {dag.py:3823} INFO - Setting next_dagrun for example_branch_operator to 2025-02-18 00:00:00+00:00, run_after=2025-02-19 00:00:00+00:00
[2025-02-19T06:12:54.777+0000] {processor.py:183} INFO - Processing /home/airflow/.local/lib/python3.10/site-packages/airflow/example_dags/example_branch_operator.py took 0.481 seconds
[2025-02-19T06:14:31.654+0000] {processor.py:161} INFO - Started process (PID=648) to work on /home/airflow/.local/lib/python3.10/site-packages/airflow/example_dags/example_branch_operator.py
[2025-02-19T06:14:31.657+0000] {processor.py:830} INFO - Processing file /home/airflow/.local/lib/python3.10/site-packages/airflow/example_dags/example_branch_operator.py for tasks to queue
[2025-02-19T06:14:31.660+0000] {logging_mixin.py:188} INFO - [2025-02-19T06:14:31.659+0000] {dagbag.py:538} INFO - Filling up the DagBag from /home/airflow/.local/lib/python3.10/site-packages/airflow/example_dags/example_branch_operator.py
[2025-02-19T06:14:31.760+0000] {processor.py:840} INFO - DAG(s) 'example_branch_operator' retrieved from /home/airflow/.local/lib/python3.10/site-packages/airflow/example_dags/example_branch_operator.py
[2025-02-19T06:14:31.918+0000] {logging_mixin.py:188} INFO - [2025-02-19T06:14:31.918+0000] {dag.py:3036} INFO - Sync 1 DAGs
[2025-02-19T06:14:32.018+0000] {logging_mixin.py:188} INFO - [2025-02-19T06:14:32.018+0000] {dag.py:3823} INFO - Setting next_dagrun for example_branch_operator to 2025-02-18 00:00:00+00:00, run_after=2025-02-19 00:00:00+00:00
[2025-02-19T06:14:32.189+0000] {processor.py:183} INFO - Processing /home/airflow/.local/lib/python3.10/site-packages/airflow/example_dags/example_branch_operator.py took 0.542 seconds
[2025-02-19T06:16:03.913+0000] {processor.py:161} INFO - Started process (PID=708) to work on /home/airflow/.local/lib/python3.10/site-packages/airflow/example_dags/example_branch_operator.py
[2025-02-19T06:16:03.916+0000] {processor.py:830} INFO - Processing file /home/airflow/.local/lib/python3.10/site-packages/airflow/example_dags/example_branch_operator.py for tasks to queue
[2025-02-19T06:16:03.919+0000] {logging_mixin.py:188} INFO - [2025-02-19T06:16:03.918+0000] {dagbag.py:538} INFO - Filling up the DagBag from /home/airflow/.local/lib/python3.10/site-packages/airflow/example_dags/example_branch_operator.py
[2025-02-19T06:16:03.955+0000] {processor.py:840} INFO - DAG(s) 'example_branch_operator' retrieved from /home/airflow/.local/lib/python3.10/site-packages/airflow/example_dags/example_branch_operator.py
[2025-02-19T06:16:04.098+0000] {logging_mixin.py:188} INFO - [2025-02-19T06:16:04.097+0000] {dag.py:3036} INFO - Sync 1 DAGs
[2025-02-19T06:16:04.199+0000] {logging_mixin.py:188} INFO - [2025-02-19T06:16:04.198+0000] {dag.py:3823} INFO - Setting next_dagrun for example_branch_operator to 2025-02-18 00:00:00+00:00, run_after=2025-02-19 00:00:00+00:00
[2025-02-19T06:16:04.355+0000] {processor.py:183} INFO - Processing /home/airflow/.local/lib/python3.10/site-packages/airflow/example_dags/example_branch_operator.py took 0.452 seconds
[2025-02-19T06:17:15.370+0000] {processor.py:161} INFO - Started process (PID=742) to work on /home/airflow/.local/lib/python3.10/site-packages/airflow/example_dags/example_branch_operator.py
[2025-02-19T06:17:15.380+0000] {processor.py:830} INFO - Processing file /home/airflow/.local/lib/python3.10/site-packages/airflow/example_dags/example_branch_operator.py for tasks to queue
[2025-02-19T06:17:15.390+0000] {logging_mixin.py:188} INFO - [2025-02-19T06:17:15.388+0000] {dagbag.py:538} INFO - Filling up the DagBag from /home/airflow/.local/lib/python3.10/site-packages/airflow/example_dags/example_branch_operator.py
[2025-02-19T06:17:15.545+0000] {processor.py:840} INFO - DAG(s) 'example_branch_operator' retrieved from /home/airflow/.local/lib/python3.10/site-packages/airflow/example_dags/example_branch_operator.py
[2025-02-19T06:17:15.757+0000] {logging_mixin.py:188} INFO - [2025-02-19T06:17:15.756+0000] {dag.py:3036} INFO - Sync 1 DAGs
[2025-02-19T06:17:15.918+0000] {logging_mixin.py:188} INFO - [2025-02-19T06:17:15.918+0000] {dag.py:3823} INFO - Setting next_dagrun for example_branch_operator to 2025-02-18 00:00:00+00:00, run_after=2025-02-19 00:00:00+00:00
[2025-02-19T06:17:16.174+0000] {processor.py:183} INFO - Processing /home/airflow/.local/lib/python3.10/site-packages/airflow/example_dags/example_branch_operator.py took 0.826 seconds
[2025-02-19T06:18:13.777+0000] {processor.py:161} INFO - Started process (PID=779) to work on /home/airflow/.local/lib/python3.10/site-packages/airflow/example_dags/example_branch_operator.py
[2025-02-19T06:18:13.781+0000] {processor.py:830} INFO - Processing file /home/airflow/.local/lib/python3.10/site-packages/airflow/example_dags/example_branch_operator.py for tasks to queue
[2025-02-19T06:18:13.785+0000] {logging_mixin.py:188} INFO - [2025-02-19T06:18:13.783+0000] {dagbag.py:538} INFO - Filling up the DagBag from /home/airflow/.local/lib/python3.10/site-packages/airflow/example_dags/example_branch_operator.py
[2025-02-19T06:18:13.825+0000] {processor.py:840} INFO - DAG(s) 'example_branch_operator' retrieved from /home/airflow/.local/lib/python3.10/site-packages/airflow/example_dags/example_branch_operator.py
[2025-02-19T06:18:13.910+0000] {logging_mixin.py:188} INFO - [2025-02-19T06:18:13.909+0000] {dag.py:3036} INFO - Sync 1 DAGs
[2025-02-19T06:18:13.977+0000] {logging_mixin.py:188} INFO - [2025-02-19T06:18:13.977+0000] {dag.py:3823} INFO - Setting next_dagrun for example_branch_operator to 2025-02-18 00:00:00+00:00, run_after=2025-02-19 00:00:00+00:00
[2025-02-19T06:18:14.119+0000] {processor.py:183} INFO - Processing /home/airflow/.local/lib/python3.10/site-packages/airflow/example_dags/example_branch_operator.py took 0.349 seconds
[2025-02-19T06:19:45.875+0000] {processor.py:161} INFO - Started process (PID=838) to work on /home/airflow/.local/lib/python3.10/site-packages/airflow/example_dags/example_branch_operator.py
[2025-02-19T06:19:45.877+0000] {processor.py:830} INFO - Processing file /home/airflow/.local/lib/python3.10/site-packages/airflow/example_dags/example_branch_operator.py for tasks to queue
[2025-02-19T06:19:45.880+0000] {logging_mixin.py:188} INFO - [2025-02-19T06:19:45.879+0000] {dagbag.py:538} INFO - Filling up the DagBag from /home/airflow/.local/lib/python3.10/site-packages/airflow/example_dags/example_branch_operator.py
[2025-02-19T06:19:45.921+0000] {processor.py:840} INFO - DAG(s) 'example_branch_operator' retrieved from /home/airflow/.local/lib/python3.10/site-packages/airflow/example_dags/example_branch_operator.py
[2025-02-19T06:19:46.005+0000] {logging_mixin.py:188} INFO - [2025-02-19T06:19:46.004+0000] {dag.py:3036} INFO - Sync 1 DAGs
[2025-02-19T06:19:46.129+0000] {logging_mixin.py:188} INFO - [2025-02-19T06:19:46.128+0000] {dag.py:3823} INFO - Setting next_dagrun for example_branch_operator to 2025-02-18 00:00:00+00:00, run_after=2025-02-19 00:00:00+00:00
[2025-02-19T06:19:46.329+0000] {processor.py:183} INFO - Processing /home/airflow/.local/lib/python3.10/site-packages/airflow/example_dags/example_branch_operator.py took 0.460 seconds
[2025-02-19T06:21:28.646+0000] {processor.py:161} INFO - Started process (PID=899) to work on /home/airflow/.local/lib/python3.10/site-packages/airflow/example_dags/example_branch_operator.py
[2025-02-19T06:21:28.649+0000] {processor.py:830} INFO - Processing file /home/airflow/.local/lib/python3.10/site-packages/airflow/example_dags/example_branch_operator.py for tasks to queue
[2025-02-19T06:21:28.651+0000] {logging_mixin.py:188} INFO - [2025-02-19T06:21:28.650+0000] {dagbag.py:538} INFO - Filling up the DagBag from /home/airflow/.local/lib/python3.10/site-packages/airflow/example_dags/example_branch_operator.py
[2025-02-19T06:21:28.732+0000] {processor.py:840} INFO - DAG(s) 'example_branch_operator' retrieved from /home/airflow/.local/lib/python3.10/site-packages/airflow/example_dags/example_branch_operator.py
[2025-02-19T06:21:28.881+0000] {logging_mixin.py:188} INFO - [2025-02-19T06:21:28.880+0000] {dag.py:3036} INFO - Sync 1 DAGs
[2025-02-19T06:21:29.009+0000] {logging_mixin.py:188} INFO - [2025-02-19T06:21:29.009+0000] {dag.py:3823} INFO - Setting next_dagrun for example_branch_operator to 2025-02-18 00:00:00+00:00, run_after=2025-02-19 00:00:00+00:00
[2025-02-19T06:21:29.174+0000] {processor.py:183} INFO - Processing /home/airflow/.local/lib/python3.10/site-packages/airflow/example_dags/example_branch_operator.py took 0.545 seconds
[2025-02-19T06:23:31.102+0000] {processor.py:161} INFO - Started process (PID=963) to work on /home/airflow/.local/lib/python3.10/site-packages/airflow/example_dags/example_branch_operator.py
[2025-02-19T06:23:31.114+0000] {processor.py:830} INFO - Processing file /home/airflow/.local/lib/python3.10/site-packages/airflow/example_dags/example_branch_operator.py for tasks to queue
[2025-02-19T06:23:31.121+0000] {logging_mixin.py:188} INFO - [2025-02-19T06:23:31.120+0000] {dagbag.py:538} INFO - Filling up the DagBag from /home/airflow/.local/lib/python3.10/site-packages/airflow/example_dags/example_branch_operator.py
[2025-02-19T06:23:31.247+0000] {processor.py:840} INFO - DAG(s) 'example_branch_operator' retrieved from /home/airflow/.local/lib/python3.10/site-packages/airflow/example_dags/example_branch_operator.py
[2025-02-19T06:23:31.445+0000] {logging_mixin.py:188} INFO - [2025-02-19T06:23:31.444+0000] {dag.py:3036} INFO - Sync 1 DAGs
[2025-02-19T06:23:31.666+0000] {logging_mixin.py:188} INFO - [2025-02-19T06:23:31.665+0000] {dag.py:3823} INFO - Setting next_dagrun for example_branch_operator to 2025-02-18 00:00:00+00:00, run_after=2025-02-19 00:00:00+00:00
[2025-02-19T06:23:31.800+0000] {processor.py:186} ERROR - Got an exception! Propagating...
Traceback (most recent call last):
  File "/home/airflow/.local/lib/python3.10/site-packages/sqlalchemy/engine/base.py", line 1094, in _commit_impl
    self.engine.dialect.do_commit(self.connection)
  File "/home/airflow/.local/lib/python3.10/site-packages/sqlalchemy/engine/default.py", line 686, in do_commit
    dbapi_connection.commit()
sqlite3.OperationalError: disk I/O error

The above exception was the direct cause of the following exception:

Traceback (most recent call last):
  File "/home/airflow/.local/lib/python3.10/site-packages/airflow/dag_processing/processor.py", line 182, in _run_file_processor
    _handle_dag_file_processing()
  File "/home/airflow/.local/lib/python3.10/site-packages/airflow/dag_processing/processor.py", line 163, in _handle_dag_file_processing
    result: tuple[int, int] = dag_file_processor.process_file(
  File "/home/airflow/.local/lib/python3.10/site-packages/airflow/utils/session.py", line 79, in wrapper
    return func(*args, session=session, **kwargs)
  File "/home/airflow/.local/lib/python3.10/site-packages/airflow/dag_processing/processor.py", line 859, in process_file
    serialize_errors = DagFileProcessor.save_dag_to_db(
  File "/home/airflow/.local/lib/python3.10/site-packages/airflow/api_internal/internal_api_call.py", line 114, in wrapper
    return func(*args, **kwargs)
  File "/home/airflow/.local/lib/python3.10/site-packages/airflow/utils/session.py", line 79, in wrapper
    return func(*args, session=session, **kwargs)
  File "/home/airflow/.local/lib/python3.10/site-packages/airflow/dag_processing/processor.py", line 896, in save_dag_to_db
    session.commit()
  File "/home/airflow/.local/lib/python3.10/site-packages/sqlalchemy/orm/session.py", line 1454, in commit
    self._transaction.commit(_to_root=self.future)
  File "/home/airflow/.local/lib/python3.10/site-packages/sqlalchemy/orm/session.py", line 839, in commit
    trans.commit()
  File "/home/airflow/.local/lib/python3.10/site-packages/sqlalchemy/engine/base.py", line 2469, in commit
    self._do_commit()
  File "/home/airflow/.local/lib/python3.10/site-packages/sqlalchemy/engine/base.py", line 2659, in _do_commit
    self._connection_commit_impl()
  File "/home/airflow/.local/lib/python3.10/site-packages/sqlalchemy/engine/base.py", line 2630, in _connection_commit_impl
    self.connection._commit_impl()
  File "/home/airflow/.local/lib/python3.10/site-packages/sqlalchemy/engine/base.py", line 1096, in _commit_impl
    self._handle_dbapi_exception(e, None, None, None, None)
  File "/home/airflow/.local/lib/python3.10/site-packages/sqlalchemy/engine/base.py", line 2134, in _handle_dbapi_exception
    util.raise_(
  File "/home/airflow/.local/lib/python3.10/site-packages/sqlalchemy/util/compat.py", line 211, in raise_
    raise exception
  File "/home/airflow/.local/lib/python3.10/site-packages/sqlalchemy/engine/base.py", line 1094, in _commit_impl
    self.engine.dialect.do_commit(self.connection)
  File "/home/airflow/.local/lib/python3.10/site-packages/sqlalchemy/engine/default.py", line 686, in do_commit
    dbapi_connection.commit()
sqlalchemy.exc.OperationalError: (sqlite3.OperationalError) disk I/O error
(Background on this error at: https://sqlalche.me/e/14/e3q8)
[2025-02-19T06:24:38.492+0000] {processor.py:161} INFO - Started process (PID=995) to work on /home/airflow/.local/lib/python3.10/site-packages/airflow/example_dags/example_branch_operator.py
[2025-02-19T06:24:38.502+0000] {processor.py:830} INFO - Processing file /home/airflow/.local/lib/python3.10/site-packages/airflow/example_dags/example_branch_operator.py for tasks to queue
[2025-02-19T06:24:38.506+0000] {logging_mixin.py:188} INFO - [2025-02-19T06:24:38.505+0000] {dagbag.py:538} INFO - Filling up the DagBag from /home/airflow/.local/lib/python3.10/site-packages/airflow/example_dags/example_branch_operator.py
[2025-02-19T06:24:38.611+0000] {processor.py:840} INFO - DAG(s) 'example_branch_operator' retrieved from /home/airflow/.local/lib/python3.10/site-packages/airflow/example_dags/example_branch_operator.py
[2025-02-19T06:24:39.237+0000] {logging_mixin.py:188} INFO - [2025-02-19T06:24:39.236+0000] {dag.py:3036} INFO - Sync 1 DAGs
[2025-02-19T06:24:39.374+0000] {logging_mixin.py:188} INFO - [2025-02-19T06:24:39.373+0000] {dag.py:3823} INFO - Setting next_dagrun for example_branch_operator to 2025-02-18 00:00:00+00:00, run_after=2025-02-19 00:00:00+00:00
[2025-02-19T06:24:39.587+0000] {processor.py:183} INFO - Processing /home/airflow/.local/lib/python3.10/site-packages/airflow/example_dags/example_branch_operator.py took 1.129 seconds
[2025-02-19T06:25:45.617+0000] {processor.py:161} INFO - Started process (PID=1032) to work on /home/airflow/.local/lib/python3.10/site-packages/airflow/example_dags/example_branch_operator.py
[2025-02-19T06:25:45.625+0000] {processor.py:830} INFO - Processing file /home/airflow/.local/lib/python3.10/site-packages/airflow/example_dags/example_branch_operator.py for tasks to queue
[2025-02-19T06:25:45.630+0000] {logging_mixin.py:188} INFO - [2025-02-19T06:25:45.628+0000] {dagbag.py:538} INFO - Filling up the DagBag from /home/airflow/.local/lib/python3.10/site-packages/airflow/example_dags/example_branch_operator.py
[2025-02-19T06:25:45.784+0000] {processor.py:840} INFO - DAG(s) 'example_branch_operator' retrieved from /home/airflow/.local/lib/python3.10/site-packages/airflow/example_dags/example_branch_operator.py
[2025-02-19T06:25:45.936+0000] {logging_mixin.py:188} INFO - [2025-02-19T06:25:45.933+0000] {dag.py:3036} INFO - Sync 1 DAGs
[2025-02-19T06:25:46.044+0000] {logging_mixin.py:188} INFO - [2025-02-19T06:25:46.043+0000] {dag.py:3823} INFO - Setting next_dagrun for example_branch_operator to 2025-02-18 00:00:00+00:00, run_after=2025-02-19 00:00:00+00:00
[2025-02-19T06:25:46.216+0000] {processor.py:183} INFO - Processing /home/airflow/.local/lib/python3.10/site-packages/airflow/example_dags/example_branch_operator.py took 0.617 seconds
[2025-02-19T06:30:09.572+0000] {processor.py:161} INFO - Started process (PID=44) to work on /home/airflow/.local/lib/python3.10/site-packages/airflow/example_dags/example_branch_operator.py
[2025-02-19T06:30:09.576+0000] {processor.py:830} INFO - Processing file /home/airflow/.local/lib/python3.10/site-packages/airflow/example_dags/example_branch_operator.py for tasks to queue
[2025-02-19T06:30:09.579+0000] {logging_mixin.py:188} INFO - [2025-02-19T06:30:09.578+0000] {dagbag.py:538} INFO - Filling up the DagBag from /home/airflow/.local/lib/python3.10/site-packages/airflow/example_dags/example_branch_operator.py
[2025-02-19T06:30:09.744+0000] {processor.py:840} INFO - DAG(s) 'example_branch_operator' retrieved from /home/airflow/.local/lib/python3.10/site-packages/airflow/example_dags/example_branch_operator.py
[2025-02-19T06:30:10.808+0000] {logging_mixin.py:188} INFO - [2025-02-19T06:30:10.807+0000] {dag.py:3036} INFO - Sync 1 DAGs
[2025-02-19T06:30:10.992+0000] {logging_mixin.py:188} INFO - [2025-02-19T06:30:10.991+0000] {dag.py:3823} INFO - Setting next_dagrun for example_branch_operator to 2025-02-18 00:00:00+00:00, run_after=2025-02-19 00:00:00+00:00
[2025-02-19T06:30:11.357+0000] {processor.py:183} INFO - Processing /home/airflow/.local/lib/python3.10/site-packages/airflow/example_dags/example_branch_operator.py took 1.804 seconds
[2025-02-19T06:31:44.041+0000] {processor.py:161} INFO - Started process (PID=93) to work on /home/airflow/.local/lib/python3.10/site-packages/airflow/example_dags/example_branch_operator.py
[2025-02-19T06:31:44.047+0000] {processor.py:830} INFO - Processing file /home/airflow/.local/lib/python3.10/site-packages/airflow/example_dags/example_branch_operator.py for tasks to queue
[2025-02-19T06:31:44.050+0000] {logging_mixin.py:188} INFO - [2025-02-19T06:31:44.049+0000] {dagbag.py:538} INFO - Filling up the DagBag from /home/airflow/.local/lib/python3.10/site-packages/airflow/example_dags/example_branch_operator.py
[2025-02-19T06:31:44.135+0000] {processor.py:840} INFO - DAG(s) 'example_branch_operator' retrieved from /home/airflow/.local/lib/python3.10/site-packages/airflow/example_dags/example_branch_operator.py
[2025-02-19T06:31:44.350+0000] {logging_mixin.py:188} INFO - [2025-02-19T06:31:44.349+0000] {dag.py:3036} INFO - Sync 1 DAGs
[2025-02-19T06:31:44.566+0000] {logging_mixin.py:188} INFO - [2025-02-19T06:31:44.565+0000] {dag.py:3823} INFO - Setting next_dagrun for example_branch_operator to 2025-02-18 00:00:00+00:00, run_after=2025-02-19 00:00:00+00:00
[2025-02-19T06:31:44.789+0000] {processor.py:183} INFO - Processing /home/airflow/.local/lib/python3.10/site-packages/airflow/example_dags/example_branch_operator.py took 0.759 seconds
[2025-02-19T06:32:52.279+0000] {processor.py:161} INFO - Started process (PID=124) to work on /home/airflow/.local/lib/python3.10/site-packages/airflow/example_dags/example_branch_operator.py
[2025-02-19T06:32:52.283+0000] {processor.py:830} INFO - Processing file /home/airflow/.local/lib/python3.10/site-packages/airflow/example_dags/example_branch_operator.py for tasks to queue
[2025-02-19T06:32:52.287+0000] {logging_mixin.py:188} INFO - [2025-02-19T06:32:52.286+0000] {dagbag.py:538} INFO - Filling up the DagBag from /home/airflow/.local/lib/python3.10/site-packages/airflow/example_dags/example_branch_operator.py
[2025-02-19T06:32:52.402+0000] {processor.py:840} INFO - DAG(s) 'example_branch_operator' retrieved from /home/airflow/.local/lib/python3.10/site-packages/airflow/example_dags/example_branch_operator.py
[2025-02-19T06:32:52.562+0000] {logging_mixin.py:188} INFO - [2025-02-19T06:32:52.561+0000] {dag.py:3036} INFO - Sync 1 DAGs
[2025-02-19T06:32:52.665+0000] {logging_mixin.py:188} INFO - [2025-02-19T06:32:52.664+0000] {dag.py:3823} INFO - Setting next_dagrun for example_branch_operator to 2025-02-18 00:00:00+00:00, run_after=2025-02-19 00:00:00+00:00
[2025-02-19T06:32:52.871+0000] {processor.py:183} INFO - Processing /home/airflow/.local/lib/python3.10/site-packages/airflow/example_dags/example_branch_operator.py took 0.610 seconds
[2025-02-19T06:34:00.646+0000] {processor.py:161} INFO - Started process (PID=161) to work on /home/airflow/.local/lib/python3.10/site-packages/airflow/example_dags/example_branch_operator.py
[2025-02-19T06:34:00.649+0000] {processor.py:830} INFO - Processing file /home/airflow/.local/lib/python3.10/site-packages/airflow/example_dags/example_branch_operator.py for tasks to queue
[2025-02-19T06:34:00.653+0000] {logging_mixin.py:188} INFO - [2025-02-19T06:34:00.651+0000] {dagbag.py:538} INFO - Filling up the DagBag from /home/airflow/.local/lib/python3.10/site-packages/airflow/example_dags/example_branch_operator.py
[2025-02-19T06:34:00.755+0000] {processor.py:840} INFO - DAG(s) 'example_branch_operator' retrieved from /home/airflow/.local/lib/python3.10/site-packages/airflow/example_dags/example_branch_operator.py
[2025-02-19T06:34:00.926+0000] {logging_mixin.py:188} INFO - [2025-02-19T06:34:00.924+0000] {dag.py:3036} INFO - Sync 1 DAGs
[2025-02-19T06:34:01.066+0000] {logging_mixin.py:188} INFO - [2025-02-19T06:34:01.066+0000] {dag.py:3823} INFO - Setting next_dagrun for example_branch_operator to 2025-02-18 00:00:00+00:00, run_after=2025-02-19 00:00:00+00:00
[2025-02-19T06:34:01.268+0000] {processor.py:183} INFO - Processing /home/airflow/.local/lib/python3.10/site-packages/airflow/example_dags/example_branch_operator.py took 0.639 seconds
[2025-02-19T06:35:30.615+0000] {processor.py:161} INFO - Started process (PID=220) to work on /home/airflow/.local/lib/python3.10/site-packages/airflow/example_dags/example_branch_operator.py
[2025-02-19T06:35:30.619+0000] {processor.py:830} INFO - Processing file /home/airflow/.local/lib/python3.10/site-packages/airflow/example_dags/example_branch_operator.py for tasks to queue
[2025-02-19T06:35:30.625+0000] {logging_mixin.py:188} INFO - [2025-02-19T06:35:30.624+0000] {dagbag.py:538} INFO - Filling up the DagBag from /home/airflow/.local/lib/python3.10/site-packages/airflow/example_dags/example_branch_operator.py
[2025-02-19T06:35:30.767+0000] {processor.py:840} INFO - DAG(s) 'example_branch_operator' retrieved from /home/airflow/.local/lib/python3.10/site-packages/airflow/example_dags/example_branch_operator.py
[2025-02-19T06:35:30.959+0000] {logging_mixin.py:188} INFO - [2025-02-19T06:35:30.958+0000] {dag.py:3036} INFO - Sync 1 DAGs
[2025-02-19T06:35:31.076+0000] {logging_mixin.py:188} INFO - [2025-02-19T06:35:31.075+0000] {dag.py:3823} INFO - Setting next_dagrun for example_branch_operator to 2025-02-18 00:00:00+00:00, run_after=2025-02-19 00:00:00+00:00
[2025-02-19T06:35:31.250+0000] {processor.py:183} INFO - Processing /home/airflow/.local/lib/python3.10/site-packages/airflow/example_dags/example_branch_operator.py took 0.644 seconds
[2025-02-19T06:37:30.316+0000] {processor.py:161} INFO - Started process (PID=285) to work on /home/airflow/.local/lib/python3.10/site-packages/airflow/example_dags/example_branch_operator.py
[2025-02-19T06:37:30.318+0000] {processor.py:830} INFO - Processing file /home/airflow/.local/lib/python3.10/site-packages/airflow/example_dags/example_branch_operator.py for tasks to queue
[2025-02-19T06:37:30.320+0000] {logging_mixin.py:188} INFO - [2025-02-19T06:37:30.319+0000] {dagbag.py:538} INFO - Filling up the DagBag from /home/airflow/.local/lib/python3.10/site-packages/airflow/example_dags/example_branch_operator.py
[2025-02-19T06:37:30.365+0000] {processor.py:840} INFO - DAG(s) 'example_branch_operator' retrieved from /home/airflow/.local/lib/python3.10/site-packages/airflow/example_dags/example_branch_operator.py
[2025-02-19T06:37:30.432+0000] {logging_mixin.py:188} INFO - [2025-02-19T06:37:30.431+0000] {dag.py:3036} INFO - Sync 1 DAGs
[2025-02-19T06:37:30.481+0000] {logging_mixin.py:188} INFO - [2025-02-19T06:37:30.481+0000] {dag.py:3823} INFO - Setting next_dagrun for example_branch_operator to 2025-02-18 00:00:00+00:00, run_after=2025-02-19 00:00:00+00:00
[2025-02-19T06:37:30.623+0000] {processor.py:183} INFO - Processing /home/airflow/.local/lib/python3.10/site-packages/airflow/example_dags/example_branch_operator.py took 0.314 seconds
[2025-02-19T06:38:52.020+0000] {processor.py:161} INFO - Started process (PID=342) to work on /home/airflow/.local/lib/python3.10/site-packages/airflow/example_dags/example_branch_operator.py
[2025-02-19T06:38:52.022+0000] {processor.py:830} INFO - Processing file /home/airflow/.local/lib/python3.10/site-packages/airflow/example_dags/example_branch_operator.py for tasks to queue
[2025-02-19T06:38:52.024+0000] {logging_mixin.py:188} INFO - [2025-02-19T06:38:52.023+0000] {dagbag.py:538} INFO - Filling up the DagBag from /home/airflow/.local/lib/python3.10/site-packages/airflow/example_dags/example_branch_operator.py
[2025-02-19T06:38:52.065+0000] {processor.py:840} INFO - DAG(s) 'example_branch_operator' retrieved from /home/airflow/.local/lib/python3.10/site-packages/airflow/example_dags/example_branch_operator.py
[2025-02-19T06:38:52.136+0000] {logging_mixin.py:188} INFO - [2025-02-19T06:38:52.136+0000] {dag.py:3036} INFO - Sync 1 DAGs
[2025-02-19T06:38:52.222+0000] {logging_mixin.py:188} INFO - [2025-02-19T06:38:52.221+0000] {dag.py:3823} INFO - Setting next_dagrun for example_branch_operator to 2025-02-18 00:00:00+00:00, run_after=2025-02-19 00:00:00+00:00
[2025-02-19T06:38:52.371+0000] {processor.py:183} INFO - Processing /home/airflow/.local/lib/python3.10/site-packages/airflow/example_dags/example_branch_operator.py took 0.356 seconds
[2025-02-19T06:40:24.232+0000] {processor.py:161} INFO - Started process (PID=377) to work on /home/airflow/.local/lib/python3.10/site-packages/airflow/example_dags/example_branch_operator.py
[2025-02-19T06:40:24.237+0000] {processor.py:830} INFO - Processing file /home/airflow/.local/lib/python3.10/site-packages/airflow/example_dags/example_branch_operator.py for tasks to queue
[2025-02-19T06:40:24.249+0000] {logging_mixin.py:188} INFO - [2025-02-19T06:40:24.247+0000] {dagbag.py:538} INFO - Filling up the DagBag from /home/airflow/.local/lib/python3.10/site-packages/airflow/example_dags/example_branch_operator.py
[2025-02-19T06:40:24.365+0000] {processor.py:840} INFO - DAG(s) 'example_branch_operator' retrieved from /home/airflow/.local/lib/python3.10/site-packages/airflow/example_dags/example_branch_operator.py
[2025-02-19T06:40:24.567+0000] {logging_mixin.py:188} INFO - [2025-02-19T06:40:24.566+0000] {dag.py:3036} INFO - Sync 1 DAGs
[2025-02-19T06:40:25.169+0000] {logging_mixin.py:188} INFO - [2025-02-19T06:40:25.168+0000] {dag.py:3823} INFO - Setting next_dagrun for example_branch_operator to 2025-02-18 00:00:00+00:00, run_after=2025-02-19 00:00:00+00:00
[2025-02-19T06:40:26.321+0000] {processor.py:183} INFO - Processing /home/airflow/.local/lib/python3.10/site-packages/airflow/example_dags/example_branch_operator.py took 2.103 seconds
[2025-02-19T06:41:33.212+0000] {processor.py:161} INFO - Started process (PID=414) to work on /home/airflow/.local/lib/python3.10/site-packages/airflow/example_dags/example_branch_operator.py
[2025-02-19T06:41:33.216+0000] {processor.py:830} INFO - Processing file /home/airflow/.local/lib/python3.10/site-packages/airflow/example_dags/example_branch_operator.py for tasks to queue
[2025-02-19T06:41:33.219+0000] {logging_mixin.py:188} INFO - [2025-02-19T06:41:33.218+0000] {dagbag.py:538} INFO - Filling up the DagBag from /home/airflow/.local/lib/python3.10/site-packages/airflow/example_dags/example_branch_operator.py
[2025-02-19T06:41:33.325+0000] {processor.py:840} INFO - DAG(s) 'example_branch_operator' retrieved from /home/airflow/.local/lib/python3.10/site-packages/airflow/example_dags/example_branch_operator.py
[2025-02-19T06:41:33.600+0000] {logging_mixin.py:188} INFO - [2025-02-19T06:41:33.600+0000] {dag.py:3036} INFO - Sync 1 DAGs
[2025-02-19T06:41:33.892+0000] {logging_mixin.py:188} INFO - [2025-02-19T06:41:33.891+0000] {dag.py:3823} INFO - Setting next_dagrun for example_branch_operator to 2025-02-18 00:00:00+00:00, run_after=2025-02-19 00:00:00+00:00
[2025-02-19T06:41:34.161+0000] {processor.py:183} INFO - Processing /home/airflow/.local/lib/python3.10/site-packages/airflow/example_dags/example_branch_operator.py took 0.964 seconds
[2025-02-19T06:42:34.612+0000] {processor.py:161} INFO - Started process (PID=446) to work on /home/airflow/.local/lib/python3.10/site-packages/airflow/example_dags/example_branch_operator.py
[2025-02-19T06:42:34.621+0000] {processor.py:830} INFO - Processing file /home/airflow/.local/lib/python3.10/site-packages/airflow/example_dags/example_branch_operator.py for tasks to queue
[2025-02-19T06:42:34.627+0000] {logging_mixin.py:188} INFO - [2025-02-19T06:42:34.626+0000] {dagbag.py:538} INFO - Filling up the DagBag from /home/airflow/.local/lib/python3.10/site-packages/airflow/example_dags/example_branch_operator.py
[2025-02-19T06:42:34.726+0000] {processor.py:840} INFO - DAG(s) 'example_branch_operator' retrieved from /home/airflow/.local/lib/python3.10/site-packages/airflow/example_dags/example_branch_operator.py
[2025-02-19T06:42:34.914+0000] {logging_mixin.py:188} INFO - [2025-02-19T06:42:34.913+0000] {dag.py:3036} INFO - Sync 1 DAGs
[2025-02-19T06:42:35.017+0000] {logging_mixin.py:188} INFO - [2025-02-19T06:42:35.016+0000] {dag.py:3823} INFO - Setting next_dagrun for example_branch_operator to 2025-02-18 00:00:00+00:00, run_after=2025-02-19 00:00:00+00:00
[2025-02-19T06:42:35.353+0000] {processor.py:183} INFO - Processing /home/airflow/.local/lib/python3.10/site-packages/airflow/example_dags/example_branch_operator.py took 0.749 seconds
[2025-02-19T06:43:38.179+0000] {processor.py:161} INFO - Started process (PID=44) to work on /home/airflow/.local/lib/python3.10/site-packages/airflow/example_dags/example_branch_operator.py
[2025-02-19T06:43:38.183+0000] {processor.py:830} INFO - Processing file /home/airflow/.local/lib/python3.10/site-packages/airflow/example_dags/example_branch_operator.py for tasks to queue
[2025-02-19T06:43:38.185+0000] {logging_mixin.py:188} INFO - [2025-02-19T06:43:38.184+0000] {dagbag.py:538} INFO - Filling up the DagBag from /home/airflow/.local/lib/python3.10/site-packages/airflow/example_dags/example_branch_operator.py
[2025-02-19T06:43:38.235+0000] {processor.py:840} INFO - DAG(s) 'example_branch_operator' retrieved from /home/airflow/.local/lib/python3.10/site-packages/airflow/example_dags/example_branch_operator.py
[2025-02-19T06:43:38.817+0000] {logging_mixin.py:188} INFO - [2025-02-19T06:43:38.817+0000] {dag.py:3036} INFO - Sync 1 DAGs
[2025-02-19T06:43:38.904+0000] {logging_mixin.py:188} INFO - [2025-02-19T06:43:38.903+0000] {dag.py:3823} INFO - Setting next_dagrun for example_branch_operator to 2025-02-18 00:00:00+00:00, run_after=2025-02-19 00:00:00+00:00
[2025-02-19T06:43:39.094+0000] {processor.py:183} INFO - Processing /home/airflow/.local/lib/python3.10/site-packages/airflow/example_dags/example_branch_operator.py took 0.922 seconds
[2025-02-19T06:44:59.515+0000] {processor.py:161} INFO - Started process (PID=93) to work on /home/airflow/.local/lib/python3.10/site-packages/airflow/example_dags/example_branch_operator.py
[2025-02-19T06:44:59.518+0000] {processor.py:830} INFO - Processing file /home/airflow/.local/lib/python3.10/site-packages/airflow/example_dags/example_branch_operator.py for tasks to queue
[2025-02-19T06:44:59.534+0000] {logging_mixin.py:188} INFO - [2025-02-19T06:44:59.534+0000] {dagbag.py:538} INFO - Filling up the DagBag from /home/airflow/.local/lib/python3.10/site-packages/airflow/example_dags/example_branch_operator.py
[2025-02-19T06:44:59.633+0000] {processor.py:840} INFO - DAG(s) 'example_branch_operator' retrieved from /home/airflow/.local/lib/python3.10/site-packages/airflow/example_dags/example_branch_operator.py
[2025-02-19T06:44:59.762+0000] {logging_mixin.py:188} INFO - [2025-02-19T06:44:59.761+0000] {dag.py:3036} INFO - Sync 1 DAGs
[2025-02-19T06:44:59.923+0000] {logging_mixin.py:188} INFO - [2025-02-19T06:44:59.922+0000] {dag.py:3823} INFO - Setting next_dagrun for example_branch_operator to 2025-02-18 00:00:00+00:00, run_after=2025-02-19 00:00:00+00:00
[2025-02-19T06:45:00.111+0000] {processor.py:183} INFO - Processing /home/airflow/.local/lib/python3.10/site-packages/airflow/example_dags/example_branch_operator.py took 0.620 seconds
[2025-02-19T06:46:42.763+0000] {processor.py:161} INFO - Started process (PID=156) to work on /home/airflow/.local/lib/python3.10/site-packages/airflow/example_dags/example_branch_operator.py
[2025-02-19T06:46:42.765+0000] {processor.py:830} INFO - Processing file /home/airflow/.local/lib/python3.10/site-packages/airflow/example_dags/example_branch_operator.py for tasks to queue
[2025-02-19T06:46:42.767+0000] {logging_mixin.py:188} INFO - [2025-02-19T06:46:42.767+0000] {dagbag.py:538} INFO - Filling up the DagBag from /home/airflow/.local/lib/python3.10/site-packages/airflow/example_dags/example_branch_operator.py
[2025-02-19T06:46:42.798+0000] {processor.py:840} INFO - DAG(s) 'example_branch_operator' retrieved from /home/airflow/.local/lib/python3.10/site-packages/airflow/example_dags/example_branch_operator.py
[2025-02-19T06:46:42.864+0000] {logging_mixin.py:188} INFO - [2025-02-19T06:46:42.863+0000] {dag.py:3036} INFO - Sync 1 DAGs
[2025-02-19T06:46:42.929+0000] {logging_mixin.py:188} INFO - [2025-02-19T06:46:42.928+0000] {dag.py:3823} INFO - Setting next_dagrun for example_branch_operator to 2025-02-18 00:00:00+00:00, run_after=2025-02-19 00:00:00+00:00
[2025-02-19T06:46:43.045+0000] {processor.py:183} INFO - Processing /home/airflow/.local/lib/python3.10/site-packages/airflow/example_dags/example_branch_operator.py took 0.287 seconds
[2025-02-19T06:48:27.755+0000] {processor.py:161} INFO - Started process (PID=217) to work on /home/airflow/.local/lib/python3.10/site-packages/airflow/example_dags/example_branch_operator.py
[2025-02-19T06:48:27.757+0000] {processor.py:830} INFO - Processing file /home/airflow/.local/lib/python3.10/site-packages/airflow/example_dags/example_branch_operator.py for tasks to queue
[2025-02-19T06:48:27.759+0000] {logging_mixin.py:188} INFO - [2025-02-19T06:48:27.758+0000] {dagbag.py:538} INFO - Filling up the DagBag from /home/airflow/.local/lib/python3.10/site-packages/airflow/example_dags/example_branch_operator.py
[2025-02-19T06:48:27.788+0000] {processor.py:840} INFO - DAG(s) 'example_branch_operator' retrieved from /home/airflow/.local/lib/python3.10/site-packages/airflow/example_dags/example_branch_operator.py
[2025-02-19T06:48:27.846+0000] {logging_mixin.py:188} INFO - [2025-02-19T06:48:27.845+0000] {dag.py:3036} INFO - Sync 1 DAGs
[2025-02-19T06:48:27.913+0000] {logging_mixin.py:188} INFO - [2025-02-19T06:48:27.913+0000] {dag.py:3823} INFO - Setting next_dagrun for example_branch_operator to 2025-02-18 00:00:00+00:00, run_after=2025-02-19 00:00:00+00:00
[2025-02-19T06:48:28.045+0000] {processor.py:183} INFO - Processing /home/airflow/.local/lib/python3.10/site-packages/airflow/example_dags/example_branch_operator.py took 0.294 seconds
[2025-02-19T06:50:11.135+0000] {processor.py:161} INFO - Started process (PID=278) to work on /home/airflow/.local/lib/python3.10/site-packages/airflow/example_dags/example_branch_operator.py
[2025-02-19T06:50:11.150+0000] {processor.py:830} INFO - Processing file /home/airflow/.local/lib/python3.10/site-packages/airflow/example_dags/example_branch_operator.py for tasks to queue
[2025-02-19T06:50:11.155+0000] {logging_mixin.py:188} INFO - [2025-02-19T06:50:11.154+0000] {dagbag.py:538} INFO - Filling up the DagBag from /home/airflow/.local/lib/python3.10/site-packages/airflow/example_dags/example_branch_operator.py
[2025-02-19T06:50:11.273+0000] {processor.py:840} INFO - DAG(s) 'example_branch_operator' retrieved from /home/airflow/.local/lib/python3.10/site-packages/airflow/example_dags/example_branch_operator.py
[2025-02-19T06:50:11.485+0000] {logging_mixin.py:188} INFO - [2025-02-19T06:50:11.485+0000] {dag.py:3036} INFO - Sync 1 DAGs
[2025-02-19T06:50:11.622+0000] {logging_mixin.py:188} INFO - [2025-02-19T06:50:11.621+0000] {dag.py:3823} INFO - Setting next_dagrun for example_branch_operator to 2025-02-18 00:00:00+00:00, run_after=2025-02-19 00:00:00+00:00
[2025-02-19T06:50:11.846+0000] {processor.py:183} INFO - Processing /home/airflow/.local/lib/python3.10/site-packages/airflow/example_dags/example_branch_operator.py took 0.731 seconds
[2025-02-19T06:51:50.323+0000] {processor.py:161} INFO - Started process (PID=340) to work on /home/airflow/.local/lib/python3.10/site-packages/airflow/example_dags/example_branch_operator.py
[2025-02-19T06:51:50.325+0000] {processor.py:830} INFO - Processing file /home/airflow/.local/lib/python3.10/site-packages/airflow/example_dags/example_branch_operator.py for tasks to queue
[2025-02-19T06:51:50.329+0000] {logging_mixin.py:188} INFO - [2025-02-19T06:51:50.328+0000] {dagbag.py:538} INFO - Filling up the DagBag from /home/airflow/.local/lib/python3.10/site-packages/airflow/example_dags/example_branch_operator.py
[2025-02-19T06:51:50.372+0000] {processor.py:840} INFO - DAG(s) 'example_branch_operator' retrieved from /home/airflow/.local/lib/python3.10/site-packages/airflow/example_dags/example_branch_operator.py
[2025-02-19T06:51:50.450+0000] {logging_mixin.py:188} INFO - [2025-02-19T06:51:50.450+0000] {dag.py:3036} INFO - Sync 1 DAGs
[2025-02-19T06:51:50.504+0000] {logging_mixin.py:188} INFO - [2025-02-19T06:51:50.504+0000] {dag.py:3823} INFO - Setting next_dagrun for example_branch_operator to 2025-02-18 00:00:00+00:00, run_after=2025-02-19 00:00:00+00:00
[2025-02-19T06:51:50.613+0000] {processor.py:183} INFO - Processing /home/airflow/.local/lib/python3.10/site-packages/airflow/example_dags/example_branch_operator.py took 0.297 seconds
[2025-02-19T06:52:45.512+0000] {processor.py:161} INFO - Started process (PID=371) to work on /home/airflow/.local/lib/python3.10/site-packages/airflow/example_dags/example_branch_operator.py
[2025-02-19T06:52:45.514+0000] {processor.py:830} INFO - Processing file /home/airflow/.local/lib/python3.10/site-packages/airflow/example_dags/example_branch_operator.py for tasks to queue
[2025-02-19T06:52:45.515+0000] {logging_mixin.py:188} INFO - [2025-02-19T06:52:45.515+0000] {dagbag.py:538} INFO - Filling up the DagBag from /home/airflow/.local/lib/python3.10/site-packages/airflow/example_dags/example_branch_operator.py
[2025-02-19T06:52:45.545+0000] {processor.py:840} INFO - DAG(s) 'example_branch_operator' retrieved from /home/airflow/.local/lib/python3.10/site-packages/airflow/example_dags/example_branch_operator.py
[2025-02-19T06:52:45.609+0000] {logging_mixin.py:188} INFO - [2025-02-19T06:52:45.608+0000] {dag.py:3036} INFO - Sync 1 DAGs
[2025-02-19T06:52:45.693+0000] {logging_mixin.py:188} INFO - [2025-02-19T06:52:45.693+0000] {dag.py:3823} INFO - Setting next_dagrun for example_branch_operator to 2025-02-18 00:00:00+00:00, run_after=2025-02-19 00:00:00+00:00
[2025-02-19T06:52:45.873+0000] {processor.py:183} INFO - Processing /home/airflow/.local/lib/python3.10/site-packages/airflow/example_dags/example_branch_operator.py took 0.365 seconds
[2025-02-19T06:54:19.138+0000] {processor.py:161} INFO - Started process (PID=430) to work on /home/airflow/.local/lib/python3.10/site-packages/airflow/example_dags/example_branch_operator.py
[2025-02-19T06:54:19.142+0000] {processor.py:830} INFO - Processing file /home/airflow/.local/lib/python3.10/site-packages/airflow/example_dags/example_branch_operator.py for tasks to queue
[2025-02-19T06:54:19.144+0000] {logging_mixin.py:188} INFO - [2025-02-19T06:54:19.143+0000] {dagbag.py:538} INFO - Filling up the DagBag from /home/airflow/.local/lib/python3.10/site-packages/airflow/example_dags/example_branch_operator.py
[2025-02-19T06:54:19.185+0000] {processor.py:840} INFO - DAG(s) 'example_branch_operator' retrieved from /home/airflow/.local/lib/python3.10/site-packages/airflow/example_dags/example_branch_operator.py
[2025-02-19T06:54:19.248+0000] {logging_mixin.py:188} INFO - [2025-02-19T06:54:19.248+0000] {dag.py:3036} INFO - Sync 1 DAGs
[2025-02-19T06:54:19.297+0000] {logging_mixin.py:188} INFO - [2025-02-19T06:54:19.296+0000] {dag.py:3823} INFO - Setting next_dagrun for example_branch_operator to 2025-02-18 00:00:00+00:00, run_after=2025-02-19 00:00:00+00:00
[2025-02-19T06:54:19.421+0000] {processor.py:183} INFO - Processing /home/airflow/.local/lib/python3.10/site-packages/airflow/example_dags/example_branch_operator.py took 0.289 seconds
[2025-02-19T06:55:36.959+0000] {processor.py:161} INFO - Started process (PID=485) to work on /home/airflow/.local/lib/python3.10/site-packages/airflow/example_dags/example_branch_operator.py
[2025-02-19T06:55:36.962+0000] {processor.py:830} INFO - Processing file /home/airflow/.local/lib/python3.10/site-packages/airflow/example_dags/example_branch_operator.py for tasks to queue
[2025-02-19T06:55:36.966+0000] {logging_mixin.py:188} INFO - [2025-02-19T06:55:36.965+0000] {dagbag.py:538} INFO - Filling up the DagBag from /home/airflow/.local/lib/python3.10/site-packages/airflow/example_dags/example_branch_operator.py
[2025-02-19T06:55:37.038+0000] {processor.py:840} INFO - DAG(s) 'example_branch_operator' retrieved from /home/airflow/.local/lib/python3.10/site-packages/airflow/example_dags/example_branch_operator.py
[2025-02-19T06:55:37.135+0000] {logging_mixin.py:188} INFO - [2025-02-19T06:55:37.134+0000] {dag.py:3036} INFO - Sync 1 DAGs
[2025-02-19T06:55:37.203+0000] {logging_mixin.py:188} INFO - [2025-02-19T06:55:37.202+0000] {dag.py:3823} INFO - Setting next_dagrun for example_branch_operator to 2025-02-18 00:00:00+00:00, run_after=2025-02-19 00:00:00+00:00
[2025-02-19T06:55:37.316+0000] {processor.py:183} INFO - Processing /home/airflow/.local/lib/python3.10/site-packages/airflow/example_dags/example_branch_operator.py took 0.368 seconds
[2025-02-19T06:57:14.303+0000] {processor.py:161} INFO - Started process (PID=544) to work on /home/airflow/.local/lib/python3.10/site-packages/airflow/example_dags/example_branch_operator.py
[2025-02-19T06:57:14.311+0000] {processor.py:830} INFO - Processing file /home/airflow/.local/lib/python3.10/site-packages/airflow/example_dags/example_branch_operator.py for tasks to queue
[2025-02-19T06:57:14.314+0000] {logging_mixin.py:188} INFO - [2025-02-19T06:57:14.313+0000] {dagbag.py:538} INFO - Filling up the DagBag from /home/airflow/.local/lib/python3.10/site-packages/airflow/example_dags/example_branch_operator.py
[2025-02-19T06:57:14.383+0000] {processor.py:840} INFO - DAG(s) 'example_branch_operator' retrieved from /home/airflow/.local/lib/python3.10/site-packages/airflow/example_dags/example_branch_operator.py
[2025-02-19T06:57:14.497+0000] {logging_mixin.py:188} INFO - [2025-02-19T06:57:14.497+0000] {dag.py:3036} INFO - Sync 1 DAGs
[2025-02-19T06:57:14.607+0000] {logging_mixin.py:188} INFO - [2025-02-19T06:57:14.606+0000] {dag.py:3823} INFO - Setting next_dagrun for example_branch_operator to 2025-02-18 00:00:00+00:00, run_after=2025-02-19 00:00:00+00:00
[2025-02-19T06:57:14.778+0000] {processor.py:183} INFO - Processing /home/airflow/.local/lib/python3.10/site-packages/airflow/example_dags/example_branch_operator.py took 0.482 seconds
[2025-02-19T06:58:40.661+0000] {processor.py:161} INFO - Started process (PID=602) to work on /home/airflow/.local/lib/python3.10/site-packages/airflow/example_dags/example_branch_operator.py
[2025-02-19T06:58:40.663+0000] {processor.py:830} INFO - Processing file /home/airflow/.local/lib/python3.10/site-packages/airflow/example_dags/example_branch_operator.py for tasks to queue
[2025-02-19T06:58:40.665+0000] {logging_mixin.py:188} INFO - [2025-02-19T06:58:40.665+0000] {dagbag.py:538} INFO - Filling up the DagBag from /home/airflow/.local/lib/python3.10/site-packages/airflow/example_dags/example_branch_operator.py
[2025-02-19T06:58:40.702+0000] {processor.py:840} INFO - DAG(s) 'example_branch_operator' retrieved from /home/airflow/.local/lib/python3.10/site-packages/airflow/example_dags/example_branch_operator.py
[2025-02-19T06:58:40.818+0000] {logging_mixin.py:188} INFO - [2025-02-19T06:58:40.817+0000] {dag.py:3036} INFO - Sync 1 DAGs
[2025-02-19T06:58:40.953+0000] {logging_mixin.py:188} INFO - [2025-02-19T06:58:40.952+0000] {dag.py:3823} INFO - Setting next_dagrun for example_branch_operator to 2025-02-18 00:00:00+00:00, run_after=2025-02-19 00:00:00+00:00
[2025-02-19T06:58:41.132+0000] {processor.py:183} INFO - Processing /home/airflow/.local/lib/python3.10/site-packages/airflow/example_dags/example_branch_operator.py took 0.477 seconds
[2025-02-19T07:00:33.846+0000] {processor.py:161} INFO - Started process (PID=667) to work on /home/airflow/.local/lib/python3.10/site-packages/airflow/example_dags/example_branch_operator.py
[2025-02-19T07:00:33.848+0000] {processor.py:830} INFO - Processing file /home/airflow/.local/lib/python3.10/site-packages/airflow/example_dags/example_branch_operator.py for tasks to queue
[2025-02-19T07:00:33.851+0000] {logging_mixin.py:188} INFO - [2025-02-19T07:00:33.850+0000] {dagbag.py:538} INFO - Filling up the DagBag from /home/airflow/.local/lib/python3.10/site-packages/airflow/example_dags/example_branch_operator.py
[2025-02-19T07:00:33.899+0000] {processor.py:840} INFO - DAG(s) 'example_branch_operator' retrieved from /home/airflow/.local/lib/python3.10/site-packages/airflow/example_dags/example_branch_operator.py
[2025-02-19T07:00:33.972+0000] {logging_mixin.py:188} INFO - [2025-02-19T07:00:33.971+0000] {dag.py:3036} INFO - Sync 1 DAGs
[2025-02-19T07:00:34.032+0000] {logging_mixin.py:188} INFO - [2025-02-19T07:00:34.031+0000] {dag.py:3823} INFO - Setting next_dagrun for example_branch_operator to 2025-02-18 00:00:00+00:00, run_after=2025-02-19 00:00:00+00:00
[2025-02-19T07:00:34.209+0000] {processor.py:183} INFO - Processing /home/airflow/.local/lib/python3.10/site-packages/airflow/example_dags/example_branch_operator.py took 0.370 seconds
[2025-02-19T07:02:10.713+0000] {processor.py:161} INFO - Started process (PID=727) to work on /home/airflow/.local/lib/python3.10/site-packages/airflow/example_dags/example_branch_operator.py
[2025-02-19T07:02:10.722+0000] {processor.py:830} INFO - Processing file /home/airflow/.local/lib/python3.10/site-packages/airflow/example_dags/example_branch_operator.py for tasks to queue
[2025-02-19T07:02:10.726+0000] {logging_mixin.py:188} INFO - [2025-02-19T07:02:10.725+0000] {dagbag.py:538} INFO - Filling up the DagBag from /home/airflow/.local/lib/python3.10/site-packages/airflow/example_dags/example_branch_operator.py
[2025-02-19T07:02:10.778+0000] {processor.py:840} INFO - DAG(s) 'example_branch_operator' retrieved from /home/airflow/.local/lib/python3.10/site-packages/airflow/example_dags/example_branch_operator.py
[2025-02-19T07:02:10.881+0000] {logging_mixin.py:188} INFO - [2025-02-19T07:02:10.880+0000] {dag.py:3036} INFO - Sync 1 DAGs
[2025-02-19T07:02:10.972+0000] {logging_mixin.py:188} INFO - [2025-02-19T07:02:10.972+0000] {dag.py:3823} INFO - Setting next_dagrun for example_branch_operator to 2025-02-18 00:00:00+00:00, run_after=2025-02-19 00:00:00+00:00
[2025-02-19T07:02:11.529+0000] {processor.py:183} INFO - Processing /home/airflow/.local/lib/python3.10/site-packages/airflow/example_dags/example_branch_operator.py took 0.825 seconds
[2025-02-19T07:03:04.149+0000] {processor.py:161} INFO - Started process (PID=762) to work on /home/airflow/.local/lib/python3.10/site-packages/airflow/example_dags/example_branch_operator.py
[2025-02-19T07:03:04.151+0000] {processor.py:830} INFO - Processing file /home/airflow/.local/lib/python3.10/site-packages/airflow/example_dags/example_branch_operator.py for tasks to queue
[2025-02-19T07:03:04.153+0000] {logging_mixin.py:188} INFO - [2025-02-19T07:03:04.152+0000] {dagbag.py:538} INFO - Filling up the DagBag from /home/airflow/.local/lib/python3.10/site-packages/airflow/example_dags/example_branch_operator.py
[2025-02-19T07:03:04.201+0000] {processor.py:840} INFO - DAG(s) 'example_branch_operator' retrieved from /home/airflow/.local/lib/python3.10/site-packages/airflow/example_dags/example_branch_operator.py
[2025-02-19T07:03:04.294+0000] {logging_mixin.py:188} INFO - [2025-02-19T07:03:04.294+0000] {dag.py:3036} INFO - Sync 1 DAGs
[2025-02-19T07:03:04.346+0000] {logging_mixin.py:188} INFO - [2025-02-19T07:03:04.346+0000] {dag.py:3823} INFO - Setting next_dagrun for example_branch_operator to 2025-02-18 00:00:00+00:00, run_after=2025-02-19 00:00:00+00:00
[2025-02-19T07:03:04.462+0000] {processor.py:183} INFO - Processing /home/airflow/.local/lib/python3.10/site-packages/airflow/example_dags/example_branch_operator.py took 0.319 seconds
[2025-02-19T07:05:16.885+0000] {processor.py:161} INFO - Started process (PID=822) to work on /home/airflow/.local/lib/python3.10/site-packages/airflow/example_dags/example_branch_operator.py
[2025-02-19T07:05:17.186+0000] {processor.py:830} INFO - Processing file /home/airflow/.local/lib/python3.10/site-packages/airflow/example_dags/example_branch_operator.py for tasks to queue
[2025-02-19T07:05:17.202+0000] {logging_mixin.py:188} INFO - [2025-02-19T07:05:17.199+0000] {dagbag.py:538} INFO - Filling up the DagBag from /home/airflow/.local/lib/python3.10/site-packages/airflow/example_dags/example_branch_operator.py
[2025-02-19T07:05:17.391+0000] {processor.py:840} INFO - DAG(s) 'example_branch_operator' retrieved from /home/airflow/.local/lib/python3.10/site-packages/airflow/example_dags/example_branch_operator.py
[2025-02-19T07:05:17.801+0000] {logging_mixin.py:188} INFO - [2025-02-19T07:05:17.799+0000] {dag.py:3036} INFO - Sync 1 DAGs
[2025-02-19T07:05:18.031+0000] {logging_mixin.py:188} INFO - [2025-02-19T07:05:18.030+0000] {dag.py:3823} INFO - Setting next_dagrun for example_branch_operator to 2025-02-18 00:00:00+00:00, run_after=2025-02-19 00:00:00+00:00
[2025-02-19T07:05:18.765+0000] {processor.py:183} INFO - Processing /home/airflow/.local/lib/python3.10/site-packages/airflow/example_dags/example_branch_operator.py took 1.955 seconds
[2025-02-19T07:06:41.069+0000] {processor.py:161} INFO - Started process (PID=854) to work on /home/airflow/.local/lib/python3.10/site-packages/airflow/example_dags/example_branch_operator.py
[2025-02-19T07:06:41.072+0000] {processor.py:830} INFO - Processing file /home/airflow/.local/lib/python3.10/site-packages/airflow/example_dags/example_branch_operator.py for tasks to queue
[2025-02-19T07:06:41.074+0000] {logging_mixin.py:188} INFO - [2025-02-19T07:06:41.073+0000] {dagbag.py:538} INFO - Filling up the DagBag from /home/airflow/.local/lib/python3.10/site-packages/airflow/example_dags/example_branch_operator.py
[2025-02-19T07:06:41.125+0000] {processor.py:840} INFO - DAG(s) 'example_branch_operator' retrieved from /home/airflow/.local/lib/python3.10/site-packages/airflow/example_dags/example_branch_operator.py
[2025-02-19T07:06:41.209+0000] {logging_mixin.py:188} INFO - [2025-02-19T07:06:41.209+0000] {dag.py:3036} INFO - Sync 1 DAGs
[2025-02-19T07:06:41.278+0000] {logging_mixin.py:188} INFO - [2025-02-19T07:06:41.278+0000] {dag.py:3823} INFO - Setting next_dagrun for example_branch_operator to 2025-02-18 00:00:00+00:00, run_after=2025-02-19 00:00:00+00:00
[2025-02-19T07:06:41.460+0000] {processor.py:183} INFO - Processing /home/airflow/.local/lib/python3.10/site-packages/airflow/example_dags/example_branch_operator.py took 0.395 seconds
[2025-02-19T07:08:06.292+0000] {processor.py:161} INFO - Started process (PID=893) to work on /home/airflow/.local/lib/python3.10/site-packages/airflow/example_dags/example_branch_operator.py
[2025-02-19T07:08:06.308+0000] {processor.py:830} INFO - Processing file /home/airflow/.local/lib/python3.10/site-packages/airflow/example_dags/example_branch_operator.py for tasks to queue
[2025-02-19T07:08:06.311+0000] {logging_mixin.py:188} INFO - [2025-02-19T07:08:06.310+0000] {dagbag.py:538} INFO - Filling up the DagBag from /home/airflow/.local/lib/python3.10/site-packages/airflow/example_dags/example_branch_operator.py
[2025-02-19T07:08:06.457+0000] {processor.py:840} INFO - DAG(s) 'example_branch_operator' retrieved from /home/airflow/.local/lib/python3.10/site-packages/airflow/example_dags/example_branch_operator.py
[2025-02-19T07:08:06.775+0000] {logging_mixin.py:188} INFO - [2025-02-19T07:08:06.768+0000] {dag.py:3036} INFO - Sync 1 DAGs
[2025-02-19T07:08:07.000+0000] {logging_mixin.py:188} INFO - [2025-02-19T07:08:06.995+0000] {dag.py:3823} INFO - Setting next_dagrun for example_branch_operator to 2025-02-18 00:00:00+00:00, run_after=2025-02-19 00:00:00+00:00
[2025-02-19T07:08:07.249+0000] {processor.py:183} INFO - Processing /home/airflow/.local/lib/python3.10/site-packages/airflow/example_dags/example_branch_operator.py took 0.982 seconds
