[2025-02-19T05:56:39.889+0000] {processor.py:161} INFO - Started process (PID=69) to work on /home/airflow/.local/lib/python3.10/site-packages/airflow/example_dags/example_trigger_controller_dag.py
[2025-02-19T05:56:39.893+0000] {processor.py:830} INFO - Processing file /home/airflow/.local/lib/python3.10/site-packages/airflow/example_dags/example_trigger_controller_dag.py for tasks to queue
[2025-02-19T05:56:39.897+0000] {logging_mixin.py:188} INFO - [2025-02-19T05:56:39.896+0000] {dagbag.py:538} INFO - Filling up the DagBag from /home/airflow/.local/lib/python3.10/site-packages/airflow/example_dags/example_trigger_controller_dag.py
[2025-02-19T05:56:39.956+0000] {processor.py:840} INFO - DAG(s) 'example_trigger_controller_dag' retrieved from /home/airflow/.local/lib/python3.10/site-packages/airflow/example_dags/example_trigger_controller_dag.py
[2025-02-19T05:56:40.065+0000] {logging_mixin.py:188} INFO - [2025-02-19T05:56:40.064+0000] {dag.py:3036} INFO - Sync 1 DAGs
[2025-02-19T05:56:40.248+0000] {logging_mixin.py:188} INFO - [2025-02-19T05:56:40.247+0000] {dag.py:3823} INFO - Setting next_dagrun for example_trigger_controller_dag to 2021-01-01 00:00:00+00:00, run_after=2021-01-01 00:00:00+00:00
[2025-02-19T05:56:40.586+0000] {processor.py:183} INFO - Processing /home/airflow/.local/lib/python3.10/site-packages/airflow/example_dags/example_trigger_controller_dag.py took 0.854 seconds
[2025-02-19T05:59:07.073+0000] {processor.py:161} INFO - Started process (PID=118) to work on /home/airflow/.local/lib/python3.10/site-packages/airflow/example_dags/example_trigger_controller_dag.py
[2025-02-19T05:59:07.075+0000] {processor.py:830} INFO - Processing file /home/airflow/.local/lib/python3.10/site-packages/airflow/example_dags/example_trigger_controller_dag.py for tasks to queue
[2025-02-19T05:59:07.078+0000] {logging_mixin.py:188} INFO - [2025-02-19T05:59:07.077+0000] {dagbag.py:538} INFO - Filling up the DagBag from /home/airflow/.local/lib/python3.10/site-packages/airflow/example_dags/example_trigger_controller_dag.py
[2025-02-19T05:59:07.095+0000] {processor.py:840} INFO - DAG(s) 'example_trigger_controller_dag' retrieved from /home/airflow/.local/lib/python3.10/site-packages/airflow/example_dags/example_trigger_controller_dag.py
[2025-02-19T05:59:07.156+0000] {logging_mixin.py:188} INFO - [2025-02-19T05:59:07.155+0000] {dag.py:3036} INFO - Sync 1 DAGs
[2025-02-19T05:59:07.241+0000] {logging_mixin.py:188} INFO - [2025-02-19T05:59:07.241+0000] {dag.py:3823} INFO - Setting next_dagrun for example_trigger_controller_dag to 2021-01-01 00:00:00+00:00, run_after=2021-01-01 00:00:00+00:00
[2025-02-19T05:59:07.401+0000] {processor.py:183} INFO - Processing /home/airflow/.local/lib/python3.10/site-packages/airflow/example_dags/example_trigger_controller_dag.py took 0.341 seconds
[2025-02-19T06:01:09.928+0000] {processor.py:161} INFO - Started process (PID=184) to work on /home/airflow/.local/lib/python3.10/site-packages/airflow/example_dags/example_trigger_controller_dag.py
[2025-02-19T06:01:09.930+0000] {processor.py:830} INFO - Processing file /home/airflow/.local/lib/python3.10/site-packages/airflow/example_dags/example_trigger_controller_dag.py for tasks to queue
[2025-02-19T06:01:09.932+0000] {logging_mixin.py:188} INFO - [2025-02-19T06:01:09.932+0000] {dagbag.py:538} INFO - Filling up the DagBag from /home/airflow/.local/lib/python3.10/site-packages/airflow/example_dags/example_trigger_controller_dag.py
[2025-02-19T06:01:09.944+0000] {processor.py:840} INFO - DAG(s) 'example_trigger_controller_dag' retrieved from /home/airflow/.local/lib/python3.10/site-packages/airflow/example_dags/example_trigger_controller_dag.py
[2025-02-19T06:01:09.990+0000] {logging_mixin.py:188} INFO - [2025-02-19T06:01:09.990+0000] {dag.py:3036} INFO - Sync 1 DAGs
[2025-02-19T06:01:10.057+0000] {logging_mixin.py:188} INFO - [2025-02-19T06:01:10.057+0000] {dag.py:3823} INFO - Setting next_dagrun for example_trigger_controller_dag to 2021-01-01 00:00:00+00:00, run_after=2021-01-01 00:00:00+00:00
[2025-02-19T06:01:10.206+0000] {processor.py:183} INFO - Processing /home/airflow/.local/lib/python3.10/site-packages/airflow/example_dags/example_trigger_controller_dag.py took 0.283 seconds
[2025-02-19T06:03:00.375+0000] {processor.py:161} INFO - Started process (PID=250) to work on /home/airflow/.local/lib/python3.10/site-packages/airflow/example_dags/example_trigger_controller_dag.py
[2025-02-19T06:03:00.378+0000] {processor.py:830} INFO - Processing file /home/airflow/.local/lib/python3.10/site-packages/airflow/example_dags/example_trigger_controller_dag.py for tasks to queue
[2025-02-19T06:03:00.382+0000] {logging_mixin.py:188} INFO - [2025-02-19T06:03:00.381+0000] {dagbag.py:538} INFO - Filling up the DagBag from /home/airflow/.local/lib/python3.10/site-packages/airflow/example_dags/example_trigger_controller_dag.py
[2025-02-19T06:03:00.394+0000] {processor.py:840} INFO - DAG(s) 'example_trigger_controller_dag' retrieved from /home/airflow/.local/lib/python3.10/site-packages/airflow/example_dags/example_trigger_controller_dag.py
[2025-02-19T06:03:00.459+0000] {logging_mixin.py:188} INFO - [2025-02-19T06:03:00.458+0000] {dag.py:3036} INFO - Sync 1 DAGs
[2025-02-19T06:03:00.544+0000] {logging_mixin.py:188} INFO - [2025-02-19T06:03:00.543+0000] {dag.py:3823} INFO - Setting next_dagrun for example_trigger_controller_dag to 2021-01-01 00:00:00+00:00, run_after=2021-01-01 00:00:00+00:00
[2025-02-19T06:03:00.685+0000] {processor.py:183} INFO - Processing /home/airflow/.local/lib/python3.10/site-packages/airflow/example_dags/example_trigger_controller_dag.py took 0.315 seconds
[2025-02-19T06:04:42.923+0000] {processor.py:161} INFO - Started process (PID=311) to work on /home/airflow/.local/lib/python3.10/site-packages/airflow/example_dags/example_trigger_controller_dag.py
[2025-02-19T06:04:42.926+0000] {processor.py:830} INFO - Processing file /home/airflow/.local/lib/python3.10/site-packages/airflow/example_dags/example_trigger_controller_dag.py for tasks to queue
[2025-02-19T06:04:42.929+0000] {logging_mixin.py:188} INFO - [2025-02-19T06:04:42.928+0000] {dagbag.py:538} INFO - Filling up the DagBag from /home/airflow/.local/lib/python3.10/site-packages/airflow/example_dags/example_trigger_controller_dag.py
[2025-02-19T06:04:42.950+0000] {processor.py:840} INFO - DAG(s) 'example_trigger_controller_dag' retrieved from /home/airflow/.local/lib/python3.10/site-packages/airflow/example_dags/example_trigger_controller_dag.py
[2025-02-19T06:04:43.021+0000] {logging_mixin.py:188} INFO - [2025-02-19T06:04:43.020+0000] {dag.py:3036} INFO - Sync 1 DAGs
[2025-02-19T06:04:43.102+0000] {logging_mixin.py:188} INFO - [2025-02-19T06:04:43.102+0000] {dag.py:3823} INFO - Setting next_dagrun for example_trigger_controller_dag to 2021-01-01 00:00:00+00:00, run_after=2021-01-01 00:00:00+00:00
[2025-02-19T06:04:43.240+0000] {processor.py:183} INFO - Processing /home/airflow/.local/lib/python3.10/site-packages/airflow/example_dags/example_trigger_controller_dag.py took 0.332 seconds
[2025-02-19T06:06:35.595+0000] {processor.py:161} INFO - Started process (PID=375) to work on /home/airflow/.local/lib/python3.10/site-packages/airflow/example_dags/example_trigger_controller_dag.py
[2025-02-19T06:06:35.606+0000] {processor.py:830} INFO - Processing file /home/airflow/.local/lib/python3.10/site-packages/airflow/example_dags/example_trigger_controller_dag.py for tasks to queue
[2025-02-19T06:06:35.609+0000] {logging_mixin.py:188} INFO - [2025-02-19T06:06:35.608+0000] {dagbag.py:538} INFO - Filling up the DagBag from /home/airflow/.local/lib/python3.10/site-packages/airflow/example_dags/example_trigger_controller_dag.py
[2025-02-19T06:06:35.640+0000] {processor.py:840} INFO - DAG(s) 'example_trigger_controller_dag' retrieved from /home/airflow/.local/lib/python3.10/site-packages/airflow/example_dags/example_trigger_controller_dag.py
[2025-02-19T06:06:35.774+0000] {logging_mixin.py:188} INFO - [2025-02-19T06:06:35.773+0000] {dag.py:3036} INFO - Sync 1 DAGs
[2025-02-19T06:06:35.904+0000] {logging_mixin.py:188} INFO - [2025-02-19T06:06:35.903+0000] {dag.py:3823} INFO - Setting next_dagrun for example_trigger_controller_dag to 2021-01-01 00:00:00+00:00, run_after=2021-01-01 00:00:00+00:00
[2025-02-19T06:06:36.132+0000] {processor.py:183} INFO - Processing /home/airflow/.local/lib/python3.10/site-packages/airflow/example_dags/example_trigger_controller_dag.py took 0.545 seconds
[2025-02-19T06:08:46.323+0000] {processor.py:161} INFO - Started process (PID=441) to work on /home/airflow/.local/lib/python3.10/site-packages/airflow/example_dags/example_trigger_controller_dag.py
[2025-02-19T06:08:46.333+0000] {processor.py:830} INFO - Processing file /home/airflow/.local/lib/python3.10/site-packages/airflow/example_dags/example_trigger_controller_dag.py for tasks to queue
[2025-02-19T06:08:46.336+0000] {logging_mixin.py:188} INFO - [2025-02-19T06:08:46.335+0000] {dagbag.py:538} INFO - Filling up the DagBag from /home/airflow/.local/lib/python3.10/site-packages/airflow/example_dags/example_trigger_controller_dag.py
[2025-02-19T06:08:46.355+0000] {processor.py:840} INFO - DAG(s) 'example_trigger_controller_dag' retrieved from /home/airflow/.local/lib/python3.10/site-packages/airflow/example_dags/example_trigger_controller_dag.py
[2025-02-19T06:08:46.443+0000] {logging_mixin.py:188} INFO - [2025-02-19T06:08:46.442+0000] {dag.py:3036} INFO - Sync 1 DAGs
[2025-02-19T06:08:46.550+0000] {logging_mixin.py:188} INFO - [2025-02-19T06:08:46.550+0000] {dag.py:3823} INFO - Setting next_dagrun for example_trigger_controller_dag to 2021-01-01 00:00:00+00:00, run_after=2021-01-01 00:00:00+00:00
[2025-02-19T06:08:46.703+0000] {processor.py:183} INFO - Processing /home/airflow/.local/lib/python3.10/site-packages/airflow/example_dags/example_trigger_controller_dag.py took 0.388 seconds
[2025-02-19T06:10:26.391+0000] {processor.py:161} INFO - Started process (PID=504) to work on /home/airflow/.local/lib/python3.10/site-packages/airflow/example_dags/example_trigger_controller_dag.py
[2025-02-19T06:10:26.394+0000] {processor.py:830} INFO - Processing file /home/airflow/.local/lib/python3.10/site-packages/airflow/example_dags/example_trigger_controller_dag.py for tasks to queue
[2025-02-19T06:10:26.398+0000] {logging_mixin.py:188} INFO - [2025-02-19T06:10:26.397+0000] {dagbag.py:538} INFO - Filling up the DagBag from /home/airflow/.local/lib/python3.10/site-packages/airflow/example_dags/example_trigger_controller_dag.py
[2025-02-19T06:10:26.430+0000] {processor.py:840} INFO - DAG(s) 'example_trigger_controller_dag' retrieved from /home/airflow/.local/lib/python3.10/site-packages/airflow/example_dags/example_trigger_controller_dag.py
[2025-02-19T06:10:26.549+0000] {logging_mixin.py:188} INFO - [2025-02-19T06:10:26.548+0000] {dag.py:3036} INFO - Sync 1 DAGs
[2025-02-19T06:10:26.666+0000] {logging_mixin.py:188} INFO - [2025-02-19T06:10:26.665+0000] {dag.py:3823} INFO - Setting next_dagrun for example_trigger_controller_dag to 2021-01-01 00:00:00+00:00, run_after=2021-01-01 00:00:00+00:00
[2025-02-19T06:10:26.831+0000] {processor.py:183} INFO - Processing /home/airflow/.local/lib/python3.10/site-packages/airflow/example_dags/example_trigger_controller_dag.py took 0.451 seconds
[2025-02-19T06:12:19.739+0000] {processor.py:161} INFO - Started process (PID=566) to work on /home/airflow/.local/lib/python3.10/site-packages/airflow/example_dags/example_trigger_controller_dag.py
[2025-02-19T06:12:19.746+0000] {processor.py:830} INFO - Processing file /home/airflow/.local/lib/python3.10/site-packages/airflow/example_dags/example_trigger_controller_dag.py for tasks to queue
[2025-02-19T06:12:19.750+0000] {logging_mixin.py:188} INFO - [2025-02-19T06:12:19.749+0000] {dagbag.py:538} INFO - Filling up the DagBag from /home/airflow/.local/lib/python3.10/site-packages/airflow/example_dags/example_trigger_controller_dag.py
[2025-02-19T06:12:19.779+0000] {processor.py:840} INFO - DAG(s) 'example_trigger_controller_dag' retrieved from /home/airflow/.local/lib/python3.10/site-packages/airflow/example_dags/example_trigger_controller_dag.py
[2025-02-19T06:12:19.868+0000] {logging_mixin.py:188} INFO - [2025-02-19T06:12:19.867+0000] {dag.py:3036} INFO - Sync 1 DAGs
[2025-02-19T06:12:19.995+0000] {logging_mixin.py:188} INFO - [2025-02-19T06:12:19.992+0000] {dag.py:3823} INFO - Setting next_dagrun for example_trigger_controller_dag to 2021-01-01 00:00:00+00:00, run_after=2021-01-01 00:00:00+00:00
[2025-02-19T06:12:20.195+0000] {processor.py:183} INFO - Processing /home/airflow/.local/lib/python3.10/site-packages/airflow/example_dags/example_trigger_controller_dag.py took 0.469 seconds
[2025-02-19T06:14:03.881+0000] {processor.py:161} INFO - Started process (PID=631) to work on /home/airflow/.local/lib/python3.10/site-packages/airflow/example_dags/example_trigger_controller_dag.py
[2025-02-19T06:14:03.883+0000] {processor.py:830} INFO - Processing file /home/airflow/.local/lib/python3.10/site-packages/airflow/example_dags/example_trigger_controller_dag.py for tasks to queue
[2025-02-19T06:14:03.886+0000] {logging_mixin.py:188} INFO - [2025-02-19T06:14:03.885+0000] {dagbag.py:538} INFO - Filling up the DagBag from /home/airflow/.local/lib/python3.10/site-packages/airflow/example_dags/example_trigger_controller_dag.py
[2025-02-19T06:14:03.900+0000] {processor.py:840} INFO - DAG(s) 'example_trigger_controller_dag' retrieved from /home/airflow/.local/lib/python3.10/site-packages/airflow/example_dags/example_trigger_controller_dag.py
[2025-02-19T06:14:03.958+0000] {logging_mixin.py:188} INFO - [2025-02-19T06:14:03.957+0000] {dag.py:3036} INFO - Sync 1 DAGs
[2025-02-19T06:14:04.065+0000] {logging_mixin.py:188} INFO - [2025-02-19T06:14:04.065+0000] {dag.py:3823} INFO - Setting next_dagrun for example_trigger_controller_dag to 2021-01-01 00:00:00+00:00, run_after=2021-01-01 00:00:00+00:00
[2025-02-19T06:14:04.257+0000] {processor.py:183} INFO - Processing /home/airflow/.local/lib/python3.10/site-packages/airflow/example_dags/example_trigger_controller_dag.py took 0.385 seconds
[2025-02-19T06:15:38.043+0000] {processor.py:161} INFO - Started process (PID=691) to work on /home/airflow/.local/lib/python3.10/site-packages/airflow/example_dags/example_trigger_controller_dag.py
[2025-02-19T06:15:38.054+0000] {processor.py:830} INFO - Processing file /home/airflow/.local/lib/python3.10/site-packages/airflow/example_dags/example_trigger_controller_dag.py for tasks to queue
[2025-02-19T06:15:38.058+0000] {logging_mixin.py:188} INFO - [2025-02-19T06:15:38.057+0000] {dagbag.py:538} INFO - Filling up the DagBag from /home/airflow/.local/lib/python3.10/site-packages/airflow/example_dags/example_trigger_controller_dag.py
[2025-02-19T06:15:38.093+0000] {processor.py:840} INFO - DAG(s) 'example_trigger_controller_dag' retrieved from /home/airflow/.local/lib/python3.10/site-packages/airflow/example_dags/example_trigger_controller_dag.py
[2025-02-19T06:15:38.179+0000] {logging_mixin.py:188} INFO - [2025-02-19T06:15:38.179+0000] {dag.py:3036} INFO - Sync 1 DAGs
[2025-02-19T06:15:38.236+0000] {logging_mixin.py:188} INFO - [2025-02-19T06:15:38.236+0000] {dag.py:3823} INFO - Setting next_dagrun for example_trigger_controller_dag to 2021-01-01 00:00:00+00:00, run_after=2021-01-01 00:00:00+00:00
[2025-02-19T06:15:38.392+0000] {processor.py:183} INFO - Processing /home/airflow/.local/lib/python3.10/site-packages/airflow/example_dags/example_trigger_controller_dag.py took 0.370 seconds
[2025-02-19T06:17:41.789+0000] {processor.py:161} INFO - Started process (PID=758) to work on /home/airflow/.local/lib/python3.10/site-packages/airflow/example_dags/example_trigger_controller_dag.py
[2025-02-19T06:17:41.800+0000] {processor.py:830} INFO - Processing file /home/airflow/.local/lib/python3.10/site-packages/airflow/example_dags/example_trigger_controller_dag.py for tasks to queue
[2025-02-19T06:17:41.804+0000] {logging_mixin.py:188} INFO - [2025-02-19T06:17:41.802+0000] {dagbag.py:538} INFO - Filling up the DagBag from /home/airflow/.local/lib/python3.10/site-packages/airflow/example_dags/example_trigger_controller_dag.py
[2025-02-19T06:17:41.826+0000] {processor.py:840} INFO - DAG(s) 'example_trigger_controller_dag' retrieved from /home/airflow/.local/lib/python3.10/site-packages/airflow/example_dags/example_trigger_controller_dag.py
[2025-02-19T06:17:41.922+0000] {logging_mixin.py:188} INFO - [2025-02-19T06:17:41.921+0000] {dag.py:3036} INFO - Sync 1 DAGs
[2025-02-19T06:17:42.012+0000] {logging_mixin.py:188} INFO - [2025-02-19T06:17:42.011+0000] {dag.py:3823} INFO - Setting next_dagrun for example_trigger_controller_dag to 2021-01-01 00:00:00+00:00, run_after=2021-01-01 00:00:00+00:00
[2025-02-19T06:17:42.150+0000] {processor.py:183} INFO - Processing /home/airflow/.local/lib/python3.10/site-packages/airflow/example_dags/example_trigger_controller_dag.py took 0.369 seconds
[2025-02-19T06:19:16.450+0000] {processor.py:161} INFO - Started process (PID=819) to work on /home/airflow/.local/lib/python3.10/site-packages/airflow/example_dags/example_trigger_controller_dag.py
[2025-02-19T06:19:16.453+0000] {processor.py:830} INFO - Processing file /home/airflow/.local/lib/python3.10/site-packages/airflow/example_dags/example_trigger_controller_dag.py for tasks to queue
[2025-02-19T06:19:16.457+0000] {logging_mixin.py:188} INFO - [2025-02-19T06:19:16.456+0000] {dagbag.py:538} INFO - Filling up the DagBag from /home/airflow/.local/lib/python3.10/site-packages/airflow/example_dags/example_trigger_controller_dag.py
[2025-02-19T06:19:16.471+0000] {processor.py:840} INFO - DAG(s) 'example_trigger_controller_dag' retrieved from /home/airflow/.local/lib/python3.10/site-packages/airflow/example_dags/example_trigger_controller_dag.py
[2025-02-19T06:19:16.534+0000] {logging_mixin.py:188} INFO - [2025-02-19T06:19:16.533+0000] {dag.py:3036} INFO - Sync 1 DAGs
[2025-02-19T06:19:16.597+0000] {logging_mixin.py:188} INFO - [2025-02-19T06:19:16.597+0000] {dag.py:3823} INFO - Setting next_dagrun for example_trigger_controller_dag to 2021-01-01 00:00:00+00:00, run_after=2021-01-01 00:00:00+00:00
[2025-02-19T06:19:16.733+0000] {processor.py:183} INFO - Processing /home/airflow/.local/lib/python3.10/site-packages/airflow/example_dags/example_trigger_controller_dag.py took 0.290 seconds
[2025-02-19T06:20:53.970+0000] {processor.py:161} INFO - Started process (PID=878) to work on /home/airflow/.local/lib/python3.10/site-packages/airflow/example_dags/example_trigger_controller_dag.py
[2025-02-19T06:20:53.973+0000] {processor.py:830} INFO - Processing file /home/airflow/.local/lib/python3.10/site-packages/airflow/example_dags/example_trigger_controller_dag.py for tasks to queue
[2025-02-19T06:20:53.985+0000] {logging_mixin.py:188} INFO - [2025-02-19T06:20:53.983+0000] {dagbag.py:538} INFO - Filling up the DagBag from /home/airflow/.local/lib/python3.10/site-packages/airflow/example_dags/example_trigger_controller_dag.py
[2025-02-19T06:20:54.009+0000] {processor.py:840} INFO - DAG(s) 'example_trigger_controller_dag' retrieved from /home/airflow/.local/lib/python3.10/site-packages/airflow/example_dags/example_trigger_controller_dag.py
[2025-02-19T06:20:54.133+0000] {logging_mixin.py:188} INFO - [2025-02-19T06:20:54.133+0000] {dag.py:3036} INFO - Sync 1 DAGs
[2025-02-19T06:20:54.246+0000] {logging_mixin.py:188} INFO - [2025-02-19T06:20:54.245+0000] {dag.py:3823} INFO - Setting next_dagrun for example_trigger_controller_dag to 2021-01-01 00:00:00+00:00, run_after=2021-01-01 00:00:00+00:00
[2025-02-19T06:20:54.483+0000] {processor.py:183} INFO - Processing /home/airflow/.local/lib/python3.10/site-packages/airflow/example_dags/example_trigger_controller_dag.py took 0.524 seconds
[2025-02-19T06:22:53.613+0000] {processor.py:161} INFO - Started process (PID=943) to work on /home/airflow/.local/lib/python3.10/site-packages/airflow/example_dags/example_trigger_controller_dag.py
[2025-02-19T06:22:53.620+0000] {processor.py:830} INFO - Processing file /home/airflow/.local/lib/python3.10/site-packages/airflow/example_dags/example_trigger_controller_dag.py for tasks to queue
[2025-02-19T06:22:53.627+0000] {logging_mixin.py:188} INFO - [2025-02-19T06:22:53.627+0000] {dagbag.py:538} INFO - Filling up the DagBag from /home/airflow/.local/lib/python3.10/site-packages/airflow/example_dags/example_trigger_controller_dag.py
[2025-02-19T06:22:53.650+0000] {processor.py:840} INFO - DAG(s) 'example_trigger_controller_dag' retrieved from /home/airflow/.local/lib/python3.10/site-packages/airflow/example_dags/example_trigger_controller_dag.py
[2025-02-19T06:22:53.744+0000] {logging_mixin.py:188} INFO - [2025-02-19T06:22:53.744+0000] {dag.py:3036} INFO - Sync 1 DAGs
[2025-02-19T06:22:53.873+0000] {logging_mixin.py:188} INFO - [2025-02-19T06:22:53.872+0000] {dag.py:3823} INFO - Setting next_dagrun for example_trigger_controller_dag to 2021-01-01 00:00:00+00:00, run_after=2021-01-01 00:00:00+00:00
[2025-02-19T06:22:54.067+0000] {processor.py:183} INFO - Processing /home/airflow/.local/lib/python3.10/site-packages/airflow/example_dags/example_trigger_controller_dag.py took 0.472 seconds
[2025-02-19T06:25:07.997+0000] {processor.py:161} INFO - Started process (PID=1011) to work on /home/airflow/.local/lib/python3.10/site-packages/airflow/example_dags/example_trigger_controller_dag.py
[2025-02-19T06:25:08.001+0000] {processor.py:830} INFO - Processing file /home/airflow/.local/lib/python3.10/site-packages/airflow/example_dags/example_trigger_controller_dag.py for tasks to queue
[2025-02-19T06:25:08.004+0000] {logging_mixin.py:188} INFO - [2025-02-19T06:25:08.003+0000] {dagbag.py:538} INFO - Filling up the DagBag from /home/airflow/.local/lib/python3.10/site-packages/airflow/example_dags/example_trigger_controller_dag.py
[2025-02-19T06:25:08.022+0000] {processor.py:840} INFO - DAG(s) 'example_trigger_controller_dag' retrieved from /home/airflow/.local/lib/python3.10/site-packages/airflow/example_dags/example_trigger_controller_dag.py
[2025-02-19T06:25:08.115+0000] {logging_mixin.py:188} INFO - [2025-02-19T06:25:08.110+0000] {dag.py:3036} INFO - Sync 1 DAGs
[2025-02-19T06:25:08.238+0000] {logging_mixin.py:188} INFO - [2025-02-19T06:25:08.237+0000] {dag.py:3823} INFO - Setting next_dagrun for example_trigger_controller_dag to 2021-01-01 00:00:00+00:00, run_after=2021-01-01 00:00:00+00:00
[2025-02-19T06:25:08.456+0000] {processor.py:183} INFO - Processing /home/airflow/.local/lib/python3.10/site-packages/airflow/example_dags/example_trigger_controller_dag.py took 0.469 seconds
[2025-02-19T06:30:59.368+0000] {processor.py:161} INFO - Started process (PID=69) to work on /home/airflow/.local/lib/python3.10/site-packages/airflow/example_dags/example_trigger_controller_dag.py
[2025-02-19T06:30:59.371+0000] {processor.py:830} INFO - Processing file /home/airflow/.local/lib/python3.10/site-packages/airflow/example_dags/example_trigger_controller_dag.py for tasks to queue
[2025-02-19T06:30:59.377+0000] {logging_mixin.py:188} INFO - [2025-02-19T06:30:59.375+0000] {dagbag.py:538} INFO - Filling up the DagBag from /home/airflow/.local/lib/python3.10/site-packages/airflow/example_dags/example_trigger_controller_dag.py
[2025-02-19T06:30:59.401+0000] {processor.py:840} INFO - DAG(s) 'example_trigger_controller_dag' retrieved from /home/airflow/.local/lib/python3.10/site-packages/airflow/example_dags/example_trigger_controller_dag.py
[2025-02-19T06:30:59.477+0000] {logging_mixin.py:188} INFO - [2025-02-19T06:30:59.476+0000] {dag.py:3036} INFO - Sync 1 DAGs
[2025-02-19T06:30:59.552+0000] {logging_mixin.py:188} INFO - [2025-02-19T06:30:59.551+0000] {dag.py:3823} INFO - Setting next_dagrun for example_trigger_controller_dag to 2021-01-01 00:00:00+00:00, run_after=2021-01-01 00:00:00+00:00
[2025-02-19T06:30:59.707+0000] {processor.py:183} INFO - Processing /home/airflow/.local/lib/python3.10/site-packages/airflow/example_dags/example_trigger_controller_dag.py took 0.348 seconds
[2025-02-19T06:33:16.908+0000] {processor.py:161} INFO - Started process (PID=137) to work on /home/airflow/.local/lib/python3.10/site-packages/airflow/example_dags/example_trigger_controller_dag.py
[2025-02-19T06:33:16.913+0000] {processor.py:830} INFO - Processing file /home/airflow/.local/lib/python3.10/site-packages/airflow/example_dags/example_trigger_controller_dag.py for tasks to queue
[2025-02-19T06:33:16.917+0000] {logging_mixin.py:188} INFO - [2025-02-19T06:33:16.915+0000] {dagbag.py:538} INFO - Filling up the DagBag from /home/airflow/.local/lib/python3.10/site-packages/airflow/example_dags/example_trigger_controller_dag.py
[2025-02-19T06:33:16.930+0000] {processor.py:840} INFO - DAG(s) 'example_trigger_controller_dag' retrieved from /home/airflow/.local/lib/python3.10/site-packages/airflow/example_dags/example_trigger_controller_dag.py
[2025-02-19T06:33:16.998+0000] {logging_mixin.py:188} INFO - [2025-02-19T06:33:16.997+0000] {dag.py:3036} INFO - Sync 1 DAGs
[2025-02-19T06:33:17.076+0000] {logging_mixin.py:188} INFO - [2025-02-19T06:33:17.075+0000] {dag.py:3823} INFO - Setting next_dagrun for example_trigger_controller_dag to 2021-01-01 00:00:00+00:00, run_after=2021-01-01 00:00:00+00:00
[2025-02-19T06:33:17.252+0000] {processor.py:183} INFO - Processing /home/airflow/.local/lib/python3.10/site-packages/airflow/example_dags/example_trigger_controller_dag.py took 0.355 seconds
[2025-02-19T06:35:00.995+0000] {processor.py:161} INFO - Started process (PID=200) to work on /home/airflow/.local/lib/python3.10/site-packages/airflow/example_dags/example_trigger_controller_dag.py
[2025-02-19T06:35:00.998+0000] {processor.py:830} INFO - Processing file /home/airflow/.local/lib/python3.10/site-packages/airflow/example_dags/example_trigger_controller_dag.py for tasks to queue
[2025-02-19T06:35:01.000+0000] {logging_mixin.py:188} INFO - [2025-02-19T06:35:00.999+0000] {dagbag.py:538} INFO - Filling up the DagBag from /home/airflow/.local/lib/python3.10/site-packages/airflow/example_dags/example_trigger_controller_dag.py
[2025-02-19T06:35:01.011+0000] {processor.py:840} INFO - DAG(s) 'example_trigger_controller_dag' retrieved from /home/airflow/.local/lib/python3.10/site-packages/airflow/example_dags/example_trigger_controller_dag.py
[2025-02-19T06:35:01.077+0000] {logging_mixin.py:188} INFO - [2025-02-19T06:35:01.076+0000] {dag.py:3036} INFO - Sync 1 DAGs
[2025-02-19T06:35:01.174+0000] {logging_mixin.py:188} INFO - [2025-02-19T06:35:01.173+0000] {dag.py:3823} INFO - Setting next_dagrun for example_trigger_controller_dag to 2021-01-01 00:00:00+00:00, run_after=2021-01-01 00:00:00+00:00
[2025-02-19T06:35:01.327+0000] {processor.py:183} INFO - Processing /home/airflow/.local/lib/python3.10/site-packages/airflow/example_dags/example_trigger_controller_dag.py took 0.339 seconds
[2025-02-19T06:36:46.175+0000] {processor.py:161} INFO - Started process (PID=261) to work on /home/airflow/.local/lib/python3.10/site-packages/airflow/example_dags/example_trigger_controller_dag.py
[2025-02-19T06:36:46.186+0000] {processor.py:830} INFO - Processing file /home/airflow/.local/lib/python3.10/site-packages/airflow/example_dags/example_trigger_controller_dag.py for tasks to queue
[2025-02-19T06:36:46.190+0000] {logging_mixin.py:188} INFO - [2025-02-19T06:36:46.189+0000] {dagbag.py:538} INFO - Filling up the DagBag from /home/airflow/.local/lib/python3.10/site-packages/airflow/example_dags/example_trigger_controller_dag.py
[2025-02-19T06:36:46.213+0000] {processor.py:840} INFO - DAG(s) 'example_trigger_controller_dag' retrieved from /home/airflow/.local/lib/python3.10/site-packages/airflow/example_dags/example_trigger_controller_dag.py
[2025-02-19T06:36:46.309+0000] {logging_mixin.py:188} INFO - [2025-02-19T06:36:46.308+0000] {dag.py:3036} INFO - Sync 1 DAGs
[2025-02-19T06:36:46.486+0000] {logging_mixin.py:188} INFO - [2025-02-19T06:36:46.486+0000] {dag.py:3823} INFO - Setting next_dagrun for example_trigger_controller_dag to 2021-01-01 00:00:00+00:00, run_after=2021-01-01 00:00:00+00:00
[2025-02-19T06:36:46.668+0000] {processor.py:183} INFO - Processing /home/airflow/.local/lib/python3.10/site-packages/airflow/example_dags/example_trigger_controller_dag.py took 0.505 seconds
[2025-02-19T06:38:28.449+0000] {processor.py:161} INFO - Started process (PID=325) to work on /home/airflow/.local/lib/python3.10/site-packages/airflow/example_dags/example_trigger_controller_dag.py
[2025-02-19T06:38:28.452+0000] {processor.py:830} INFO - Processing file /home/airflow/.local/lib/python3.10/site-packages/airflow/example_dags/example_trigger_controller_dag.py for tasks to queue
[2025-02-19T06:38:28.456+0000] {logging_mixin.py:188} INFO - [2025-02-19T06:38:28.455+0000] {dagbag.py:538} INFO - Filling up the DagBag from /home/airflow/.local/lib/python3.10/site-packages/airflow/example_dags/example_trigger_controller_dag.py
[2025-02-19T06:38:28.479+0000] {processor.py:840} INFO - DAG(s) 'example_trigger_controller_dag' retrieved from /home/airflow/.local/lib/python3.10/site-packages/airflow/example_dags/example_trigger_controller_dag.py
[2025-02-19T06:38:28.541+0000] {logging_mixin.py:188} INFO - [2025-02-19T06:38:28.540+0000] {dag.py:3036} INFO - Sync 1 DAGs
[2025-02-19T06:38:28.625+0000] {logging_mixin.py:188} INFO - [2025-02-19T06:38:28.624+0000] {dag.py:3823} INFO - Setting next_dagrun for example_trigger_controller_dag to 2021-01-01 00:00:00+00:00, run_after=2021-01-01 00:00:00+00:00
[2025-02-19T06:38:28.827+0000] {processor.py:183} INFO - Processing /home/airflow/.local/lib/python3.10/site-packages/airflow/example_dags/example_trigger_controller_dag.py took 0.389 seconds
[2025-02-19T06:40:49.471+0000] {processor.py:161} INFO - Started process (PID=390) to work on /home/airflow/.local/lib/python3.10/site-packages/airflow/example_dags/example_trigger_controller_dag.py
[2025-02-19T06:40:49.481+0000] {processor.py:830} INFO - Processing file /home/airflow/.local/lib/python3.10/site-packages/airflow/example_dags/example_trigger_controller_dag.py for tasks to queue
[2025-02-19T06:40:49.485+0000] {logging_mixin.py:188} INFO - [2025-02-19T06:40:49.484+0000] {dagbag.py:538} INFO - Filling up the DagBag from /home/airflow/.local/lib/python3.10/site-packages/airflow/example_dags/example_trigger_controller_dag.py
[2025-02-19T06:40:49.512+0000] {processor.py:840} INFO - DAG(s) 'example_trigger_controller_dag' retrieved from /home/airflow/.local/lib/python3.10/site-packages/airflow/example_dags/example_trigger_controller_dag.py
[2025-02-19T06:40:49.612+0000] {logging_mixin.py:188} INFO - [2025-02-19T06:40:49.611+0000] {dag.py:3036} INFO - Sync 1 DAGs
[2025-02-19T06:40:49.672+0000] {logging_mixin.py:188} INFO - [2025-02-19T06:40:49.671+0000] {dag.py:3823} INFO - Setting next_dagrun for example_trigger_controller_dag to 2021-01-01 00:00:00+00:00, run_after=2021-01-01 00:00:00+00:00
[2025-02-19T06:40:49.805+0000] {processor.py:183} INFO - Processing /home/airflow/.local/lib/python3.10/site-packages/airflow/example_dags/example_trigger_controller_dag.py took 0.342 seconds
[2025-02-19T06:44:20.493+0000] {processor.py:161} INFO - Started process (PID=69) to work on /home/airflow/.local/lib/python3.10/site-packages/airflow/example_dags/example_trigger_controller_dag.py
[2025-02-19T06:44:20.501+0000] {processor.py:830} INFO - Processing file /home/airflow/.local/lib/python3.10/site-packages/airflow/example_dags/example_trigger_controller_dag.py for tasks to queue
[2025-02-19T06:44:20.505+0000] {logging_mixin.py:188} INFO - [2025-02-19T06:44:20.504+0000] {dagbag.py:538} INFO - Filling up the DagBag from /home/airflow/.local/lib/python3.10/site-packages/airflow/example_dags/example_trigger_controller_dag.py
[2025-02-19T06:44:20.526+0000] {processor.py:840} INFO - DAG(s) 'example_trigger_controller_dag' retrieved from /home/airflow/.local/lib/python3.10/site-packages/airflow/example_dags/example_trigger_controller_dag.py
[2025-02-19T06:44:20.595+0000] {logging_mixin.py:188} INFO - [2025-02-19T06:44:20.595+0000] {dag.py:3036} INFO - Sync 1 DAGs
[2025-02-19T06:44:20.651+0000] {logging_mixin.py:188} INFO - [2025-02-19T06:44:20.650+0000] {dag.py:3823} INFO - Setting next_dagrun for example_trigger_controller_dag to 2021-01-01 00:00:00+00:00, run_after=2021-01-01 00:00:00+00:00
[2025-02-19T06:44:20.796+0000] {processor.py:183} INFO - Processing /home/airflow/.local/lib/python3.10/site-packages/airflow/example_dags/example_trigger_controller_dag.py took 0.317 seconds
[2025-02-19T06:46:07.928+0000] {processor.py:161} INFO - Started process (PID=132) to work on /home/airflow/.local/lib/python3.10/site-packages/airflow/example_dags/example_trigger_controller_dag.py
[2025-02-19T06:46:07.931+0000] {processor.py:830} INFO - Processing file /home/airflow/.local/lib/python3.10/site-packages/airflow/example_dags/example_trigger_controller_dag.py for tasks to queue
[2025-02-19T06:46:07.932+0000] {logging_mixin.py:188} INFO - [2025-02-19T06:46:07.932+0000] {dagbag.py:538} INFO - Filling up the DagBag from /home/airflow/.local/lib/python3.10/site-packages/airflow/example_dags/example_trigger_controller_dag.py
[2025-02-19T06:46:07.941+0000] {processor.py:840} INFO - DAG(s) 'example_trigger_controller_dag' retrieved from /home/airflow/.local/lib/python3.10/site-packages/airflow/example_dags/example_trigger_controller_dag.py
[2025-02-19T06:46:07.981+0000] {logging_mixin.py:188} INFO - [2025-02-19T06:46:07.981+0000] {dag.py:3036} INFO - Sync 1 DAGs
[2025-02-19T06:46:08.026+0000] {logging_mixin.py:188} INFO - [2025-02-19T06:46:08.026+0000] {dag.py:3823} INFO - Setting next_dagrun for example_trigger_controller_dag to 2021-01-01 00:00:00+00:00, run_after=2021-01-01 00:00:00+00:00
[2025-02-19T06:46:08.139+0000] {processor.py:183} INFO - Processing /home/airflow/.local/lib/python3.10/site-packages/airflow/example_dags/example_trigger_controller_dag.py took 0.217 seconds
[2025-02-19T06:47:52.673+0000] {processor.py:161} INFO - Started process (PID=193) to work on /home/airflow/.local/lib/python3.10/site-packages/airflow/example_dags/example_trigger_controller_dag.py
[2025-02-19T06:47:52.679+0000] {processor.py:830} INFO - Processing file /home/airflow/.local/lib/python3.10/site-packages/airflow/example_dags/example_trigger_controller_dag.py for tasks to queue
[2025-02-19T06:47:52.682+0000] {logging_mixin.py:188} INFO - [2025-02-19T06:47:52.682+0000] {dagbag.py:538} INFO - Filling up the DagBag from /home/airflow/.local/lib/python3.10/site-packages/airflow/example_dags/example_trigger_controller_dag.py
[2025-02-19T06:47:52.698+0000] {processor.py:840} INFO - DAG(s) 'example_trigger_controller_dag' retrieved from /home/airflow/.local/lib/python3.10/site-packages/airflow/example_dags/example_trigger_controller_dag.py
[2025-02-19T06:47:52.765+0000] {logging_mixin.py:188} INFO - [2025-02-19T06:47:52.764+0000] {dag.py:3036} INFO - Sync 1 DAGs
[2025-02-19T06:47:52.849+0000] {logging_mixin.py:188} INFO - [2025-02-19T06:47:52.848+0000] {dag.py:3823} INFO - Setting next_dagrun for example_trigger_controller_dag to 2021-01-01 00:00:00+00:00, run_after=2021-01-01 00:00:00+00:00
[2025-02-19T06:47:52.986+0000] {processor.py:183} INFO - Processing /home/airflow/.local/lib/python3.10/site-packages/airflow/example_dags/example_trigger_controller_dag.py took 0.320 seconds
[2025-02-19T06:49:31.039+0000] {processor.py:161} INFO - Started process (PID=254) to work on /home/airflow/.local/lib/python3.10/site-packages/airflow/example_dags/example_trigger_controller_dag.py
[2025-02-19T06:49:31.041+0000] {processor.py:830} INFO - Processing file /home/airflow/.local/lib/python3.10/site-packages/airflow/example_dags/example_trigger_controller_dag.py for tasks to queue
[2025-02-19T06:49:31.044+0000] {logging_mixin.py:188} INFO - [2025-02-19T06:49:31.043+0000] {dagbag.py:538} INFO - Filling up the DagBag from /home/airflow/.local/lib/python3.10/site-packages/airflow/example_dags/example_trigger_controller_dag.py
[2025-02-19T06:49:31.057+0000] {processor.py:840} INFO - DAG(s) 'example_trigger_controller_dag' retrieved from /home/airflow/.local/lib/python3.10/site-packages/airflow/example_dags/example_trigger_controller_dag.py
[2025-02-19T06:49:31.121+0000] {logging_mixin.py:188} INFO - [2025-02-19T06:49:31.120+0000] {dag.py:3036} INFO - Sync 1 DAGs
[2025-02-19T06:49:31.189+0000] {logging_mixin.py:188} INFO - [2025-02-19T06:49:31.189+0000] {dag.py:3823} INFO - Setting next_dagrun for example_trigger_controller_dag to 2021-01-01 00:00:00+00:00, run_after=2021-01-01 00:00:00+00:00
[2025-02-19T06:49:31.369+0000] {processor.py:183} INFO - Processing /home/airflow/.local/lib/python3.10/site-packages/airflow/example_dags/example_trigger_controller_dag.py took 0.336 seconds
[2025-02-19T06:51:13.637+0000] {processor.py:161} INFO - Started process (PID=317) to work on /home/airflow/.local/lib/python3.10/site-packages/airflow/example_dags/example_trigger_controller_dag.py
[2025-02-19T06:51:13.640+0000] {processor.py:830} INFO - Processing file /home/airflow/.local/lib/python3.10/site-packages/airflow/example_dags/example_trigger_controller_dag.py for tasks to queue
[2025-02-19T06:51:13.643+0000] {logging_mixin.py:188} INFO - [2025-02-19T06:51:13.642+0000] {dagbag.py:538} INFO - Filling up the DagBag from /home/airflow/.local/lib/python3.10/site-packages/airflow/example_dags/example_trigger_controller_dag.py
[2025-02-19T06:51:13.669+0000] {processor.py:840} INFO - DAG(s) 'example_trigger_controller_dag' retrieved from /home/airflow/.local/lib/python3.10/site-packages/airflow/example_dags/example_trigger_controller_dag.py
[2025-02-19T06:51:13.754+0000] {logging_mixin.py:188} INFO - [2025-02-19T06:51:13.753+0000] {dag.py:3036} INFO - Sync 1 DAGs
[2025-02-19T06:51:13.932+0000] {logging_mixin.py:188} INFO - [2025-02-19T06:51:13.931+0000] {dag.py:3823} INFO - Setting next_dagrun for example_trigger_controller_dag to 2021-01-01 00:00:00+00:00, run_after=2021-01-01 00:00:00+00:00
[2025-02-19T06:51:14.197+0000] {processor.py:183} INFO - Processing /home/airflow/.local/lib/python3.10/site-packages/airflow/example_dags/example_trigger_controller_dag.py took 0.574 seconds
[2025-02-19T06:53:01.232+0000] {processor.py:161} INFO - Started process (PID=382) to work on /home/airflow/.local/lib/python3.10/site-packages/airflow/example_dags/example_trigger_controller_dag.py
[2025-02-19T06:53:01.234+0000] {processor.py:830} INFO - Processing file /home/airflow/.local/lib/python3.10/site-packages/airflow/example_dags/example_trigger_controller_dag.py for tasks to queue
[2025-02-19T06:53:01.236+0000] {logging_mixin.py:188} INFO - [2025-02-19T06:53:01.236+0000] {dagbag.py:538} INFO - Filling up the DagBag from /home/airflow/.local/lib/python3.10/site-packages/airflow/example_dags/example_trigger_controller_dag.py
[2025-02-19T06:53:01.249+0000] {processor.py:840} INFO - DAG(s) 'example_trigger_controller_dag' retrieved from /home/airflow/.local/lib/python3.10/site-packages/airflow/example_dags/example_trigger_controller_dag.py
[2025-02-19T06:53:01.306+0000] {logging_mixin.py:188} INFO - [2025-02-19T06:53:01.305+0000] {dag.py:3036} INFO - Sync 1 DAGs
[2025-02-19T06:53:01.374+0000] {logging_mixin.py:188} INFO - [2025-02-19T06:53:01.374+0000] {dag.py:3823} INFO - Setting next_dagrun for example_trigger_controller_dag to 2021-01-01 00:00:00+00:00, run_after=2021-01-01 00:00:00+00:00
[2025-02-19T06:53:01.551+0000] {processor.py:183} INFO - Processing /home/airflow/.local/lib/python3.10/site-packages/airflow/example_dags/example_trigger_controller_dag.py took 0.327 seconds
[2025-02-19T06:54:35.193+0000] {processor.py:161} INFO - Started process (PID=441) to work on /home/airflow/.local/lib/python3.10/site-packages/airflow/example_dags/example_trigger_controller_dag.py
[2025-02-19T06:54:35.195+0000] {processor.py:830} INFO - Processing file /home/airflow/.local/lib/python3.10/site-packages/airflow/example_dags/example_trigger_controller_dag.py for tasks to queue
[2025-02-19T06:54:35.197+0000] {logging_mixin.py:188} INFO - [2025-02-19T06:54:35.196+0000] {dagbag.py:538} INFO - Filling up the DagBag from /home/airflow/.local/lib/python3.10/site-packages/airflow/example_dags/example_trigger_controller_dag.py
[2025-02-19T06:54:35.205+0000] {processor.py:840} INFO - DAG(s) 'example_trigger_controller_dag' retrieved from /home/airflow/.local/lib/python3.10/site-packages/airflow/example_dags/example_trigger_controller_dag.py
[2025-02-19T06:54:35.246+0000] {logging_mixin.py:188} INFO - [2025-02-19T06:54:35.246+0000] {dag.py:3036} INFO - Sync 1 DAGs
[2025-02-19T06:54:35.290+0000] {logging_mixin.py:188} INFO - [2025-02-19T06:54:35.289+0000] {dag.py:3823} INFO - Setting next_dagrun for example_trigger_controller_dag to 2021-01-01 00:00:00+00:00, run_after=2021-01-01 00:00:00+00:00
[2025-02-19T06:54:35.420+0000] {processor.py:183} INFO - Processing /home/airflow/.local/lib/python3.10/site-packages/airflow/example_dags/example_trigger_controller_dag.py took 0.230 seconds
[2025-02-19T06:55:54.716+0000] {processor.py:161} INFO - Started process (PID=496) to work on /home/airflow/.local/lib/python3.10/site-packages/airflow/example_dags/example_trigger_controller_dag.py
[2025-02-19T06:55:54.718+0000] {processor.py:830} INFO - Processing file /home/airflow/.local/lib/python3.10/site-packages/airflow/example_dags/example_trigger_controller_dag.py for tasks to queue
[2025-02-19T06:55:54.721+0000] {logging_mixin.py:188} INFO - [2025-02-19T06:55:54.720+0000] {dagbag.py:538} INFO - Filling up the DagBag from /home/airflow/.local/lib/python3.10/site-packages/airflow/example_dags/example_trigger_controller_dag.py
[2025-02-19T06:55:54.732+0000] {processor.py:840} INFO - DAG(s) 'example_trigger_controller_dag' retrieved from /home/airflow/.local/lib/python3.10/site-packages/airflow/example_dags/example_trigger_controller_dag.py
[2025-02-19T06:55:54.785+0000] {logging_mixin.py:188} INFO - [2025-02-19T06:55:54.784+0000] {dag.py:3036} INFO - Sync 1 DAGs
[2025-02-19T06:55:54.840+0000] {logging_mixin.py:188} INFO - [2025-02-19T06:55:54.840+0000] {dag.py:3823} INFO - Setting next_dagrun for example_trigger_controller_dag to 2021-01-01 00:00:00+00:00, run_after=2021-01-01 00:00:00+00:00
[2025-02-19T06:55:54.977+0000] {processor.py:183} INFO - Processing /home/airflow/.local/lib/python3.10/site-packages/airflow/example_dags/example_trigger_controller_dag.py took 0.267 seconds
[2025-02-19T06:57:32.152+0000] {processor.py:161} INFO - Started process (PID=555) to work on /home/airflow/.local/lib/python3.10/site-packages/airflow/example_dags/example_trigger_controller_dag.py
[2025-02-19T06:57:32.155+0000] {processor.py:830} INFO - Processing file /home/airflow/.local/lib/python3.10/site-packages/airflow/example_dags/example_trigger_controller_dag.py for tasks to queue
[2025-02-19T06:57:32.158+0000] {logging_mixin.py:188} INFO - [2025-02-19T06:57:32.157+0000] {dagbag.py:538} INFO - Filling up the DagBag from /home/airflow/.local/lib/python3.10/site-packages/airflow/example_dags/example_trigger_controller_dag.py
[2025-02-19T06:57:32.202+0000] {processor.py:840} INFO - DAG(s) 'example_trigger_controller_dag' retrieved from /home/airflow/.local/lib/python3.10/site-packages/airflow/example_dags/example_trigger_controller_dag.py
[2025-02-19T06:57:32.270+0000] {logging_mixin.py:188} INFO - [2025-02-19T06:57:32.270+0000] {dag.py:3036} INFO - Sync 1 DAGs
[2025-02-19T06:57:32.332+0000] {logging_mixin.py:188} INFO - [2025-02-19T06:57:32.331+0000] {dag.py:3823} INFO - Setting next_dagrun for example_trigger_controller_dag to 2021-01-01 00:00:00+00:00, run_after=2021-01-01 00:00:00+00:00
[2025-02-19T06:57:32.469+0000] {processor.py:183} INFO - Processing /home/airflow/.local/lib/python3.10/site-packages/airflow/example_dags/example_trigger_controller_dag.py took 0.335 seconds
[2025-02-19T06:58:58.961+0000] {processor.py:161} INFO - Started process (PID=613) to work on /home/airflow/.local/lib/python3.10/site-packages/airflow/example_dags/example_trigger_controller_dag.py
[2025-02-19T06:58:58.964+0000] {processor.py:830} INFO - Processing file /home/airflow/.local/lib/python3.10/site-packages/airflow/example_dags/example_trigger_controller_dag.py for tasks to queue
[2025-02-19T06:58:58.967+0000] {logging_mixin.py:188} INFO - [2025-02-19T06:58:58.966+0000] {dagbag.py:538} INFO - Filling up the DagBag from /home/airflow/.local/lib/python3.10/site-packages/airflow/example_dags/example_trigger_controller_dag.py
[2025-02-19T06:58:58.988+0000] {processor.py:840} INFO - DAG(s) 'example_trigger_controller_dag' retrieved from /home/airflow/.local/lib/python3.10/site-packages/airflow/example_dags/example_trigger_controller_dag.py
[2025-02-19T06:58:59.096+0000] {logging_mixin.py:188} INFO - [2025-02-19T06:58:59.096+0000] {dag.py:3036} INFO - Sync 1 DAGs
[2025-02-19T06:58:59.189+0000] {logging_mixin.py:188} INFO - [2025-02-19T06:58:59.188+0000] {dag.py:3823} INFO - Setting next_dagrun for example_trigger_controller_dag to 2021-01-01 00:00:00+00:00, run_after=2021-01-01 00:00:00+00:00
[2025-02-19T06:58:59.684+0000] {processor.py:183} INFO - Processing /home/airflow/.local/lib/python3.10/site-packages/airflow/example_dags/example_trigger_controller_dag.py took 0.739 seconds
[2025-02-19T07:00:51.663+0000] {processor.py:161} INFO - Started process (PID=678) to work on /home/airflow/.local/lib/python3.10/site-packages/airflow/example_dags/example_trigger_controller_dag.py
[2025-02-19T07:00:51.666+0000] {processor.py:830} INFO - Processing file /home/airflow/.local/lib/python3.10/site-packages/airflow/example_dags/example_trigger_controller_dag.py for tasks to queue
[2025-02-19T07:00:51.668+0000] {logging_mixin.py:188} INFO - [2025-02-19T07:00:51.667+0000] {dagbag.py:538} INFO - Filling up the DagBag from /home/airflow/.local/lib/python3.10/site-packages/airflow/example_dags/example_trigger_controller_dag.py
[2025-02-19T07:00:51.680+0000] {processor.py:840} INFO - DAG(s) 'example_trigger_controller_dag' retrieved from /home/airflow/.local/lib/python3.10/site-packages/airflow/example_dags/example_trigger_controller_dag.py
[2025-02-19T07:00:51.727+0000] {logging_mixin.py:188} INFO - [2025-02-19T07:00:51.727+0000] {dag.py:3036} INFO - Sync 1 DAGs
[2025-02-19T07:00:51.780+0000] {logging_mixin.py:188} INFO - [2025-02-19T07:00:51.779+0000] {dag.py:3823} INFO - Setting next_dagrun for example_trigger_controller_dag to 2021-01-01 00:00:00+00:00, run_after=2021-01-01 00:00:00+00:00
[2025-02-19T07:00:51.916+0000] {processor.py:183} INFO - Processing /home/airflow/.local/lib/python3.10/site-packages/airflow/example_dags/example_trigger_controller_dag.py took 0.259 seconds
[2025-02-19T07:02:32.072+0000] {processor.py:161} INFO - Started process (PID=738) to work on /home/airflow/.local/lib/python3.10/site-packages/airflow/example_dags/example_trigger_controller_dag.py
[2025-02-19T07:02:32.076+0000] {processor.py:830} INFO - Processing file /home/airflow/.local/lib/python3.10/site-packages/airflow/example_dags/example_trigger_controller_dag.py for tasks to queue
[2025-02-19T07:02:32.078+0000] {logging_mixin.py:188} INFO - [2025-02-19T07:02:32.077+0000] {dagbag.py:538} INFO - Filling up the DagBag from /home/airflow/.local/lib/python3.10/site-packages/airflow/example_dags/example_trigger_controller_dag.py
[2025-02-19T07:02:32.091+0000] {processor.py:840} INFO - DAG(s) 'example_trigger_controller_dag' retrieved from /home/airflow/.local/lib/python3.10/site-packages/airflow/example_dags/example_trigger_controller_dag.py
[2025-02-19T07:02:32.164+0000] {logging_mixin.py:188} INFO - [2025-02-19T07:02:32.163+0000] {dag.py:3036} INFO - Sync 1 DAGs
[2025-02-19T07:02:32.239+0000] {logging_mixin.py:188} INFO - [2025-02-19T07:02:32.239+0000] {dag.py:3823} INFO - Setting next_dagrun for example_trigger_controller_dag to 2021-01-01 00:00:00+00:00, run_after=2021-01-01 00:00:00+00:00
[2025-02-19T07:02:32.397+0000] {processor.py:183} INFO - Processing /home/airflow/.local/lib/python3.10/site-packages/airflow/example_dags/example_trigger_controller_dag.py took 0.331 seconds
[2025-02-19T07:04:08.604+0000] {processor.py:161} INFO - Started process (PID=798) to work on /home/airflow/.local/lib/python3.10/site-packages/airflow/example_dags/example_trigger_controller_dag.py
[2025-02-19T07:04:08.611+0000] {processor.py:830} INFO - Processing file /home/airflow/.local/lib/python3.10/site-packages/airflow/example_dags/example_trigger_controller_dag.py for tasks to queue
[2025-02-19T07:04:08.615+0000] {logging_mixin.py:188} INFO - [2025-02-19T07:04:08.614+0000] {dagbag.py:538} INFO - Filling up the DagBag from /home/airflow/.local/lib/python3.10/site-packages/airflow/example_dags/example_trigger_controller_dag.py
[2025-02-19T07:04:08.629+0000] {processor.py:840} INFO - DAG(s) 'example_trigger_controller_dag' retrieved from /home/airflow/.local/lib/python3.10/site-packages/airflow/example_dags/example_trigger_controller_dag.py
[2025-02-19T07:04:08.727+0000] {logging_mixin.py:188} INFO - [2025-02-19T07:04:08.726+0000] {dag.py:3036} INFO - Sync 1 DAGs
[2025-02-19T07:04:08.799+0000] {logging_mixin.py:188} INFO - [2025-02-19T07:04:08.798+0000] {dag.py:3823} INFO - Setting next_dagrun for example_trigger_controller_dag to 2021-01-01 00:00:00+00:00, run_after=2021-01-01 00:00:00+00:00
[2025-02-19T07:04:09.036+0000] {processor.py:183} INFO - Processing /home/airflow/.local/lib/python3.10/site-packages/airflow/example_dags/example_trigger_controller_dag.py took 0.443 seconds
[2025-02-19T07:07:12.025+0000] {processor.py:161} INFO - Started process (PID=869) to work on /home/airflow/.local/lib/python3.10/site-packages/airflow/example_dags/example_trigger_controller_dag.py
[2025-02-19T07:07:12.029+0000] {processor.py:830} INFO - Processing file /home/airflow/.local/lib/python3.10/site-packages/airflow/example_dags/example_trigger_controller_dag.py for tasks to queue
[2025-02-19T07:07:12.040+0000] {logging_mixin.py:188} INFO - [2025-02-19T07:07:12.035+0000] {dagbag.py:538} INFO - Filling up the DagBag from /home/airflow/.local/lib/python3.10/site-packages/airflow/example_dags/example_trigger_controller_dag.py
[2025-02-19T07:07:12.067+0000] {processor.py:840} INFO - DAG(s) 'example_trigger_controller_dag' retrieved from /home/airflow/.local/lib/python3.10/site-packages/airflow/example_dags/example_trigger_controller_dag.py
[2025-02-19T07:07:12.327+0000] {logging_mixin.py:188} INFO - [2025-02-19T07:07:12.326+0000] {dag.py:3036} INFO - Sync 1 DAGs
[2025-02-19T07:07:12.552+0000] {logging_mixin.py:188} INFO - [2025-02-19T07:07:12.551+0000] {dag.py:3823} INFO - Setting next_dagrun for example_trigger_controller_dag to 2021-01-01 00:00:00+00:00, run_after=2021-01-01 00:00:00+00:00
[2025-02-19T07:07:12.833+0000] {processor.py:183} INFO - Processing /home/airflow/.local/lib/python3.10/site-packages/airflow/example_dags/example_trigger_controller_dag.py took 0.841 seconds
