[2025-02-19T05:55:59.150+0000] {processor.py:161} INFO - Started process (PID=51) to work on /home/airflow/.local/lib/python3.10/site-packages/airflow/example_dags/example_params_ui_tutorial.py
[2025-02-19T05:55:59.154+0000] {processor.py:830} INFO - Processing file /home/airflow/.local/lib/python3.10/site-packages/airflow/example_dags/example_params_ui_tutorial.py for tasks to queue
[2025-02-19T05:55:59.157+0000] {logging_mixin.py:188} INFO - [2025-02-19T05:55:59.156+0000] {dagbag.py:538} INFO - Filling up the DagBag from /home/airflow/.local/lib/python3.10/site-packages/airflow/example_dags/example_params_ui_tutorial.py
[2025-02-19T05:55:59.217+0000] {processor.py:840} INFO - DAG(s) 'example_params_ui_tutorial' retrieved from /home/airflow/.local/lib/python3.10/site-packages/airflow/example_dags/example_params_ui_tutorial.py
[2025-02-19T05:56:00.164+0000] {logging_mixin.py:188} INFO - [2025-02-19T05:56:00.162+0000] {dag.py:3036} INFO - Sync 1 DAGs
[2025-02-19T05:56:00.245+0000] {logging_mixin.py:188} INFO - [2025-02-19T05:56:00.244+0000] {dag.py:3823} INFO - Setting next_dagrun for example_params_ui_tutorial to None, run_after=None
[2025-02-19T05:56:00.486+0000] {processor.py:183} INFO - Processing /home/airflow/.local/lib/python3.10/site-packages/airflow/example_dags/example_params_ui_tutorial.py took 1.348 seconds
[2025-02-19T05:58:30.011+0000] {processor.py:161} INFO - Started process (PID=100) to work on /home/airflow/.local/lib/python3.10/site-packages/airflow/example_dags/example_params_ui_tutorial.py
[2025-02-19T05:58:30.019+0000] {processor.py:830} INFO - Processing file /home/airflow/.local/lib/python3.10/site-packages/airflow/example_dags/example_params_ui_tutorial.py for tasks to queue
[2025-02-19T05:58:30.023+0000] {logging_mixin.py:188} INFO - [2025-02-19T05:58:30.022+0000] {dagbag.py:538} INFO - Filling up the DagBag from /home/airflow/.local/lib/python3.10/site-packages/airflow/example_dags/example_params_ui_tutorial.py
[2025-02-19T05:58:30.093+0000] {processor.py:840} INFO - DAG(s) 'example_params_ui_tutorial' retrieved from /home/airflow/.local/lib/python3.10/site-packages/airflow/example_dags/example_params_ui_tutorial.py
[2025-02-19T05:58:30.400+0000] {logging_mixin.py:188} INFO - [2025-02-19T05:58:30.399+0000] {dag.py:3036} INFO - Sync 1 DAGs
[2025-02-19T05:58:30.451+0000] {logging_mixin.py:188} INFO - [2025-02-19T05:58:30.450+0000] {dag.py:3823} INFO - Setting next_dagrun for example_params_ui_tutorial to None, run_after=None
[2025-02-19T05:58:30.629+0000] {processor.py:183} INFO - Processing /home/airflow/.local/lib/python3.10/site-packages/airflow/example_dags/example_params_ui_tutorial.py took 0.626 seconds
[2025-02-19T05:59:55.756+0000] {processor.py:161} INFO - Started process (PID=146) to work on /home/airflow/.local/lib/python3.10/site-packages/airflow/example_dags/example_params_ui_tutorial.py
[2025-02-19T05:59:55.759+0000] {processor.py:830} INFO - Processing file /home/airflow/.local/lib/python3.10/site-packages/airflow/example_dags/example_params_ui_tutorial.py for tasks to queue
[2025-02-19T05:59:55.770+0000] {logging_mixin.py:188} INFO - [2025-02-19T05:59:55.769+0000] {dagbag.py:538} INFO - Filling up the DagBag from /home/airflow/.local/lib/python3.10/site-packages/airflow/example_dags/example_params_ui_tutorial.py
[2025-02-19T05:59:55.834+0000] {processor.py:840} INFO - DAG(s) 'example_params_ui_tutorial' retrieved from /home/airflow/.local/lib/python3.10/site-packages/airflow/example_dags/example_params_ui_tutorial.py
[2025-02-19T05:59:56.187+0000] {logging_mixin.py:188} INFO - [2025-02-19T05:59:56.187+0000] {dag.py:3036} INFO - Sync 1 DAGs
[2025-02-19T05:59:56.251+0000] {logging_mixin.py:188} INFO - [2025-02-19T05:59:56.251+0000] {dag.py:3823} INFO - Setting next_dagrun for example_params_ui_tutorial to None, run_after=None
[2025-02-19T05:59:56.443+0000] {processor.py:183} INFO - Processing /home/airflow/.local/lib/python3.10/site-packages/airflow/example_dags/example_params_ui_tutorial.py took 0.695 seconds
[2025-02-19T06:01:55.705+0000] {processor.py:161} INFO - Started process (PID=212) to work on /home/airflow/.local/lib/python3.10/site-packages/airflow/example_dags/example_params_ui_tutorial.py
[2025-02-19T06:01:55.708+0000] {processor.py:830} INFO - Processing file /home/airflow/.local/lib/python3.10/site-packages/airflow/example_dags/example_params_ui_tutorial.py for tasks to queue
[2025-02-19T06:01:55.711+0000] {logging_mixin.py:188} INFO - [2025-02-19T06:01:55.710+0000] {dagbag.py:538} INFO - Filling up the DagBag from /home/airflow/.local/lib/python3.10/site-packages/airflow/example_dags/example_params_ui_tutorial.py
[2025-02-19T06:01:55.789+0000] {processor.py:840} INFO - DAG(s) 'example_params_ui_tutorial' retrieved from /home/airflow/.local/lib/python3.10/site-packages/airflow/example_dags/example_params_ui_tutorial.py
[2025-02-19T06:01:56.092+0000] {logging_mixin.py:188} INFO - [2025-02-19T06:01:56.091+0000] {dag.py:3036} INFO - Sync 1 DAGs
[2025-02-19T06:01:56.159+0000] {logging_mixin.py:188} INFO - [2025-02-19T06:01:56.159+0000] {dag.py:3823} INFO - Setting next_dagrun for example_params_ui_tutorial to None, run_after=None
[2025-02-19T06:01:56.393+0000] {processor.py:183} INFO - Processing /home/airflow/.local/lib/python3.10/site-packages/airflow/example_dags/example_params_ui_tutorial.py took 0.704 seconds
[2025-02-19T06:03:41.801+0000] {processor.py:161} INFO - Started process (PID=276) to work on /home/airflow/.local/lib/python3.10/site-packages/airflow/example_dags/example_params_ui_tutorial.py
[2025-02-19T06:03:41.804+0000] {processor.py:830} INFO - Processing file /home/airflow/.local/lib/python3.10/site-packages/airflow/example_dags/example_params_ui_tutorial.py for tasks to queue
[2025-02-19T06:03:41.810+0000] {logging_mixin.py:188} INFO - [2025-02-19T06:03:41.808+0000] {dagbag.py:538} INFO - Filling up the DagBag from /home/airflow/.local/lib/python3.10/site-packages/airflow/example_dags/example_params_ui_tutorial.py
[2025-02-19T06:03:41.855+0000] {processor.py:840} INFO - DAG(s) 'example_params_ui_tutorial' retrieved from /home/airflow/.local/lib/python3.10/site-packages/airflow/example_dags/example_params_ui_tutorial.py
[2025-02-19T06:03:42.204+0000] {logging_mixin.py:188} INFO - [2025-02-19T06:03:42.203+0000] {dag.py:3036} INFO - Sync 1 DAGs
[2025-02-19T06:03:42.265+0000] {logging_mixin.py:188} INFO - [2025-02-19T06:03:42.264+0000] {dag.py:3823} INFO - Setting next_dagrun for example_params_ui_tutorial to None, run_after=None
[2025-02-19T06:03:42.427+0000] {processor.py:183} INFO - Processing /home/airflow/.local/lib/python3.10/site-packages/airflow/example_dags/example_params_ui_tutorial.py took 0.635 seconds
[2025-02-19T06:05:26.679+0000] {processor.py:161} INFO - Started process (PID=339) to work on /home/airflow/.local/lib/python3.10/site-packages/airflow/example_dags/example_params_ui_tutorial.py
[2025-02-19T06:05:26.682+0000] {processor.py:830} INFO - Processing file /home/airflow/.local/lib/python3.10/site-packages/airflow/example_dags/example_params_ui_tutorial.py for tasks to queue
[2025-02-19T06:05:26.686+0000] {logging_mixin.py:188} INFO - [2025-02-19T06:05:26.685+0000] {dagbag.py:538} INFO - Filling up the DagBag from /home/airflow/.local/lib/python3.10/site-packages/airflow/example_dags/example_params_ui_tutorial.py
[2025-02-19T06:05:26.735+0000] {processor.py:840} INFO - DAG(s) 'example_params_ui_tutorial' retrieved from /home/airflow/.local/lib/python3.10/site-packages/airflow/example_dags/example_params_ui_tutorial.py
[2025-02-19T06:05:26.918+0000] {logging_mixin.py:188} INFO - [2025-02-19T06:05:26.918+0000] {dag.py:3036} INFO - Sync 1 DAGs
[2025-02-19T06:05:26.985+0000] {logging_mixin.py:188} INFO - [2025-02-19T06:05:26.985+0000] {dag.py:3823} INFO - Setting next_dagrun for example_params_ui_tutorial to None, run_after=None
[2025-02-19T06:05:27.203+0000] {processor.py:183} INFO - Processing /home/airflow/.local/lib/python3.10/site-packages/airflow/example_dags/example_params_ui_tutorial.py took 0.533 seconds
[2025-02-19T06:07:40.094+0000] {processor.py:161} INFO - Started process (PID=403) to work on /home/airflow/.local/lib/python3.10/site-packages/airflow/example_dags/example_params_ui_tutorial.py
[2025-02-19T06:07:40.098+0000] {processor.py:830} INFO - Processing file /home/airflow/.local/lib/python3.10/site-packages/airflow/example_dags/example_params_ui_tutorial.py for tasks to queue
[2025-02-19T06:07:40.102+0000] {logging_mixin.py:188} INFO - [2025-02-19T06:07:40.101+0000] {dagbag.py:538} INFO - Filling up the DagBag from /home/airflow/.local/lib/python3.10/site-packages/airflow/example_dags/example_params_ui_tutorial.py
[2025-02-19T06:07:40.160+0000] {processor.py:840} INFO - DAG(s) 'example_params_ui_tutorial' retrieved from /home/airflow/.local/lib/python3.10/site-packages/airflow/example_dags/example_params_ui_tutorial.py
[2025-02-19T06:07:40.475+0000] {logging_mixin.py:188} INFO - [2025-02-19T06:07:40.474+0000] {dag.py:3036} INFO - Sync 1 DAGs
[2025-02-19T06:07:40.532+0000] {logging_mixin.py:188} INFO - [2025-02-19T06:07:40.531+0000] {dag.py:3823} INFO - Setting next_dagrun for example_params_ui_tutorial to None, run_after=None
[2025-02-19T06:07:40.752+0000] {processor.py:183} INFO - Processing /home/airflow/.local/lib/python3.10/site-packages/airflow/example_dags/example_params_ui_tutorial.py took 0.672 seconds
[2025-02-19T06:09:26.687+0000] {processor.py:161} INFO - Started process (PID=466) to work on /home/airflow/.local/lib/python3.10/site-packages/airflow/example_dags/example_params_ui_tutorial.py
[2025-02-19T06:09:26.690+0000] {processor.py:830} INFO - Processing file /home/airflow/.local/lib/python3.10/site-packages/airflow/example_dags/example_params_ui_tutorial.py for tasks to queue
[2025-02-19T06:09:26.693+0000] {logging_mixin.py:188} INFO - [2025-02-19T06:09:26.692+0000] {dagbag.py:538} INFO - Filling up the DagBag from /home/airflow/.local/lib/python3.10/site-packages/airflow/example_dags/example_params_ui_tutorial.py
[2025-02-19T06:09:26.738+0000] {processor.py:840} INFO - DAG(s) 'example_params_ui_tutorial' retrieved from /home/airflow/.local/lib/python3.10/site-packages/airflow/example_dags/example_params_ui_tutorial.py
[2025-02-19T06:09:27.032+0000] {logging_mixin.py:188} INFO - [2025-02-19T06:09:27.032+0000] {dag.py:3036} INFO - Sync 1 DAGs
[2025-02-19T06:09:27.110+0000] {logging_mixin.py:188} INFO - [2025-02-19T06:09:27.109+0000] {dag.py:3823} INFO - Setting next_dagrun for example_params_ui_tutorial to None, run_after=None
[2025-02-19T06:09:27.267+0000] {processor.py:183} INFO - Processing /home/airflow/.local/lib/python3.10/site-packages/airflow/example_dags/example_params_ui_tutorial.py took 0.587 seconds
[2025-02-19T06:11:11.833+0000] {processor.py:161} INFO - Started process (PID=529) to work on /home/airflow/.local/lib/python3.10/site-packages/airflow/example_dags/example_params_ui_tutorial.py
[2025-02-19T06:11:11.836+0000] {processor.py:830} INFO - Processing file /home/airflow/.local/lib/python3.10/site-packages/airflow/example_dags/example_params_ui_tutorial.py for tasks to queue
[2025-02-19T06:11:11.839+0000] {logging_mixin.py:188} INFO - [2025-02-19T06:11:11.838+0000] {dagbag.py:538} INFO - Filling up the DagBag from /home/airflow/.local/lib/python3.10/site-packages/airflow/example_dags/example_params_ui_tutorial.py
[2025-02-19T06:11:11.887+0000] {processor.py:840} INFO - DAG(s) 'example_params_ui_tutorial' retrieved from /home/airflow/.local/lib/python3.10/site-packages/airflow/example_dags/example_params_ui_tutorial.py
[2025-02-19T06:11:12.093+0000] {logging_mixin.py:188} INFO - [2025-02-19T06:11:12.092+0000] {dag.py:3036} INFO - Sync 1 DAGs
[2025-02-19T06:11:12.136+0000] {logging_mixin.py:188} INFO - [2025-02-19T06:11:12.135+0000] {dag.py:3823} INFO - Setting next_dagrun for example_params_ui_tutorial to None, run_after=None
[2025-02-19T06:11:12.283+0000] {processor.py:183} INFO - Processing /home/airflow/.local/lib/python3.10/site-packages/airflow/example_dags/example_params_ui_tutorial.py took 0.462 seconds
[2025-02-19T06:13:05.726+0000] {processor.py:161} INFO - Started process (PID=594) to work on /home/airflow/.local/lib/python3.10/site-packages/airflow/example_dags/example_params_ui_tutorial.py
[2025-02-19T06:13:05.729+0000] {processor.py:830} INFO - Processing file /home/airflow/.local/lib/python3.10/site-packages/airflow/example_dags/example_params_ui_tutorial.py for tasks to queue
[2025-02-19T06:13:05.741+0000] {logging_mixin.py:188} INFO - [2025-02-19T06:13:05.739+0000] {dagbag.py:538} INFO - Filling up the DagBag from /home/airflow/.local/lib/python3.10/site-packages/airflow/example_dags/example_params_ui_tutorial.py
[2025-02-19T06:13:05.830+0000] {processor.py:840} INFO - DAG(s) 'example_params_ui_tutorial' retrieved from /home/airflow/.local/lib/python3.10/site-packages/airflow/example_dags/example_params_ui_tutorial.py
[2025-02-19T06:13:06.192+0000] {logging_mixin.py:188} INFO - [2025-02-19T06:13:06.191+0000] {dag.py:3036} INFO - Sync 1 DAGs
[2025-02-19T06:13:06.249+0000] {logging_mixin.py:188} INFO - [2025-02-19T06:13:06.249+0000] {dag.py:3823} INFO - Setting next_dagrun for example_params_ui_tutorial to None, run_after=None
[2025-02-19T06:13:06.428+0000] {processor.py:183} INFO - Processing /home/airflow/.local/lib/python3.10/site-packages/airflow/example_dags/example_params_ui_tutorial.py took 0.720 seconds
[2025-02-19T06:14:44.440+0000] {processor.py:161} INFO - Started process (PID=655) to work on /home/airflow/.local/lib/python3.10/site-packages/airflow/example_dags/example_params_ui_tutorial.py
[2025-02-19T06:14:44.443+0000] {processor.py:830} INFO - Processing file /home/airflow/.local/lib/python3.10/site-packages/airflow/example_dags/example_params_ui_tutorial.py for tasks to queue
[2025-02-19T06:14:44.447+0000] {logging_mixin.py:188} INFO - [2025-02-19T06:14:44.446+0000] {dagbag.py:538} INFO - Filling up the DagBag from /home/airflow/.local/lib/python3.10/site-packages/airflow/example_dags/example_params_ui_tutorial.py
[2025-02-19T06:14:44.505+0000] {processor.py:840} INFO - DAG(s) 'example_params_ui_tutorial' retrieved from /home/airflow/.local/lib/python3.10/site-packages/airflow/example_dags/example_params_ui_tutorial.py
[2025-02-19T06:14:44.675+0000] {logging_mixin.py:188} INFO - [2025-02-19T06:14:44.674+0000] {dag.py:3036} INFO - Sync 1 DAGs
[2025-02-19T06:14:44.708+0000] {logging_mixin.py:188} INFO - [2025-02-19T06:14:44.708+0000] {dag.py:3823} INFO - Setting next_dagrun for example_params_ui_tutorial to None, run_after=None
[2025-02-19T06:14:44.846+0000] {processor.py:183} INFO - Processing /home/airflow/.local/lib/python3.10/site-packages/airflow/example_dags/example_params_ui_tutorial.py took 0.414 seconds
[2025-02-19T06:16:14.688+0000] {processor.py:161} INFO - Started process (PID=715) to work on /home/airflow/.local/lib/python3.10/site-packages/airflow/example_dags/example_params_ui_tutorial.py
[2025-02-19T06:16:14.690+0000] {processor.py:830} INFO - Processing file /home/airflow/.local/lib/python3.10/site-packages/airflow/example_dags/example_params_ui_tutorial.py for tasks to queue
[2025-02-19T06:16:14.692+0000] {logging_mixin.py:188} INFO - [2025-02-19T06:16:14.691+0000] {dagbag.py:538} INFO - Filling up the DagBag from /home/airflow/.local/lib/python3.10/site-packages/airflow/example_dags/example_params_ui_tutorial.py
[2025-02-19T06:16:14.726+0000] {processor.py:840} INFO - DAG(s) 'example_params_ui_tutorial' retrieved from /home/airflow/.local/lib/python3.10/site-packages/airflow/example_dags/example_params_ui_tutorial.py
[2025-02-19T06:16:14.879+0000] {logging_mixin.py:188} INFO - [2025-02-19T06:16:14.878+0000] {dag.py:3036} INFO - Sync 1 DAGs
[2025-02-19T06:16:14.927+0000] {logging_mixin.py:188} INFO - [2025-02-19T06:16:14.926+0000] {dag.py:3823} INFO - Setting next_dagrun for example_params_ui_tutorial to None, run_after=None
[2025-02-19T06:16:15.137+0000] {processor.py:183} INFO - Processing /home/airflow/.local/lib/python3.10/site-packages/airflow/example_dags/example_params_ui_tutorial.py took 0.458 seconds
[2025-02-19T06:18:20.569+0000] {processor.py:161} INFO - Started process (PID=783) to work on /home/airflow/.local/lib/python3.10/site-packages/airflow/example_dags/example_params_ui_tutorial.py
[2025-02-19T06:18:20.572+0000] {processor.py:830} INFO - Processing file /home/airflow/.local/lib/python3.10/site-packages/airflow/example_dags/example_params_ui_tutorial.py for tasks to queue
[2025-02-19T06:18:20.584+0000] {logging_mixin.py:188} INFO - [2025-02-19T06:18:20.583+0000] {dagbag.py:538} INFO - Filling up the DagBag from /home/airflow/.local/lib/python3.10/site-packages/airflow/example_dags/example_params_ui_tutorial.py
[2025-02-19T06:18:20.679+0000] {processor.py:840} INFO - DAG(s) 'example_params_ui_tutorial' retrieved from /home/airflow/.local/lib/python3.10/site-packages/airflow/example_dags/example_params_ui_tutorial.py
[2025-02-19T06:18:21.099+0000] {logging_mixin.py:188} INFO - [2025-02-19T06:18:21.098+0000] {dag.py:3036} INFO - Sync 1 DAGs
[2025-02-19T06:18:21.153+0000] {logging_mixin.py:188} INFO - [2025-02-19T06:18:21.153+0000] {dag.py:3823} INFO - Setting next_dagrun for example_params_ui_tutorial to None, run_after=None
[2025-02-19T06:18:21.300+0000] {processor.py:183} INFO - Processing /home/airflow/.local/lib/python3.10/site-packages/airflow/example_dags/example_params_ui_tutorial.py took 0.752 seconds
[2025-02-19T06:19:51.778+0000] {processor.py:161} INFO - Started process (PID=842) to work on /home/airflow/.local/lib/python3.10/site-packages/airflow/example_dags/example_params_ui_tutorial.py
[2025-02-19T06:19:51.781+0000] {processor.py:830} INFO - Processing file /home/airflow/.local/lib/python3.10/site-packages/airflow/example_dags/example_params_ui_tutorial.py for tasks to queue
[2025-02-19T06:19:51.784+0000] {logging_mixin.py:188} INFO - [2025-02-19T06:19:51.783+0000] {dagbag.py:538} INFO - Filling up the DagBag from /home/airflow/.local/lib/python3.10/site-packages/airflow/example_dags/example_params_ui_tutorial.py
[2025-02-19T06:19:51.810+0000] {processor.py:840} INFO - DAG(s) 'example_params_ui_tutorial' retrieved from /home/airflow/.local/lib/python3.10/site-packages/airflow/example_dags/example_params_ui_tutorial.py
[2025-02-19T06:19:51.993+0000] {logging_mixin.py:188} INFO - [2025-02-19T06:19:51.992+0000] {dag.py:3036} INFO - Sync 1 DAGs
[2025-02-19T06:19:52.033+0000] {logging_mixin.py:188} INFO - [2025-02-19T06:19:52.032+0000] {dag.py:3823} INFO - Setting next_dagrun for example_params_ui_tutorial to None, run_after=None
[2025-02-19T06:19:52.232+0000] {processor.py:183} INFO - Processing /home/airflow/.local/lib/python3.10/site-packages/airflow/example_dags/example_params_ui_tutorial.py took 0.459 seconds
[2025-02-19T06:21:37.859+0000] {processor.py:161} INFO - Started process (PID=904) to work on /home/airflow/.local/lib/python3.10/site-packages/airflow/example_dags/example_params_ui_tutorial.py
[2025-02-19T06:21:37.861+0000] {processor.py:830} INFO - Processing file /home/airflow/.local/lib/python3.10/site-packages/airflow/example_dags/example_params_ui_tutorial.py for tasks to queue
[2025-02-19T06:21:37.865+0000] {logging_mixin.py:188} INFO - [2025-02-19T06:21:37.864+0000] {dagbag.py:538} INFO - Filling up the DagBag from /home/airflow/.local/lib/python3.10/site-packages/airflow/example_dags/example_params_ui_tutorial.py
[2025-02-19T06:21:37.921+0000] {processor.py:840} INFO - DAG(s) 'example_params_ui_tutorial' retrieved from /home/airflow/.local/lib/python3.10/site-packages/airflow/example_dags/example_params_ui_tutorial.py
[2025-02-19T06:21:38.222+0000] {logging_mixin.py:188} INFO - [2025-02-19T06:21:38.222+0000] {dag.py:3036} INFO - Sync 1 DAGs
[2025-02-19T06:21:38.284+0000] {logging_mixin.py:188} INFO - [2025-02-19T06:21:38.283+0000] {dag.py:3823} INFO - Setting next_dagrun for example_params_ui_tutorial to None, run_after=None
[2025-02-19T06:21:38.504+0000] {processor.py:183} INFO - Processing /home/airflow/.local/lib/python3.10/site-packages/airflow/example_dags/example_params_ui_tutorial.py took 0.658 seconds
[2025-02-19T06:23:41.894+0000] {processor.py:161} INFO - Started process (PID=968) to work on /home/airflow/.local/lib/python3.10/site-packages/airflow/example_dags/example_params_ui_tutorial.py
[2025-02-19T06:23:41.896+0000] {processor.py:830} INFO - Processing file /home/airflow/.local/lib/python3.10/site-packages/airflow/example_dags/example_params_ui_tutorial.py for tasks to queue
[2025-02-19T06:23:41.907+0000] {logging_mixin.py:188} INFO - [2025-02-19T06:23:41.906+0000] {dagbag.py:538} INFO - Filling up the DagBag from /home/airflow/.local/lib/python3.10/site-packages/airflow/example_dags/example_params_ui_tutorial.py
[2025-02-19T06:23:41.970+0000] {processor.py:840} INFO - DAG(s) 'example_params_ui_tutorial' retrieved from /home/airflow/.local/lib/python3.10/site-packages/airflow/example_dags/example_params_ui_tutorial.py
[2025-02-19T06:23:42.535+0000] {logging_mixin.py:188} INFO - [2025-02-19T06:23:42.535+0000] {dag.py:3036} INFO - Sync 1 DAGs
[2025-02-19T06:23:42.622+0000] {logging_mixin.py:188} INFO - [2025-02-19T06:23:42.621+0000] {dag.py:3823} INFO - Setting next_dagrun for example_params_ui_tutorial to None, run_after=None
[2025-02-19T06:23:42.830+0000] {processor.py:183} INFO - Processing /home/airflow/.local/lib/python3.10/site-packages/airflow/example_dags/example_params_ui_tutorial.py took 0.944 seconds
[2025-02-19T06:25:54.035+0000] {processor.py:161} INFO - Started process (PID=1036) to work on /home/airflow/.local/lib/python3.10/site-packages/airflow/example_dags/example_params_ui_tutorial.py
[2025-02-19T06:25:54.039+0000] {processor.py:830} INFO - Processing file /home/airflow/.local/lib/python3.10/site-packages/airflow/example_dags/example_params_ui_tutorial.py for tasks to queue
[2025-02-19T06:25:54.042+0000] {logging_mixin.py:188} INFO - [2025-02-19T06:25:54.041+0000] {dagbag.py:538} INFO - Filling up the DagBag from /home/airflow/.local/lib/python3.10/site-packages/airflow/example_dags/example_params_ui_tutorial.py
[2025-02-19T06:25:54.143+0000] {processor.py:840} INFO - DAG(s) 'example_params_ui_tutorial' retrieved from /home/airflow/.local/lib/python3.10/site-packages/airflow/example_dags/example_params_ui_tutorial.py
[2025-02-19T06:25:54.663+0000] {logging_mixin.py:188} INFO - [2025-02-19T06:25:54.662+0000] {dag.py:3036} INFO - Sync 1 DAGs
[2025-02-19T06:25:54.742+0000] {logging_mixin.py:188} INFO - [2025-02-19T06:25:54.741+0000] {dag.py:3823} INFO - Setting next_dagrun for example_params_ui_tutorial to None, run_after=None
[2025-02-19T06:25:54.915+0000] {processor.py:183} INFO - Processing /home/airflow/.local/lib/python3.10/site-packages/airflow/example_dags/example_params_ui_tutorial.py took 0.897 seconds
[2025-02-19T06:30:25.742+0000] {processor.py:161} INFO - Started process (PID=51) to work on /home/airflow/.local/lib/python3.10/site-packages/airflow/example_dags/example_params_ui_tutorial.py
[2025-02-19T06:30:25.756+0000] {processor.py:830} INFO - Processing file /home/airflow/.local/lib/python3.10/site-packages/airflow/example_dags/example_params_ui_tutorial.py for tasks to queue
[2025-02-19T06:30:25.767+0000] {logging_mixin.py:188} INFO - [2025-02-19T06:30:25.759+0000] {dagbag.py:538} INFO - Filling up the DagBag from /home/airflow/.local/lib/python3.10/site-packages/airflow/example_dags/example_params_ui_tutorial.py
[2025-02-19T06:30:25.885+0000] {processor.py:840} INFO - DAG(s) 'example_params_ui_tutorial' retrieved from /home/airflow/.local/lib/python3.10/site-packages/airflow/example_dags/example_params_ui_tutorial.py
[2025-02-19T06:30:26.482+0000] {logging_mixin.py:188} INFO - [2025-02-19T06:30:26.481+0000] {dag.py:3036} INFO - Sync 1 DAGs
[2025-02-19T06:30:26.589+0000] {logging_mixin.py:188} INFO - [2025-02-19T06:30:26.588+0000] {dag.py:3823} INFO - Setting next_dagrun for example_params_ui_tutorial to None, run_after=None
[2025-02-19T06:30:26.874+0000] {processor.py:183} INFO - Processing /home/airflow/.local/lib/python3.10/site-packages/airflow/example_dags/example_params_ui_tutorial.py took 1.142 seconds
[2025-02-19T06:31:58.389+0000] {processor.py:161} INFO - Started process (PID=100) to work on /home/airflow/.local/lib/python3.10/site-packages/airflow/example_dags/example_params_ui_tutorial.py
[2025-02-19T06:31:58.449+0000] {processor.py:830} INFO - Processing file /home/airflow/.local/lib/python3.10/site-packages/airflow/example_dags/example_params_ui_tutorial.py for tasks to queue
[2025-02-19T06:31:58.585+0000] {logging_mixin.py:188} INFO - [2025-02-19T06:31:58.584+0000] {dagbag.py:538} INFO - Filling up the DagBag from /home/airflow/.local/lib/python3.10/site-packages/airflow/example_dags/example_params_ui_tutorial.py
[2025-02-19T06:31:58.659+0000] {processor.py:840} INFO - DAG(s) 'example_params_ui_tutorial' retrieved from /home/airflow/.local/lib/python3.10/site-packages/airflow/example_dags/example_params_ui_tutorial.py
[2025-02-19T06:31:59.243+0000] {logging_mixin.py:188} INFO - [2025-02-19T06:31:59.242+0000] {dag.py:3036} INFO - Sync 1 DAGs
[2025-02-19T06:31:59.406+0000] {logging_mixin.py:188} INFO - [2025-02-19T06:31:59.405+0000] {dag.py:3823} INFO - Setting next_dagrun for example_params_ui_tutorial to None, run_after=None
[2025-02-19T06:31:59.836+0000] {processor.py:183} INFO - Processing /home/airflow/.local/lib/python3.10/site-packages/airflow/example_dags/example_params_ui_tutorial.py took 1.465 seconds
[2025-02-19T06:34:12.471+0000] {processor.py:161} INFO - Started process (PID=168) to work on /home/airflow/.local/lib/python3.10/site-packages/airflow/example_dags/example_params_ui_tutorial.py
[2025-02-19T06:34:12.485+0000] {processor.py:830} INFO - Processing file /home/airflow/.local/lib/python3.10/site-packages/airflow/example_dags/example_params_ui_tutorial.py for tasks to queue
[2025-02-19T06:34:12.490+0000] {logging_mixin.py:188} INFO - [2025-02-19T06:34:12.488+0000] {dagbag.py:538} INFO - Filling up the DagBag from /home/airflow/.local/lib/python3.10/site-packages/airflow/example_dags/example_params_ui_tutorial.py
[2025-02-19T06:34:12.525+0000] {processor.py:840} INFO - DAG(s) 'example_params_ui_tutorial' retrieved from /home/airflow/.local/lib/python3.10/site-packages/airflow/example_dags/example_params_ui_tutorial.py
[2025-02-19T06:34:12.702+0000] {logging_mixin.py:188} INFO - [2025-02-19T06:34:12.701+0000] {dag.py:3036} INFO - Sync 1 DAGs
[2025-02-19T06:34:12.745+0000] {logging_mixin.py:188} INFO - [2025-02-19T06:34:12.744+0000] {dag.py:3823} INFO - Setting next_dagrun for example_params_ui_tutorial to None, run_after=None
[2025-02-19T06:34:12.908+0000] {processor.py:183} INFO - Processing /home/airflow/.local/lib/python3.10/site-packages/airflow/example_dags/example_params_ui_tutorial.py took 0.447 seconds
[2025-02-19T06:35:41.169+0000] {processor.py:161} INFO - Started process (PID=227) to work on /home/airflow/.local/lib/python3.10/site-packages/airflow/example_dags/example_params_ui_tutorial.py
[2025-02-19T06:35:41.172+0000] {processor.py:830} INFO - Processing file /home/airflow/.local/lib/python3.10/site-packages/airflow/example_dags/example_params_ui_tutorial.py for tasks to queue
[2025-02-19T06:35:41.184+0000] {logging_mixin.py:188} INFO - [2025-02-19T06:35:41.183+0000] {dagbag.py:538} INFO - Filling up the DagBag from /home/airflow/.local/lib/python3.10/site-packages/airflow/example_dags/example_params_ui_tutorial.py
[2025-02-19T06:35:41.263+0000] {processor.py:840} INFO - DAG(s) 'example_params_ui_tutorial' retrieved from /home/airflow/.local/lib/python3.10/site-packages/airflow/example_dags/example_params_ui_tutorial.py
[2025-02-19T06:35:41.509+0000] {logging_mixin.py:188} INFO - [2025-02-19T06:35:41.508+0000] {dag.py:3036} INFO - Sync 1 DAGs
[2025-02-19T06:35:41.556+0000] {logging_mixin.py:188} INFO - [2025-02-19T06:35:41.555+0000] {dag.py:3823} INFO - Setting next_dagrun for example_params_ui_tutorial to None, run_after=None
[2025-02-19T06:35:41.703+0000] {processor.py:183} INFO - Processing /home/airflow/.local/lib/python3.10/site-packages/airflow/example_dags/example_params_ui_tutorial.py took 0.554 seconds
[2025-02-19T06:37:39.957+0000] {processor.py:161} INFO - Started process (PID=292) to work on /home/airflow/.local/lib/python3.10/site-packages/airflow/example_dags/example_params_ui_tutorial.py
[2025-02-19T06:37:39.959+0000] {processor.py:830} INFO - Processing file /home/airflow/.local/lib/python3.10/site-packages/airflow/example_dags/example_params_ui_tutorial.py for tasks to queue
[2025-02-19T06:37:39.962+0000] {logging_mixin.py:188} INFO - [2025-02-19T06:37:39.961+0000] {dagbag.py:538} INFO - Filling up the DagBag from /home/airflow/.local/lib/python3.10/site-packages/airflow/example_dags/example_params_ui_tutorial.py
[2025-02-19T06:37:39.995+0000] {processor.py:840} INFO - DAG(s) 'example_params_ui_tutorial' retrieved from /home/airflow/.local/lib/python3.10/site-packages/airflow/example_dags/example_params_ui_tutorial.py
[2025-02-19T06:37:40.193+0000] {logging_mixin.py:188} INFO - [2025-02-19T06:37:40.192+0000] {dag.py:3036} INFO - Sync 1 DAGs
[2025-02-19T06:37:40.219+0000] {logging_mixin.py:188} INFO - [2025-02-19T06:37:40.219+0000] {dag.py:3823} INFO - Setting next_dagrun for example_params_ui_tutorial to None, run_after=None
[2025-02-19T06:37:40.354+0000] {processor.py:183} INFO - Processing /home/airflow/.local/lib/python3.10/site-packages/airflow/example_dags/example_params_ui_tutorial.py took 0.408 seconds
[2025-02-19T06:39:06.087+0000] {processor.py:161} INFO - Started process (PID=349) to work on /home/airflow/.local/lib/python3.10/site-packages/airflow/example_dags/example_params_ui_tutorial.py
[2025-02-19T06:39:06.096+0000] {processor.py:830} INFO - Processing file /home/airflow/.local/lib/python3.10/site-packages/airflow/example_dags/example_params_ui_tutorial.py for tasks to queue
[2025-02-19T06:39:06.104+0000] {logging_mixin.py:188} INFO - [2025-02-19T06:39:06.103+0000] {dagbag.py:538} INFO - Filling up the DagBag from /home/airflow/.local/lib/python3.10/site-packages/airflow/example_dags/example_params_ui_tutorial.py
[2025-02-19T06:39:06.195+0000] {processor.py:840} INFO - DAG(s) 'example_params_ui_tutorial' retrieved from /home/airflow/.local/lib/python3.10/site-packages/airflow/example_dags/example_params_ui_tutorial.py
[2025-02-19T06:39:06.508+0000] {logging_mixin.py:188} INFO - [2025-02-19T06:39:06.507+0000] {dag.py:3036} INFO - Sync 1 DAGs
[2025-02-19T06:39:06.563+0000] {logging_mixin.py:188} INFO - [2025-02-19T06:39:06.562+0000] {dag.py:3823} INFO - Setting next_dagrun for example_params_ui_tutorial to None, run_after=None
[2025-02-19T06:39:06.709+0000] {processor.py:183} INFO - Processing /home/airflow/.local/lib/python3.10/site-packages/airflow/example_dags/example_params_ui_tutorial.py took 0.642 seconds
[2025-02-19T06:41:38.876+0000] {processor.py:161} INFO - Started process (PID=418) to work on /home/airflow/.local/lib/python3.10/site-packages/airflow/example_dags/example_params_ui_tutorial.py
[2025-02-19T06:41:38.880+0000] {processor.py:830} INFO - Processing file /home/airflow/.local/lib/python3.10/site-packages/airflow/example_dags/example_params_ui_tutorial.py for tasks to queue
[2025-02-19T06:41:38.883+0000] {logging_mixin.py:188} INFO - [2025-02-19T06:41:38.882+0000] {dagbag.py:538} INFO - Filling up the DagBag from /home/airflow/.local/lib/python3.10/site-packages/airflow/example_dags/example_params_ui_tutorial.py
[2025-02-19T06:41:38.962+0000] {processor.py:840} INFO - DAG(s) 'example_params_ui_tutorial' retrieved from /home/airflow/.local/lib/python3.10/site-packages/airflow/example_dags/example_params_ui_tutorial.py
[2025-02-19T06:41:39.161+0000] {logging_mixin.py:188} INFO - [2025-02-19T06:41:39.161+0000] {dag.py:3036} INFO - Sync 1 DAGs
[2025-02-19T06:41:39.190+0000] {logging_mixin.py:188} INFO - [2025-02-19T06:41:39.189+0000] {dag.py:3823} INFO - Setting next_dagrun for example_params_ui_tutorial to None, run_after=None
[2025-02-19T06:41:39.342+0000] {processor.py:183} INFO - Processing /home/airflow/.local/lib/python3.10/site-packages/airflow/example_dags/example_params_ui_tutorial.py took 0.482 seconds
[2025-02-19T06:43:49.116+0000] {processor.py:161} INFO - Started process (PID=51) to work on /home/airflow/.local/lib/python3.10/site-packages/airflow/example_dags/example_params_ui_tutorial.py
[2025-02-19T06:43:49.118+0000] {processor.py:830} INFO - Processing file /home/airflow/.local/lib/python3.10/site-packages/airflow/example_dags/example_params_ui_tutorial.py for tasks to queue
[2025-02-19T06:43:49.120+0000] {logging_mixin.py:188} INFO - [2025-02-19T06:43:49.120+0000] {dagbag.py:538} INFO - Filling up the DagBag from /home/airflow/.local/lib/python3.10/site-packages/airflow/example_dags/example_params_ui_tutorial.py
[2025-02-19T06:43:49.146+0000] {processor.py:840} INFO - DAG(s) 'example_params_ui_tutorial' retrieved from /home/airflow/.local/lib/python3.10/site-packages/airflow/example_dags/example_params_ui_tutorial.py
[2025-02-19T06:43:49.277+0000] {logging_mixin.py:188} INFO - [2025-02-19T06:43:49.277+0000] {dag.py:3036} INFO - Sync 1 DAGs
[2025-02-19T06:43:49.305+0000] {logging_mixin.py:188} INFO - [2025-02-19T06:43:49.305+0000] {dag.py:3823} INFO - Setting next_dagrun for example_params_ui_tutorial to None, run_after=None
[2025-02-19T06:43:49.459+0000] {processor.py:183} INFO - Processing /home/airflow/.local/lib/python3.10/site-packages/airflow/example_dags/example_params_ui_tutorial.py took 0.351 seconds
[2025-02-19T06:45:12.211+0000] {processor.py:161} INFO - Started process (PID=100) to work on /home/airflow/.local/lib/python3.10/site-packages/airflow/example_dags/example_params_ui_tutorial.py
[2025-02-19T06:45:12.213+0000] {processor.py:830} INFO - Processing file /home/airflow/.local/lib/python3.10/site-packages/airflow/example_dags/example_params_ui_tutorial.py for tasks to queue
[2025-02-19T06:45:12.215+0000] {logging_mixin.py:188} INFO - [2025-02-19T06:45:12.215+0000] {dagbag.py:538} INFO - Filling up the DagBag from /home/airflow/.local/lib/python3.10/site-packages/airflow/example_dags/example_params_ui_tutorial.py
[2025-02-19T06:45:12.242+0000] {processor.py:840} INFO - DAG(s) 'example_params_ui_tutorial' retrieved from /home/airflow/.local/lib/python3.10/site-packages/airflow/example_dags/example_params_ui_tutorial.py
[2025-02-19T06:45:12.394+0000] {logging_mixin.py:188} INFO - [2025-02-19T06:45:12.393+0000] {dag.py:3036} INFO - Sync 1 DAGs
[2025-02-19T06:45:12.421+0000] {logging_mixin.py:188} INFO - [2025-02-19T06:45:12.421+0000] {dag.py:3823} INFO - Setting next_dagrun for example_params_ui_tutorial to None, run_after=None
[2025-02-19T06:45:12.570+0000] {processor.py:183} INFO - Processing /home/airflow/.local/lib/python3.10/site-packages/airflow/example_dags/example_params_ui_tutorial.py took 0.364 seconds
[2025-02-19T06:46:53.356+0000] {processor.py:161} INFO - Started process (PID=163) to work on /home/airflow/.local/lib/python3.10/site-packages/airflow/example_dags/example_params_ui_tutorial.py
[2025-02-19T06:46:53.359+0000] {processor.py:830} INFO - Processing file /home/airflow/.local/lib/python3.10/site-packages/airflow/example_dags/example_params_ui_tutorial.py for tasks to queue
[2025-02-19T06:46:53.365+0000] {logging_mixin.py:188} INFO - [2025-02-19T06:46:53.363+0000] {dagbag.py:538} INFO - Filling up the DagBag from /home/airflow/.local/lib/python3.10/site-packages/airflow/example_dags/example_params_ui_tutorial.py
[2025-02-19T06:46:53.430+0000] {processor.py:840} INFO - DAG(s) 'example_params_ui_tutorial' retrieved from /home/airflow/.local/lib/python3.10/site-packages/airflow/example_dags/example_params_ui_tutorial.py
[2025-02-19T06:46:53.789+0000] {logging_mixin.py:188} INFO - [2025-02-19T06:46:53.788+0000] {dag.py:3036} INFO - Sync 1 DAGs
[2025-02-19T06:46:53.861+0000] {logging_mixin.py:188} INFO - [2025-02-19T06:46:53.860+0000] {dag.py:3823} INFO - Setting next_dagrun for example_params_ui_tutorial to None, run_after=None
[2025-02-19T06:46:54.116+0000] {processor.py:183} INFO - Processing /home/airflow/.local/lib/python3.10/site-packages/airflow/example_dags/example_params_ui_tutorial.py took 0.773 seconds
[2025-02-19T06:48:39.453+0000] {processor.py:161} INFO - Started process (PID=224) to work on /home/airflow/.local/lib/python3.10/site-packages/airflow/example_dags/example_params_ui_tutorial.py
[2025-02-19T06:48:39.456+0000] {processor.py:830} INFO - Processing file /home/airflow/.local/lib/python3.10/site-packages/airflow/example_dags/example_params_ui_tutorial.py for tasks to queue
[2025-02-19T06:48:39.459+0000] {logging_mixin.py:188} INFO - [2025-02-19T06:48:39.458+0000] {dagbag.py:538} INFO - Filling up the DagBag from /home/airflow/.local/lib/python3.10/site-packages/airflow/example_dags/example_params_ui_tutorial.py
[2025-02-19T06:48:39.532+0000] {processor.py:840} INFO - DAG(s) 'example_params_ui_tutorial' retrieved from /home/airflow/.local/lib/python3.10/site-packages/airflow/example_dags/example_params_ui_tutorial.py
[2025-02-19T06:48:39.837+0000] {logging_mixin.py:188} INFO - [2025-02-19T06:48:39.836+0000] {dag.py:3036} INFO - Sync 1 DAGs
[2025-02-19T06:48:39.878+0000] {logging_mixin.py:188} INFO - [2025-02-19T06:48:39.877+0000] {dag.py:3823} INFO - Setting next_dagrun for example_params_ui_tutorial to None, run_after=None
[2025-02-19T06:48:39.995+0000] {processor.py:183} INFO - Processing /home/airflow/.local/lib/python3.10/site-packages/airflow/example_dags/example_params_ui_tutorial.py took 0.557 seconds
[2025-02-19T06:50:24.648+0000] {processor.py:161} INFO - Started process (PID=285) to work on /home/airflow/.local/lib/python3.10/site-packages/airflow/example_dags/example_params_ui_tutorial.py
[2025-02-19T06:50:24.651+0000] {processor.py:830} INFO - Processing file /home/airflow/.local/lib/python3.10/site-packages/airflow/example_dags/example_params_ui_tutorial.py for tasks to queue
[2025-02-19T06:50:24.653+0000] {logging_mixin.py:188} INFO - [2025-02-19T06:50:24.652+0000] {dagbag.py:538} INFO - Filling up the DagBag from /home/airflow/.local/lib/python3.10/site-packages/airflow/example_dags/example_params_ui_tutorial.py
[2025-02-19T06:50:24.682+0000] {processor.py:840} INFO - DAG(s) 'example_params_ui_tutorial' retrieved from /home/airflow/.local/lib/python3.10/site-packages/airflow/example_dags/example_params_ui_tutorial.py
[2025-02-19T06:50:24.809+0000] {logging_mixin.py:188} INFO - [2025-02-19T06:50:24.809+0000] {dag.py:3036} INFO - Sync 1 DAGs
[2025-02-19T06:50:24.847+0000] {logging_mixin.py:188} INFO - [2025-02-19T06:50:24.846+0000] {dag.py:3823} INFO - Setting next_dagrun for example_params_ui_tutorial to None, run_after=None
[2025-02-19T06:50:24.989+0000] {processor.py:183} INFO - Processing /home/airflow/.local/lib/python3.10/site-packages/airflow/example_dags/example_params_ui_tutorial.py took 0.349 seconds
[2025-02-19T06:52:05.648+0000] {processor.py:161} INFO - Started process (PID=347) to work on /home/airflow/.local/lib/python3.10/site-packages/airflow/example_dags/example_params_ui_tutorial.py
[2025-02-19T06:52:05.667+0000] {processor.py:830} INFO - Processing file /home/airflow/.local/lib/python3.10/site-packages/airflow/example_dags/example_params_ui_tutorial.py for tasks to queue
[2025-02-19T06:52:05.674+0000] {logging_mixin.py:188} INFO - [2025-02-19T06:52:05.673+0000] {dagbag.py:538} INFO - Filling up the DagBag from /home/airflow/.local/lib/python3.10/site-packages/airflow/example_dags/example_params_ui_tutorial.py
[2025-02-19T06:52:05.762+0000] {processor.py:840} INFO - DAG(s) 'example_params_ui_tutorial' retrieved from /home/airflow/.local/lib/python3.10/site-packages/airflow/example_dags/example_params_ui_tutorial.py
[2025-02-19T06:52:06.141+0000] {logging_mixin.py:188} INFO - [2025-02-19T06:52:06.140+0000] {dag.py:3036} INFO - Sync 1 DAGs
[2025-02-19T06:52:06.206+0000] {logging_mixin.py:188} INFO - [2025-02-19T06:52:06.205+0000] {dag.py:3823} INFO - Setting next_dagrun for example_params_ui_tutorial to None, run_after=None
[2025-02-19T06:52:06.369+0000] {processor.py:183} INFO - Processing /home/airflow/.local/lib/python3.10/site-packages/airflow/example_dags/example_params_ui_tutorial.py took 0.735 seconds
[2025-02-19T06:53:47.907+0000] {processor.py:161} INFO - Started process (PID=409) to work on /home/airflow/.local/lib/python3.10/site-packages/airflow/example_dags/example_params_ui_tutorial.py
[2025-02-19T06:53:47.911+0000] {processor.py:830} INFO - Processing file /home/airflow/.local/lib/python3.10/site-packages/airflow/example_dags/example_params_ui_tutorial.py for tasks to queue
[2025-02-19T06:53:47.914+0000] {logging_mixin.py:188} INFO - [2025-02-19T06:53:47.913+0000] {dagbag.py:538} INFO - Filling up the DagBag from /home/airflow/.local/lib/python3.10/site-packages/airflow/example_dags/example_params_ui_tutorial.py
[2025-02-19T06:53:48.036+0000] {processor.py:840} INFO - DAG(s) 'example_params_ui_tutorial' retrieved from /home/airflow/.local/lib/python3.10/site-packages/airflow/example_dags/example_params_ui_tutorial.py
[2025-02-19T06:53:48.457+0000] {logging_mixin.py:188} INFO - [2025-02-19T06:53:48.456+0000] {dag.py:3036} INFO - Sync 1 DAGs
[2025-02-19T06:53:48.528+0000] {logging_mixin.py:188} INFO - [2025-02-19T06:53:48.527+0000] {dag.py:3823} INFO - Setting next_dagrun for example_params_ui_tutorial to None, run_after=None
[2025-02-19T06:53:48.721+0000] {processor.py:183} INFO - Processing /home/airflow/.local/lib/python3.10/site-packages/airflow/example_dags/example_params_ui_tutorial.py took 0.828 seconds
[2025-02-19T06:55:10.892+0000] {processor.py:161} INFO - Started process (PID=467) to work on /home/airflow/.local/lib/python3.10/site-packages/airflow/example_dags/example_params_ui_tutorial.py
[2025-02-19T06:55:10.894+0000] {processor.py:830} INFO - Processing file /home/airflow/.local/lib/python3.10/site-packages/airflow/example_dags/example_params_ui_tutorial.py for tasks to queue
[2025-02-19T06:55:10.896+0000] {logging_mixin.py:188} INFO - [2025-02-19T06:55:10.896+0000] {dagbag.py:538} INFO - Filling up the DagBag from /home/airflow/.local/lib/python3.10/site-packages/airflow/example_dags/example_params_ui_tutorial.py
[2025-02-19T06:55:10.923+0000] {processor.py:840} INFO - DAG(s) 'example_params_ui_tutorial' retrieved from /home/airflow/.local/lib/python3.10/site-packages/airflow/example_dags/example_params_ui_tutorial.py
[2025-02-19T06:55:11.055+0000] {logging_mixin.py:188} INFO - [2025-02-19T06:55:11.054+0000] {dag.py:3036} INFO - Sync 1 DAGs
[2025-02-19T06:55:11.081+0000] {logging_mixin.py:188} INFO - [2025-02-19T06:55:11.081+0000] {dag.py:3823} INFO - Setting next_dagrun for example_params_ui_tutorial to None, run_after=None
[2025-02-19T06:55:11.209+0000] {processor.py:183} INFO - Processing /home/airflow/.local/lib/python3.10/site-packages/airflow/example_dags/example_params_ui_tutorial.py took 0.324 seconds
[2025-02-19T06:56:34.595+0000] {processor.py:161} INFO - Started process (PID=523) to work on /home/airflow/.local/lib/python3.10/site-packages/airflow/example_dags/example_params_ui_tutorial.py
[2025-02-19T06:56:34.597+0000] {processor.py:830} INFO - Processing file /home/airflow/.local/lib/python3.10/site-packages/airflow/example_dags/example_params_ui_tutorial.py for tasks to queue
[2025-02-19T06:56:34.599+0000] {logging_mixin.py:188} INFO - [2025-02-19T06:56:34.598+0000] {dagbag.py:538} INFO - Filling up the DagBag from /home/airflow/.local/lib/python3.10/site-packages/airflow/example_dags/example_params_ui_tutorial.py
[2025-02-19T06:56:34.624+0000] {processor.py:840} INFO - DAG(s) 'example_params_ui_tutorial' retrieved from /home/airflow/.local/lib/python3.10/site-packages/airflow/example_dags/example_params_ui_tutorial.py
[2025-02-19T06:56:34.753+0000] {logging_mixin.py:188} INFO - [2025-02-19T06:56:34.753+0000] {dag.py:3036} INFO - Sync 1 DAGs
[2025-02-19T06:56:34.783+0000] {logging_mixin.py:188} INFO - [2025-02-19T06:56:34.783+0000] {dag.py:3823} INFO - Setting next_dagrun for example_params_ui_tutorial to None, run_after=None
[2025-02-19T06:56:34.905+0000] {processor.py:183} INFO - Processing /home/airflow/.local/lib/python3.10/site-packages/airflow/example_dags/example_params_ui_tutorial.py took 0.316 seconds
[2025-02-19T06:58:15.501+0000] {processor.py:161} INFO - Started process (PID=584) to work on /home/airflow/.local/lib/python3.10/site-packages/airflow/example_dags/example_params_ui_tutorial.py
[2025-02-19T06:58:15.505+0000] {processor.py:830} INFO - Processing file /home/airflow/.local/lib/python3.10/site-packages/airflow/example_dags/example_params_ui_tutorial.py for tasks to queue
[2025-02-19T06:58:15.509+0000] {logging_mixin.py:188} INFO - [2025-02-19T06:58:15.507+0000] {dagbag.py:538} INFO - Filling up the DagBag from /home/airflow/.local/lib/python3.10/site-packages/airflow/example_dags/example_params_ui_tutorial.py
[2025-02-19T06:58:15.559+0000] {processor.py:840} INFO - DAG(s) 'example_params_ui_tutorial' retrieved from /home/airflow/.local/lib/python3.10/site-packages/airflow/example_dags/example_params_ui_tutorial.py
[2025-02-19T06:58:15.704+0000] {logging_mixin.py:188} INFO - [2025-02-19T06:58:15.703+0000] {dag.py:3036} INFO - Sync 1 DAGs
[2025-02-19T06:58:15.738+0000] {logging_mixin.py:188} INFO - [2025-02-19T06:58:15.737+0000] {dag.py:3823} INFO - Setting next_dagrun for example_params_ui_tutorial to None, run_after=None
[2025-02-19T06:58:15.879+0000] {processor.py:183} INFO - Processing /home/airflow/.local/lib/python3.10/site-packages/airflow/example_dags/example_params_ui_tutorial.py took 0.392 seconds
[2025-02-19T06:59:50.569+0000] {processor.py:161} INFO - Started process (PID=643) to work on /home/airflow/.local/lib/python3.10/site-packages/airflow/example_dags/example_params_ui_tutorial.py
[2025-02-19T06:59:50.573+0000] {processor.py:830} INFO - Processing file /home/airflow/.local/lib/python3.10/site-packages/airflow/example_dags/example_params_ui_tutorial.py for tasks to queue
[2025-02-19T06:59:50.594+0000] {logging_mixin.py:188} INFO - [2025-02-19T06:59:50.593+0000] {dagbag.py:538} INFO - Filling up the DagBag from /home/airflow/.local/lib/python3.10/site-packages/airflow/example_dags/example_params_ui_tutorial.py
[2025-02-19T06:59:50.691+0000] {processor.py:840} INFO - DAG(s) 'example_params_ui_tutorial' retrieved from /home/airflow/.local/lib/python3.10/site-packages/airflow/example_dags/example_params_ui_tutorial.py
[2025-02-19T06:59:51.056+0000] {logging_mixin.py:188} INFO - [2025-02-19T06:59:51.049+0000] {dag.py:3036} INFO - Sync 1 DAGs
[2025-02-19T06:59:51.156+0000] {logging_mixin.py:188} INFO - [2025-02-19T06:59:51.149+0000] {dag.py:3823} INFO - Setting next_dagrun for example_params_ui_tutorial to None, run_after=None
[2025-02-19T06:59:51.360+0000] {processor.py:183} INFO - Processing /home/airflow/.local/lib/python3.10/site-packages/airflow/example_dags/example_params_ui_tutorial.py took 0.813 seconds
[2025-02-19T07:01:34.226+0000] {processor.py:161} INFO - Started process (PID=707) to work on /home/airflow/.local/lib/python3.10/site-packages/airflow/example_dags/example_params_ui_tutorial.py
[2025-02-19T07:01:34.228+0000] {processor.py:830} INFO - Processing file /home/airflow/.local/lib/python3.10/site-packages/airflow/example_dags/example_params_ui_tutorial.py for tasks to queue
[2025-02-19T07:01:34.230+0000] {logging_mixin.py:188} INFO - [2025-02-19T07:01:34.230+0000] {dagbag.py:538} INFO - Filling up the DagBag from /home/airflow/.local/lib/python3.10/site-packages/airflow/example_dags/example_params_ui_tutorial.py
[2025-02-19T07:01:34.268+0000] {processor.py:840} INFO - DAG(s) 'example_params_ui_tutorial' retrieved from /home/airflow/.local/lib/python3.10/site-packages/airflow/example_dags/example_params_ui_tutorial.py
[2025-02-19T07:01:34.472+0000] {logging_mixin.py:188} INFO - [2025-02-19T07:01:34.471+0000] {dag.py:3036} INFO - Sync 1 DAGs
[2025-02-19T07:01:34.500+0000] {logging_mixin.py:188} INFO - [2025-02-19T07:01:34.500+0000] {dag.py:3823} INFO - Setting next_dagrun for example_params_ui_tutorial to None, run_after=None
[2025-02-19T07:01:34.660+0000] {processor.py:183} INFO - Processing /home/airflow/.local/lib/python3.10/site-packages/airflow/example_dags/example_params_ui_tutorial.py took 0.442 seconds
[2025-02-19T07:03:14.459+0000] {processor.py:161} INFO - Started process (PID=769) to work on /home/airflow/.local/lib/python3.10/site-packages/airflow/example_dags/example_params_ui_tutorial.py
[2025-02-19T07:03:14.462+0000] {processor.py:830} INFO - Processing file /home/airflow/.local/lib/python3.10/site-packages/airflow/example_dags/example_params_ui_tutorial.py for tasks to queue
[2025-02-19T07:03:14.466+0000] {logging_mixin.py:188} INFO - [2025-02-19T07:03:14.465+0000] {dagbag.py:538} INFO - Filling up the DagBag from /home/airflow/.local/lib/python3.10/site-packages/airflow/example_dags/example_params_ui_tutorial.py
[2025-02-19T07:03:14.504+0000] {processor.py:840} INFO - DAG(s) 'example_params_ui_tutorial' retrieved from /home/airflow/.local/lib/python3.10/site-packages/airflow/example_dags/example_params_ui_tutorial.py
[2025-02-19T07:03:14.680+0000] {logging_mixin.py:188} INFO - [2025-02-19T07:03:14.679+0000] {dag.py:3036} INFO - Sync 1 DAGs
[2025-02-19T07:03:14.707+0000] {logging_mixin.py:188} INFO - [2025-02-19T07:03:14.707+0000] {dag.py:3823} INFO - Setting next_dagrun for example_params_ui_tutorial to None, run_after=None
[2025-02-19T07:03:14.884+0000] {processor.py:183} INFO - Processing /home/airflow/.local/lib/python3.10/site-packages/airflow/example_dags/example_params_ui_tutorial.py took 0.434 seconds
[2025-02-19T07:05:36.828+0000] {processor.py:161} INFO - Started process (PID=829) to work on /home/airflow/.local/lib/python3.10/site-packages/airflow/example_dags/example_params_ui_tutorial.py
[2025-02-19T07:05:36.834+0000] {processor.py:830} INFO - Processing file /home/airflow/.local/lib/python3.10/site-packages/airflow/example_dags/example_params_ui_tutorial.py for tasks to queue
[2025-02-19T07:05:36.848+0000] {logging_mixin.py:188} INFO - [2025-02-19T07:05:36.846+0000] {dagbag.py:538} INFO - Filling up the DagBag from /home/airflow/.local/lib/python3.10/site-packages/airflow/example_dags/example_params_ui_tutorial.py
[2025-02-19T07:05:37.207+0000] {processor.py:840} INFO - DAG(s) 'example_params_ui_tutorial' retrieved from /home/airflow/.local/lib/python3.10/site-packages/airflow/example_dags/example_params_ui_tutorial.py
[2025-02-19T07:05:38.014+0000] {logging_mixin.py:188} INFO - [2025-02-19T07:05:38.013+0000] {dag.py:3036} INFO - Sync 1 DAGs
[2025-02-19T07:05:38.143+0000] {logging_mixin.py:188} INFO - [2025-02-19T07:05:38.142+0000] {dag.py:3823} INFO - Setting next_dagrun for example_params_ui_tutorial to None, run_after=None
[2025-02-19T07:05:38.520+0000] {processor.py:183} INFO - Processing /home/airflow/.local/lib/python3.10/site-packages/airflow/example_dags/example_params_ui_tutorial.py took 1.713 seconds
