[2025-02-19T05:55:14.725+0000] {processor.py:161} INFO - Started process (PID=34) to work on /home/airflow/.local/lib/python3.10/site-packages/airflow/example_dags/example_kubernetes_executor.py
[2025-02-19T05:55:14.737+0000] {processor.py:830} INFO - Processing file /home/airflow/.local/lib/python3.10/site-packages/airflow/example_dags/example_kubernetes_executor.py for tasks to queue
[2025-02-19T05:55:14.739+0000] {logging_mixin.py:188} INFO - [2025-02-19T05:55:14.738+0000] {dagbag.py:538} INFO - Filling up the DagBag from /home/airflow/.local/lib/python3.10/site-packages/airflow/example_dags/example_kubernetes_executor.py
[2025-02-19T05:55:14.955+0000] {processor.py:840} INFO - DAG(s) 'example_kubernetes_executor' retrieved from /home/airflow/.local/lib/python3.10/site-packages/airflow/example_dags/example_kubernetes_executor.py
[2025-02-19T05:55:15.361+0000] {logging_mixin.py:188} INFO - [2025-02-19T05:55:15.361+0000] {dag.py:3036} INFO - Sync 1 DAGs
[2025-02-19T05:55:15.473+0000] {logging_mixin.py:188} INFO - [2025-02-19T05:55:15.473+0000] {dag.py:3823} INFO - Setting next_dagrun for example_kubernetes_executor to None, run_after=None
[2025-02-19T05:55:15.824+0000] {processor.py:183} INFO - Processing /home/airflow/.local/lib/python3.10/site-packages/airflow/example_dags/example_kubernetes_executor.py took 1.105 seconds
[2025-02-19T05:57:52.938+0000] {processor.py:161} INFO - Started process (PID=83) to work on /home/airflow/.local/lib/python3.10/site-packages/airflow/example_dags/example_kubernetes_executor.py
[2025-02-19T05:57:52.941+0000] {processor.py:830} INFO - Processing file /home/airflow/.local/lib/python3.10/site-packages/airflow/example_dags/example_kubernetes_executor.py for tasks to queue
[2025-02-19T05:57:52.960+0000] {logging_mixin.py:188} INFO - [2025-02-19T05:57:52.959+0000] {dagbag.py:538} INFO - Filling up the DagBag from /home/airflow/.local/lib/python3.10/site-packages/airflow/example_dags/example_kubernetes_executor.py
[2025-02-19T05:57:53.229+0000] {processor.py:840} INFO - DAG(s) 'example_kubernetes_executor' retrieved from /home/airflow/.local/lib/python3.10/site-packages/airflow/example_dags/example_kubernetes_executor.py
[2025-02-19T05:57:53.690+0000] {logging_mixin.py:188} INFO - [2025-02-19T05:57:53.690+0000] {dag.py:3036} INFO - Sync 1 DAGs
[2025-02-19T05:57:53.790+0000] {logging_mixin.py:188} INFO - [2025-02-19T05:57:53.790+0000] {dag.py:3823} INFO - Setting next_dagrun for example_kubernetes_executor to None, run_after=None
[2025-02-19T05:57:54.133+0000] {processor.py:183} INFO - Processing /home/airflow/.local/lib/python3.10/site-packages/airflow/example_dags/example_kubernetes_executor.py took 1.205 seconds
[2025-02-19T05:59:24.213+0000] {processor.py:161} INFO - Started process (PID=129) to work on /home/airflow/.local/lib/python3.10/site-packages/airflow/example_dags/example_kubernetes_executor.py
[2025-02-19T05:59:24.222+0000] {processor.py:830} INFO - Processing file /home/airflow/.local/lib/python3.10/site-packages/airflow/example_dags/example_kubernetes_executor.py for tasks to queue
[2025-02-19T05:59:24.225+0000] {logging_mixin.py:188} INFO - [2025-02-19T05:59:24.224+0000] {dagbag.py:538} INFO - Filling up the DagBag from /home/airflow/.local/lib/python3.10/site-packages/airflow/example_dags/example_kubernetes_executor.py
[2025-02-19T05:59:24.295+0000] {processor.py:840} INFO - DAG(s) 'example_kubernetes_executor' retrieved from /home/airflow/.local/lib/python3.10/site-packages/airflow/example_dags/example_kubernetes_executor.py
[2025-02-19T05:59:24.511+0000] {logging_mixin.py:188} INFO - [2025-02-19T05:59:24.511+0000] {dag.py:3036} INFO - Sync 1 DAGs
[2025-02-19T05:59:24.582+0000] {logging_mixin.py:188} INFO - [2025-02-19T05:59:24.582+0000] {dag.py:3823} INFO - Setting next_dagrun for example_kubernetes_executor to None, run_after=None
[2025-02-19T05:59:24.829+0000] {processor.py:183} INFO - Processing /home/airflow/.local/lib/python3.10/site-packages/airflow/example_dags/example_kubernetes_executor.py took 0.627 seconds
[2025-02-19T06:00:25.321+0000] {processor.py:161} INFO - Started process (PID=161) to work on /home/airflow/.local/lib/python3.10/site-packages/airflow/example_dags/example_kubernetes_executor.py
[2025-02-19T06:00:25.333+0000] {processor.py:830} INFO - Processing file /home/airflow/.local/lib/python3.10/site-packages/airflow/example_dags/example_kubernetes_executor.py for tasks to queue
[2025-02-19T06:00:25.340+0000] {logging_mixin.py:188} INFO - [2025-02-19T06:00:25.339+0000] {dagbag.py:538} INFO - Filling up the DagBag from /home/airflow/.local/lib/python3.10/site-packages/airflow/example_dags/example_kubernetes_executor.py
[2025-02-19T06:00:25.444+0000] {processor.py:840} INFO - DAG(s) 'example_kubernetes_executor' retrieved from /home/airflow/.local/lib/python3.10/site-packages/airflow/example_dags/example_kubernetes_executor.py
[2025-02-19T06:00:25.662+0000] {logging_mixin.py:188} INFO - [2025-02-19T06:00:25.661+0000] {dag.py:3036} INFO - Sync 1 DAGs
[2025-02-19T06:00:25.738+0000] {logging_mixin.py:188} INFO - [2025-02-19T06:00:25.737+0000] {dag.py:3823} INFO - Setting next_dagrun for example_kubernetes_executor to None, run_after=None
[2025-02-19T06:00:25.928+0000] {processor.py:183} INFO - Processing /home/airflow/.local/lib/python3.10/site-packages/airflow/example_dags/example_kubernetes_executor.py took 0.617 seconds
[2025-02-19T06:01:26.999+0000] {processor.py:161} INFO - Started process (PID=195) to work on /home/airflow/.local/lib/python3.10/site-packages/airflow/example_dags/example_kubernetes_executor.py
[2025-02-19T06:01:27.001+0000] {processor.py:830} INFO - Processing file /home/airflow/.local/lib/python3.10/site-packages/airflow/example_dags/example_kubernetes_executor.py for tasks to queue
[2025-02-19T06:01:27.003+0000] {logging_mixin.py:188} INFO - [2025-02-19T06:01:27.002+0000] {dagbag.py:538} INFO - Filling up the DagBag from /home/airflow/.local/lib/python3.10/site-packages/airflow/example_dags/example_kubernetes_executor.py
[2025-02-19T06:01:27.034+0000] {processor.py:840} INFO - DAG(s) 'example_kubernetes_executor' retrieved from /home/airflow/.local/lib/python3.10/site-packages/airflow/example_dags/example_kubernetes_executor.py
[2025-02-19T06:01:27.113+0000] {logging_mixin.py:188} INFO - [2025-02-19T06:01:27.112+0000] {dag.py:3036} INFO - Sync 1 DAGs
[2025-02-19T06:01:27.137+0000] {logging_mixin.py:188} INFO - [2025-02-19T06:01:27.137+0000] {dag.py:3823} INFO - Setting next_dagrun for example_kubernetes_executor to None, run_after=None
[2025-02-19T06:01:27.254+0000] {processor.py:183} INFO - Processing /home/airflow/.local/lib/python3.10/site-packages/airflow/example_dags/example_kubernetes_executor.py took 0.261 seconds
[2025-02-19T06:02:24.451+0000] {processor.py:161} INFO - Started process (PID=227) to work on /home/airflow/.local/lib/python3.10/site-packages/airflow/example_dags/example_kubernetes_executor.py
[2025-02-19T06:02:24.457+0000] {processor.py:830} INFO - Processing file /home/airflow/.local/lib/python3.10/site-packages/airflow/example_dags/example_kubernetes_executor.py for tasks to queue
[2025-02-19T06:02:24.461+0000] {logging_mixin.py:188} INFO - [2025-02-19T06:02:24.460+0000] {dagbag.py:538} INFO - Filling up the DagBag from /home/airflow/.local/lib/python3.10/site-packages/airflow/example_dags/example_kubernetes_executor.py
[2025-02-19T06:02:24.545+0000] {processor.py:840} INFO - DAG(s) 'example_kubernetes_executor' retrieved from /home/airflow/.local/lib/python3.10/site-packages/airflow/example_dags/example_kubernetes_executor.py
[2025-02-19T06:02:24.758+0000] {logging_mixin.py:188} INFO - [2025-02-19T06:02:24.758+0000] {dag.py:3036} INFO - Sync 1 DAGs
[2025-02-19T06:02:24.817+0000] {logging_mixin.py:188} INFO - [2025-02-19T06:02:24.816+0000] {dag.py:3823} INFO - Setting next_dagrun for example_kubernetes_executor to None, run_after=None
[2025-02-19T06:02:25.014+0000] {processor.py:183} INFO - Processing /home/airflow/.local/lib/python3.10/site-packages/airflow/example_dags/example_kubernetes_executor.py took 0.570 seconds
[2025-02-19T06:03:17.166+0000] {processor.py:161} INFO - Started process (PID=261) to work on /home/airflow/.local/lib/python3.10/site-packages/airflow/example_dags/example_kubernetes_executor.py
[2025-02-19T06:03:17.169+0000] {processor.py:830} INFO - Processing file /home/airflow/.local/lib/python3.10/site-packages/airflow/example_dags/example_kubernetes_executor.py for tasks to queue
[2025-02-19T06:03:17.171+0000] {logging_mixin.py:188} INFO - [2025-02-19T06:03:17.170+0000] {dagbag.py:538} INFO - Filling up the DagBag from /home/airflow/.local/lib/python3.10/site-packages/airflow/example_dags/example_kubernetes_executor.py
[2025-02-19T06:03:17.226+0000] {processor.py:840} INFO - DAG(s) 'example_kubernetes_executor' retrieved from /home/airflow/.local/lib/python3.10/site-packages/airflow/example_dags/example_kubernetes_executor.py
[2025-02-19T06:03:17.447+0000] {logging_mixin.py:188} INFO - [2025-02-19T06:03:17.446+0000] {dag.py:3036} INFO - Sync 1 DAGs
[2025-02-19T06:03:17.533+0000] {logging_mixin.py:188} INFO - [2025-02-19T06:03:17.532+0000] {dag.py:3823} INFO - Setting next_dagrun for example_kubernetes_executor to None, run_after=None
[2025-02-19T06:03:17.796+0000] {processor.py:183} INFO - Processing /home/airflow/.local/lib/python3.10/site-packages/airflow/example_dags/example_kubernetes_executor.py took 0.637 seconds
[2025-02-19T06:04:06.690+0000] {processor.py:161} INFO - Started process (PID=291) to work on /home/airflow/.local/lib/python3.10/site-packages/airflow/example_dags/example_kubernetes_executor.py
[2025-02-19T06:04:06.692+0000] {processor.py:830} INFO - Processing file /home/airflow/.local/lib/python3.10/site-packages/airflow/example_dags/example_kubernetes_executor.py for tasks to queue
[2025-02-19T06:04:06.695+0000] {logging_mixin.py:188} INFO - [2025-02-19T06:04:06.694+0000] {dagbag.py:538} INFO - Filling up the DagBag from /home/airflow/.local/lib/python3.10/site-packages/airflow/example_dags/example_kubernetes_executor.py
[2025-02-19T06:04:06.740+0000] {processor.py:840} INFO - DAG(s) 'example_kubernetes_executor' retrieved from /home/airflow/.local/lib/python3.10/site-packages/airflow/example_dags/example_kubernetes_executor.py
[2025-02-19T06:04:06.876+0000] {logging_mixin.py:188} INFO - [2025-02-19T06:04:06.875+0000] {dag.py:3036} INFO - Sync 1 DAGs
[2025-02-19T06:04:06.918+0000] {logging_mixin.py:188} INFO - [2025-02-19T06:04:06.918+0000] {dag.py:3823} INFO - Setting next_dagrun for example_kubernetes_executor to None, run_after=None
[2025-02-19T06:04:07.094+0000] {processor.py:183} INFO - Processing /home/airflow/.local/lib/python3.10/site-packages/airflow/example_dags/example_kubernetes_executor.py took 0.409 seconds
[2025-02-19T06:04:59.318+0000] {processor.py:161} INFO - Started process (PID=322) to work on /home/airflow/.local/lib/python3.10/site-packages/airflow/example_dags/example_kubernetes_executor.py
[2025-02-19T06:04:59.354+0000] {processor.py:830} INFO - Processing file /home/airflow/.local/lib/python3.10/site-packages/airflow/example_dags/example_kubernetes_executor.py for tasks to queue
[2025-02-19T06:04:59.358+0000] {logging_mixin.py:188} INFO - [2025-02-19T06:04:59.357+0000] {dagbag.py:538} INFO - Filling up the DagBag from /home/airflow/.local/lib/python3.10/site-packages/airflow/example_dags/example_kubernetes_executor.py
[2025-02-19T06:04:59.453+0000] {processor.py:840} INFO - DAG(s) 'example_kubernetes_executor' retrieved from /home/airflow/.local/lib/python3.10/site-packages/airflow/example_dags/example_kubernetes_executor.py
[2025-02-19T06:04:59.626+0000] {logging_mixin.py:188} INFO - [2025-02-19T06:04:59.626+0000] {dag.py:3036} INFO - Sync 1 DAGs
[2025-02-19T06:04:59.678+0000] {logging_mixin.py:188} INFO - [2025-02-19T06:04:59.677+0000] {dag.py:3823} INFO - Setting next_dagrun for example_kubernetes_executor to None, run_after=None
[2025-02-19T06:04:59.837+0000] {processor.py:183} INFO - Processing /home/airflow/.local/lib/python3.10/site-packages/airflow/example_dags/example_kubernetes_executor.py took 0.537 seconds
[2025-02-19T06:05:51.142+0000] {processor.py:161} INFO - Started process (PID=354) to work on /home/airflow/.local/lib/python3.10/site-packages/airflow/example_dags/example_kubernetes_executor.py
[2025-02-19T06:05:51.150+0000] {processor.py:830} INFO - Processing file /home/airflow/.local/lib/python3.10/site-packages/airflow/example_dags/example_kubernetes_executor.py for tasks to queue
[2025-02-19T06:05:51.153+0000] {logging_mixin.py:188} INFO - [2025-02-19T06:05:51.152+0000] {dagbag.py:538} INFO - Filling up the DagBag from /home/airflow/.local/lib/python3.10/site-packages/airflow/example_dags/example_kubernetes_executor.py
[2025-02-19T06:05:51.195+0000] {processor.py:840} INFO - DAG(s) 'example_kubernetes_executor' retrieved from /home/airflow/.local/lib/python3.10/site-packages/airflow/example_dags/example_kubernetes_executor.py
[2025-02-19T06:05:51.310+0000] {logging_mixin.py:188} INFO - [2025-02-19T06:05:51.310+0000] {dag.py:3036} INFO - Sync 1 DAGs
[2025-02-19T06:05:51.347+0000] {logging_mixin.py:188} INFO - [2025-02-19T06:05:51.346+0000] {dag.py:3823} INFO - Setting next_dagrun for example_kubernetes_executor to None, run_after=None
[2025-02-19T06:05:51.467+0000] {processor.py:183} INFO - Processing /home/airflow/.local/lib/python3.10/site-packages/airflow/example_dags/example_kubernetes_executor.py took 0.333 seconds
[2025-02-19T06:06:57.449+0000] {processor.py:161} INFO - Started process (PID=386) to work on /home/airflow/.local/lib/python3.10/site-packages/airflow/example_dags/example_kubernetes_executor.py
[2025-02-19T06:06:57.452+0000] {processor.py:830} INFO - Processing file /home/airflow/.local/lib/python3.10/site-packages/airflow/example_dags/example_kubernetes_executor.py for tasks to queue
[2025-02-19T06:06:57.455+0000] {logging_mixin.py:188} INFO - [2025-02-19T06:06:57.454+0000] {dagbag.py:538} INFO - Filling up the DagBag from /home/airflow/.local/lib/python3.10/site-packages/airflow/example_dags/example_kubernetes_executor.py
[2025-02-19T06:06:57.532+0000] {processor.py:840} INFO - DAG(s) 'example_kubernetes_executor' retrieved from /home/airflow/.local/lib/python3.10/site-packages/airflow/example_dags/example_kubernetes_executor.py
[2025-02-19T06:06:57.770+0000] {logging_mixin.py:188} INFO - [2025-02-19T06:06:57.770+0000] {dag.py:3036} INFO - Sync 1 DAGs
[2025-02-19T06:06:58.257+0000] {logging_mixin.py:188} INFO - [2025-02-19T06:06:58.256+0000] {dag.py:3823} INFO - Setting next_dagrun for example_kubernetes_executor to None, run_after=None
[2025-02-19T06:06:58.502+0000] {processor.py:183} INFO - Processing /home/airflow/.local/lib/python3.10/site-packages/airflow/example_dags/example_kubernetes_executor.py took 1.070 seconds
[2025-02-19T06:08:08.166+0000] {processor.py:161} INFO - Started process (PID=420) to work on /home/airflow/.local/lib/python3.10/site-packages/airflow/example_dags/example_kubernetes_executor.py
[2025-02-19T06:08:08.168+0000] {processor.py:830} INFO - Processing file /home/airflow/.local/lib/python3.10/site-packages/airflow/example_dags/example_kubernetes_executor.py for tasks to queue
[2025-02-19T06:08:08.171+0000] {logging_mixin.py:188} INFO - [2025-02-19T06:08:08.170+0000] {dagbag.py:538} INFO - Filling up the DagBag from /home/airflow/.local/lib/python3.10/site-packages/airflow/example_dags/example_kubernetes_executor.py
[2025-02-19T06:08:08.277+0000] {processor.py:840} INFO - DAG(s) 'example_kubernetes_executor' retrieved from /home/airflow/.local/lib/python3.10/site-packages/airflow/example_dags/example_kubernetes_executor.py
[2025-02-19T06:08:08.446+0000] {logging_mixin.py:188} INFO - [2025-02-19T06:08:08.445+0000] {dag.py:3036} INFO - Sync 1 DAGs
[2025-02-19T06:08:08.494+0000] {logging_mixin.py:188} INFO - [2025-02-19T06:08:08.493+0000] {dag.py:3823} INFO - Setting next_dagrun for example_kubernetes_executor to None, run_after=None
[2025-02-19T06:08:08.665+0000] {processor.py:183} INFO - Processing /home/airflow/.local/lib/python3.10/site-packages/airflow/example_dags/example_kubernetes_executor.py took 0.510 seconds
[2025-02-19T06:09:01.940+0000] {processor.py:161} INFO - Started process (PID=452) to work on /home/airflow/.local/lib/python3.10/site-packages/airflow/example_dags/example_kubernetes_executor.py
[2025-02-19T06:09:01.942+0000] {processor.py:830} INFO - Processing file /home/airflow/.local/lib/python3.10/site-packages/airflow/example_dags/example_kubernetes_executor.py for tasks to queue
[2025-02-19T06:09:01.945+0000] {logging_mixin.py:188} INFO - [2025-02-19T06:09:01.944+0000] {dagbag.py:538} INFO - Filling up the DagBag from /home/airflow/.local/lib/python3.10/site-packages/airflow/example_dags/example_kubernetes_executor.py
[2025-02-19T06:09:01.979+0000] {processor.py:840} INFO - DAG(s) 'example_kubernetes_executor' retrieved from /home/airflow/.local/lib/python3.10/site-packages/airflow/example_dags/example_kubernetes_executor.py
[2025-02-19T06:09:02.091+0000] {logging_mixin.py:188} INFO - [2025-02-19T06:09:02.089+0000] {dag.py:3036} INFO - Sync 1 DAGs
[2025-02-19T06:09:02.124+0000] {logging_mixin.py:188} INFO - [2025-02-19T06:09:02.124+0000] {dag.py:3823} INFO - Setting next_dagrun for example_kubernetes_executor to None, run_after=None
[2025-02-19T06:09:02.269+0000] {processor.py:183} INFO - Processing /home/airflow/.local/lib/python3.10/site-packages/airflow/example_dags/example_kubernetes_executor.py took 0.338 seconds
[2025-02-19T06:09:53.119+0000] {processor.py:161} INFO - Started process (PID=483) to work on /home/airflow/.local/lib/python3.10/site-packages/airflow/example_dags/example_kubernetes_executor.py
[2025-02-19T06:09:53.122+0000] {processor.py:830} INFO - Processing file /home/airflow/.local/lib/python3.10/site-packages/airflow/example_dags/example_kubernetes_executor.py for tasks to queue
[2025-02-19T06:09:53.133+0000] {logging_mixin.py:188} INFO - [2025-02-19T06:09:53.126+0000] {dagbag.py:538} INFO - Filling up the DagBag from /home/airflow/.local/lib/python3.10/site-packages/airflow/example_dags/example_kubernetes_executor.py
[2025-02-19T06:09:53.215+0000] {processor.py:840} INFO - DAG(s) 'example_kubernetes_executor' retrieved from /home/airflow/.local/lib/python3.10/site-packages/airflow/example_dags/example_kubernetes_executor.py
[2025-02-19T06:09:53.339+0000] {logging_mixin.py:188} INFO - [2025-02-19T06:09:53.338+0000] {dag.py:3036} INFO - Sync 1 DAGs
[2025-02-19T06:09:53.371+0000] {logging_mixin.py:188} INFO - [2025-02-19T06:09:53.370+0000] {dag.py:3823} INFO - Setting next_dagrun for example_kubernetes_executor to None, run_after=None
[2025-02-19T06:09:53.519+0000] {processor.py:183} INFO - Processing /home/airflow/.local/lib/python3.10/site-packages/airflow/example_dags/example_kubernetes_executor.py took 0.417 seconds
[2025-02-19T06:10:46.068+0000] {processor.py:161} INFO - Started process (PID=515) to work on /home/airflow/.local/lib/python3.10/site-packages/airflow/example_dags/example_kubernetes_executor.py
[2025-02-19T06:10:46.072+0000] {processor.py:830} INFO - Processing file /home/airflow/.local/lib/python3.10/site-packages/airflow/example_dags/example_kubernetes_executor.py for tasks to queue
[2025-02-19T06:10:46.076+0000] {logging_mixin.py:188} INFO - [2025-02-19T06:10:46.075+0000] {dagbag.py:538} INFO - Filling up the DagBag from /home/airflow/.local/lib/python3.10/site-packages/airflow/example_dags/example_kubernetes_executor.py
[2025-02-19T06:10:46.178+0000] {processor.py:840} INFO - DAG(s) 'example_kubernetes_executor' retrieved from /home/airflow/.local/lib/python3.10/site-packages/airflow/example_dags/example_kubernetes_executor.py
[2025-02-19T06:10:46.386+0000] {logging_mixin.py:188} INFO - [2025-02-19T06:10:46.385+0000] {dag.py:3036} INFO - Sync 1 DAGs
[2025-02-19T06:10:46.440+0000] {logging_mixin.py:188} INFO - [2025-02-19T06:10:46.440+0000] {dag.py:3823} INFO - Setting next_dagrun for example_kubernetes_executor to None, run_after=None
[2025-02-19T06:10:46.617+0000] {processor.py:183} INFO - Processing /home/airflow/.local/lib/python3.10/site-packages/airflow/example_dags/example_kubernetes_executor.py took 0.566 seconds
[2025-02-19T06:11:38.950+0000] {processor.py:161} INFO - Started process (PID=546) to work on /home/airflow/.local/lib/python3.10/site-packages/airflow/example_dags/example_kubernetes_executor.py
[2025-02-19T06:11:38.953+0000] {processor.py:830} INFO - Processing file /home/airflow/.local/lib/python3.10/site-packages/airflow/example_dags/example_kubernetes_executor.py for tasks to queue
[2025-02-19T06:11:38.956+0000] {logging_mixin.py:188} INFO - [2025-02-19T06:11:38.955+0000] {dagbag.py:538} INFO - Filling up the DagBag from /home/airflow/.local/lib/python3.10/site-packages/airflow/example_dags/example_kubernetes_executor.py
[2025-02-19T06:11:39.008+0000] {processor.py:840} INFO - DAG(s) 'example_kubernetes_executor' retrieved from /home/airflow/.local/lib/python3.10/site-packages/airflow/example_dags/example_kubernetes_executor.py
[2025-02-19T06:11:39.151+0000] {logging_mixin.py:188} INFO - [2025-02-19T06:11:39.151+0000] {dag.py:3036} INFO - Sync 1 DAGs
[2025-02-19T06:11:39.204+0000] {logging_mixin.py:188} INFO - [2025-02-19T06:11:39.203+0000] {dag.py:3823} INFO - Setting next_dagrun for example_kubernetes_executor to None, run_after=None
[2025-02-19T06:11:39.387+0000] {processor.py:183} INFO - Processing /home/airflow/.local/lib/python3.10/site-packages/airflow/example_dags/example_kubernetes_executor.py took 0.445 seconds
[2025-02-19T06:12:38.043+0000] {processor.py:161} INFO - Started process (PID=577) to work on /home/airflow/.local/lib/python3.10/site-packages/airflow/example_dags/example_kubernetes_executor.py
[2025-02-19T06:12:38.047+0000] {processor.py:830} INFO - Processing file /home/airflow/.local/lib/python3.10/site-packages/airflow/example_dags/example_kubernetes_executor.py for tasks to queue
[2025-02-19T06:12:38.051+0000] {logging_mixin.py:188} INFO - [2025-02-19T06:12:38.049+0000] {dagbag.py:538} INFO - Filling up the DagBag from /home/airflow/.local/lib/python3.10/site-packages/airflow/example_dags/example_kubernetes_executor.py
[2025-02-19T06:12:38.141+0000] {processor.py:840} INFO - DAG(s) 'example_kubernetes_executor' retrieved from /home/airflow/.local/lib/python3.10/site-packages/airflow/example_dags/example_kubernetes_executor.py
[2025-02-19T06:12:38.287+0000] {logging_mixin.py:188} INFO - [2025-02-19T06:12:38.286+0000] {dag.py:3036} INFO - Sync 1 DAGs
[2025-02-19T06:12:38.335+0000] {logging_mixin.py:188} INFO - [2025-02-19T06:12:38.335+0000] {dag.py:3823} INFO - Setting next_dagrun for example_kubernetes_executor to None, run_after=None
[2025-02-19T06:12:38.505+0000] {processor.py:183} INFO - Processing /home/airflow/.local/lib/python3.10/site-packages/airflow/example_dags/example_kubernetes_executor.py took 0.480 seconds
[2025-02-19T06:13:34.155+0000] {processor.py:161} INFO - Started process (PID=611) to work on /home/airflow/.local/lib/python3.10/site-packages/airflow/example_dags/example_kubernetes_executor.py
[2025-02-19T06:13:34.157+0000] {processor.py:830} INFO - Processing file /home/airflow/.local/lib/python3.10/site-packages/airflow/example_dags/example_kubernetes_executor.py for tasks to queue
[2025-02-19T06:13:34.161+0000] {logging_mixin.py:188} INFO - [2025-02-19T06:13:34.160+0000] {dagbag.py:538} INFO - Filling up the DagBag from /home/airflow/.local/lib/python3.10/site-packages/airflow/example_dags/example_kubernetes_executor.py
[2025-02-19T06:13:34.196+0000] {processor.py:840} INFO - DAG(s) 'example_kubernetes_executor' retrieved from /home/airflow/.local/lib/python3.10/site-packages/airflow/example_dags/example_kubernetes_executor.py
[2025-02-19T06:13:34.309+0000] {logging_mixin.py:188} INFO - [2025-02-19T06:13:34.308+0000] {dag.py:3036} INFO - Sync 1 DAGs
[2025-02-19T06:13:34.344+0000] {logging_mixin.py:188} INFO - [2025-02-19T06:13:34.343+0000] {dag.py:3823} INFO - Setting next_dagrun for example_kubernetes_executor to None, run_after=None
[2025-02-19T06:13:34.498+0000] {processor.py:183} INFO - Processing /home/airflow/.local/lib/python3.10/site-packages/airflow/example_dags/example_kubernetes_executor.py took 0.349 seconds
[2025-02-19T06:14:21.256+0000] {processor.py:161} INFO - Started process (PID=642) to work on /home/airflow/.local/lib/python3.10/site-packages/airflow/example_dags/example_kubernetes_executor.py
[2025-02-19T06:14:21.264+0000] {processor.py:830} INFO - Processing file /home/airflow/.local/lib/python3.10/site-packages/airflow/example_dags/example_kubernetes_executor.py for tasks to queue
[2025-02-19T06:14:21.268+0000] {logging_mixin.py:188} INFO - [2025-02-19T06:14:21.267+0000] {dagbag.py:538} INFO - Filling up the DagBag from /home/airflow/.local/lib/python3.10/site-packages/airflow/example_dags/example_kubernetes_executor.py
[2025-02-19T06:14:21.320+0000] {processor.py:840} INFO - DAG(s) 'example_kubernetes_executor' retrieved from /home/airflow/.local/lib/python3.10/site-packages/airflow/example_dags/example_kubernetes_executor.py
[2025-02-19T06:14:21.480+0000] {logging_mixin.py:188} INFO - [2025-02-19T06:14:21.480+0000] {dag.py:3036} INFO - Sync 1 DAGs
[2025-02-19T06:14:21.543+0000] {logging_mixin.py:188} INFO - [2025-02-19T06:14:21.542+0000] {dag.py:3823} INFO - Setting next_dagrun for example_kubernetes_executor to None, run_after=None
[2025-02-19T06:14:21.718+0000] {processor.py:183} INFO - Processing /home/airflow/.local/lib/python3.10/site-packages/airflow/example_dags/example_kubernetes_executor.py took 0.470 seconds
[2025-02-19T06:15:08.373+0000] {processor.py:161} INFO - Started process (PID=672) to work on /home/airflow/.local/lib/python3.10/site-packages/airflow/example_dags/example_kubernetes_executor.py
[2025-02-19T06:15:08.377+0000] {processor.py:830} INFO - Processing file /home/airflow/.local/lib/python3.10/site-packages/airflow/example_dags/example_kubernetes_executor.py for tasks to queue
[2025-02-19T06:15:08.380+0000] {logging_mixin.py:188} INFO - [2025-02-19T06:15:08.379+0000] {dagbag.py:538} INFO - Filling up the DagBag from /home/airflow/.local/lib/python3.10/site-packages/airflow/example_dags/example_kubernetes_executor.py
[2025-02-19T06:15:08.423+0000] {processor.py:840} INFO - DAG(s) 'example_kubernetes_executor' retrieved from /home/airflow/.local/lib/python3.10/site-packages/airflow/example_dags/example_kubernetes_executor.py
[2025-02-19T06:15:08.542+0000] {logging_mixin.py:188} INFO - [2025-02-19T06:15:08.541+0000] {dag.py:3036} INFO - Sync 1 DAGs
[2025-02-19T06:15:08.574+0000] {logging_mixin.py:188} INFO - [2025-02-19T06:15:08.573+0000] {dag.py:3823} INFO - Setting next_dagrun for example_kubernetes_executor to None, run_after=None
[2025-02-19T06:15:08.721+0000] {processor.py:183} INFO - Processing /home/airflow/.local/lib/python3.10/site-packages/airflow/example_dags/example_kubernetes_executor.py took 0.357 seconds
[2025-02-19T06:15:54.024+0000] {processor.py:161} INFO - Started process (PID=702) to work on /home/airflow/.local/lib/python3.10/site-packages/airflow/example_dags/example_kubernetes_executor.py
[2025-02-19T06:15:54.028+0000] {processor.py:830} INFO - Processing file /home/airflow/.local/lib/python3.10/site-packages/airflow/example_dags/example_kubernetes_executor.py for tasks to queue
[2025-02-19T06:15:54.031+0000] {logging_mixin.py:188} INFO - [2025-02-19T06:15:54.030+0000] {dagbag.py:538} INFO - Filling up the DagBag from /home/airflow/.local/lib/python3.10/site-packages/airflow/example_dags/example_kubernetes_executor.py
[2025-02-19T06:15:54.088+0000] {processor.py:840} INFO - DAG(s) 'example_kubernetes_executor' retrieved from /home/airflow/.local/lib/python3.10/site-packages/airflow/example_dags/example_kubernetes_executor.py
[2025-02-19T06:15:54.201+0000] {logging_mixin.py:188} INFO - [2025-02-19T06:15:54.200+0000] {dag.py:3036} INFO - Sync 1 DAGs
[2025-02-19T06:15:54.230+0000] {logging_mixin.py:188} INFO - [2025-02-19T06:15:54.229+0000] {dag.py:3823} INFO - Setting next_dagrun for example_kubernetes_executor to None, run_after=None
[2025-02-19T06:15:54.376+0000] {processor.py:183} INFO - Processing /home/airflow/.local/lib/python3.10/site-packages/airflow/example_dags/example_kubernetes_executor.py took 0.370 seconds
[2025-02-19T06:16:54.962+0000] {processor.py:161} INFO - Started process (PID=732) to work on /home/airflow/.local/lib/python3.10/site-packages/airflow/example_dags/example_kubernetes_executor.py
[2025-02-19T06:16:54.965+0000] {processor.py:830} INFO - Processing file /home/airflow/.local/lib/python3.10/site-packages/airflow/example_dags/example_kubernetes_executor.py for tasks to queue
[2025-02-19T06:16:54.969+0000] {logging_mixin.py:188} INFO - [2025-02-19T06:16:54.968+0000] {dagbag.py:538} INFO - Filling up the DagBag from /home/airflow/.local/lib/python3.10/site-packages/airflow/example_dags/example_kubernetes_executor.py
[2025-02-19T06:16:55.110+0000] {processor.py:840} INFO - DAG(s) 'example_kubernetes_executor' retrieved from /home/airflow/.local/lib/python3.10/site-packages/airflow/example_dags/example_kubernetes_executor.py
[2025-02-19T06:16:55.388+0000] {logging_mixin.py:188} INFO - [2025-02-19T06:16:55.388+0000] {dag.py:3036} INFO - Sync 1 DAGs
[2025-02-19T06:16:55.484+0000] {logging_mixin.py:188} INFO - [2025-02-19T06:16:55.483+0000] {dag.py:3823} INFO - Setting next_dagrun for example_kubernetes_executor to None, run_after=None
[2025-02-19T06:16:55.728+0000] {processor.py:183} INFO - Processing /home/airflow/.local/lib/python3.10/site-packages/airflow/example_dags/example_kubernetes_executor.py took 0.778 seconds
[2025-02-19T06:17:58.354+0000] {processor.py:161} INFO - Started process (PID=769) to work on /home/airflow/.local/lib/python3.10/site-packages/airflow/example_dags/example_kubernetes_executor.py
[2025-02-19T06:17:58.356+0000] {processor.py:830} INFO - Processing file /home/airflow/.local/lib/python3.10/site-packages/airflow/example_dags/example_kubernetes_executor.py for tasks to queue
[2025-02-19T06:17:58.359+0000] {logging_mixin.py:188} INFO - [2025-02-19T06:17:58.358+0000] {dagbag.py:538} INFO - Filling up the DagBag from /home/airflow/.local/lib/python3.10/site-packages/airflow/example_dags/example_kubernetes_executor.py
[2025-02-19T06:17:58.403+0000] {processor.py:840} INFO - DAG(s) 'example_kubernetes_executor' retrieved from /home/airflow/.local/lib/python3.10/site-packages/airflow/example_dags/example_kubernetes_executor.py
[2025-02-19T06:17:58.507+0000] {logging_mixin.py:188} INFO - [2025-02-19T06:17:58.506+0000] {dag.py:3036} INFO - Sync 1 DAGs
[2025-02-19T06:17:58.532+0000] {logging_mixin.py:188} INFO - [2025-02-19T06:17:58.531+0000] {dag.py:3823} INFO - Setting next_dagrun for example_kubernetes_executor to None, run_after=None
[2025-02-19T06:17:58.668+0000] {processor.py:183} INFO - Processing /home/airflow/.local/lib/python3.10/site-packages/airflow/example_dags/example_kubernetes_executor.py took 0.321 seconds
[2025-02-19T06:18:46.820+0000] {processor.py:161} INFO - Started process (PID=800) to work on /home/airflow/.local/lib/python3.10/site-packages/airflow/example_dags/example_kubernetes_executor.py
[2025-02-19T06:18:46.822+0000] {processor.py:830} INFO - Processing file /home/airflow/.local/lib/python3.10/site-packages/airflow/example_dags/example_kubernetes_executor.py for tasks to queue
[2025-02-19T06:18:46.824+0000] {logging_mixin.py:188} INFO - [2025-02-19T06:18:46.823+0000] {dagbag.py:538} INFO - Filling up the DagBag from /home/airflow/.local/lib/python3.10/site-packages/airflow/example_dags/example_kubernetes_executor.py
[2025-02-19T06:18:46.859+0000] {processor.py:840} INFO - DAG(s) 'example_kubernetes_executor' retrieved from /home/airflow/.local/lib/python3.10/site-packages/airflow/example_dags/example_kubernetes_executor.py
[2025-02-19T06:18:46.965+0000] {logging_mixin.py:188} INFO - [2025-02-19T06:18:46.964+0000] {dag.py:3036} INFO - Sync 1 DAGs
[2025-02-19T06:18:46.999+0000] {logging_mixin.py:188} INFO - [2025-02-19T06:18:46.998+0000] {dag.py:3823} INFO - Setting next_dagrun for example_kubernetes_executor to None, run_after=None
[2025-02-19T06:18:47.196+0000] {processor.py:183} INFO - Processing /home/airflow/.local/lib/python3.10/site-packages/airflow/example_dags/example_kubernetes_executor.py took 0.383 seconds
[2025-02-19T06:19:33.047+0000] {processor.py:161} INFO - Started process (PID=830) to work on /home/airflow/.local/lib/python3.10/site-packages/airflow/example_dags/example_kubernetes_executor.py
[2025-02-19T06:19:33.051+0000] {processor.py:830} INFO - Processing file /home/airflow/.local/lib/python3.10/site-packages/airflow/example_dags/example_kubernetes_executor.py for tasks to queue
[2025-02-19T06:19:33.055+0000] {logging_mixin.py:188} INFO - [2025-02-19T06:19:33.054+0000] {dagbag.py:538} INFO - Filling up the DagBag from /home/airflow/.local/lib/python3.10/site-packages/airflow/example_dags/example_kubernetes_executor.py
[2025-02-19T06:19:33.127+0000] {processor.py:840} INFO - DAG(s) 'example_kubernetes_executor' retrieved from /home/airflow/.local/lib/python3.10/site-packages/airflow/example_dags/example_kubernetes_executor.py
[2025-02-19T06:19:33.258+0000] {logging_mixin.py:188} INFO - [2025-02-19T06:19:33.258+0000] {dag.py:3036} INFO - Sync 1 DAGs
[2025-02-19T06:19:33.302+0000] {logging_mixin.py:188} INFO - [2025-02-19T06:19:33.302+0000] {dag.py:3823} INFO - Setting next_dagrun for example_kubernetes_executor to None, run_after=None
[2025-02-19T06:19:33.456+0000] {processor.py:183} INFO - Processing /home/airflow/.local/lib/python3.10/site-packages/airflow/example_dags/example_kubernetes_executor.py took 0.420 seconds
[2025-02-19T06:20:19.605+0000] {processor.py:161} INFO - Started process (PID=859) to work on /home/airflow/.local/lib/python3.10/site-packages/airflow/example_dags/example_kubernetes_executor.py
[2025-02-19T06:20:19.608+0000] {processor.py:830} INFO - Processing file /home/airflow/.local/lib/python3.10/site-packages/airflow/example_dags/example_kubernetes_executor.py for tasks to queue
[2025-02-19T06:20:19.614+0000] {logging_mixin.py:188} INFO - [2025-02-19T06:20:19.612+0000] {dagbag.py:538} INFO - Filling up the DagBag from /home/airflow/.local/lib/python3.10/site-packages/airflow/example_dags/example_kubernetes_executor.py
[2025-02-19T06:20:19.670+0000] {processor.py:840} INFO - DAG(s) 'example_kubernetes_executor' retrieved from /home/airflow/.local/lib/python3.10/site-packages/airflow/example_dags/example_kubernetes_executor.py
[2025-02-19T06:20:19.833+0000] {logging_mixin.py:188} INFO - [2025-02-19T06:20:19.832+0000] {dag.py:3036} INFO - Sync 1 DAGs
[2025-02-19T06:20:19.877+0000] {logging_mixin.py:188} INFO - [2025-02-19T06:20:19.876+0000] {dag.py:3823} INFO - Setting next_dagrun for example_kubernetes_executor to None, run_after=None
[2025-02-19T06:20:20.017+0000] {processor.py:183} INFO - Processing /home/airflow/.local/lib/python3.10/site-packages/airflow/example_dags/example_kubernetes_executor.py took 0.421 seconds
[2025-02-19T06:21:10.523+0000] {processor.py:161} INFO - Started process (PID=889) to work on /home/airflow/.local/lib/python3.10/site-packages/airflow/example_dags/example_kubernetes_executor.py
[2025-02-19T06:21:10.525+0000] {processor.py:830} INFO - Processing file /home/airflow/.local/lib/python3.10/site-packages/airflow/example_dags/example_kubernetes_executor.py for tasks to queue
[2025-02-19T06:21:10.528+0000] {logging_mixin.py:188} INFO - [2025-02-19T06:21:10.527+0000] {dagbag.py:538} INFO - Filling up the DagBag from /home/airflow/.local/lib/python3.10/site-packages/airflow/example_dags/example_kubernetes_executor.py
[2025-02-19T06:21:10.580+0000] {processor.py:840} INFO - DAG(s) 'example_kubernetes_executor' retrieved from /home/airflow/.local/lib/python3.10/site-packages/airflow/example_dags/example_kubernetes_executor.py
[2025-02-19T06:21:10.712+0000] {logging_mixin.py:188} INFO - [2025-02-19T06:21:10.711+0000] {dag.py:3036} INFO - Sync 1 DAGs
[2025-02-19T06:21:10.783+0000] {logging_mixin.py:188} INFO - [2025-02-19T06:21:10.782+0000] {dag.py:3823} INFO - Setting next_dagrun for example_kubernetes_executor to None, run_after=None
[2025-02-19T06:21:10.970+0000] {processor.py:183} INFO - Processing /home/airflow/.local/lib/python3.10/site-packages/airflow/example_dags/example_kubernetes_executor.py took 0.455 seconds
[2025-02-19T06:22:11.984+0000] {processor.py:161} INFO - Started process (PID=921) to work on /home/airflow/.local/lib/python3.10/site-packages/airflow/example_dags/example_kubernetes_executor.py
[2025-02-19T06:22:11.998+0000] {processor.py:830} INFO - Processing file /home/airflow/.local/lib/python3.10/site-packages/airflow/example_dags/example_kubernetes_executor.py for tasks to queue
[2025-02-19T06:22:12.023+0000] {logging_mixin.py:188} INFO - [2025-02-19T06:22:12.022+0000] {dagbag.py:538} INFO - Filling up the DagBag from /home/airflow/.local/lib/python3.10/site-packages/airflow/example_dags/example_kubernetes_executor.py
[2025-02-19T06:22:12.151+0000] {processor.py:840} INFO - DAG(s) 'example_kubernetes_executor' retrieved from /home/airflow/.local/lib/python3.10/site-packages/airflow/example_dags/example_kubernetes_executor.py
[2025-02-19T06:22:12.448+0000] {logging_mixin.py:188} INFO - [2025-02-19T06:22:12.447+0000] {dag.py:3036} INFO - Sync 1 DAGs
[2025-02-19T06:22:12.633+0000] {logging_mixin.py:188} INFO - [2025-02-19T06:22:12.632+0000] {dag.py:3823} INFO - Setting next_dagrun for example_kubernetes_executor to None, run_after=None
[2025-02-19T06:22:12.896+0000] {processor.py:183} INFO - Processing /home/airflow/.local/lib/python3.10/site-packages/airflow/example_dags/example_kubernetes_executor.py took 0.969 seconds
[2025-02-19T06:23:11.773+0000] {processor.py:161} INFO - Started process (PID=954) to work on /home/airflow/.local/lib/python3.10/site-packages/airflow/example_dags/example_kubernetes_executor.py
[2025-02-19T06:23:11.785+0000] {processor.py:830} INFO - Processing file /home/airflow/.local/lib/python3.10/site-packages/airflow/example_dags/example_kubernetes_executor.py for tasks to queue
[2025-02-19T06:23:11.788+0000] {logging_mixin.py:188} INFO - [2025-02-19T06:23:11.787+0000] {dagbag.py:538} INFO - Filling up the DagBag from /home/airflow/.local/lib/python3.10/site-packages/airflow/example_dags/example_kubernetes_executor.py
[2025-02-19T06:23:11.883+0000] {processor.py:840} INFO - DAG(s) 'example_kubernetes_executor' retrieved from /home/airflow/.local/lib/python3.10/site-packages/airflow/example_dags/example_kubernetes_executor.py
[2025-02-19T06:23:12.110+0000] {logging_mixin.py:188} INFO - [2025-02-19T06:23:12.109+0000] {dag.py:3036} INFO - Sync 1 DAGs
[2025-02-19T06:23:12.176+0000] {logging_mixin.py:188} INFO - [2025-02-19T06:23:12.175+0000] {dag.py:3823} INFO - Setting next_dagrun for example_kubernetes_executor to None, run_after=None
[2025-02-19T06:23:12.364+0000] {processor.py:183} INFO - Processing /home/airflow/.local/lib/python3.10/site-packages/airflow/example_dags/example_kubernetes_executor.py took 0.602 seconds
[2025-02-19T06:24:20.488+0000] {processor.py:161} INFO - Started process (PID=985) to work on /home/airflow/.local/lib/python3.10/site-packages/airflow/example_dags/example_kubernetes_executor.py
[2025-02-19T06:24:20.493+0000] {processor.py:830} INFO - Processing file /home/airflow/.local/lib/python3.10/site-packages/airflow/example_dags/example_kubernetes_executor.py for tasks to queue
[2025-02-19T06:24:20.496+0000] {logging_mixin.py:188} INFO - [2025-02-19T06:24:20.495+0000] {dagbag.py:538} INFO - Filling up the DagBag from /home/airflow/.local/lib/python3.10/site-packages/airflow/example_dags/example_kubernetes_executor.py
[2025-02-19T06:24:20.571+0000] {processor.py:840} INFO - DAG(s) 'example_kubernetes_executor' retrieved from /home/airflow/.local/lib/python3.10/site-packages/airflow/example_dags/example_kubernetes_executor.py
[2025-02-19T06:24:20.785+0000] {logging_mixin.py:188} INFO - [2025-02-19T06:24:20.785+0000] {dag.py:3036} INFO - Sync 1 DAGs
[2025-02-19T06:24:20.880+0000] {logging_mixin.py:188} INFO - [2025-02-19T06:24:20.879+0000] {dag.py:3823} INFO - Setting next_dagrun for example_kubernetes_executor to None, run_after=None
[2025-02-19T06:24:21.119+0000] {processor.py:183} INFO - Processing /home/airflow/.local/lib/python3.10/site-packages/airflow/example_dags/example_kubernetes_executor.py took 0.644 seconds
[2025-02-19T06:25:27.183+0000] {processor.py:161} INFO - Started process (PID=1022) to work on /home/airflow/.local/lib/python3.10/site-packages/airflow/example_dags/example_kubernetes_executor.py
[2025-02-19T06:25:27.187+0000] {processor.py:830} INFO - Processing file /home/airflow/.local/lib/python3.10/site-packages/airflow/example_dags/example_kubernetes_executor.py for tasks to queue
[2025-02-19T06:25:27.200+0000] {logging_mixin.py:188} INFO - [2025-02-19T06:25:27.191+0000] {dagbag.py:538} INFO - Filling up the DagBag from /home/airflow/.local/lib/python3.10/site-packages/airflow/example_dags/example_kubernetes_executor.py
[2025-02-19T06:25:27.301+0000] {processor.py:840} INFO - DAG(s) 'example_kubernetes_executor' retrieved from /home/airflow/.local/lib/python3.10/site-packages/airflow/example_dags/example_kubernetes_executor.py
[2025-02-19T06:25:27.494+0000] {logging_mixin.py:188} INFO - [2025-02-19T06:25:27.494+0000] {dag.py:3036} INFO - Sync 1 DAGs
[2025-02-19T06:25:27.576+0000] {logging_mixin.py:188} INFO - [2025-02-19T06:25:27.575+0000] {dag.py:3823} INFO - Setting next_dagrun for example_kubernetes_executor to None, run_after=None
[2025-02-19T06:25:27.763+0000] {processor.py:183} INFO - Processing /home/airflow/.local/lib/python3.10/site-packages/airflow/example_dags/example_kubernetes_executor.py took 0.602 seconds
[2025-02-19T06:26:23.824+0000] {processor.py:161} INFO - Started process (PID=1053) to work on /home/airflow/.local/lib/python3.10/site-packages/airflow/example_dags/example_kubernetes_executor.py
[2025-02-19T06:26:23.828+0000] {processor.py:830} INFO - Processing file /home/airflow/.local/lib/python3.10/site-packages/airflow/example_dags/example_kubernetes_executor.py for tasks to queue
[2025-02-19T06:26:23.854+0000] {logging_mixin.py:188} INFO - [2025-02-19T06:26:23.853+0000] {dagbag.py:538} INFO - Filling up the DagBag from /home/airflow/.local/lib/python3.10/site-packages/airflow/example_dags/example_kubernetes_executor.py
[2025-02-19T06:26:23.956+0000] {processor.py:840} INFO - DAG(s) 'example_kubernetes_executor' retrieved from /home/airflow/.local/lib/python3.10/site-packages/airflow/example_dags/example_kubernetes_executor.py
[2025-02-19T06:26:24.254+0000] {logging_mixin.py:188} INFO - [2025-02-19T06:26:24.253+0000] {dag.py:3036} INFO - Sync 1 DAGs
[2025-02-19T06:26:24.396+0000] {logging_mixin.py:188} INFO - [2025-02-19T06:26:24.395+0000] {dag.py:3823} INFO - Setting next_dagrun for example_kubernetes_executor to None, run_after=None
[2025-02-19T06:26:24.661+0000] {processor.py:183} INFO - Processing /home/airflow/.local/lib/python3.10/site-packages/airflow/example_dags/example_kubernetes_executor.py took 0.855 seconds
[2025-02-19T06:28:14.366+0000] {processor.py:161} INFO - Started process (PID=34) to work on /home/airflow/.local/lib/python3.10/site-packages/airflow/example_dags/example_kubernetes_executor.py
[2025-02-19T06:28:14.377+0000] {processor.py:830} INFO - Processing file /home/airflow/.local/lib/python3.10/site-packages/airflow/example_dags/example_kubernetes_executor.py for tasks to queue
[2025-02-19T06:28:14.380+0000] {logging_mixin.py:188} INFO - [2025-02-19T06:28:14.379+0000] {dagbag.py:538} INFO - Filling up the DagBag from /home/airflow/.local/lib/python3.10/site-packages/airflow/example_dags/example_kubernetes_executor.py
[2025-02-19T06:28:14.456+0000] {processor.py:840} INFO - DAG(s) 'example_kubernetes_executor' retrieved from /home/airflow/.local/lib/python3.10/site-packages/airflow/example_dags/example_kubernetes_executor.py
[2025-02-19T06:28:14.629+0000] {logging_mixin.py:188} INFO - [2025-02-19T06:28:14.628+0000] {dag.py:3036} INFO - Sync 1 DAGs
[2025-02-19T06:28:14.676+0000] {logging_mixin.py:188} INFO - [2025-02-19T06:28:14.676+0000] {dag.py:3823} INFO - Setting next_dagrun for example_kubernetes_executor to None, run_after=None
[2025-02-19T06:28:14.826+0000] {processor.py:183} INFO - Processing /home/airflow/.local/lib/python3.10/site-packages/airflow/example_dags/example_kubernetes_executor.py took 0.469 seconds
[2025-02-19T06:29:47.936+0000] {processor.py:161} INFO - Started process (PID=34) to work on /home/airflow/.local/lib/python3.10/site-packages/airflow/example_dags/example_kubernetes_executor.py
[2025-02-19T06:29:47.940+0000] {processor.py:830} INFO - Processing file /home/airflow/.local/lib/python3.10/site-packages/airflow/example_dags/example_kubernetes_executor.py for tasks to queue
[2025-02-19T06:29:47.942+0000] {logging_mixin.py:188} INFO - [2025-02-19T06:29:47.941+0000] {dagbag.py:538} INFO - Filling up the DagBag from /home/airflow/.local/lib/python3.10/site-packages/airflow/example_dags/example_kubernetes_executor.py
[2025-02-19T06:29:47.981+0000] {processor.py:840} INFO - DAG(s) 'example_kubernetes_executor' retrieved from /home/airflow/.local/lib/python3.10/site-packages/airflow/example_dags/example_kubernetes_executor.py
[2025-02-19T06:29:48.110+0000] {logging_mixin.py:188} INFO - [2025-02-19T06:29:48.109+0000] {dag.py:3036} INFO - Sync 1 DAGs
[2025-02-19T06:29:48.142+0000] {logging_mixin.py:188} INFO - [2025-02-19T06:29:48.142+0000] {dag.py:3823} INFO - Setting next_dagrun for example_kubernetes_executor to None, run_after=None
[2025-02-19T06:29:48.264+0000] {processor.py:183} INFO - Processing /home/airflow/.local/lib/python3.10/site-packages/airflow/example_dags/example_kubernetes_executor.py took 0.334 seconds
[2025-02-19T06:31:25.695+0000] {processor.py:161} INFO - Started process (PID=83) to work on /home/airflow/.local/lib/python3.10/site-packages/airflow/example_dags/example_kubernetes_executor.py
[2025-02-19T06:31:25.707+0000] {processor.py:830} INFO - Processing file /home/airflow/.local/lib/python3.10/site-packages/airflow/example_dags/example_kubernetes_executor.py for tasks to queue
[2025-02-19T06:31:25.710+0000] {logging_mixin.py:188} INFO - [2025-02-19T06:31:25.709+0000] {dagbag.py:538} INFO - Filling up the DagBag from /home/airflow/.local/lib/python3.10/site-packages/airflow/example_dags/example_kubernetes_executor.py
[2025-02-19T06:31:25.782+0000] {processor.py:840} INFO - DAG(s) 'example_kubernetes_executor' retrieved from /home/airflow/.local/lib/python3.10/site-packages/airflow/example_dags/example_kubernetes_executor.py
[2025-02-19T06:31:25.983+0000] {logging_mixin.py:188} INFO - [2025-02-19T06:31:25.982+0000] {dag.py:3036} INFO - Sync 1 DAGs
[2025-02-19T06:31:26.045+0000] {logging_mixin.py:188} INFO - [2025-02-19T06:31:26.044+0000] {dag.py:3823} INFO - Setting next_dagrun for example_kubernetes_executor to None, run_after=None
[2025-02-19T06:31:26.311+0000] {processor.py:183} INFO - Processing /home/airflow/.local/lib/python3.10/site-packages/airflow/example_dags/example_kubernetes_executor.py took 0.628 seconds
[2025-02-19T06:32:32.656+0000] {processor.py:161} INFO - Started process (PID=114) to work on /home/airflow/.local/lib/python3.10/site-packages/airflow/example_dags/example_kubernetes_executor.py
[2025-02-19T06:32:32.668+0000] {processor.py:830} INFO - Processing file /home/airflow/.local/lib/python3.10/site-packages/airflow/example_dags/example_kubernetes_executor.py for tasks to queue
[2025-02-19T06:32:32.672+0000] {logging_mixin.py:188} INFO - [2025-02-19T06:32:32.671+0000] {dagbag.py:538} INFO - Filling up the DagBag from /home/airflow/.local/lib/python3.10/site-packages/airflow/example_dags/example_kubernetes_executor.py
[2025-02-19T06:32:32.779+0000] {processor.py:840} INFO - DAG(s) 'example_kubernetes_executor' retrieved from /home/airflow/.local/lib/python3.10/site-packages/airflow/example_dags/example_kubernetes_executor.py
[2025-02-19T06:32:33.008+0000] {logging_mixin.py:188} INFO - [2025-02-19T06:32:33.007+0000] {dag.py:3036} INFO - Sync 1 DAGs
[2025-02-19T06:32:33.083+0000] {logging_mixin.py:188} INFO - [2025-02-19T06:32:33.082+0000] {dag.py:3823} INFO - Setting next_dagrun for example_kubernetes_executor to None, run_after=None
[2025-02-19T06:32:33.403+0000] {processor.py:183} INFO - Processing /home/airflow/.local/lib/python3.10/site-packages/airflow/example_dags/example_kubernetes_executor.py took 0.760 seconds
[2025-02-19T06:33:41.813+0000] {processor.py:161} INFO - Started process (PID=151) to work on /home/airflow/.local/lib/python3.10/site-packages/airflow/example_dags/example_kubernetes_executor.py
[2025-02-19T06:33:41.818+0000] {processor.py:830} INFO - Processing file /home/airflow/.local/lib/python3.10/site-packages/airflow/example_dags/example_kubernetes_executor.py for tasks to queue
[2025-02-19T06:33:41.827+0000] {logging_mixin.py:188} INFO - [2025-02-19T06:33:41.826+0000] {dagbag.py:538} INFO - Filling up the DagBag from /home/airflow/.local/lib/python3.10/site-packages/airflow/example_dags/example_kubernetes_executor.py
[2025-02-19T06:33:41.909+0000] {processor.py:840} INFO - DAG(s) 'example_kubernetes_executor' retrieved from /home/airflow/.local/lib/python3.10/site-packages/airflow/example_dags/example_kubernetes_executor.py
[2025-02-19T06:33:42.185+0000] {logging_mixin.py:188} INFO - [2025-02-19T06:33:42.185+0000] {dag.py:3036} INFO - Sync 1 DAGs
[2025-02-19T06:33:42.284+0000] {logging_mixin.py:188} INFO - [2025-02-19T06:33:42.283+0000] {dag.py:3823} INFO - Setting next_dagrun for example_kubernetes_executor to None, run_after=None
[2025-02-19T06:33:42.962+0000] {processor.py:183} INFO - Processing /home/airflow/.local/lib/python3.10/site-packages/airflow/example_dags/example_kubernetes_executor.py took 1.161 seconds
[2025-02-19T06:34:35.775+0000] {processor.py:161} INFO - Started process (PID=184) to work on /home/airflow/.local/lib/python3.10/site-packages/airflow/example_dags/example_kubernetes_executor.py
[2025-02-19T06:34:35.777+0000] {processor.py:830} INFO - Processing file /home/airflow/.local/lib/python3.10/site-packages/airflow/example_dags/example_kubernetes_executor.py for tasks to queue
[2025-02-19T06:34:35.780+0000] {logging_mixin.py:188} INFO - [2025-02-19T06:34:35.779+0000] {dagbag.py:538} INFO - Filling up the DagBag from /home/airflow/.local/lib/python3.10/site-packages/airflow/example_dags/example_kubernetes_executor.py
[2025-02-19T06:34:35.824+0000] {processor.py:840} INFO - DAG(s) 'example_kubernetes_executor' retrieved from /home/airflow/.local/lib/python3.10/site-packages/airflow/example_dags/example_kubernetes_executor.py
[2025-02-19T06:34:35.942+0000] {logging_mixin.py:188} INFO - [2025-02-19T06:34:35.942+0000] {dag.py:3036} INFO - Sync 1 DAGs
[2025-02-19T06:34:35.985+0000] {logging_mixin.py:188} INFO - [2025-02-19T06:34:35.984+0000] {dag.py:3823} INFO - Setting next_dagrun for example_kubernetes_executor to None, run_after=None
[2025-02-19T06:34:36.130+0000] {processor.py:183} INFO - Processing /home/airflow/.local/lib/python3.10/site-packages/airflow/example_dags/example_kubernetes_executor.py took 0.363 seconds
[2025-02-19T06:35:20.450+0000] {processor.py:161} INFO - Started process (PID=214) to work on /home/airflow/.local/lib/python3.10/site-packages/airflow/example_dags/example_kubernetes_executor.py
[2025-02-19T06:35:20.452+0000] {processor.py:830} INFO - Processing file /home/airflow/.local/lib/python3.10/site-packages/airflow/example_dags/example_kubernetes_executor.py for tasks to queue
[2025-02-19T06:35:20.455+0000] {logging_mixin.py:188} INFO - [2025-02-19T06:35:20.454+0000] {dagbag.py:538} INFO - Filling up the DagBag from /home/airflow/.local/lib/python3.10/site-packages/airflow/example_dags/example_kubernetes_executor.py
[2025-02-19T06:35:20.523+0000] {processor.py:840} INFO - DAG(s) 'example_kubernetes_executor' retrieved from /home/airflow/.local/lib/python3.10/site-packages/airflow/example_dags/example_kubernetes_executor.py
[2025-02-19T06:35:20.671+0000] {logging_mixin.py:188} INFO - [2025-02-19T06:35:20.670+0000] {dag.py:3036} INFO - Sync 1 DAGs
[2025-02-19T06:35:20.727+0000] {logging_mixin.py:188} INFO - [2025-02-19T06:35:20.726+0000] {dag.py:3823} INFO - Setting next_dagrun for example_kubernetes_executor to None, run_after=None
[2025-02-19T06:35:20.903+0000] {processor.py:183} INFO - Processing /home/airflow/.local/lib/python3.10/site-packages/airflow/example_dags/example_kubernetes_executor.py took 0.465 seconds
[2025-02-19T06:36:12.950+0000] {processor.py:161} INFO - Started process (PID=243) to work on /home/airflow/.local/lib/python3.10/site-packages/airflow/example_dags/example_kubernetes_executor.py
[2025-02-19T06:36:12.953+0000] {processor.py:830} INFO - Processing file /home/airflow/.local/lib/python3.10/site-packages/airflow/example_dags/example_kubernetes_executor.py for tasks to queue
[2025-02-19T06:36:12.957+0000] {logging_mixin.py:188} INFO - [2025-02-19T06:36:12.955+0000] {dagbag.py:538} INFO - Filling up the DagBag from /home/airflow/.local/lib/python3.10/site-packages/airflow/example_dags/example_kubernetes_executor.py
[2025-02-19T06:36:13.047+0000] {processor.py:840} INFO - DAG(s) 'example_kubernetes_executor' retrieved from /home/airflow/.local/lib/python3.10/site-packages/airflow/example_dags/example_kubernetes_executor.py
[2025-02-19T06:36:13.205+0000] {logging_mixin.py:188} INFO - [2025-02-19T06:36:13.204+0000] {dag.py:3036} INFO - Sync 1 DAGs
[2025-02-19T06:36:13.269+0000] {logging_mixin.py:188} INFO - [2025-02-19T06:36:13.268+0000] {dag.py:3823} INFO - Setting next_dagrun for example_kubernetes_executor to None, run_after=None
[2025-02-19T06:36:13.467+0000] {processor.py:183} INFO - Processing /home/airflow/.local/lib/python3.10/site-packages/airflow/example_dags/example_kubernetes_executor.py took 0.532 seconds
[2025-02-19T06:37:14.381+0000] {processor.py:161} INFO - Started process (PID=275) to work on /home/airflow/.local/lib/python3.10/site-packages/airflow/example_dags/example_kubernetes_executor.py
[2025-02-19T06:37:14.384+0000] {processor.py:830} INFO - Processing file /home/airflow/.local/lib/python3.10/site-packages/airflow/example_dags/example_kubernetes_executor.py for tasks to queue
[2025-02-19T06:37:14.394+0000] {logging_mixin.py:188} INFO - [2025-02-19T06:37:14.392+0000] {dagbag.py:538} INFO - Filling up the DagBag from /home/airflow/.local/lib/python3.10/site-packages/airflow/example_dags/example_kubernetes_executor.py
[2025-02-19T06:37:14.481+0000] {processor.py:840} INFO - DAG(s) 'example_kubernetes_executor' retrieved from /home/airflow/.local/lib/python3.10/site-packages/airflow/example_dags/example_kubernetes_executor.py
[2025-02-19T06:37:14.648+0000] {logging_mixin.py:188} INFO - [2025-02-19T06:37:14.647+0000] {dag.py:3036} INFO - Sync 1 DAGs
[2025-02-19T06:37:14.697+0000] {logging_mixin.py:188} INFO - [2025-02-19T06:37:14.696+0000] {dag.py:3823} INFO - Setting next_dagrun for example_kubernetes_executor to None, run_after=None
[2025-02-19T06:37:14.843+0000] {processor.py:183} INFO - Processing /home/airflow/.local/lib/python3.10/site-packages/airflow/example_dags/example_kubernetes_executor.py took 0.470 seconds
[2025-02-19T06:38:06.017+0000] {processor.py:161} INFO - Started process (PID=310) to work on /home/airflow/.local/lib/python3.10/site-packages/airflow/example_dags/example_kubernetes_executor.py
[2025-02-19T06:38:06.020+0000] {processor.py:830} INFO - Processing file /home/airflow/.local/lib/python3.10/site-packages/airflow/example_dags/example_kubernetes_executor.py for tasks to queue
[2025-02-19T06:38:06.022+0000] {logging_mixin.py:188} INFO - [2025-02-19T06:38:06.021+0000] {dagbag.py:538} INFO - Filling up the DagBag from /home/airflow/.local/lib/python3.10/site-packages/airflow/example_dags/example_kubernetes_executor.py
[2025-02-19T06:38:06.067+0000] {processor.py:840} INFO - DAG(s) 'example_kubernetes_executor' retrieved from /home/airflow/.local/lib/python3.10/site-packages/airflow/example_dags/example_kubernetes_executor.py
[2025-02-19T06:38:06.188+0000] {logging_mixin.py:188} INFO - [2025-02-19T06:38:06.187+0000] {dag.py:3036} INFO - Sync 1 DAGs
[2025-02-19T06:38:06.213+0000] {logging_mixin.py:188} INFO - [2025-02-19T06:38:06.212+0000] {dag.py:3823} INFO - Setting next_dagrun for example_kubernetes_executor to None, run_after=None
[2025-02-19T06:38:06.344+0000] {processor.py:183} INFO - Processing /home/airflow/.local/lib/python3.10/site-packages/airflow/example_dags/example_kubernetes_executor.py took 0.336 seconds
[2025-02-19T06:38:47.810+0000] {processor.py:161} INFO - Started process (PID=339) to work on /home/airflow/.local/lib/python3.10/site-packages/airflow/example_dags/example_kubernetes_executor.py
[2025-02-19T06:38:47.812+0000] {processor.py:830} INFO - Processing file /home/airflow/.local/lib/python3.10/site-packages/airflow/example_dags/example_kubernetes_executor.py for tasks to queue
[2025-02-19T06:38:47.815+0000] {logging_mixin.py:188} INFO - [2025-02-19T06:38:47.814+0000] {dagbag.py:538} INFO - Filling up the DagBag from /home/airflow/.local/lib/python3.10/site-packages/airflow/example_dags/example_kubernetes_executor.py
[2025-02-19T06:38:47.846+0000] {processor.py:840} INFO - DAG(s) 'example_kubernetes_executor' retrieved from /home/airflow/.local/lib/python3.10/site-packages/airflow/example_dags/example_kubernetes_executor.py
[2025-02-19T06:38:48.003+0000] {logging_mixin.py:188} INFO - [2025-02-19T06:38:48.003+0000] {dag.py:3036} INFO - Sync 1 DAGs
[2025-02-19T06:38:48.065+0000] {logging_mixin.py:188} INFO - [2025-02-19T06:38:48.065+0000] {dag.py:3823} INFO - Setting next_dagrun for example_kubernetes_executor to None, run_after=None
[2025-02-19T06:38:48.203+0000] {processor.py:183} INFO - Processing /home/airflow/.local/lib/python3.10/site-packages/airflow/example_dags/example_kubernetes_executor.py took 0.402 seconds
[2025-02-19T06:39:59.593+0000] {processor.py:161} INFO - Started process (PID=367) to work on /home/airflow/.local/lib/python3.10/site-packages/airflow/example_dags/example_kubernetes_executor.py
[2025-02-19T06:39:59.595+0000] {processor.py:830} INFO - Processing file /home/airflow/.local/lib/python3.10/site-packages/airflow/example_dags/example_kubernetes_executor.py for tasks to queue
[2025-02-19T06:39:59.594+0000] {logging_mixin.py:188} INFO - [2025-02-19T06:39:59.593+0000] {dagbag.py:538} INFO - Filling up the DagBag from /home/airflow/.local/lib/python3.10/site-packages/airflow/example_dags/example_kubernetes_executor.py
[2025-02-19T06:39:59.641+0000] {processor.py:840} INFO - DAG(s) 'example_kubernetes_executor' retrieved from /home/airflow/.local/lib/python3.10/site-packages/airflow/example_dags/example_kubernetes_executor.py
[2025-02-19T06:39:59.781+0000] {logging_mixin.py:188} INFO - [2025-02-19T06:39:59.781+0000] {dag.py:3036} INFO - Sync 1 DAGs
[2025-02-19T06:39:59.994+0000] {logging_mixin.py:188} INFO - [2025-02-19T06:39:59.993+0000] {dag.py:3823} INFO - Setting next_dagrun for example_kubernetes_executor to None, run_after=None
[2025-02-19T06:40:00.335+0000] {processor.py:183} INFO - Processing /home/airflow/.local/lib/python3.10/site-packages/airflow/example_dags/example_kubernetes_executor.py took 0.756 seconds
[2025-02-19T06:41:15.283+0000] {processor.py:161} INFO - Started process (PID=404) to work on /home/airflow/.local/lib/python3.10/site-packages/airflow/example_dags/example_kubernetes_executor.py
[2025-02-19T06:41:15.285+0000] {processor.py:830} INFO - Processing file /home/airflow/.local/lib/python3.10/site-packages/airflow/example_dags/example_kubernetes_executor.py for tasks to queue
[2025-02-19T06:41:15.287+0000] {logging_mixin.py:188} INFO - [2025-02-19T06:41:15.287+0000] {dagbag.py:538} INFO - Filling up the DagBag from /home/airflow/.local/lib/python3.10/site-packages/airflow/example_dags/example_kubernetes_executor.py
[2025-02-19T06:41:15.311+0000] {processor.py:840} INFO - DAG(s) 'example_kubernetes_executor' retrieved from /home/airflow/.local/lib/python3.10/site-packages/airflow/example_dags/example_kubernetes_executor.py
[2025-02-19T06:41:15.385+0000] {logging_mixin.py:188} INFO - [2025-02-19T06:41:15.385+0000] {dag.py:3036} INFO - Sync 1 DAGs
[2025-02-19T06:41:15.406+0000] {logging_mixin.py:188} INFO - [2025-02-19T06:41:15.406+0000] {dag.py:3823} INFO - Setting next_dagrun for example_kubernetes_executor to None, run_after=None
[2025-02-19T06:41:15.929+0000] {processor.py:183} INFO - Processing /home/airflow/.local/lib/python3.10/site-packages/airflow/example_dags/example_kubernetes_executor.py took 0.651 seconds
[2025-02-19T06:42:16.239+0000] {processor.py:161} INFO - Started process (PID=436) to work on /home/airflow/.local/lib/python3.10/site-packages/airflow/example_dags/example_kubernetes_executor.py
[2025-02-19T06:42:16.251+0000] {processor.py:830} INFO - Processing file /home/airflow/.local/lib/python3.10/site-packages/airflow/example_dags/example_kubernetes_executor.py for tasks to queue
[2025-02-19T06:42:16.255+0000] {logging_mixin.py:188} INFO - [2025-02-19T06:42:16.253+0000] {dagbag.py:538} INFO - Filling up the DagBag from /home/airflow/.local/lib/python3.10/site-packages/airflow/example_dags/example_kubernetes_executor.py
[2025-02-19T06:42:16.356+0000] {processor.py:840} INFO - DAG(s) 'example_kubernetes_executor' retrieved from /home/airflow/.local/lib/python3.10/site-packages/airflow/example_dags/example_kubernetes_executor.py
[2025-02-19T06:42:16.656+0000] {logging_mixin.py:188} INFO - [2025-02-19T06:42:16.656+0000] {dag.py:3036} INFO - Sync 1 DAGs
[2025-02-19T06:42:16.774+0000] {logging_mixin.py:188} INFO - [2025-02-19T06:42:16.774+0000] {dag.py:3823} INFO - Setting next_dagrun for example_kubernetes_executor to None, run_after=None
[2025-02-19T06:42:16.991+0000] {processor.py:183} INFO - Processing /home/airflow/.local/lib/python3.10/site-packages/airflow/example_dags/example_kubernetes_executor.py took 0.762 seconds
[2025-02-19T06:43:19.191+0000] {processor.py:161} INFO - Started process (PID=34) to work on /home/airflow/.local/lib/python3.10/site-packages/airflow/example_dags/example_kubernetes_executor.py
[2025-02-19T06:43:19.193+0000] {processor.py:830} INFO - Processing file /home/airflow/.local/lib/python3.10/site-packages/airflow/example_dags/example_kubernetes_executor.py for tasks to queue
[2025-02-19T06:43:19.196+0000] {logging_mixin.py:188} INFO - [2025-02-19T06:43:19.195+0000] {dagbag.py:538} INFO - Filling up the DagBag from /home/airflow/.local/lib/python3.10/site-packages/airflow/example_dags/example_kubernetes_executor.py
[2025-02-19T06:43:19.234+0000] {processor.py:840} INFO - DAG(s) 'example_kubernetes_executor' retrieved from /home/airflow/.local/lib/python3.10/site-packages/airflow/example_dags/example_kubernetes_executor.py
[2025-02-19T06:43:19.367+0000] {logging_mixin.py:188} INFO - [2025-02-19T06:43:19.367+0000] {dag.py:3036} INFO - Sync 1 DAGs
[2025-02-19T06:43:19.403+0000] {logging_mixin.py:188} INFO - [2025-02-19T06:43:19.402+0000] {dag.py:3823} INFO - Setting next_dagrun for example_kubernetes_executor to None, run_after=None
[2025-02-19T06:43:19.555+0000] {processor.py:183} INFO - Processing /home/airflow/.local/lib/python3.10/site-packages/airflow/example_dags/example_kubernetes_executor.py took 0.371 seconds
[2025-02-19T06:44:41.355+0000] {processor.py:161} INFO - Started process (PID=83) to work on /home/airflow/.local/lib/python3.10/site-packages/airflow/example_dags/example_kubernetes_executor.py
[2025-02-19T06:44:41.367+0000] {processor.py:830} INFO - Processing file /home/airflow/.local/lib/python3.10/site-packages/airflow/example_dags/example_kubernetes_executor.py for tasks to queue
[2025-02-19T06:44:41.371+0000] {logging_mixin.py:188} INFO - [2025-02-19T06:44:41.369+0000] {dagbag.py:538} INFO - Filling up the DagBag from /home/airflow/.local/lib/python3.10/site-packages/airflow/example_dags/example_kubernetes_executor.py
[2025-02-19T06:44:41.498+0000] {processor.py:840} INFO - DAG(s) 'example_kubernetes_executor' retrieved from /home/airflow/.local/lib/python3.10/site-packages/airflow/example_dags/example_kubernetes_executor.py
[2025-02-19T06:44:41.753+0000] {logging_mixin.py:188} INFO - [2025-02-19T06:44:41.752+0000] {dag.py:3036} INFO - Sync 1 DAGs
[2025-02-19T06:44:41.831+0000] {logging_mixin.py:188} INFO - [2025-02-19T06:44:41.830+0000] {dag.py:3823} INFO - Setting next_dagrun for example_kubernetes_executor to None, run_after=None
[2025-02-19T06:44:42.024+0000] {processor.py:183} INFO - Processing /home/airflow/.local/lib/python3.10/site-packages/airflow/example_dags/example_kubernetes_executor.py took 0.688 seconds
[2025-02-19T06:45:36.001+0000] {processor.py:161} INFO - Started process (PID=112) to work on /home/airflow/.local/lib/python3.10/site-packages/airflow/example_dags/example_kubernetes_executor.py
[2025-02-19T06:45:36.004+0000] {processor.py:830} INFO - Processing file /home/airflow/.local/lib/python3.10/site-packages/airflow/example_dags/example_kubernetes_executor.py for tasks to queue
[2025-02-19T06:45:36.006+0000] {logging_mixin.py:188} INFO - [2025-02-19T06:45:36.005+0000] {dagbag.py:538} INFO - Filling up the DagBag from /home/airflow/.local/lib/python3.10/site-packages/airflow/example_dags/example_kubernetes_executor.py
[2025-02-19T06:45:36.045+0000] {processor.py:840} INFO - DAG(s) 'example_kubernetes_executor' retrieved from /home/airflow/.local/lib/python3.10/site-packages/airflow/example_dags/example_kubernetes_executor.py
[2025-02-19T06:45:36.151+0000] {logging_mixin.py:188} INFO - [2025-02-19T06:45:36.150+0000] {dag.py:3036} INFO - Sync 1 DAGs
[2025-02-19T06:45:36.218+0000] {logging_mixin.py:188} INFO - [2025-02-19T06:45:36.217+0000] {dag.py:3823} INFO - Setting next_dagrun for example_kubernetes_executor to None, run_after=None
[2025-02-19T06:45:36.356+0000] {processor.py:183} INFO - Processing /home/airflow/.local/lib/python3.10/site-packages/airflow/example_dags/example_kubernetes_executor.py took 0.362 seconds
[2025-02-19T06:46:28.475+0000] {processor.py:161} INFO - Started process (PID=146) to work on /home/airflow/.local/lib/python3.10/site-packages/airflow/example_dags/example_kubernetes_executor.py
[2025-02-19T06:46:28.477+0000] {processor.py:830} INFO - Processing file /home/airflow/.local/lib/python3.10/site-packages/airflow/example_dags/example_kubernetes_executor.py for tasks to queue
[2025-02-19T06:46:28.479+0000] {logging_mixin.py:188} INFO - [2025-02-19T06:46:28.479+0000] {dagbag.py:538} INFO - Filling up the DagBag from /home/airflow/.local/lib/python3.10/site-packages/airflow/example_dags/example_kubernetes_executor.py
[2025-02-19T06:46:28.524+0000] {processor.py:840} INFO - DAG(s) 'example_kubernetes_executor' retrieved from /home/airflow/.local/lib/python3.10/site-packages/airflow/example_dags/example_kubernetes_executor.py
[2025-02-19T06:46:28.631+0000] {logging_mixin.py:188} INFO - [2025-02-19T06:46:28.631+0000] {dag.py:3036} INFO - Sync 1 DAGs
[2025-02-19T06:46:28.662+0000] {logging_mixin.py:188} INFO - [2025-02-19T06:46:28.662+0000] {dag.py:3823} INFO - Setting next_dagrun for example_kubernetes_executor to None, run_after=None
[2025-02-19T06:46:28.789+0000] {processor.py:183} INFO - Processing /home/airflow/.local/lib/python3.10/site-packages/airflow/example_dags/example_kubernetes_executor.py took 0.320 seconds
[2025-02-19T06:47:20.213+0000] {processor.py:161} INFO - Started process (PID=175) to work on /home/airflow/.local/lib/python3.10/site-packages/airflow/example_dags/example_kubernetes_executor.py
[2025-02-19T06:47:20.216+0000] {processor.py:830} INFO - Processing file /home/airflow/.local/lib/python3.10/site-packages/airflow/example_dags/example_kubernetes_executor.py for tasks to queue
[2025-02-19T06:47:20.228+0000] {logging_mixin.py:188} INFO - [2025-02-19T06:47:20.226+0000] {dagbag.py:538} INFO - Filling up the DagBag from /home/airflow/.local/lib/python3.10/site-packages/airflow/example_dags/example_kubernetes_executor.py
[2025-02-19T06:47:20.297+0000] {processor.py:840} INFO - DAG(s) 'example_kubernetes_executor' retrieved from /home/airflow/.local/lib/python3.10/site-packages/airflow/example_dags/example_kubernetes_executor.py
[2025-02-19T06:47:20.423+0000] {logging_mixin.py:188} INFO - [2025-02-19T06:47:20.423+0000] {dag.py:3036} INFO - Sync 1 DAGs
[2025-02-19T06:47:20.495+0000] {logging_mixin.py:188} INFO - [2025-02-19T06:47:20.494+0000] {dag.py:3823} INFO - Setting next_dagrun for example_kubernetes_executor to None, run_after=None
[2025-02-19T06:47:20.635+0000] {processor.py:183} INFO - Processing /home/airflow/.local/lib/python3.10/site-packages/airflow/example_dags/example_kubernetes_executor.py took 0.429 seconds
[2025-02-19T06:48:12.311+0000] {processor.py:161} INFO - Started process (PID=207) to work on /home/airflow/.local/lib/python3.10/site-packages/airflow/example_dags/example_kubernetes_executor.py
[2025-02-19T06:48:12.314+0000] {processor.py:830} INFO - Processing file /home/airflow/.local/lib/python3.10/site-packages/airflow/example_dags/example_kubernetes_executor.py for tasks to queue
[2025-02-19T06:48:12.318+0000] {logging_mixin.py:188} INFO - [2025-02-19T06:48:12.317+0000] {dagbag.py:538} INFO - Filling up the DagBag from /home/airflow/.local/lib/python3.10/site-packages/airflow/example_dags/example_kubernetes_executor.py
[2025-02-19T06:48:12.356+0000] {processor.py:840} INFO - DAG(s) 'example_kubernetes_executor' retrieved from /home/airflow/.local/lib/python3.10/site-packages/airflow/example_dags/example_kubernetes_executor.py
[2025-02-19T06:48:12.456+0000] {logging_mixin.py:188} INFO - [2025-02-19T06:48:12.456+0000] {dag.py:3036} INFO - Sync 1 DAGs
[2025-02-19T06:48:12.485+0000] {logging_mixin.py:188} INFO - [2025-02-19T06:48:12.485+0000] {dag.py:3823} INFO - Setting next_dagrun for example_kubernetes_executor to None, run_after=None
[2025-02-19T06:48:12.610+0000] {processor.py:183} INFO - Processing /home/airflow/.local/lib/python3.10/site-packages/airflow/example_dags/example_kubernetes_executor.py took 0.309 seconds
[2025-02-19T06:49:01.028+0000] {processor.py:161} INFO - Started process (PID=236) to work on /home/airflow/.local/lib/python3.10/site-packages/airflow/example_dags/example_kubernetes_executor.py
[2025-02-19T06:49:01.030+0000] {processor.py:830} INFO - Processing file /home/airflow/.local/lib/python3.10/site-packages/airflow/example_dags/example_kubernetes_executor.py for tasks to queue
[2025-02-19T06:49:01.031+0000] {logging_mixin.py:188} INFO - [2025-02-19T06:49:01.031+0000] {dagbag.py:538} INFO - Filling up the DagBag from /home/airflow/.local/lib/python3.10/site-packages/airflow/example_dags/example_kubernetes_executor.py
[2025-02-19T06:49:01.065+0000] {processor.py:840} INFO - DAG(s) 'example_kubernetes_executor' retrieved from /home/airflow/.local/lib/python3.10/site-packages/airflow/example_dags/example_kubernetes_executor.py
[2025-02-19T06:49:01.146+0000] {logging_mixin.py:188} INFO - [2025-02-19T06:49:01.146+0000] {dag.py:3036} INFO - Sync 1 DAGs
[2025-02-19T06:49:01.174+0000] {logging_mixin.py:188} INFO - [2025-02-19T06:49:01.173+0000] {dag.py:3823} INFO - Setting next_dagrun for example_kubernetes_executor to None, run_after=None
[2025-02-19T06:49:01.272+0000] {processor.py:183} INFO - Processing /home/airflow/.local/lib/python3.10/site-packages/airflow/example_dags/example_kubernetes_executor.py took 0.250 seconds
[2025-02-19T06:49:52.560+0000] {processor.py:161} INFO - Started process (PID=268) to work on /home/airflow/.local/lib/python3.10/site-packages/airflow/example_dags/example_kubernetes_executor.py
[2025-02-19T06:49:52.563+0000] {processor.py:830} INFO - Processing file /home/airflow/.local/lib/python3.10/site-packages/airflow/example_dags/example_kubernetes_executor.py for tasks to queue
[2025-02-19T06:49:52.566+0000] {logging_mixin.py:188} INFO - [2025-02-19T06:49:52.565+0000] {dagbag.py:538} INFO - Filling up the DagBag from /home/airflow/.local/lib/python3.10/site-packages/airflow/example_dags/example_kubernetes_executor.py
[2025-02-19T06:49:52.656+0000] {processor.py:840} INFO - DAG(s) 'example_kubernetes_executor' retrieved from /home/airflow/.local/lib/python3.10/site-packages/airflow/example_dags/example_kubernetes_executor.py
[2025-02-19T06:49:52.937+0000] {logging_mixin.py:188} INFO - [2025-02-19T06:49:52.936+0000] {dag.py:3036} INFO - Sync 1 DAGs
[2025-02-19T06:49:53.001+0000] {logging_mixin.py:188} INFO - [2025-02-19T06:49:53.001+0000] {dag.py:3823} INFO - Setting next_dagrun for example_kubernetes_executor to None, run_after=None
[2025-02-19T06:49:53.212+0000] {processor.py:183} INFO - Processing /home/airflow/.local/lib/python3.10/site-packages/airflow/example_dags/example_kubernetes_executor.py took 0.668 seconds
[2025-02-19T06:50:46.652+0000] {processor.py:161} INFO - Started process (PID=299) to work on /home/airflow/.local/lib/python3.10/site-packages/airflow/example_dags/example_kubernetes_executor.py
[2025-02-19T06:50:46.657+0000] {processor.py:830} INFO - Processing file /home/airflow/.local/lib/python3.10/site-packages/airflow/example_dags/example_kubernetes_executor.py for tasks to queue
[2025-02-19T06:50:46.665+0000] {logging_mixin.py:188} INFO - [2025-02-19T06:50:46.664+0000] {dagbag.py:538} INFO - Filling up the DagBag from /home/airflow/.local/lib/python3.10/site-packages/airflow/example_dags/example_kubernetes_executor.py
[2025-02-19T06:50:46.708+0000] {processor.py:840} INFO - DAG(s) 'example_kubernetes_executor' retrieved from /home/airflow/.local/lib/python3.10/site-packages/airflow/example_dags/example_kubernetes_executor.py
[2025-02-19T06:50:46.854+0000] {logging_mixin.py:188} INFO - [2025-02-19T06:50:46.853+0000] {dag.py:3036} INFO - Sync 1 DAGs
[2025-02-19T06:50:46.897+0000] {logging_mixin.py:188} INFO - [2025-02-19T06:50:46.897+0000] {dag.py:3823} INFO - Setting next_dagrun for example_kubernetes_executor to None, run_after=None
[2025-02-19T06:50:47.112+0000] {processor.py:183} INFO - Processing /home/airflow/.local/lib/python3.10/site-packages/airflow/example_dags/example_kubernetes_executor.py took 0.467 seconds
[2025-02-19T06:51:37.061+0000] {processor.py:161} INFO - Started process (PID=331) to work on /home/airflow/.local/lib/python3.10/site-packages/airflow/example_dags/example_kubernetes_executor.py
[2025-02-19T06:51:37.064+0000] {processor.py:830} INFO - Processing file /home/airflow/.local/lib/python3.10/site-packages/airflow/example_dags/example_kubernetes_executor.py for tasks to queue
[2025-02-19T06:51:37.069+0000] {logging_mixin.py:188} INFO - [2025-02-19T06:51:37.067+0000] {dagbag.py:538} INFO - Filling up the DagBag from /home/airflow/.local/lib/python3.10/site-packages/airflow/example_dags/example_kubernetes_executor.py
[2025-02-19T06:51:37.272+0000] {processor.py:840} INFO - DAG(s) 'example_kubernetes_executor' retrieved from /home/airflow/.local/lib/python3.10/site-packages/airflow/example_dags/example_kubernetes_executor.py
[2025-02-19T06:51:37.577+0000] {logging_mixin.py:188} INFO - [2025-02-19T06:51:37.576+0000] {dag.py:3036} INFO - Sync 1 DAGs
[2025-02-19T06:51:37.621+0000] {logging_mixin.py:188} INFO - [2025-02-19T06:51:37.621+0000] {dag.py:3823} INFO - Setting next_dagrun for example_kubernetes_executor to None, run_after=None
[2025-02-19T06:51:37.772+0000] {processor.py:183} INFO - Processing /home/airflow/.local/lib/python3.10/site-packages/airflow/example_dags/example_kubernetes_executor.py took 0.730 seconds
[2025-02-19T06:52:30.944+0000] {processor.py:161} INFO - Started process (PID=361) to work on /home/airflow/.local/lib/python3.10/site-packages/airflow/example_dags/example_kubernetes_executor.py
[2025-02-19T06:52:30.948+0000] {processor.py:830} INFO - Processing file /home/airflow/.local/lib/python3.10/site-packages/airflow/example_dags/example_kubernetes_executor.py for tasks to queue
[2025-02-19T06:52:30.951+0000] {logging_mixin.py:188} INFO - [2025-02-19T06:52:30.951+0000] {dagbag.py:538} INFO - Filling up the DagBag from /home/airflow/.local/lib/python3.10/site-packages/airflow/example_dags/example_kubernetes_executor.py
[2025-02-19T06:52:30.991+0000] {processor.py:840} INFO - DAG(s) 'example_kubernetes_executor' retrieved from /home/airflow/.local/lib/python3.10/site-packages/airflow/example_dags/example_kubernetes_executor.py
[2025-02-19T06:52:31.090+0000] {logging_mixin.py:188} INFO - [2025-02-19T06:52:31.089+0000] {dag.py:3036} INFO - Sync 1 DAGs
[2025-02-19T06:52:31.125+0000] {logging_mixin.py:188} INFO - [2025-02-19T06:52:31.124+0000] {dag.py:3823} INFO - Setting next_dagrun for example_kubernetes_executor to None, run_after=None
[2025-02-19T06:52:31.281+0000] {processor.py:183} INFO - Processing /home/airflow/.local/lib/python3.10/site-packages/airflow/example_dags/example_kubernetes_executor.py took 0.347 seconds
[2025-02-19T06:53:19.869+0000] {processor.py:161} INFO - Started process (PID=396) to work on /home/airflow/.local/lib/python3.10/site-packages/airflow/example_dags/example_kubernetes_executor.py
[2025-02-19T06:53:19.872+0000] {processor.py:830} INFO - Processing file /home/airflow/.local/lib/python3.10/site-packages/airflow/example_dags/example_kubernetes_executor.py for tasks to queue
[2025-02-19T06:53:19.884+0000] {logging_mixin.py:188} INFO - [2025-02-19T06:53:19.883+0000] {dagbag.py:538} INFO - Filling up the DagBag from /home/airflow/.local/lib/python3.10/site-packages/airflow/example_dags/example_kubernetes_executor.py
[2025-02-19T06:53:20.010+0000] {processor.py:840} INFO - DAG(s) 'example_kubernetes_executor' retrieved from /home/airflow/.local/lib/python3.10/site-packages/airflow/example_dags/example_kubernetes_executor.py
[2025-02-19T06:53:20.365+0000] {logging_mixin.py:188} INFO - [2025-02-19T06:53:20.365+0000] {dag.py:3036} INFO - Sync 1 DAGs
[2025-02-19T06:53:20.462+0000] {logging_mixin.py:188} INFO - [2025-02-19T06:53:20.461+0000] {dag.py:3823} INFO - Setting next_dagrun for example_kubernetes_executor to None, run_after=None
[2025-02-19T06:53:20.716+0000] {processor.py:183} INFO - Processing /home/airflow/.local/lib/python3.10/site-packages/airflow/example_dags/example_kubernetes_executor.py took 0.861 seconds
[2025-02-19T06:54:09.971+0000] {processor.py:161} INFO - Started process (PID=423) to work on /home/airflow/.local/lib/python3.10/site-packages/airflow/example_dags/example_kubernetes_executor.py
[2025-02-19T06:54:09.974+0000] {processor.py:830} INFO - Processing file /home/airflow/.local/lib/python3.10/site-packages/airflow/example_dags/example_kubernetes_executor.py for tasks to queue
[2025-02-19T06:54:09.981+0000] {logging_mixin.py:188} INFO - [2025-02-19T06:54:09.979+0000] {dagbag.py:538} INFO - Filling up the DagBag from /home/airflow/.local/lib/python3.10/site-packages/airflow/example_dags/example_kubernetes_executor.py
[2025-02-19T06:54:10.047+0000] {processor.py:840} INFO - DAG(s) 'example_kubernetes_executor' retrieved from /home/airflow/.local/lib/python3.10/site-packages/airflow/example_dags/example_kubernetes_executor.py
[2025-02-19T06:54:10.183+0000] {logging_mixin.py:188} INFO - [2025-02-19T06:54:10.182+0000] {dag.py:3036} INFO - Sync 1 DAGs
[2025-02-19T06:54:10.224+0000] {logging_mixin.py:188} INFO - [2025-02-19T06:54:10.224+0000] {dag.py:3823} INFO - Setting next_dagrun for example_kubernetes_executor to None, run_after=None
[2025-02-19T06:54:10.360+0000] {processor.py:183} INFO - Processing /home/airflow/.local/lib/python3.10/site-packages/airflow/example_dags/example_kubernetes_executor.py took 0.396 seconds
[2025-02-19T06:54:53.071+0000] {processor.py:161} INFO - Started process (PID=455) to work on /home/airflow/.local/lib/python3.10/site-packages/airflow/example_dags/example_kubernetes_executor.py
[2025-02-19T06:54:53.073+0000] {processor.py:830} INFO - Processing file /home/airflow/.local/lib/python3.10/site-packages/airflow/example_dags/example_kubernetes_executor.py for tasks to queue
[2025-02-19T06:54:53.075+0000] {logging_mixin.py:188} INFO - [2025-02-19T06:54:53.074+0000] {dagbag.py:538} INFO - Filling up the DagBag from /home/airflow/.local/lib/python3.10/site-packages/airflow/example_dags/example_kubernetes_executor.py
[2025-02-19T06:54:53.101+0000] {processor.py:840} INFO - DAG(s) 'example_kubernetes_executor' retrieved from /home/airflow/.local/lib/python3.10/site-packages/airflow/example_dags/example_kubernetes_executor.py
[2025-02-19T06:54:53.183+0000] {logging_mixin.py:188} INFO - [2025-02-19T06:54:53.182+0000] {dag.py:3036} INFO - Sync 1 DAGs
[2025-02-19T06:54:53.206+0000] {logging_mixin.py:188} INFO - [2025-02-19T06:54:53.206+0000] {dag.py:3823} INFO - Setting next_dagrun for example_kubernetes_executor to None, run_after=None
[2025-02-19T06:54:53.326+0000] {processor.py:183} INFO - Processing /home/airflow/.local/lib/python3.10/site-packages/airflow/example_dags/example_kubernetes_executor.py took 0.259 seconds
[2025-02-19T06:56:14.317+0000] {processor.py:161} INFO - Started process (PID=510) to work on /home/airflow/.local/lib/python3.10/site-packages/airflow/example_dags/example_kubernetes_executor.py
[2025-02-19T06:56:14.319+0000] {processor.py:830} INFO - Processing file /home/airflow/.local/lib/python3.10/site-packages/airflow/example_dags/example_kubernetes_executor.py for tasks to queue
[2025-02-19T06:56:14.321+0000] {logging_mixin.py:188} INFO - [2025-02-19T06:56:14.321+0000] {dagbag.py:538} INFO - Filling up the DagBag from /home/airflow/.local/lib/python3.10/site-packages/airflow/example_dags/example_kubernetes_executor.py
[2025-02-19T06:56:14.344+0000] {processor.py:840} INFO - DAG(s) 'example_kubernetes_executor' retrieved from /home/airflow/.local/lib/python3.10/site-packages/airflow/example_dags/example_kubernetes_executor.py
[2025-02-19T06:56:14.420+0000] {logging_mixin.py:188} INFO - [2025-02-19T06:56:14.420+0000] {dag.py:3036} INFO - Sync 1 DAGs
[2025-02-19T06:56:14.442+0000] {logging_mixin.py:188} INFO - [2025-02-19T06:56:14.442+0000] {dag.py:3823} INFO - Setting next_dagrun for example_kubernetes_executor to None, run_after=None
[2025-02-19T06:56:14.562+0000] {processor.py:183} INFO - Processing /home/airflow/.local/lib/python3.10/site-packages/airflow/example_dags/example_kubernetes_executor.py took 0.250 seconds
[2025-02-19T06:57:00.578+0000] {processor.py:161} INFO - Started process (PID=537) to work on /home/airflow/.local/lib/python3.10/site-packages/airflow/example_dags/example_kubernetes_executor.py
[2025-02-19T06:57:00.581+0000] {processor.py:830} INFO - Processing file /home/airflow/.local/lib/python3.10/site-packages/airflow/example_dags/example_kubernetes_executor.py for tasks to queue
[2025-02-19T06:57:00.594+0000] {logging_mixin.py:188} INFO - [2025-02-19T06:57:00.583+0000] {dagbag.py:538} INFO - Filling up the DagBag from /home/airflow/.local/lib/python3.10/site-packages/airflow/example_dags/example_kubernetes_executor.py
[2025-02-19T06:57:00.712+0000] {processor.py:840} INFO - DAG(s) 'example_kubernetes_executor' retrieved from /home/airflow/.local/lib/python3.10/site-packages/airflow/example_dags/example_kubernetes_executor.py
[2025-02-19T06:57:01.145+0000] {logging_mixin.py:188} INFO - [2025-02-19T06:57:01.145+0000] {dag.py:3036} INFO - Sync 1 DAGs
[2025-02-19T06:57:01.230+0000] {logging_mixin.py:188} INFO - [2025-02-19T06:57:01.230+0000] {dag.py:3823} INFO - Setting next_dagrun for example_kubernetes_executor to None, run_after=None
[2025-02-19T06:57:01.438+0000] {processor.py:183} INFO - Processing /home/airflow/.local/lib/python3.10/site-packages/airflow/example_dags/example_kubernetes_executor.py took 0.880 seconds
[2025-02-19T06:57:51.436+0000] {processor.py:161} INFO - Started process (PID=569) to work on /home/airflow/.local/lib/python3.10/site-packages/airflow/example_dags/example_kubernetes_executor.py
[2025-02-19T06:57:51.448+0000] {processor.py:830} INFO - Processing file /home/airflow/.local/lib/python3.10/site-packages/airflow/example_dags/example_kubernetes_executor.py for tasks to queue
[2025-02-19T06:57:51.451+0000] {logging_mixin.py:188} INFO - [2025-02-19T06:57:51.450+0000] {dagbag.py:538} INFO - Filling up the DagBag from /home/airflow/.local/lib/python3.10/site-packages/airflow/example_dags/example_kubernetes_executor.py
[2025-02-19T06:57:51.531+0000] {processor.py:840} INFO - DAG(s) 'example_kubernetes_executor' retrieved from /home/airflow/.local/lib/python3.10/site-packages/airflow/example_dags/example_kubernetes_executor.py
[2025-02-19T06:57:51.695+0000] {logging_mixin.py:188} INFO - [2025-02-19T06:57:51.694+0000] {dag.py:3036} INFO - Sync 1 DAGs
[2025-02-19T06:57:51.743+0000] {logging_mixin.py:188} INFO - [2025-02-19T06:57:51.742+0000] {dag.py:3823} INFO - Setting next_dagrun for example_kubernetes_executor to None, run_after=None
[2025-02-19T06:57:51.906+0000] {processor.py:183} INFO - Processing /home/airflow/.local/lib/python3.10/site-packages/airflow/example_dags/example_kubernetes_executor.py took 0.479 seconds
[2025-02-19T06:58:35.513+0000] {processor.py:161} INFO - Started process (PID=598) to work on /home/airflow/.local/lib/python3.10/site-packages/airflow/example_dags/example_kubernetes_executor.py
[2025-02-19T06:58:35.516+0000] {processor.py:830} INFO - Processing file /home/airflow/.local/lib/python3.10/site-packages/airflow/example_dags/example_kubernetes_executor.py for tasks to queue
[2025-02-19T06:58:35.518+0000] {logging_mixin.py:188} INFO - [2025-02-19T06:58:35.518+0000] {dagbag.py:538} INFO - Filling up the DagBag from /home/airflow/.local/lib/python3.10/site-packages/airflow/example_dags/example_kubernetes_executor.py
[2025-02-19T06:58:35.553+0000] {processor.py:840} INFO - DAG(s) 'example_kubernetes_executor' retrieved from /home/airflow/.local/lib/python3.10/site-packages/airflow/example_dags/example_kubernetes_executor.py
[2025-02-19T06:58:35.659+0000] {logging_mixin.py:188} INFO - [2025-02-19T06:58:35.658+0000] {dag.py:3036} INFO - Sync 1 DAGs
[2025-02-19T06:58:35.689+0000] {logging_mixin.py:188} INFO - [2025-02-19T06:58:35.688+0000] {dag.py:3823} INFO - Setting next_dagrun for example_kubernetes_executor to None, run_after=None
[2025-02-19T06:58:35.810+0000] {processor.py:183} INFO - Processing /home/airflow/.local/lib/python3.10/site-packages/airflow/example_dags/example_kubernetes_executor.py took 0.305 seconds
[2025-02-19T06:59:19.396+0000] {processor.py:161} INFO - Started process (PID=627) to work on /home/airflow/.local/lib/python3.10/site-packages/airflow/example_dags/example_kubernetes_executor.py
[2025-02-19T06:59:19.400+0000] {processor.py:830} INFO - Processing file /home/airflow/.local/lib/python3.10/site-packages/airflow/example_dags/example_kubernetes_executor.py for tasks to queue
[2025-02-19T06:59:19.403+0000] {logging_mixin.py:188} INFO - [2025-02-19T06:59:19.402+0000] {dagbag.py:538} INFO - Filling up the DagBag from /home/airflow/.local/lib/python3.10/site-packages/airflow/example_dags/example_kubernetes_executor.py
[2025-02-19T06:59:19.443+0000] {processor.py:840} INFO - DAG(s) 'example_kubernetes_executor' retrieved from /home/airflow/.local/lib/python3.10/site-packages/airflow/example_dags/example_kubernetes_executor.py
[2025-02-19T06:59:19.540+0000] {logging_mixin.py:188} INFO - [2025-02-19T06:59:19.539+0000] {dag.py:3036} INFO - Sync 1 DAGs
[2025-02-19T06:59:19.567+0000] {logging_mixin.py:188} INFO - [2025-02-19T06:59:19.566+0000] {dag.py:3823} INFO - Setting next_dagrun for example_kubernetes_executor to None, run_after=None
[2025-02-19T06:59:19.714+0000] {processor.py:183} INFO - Processing /home/airflow/.local/lib/python3.10/site-packages/airflow/example_dags/example_kubernetes_executor.py took 0.326 seconds
[2025-02-19T07:00:16.608+0000] {processor.py:161} INFO - Started process (PID=657) to work on /home/airflow/.local/lib/python3.10/site-packages/airflow/example_dags/example_kubernetes_executor.py
[2025-02-19T07:00:16.611+0000] {processor.py:830} INFO - Processing file /home/airflow/.local/lib/python3.10/site-packages/airflow/example_dags/example_kubernetes_executor.py for tasks to queue
[2025-02-19T07:00:16.614+0000] {logging_mixin.py:188} INFO - [2025-02-19T07:00:16.613+0000] {dagbag.py:538} INFO - Filling up the DagBag from /home/airflow/.local/lib/python3.10/site-packages/airflow/example_dags/example_kubernetes_executor.py
[2025-02-19T07:00:16.646+0000] {processor.py:840} INFO - DAG(s) 'example_kubernetes_executor' retrieved from /home/airflow/.local/lib/python3.10/site-packages/airflow/example_dags/example_kubernetes_executor.py
[2025-02-19T07:00:16.725+0000] {logging_mixin.py:188} INFO - [2025-02-19T07:00:16.725+0000] {dag.py:3036} INFO - Sync 1 DAGs
[2025-02-19T07:00:16.758+0000] {logging_mixin.py:188} INFO - [2025-02-19T07:00:16.758+0000] {dag.py:3823} INFO - Setting next_dagrun for example_kubernetes_executor to None, run_after=None
[2025-02-19T07:00:16.904+0000] {processor.py:183} INFO - Processing /home/airflow/.local/lib/python3.10/site-packages/airflow/example_dags/example_kubernetes_executor.py took 0.305 seconds
[2025-02-19T07:01:10.799+0000] {processor.py:161} INFO - Started process (PID=692) to work on /home/airflow/.local/lib/python3.10/site-packages/airflow/example_dags/example_kubernetes_executor.py
[2025-02-19T07:01:10.802+0000] {processor.py:830} INFO - Processing file /home/airflow/.local/lib/python3.10/site-packages/airflow/example_dags/example_kubernetes_executor.py for tasks to queue
[2025-02-19T07:01:10.805+0000] {logging_mixin.py:188} INFO - [2025-02-19T07:01:10.804+0000] {dagbag.py:538} INFO - Filling up the DagBag from /home/airflow/.local/lib/python3.10/site-packages/airflow/example_dags/example_kubernetes_executor.py
[2025-02-19T07:01:10.859+0000] {processor.py:840} INFO - DAG(s) 'example_kubernetes_executor' retrieved from /home/airflow/.local/lib/python3.10/site-packages/airflow/example_dags/example_kubernetes_executor.py
[2025-02-19T07:01:10.971+0000] {logging_mixin.py:188} INFO - [2025-02-19T07:01:10.970+0000] {dag.py:3036} INFO - Sync 1 DAGs
[2025-02-19T07:01:11.023+0000] {logging_mixin.py:188} INFO - [2025-02-19T07:01:11.022+0000] {dag.py:3823} INFO - Setting next_dagrun for example_kubernetes_executor to None, run_after=None
[2025-02-19T07:01:11.224+0000] {processor.py:183} INFO - Processing /home/airflow/.local/lib/python3.10/site-packages/airflow/example_dags/example_kubernetes_executor.py took 0.435 seconds
[2025-02-19T07:01:58.753+0000] {processor.py:161} INFO - Started process (PID=721) to work on /home/airflow/.local/lib/python3.10/site-packages/airflow/example_dags/example_kubernetes_executor.py
[2025-02-19T07:01:58.765+0000] {processor.py:830} INFO - Processing file /home/airflow/.local/lib/python3.10/site-packages/airflow/example_dags/example_kubernetes_executor.py for tasks to queue
[2025-02-19T07:01:58.780+0000] {logging_mixin.py:188} INFO - [2025-02-19T07:01:58.779+0000] {dagbag.py:538} INFO - Filling up the DagBag from /home/airflow/.local/lib/python3.10/site-packages/airflow/example_dags/example_kubernetes_executor.py
[2025-02-19T07:01:58.878+0000] {processor.py:840} INFO - DAG(s) 'example_kubernetes_executor' retrieved from /home/airflow/.local/lib/python3.10/site-packages/airflow/example_dags/example_kubernetes_executor.py
[2025-02-19T07:01:59.151+0000] {logging_mixin.py:188} INFO - [2025-02-19T07:01:59.151+0000] {dag.py:3036} INFO - Sync 1 DAGs
[2025-02-19T07:01:59.273+0000] {logging_mixin.py:188} INFO - [2025-02-19T07:01:59.273+0000] {dag.py:3823} INFO - Setting next_dagrun for example_kubernetes_executor to None, run_after=None
[2025-02-19T07:01:59.461+0000] {processor.py:183} INFO - Processing /home/airflow/.local/lib/python3.10/site-packages/airflow/example_dags/example_kubernetes_executor.py took 0.728 seconds
[2025-02-19T07:02:50.921+0000] {processor.py:161} INFO - Started process (PID=752) to work on /home/airflow/.local/lib/python3.10/site-packages/airflow/example_dags/example_kubernetes_executor.py
[2025-02-19T07:02:50.923+0000] {processor.py:830} INFO - Processing file /home/airflow/.local/lib/python3.10/site-packages/airflow/example_dags/example_kubernetes_executor.py for tasks to queue
[2025-02-19T07:02:50.925+0000] {logging_mixin.py:188} INFO - [2025-02-19T07:02:50.924+0000] {dagbag.py:538} INFO - Filling up the DagBag from /home/airflow/.local/lib/python3.10/site-packages/airflow/example_dags/example_kubernetes_executor.py
[2025-02-19T07:02:50.948+0000] {processor.py:840} INFO - DAG(s) 'example_kubernetes_executor' retrieved from /home/airflow/.local/lib/python3.10/site-packages/airflow/example_dags/example_kubernetes_executor.py
[2025-02-19T07:02:51.022+0000] {logging_mixin.py:188} INFO - [2025-02-19T07:02:51.022+0000] {dag.py:3036} INFO - Sync 1 DAGs
[2025-02-19T07:02:51.044+0000] {logging_mixin.py:188} INFO - [2025-02-19T07:02:51.044+0000] {dag.py:3823} INFO - Setting next_dagrun for example_kubernetes_executor to None, run_after=None
[2025-02-19T07:02:51.155+0000] {processor.py:183} INFO - Processing /home/airflow/.local/lib/python3.10/site-packages/airflow/example_dags/example_kubernetes_executor.py took 0.239 seconds
[2025-02-19T07:03:39.932+0000] {processor.py:161} INFO - Started process (PID=783) to work on /home/airflow/.local/lib/python3.10/site-packages/airflow/example_dags/example_kubernetes_executor.py
[2025-02-19T07:03:39.935+0000] {processor.py:830} INFO - Processing file /home/airflow/.local/lib/python3.10/site-packages/airflow/example_dags/example_kubernetes_executor.py for tasks to queue
[2025-02-19T07:03:39.937+0000] {logging_mixin.py:188} INFO - [2025-02-19T07:03:39.936+0000] {dagbag.py:538} INFO - Filling up the DagBag from /home/airflow/.local/lib/python3.10/site-packages/airflow/example_dags/example_kubernetes_executor.py
[2025-02-19T07:03:39.976+0000] {processor.py:840} INFO - DAG(s) 'example_kubernetes_executor' retrieved from /home/airflow/.local/lib/python3.10/site-packages/airflow/example_dags/example_kubernetes_executor.py
[2025-02-19T07:03:40.110+0000] {logging_mixin.py:188} INFO - [2025-02-19T07:03:40.109+0000] {dag.py:3036} INFO - Sync 1 DAGs
[2025-02-19T07:03:40.153+0000] {logging_mixin.py:188} INFO - [2025-02-19T07:03:40.152+0000] {dag.py:3823} INFO - Setting next_dagrun for example_kubernetes_executor to None, run_after=None
[2025-02-19T07:03:40.327+0000] {processor.py:183} INFO - Processing /home/airflow/.local/lib/python3.10/site-packages/airflow/example_dags/example_kubernetes_executor.py took 0.402 seconds
[2025-02-19T07:04:30.634+0000] {processor.py:161} INFO - Started process (PID=812) to work on /home/airflow/.local/lib/python3.10/site-packages/airflow/example_dags/example_kubernetes_executor.py
[2025-02-19T07:04:30.638+0000] {processor.py:830} INFO - Processing file /home/airflow/.local/lib/python3.10/site-packages/airflow/example_dags/example_kubernetes_executor.py for tasks to queue
[2025-02-19T07:04:30.643+0000] {logging_mixin.py:188} INFO - [2025-02-19T07:04:30.642+0000] {dagbag.py:538} INFO - Filling up the DagBag from /home/airflow/.local/lib/python3.10/site-packages/airflow/example_dags/example_kubernetes_executor.py
[2025-02-19T07:04:30.746+0000] {processor.py:840} INFO - DAG(s) 'example_kubernetes_executor' retrieved from /home/airflow/.local/lib/python3.10/site-packages/airflow/example_dags/example_kubernetes_executor.py
[2025-02-19T07:04:30.933+0000] {logging_mixin.py:188} INFO - [2025-02-19T07:04:30.932+0000] {dag.py:3036} INFO - Sync 1 DAGs
[2025-02-19T07:04:30.976+0000] {logging_mixin.py:188} INFO - [2025-02-19T07:04:30.975+0000] {dag.py:3823} INFO - Setting next_dagrun for example_kubernetes_executor to None, run_after=None
[2025-02-19T07:04:31.127+0000] {processor.py:183} INFO - Processing /home/airflow/.local/lib/python3.10/site-packages/airflow/example_dags/example_kubernetes_executor.py took 0.513 seconds
[2025-02-19T07:06:17.706+0000] {processor.py:161} INFO - Started process (PID=844) to work on /home/airflow/.local/lib/python3.10/site-packages/airflow/example_dags/example_kubernetes_executor.py
[2025-02-19T07:06:17.710+0000] {processor.py:830} INFO - Processing file /home/airflow/.local/lib/python3.10/site-packages/airflow/example_dags/example_kubernetes_executor.py for tasks to queue
[2025-02-19T07:06:17.714+0000] {logging_mixin.py:188} INFO - [2025-02-19T07:06:17.713+0000] {dagbag.py:538} INFO - Filling up the DagBag from /home/airflow/.local/lib/python3.10/site-packages/airflow/example_dags/example_kubernetes_executor.py
[2025-02-19T07:06:17.787+0000] {processor.py:840} INFO - DAG(s) 'example_kubernetes_executor' retrieved from /home/airflow/.local/lib/python3.10/site-packages/airflow/example_dags/example_kubernetes_executor.py
[2025-02-19T07:06:18.075+0000] {logging_mixin.py:188} INFO - [2025-02-19T07:06:18.074+0000] {dag.py:3036} INFO - Sync 1 DAGs
[2025-02-19T07:06:18.167+0000] {logging_mixin.py:188} INFO - [2025-02-19T07:06:18.165+0000] {dag.py:3823} INFO - Setting next_dagrun for example_kubernetes_executor to None, run_after=None
[2025-02-19T07:06:19.681+0000] {processor.py:183} INFO - Processing /home/airflow/.local/lib/python3.10/site-packages/airflow/example_dags/example_kubernetes_executor.py took 1.992 seconds
[2025-02-19T07:07:45.339+0000] {processor.py:161} INFO - Started process (PID=883) to work on /home/airflow/.local/lib/python3.10/site-packages/airflow/example_dags/example_kubernetes_executor.py
[2025-02-19T07:07:45.343+0000] {processor.py:830} INFO - Processing file /home/airflow/.local/lib/python3.10/site-packages/airflow/example_dags/example_kubernetes_executor.py for tasks to queue
[2025-02-19T07:07:45.352+0000] {logging_mixin.py:188} INFO - [2025-02-19T07:07:45.351+0000] {dagbag.py:538} INFO - Filling up the DagBag from /home/airflow/.local/lib/python3.10/site-packages/airflow/example_dags/example_kubernetes_executor.py
[2025-02-19T07:07:45.454+0000] {processor.py:840} INFO - DAG(s) 'example_kubernetes_executor' retrieved from /home/airflow/.local/lib/python3.10/site-packages/airflow/example_dags/example_kubernetes_executor.py
[2025-02-19T07:07:45.704+0000] {logging_mixin.py:188} INFO - [2025-02-19T07:07:45.703+0000] {dag.py:3036} INFO - Sync 1 DAGs
[2025-02-19T07:07:45.814+0000] {logging_mixin.py:188} INFO - [2025-02-19T07:07:45.813+0000] {dag.py:3823} INFO - Setting next_dagrun for example_kubernetes_executor to None, run_after=None
[2025-02-19T07:07:46.042+0000] {processor.py:183} INFO - Processing /home/airflow/.local/lib/python3.10/site-packages/airflow/example_dags/example_kubernetes_executor.py took 0.721 seconds
