[2025-02-19T05:56:05.150+0000] {processor.py:161} INFO - Started process (PID=53) to work on /home/airflow/.local/lib/python3.10/site-packages/airflow/example_dags/example_xcomargs.py
[2025-02-19T05:56:05.154+0000] {processor.py:830} INFO - Processing file /home/airflow/.local/lib/python3.10/site-packages/airflow/example_dags/example_xcomargs.py for tasks to queue
[2025-02-19T05:56:05.158+0000] {logging_mixin.py:188} INFO - [2025-02-19T05:56:05.157+0000] {dagbag.py:538} INFO - Filling up the DagBag from /home/airflow/.local/lib/python3.10/site-packages/airflow/example_dags/example_xcomargs.py
[2025-02-19T05:56:05.207+0000] {processor.py:840} INFO - DAG(s) 'example_xcom_args', 'example_xcom_args_with_operators' retrieved from /home/airflow/.local/lib/python3.10/site-packages/airflow/example_dags/example_xcomargs.py
[2025-02-19T05:56:05.364+0000] {logging_mixin.py:188} INFO - [2025-02-19T05:56:05.363+0000] {dag.py:3036} INFO - Sync 2 DAGs
[2025-02-19T05:56:05.432+0000] {logging_mixin.py:188} INFO - [2025-02-19T05:56:05.431+0000] {dag.py:3823} INFO - Setting next_dagrun for example_xcom_args to None, run_after=None
[2025-02-19T05:56:05.458+0000] {logging_mixin.py:188} INFO - [2025-02-19T05:56:05.458+0000] {dag.py:3823} INFO - Setting next_dagrun for example_xcom_args_with_operators to None, run_after=None
[2025-02-19T05:56:05.748+0000] {processor.py:183} INFO - Processing /home/airflow/.local/lib/python3.10/site-packages/airflow/example_dags/example_xcomargs.py took 0.618 seconds
[2025-02-19T05:58:36.225+0000] {processor.py:161} INFO - Started process (PID=102) to work on /home/airflow/.local/lib/python3.10/site-packages/airflow/example_dags/example_xcomargs.py
[2025-02-19T05:58:36.228+0000] {processor.py:830} INFO - Processing file /home/airflow/.local/lib/python3.10/site-packages/airflow/example_dags/example_xcomargs.py for tasks to queue
[2025-02-19T05:58:36.231+0000] {logging_mixin.py:188} INFO - [2025-02-19T05:58:36.230+0000] {dagbag.py:538} INFO - Filling up the DagBag from /home/airflow/.local/lib/python3.10/site-packages/airflow/example_dags/example_xcomargs.py
[2025-02-19T05:58:36.295+0000] {processor.py:840} INFO - DAG(s) 'example_xcom_args_with_operators', 'example_xcom_args' retrieved from /home/airflow/.local/lib/python3.10/site-packages/airflow/example_dags/example_xcomargs.py
[2025-02-19T05:58:36.421+0000] {logging_mixin.py:188} INFO - [2025-02-19T05:58:36.420+0000] {dag.py:3036} INFO - Sync 2 DAGs
[2025-02-19T05:58:36.483+0000] {logging_mixin.py:188} INFO - [2025-02-19T05:58:36.482+0000] {dag.py:3823} INFO - Setting next_dagrun for example_xcom_args to None, run_after=None
[2025-02-19T05:58:36.511+0000] {logging_mixin.py:188} INFO - [2025-02-19T05:58:36.503+0000] {dag.py:3823} INFO - Setting next_dagrun for example_xcom_args_with_operators to None, run_after=None
[2025-02-19T05:58:36.726+0000] {processor.py:183} INFO - Processing /home/airflow/.local/lib/python3.10/site-packages/airflow/example_dags/example_xcomargs.py took 0.518 seconds
[2025-02-19T06:00:00.429+0000] {processor.py:161} INFO - Started process (PID=148) to work on /home/airflow/.local/lib/python3.10/site-packages/airflow/example_dags/example_xcomargs.py
[2025-02-19T06:00:00.442+0000] {processor.py:830} INFO - Processing file /home/airflow/.local/lib/python3.10/site-packages/airflow/example_dags/example_xcomargs.py for tasks to queue
[2025-02-19T06:00:00.445+0000] {logging_mixin.py:188} INFO - [2025-02-19T06:00:00.443+0000] {dagbag.py:538} INFO - Filling up the DagBag from /home/airflow/.local/lib/python3.10/site-packages/airflow/example_dags/example_xcomargs.py
[2025-02-19T06:00:00.499+0000] {processor.py:840} INFO - DAG(s) 'example_xcom_args_with_operators', 'example_xcom_args' retrieved from /home/airflow/.local/lib/python3.10/site-packages/airflow/example_dags/example_xcomargs.py
[2025-02-19T06:00:00.681+0000] {logging_mixin.py:188} INFO - [2025-02-19T06:00:00.680+0000] {dag.py:3036} INFO - Sync 2 DAGs
[2025-02-19T06:00:00.814+0000] {logging_mixin.py:188} INFO - [2025-02-19T06:00:00.814+0000] {dag.py:3823} INFO - Setting next_dagrun for example_xcom_args to None, run_after=None
[2025-02-19T06:00:00.868+0000] {logging_mixin.py:188} INFO - [2025-02-19T06:00:00.868+0000] {dag.py:3823} INFO - Setting next_dagrun for example_xcom_args_with_operators to None, run_after=None
[2025-02-19T06:00:01.070+0000] {processor.py:183} INFO - Processing /home/airflow/.local/lib/python3.10/site-packages/airflow/example_dags/example_xcomargs.py took 0.649 seconds
[2025-02-19T06:02:01.605+0000] {processor.py:161} INFO - Started process (PID=214) to work on /home/airflow/.local/lib/python3.10/site-packages/airflow/example_dags/example_xcomargs.py
[2025-02-19T06:02:01.608+0000] {processor.py:830} INFO - Processing file /home/airflow/.local/lib/python3.10/site-packages/airflow/example_dags/example_xcomargs.py for tasks to queue
[2025-02-19T06:02:01.612+0000] {logging_mixin.py:188} INFO - [2025-02-19T06:02:01.611+0000] {dagbag.py:538} INFO - Filling up the DagBag from /home/airflow/.local/lib/python3.10/site-packages/airflow/example_dags/example_xcomargs.py
[2025-02-19T06:02:01.655+0000] {processor.py:840} INFO - DAG(s) 'example_xcom_args_with_operators', 'example_xcom_args' retrieved from /home/airflow/.local/lib/python3.10/site-packages/airflow/example_dags/example_xcomargs.py
[2025-02-19T06:02:01.800+0000] {logging_mixin.py:188} INFO - [2025-02-19T06:02:01.800+0000] {dag.py:3036} INFO - Sync 2 DAGs
[2025-02-19T06:02:01.887+0000] {logging_mixin.py:188} INFO - [2025-02-19T06:02:01.886+0000] {dag.py:3823} INFO - Setting next_dagrun for example_xcom_args to None, run_after=None
[2025-02-19T06:02:01.907+0000] {logging_mixin.py:188} INFO - [2025-02-19T06:02:01.906+0000] {dag.py:3823} INFO - Setting next_dagrun for example_xcom_args_with_operators to None, run_after=None
[2025-02-19T06:02:02.116+0000] {processor.py:183} INFO - Processing /home/airflow/.local/lib/python3.10/site-packages/airflow/example_dags/example_xcomargs.py took 0.521 seconds
[2025-02-19T06:03:46.047+0000] {processor.py:161} INFO - Started process (PID=278) to work on /home/airflow/.local/lib/python3.10/site-packages/airflow/example_dags/example_xcomargs.py
[2025-02-19T06:03:46.053+0000] {processor.py:830} INFO - Processing file /home/airflow/.local/lib/python3.10/site-packages/airflow/example_dags/example_xcomargs.py for tasks to queue
[2025-02-19T06:03:46.057+0000] {logging_mixin.py:188} INFO - [2025-02-19T06:03:46.056+0000] {dagbag.py:538} INFO - Filling up the DagBag from /home/airflow/.local/lib/python3.10/site-packages/airflow/example_dags/example_xcomargs.py
[2025-02-19T06:03:46.080+0000] {processor.py:840} INFO - DAG(s) 'example_xcom_args_with_operators', 'example_xcom_args' retrieved from /home/airflow/.local/lib/python3.10/site-packages/airflow/example_dags/example_xcomargs.py
[2025-02-19T06:03:46.162+0000] {logging_mixin.py:188} INFO - [2025-02-19T06:03:46.162+0000] {dag.py:3036} INFO - Sync 2 DAGs
[2025-02-19T06:03:46.207+0000] {logging_mixin.py:188} INFO - [2025-02-19T06:03:46.206+0000] {dag.py:3823} INFO - Setting next_dagrun for example_xcom_args to None, run_after=None
[2025-02-19T06:03:46.220+0000] {logging_mixin.py:188} INFO - [2025-02-19T06:03:46.219+0000] {dag.py:3823} INFO - Setting next_dagrun for example_xcom_args_with_operators to None, run_after=None
[2025-02-19T06:03:46.364+0000] {processor.py:183} INFO - Processing /home/airflow/.local/lib/python3.10/site-packages/airflow/example_dags/example_xcomargs.py took 0.324 seconds
[2025-02-19T06:05:31.697+0000] {processor.py:161} INFO - Started process (PID=341) to work on /home/airflow/.local/lib/python3.10/site-packages/airflow/example_dags/example_xcomargs.py
[2025-02-19T06:05:31.700+0000] {processor.py:830} INFO - Processing file /home/airflow/.local/lib/python3.10/site-packages/airflow/example_dags/example_xcomargs.py for tasks to queue
[2025-02-19T06:05:31.704+0000] {logging_mixin.py:188} INFO - [2025-02-19T06:05:31.702+0000] {dagbag.py:538} INFO - Filling up the DagBag from /home/airflow/.local/lib/python3.10/site-packages/airflow/example_dags/example_xcomargs.py
[2025-02-19T06:05:31.754+0000] {processor.py:840} INFO - DAG(s) 'example_xcom_args', 'example_xcom_args_with_operators' retrieved from /home/airflow/.local/lib/python3.10/site-packages/airflow/example_dags/example_xcomargs.py
[2025-02-19T06:05:31.866+0000] {logging_mixin.py:188} INFO - [2025-02-19T06:05:31.866+0000] {dag.py:3036} INFO - Sync 2 DAGs
[2025-02-19T06:05:31.962+0000] {logging_mixin.py:188} INFO - [2025-02-19T06:05:31.961+0000] {dag.py:3823} INFO - Setting next_dagrun for example_xcom_args to None, run_after=None
[2025-02-19T06:05:31.989+0000] {logging_mixin.py:188} INFO - [2025-02-19T06:05:31.988+0000] {dag.py:3823} INFO - Setting next_dagrun for example_xcom_args_with_operators to None, run_after=None
[2025-02-19T06:05:32.163+0000] {processor.py:183} INFO - Processing /home/airflow/.local/lib/python3.10/site-packages/airflow/example_dags/example_xcomargs.py took 0.476 seconds
[2025-02-19T06:07:44.032+0000] {processor.py:161} INFO - Started process (PID=405) to work on /home/airflow/.local/lib/python3.10/site-packages/airflow/example_dags/example_xcomargs.py
[2025-02-19T06:07:44.036+0000] {processor.py:830} INFO - Processing file /home/airflow/.local/lib/python3.10/site-packages/airflow/example_dags/example_xcomargs.py for tasks to queue
[2025-02-19T06:07:44.039+0000] {logging_mixin.py:188} INFO - [2025-02-19T06:07:44.038+0000] {dagbag.py:538} INFO - Filling up the DagBag from /home/airflow/.local/lib/python3.10/site-packages/airflow/example_dags/example_xcomargs.py
[2025-02-19T06:07:44.083+0000] {processor.py:840} INFO - DAG(s) 'example_xcom_args_with_operators', 'example_xcom_args' retrieved from /home/airflow/.local/lib/python3.10/site-packages/airflow/example_dags/example_xcomargs.py
[2025-02-19T06:07:44.173+0000] {logging_mixin.py:188} INFO - [2025-02-19T06:07:44.172+0000] {dag.py:3036} INFO - Sync 2 DAGs
[2025-02-19T06:07:44.223+0000] {logging_mixin.py:188} INFO - [2025-02-19T06:07:44.223+0000] {dag.py:3823} INFO - Setting next_dagrun for example_xcom_args to None, run_after=None
[2025-02-19T06:07:44.241+0000] {logging_mixin.py:188} INFO - [2025-02-19T06:07:44.241+0000] {dag.py:3823} INFO - Setting next_dagrun for example_xcom_args_with_operators to None, run_after=None
[2025-02-19T06:07:44.445+0000] {processor.py:183} INFO - Processing /home/airflow/.local/lib/python3.10/site-packages/airflow/example_dags/example_xcomargs.py took 0.432 seconds
[2025-02-19T06:09:30.687+0000] {processor.py:161} INFO - Started process (PID=468) to work on /home/airflow/.local/lib/python3.10/site-packages/airflow/example_dags/example_xcomargs.py
[2025-02-19T06:09:30.689+0000] {processor.py:830} INFO - Processing file /home/airflow/.local/lib/python3.10/site-packages/airflow/example_dags/example_xcomargs.py for tasks to queue
[2025-02-19T06:09:30.697+0000] {logging_mixin.py:188} INFO - [2025-02-19T06:09:30.693+0000] {dagbag.py:538} INFO - Filling up the DagBag from /home/airflow/.local/lib/python3.10/site-packages/airflow/example_dags/example_xcomargs.py
[2025-02-19T06:09:30.719+0000] {processor.py:840} INFO - DAG(s) 'example_xcom_args', 'example_xcom_args_with_operators' retrieved from /home/airflow/.local/lib/python3.10/site-packages/airflow/example_dags/example_xcomargs.py
[2025-02-19T06:09:30.792+0000] {logging_mixin.py:188} INFO - [2025-02-19T06:09:30.792+0000] {dag.py:3036} INFO - Sync 2 DAGs
[2025-02-19T06:09:30.840+0000] {logging_mixin.py:188} INFO - [2025-02-19T06:09:30.839+0000] {dag.py:3823} INFO - Setting next_dagrun for example_xcom_args to None, run_after=None
[2025-02-19T06:09:30.855+0000] {logging_mixin.py:188} INFO - [2025-02-19T06:09:30.854+0000] {dag.py:3823} INFO - Setting next_dagrun for example_xcom_args_with_operators to None, run_after=None
[2025-02-19T06:09:30.996+0000] {processor.py:183} INFO - Processing /home/airflow/.local/lib/python3.10/site-packages/airflow/example_dags/example_xcomargs.py took 0.315 seconds
[2025-02-19T06:11:16.175+0000] {processor.py:161} INFO - Started process (PID=531) to work on /home/airflow/.local/lib/python3.10/site-packages/airflow/example_dags/example_xcomargs.py
[2025-02-19T06:11:16.179+0000] {processor.py:830} INFO - Processing file /home/airflow/.local/lib/python3.10/site-packages/airflow/example_dags/example_xcomargs.py for tasks to queue
[2025-02-19T06:11:16.183+0000] {logging_mixin.py:188} INFO - [2025-02-19T06:11:16.182+0000] {dagbag.py:538} INFO - Filling up the DagBag from /home/airflow/.local/lib/python3.10/site-packages/airflow/example_dags/example_xcomargs.py
[2025-02-19T06:11:16.212+0000] {processor.py:840} INFO - DAG(s) 'example_xcom_args_with_operators', 'example_xcom_args' retrieved from /home/airflow/.local/lib/python3.10/site-packages/airflow/example_dags/example_xcomargs.py
[2025-02-19T06:11:16.306+0000] {logging_mixin.py:188} INFO - [2025-02-19T06:11:16.305+0000] {dag.py:3036} INFO - Sync 2 DAGs
[2025-02-19T06:11:16.364+0000] {logging_mixin.py:188} INFO - [2025-02-19T06:11:16.363+0000] {dag.py:3823} INFO - Setting next_dagrun for example_xcom_args to None, run_after=None
[2025-02-19T06:11:16.383+0000] {logging_mixin.py:188} INFO - [2025-02-19T06:11:16.382+0000] {dag.py:3823} INFO - Setting next_dagrun for example_xcom_args_with_operators to None, run_after=None
[2025-02-19T06:11:16.566+0000] {processor.py:183} INFO - Processing /home/airflow/.local/lib/python3.10/site-packages/airflow/example_dags/example_xcomargs.py took 0.399 seconds
[2025-02-19T06:13:10.151+0000] {processor.py:161} INFO - Started process (PID=596) to work on /home/airflow/.local/lib/python3.10/site-packages/airflow/example_dags/example_xcomargs.py
[2025-02-19T06:13:10.154+0000] {processor.py:830} INFO - Processing file /home/airflow/.local/lib/python3.10/site-packages/airflow/example_dags/example_xcomargs.py for tasks to queue
[2025-02-19T06:13:10.166+0000] {logging_mixin.py:188} INFO - [2025-02-19T06:13:10.157+0000] {dagbag.py:538} INFO - Filling up the DagBag from /home/airflow/.local/lib/python3.10/site-packages/airflow/example_dags/example_xcomargs.py
[2025-02-19T06:13:10.231+0000] {processor.py:840} INFO - DAG(s) 'example_xcom_args_with_operators', 'example_xcom_args' retrieved from /home/airflow/.local/lib/python3.10/site-packages/airflow/example_dags/example_xcomargs.py
[2025-02-19T06:13:10.395+0000] {logging_mixin.py:188} INFO - [2025-02-19T06:13:10.395+0000] {dag.py:3036} INFO - Sync 2 DAGs
[2025-02-19T06:13:10.470+0000] {logging_mixin.py:188} INFO - [2025-02-19T06:13:10.469+0000] {dag.py:3823} INFO - Setting next_dagrun for example_xcom_args to None, run_after=None
[2025-02-19T06:13:10.497+0000] {logging_mixin.py:188} INFO - [2025-02-19T06:13:10.496+0000] {dag.py:3823} INFO - Setting next_dagrun for example_xcom_args_with_operators to None, run_after=None
[2025-02-19T06:13:10.696+0000] {processor.py:183} INFO - Processing /home/airflow/.local/lib/python3.10/site-packages/airflow/example_dags/example_xcomargs.py took 0.562 seconds
[2025-02-19T06:14:48.423+0000] {processor.py:161} INFO - Started process (PID=657) to work on /home/airflow/.local/lib/python3.10/site-packages/airflow/example_dags/example_xcomargs.py
[2025-02-19T06:14:48.425+0000] {processor.py:830} INFO - Processing file /home/airflow/.local/lib/python3.10/site-packages/airflow/example_dags/example_xcomargs.py for tasks to queue
[2025-02-19T06:14:48.429+0000] {logging_mixin.py:188} INFO - [2025-02-19T06:14:48.427+0000] {dagbag.py:538} INFO - Filling up the DagBag from /home/airflow/.local/lib/python3.10/site-packages/airflow/example_dags/example_xcomargs.py
[2025-02-19T06:14:48.452+0000] {processor.py:840} INFO - DAG(s) 'example_xcom_args_with_operators', 'example_xcom_args' retrieved from /home/airflow/.local/lib/python3.10/site-packages/airflow/example_dags/example_xcomargs.py
[2025-02-19T06:14:48.522+0000] {logging_mixin.py:188} INFO - [2025-02-19T06:14:48.522+0000] {dag.py:3036} INFO - Sync 2 DAGs
[2025-02-19T06:14:48.563+0000] {logging_mixin.py:188} INFO - [2025-02-19T06:14:48.562+0000] {dag.py:3823} INFO - Setting next_dagrun for example_xcom_args to None, run_after=None
[2025-02-19T06:14:48.576+0000] {logging_mixin.py:188} INFO - [2025-02-19T06:14:48.576+0000] {dag.py:3823} INFO - Setting next_dagrun for example_xcom_args_with_operators to None, run_after=None
[2025-02-19T06:14:48.711+0000] {processor.py:183} INFO - Processing /home/airflow/.local/lib/python3.10/site-packages/airflow/example_dags/example_xcomargs.py took 0.298 seconds
[2025-02-19T06:16:20.196+0000] {processor.py:161} INFO - Started process (PID=717) to work on /home/airflow/.local/lib/python3.10/site-packages/airflow/example_dags/example_xcomargs.py
[2025-02-19T06:16:20.200+0000] {processor.py:830} INFO - Processing file /home/airflow/.local/lib/python3.10/site-packages/airflow/example_dags/example_xcomargs.py for tasks to queue
[2025-02-19T06:16:20.213+0000] {logging_mixin.py:188} INFO - [2025-02-19T06:16:20.212+0000] {dagbag.py:538} INFO - Filling up the DagBag from /home/airflow/.local/lib/python3.10/site-packages/airflow/example_dags/example_xcomargs.py
[2025-02-19T06:16:20.291+0000] {processor.py:840} INFO - DAG(s) 'example_xcom_args', 'example_xcom_args_with_operators' retrieved from /home/airflow/.local/lib/python3.10/site-packages/airflow/example_dags/example_xcomargs.py
[2025-02-19T06:16:20.474+0000] {logging_mixin.py:188} INFO - [2025-02-19T06:16:20.473+0000] {dag.py:3036} INFO - Sync 2 DAGs
[2025-02-19T06:16:20.561+0000] {logging_mixin.py:188} INFO - [2025-02-19T06:16:20.561+0000] {dag.py:3823} INFO - Setting next_dagrun for example_xcom_args to None, run_after=None
[2025-02-19T06:16:20.584+0000] {logging_mixin.py:188} INFO - [2025-02-19T06:16:20.583+0000] {dag.py:3823} INFO - Setting next_dagrun for example_xcom_args_with_operators to None, run_after=None
[2025-02-19T06:16:20.918+0000] {processor.py:183} INFO - Processing /home/airflow/.local/lib/python3.10/site-packages/airflow/example_dags/example_xcomargs.py took 0.742 seconds
[2025-02-19T06:18:24.788+0000] {processor.py:161} INFO - Started process (PID=785) to work on /home/airflow/.local/lib/python3.10/site-packages/airflow/example_dags/example_xcomargs.py
[2025-02-19T06:18:24.791+0000] {processor.py:830} INFO - Processing file /home/airflow/.local/lib/python3.10/site-packages/airflow/example_dags/example_xcomargs.py for tasks to queue
[2025-02-19T06:18:24.794+0000] {logging_mixin.py:188} INFO - [2025-02-19T06:18:24.793+0000] {dagbag.py:538} INFO - Filling up the DagBag from /home/airflow/.local/lib/python3.10/site-packages/airflow/example_dags/example_xcomargs.py
[2025-02-19T06:18:24.829+0000] {processor.py:840} INFO - DAG(s) 'example_xcom_args_with_operators', 'example_xcom_args' retrieved from /home/airflow/.local/lib/python3.10/site-packages/airflow/example_dags/example_xcomargs.py
[2025-02-19T06:18:24.918+0000] {logging_mixin.py:188} INFO - [2025-02-19T06:18:24.917+0000] {dag.py:3036} INFO - Sync 2 DAGs
[2025-02-19T06:18:24.982+0000] {logging_mixin.py:188} INFO - [2025-02-19T06:18:24.982+0000] {dag.py:3823} INFO - Setting next_dagrun for example_xcom_args to None, run_after=None
[2025-02-19T06:18:25.000+0000] {logging_mixin.py:188} INFO - [2025-02-19T06:18:24.999+0000] {dag.py:3823} INFO - Setting next_dagrun for example_xcom_args_with_operators to None, run_after=None
[2025-02-19T06:18:25.213+0000] {processor.py:183} INFO - Processing /home/airflow/.local/lib/python3.10/site-packages/airflow/example_dags/example_xcomargs.py took 0.435 seconds
[2025-02-19T06:19:56.192+0000] {processor.py:161} INFO - Started process (PID=844) to work on /home/airflow/.local/lib/python3.10/site-packages/airflow/example_dags/example_xcomargs.py
[2025-02-19T06:19:56.195+0000] {processor.py:830} INFO - Processing file /home/airflow/.local/lib/python3.10/site-packages/airflow/example_dags/example_xcomargs.py for tasks to queue
[2025-02-19T06:19:56.197+0000] {logging_mixin.py:188} INFO - [2025-02-19T06:19:56.197+0000] {dagbag.py:538} INFO - Filling up the DagBag from /home/airflow/.local/lib/python3.10/site-packages/airflow/example_dags/example_xcomargs.py
[2025-02-19T06:19:56.215+0000] {processor.py:840} INFO - DAG(s) 'example_xcom_args', 'example_xcom_args_with_operators' retrieved from /home/airflow/.local/lib/python3.10/site-packages/airflow/example_dags/example_xcomargs.py
[2025-02-19T06:19:56.285+0000] {logging_mixin.py:188} INFO - [2025-02-19T06:19:56.284+0000] {dag.py:3036} INFO - Sync 2 DAGs
[2025-02-19T06:19:56.318+0000] {logging_mixin.py:188} INFO - [2025-02-19T06:19:56.317+0000] {dag.py:3823} INFO - Setting next_dagrun for example_xcom_args to None, run_after=None
[2025-02-19T06:19:56.329+0000] {logging_mixin.py:188} INFO - [2025-02-19T06:19:56.328+0000] {dag.py:3823} INFO - Setting next_dagrun for example_xcom_args_with_operators to None, run_after=None
[2025-02-19T06:19:56.476+0000] {processor.py:183} INFO - Processing /home/airflow/.local/lib/python3.10/site-packages/airflow/example_dags/example_xcomargs.py took 0.289 seconds
[2025-02-19T06:21:41.630+0000] {processor.py:161} INFO - Started process (PID=906) to work on /home/airflow/.local/lib/python3.10/site-packages/airflow/example_dags/example_xcomargs.py
[2025-02-19T06:21:41.638+0000] {processor.py:830} INFO - Processing file /home/airflow/.local/lib/python3.10/site-packages/airflow/example_dags/example_xcomargs.py for tasks to queue
[2025-02-19T06:21:41.644+0000] {logging_mixin.py:188} INFO - [2025-02-19T06:21:41.643+0000] {dagbag.py:538} INFO - Filling up the DagBag from /home/airflow/.local/lib/python3.10/site-packages/airflow/example_dags/example_xcomargs.py
[2025-02-19T06:21:41.677+0000] {processor.py:840} INFO - DAG(s) 'example_xcom_args', 'example_xcom_args_with_operators' retrieved from /home/airflow/.local/lib/python3.10/site-packages/airflow/example_dags/example_xcomargs.py
[2025-02-19T06:21:41.773+0000] {logging_mixin.py:188} INFO - [2025-02-19T06:21:41.772+0000] {dag.py:3036} INFO - Sync 2 DAGs
[2025-02-19T06:21:41.826+0000] {logging_mixin.py:188} INFO - [2025-02-19T06:21:41.825+0000] {dag.py:3823} INFO - Setting next_dagrun for example_xcom_args to None, run_after=None
[2025-02-19T06:21:41.846+0000] {logging_mixin.py:188} INFO - [2025-02-19T06:21:41.846+0000] {dag.py:3823} INFO - Setting next_dagrun for example_xcom_args_with_operators to None, run_after=None
[2025-02-19T06:21:42.004+0000] {processor.py:183} INFO - Processing /home/airflow/.local/lib/python3.10/site-packages/airflow/example_dags/example_xcomargs.py took 0.383 seconds
[2025-02-19T06:23:47.486+0000] {processor.py:161} INFO - Started process (PID=970) to work on /home/airflow/.local/lib/python3.10/site-packages/airflow/example_dags/example_xcomargs.py
[2025-02-19T06:23:47.499+0000] {processor.py:830} INFO - Processing file /home/airflow/.local/lib/python3.10/site-packages/airflow/example_dags/example_xcomargs.py for tasks to queue
[2025-02-19T06:23:47.502+0000] {logging_mixin.py:188} INFO - [2025-02-19T06:23:47.501+0000] {dagbag.py:538} INFO - Filling up the DagBag from /home/airflow/.local/lib/python3.10/site-packages/airflow/example_dags/example_xcomargs.py
[2025-02-19T06:23:47.542+0000] {processor.py:840} INFO - DAG(s) 'example_xcom_args', 'example_xcom_args_with_operators' retrieved from /home/airflow/.local/lib/python3.10/site-packages/airflow/example_dags/example_xcomargs.py
[2025-02-19T06:23:47.685+0000] {logging_mixin.py:188} INFO - [2025-02-19T06:23:47.684+0000] {dag.py:3036} INFO - Sync 2 DAGs
[2025-02-19T06:23:47.779+0000] {logging_mixin.py:188} INFO - [2025-02-19T06:23:47.776+0000] {dag.py:3823} INFO - Setting next_dagrun for example_xcom_args to None, run_after=None
[2025-02-19T06:23:47.803+0000] {logging_mixin.py:188} INFO - [2025-02-19T06:23:47.803+0000] {dag.py:3823} INFO - Setting next_dagrun for example_xcom_args_with_operators to None, run_after=None
[2025-02-19T06:23:47.989+0000] {processor.py:183} INFO - Processing /home/airflow/.local/lib/python3.10/site-packages/airflow/example_dags/example_xcomargs.py took 0.516 seconds
[2025-02-19T06:25:58.910+0000] {processor.py:161} INFO - Started process (PID=1038) to work on /home/airflow/.local/lib/python3.10/site-packages/airflow/example_dags/example_xcomargs.py
[2025-02-19T06:25:58.913+0000] {processor.py:830} INFO - Processing file /home/airflow/.local/lib/python3.10/site-packages/airflow/example_dags/example_xcomargs.py for tasks to queue
[2025-02-19T06:25:58.917+0000] {logging_mixin.py:188} INFO - [2025-02-19T06:25:58.916+0000] {dagbag.py:538} INFO - Filling up the DagBag from /home/airflow/.local/lib/python3.10/site-packages/airflow/example_dags/example_xcomargs.py
[2025-02-19T06:25:58.970+0000] {processor.py:840} INFO - DAG(s) 'example_xcom_args', 'example_xcom_args_with_operators' retrieved from /home/airflow/.local/lib/python3.10/site-packages/airflow/example_dags/example_xcomargs.py
[2025-02-19T06:25:59.097+0000] {logging_mixin.py:188} INFO - [2025-02-19T06:25:59.096+0000] {dag.py:3036} INFO - Sync 2 DAGs
[2025-02-19T06:25:59.165+0000] {logging_mixin.py:188} INFO - [2025-02-19T06:25:59.164+0000] {dag.py:3823} INFO - Setting next_dagrun for example_xcom_args to None, run_after=None
[2025-02-19T06:25:59.181+0000] {logging_mixin.py:188} INFO - [2025-02-19T06:25:59.180+0000] {dag.py:3823} INFO - Setting next_dagrun for example_xcom_args_with_operators to None, run_after=None
[2025-02-19T06:25:59.386+0000] {processor.py:183} INFO - Processing /home/airflow/.local/lib/python3.10/site-packages/airflow/example_dags/example_xcomargs.py took 0.499 seconds
[2025-02-19T06:30:31.096+0000] {processor.py:161} INFO - Started process (PID=53) to work on /home/airflow/.local/lib/python3.10/site-packages/airflow/example_dags/example_xcomargs.py
[2025-02-19T06:30:31.101+0000] {processor.py:830} INFO - Processing file /home/airflow/.local/lib/python3.10/site-packages/airflow/example_dags/example_xcomargs.py for tasks to queue
[2025-02-19T06:30:31.105+0000] {logging_mixin.py:188} INFO - [2025-02-19T06:30:31.103+0000] {dagbag.py:538} INFO - Filling up the DagBag from /home/airflow/.local/lib/python3.10/site-packages/airflow/example_dags/example_xcomargs.py
[2025-02-19T06:30:31.146+0000] {processor.py:840} INFO - DAG(s) 'example_xcom_args', 'example_xcom_args_with_operators' retrieved from /home/airflow/.local/lib/python3.10/site-packages/airflow/example_dags/example_xcomargs.py
[2025-02-19T06:30:31.309+0000] {logging_mixin.py:188} INFO - [2025-02-19T06:30:31.308+0000] {dag.py:3036} INFO - Sync 2 DAGs
[2025-02-19T06:30:31.401+0000] {logging_mixin.py:188} INFO - [2025-02-19T06:30:31.400+0000] {dag.py:3823} INFO - Setting next_dagrun for example_xcom_args to None, run_after=None
[2025-02-19T06:30:31.427+0000] {logging_mixin.py:188} INFO - [2025-02-19T06:30:31.426+0000] {dag.py:3823} INFO - Setting next_dagrun for example_xcom_args_with_operators to None, run_after=None
[2025-02-19T06:30:31.620+0000] {processor.py:183} INFO - Processing /home/airflow/.local/lib/python3.10/site-packages/airflow/example_dags/example_xcomargs.py took 0.544 seconds
[2025-02-19T06:32:05.634+0000] {processor.py:161} INFO - Started process (PID=102) to work on /home/airflow/.local/lib/python3.10/site-packages/airflow/example_dags/example_xcomargs.py
[2025-02-19T06:32:05.640+0000] {processor.py:830} INFO - Processing file /home/airflow/.local/lib/python3.10/site-packages/airflow/example_dags/example_xcomargs.py for tasks to queue
[2025-02-19T06:32:05.644+0000] {logging_mixin.py:188} INFO - [2025-02-19T06:32:05.642+0000] {dagbag.py:538} INFO - Filling up the DagBag from /home/airflow/.local/lib/python3.10/site-packages/airflow/example_dags/example_xcomargs.py
[2025-02-19T06:32:05.725+0000] {processor.py:840} INFO - DAG(s) 'example_xcom_args_with_operators', 'example_xcom_args' retrieved from /home/airflow/.local/lib/python3.10/site-packages/airflow/example_dags/example_xcomargs.py
[2025-02-19T06:32:05.906+0000] {logging_mixin.py:188} INFO - [2025-02-19T06:32:05.899+0000] {dag.py:3036} INFO - Sync 2 DAGs
[2025-02-19T06:32:06.002+0000] {logging_mixin.py:188} INFO - [2025-02-19T06:32:06.002+0000] {dag.py:3823} INFO - Setting next_dagrun for example_xcom_args to None, run_after=None
[2025-02-19T06:32:06.168+0000] {logging_mixin.py:188} INFO - [2025-02-19T06:32:06.168+0000] {dag.py:3823} INFO - Setting next_dagrun for example_xcom_args_with_operators to None, run_after=None
[2025-02-19T06:32:06.505+0000] {processor.py:183} INFO - Processing /home/airflow/.local/lib/python3.10/site-packages/airflow/example_dags/example_xcomargs.py took 0.912 seconds
[2025-02-19T06:34:16.276+0000] {processor.py:161} INFO - Started process (PID=170) to work on /home/airflow/.local/lib/python3.10/site-packages/airflow/example_dags/example_xcomargs.py
[2025-02-19T06:34:16.279+0000] {processor.py:830} INFO - Processing file /home/airflow/.local/lib/python3.10/site-packages/airflow/example_dags/example_xcomargs.py for tasks to queue
[2025-02-19T06:34:16.286+0000] {logging_mixin.py:188} INFO - [2025-02-19T06:34:16.285+0000] {dagbag.py:538} INFO - Filling up the DagBag from /home/airflow/.local/lib/python3.10/site-packages/airflow/example_dags/example_xcomargs.py
[2025-02-19T06:34:16.309+0000] {processor.py:840} INFO - DAG(s) 'example_xcom_args', 'example_xcom_args_with_operators' retrieved from /home/airflow/.local/lib/python3.10/site-packages/airflow/example_dags/example_xcomargs.py
[2025-02-19T06:34:16.392+0000] {logging_mixin.py:188} INFO - [2025-02-19T06:34:16.391+0000] {dag.py:3036} INFO - Sync 2 DAGs
[2025-02-19T06:34:16.427+0000] {logging_mixin.py:188} INFO - [2025-02-19T06:34:16.427+0000] {dag.py:3823} INFO - Setting next_dagrun for example_xcom_args to None, run_after=None
[2025-02-19T06:34:16.440+0000] {logging_mixin.py:188} INFO - [2025-02-19T06:34:16.439+0000] {dag.py:3823} INFO - Setting next_dagrun for example_xcom_args_with_operators to None, run_after=None
[2025-02-19T06:34:16.569+0000] {processor.py:183} INFO - Processing /home/airflow/.local/lib/python3.10/site-packages/airflow/example_dags/example_xcomargs.py took 0.301 seconds
[2025-02-19T06:35:44.850+0000] {processor.py:161} INFO - Started process (PID=229) to work on /home/airflow/.local/lib/python3.10/site-packages/airflow/example_dags/example_xcomargs.py
[2025-02-19T06:35:44.855+0000] {processor.py:830} INFO - Processing file /home/airflow/.local/lib/python3.10/site-packages/airflow/example_dags/example_xcomargs.py for tasks to queue
[2025-02-19T06:35:44.868+0000] {logging_mixin.py:188} INFO - [2025-02-19T06:35:44.867+0000] {dagbag.py:538} INFO - Filling up the DagBag from /home/airflow/.local/lib/python3.10/site-packages/airflow/example_dags/example_xcomargs.py
[2025-02-19T06:35:44.960+0000] {processor.py:840} INFO - DAG(s) 'example_xcom_args_with_operators', 'example_xcom_args' retrieved from /home/airflow/.local/lib/python3.10/site-packages/airflow/example_dags/example_xcomargs.py
[2025-02-19T06:35:45.166+0000] {logging_mixin.py:188} INFO - [2025-02-19T06:35:45.165+0000] {dag.py:3036} INFO - Sync 2 DAGs
[2025-02-19T06:35:45.270+0000] {logging_mixin.py:188} INFO - [2025-02-19T06:35:45.269+0000] {dag.py:3823} INFO - Setting next_dagrun for example_xcom_args to None, run_after=None
[2025-02-19T06:35:45.323+0000] {logging_mixin.py:188} INFO - [2025-02-19T06:35:45.323+0000] {dag.py:3823} INFO - Setting next_dagrun for example_xcom_args_with_operators to None, run_after=None
[2025-02-19T06:35:45.547+0000] {processor.py:183} INFO - Processing /home/airflow/.local/lib/python3.10/site-packages/airflow/example_dags/example_xcomargs.py took 0.719 seconds
[2025-02-19T06:37:43.637+0000] {processor.py:161} INFO - Started process (PID=294) to work on /home/airflow/.local/lib/python3.10/site-packages/airflow/example_dags/example_xcomargs.py
[2025-02-19T06:37:43.639+0000] {processor.py:830} INFO - Processing file /home/airflow/.local/lib/python3.10/site-packages/airflow/example_dags/example_xcomargs.py for tasks to queue
[2025-02-19T06:37:43.642+0000] {logging_mixin.py:188} INFO - [2025-02-19T06:37:43.641+0000] {dagbag.py:538} INFO - Filling up the DagBag from /home/airflow/.local/lib/python3.10/site-packages/airflow/example_dags/example_xcomargs.py
[2025-02-19T06:37:43.665+0000] {processor.py:840} INFO - DAG(s) 'example_xcom_args_with_operators', 'example_xcom_args' retrieved from /home/airflow/.local/lib/python3.10/site-packages/airflow/example_dags/example_xcomargs.py
[2025-02-19T06:37:43.741+0000] {logging_mixin.py:188} INFO - [2025-02-19T06:37:43.740+0000] {dag.py:3036} INFO - Sync 2 DAGs
[2025-02-19T06:37:43.777+0000] {logging_mixin.py:188} INFO - [2025-02-19T06:37:43.777+0000] {dag.py:3823} INFO - Setting next_dagrun for example_xcom_args to None, run_after=None
[2025-02-19T06:37:43.789+0000] {logging_mixin.py:188} INFO - [2025-02-19T06:37:43.789+0000] {dag.py:3823} INFO - Setting next_dagrun for example_xcom_args_with_operators to None, run_after=None
[2025-02-19T06:37:43.902+0000] {processor.py:183} INFO - Processing /home/airflow/.local/lib/python3.10/site-packages/airflow/example_dags/example_xcomargs.py took 0.271 seconds
[2025-02-19T06:39:10.471+0000] {processor.py:161} INFO - Started process (PID=351) to work on /home/airflow/.local/lib/python3.10/site-packages/airflow/example_dags/example_xcomargs.py
[2025-02-19T06:39:10.474+0000] {processor.py:830} INFO - Processing file /home/airflow/.local/lib/python3.10/site-packages/airflow/example_dags/example_xcomargs.py for tasks to queue
[2025-02-19T06:39:10.477+0000] {logging_mixin.py:188} INFO - [2025-02-19T06:39:10.476+0000] {dagbag.py:538} INFO - Filling up the DagBag from /home/airflow/.local/lib/python3.10/site-packages/airflow/example_dags/example_xcomargs.py
[2025-02-19T06:39:10.496+0000] {processor.py:840} INFO - DAG(s) 'example_xcom_args_with_operators', 'example_xcom_args' retrieved from /home/airflow/.local/lib/python3.10/site-packages/airflow/example_dags/example_xcomargs.py
[2025-02-19T06:39:10.555+0000] {logging_mixin.py:188} INFO - [2025-02-19T06:39:10.554+0000] {dag.py:3036} INFO - Sync 2 DAGs
[2025-02-19T06:39:10.586+0000] {logging_mixin.py:188} INFO - [2025-02-19T06:39:10.585+0000] {dag.py:3823} INFO - Setting next_dagrun for example_xcom_args to None, run_after=None
[2025-02-19T06:39:10.602+0000] {logging_mixin.py:188} INFO - [2025-02-19T06:39:10.602+0000] {dag.py:3823} INFO - Setting next_dagrun for example_xcom_args_with_operators to None, run_after=None
[2025-02-19T06:39:10.726+0000] {processor.py:183} INFO - Processing /home/airflow/.local/lib/python3.10/site-packages/airflow/example_dags/example_xcomargs.py took 0.263 seconds
[2025-02-19T06:41:43.260+0000] {processor.py:161} INFO - Started process (PID=420) to work on /home/airflow/.local/lib/python3.10/site-packages/airflow/example_dags/example_xcomargs.py
[2025-02-19T06:41:43.264+0000] {processor.py:830} INFO - Processing file /home/airflow/.local/lib/python3.10/site-packages/airflow/example_dags/example_xcomargs.py for tasks to queue
[2025-02-19T06:41:43.267+0000] {logging_mixin.py:188} INFO - [2025-02-19T06:41:43.266+0000] {dagbag.py:538} INFO - Filling up the DagBag from /home/airflow/.local/lib/python3.10/site-packages/airflow/example_dags/example_xcomargs.py
[2025-02-19T06:41:43.322+0000] {processor.py:840} INFO - DAG(s) 'example_xcom_args', 'example_xcom_args_with_operators' retrieved from /home/airflow/.local/lib/python3.10/site-packages/airflow/example_dags/example_xcomargs.py
[2025-02-19T06:41:43.526+0000] {logging_mixin.py:188} INFO - [2025-02-19T06:41:43.525+0000] {dag.py:3036} INFO - Sync 2 DAGs
[2025-02-19T06:41:43.613+0000] {logging_mixin.py:188} INFO - [2025-02-19T06:41:43.612+0000] {dag.py:3823} INFO - Setting next_dagrun for example_xcom_args to None, run_after=None
[2025-02-19T06:41:43.632+0000] {logging_mixin.py:188} INFO - [2025-02-19T06:41:43.632+0000] {dag.py:3823} INFO - Setting next_dagrun for example_xcom_args_with_operators to None, run_after=None
[2025-02-19T06:41:43.852+0000] {processor.py:183} INFO - Processing /home/airflow/.local/lib/python3.10/site-packages/airflow/example_dags/example_xcomargs.py took 0.611 seconds
[2025-02-19T06:43:52.843+0000] {processor.py:161} INFO - Started process (PID=53) to work on /home/airflow/.local/lib/python3.10/site-packages/airflow/example_dags/example_xcomargs.py
[2025-02-19T06:43:52.845+0000] {processor.py:830} INFO - Processing file /home/airflow/.local/lib/python3.10/site-packages/airflow/example_dags/example_xcomargs.py for tasks to queue
[2025-02-19T06:43:52.847+0000] {logging_mixin.py:188} INFO - [2025-02-19T06:43:52.847+0000] {dagbag.py:538} INFO - Filling up the DagBag from /home/airflow/.local/lib/python3.10/site-packages/airflow/example_dags/example_xcomargs.py
[2025-02-19T06:43:52.867+0000] {processor.py:840} INFO - DAG(s) 'example_xcom_args', 'example_xcom_args_with_operators' retrieved from /home/airflow/.local/lib/python3.10/site-packages/airflow/example_dags/example_xcomargs.py
[2025-02-19T06:43:52.928+0000] {logging_mixin.py:188} INFO - [2025-02-19T06:43:52.928+0000] {dag.py:3036} INFO - Sync 2 DAGs
[2025-02-19T06:43:52.958+0000] {logging_mixin.py:188} INFO - [2025-02-19T06:43:52.957+0000] {dag.py:3823} INFO - Setting next_dagrun for example_xcom_args to None, run_after=None
[2025-02-19T06:43:52.966+0000] {logging_mixin.py:188} INFO - [2025-02-19T06:43:52.966+0000] {dag.py:3823} INFO - Setting next_dagrun for example_xcom_args_with_operators to None, run_after=None
[2025-02-19T06:43:53.169+0000] {processor.py:183} INFO - Processing /home/airflow/.local/lib/python3.10/site-packages/airflow/example_dags/example_xcomargs.py took 0.331 seconds
[2025-02-19T06:45:16.204+0000] {processor.py:161} INFO - Started process (PID=102) to work on /home/airflow/.local/lib/python3.10/site-packages/airflow/example_dags/example_xcomargs.py
[2025-02-19T06:45:16.207+0000] {processor.py:830} INFO - Processing file /home/airflow/.local/lib/python3.10/site-packages/airflow/example_dags/example_xcomargs.py for tasks to queue
[2025-02-19T06:45:16.210+0000] {logging_mixin.py:188} INFO - [2025-02-19T06:45:16.209+0000] {dagbag.py:538} INFO - Filling up the DagBag from /home/airflow/.local/lib/python3.10/site-packages/airflow/example_dags/example_xcomargs.py
[2025-02-19T06:45:16.249+0000] {processor.py:840} INFO - DAG(s) 'example_xcom_args', 'example_xcom_args_with_operators' retrieved from /home/airflow/.local/lib/python3.10/site-packages/airflow/example_dags/example_xcomargs.py
[2025-02-19T06:45:16.370+0000] {logging_mixin.py:188} INFO - [2025-02-19T06:45:16.370+0000] {dag.py:3036} INFO - Sync 2 DAGs
[2025-02-19T06:45:16.437+0000] {logging_mixin.py:188} INFO - [2025-02-19T06:45:16.437+0000] {dag.py:3823} INFO - Setting next_dagrun for example_xcom_args to None, run_after=None
[2025-02-19T06:45:16.467+0000] {logging_mixin.py:188} INFO - [2025-02-19T06:45:16.467+0000] {dag.py:3823} INFO - Setting next_dagrun for example_xcom_args_with_operators to None, run_after=None
[2025-02-19T06:45:16.610+0000] {processor.py:183} INFO - Processing /home/airflow/.local/lib/python3.10/site-packages/airflow/example_dags/example_xcomargs.py took 0.421 seconds
[2025-02-19T06:46:59.540+0000] {processor.py:161} INFO - Started process (PID=165) to work on /home/airflow/.local/lib/python3.10/site-packages/airflow/example_dags/example_xcomargs.py
[2025-02-19T06:46:59.546+0000] {processor.py:830} INFO - Processing file /home/airflow/.local/lib/python3.10/site-packages/airflow/example_dags/example_xcomargs.py for tasks to queue
[2025-02-19T06:46:59.555+0000] {logging_mixin.py:188} INFO - [2025-02-19T06:46:59.554+0000] {dagbag.py:538} INFO - Filling up the DagBag from /home/airflow/.local/lib/python3.10/site-packages/airflow/example_dags/example_xcomargs.py
[2025-02-19T06:46:59.614+0000] {processor.py:840} INFO - DAG(s) 'example_xcom_args_with_operators', 'example_xcom_args' retrieved from /home/airflow/.local/lib/python3.10/site-packages/airflow/example_dags/example_xcomargs.py
[2025-02-19T06:46:59.796+0000] {logging_mixin.py:188} INFO - [2025-02-19T06:46:59.795+0000] {dag.py:3036} INFO - Sync 2 DAGs
[2025-02-19T06:46:59.897+0000] {logging_mixin.py:188} INFO - [2025-02-19T06:46:59.896+0000] {dag.py:3823} INFO - Setting next_dagrun for example_xcom_args to None, run_after=None
[2025-02-19T06:46:59.929+0000] {logging_mixin.py:188} INFO - [2025-02-19T06:46:59.929+0000] {dag.py:3823} INFO - Setting next_dagrun for example_xcom_args_with_operators to None, run_after=None
[2025-02-19T06:47:00.136+0000] {processor.py:183} INFO - Processing /home/airflow/.local/lib/python3.10/site-packages/airflow/example_dags/example_xcomargs.py took 0.615 seconds
[2025-02-19T06:48:43.096+0000] {processor.py:161} INFO - Started process (PID=226) to work on /home/airflow/.local/lib/python3.10/site-packages/airflow/example_dags/example_xcomargs.py
[2025-02-19T06:48:43.099+0000] {processor.py:830} INFO - Processing file /home/airflow/.local/lib/python3.10/site-packages/airflow/example_dags/example_xcomargs.py for tasks to queue
[2025-02-19T06:48:43.101+0000] {logging_mixin.py:188} INFO - [2025-02-19T06:48:43.100+0000] {dagbag.py:538} INFO - Filling up the DagBag from /home/airflow/.local/lib/python3.10/site-packages/airflow/example_dags/example_xcomargs.py
[2025-02-19T06:48:43.120+0000] {processor.py:840} INFO - DAG(s) 'example_xcom_args', 'example_xcom_args_with_operators' retrieved from /home/airflow/.local/lib/python3.10/site-packages/airflow/example_dags/example_xcomargs.py
[2025-02-19T06:48:43.197+0000] {logging_mixin.py:188} INFO - [2025-02-19T06:48:43.197+0000] {dag.py:3036} INFO - Sync 2 DAGs
[2025-02-19T06:48:43.232+0000] {logging_mixin.py:188} INFO - [2025-02-19T06:48:43.231+0000] {dag.py:3823} INFO - Setting next_dagrun for example_xcom_args to None, run_after=None
[2025-02-19T06:48:43.243+0000] {logging_mixin.py:188} INFO - [2025-02-19T06:48:43.242+0000] {dag.py:3823} INFO - Setting next_dagrun for example_xcom_args_with_operators to None, run_after=None
[2025-02-19T06:48:43.393+0000] {processor.py:183} INFO - Processing /home/airflow/.local/lib/python3.10/site-packages/airflow/example_dags/example_xcomargs.py took 0.303 seconds
[2025-02-19T06:50:28.529+0000] {processor.py:161} INFO - Started process (PID=287) to work on /home/airflow/.local/lib/python3.10/site-packages/airflow/example_dags/example_xcomargs.py
[2025-02-19T06:50:28.532+0000] {processor.py:830} INFO - Processing file /home/airflow/.local/lib/python3.10/site-packages/airflow/example_dags/example_xcomargs.py for tasks to queue
[2025-02-19T06:50:28.534+0000] {logging_mixin.py:188} INFO - [2025-02-19T06:50:28.533+0000] {dagbag.py:538} INFO - Filling up the DagBag from /home/airflow/.local/lib/python3.10/site-packages/airflow/example_dags/example_xcomargs.py
[2025-02-19T06:50:28.551+0000] {processor.py:840} INFO - DAG(s) 'example_xcom_args_with_operators', 'example_xcom_args' retrieved from /home/airflow/.local/lib/python3.10/site-packages/airflow/example_dags/example_xcomargs.py
[2025-02-19T06:50:28.655+0000] {logging_mixin.py:188} INFO - [2025-02-19T06:50:28.654+0000] {dag.py:3036} INFO - Sync 2 DAGs
[2025-02-19T06:50:28.708+0000] {logging_mixin.py:188} INFO - [2025-02-19T06:50:28.707+0000] {dag.py:3823} INFO - Setting next_dagrun for example_xcom_args to None, run_after=None
[2025-02-19T06:50:28.725+0000] {logging_mixin.py:188} INFO - [2025-02-19T06:50:28.724+0000] {dag.py:3823} INFO - Setting next_dagrun for example_xcom_args_with_operators to None, run_after=None
[2025-02-19T06:50:28.902+0000] {processor.py:183} INFO - Processing /home/airflow/.local/lib/python3.10/site-packages/airflow/example_dags/example_xcomargs.py took 0.379 seconds
[2025-02-19T06:52:10.621+0000] {processor.py:161} INFO - Started process (PID=349) to work on /home/airflow/.local/lib/python3.10/site-packages/airflow/example_dags/example_xcomargs.py
[2025-02-19T06:52:10.623+0000] {processor.py:830} INFO - Processing file /home/airflow/.local/lib/python3.10/site-packages/airflow/example_dags/example_xcomargs.py for tasks to queue
[2025-02-19T06:52:10.628+0000] {logging_mixin.py:188} INFO - [2025-02-19T06:52:10.627+0000] {dagbag.py:538} INFO - Filling up the DagBag from /home/airflow/.local/lib/python3.10/site-packages/airflow/example_dags/example_xcomargs.py
[2025-02-19T06:52:10.673+0000] {processor.py:840} INFO - DAG(s) 'example_xcom_args', 'example_xcom_args_with_operators' retrieved from /home/airflow/.local/lib/python3.10/site-packages/airflow/example_dags/example_xcomargs.py
[2025-02-19T06:52:10.810+0000] {logging_mixin.py:188} INFO - [2025-02-19T06:52:10.809+0000] {dag.py:3036} INFO - Sync 2 DAGs
[2025-02-19T06:52:10.911+0000] {logging_mixin.py:188} INFO - [2025-02-19T06:52:10.910+0000] {dag.py:3823} INFO - Setting next_dagrun for example_xcom_args to None, run_after=None
[2025-02-19T06:52:10.938+0000] {logging_mixin.py:188} INFO - [2025-02-19T06:52:10.937+0000] {dag.py:3823} INFO - Setting next_dagrun for example_xcom_args_with_operators to None, run_after=None
[2025-02-19T06:52:11.203+0000] {processor.py:183} INFO - Processing /home/airflow/.local/lib/python3.10/site-packages/airflow/example_dags/example_xcomargs.py took 0.598 seconds
[2025-02-19T06:53:51.377+0000] {processor.py:161} INFO - Started process (PID=411) to work on /home/airflow/.local/lib/python3.10/site-packages/airflow/example_dags/example_xcomargs.py
[2025-02-19T06:53:51.380+0000] {processor.py:830} INFO - Processing file /home/airflow/.local/lib/python3.10/site-packages/airflow/example_dags/example_xcomargs.py for tasks to queue
[2025-02-19T06:53:51.383+0000] {logging_mixin.py:188} INFO - [2025-02-19T06:53:51.382+0000] {dagbag.py:538} INFO - Filling up the DagBag from /home/airflow/.local/lib/python3.10/site-packages/airflow/example_dags/example_xcomargs.py
[2025-02-19T06:53:51.403+0000] {processor.py:840} INFO - DAG(s) 'example_xcom_args', 'example_xcom_args_with_operators' retrieved from /home/airflow/.local/lib/python3.10/site-packages/airflow/example_dags/example_xcomargs.py
[2025-02-19T06:53:51.462+0000] {logging_mixin.py:188} INFO - [2025-02-19T06:53:51.462+0000] {dag.py:3036} INFO - Sync 2 DAGs
[2025-02-19T06:53:51.490+0000] {logging_mixin.py:188} INFO - [2025-02-19T06:53:51.490+0000] {dag.py:3823} INFO - Setting next_dagrun for example_xcom_args to None, run_after=None
[2025-02-19T06:53:51.499+0000] {logging_mixin.py:188} INFO - [2025-02-19T06:53:51.499+0000] {dag.py:3823} INFO - Setting next_dagrun for example_xcom_args_with_operators to None, run_after=None
[2025-02-19T06:53:51.620+0000] {processor.py:183} INFO - Processing /home/airflow/.local/lib/python3.10/site-packages/airflow/example_dags/example_xcomargs.py took 0.247 seconds
[2025-02-19T06:55:14.180+0000] {processor.py:161} INFO - Started process (PID=469) to work on /home/airflow/.local/lib/python3.10/site-packages/airflow/example_dags/example_xcomargs.py
[2025-02-19T06:55:14.183+0000] {processor.py:830} INFO - Processing file /home/airflow/.local/lib/python3.10/site-packages/airflow/example_dags/example_xcomargs.py for tasks to queue
[2025-02-19T06:55:14.186+0000] {logging_mixin.py:188} INFO - [2025-02-19T06:55:14.185+0000] {dagbag.py:538} INFO - Filling up the DagBag from /home/airflow/.local/lib/python3.10/site-packages/airflow/example_dags/example_xcomargs.py
[2025-02-19T06:55:14.221+0000] {processor.py:840} INFO - DAG(s) 'example_xcom_args_with_operators', 'example_xcom_args' retrieved from /home/airflow/.local/lib/python3.10/site-packages/airflow/example_dags/example_xcomargs.py
[2025-02-19T06:55:14.328+0000] {logging_mixin.py:188} INFO - [2025-02-19T06:55:14.327+0000] {dag.py:3036} INFO - Sync 2 DAGs
[2025-02-19T06:55:14.361+0000] {logging_mixin.py:188} INFO - [2025-02-19T06:55:14.361+0000] {dag.py:3823} INFO - Setting next_dagrun for example_xcom_args to None, run_after=None
[2025-02-19T06:55:14.373+0000] {logging_mixin.py:188} INFO - [2025-02-19T06:55:14.372+0000] {dag.py:3823} INFO - Setting next_dagrun for example_xcom_args_with_operators to None, run_after=None
[2025-02-19T06:55:14.534+0000] {processor.py:183} INFO - Processing /home/airflow/.local/lib/python3.10/site-packages/airflow/example_dags/example_xcomargs.py took 0.367 seconds
[2025-02-19T06:56:38.693+0000] {processor.py:161} INFO - Started process (PID=525) to work on /home/airflow/.local/lib/python3.10/site-packages/airflow/example_dags/example_xcomargs.py
[2025-02-19T06:56:38.696+0000] {processor.py:830} INFO - Processing file /home/airflow/.local/lib/python3.10/site-packages/airflow/example_dags/example_xcomargs.py for tasks to queue
[2025-02-19T06:56:38.698+0000] {logging_mixin.py:188} INFO - [2025-02-19T06:56:38.697+0000] {dagbag.py:538} INFO - Filling up the DagBag from /home/airflow/.local/lib/python3.10/site-packages/airflow/example_dags/example_xcomargs.py
[2025-02-19T06:56:38.722+0000] {processor.py:840} INFO - DAG(s) 'example_xcom_args', 'example_xcom_args_with_operators' retrieved from /home/airflow/.local/lib/python3.10/site-packages/airflow/example_dags/example_xcomargs.py
[2025-02-19T06:56:38.785+0000] {logging_mixin.py:188} INFO - [2025-02-19T06:56:38.785+0000] {dag.py:3036} INFO - Sync 2 DAGs
[2025-02-19T06:56:38.816+0000] {logging_mixin.py:188} INFO - [2025-02-19T06:56:38.815+0000] {dag.py:3823} INFO - Setting next_dagrun for example_xcom_args to None, run_after=None
[2025-02-19T06:56:38.826+0000] {logging_mixin.py:188} INFO - [2025-02-19T06:56:38.825+0000] {dag.py:3823} INFO - Setting next_dagrun for example_xcom_args_with_operators to None, run_after=None
[2025-02-19T06:56:38.972+0000] {processor.py:183} INFO - Processing /home/airflow/.local/lib/python3.10/site-packages/airflow/example_dags/example_xcomargs.py took 0.285 seconds
[2025-02-19T06:58:18.473+0000] {processor.py:161} INFO - Started process (PID=586) to work on /home/airflow/.local/lib/python3.10/site-packages/airflow/example_dags/example_xcomargs.py
[2025-02-19T06:58:18.475+0000] {processor.py:830} INFO - Processing file /home/airflow/.local/lib/python3.10/site-packages/airflow/example_dags/example_xcomargs.py for tasks to queue
[2025-02-19T06:58:18.477+0000] {logging_mixin.py:188} INFO - [2025-02-19T06:58:18.477+0000] {dagbag.py:538} INFO - Filling up the DagBag from /home/airflow/.local/lib/python3.10/site-packages/airflow/example_dags/example_xcomargs.py
[2025-02-19T06:58:18.498+0000] {processor.py:840} INFO - DAG(s) 'example_xcom_args_with_operators', 'example_xcom_args' retrieved from /home/airflow/.local/lib/python3.10/site-packages/airflow/example_dags/example_xcomargs.py
[2025-02-19T06:58:18.559+0000] {logging_mixin.py:188} INFO - [2025-02-19T06:58:18.559+0000] {dag.py:3036} INFO - Sync 2 DAGs
[2025-02-19T06:58:18.583+0000] {logging_mixin.py:188} INFO - [2025-02-19T06:58:18.583+0000] {dag.py:3823} INFO - Setting next_dagrun for example_xcom_args to None, run_after=None
[2025-02-19T06:58:18.591+0000] {logging_mixin.py:188} INFO - [2025-02-19T06:58:18.591+0000] {dag.py:3823} INFO - Setting next_dagrun for example_xcom_args_with_operators to None, run_after=None
[2025-02-19T06:58:18.688+0000] {processor.py:183} INFO - Processing /home/airflow/.local/lib/python3.10/site-packages/airflow/example_dags/example_xcomargs.py took 0.220 seconds
[2025-02-19T06:59:55.814+0000] {processor.py:161} INFO - Started process (PID=645) to work on /home/airflow/.local/lib/python3.10/site-packages/airflow/example_dags/example_xcomargs.py
[2025-02-19T06:59:55.816+0000] {processor.py:830} INFO - Processing file /home/airflow/.local/lib/python3.10/site-packages/airflow/example_dags/example_xcomargs.py for tasks to queue
[2025-02-19T06:59:55.818+0000] {logging_mixin.py:188} INFO - [2025-02-19T06:59:55.818+0000] {dagbag.py:538} INFO - Filling up the DagBag from /home/airflow/.local/lib/python3.10/site-packages/airflow/example_dags/example_xcomargs.py
[2025-02-19T06:59:55.836+0000] {processor.py:840} INFO - DAG(s) 'example_xcom_args', 'example_xcom_args_with_operators' retrieved from /home/airflow/.local/lib/python3.10/site-packages/airflow/example_dags/example_xcomargs.py
[2025-02-19T06:59:55.911+0000] {logging_mixin.py:188} INFO - [2025-02-19T06:59:55.910+0000] {dag.py:3036} INFO - Sync 2 DAGs
[2025-02-19T06:59:55.963+0000] {logging_mixin.py:188} INFO - [2025-02-19T06:59:55.962+0000] {dag.py:3823} INFO - Setting next_dagrun for example_xcom_args to None, run_after=None
[2025-02-19T06:59:55.988+0000] {logging_mixin.py:188} INFO - [2025-02-19T06:59:55.988+0000] {dag.py:3823} INFO - Setting next_dagrun for example_xcom_args_with_operators to None, run_after=None
[2025-02-19T06:59:56.141+0000] {processor.py:183} INFO - Processing /home/airflow/.local/lib/python3.10/site-packages/airflow/example_dags/example_xcomargs.py took 0.334 seconds
[2025-02-19T07:01:37.817+0000] {processor.py:161} INFO - Started process (PID=709) to work on /home/airflow/.local/lib/python3.10/site-packages/airflow/example_dags/example_xcomargs.py
[2025-02-19T07:01:37.820+0000] {processor.py:830} INFO - Processing file /home/airflow/.local/lib/python3.10/site-packages/airflow/example_dags/example_xcomargs.py for tasks to queue
[2025-02-19T07:01:37.826+0000] {logging_mixin.py:188} INFO - [2025-02-19T07:01:37.824+0000] {dagbag.py:538} INFO - Filling up the DagBag from /home/airflow/.local/lib/python3.10/site-packages/airflow/example_dags/example_xcomargs.py
[2025-02-19T07:01:37.856+0000] {processor.py:840} INFO - DAG(s) 'example_xcom_args', 'example_xcom_args_with_operators' retrieved from /home/airflow/.local/lib/python3.10/site-packages/airflow/example_dags/example_xcomargs.py
[2025-02-19T07:01:37.937+0000] {logging_mixin.py:188} INFO - [2025-02-19T07:01:37.936+0000] {dag.py:3036} INFO - Sync 2 DAGs
[2025-02-19T07:01:37.977+0000] {logging_mixin.py:188} INFO - [2025-02-19T07:01:37.976+0000] {dag.py:3823} INFO - Setting next_dagrun for example_xcom_args to None, run_after=None
[2025-02-19T07:01:37.990+0000] {logging_mixin.py:188} INFO - [2025-02-19T07:01:37.989+0000] {dag.py:3823} INFO - Setting next_dagrun for example_xcom_args_with_operators to None, run_after=None
[2025-02-19T07:01:38.183+0000] {processor.py:183} INFO - Processing /home/airflow/.local/lib/python3.10/site-packages/airflow/example_dags/example_xcomargs.py took 0.373 seconds
[2025-02-19T07:03:17.292+0000] {processor.py:161} INFO - Started process (PID=771) to work on /home/airflow/.local/lib/python3.10/site-packages/airflow/example_dags/example_xcomargs.py
[2025-02-19T07:03:17.294+0000] {processor.py:830} INFO - Processing file /home/airflow/.local/lib/python3.10/site-packages/airflow/example_dags/example_xcomargs.py for tasks to queue
[2025-02-19T07:03:17.298+0000] {logging_mixin.py:188} INFO - [2025-02-19T07:03:17.296+0000] {dagbag.py:538} INFO - Filling up the DagBag from /home/airflow/.local/lib/python3.10/site-packages/airflow/example_dags/example_xcomargs.py
[2025-02-19T07:03:17.324+0000] {processor.py:840} INFO - DAG(s) 'example_xcom_args', 'example_xcom_args_with_operators' retrieved from /home/airflow/.local/lib/python3.10/site-packages/airflow/example_dags/example_xcomargs.py
[2025-02-19T07:03:17.395+0000] {logging_mixin.py:188} INFO - [2025-02-19T07:03:17.394+0000] {dag.py:3036} INFO - Sync 2 DAGs
[2025-02-19T07:03:17.431+0000] {logging_mixin.py:188} INFO - [2025-02-19T07:03:17.430+0000] {dag.py:3823} INFO - Setting next_dagrun for example_xcom_args to None, run_after=None
[2025-02-19T07:03:17.447+0000] {logging_mixin.py:188} INFO - [2025-02-19T07:03:17.447+0000] {dag.py:3823} INFO - Setting next_dagrun for example_xcom_args_with_operators to None, run_after=None
[2025-02-19T07:03:17.625+0000] {processor.py:183} INFO - Processing /home/airflow/.local/lib/python3.10/site-packages/airflow/example_dags/example_xcomargs.py took 0.342 seconds
[2025-02-19T07:05:44.593+0000] {processor.py:161} INFO - Started process (PID=831) to work on /home/airflow/.local/lib/python3.10/site-packages/airflow/example_dags/example_xcomargs.py
[2025-02-19T07:05:44.620+0000] {processor.py:830} INFO - Processing file /home/airflow/.local/lib/python3.10/site-packages/airflow/example_dags/example_xcomargs.py for tasks to queue
[2025-02-19T07:05:44.641+0000] {logging_mixin.py:188} INFO - [2025-02-19T07:05:44.640+0000] {dagbag.py:538} INFO - Filling up the DagBag from /home/airflow/.local/lib/python3.10/site-packages/airflow/example_dags/example_xcomargs.py
[2025-02-19T07:05:44.756+0000] {processor.py:840} INFO - DAG(s) 'example_xcom_args', 'example_xcom_args_with_operators' retrieved from /home/airflow/.local/lib/python3.10/site-packages/airflow/example_dags/example_xcomargs.py
[2025-02-19T07:05:45.050+0000] {logging_mixin.py:188} INFO - [2025-02-19T07:05:45.049+0000] {dag.py:3036} INFO - Sync 2 DAGs
[2025-02-19T07:05:45.185+0000] {logging_mixin.py:188} INFO - [2025-02-19T07:05:45.184+0000] {dag.py:3823} INFO - Setting next_dagrun for example_xcom_args to None, run_after=None
[2025-02-19T07:05:45.223+0000] {logging_mixin.py:188} INFO - [2025-02-19T07:05:45.222+0000] {dag.py:3823} INFO - Setting next_dagrun for example_xcom_args_with_operators to None, run_after=None
[2025-02-19T07:05:45.603+0000] {processor.py:183} INFO - Processing /home/airflow/.local/lib/python3.10/site-packages/airflow/example_dags/example_xcomargs.py took 1.029 seconds
