[2025-02-19T05:55:34.373+0000] {processor.py:161} INFO - Started process (PID=40) to work on /home/airflow/.local/lib/python3.10/site-packages/airflow/example_dags/example_python_decorator.py
[2025-02-19T05:55:34.380+0000] {processor.py:830} INFO - Processing file /home/airflow/.local/lib/python3.10/site-packages/airflow/example_dags/example_python_decorator.py for tasks to queue
[2025-02-19T05:55:34.384+0000] {logging_mixin.py:188} INFO - [2025-02-19T05:55:34.383+0000] {dagbag.py:538} INFO - Filling up the DagBag from /home/airflow/.local/lib/python3.10/site-packages/airflow/example_dags/example_python_decorator.py
[2025-02-19T05:55:34.461+0000] {processor.py:840} INFO - DAG(s) 'example_python_decorator' retrieved from /home/airflow/.local/lib/python3.10/site-packages/airflow/example_dags/example_python_decorator.py
[2025-02-19T05:55:35.286+0000] {logging_mixin.py:188} INFO - [2025-02-19T05:55:35.285+0000] {dag.py:3036} INFO - Sync 1 DAGs
[2025-02-19T05:55:35.400+0000] {logging_mixin.py:188} INFO - [2025-02-19T05:55:35.399+0000] {dag.py:3823} INFO - Setting next_dagrun for example_python_decorator to None, run_after=None
[2025-02-19T05:55:35.818+0000] {processor.py:183} INFO - Processing /home/airflow/.local/lib/python3.10/site-packages/airflow/example_dags/example_python_decorator.py took 1.461 seconds
[2025-02-19T05:58:06.022+0000] {processor.py:161} INFO - Started process (PID=89) to work on /home/airflow/.local/lib/python3.10/site-packages/airflow/example_dags/example_python_decorator.py
[2025-02-19T05:58:06.027+0000] {processor.py:830} INFO - Processing file /home/airflow/.local/lib/python3.10/site-packages/airflow/example_dags/example_python_decorator.py for tasks to queue
[2025-02-19T05:58:06.031+0000] {logging_mixin.py:188} INFO - [2025-02-19T05:58:06.029+0000] {dagbag.py:538} INFO - Filling up the DagBag from /home/airflow/.local/lib/python3.10/site-packages/airflow/example_dags/example_python_decorator.py
[2025-02-19T05:58:06.091+0000] {processor.py:840} INFO - DAG(s) 'example_python_decorator' retrieved from /home/airflow/.local/lib/python3.10/site-packages/airflow/example_dags/example_python_decorator.py
[2025-02-19T05:58:06.210+0000] {logging_mixin.py:188} INFO - [2025-02-19T05:58:06.209+0000] {dag.py:3036} INFO - Sync 1 DAGs
[2025-02-19T05:58:06.260+0000] {logging_mixin.py:188} INFO - [2025-02-19T05:58:06.259+0000] {dag.py:3823} INFO - Setting next_dagrun for example_python_decorator to None, run_after=None
[2025-02-19T05:58:06.428+0000] {processor.py:183} INFO - Processing /home/airflow/.local/lib/python3.10/site-packages/airflow/example_dags/example_python_decorator.py took 0.422 seconds
[2025-02-19T05:59:35.984+0000] {processor.py:161} INFO - Started process (PID=135) to work on /home/airflow/.local/lib/python3.10/site-packages/airflow/example_dags/example_python_decorator.py
[2025-02-19T05:59:35.987+0000] {processor.py:830} INFO - Processing file /home/airflow/.local/lib/python3.10/site-packages/airflow/example_dags/example_python_decorator.py for tasks to queue
[2025-02-19T05:59:35.991+0000] {logging_mixin.py:188} INFO - [2025-02-19T05:59:35.990+0000] {dagbag.py:538} INFO - Filling up the DagBag from /home/airflow/.local/lib/python3.10/site-packages/airflow/example_dags/example_python_decorator.py
[2025-02-19T05:59:36.049+0000] {processor.py:840} INFO - DAG(s) 'example_python_decorator' retrieved from /home/airflow/.local/lib/python3.10/site-packages/airflow/example_dags/example_python_decorator.py
[2025-02-19T05:59:36.145+0000] {logging_mixin.py:188} INFO - [2025-02-19T05:59:36.144+0000] {dag.py:3036} INFO - Sync 1 DAGs
[2025-02-19T05:59:36.223+0000] {logging_mixin.py:188} INFO - [2025-02-19T05:59:36.222+0000] {dag.py:3823} INFO - Setting next_dagrun for example_python_decorator to None, run_after=None
[2025-02-19T05:59:36.462+0000] {processor.py:183} INFO - Processing /home/airflow/.local/lib/python3.10/site-packages/airflow/example_dags/example_python_decorator.py took 0.495 seconds
[2025-02-19T06:00:36.539+0000] {processor.py:161} INFO - Started process (PID=167) to work on /home/airflow/.local/lib/python3.10/site-packages/airflow/example_dags/example_python_decorator.py
[2025-02-19T06:00:36.543+0000] {processor.py:830} INFO - Processing file /home/airflow/.local/lib/python3.10/site-packages/airflow/example_dags/example_python_decorator.py for tasks to queue
[2025-02-19T06:00:36.547+0000] {logging_mixin.py:188} INFO - [2025-02-19T06:00:36.546+0000] {dagbag.py:538} INFO - Filling up the DagBag from /home/airflow/.local/lib/python3.10/site-packages/airflow/example_dags/example_python_decorator.py
[2025-02-19T06:00:36.645+0000] {processor.py:840} INFO - DAG(s) 'example_python_decorator' retrieved from /home/airflow/.local/lib/python3.10/site-packages/airflow/example_dags/example_python_decorator.py
[2025-02-19T06:00:36.805+0000] {logging_mixin.py:188} INFO - [2025-02-19T06:00:36.804+0000] {dag.py:3036} INFO - Sync 1 DAGs
[2025-02-19T06:00:36.977+0000] {logging_mixin.py:188} INFO - [2025-02-19T06:00:36.976+0000] {dag.py:3823} INFO - Setting next_dagrun for example_python_decorator to None, run_after=None
[2025-02-19T06:00:37.177+0000] {processor.py:183} INFO - Processing /home/airflow/.local/lib/python3.10/site-packages/airflow/example_dags/example_python_decorator.py took 0.647 seconds
[2025-02-19T06:01:35.072+0000] {processor.py:161} INFO - Started process (PID=201) to work on /home/airflow/.local/lib/python3.10/site-packages/airflow/example_dags/example_python_decorator.py
[2025-02-19T06:01:35.078+0000] {processor.py:830} INFO - Processing file /home/airflow/.local/lib/python3.10/site-packages/airflow/example_dags/example_python_decorator.py for tasks to queue
[2025-02-19T06:01:35.084+0000] {logging_mixin.py:188} INFO - [2025-02-19T06:01:35.083+0000] {dagbag.py:538} INFO - Filling up the DagBag from /home/airflow/.local/lib/python3.10/site-packages/airflow/example_dags/example_python_decorator.py
[2025-02-19T06:01:35.149+0000] {processor.py:840} INFO - DAG(s) 'example_python_decorator' retrieved from /home/airflow/.local/lib/python3.10/site-packages/airflow/example_dags/example_python_decorator.py
[2025-02-19T06:01:35.260+0000] {logging_mixin.py:188} INFO - [2025-02-19T06:01:35.259+0000] {dag.py:3036} INFO - Sync 1 DAGs
[2025-02-19T06:01:35.351+0000] {logging_mixin.py:188} INFO - [2025-02-19T06:01:35.350+0000] {dag.py:3823} INFO - Setting next_dagrun for example_python_decorator to None, run_after=None
[2025-02-19T06:01:35.557+0000] {processor.py:183} INFO - Processing /home/airflow/.local/lib/python3.10/site-packages/airflow/example_dags/example_python_decorator.py took 0.491 seconds
[2025-02-19T06:02:34.603+0000] {processor.py:161} INFO - Started process (PID=233) to work on /home/airflow/.local/lib/python3.10/site-packages/airflow/example_dags/example_python_decorator.py
[2025-02-19T06:02:34.606+0000] {processor.py:830} INFO - Processing file /home/airflow/.local/lib/python3.10/site-packages/airflow/example_dags/example_python_decorator.py for tasks to queue
[2025-02-19T06:02:34.611+0000] {logging_mixin.py:188} INFO - [2025-02-19T06:02:34.609+0000] {dagbag.py:538} INFO - Filling up the DagBag from /home/airflow/.local/lib/python3.10/site-packages/airflow/example_dags/example_python_decorator.py
[2025-02-19T06:02:34.662+0000] {processor.py:840} INFO - DAG(s) 'example_python_decorator' retrieved from /home/airflow/.local/lib/python3.10/site-packages/airflow/example_dags/example_python_decorator.py
[2025-02-19T06:02:34.738+0000] {logging_mixin.py:188} INFO - [2025-02-19T06:02:34.738+0000] {dag.py:3036} INFO - Sync 1 DAGs
[2025-02-19T06:02:34.794+0000] {logging_mixin.py:188} INFO - [2025-02-19T06:02:34.793+0000] {dag.py:3823} INFO - Setting next_dagrun for example_python_decorator to None, run_after=None
[2025-02-19T06:02:34.978+0000] {processor.py:183} INFO - Processing /home/airflow/.local/lib/python3.10/site-packages/airflow/example_dags/example_python_decorator.py took 0.381 seconds
[2025-02-19T06:03:26.819+0000] {processor.py:161} INFO - Started process (PID=267) to work on /home/airflow/.local/lib/python3.10/site-packages/airflow/example_dags/example_python_decorator.py
[2025-02-19T06:03:26.820+0000] {processor.py:830} INFO - Processing file /home/airflow/.local/lib/python3.10/site-packages/airflow/example_dags/example_python_decorator.py for tasks to queue
[2025-02-19T06:03:26.825+0000] {logging_mixin.py:188} INFO - [2025-02-19T06:03:26.824+0000] {dagbag.py:538} INFO - Filling up the DagBag from /home/airflow/.local/lib/python3.10/site-packages/airflow/example_dags/example_python_decorator.py
[2025-02-19T06:03:26.866+0000] {processor.py:840} INFO - DAG(s) 'example_python_decorator' retrieved from /home/airflow/.local/lib/python3.10/site-packages/airflow/example_dags/example_python_decorator.py
[2025-02-19T06:03:26.948+0000] {logging_mixin.py:188} INFO - [2025-02-19T06:03:26.947+0000] {dag.py:3036} INFO - Sync 1 DAGs
[2025-02-19T06:03:26.991+0000] {logging_mixin.py:188} INFO - [2025-02-19T06:03:26.990+0000] {dag.py:3823} INFO - Setting next_dagrun for example_python_decorator to None, run_after=None
[2025-02-19T06:03:27.192+0000] {processor.py:183} INFO - Processing /home/airflow/.local/lib/python3.10/site-packages/airflow/example_dags/example_python_decorator.py took 0.379 seconds
[2025-02-19T06:05:08.558+0000] {processor.py:161} INFO - Started process (PID=328) to work on /home/airflow/.local/lib/python3.10/site-packages/airflow/example_dags/example_python_decorator.py
[2025-02-19T06:05:08.559+0000] {processor.py:830} INFO - Processing file /home/airflow/.local/lib/python3.10/site-packages/airflow/example_dags/example_python_decorator.py for tasks to queue
[2025-02-19T06:05:08.561+0000] {logging_mixin.py:188} INFO - [2025-02-19T06:05:08.561+0000] {dagbag.py:538} INFO - Filling up the DagBag from /home/airflow/.local/lib/python3.10/site-packages/airflow/example_dags/example_python_decorator.py
[2025-02-19T06:05:08.593+0000] {processor.py:840} INFO - DAG(s) 'example_python_decorator' retrieved from /home/airflow/.local/lib/python3.10/site-packages/airflow/example_dags/example_python_decorator.py
[2025-02-19T06:05:08.653+0000] {logging_mixin.py:188} INFO - [2025-02-19T06:05:08.652+0000] {dag.py:3036} INFO - Sync 1 DAGs
[2025-02-19T06:05:08.692+0000] {logging_mixin.py:188} INFO - [2025-02-19T06:05:08.692+0000] {dag.py:3823} INFO - Setting next_dagrun for example_python_decorator to None, run_after=None
[2025-02-19T06:05:08.825+0000] {processor.py:183} INFO - Processing /home/airflow/.local/lib/python3.10/site-packages/airflow/example_dags/example_python_decorator.py took 0.272 seconds
[2025-02-19T06:06:00.355+0000] {processor.py:161} INFO - Started process (PID=360) to work on /home/airflow/.local/lib/python3.10/site-packages/airflow/example_dags/example_python_decorator.py
[2025-02-19T06:06:00.358+0000] {processor.py:830} INFO - Processing file /home/airflow/.local/lib/python3.10/site-packages/airflow/example_dags/example_python_decorator.py for tasks to queue
[2025-02-19T06:06:00.361+0000] {logging_mixin.py:188} INFO - [2025-02-19T06:06:00.360+0000] {dagbag.py:538} INFO - Filling up the DagBag from /home/airflow/.local/lib/python3.10/site-packages/airflow/example_dags/example_python_decorator.py
[2025-02-19T06:06:00.436+0000] {processor.py:840} INFO - DAG(s) 'example_python_decorator' retrieved from /home/airflow/.local/lib/python3.10/site-packages/airflow/example_dags/example_python_decorator.py
[2025-02-19T06:06:00.555+0000] {logging_mixin.py:188} INFO - [2025-02-19T06:06:00.554+0000] {dag.py:3036} INFO - Sync 1 DAGs
[2025-02-19T06:06:00.630+0000] {logging_mixin.py:188} INFO - [2025-02-19T06:06:00.630+0000] {dag.py:3823} INFO - Setting next_dagrun for example_python_decorator to None, run_after=None
[2025-02-19T06:06:00.817+0000] {processor.py:183} INFO - Processing /home/airflow/.local/lib/python3.10/site-packages/airflow/example_dags/example_python_decorator.py took 0.475 seconds
[2025-02-19T06:07:18.768+0000] {processor.py:161} INFO - Started process (PID=392) to work on /home/airflow/.local/lib/python3.10/site-packages/airflow/example_dags/example_python_decorator.py
[2025-02-19T06:07:18.775+0000] {processor.py:830} INFO - Processing file /home/airflow/.local/lib/python3.10/site-packages/airflow/example_dags/example_python_decorator.py for tasks to queue
[2025-02-19T06:07:18.778+0000] {logging_mixin.py:188} INFO - [2025-02-19T06:07:18.777+0000] {dagbag.py:538} INFO - Filling up the DagBag from /home/airflow/.local/lib/python3.10/site-packages/airflow/example_dags/example_python_decorator.py
[2025-02-19T06:07:18.897+0000] {processor.py:840} INFO - DAG(s) 'example_python_decorator' retrieved from /home/airflow/.local/lib/python3.10/site-packages/airflow/example_dags/example_python_decorator.py
[2025-02-19T06:07:19.053+0000] {logging_mixin.py:188} INFO - [2025-02-19T06:07:19.052+0000] {dag.py:3036} INFO - Sync 1 DAGs
[2025-02-19T06:07:19.139+0000] {logging_mixin.py:188} INFO - [2025-02-19T06:07:19.139+0000] {dag.py:3823} INFO - Setting next_dagrun for example_python_decorator to None, run_after=None
[2025-02-19T06:07:19.388+0000] {processor.py:183} INFO - Processing /home/airflow/.local/lib/python3.10/site-packages/airflow/example_dags/example_python_decorator.py took 0.637 seconds
[2025-02-19T06:08:18.027+0000] {processor.py:161} INFO - Started process (PID=426) to work on /home/airflow/.local/lib/python3.10/site-packages/airflow/example_dags/example_python_decorator.py
[2025-02-19T06:08:18.040+0000] {processor.py:830} INFO - Processing file /home/airflow/.local/lib/python3.10/site-packages/airflow/example_dags/example_python_decorator.py for tasks to queue
[2025-02-19T06:08:18.043+0000] {logging_mixin.py:188} INFO - [2025-02-19T06:08:18.042+0000] {dagbag.py:538} INFO - Filling up the DagBag from /home/airflow/.local/lib/python3.10/site-packages/airflow/example_dags/example_python_decorator.py
[2025-02-19T06:08:18.156+0000] {processor.py:840} INFO - DAG(s) 'example_python_decorator' retrieved from /home/airflow/.local/lib/python3.10/site-packages/airflow/example_dags/example_python_decorator.py
[2025-02-19T06:08:18.311+0000] {logging_mixin.py:188} INFO - [2025-02-19T06:08:18.310+0000] {dag.py:3036} INFO - Sync 1 DAGs
[2025-02-19T06:08:18.407+0000] {logging_mixin.py:188} INFO - [2025-02-19T06:08:18.406+0000] {dag.py:3823} INFO - Setting next_dagrun for example_python_decorator to None, run_after=None
[2025-02-19T06:08:18.606+0000] {processor.py:183} INFO - Processing /home/airflow/.local/lib/python3.10/site-packages/airflow/example_dags/example_python_decorator.py took 0.594 seconds
[2025-02-19T06:09:12.014+0000] {processor.py:161} INFO - Started process (PID=458) to work on /home/airflow/.local/lib/python3.10/site-packages/airflow/example_dags/example_python_decorator.py
[2025-02-19T06:09:12.017+0000] {processor.py:830} INFO - Processing file /home/airflow/.local/lib/python3.10/site-packages/airflow/example_dags/example_python_decorator.py for tasks to queue
[2025-02-19T06:09:12.021+0000] {logging_mixin.py:188} INFO - [2025-02-19T06:09:12.020+0000] {dagbag.py:538} INFO - Filling up the DagBag from /home/airflow/.local/lib/python3.10/site-packages/airflow/example_dags/example_python_decorator.py
[2025-02-19T06:09:12.063+0000] {processor.py:840} INFO - DAG(s) 'example_python_decorator' retrieved from /home/airflow/.local/lib/python3.10/site-packages/airflow/example_dags/example_python_decorator.py
[2025-02-19T06:09:12.114+0000] {logging_mixin.py:188} INFO - [2025-02-19T06:09:12.114+0000] {dag.py:3036} INFO - Sync 1 DAGs
[2025-02-19T06:09:12.143+0000] {logging_mixin.py:188} INFO - [2025-02-19T06:09:12.143+0000] {dag.py:3823} INFO - Setting next_dagrun for example_python_decorator to None, run_after=None
[2025-02-19T06:09:12.305+0000] {processor.py:183} INFO - Processing /home/airflow/.local/lib/python3.10/site-packages/airflow/example_dags/example_python_decorator.py took 0.299 seconds
[2025-02-19T06:10:03.068+0000] {processor.py:161} INFO - Started process (PID=489) to work on /home/airflow/.local/lib/python3.10/site-packages/airflow/example_dags/example_python_decorator.py
[2025-02-19T06:10:03.080+0000] {processor.py:830} INFO - Processing file /home/airflow/.local/lib/python3.10/site-packages/airflow/example_dags/example_python_decorator.py for tasks to queue
[2025-02-19T06:10:03.093+0000] {logging_mixin.py:188} INFO - [2025-02-19T06:10:03.083+0000] {dagbag.py:538} INFO - Filling up the DagBag from /home/airflow/.local/lib/python3.10/site-packages/airflow/example_dags/example_python_decorator.py
[2025-02-19T06:10:03.169+0000] {processor.py:840} INFO - DAG(s) 'example_python_decorator' retrieved from /home/airflow/.local/lib/python3.10/site-packages/airflow/example_dags/example_python_decorator.py
[2025-02-19T06:10:03.279+0000] {logging_mixin.py:188} INFO - [2025-02-19T06:10:03.278+0000] {dag.py:3036} INFO - Sync 1 DAGs
[2025-02-19T06:10:03.337+0000] {logging_mixin.py:188} INFO - [2025-02-19T06:10:03.337+0000] {dag.py:3823} INFO - Setting next_dagrun for example_python_decorator to None, run_after=None
[2025-02-19T06:10:03.536+0000] {processor.py:183} INFO - Processing /home/airflow/.local/lib/python3.10/site-packages/airflow/example_dags/example_python_decorator.py took 0.483 seconds
[2025-02-19T06:10:58.149+0000] {processor.py:161} INFO - Started process (PID=521) to work on /home/airflow/.local/lib/python3.10/site-packages/airflow/example_dags/example_python_decorator.py
[2025-02-19T06:10:58.152+0000] {processor.py:830} INFO - Processing file /home/airflow/.local/lib/python3.10/site-packages/airflow/example_dags/example_python_decorator.py for tasks to queue
[2025-02-19T06:10:58.162+0000] {logging_mixin.py:188} INFO - [2025-02-19T06:10:58.161+0000] {dagbag.py:538} INFO - Filling up the DagBag from /home/airflow/.local/lib/python3.10/site-packages/airflow/example_dags/example_python_decorator.py
[2025-02-19T06:10:58.240+0000] {processor.py:840} INFO - DAG(s) 'example_python_decorator' retrieved from /home/airflow/.local/lib/python3.10/site-packages/airflow/example_dags/example_python_decorator.py
[2025-02-19T06:10:58.333+0000] {logging_mixin.py:188} INFO - [2025-02-19T06:10:58.332+0000] {dag.py:3036} INFO - Sync 1 DAGs
[2025-02-19T06:10:58.376+0000] {logging_mixin.py:188} INFO - [2025-02-19T06:10:58.376+0000] {dag.py:3823} INFO - Setting next_dagrun for example_python_decorator to None, run_after=None
[2025-02-19T06:10:58.561+0000] {processor.py:183} INFO - Processing /home/airflow/.local/lib/python3.10/site-packages/airflow/example_dags/example_python_decorator.py took 0.423 seconds
[2025-02-19T06:11:49.810+0000] {processor.py:161} INFO - Started process (PID=552) to work on /home/airflow/.local/lib/python3.10/site-packages/airflow/example_dags/example_python_decorator.py
[2025-02-19T06:11:49.824+0000] {processor.py:830} INFO - Processing file /home/airflow/.local/lib/python3.10/site-packages/airflow/example_dags/example_python_decorator.py for tasks to queue
[2025-02-19T06:11:49.828+0000] {logging_mixin.py:188} INFO - [2025-02-19T06:11:49.827+0000] {dagbag.py:538} INFO - Filling up the DagBag from /home/airflow/.local/lib/python3.10/site-packages/airflow/example_dags/example_python_decorator.py
[2025-02-19T06:11:49.903+0000] {processor.py:840} INFO - DAG(s) 'example_python_decorator' retrieved from /home/airflow/.local/lib/python3.10/site-packages/airflow/example_dags/example_python_decorator.py
[2025-02-19T06:11:50.088+0000] {logging_mixin.py:188} INFO - [2025-02-19T06:11:50.087+0000] {dag.py:3036} INFO - Sync 1 DAGs
[2025-02-19T06:11:50.156+0000] {logging_mixin.py:188} INFO - [2025-02-19T06:11:50.155+0000] {dag.py:3823} INFO - Setting next_dagrun for example_python_decorator to None, run_after=None
[2025-02-19T06:11:50.433+0000] {processor.py:183} INFO - Processing /home/airflow/.local/lib/python3.10/site-packages/airflow/example_dags/example_python_decorator.py took 0.632 seconds
[2025-02-19T06:12:48.548+0000] {processor.py:161} INFO - Started process (PID=583) to work on /home/airflow/.local/lib/python3.10/site-packages/airflow/example_dags/example_python_decorator.py
[2025-02-19T06:12:48.551+0000] {processor.py:830} INFO - Processing file /home/airflow/.local/lib/python3.10/site-packages/airflow/example_dags/example_python_decorator.py for tasks to queue
[2025-02-19T06:12:48.554+0000] {logging_mixin.py:188} INFO - [2025-02-19T06:12:48.553+0000] {dagbag.py:538} INFO - Filling up the DagBag from /home/airflow/.local/lib/python3.10/site-packages/airflow/example_dags/example_python_decorator.py
[2025-02-19T06:12:48.604+0000] {processor.py:840} INFO - DAG(s) 'example_python_decorator' retrieved from /home/airflow/.local/lib/python3.10/site-packages/airflow/example_dags/example_python_decorator.py
[2025-02-19T06:12:48.682+0000] {logging_mixin.py:188} INFO - [2025-02-19T06:12:48.681+0000] {dag.py:3036} INFO - Sync 1 DAGs
[2025-02-19T06:12:48.730+0000] {logging_mixin.py:188} INFO - [2025-02-19T06:12:48.729+0000] {dag.py:3823} INFO - Setting next_dagrun for example_python_decorator to None, run_after=None
[2025-02-19T06:12:48.893+0000] {processor.py:183} INFO - Processing /home/airflow/.local/lib/python3.10/site-packages/airflow/example_dags/example_python_decorator.py took 0.354 seconds
[2025-02-19T06:13:42.616+0000] {processor.py:161} INFO - Started process (PID=617) to work on /home/airflow/.local/lib/python3.10/site-packages/airflow/example_dags/example_python_decorator.py
[2025-02-19T06:13:42.624+0000] {processor.py:830} INFO - Processing file /home/airflow/.local/lib/python3.10/site-packages/airflow/example_dags/example_python_decorator.py for tasks to queue
[2025-02-19T06:13:42.628+0000] {logging_mixin.py:188} INFO - [2025-02-19T06:13:42.627+0000] {dagbag.py:538} INFO - Filling up the DagBag from /home/airflow/.local/lib/python3.10/site-packages/airflow/example_dags/example_python_decorator.py
[2025-02-19T06:13:42.717+0000] {processor.py:840} INFO - DAG(s) 'example_python_decorator' retrieved from /home/airflow/.local/lib/python3.10/site-packages/airflow/example_dags/example_python_decorator.py
[2025-02-19T06:13:42.845+0000] {logging_mixin.py:188} INFO - [2025-02-19T06:13:42.844+0000] {dag.py:3036} INFO - Sync 1 DAGs
[2025-02-19T06:13:42.916+0000] {logging_mixin.py:188} INFO - [2025-02-19T06:13:42.915+0000] {dag.py:3823} INFO - Setting next_dagrun for example_python_decorator to None, run_after=None
[2025-02-19T06:13:43.078+0000] {processor.py:183} INFO - Processing /home/airflow/.local/lib/python3.10/site-packages/airflow/example_dags/example_python_decorator.py took 0.486 seconds
[2025-02-19T06:15:15.481+0000] {processor.py:161} INFO - Started process (PID=677) to work on /home/airflow/.local/lib/python3.10/site-packages/airflow/example_dags/example_python_decorator.py
[2025-02-19T06:15:15.484+0000] {processor.py:830} INFO - Processing file /home/airflow/.local/lib/python3.10/site-packages/airflow/example_dags/example_python_decorator.py for tasks to queue
[2025-02-19T06:15:15.495+0000] {logging_mixin.py:188} INFO - [2025-02-19T06:15:15.488+0000] {dagbag.py:538} INFO - Filling up the DagBag from /home/airflow/.local/lib/python3.10/site-packages/airflow/example_dags/example_python_decorator.py
[2025-02-19T06:15:15.551+0000] {processor.py:840} INFO - DAG(s) 'example_python_decorator' retrieved from /home/airflow/.local/lib/python3.10/site-packages/airflow/example_dags/example_python_decorator.py
[2025-02-19T06:15:15.652+0000] {logging_mixin.py:188} INFO - [2025-02-19T06:15:15.651+0000] {dag.py:3036} INFO - Sync 1 DAGs
[2025-02-19T06:15:15.712+0000] {logging_mixin.py:188} INFO - [2025-02-19T06:15:15.712+0000] {dag.py:3823} INFO - Setting next_dagrun for example_python_decorator to None, run_after=None
[2025-02-19T06:15:15.873+0000] {processor.py:183} INFO - Processing /home/airflow/.local/lib/python3.10/site-packages/airflow/example_dags/example_python_decorator.py took 0.410 seconds
[2025-02-19T06:17:07.377+0000] {processor.py:161} INFO - Started process (PID=738) to work on /home/airflow/.local/lib/python3.10/site-packages/airflow/example_dags/example_python_decorator.py
[2025-02-19T06:17:07.394+0000] {processor.py:830} INFO - Processing file /home/airflow/.local/lib/python3.10/site-packages/airflow/example_dags/example_python_decorator.py for tasks to queue
[2025-02-19T06:17:07.397+0000] {logging_mixin.py:188} INFO - [2025-02-19T06:17:07.396+0000] {dagbag.py:538} INFO - Filling up the DagBag from /home/airflow/.local/lib/python3.10/site-packages/airflow/example_dags/example_python_decorator.py
[2025-02-19T06:17:07.507+0000] {processor.py:840} INFO - DAG(s) 'example_python_decorator' retrieved from /home/airflow/.local/lib/python3.10/site-packages/airflow/example_dags/example_python_decorator.py
[2025-02-19T06:17:07.694+0000] {logging_mixin.py:188} INFO - [2025-02-19T06:17:07.694+0000] {dag.py:3036} INFO - Sync 1 DAGs
[2025-02-19T06:17:07.833+0000] {logging_mixin.py:188} INFO - [2025-02-19T06:17:07.832+0000] {dag.py:3823} INFO - Setting next_dagrun for example_python_decorator to None, run_after=None
[2025-02-19T06:17:08.120+0000] {processor.py:183} INFO - Processing /home/airflow/.local/lib/python3.10/site-packages/airflow/example_dags/example_python_decorator.py took 0.761 seconds
[2025-02-19T06:18:07.609+0000] {processor.py:161} INFO - Started process (PID=775) to work on /home/airflow/.local/lib/python3.10/site-packages/airflow/example_dags/example_python_decorator.py
[2025-02-19T06:18:07.614+0000] {processor.py:830} INFO - Processing file /home/airflow/.local/lib/python3.10/site-packages/airflow/example_dags/example_python_decorator.py for tasks to queue
[2025-02-19T06:18:07.618+0000] {logging_mixin.py:188} INFO - [2025-02-19T06:18:07.617+0000] {dagbag.py:538} INFO - Filling up the DagBag from /home/airflow/.local/lib/python3.10/site-packages/airflow/example_dags/example_python_decorator.py
[2025-02-19T06:18:07.704+0000] {processor.py:840} INFO - DAG(s) 'example_python_decorator' retrieved from /home/airflow/.local/lib/python3.10/site-packages/airflow/example_dags/example_python_decorator.py
[2025-02-19T06:18:07.780+0000] {logging_mixin.py:188} INFO - [2025-02-19T06:18:07.779+0000] {dag.py:3036} INFO - Sync 1 DAGs
[2025-02-19T06:18:07.829+0000] {logging_mixin.py:188} INFO - [2025-02-19T06:18:07.829+0000] {dag.py:3823} INFO - Setting next_dagrun for example_python_decorator to None, run_after=None
[2025-02-19T06:18:07.981+0000] {processor.py:183} INFO - Processing /home/airflow/.local/lib/python3.10/site-packages/airflow/example_dags/example_python_decorator.py took 0.386 seconds
[2025-02-19T06:19:38.921+0000] {processor.py:161} INFO - Started process (PID=834) to work on /home/airflow/.local/lib/python3.10/site-packages/airflow/example_dags/example_python_decorator.py
[2025-02-19T06:19:38.924+0000] {processor.py:830} INFO - Processing file /home/airflow/.local/lib/python3.10/site-packages/airflow/example_dags/example_python_decorator.py for tasks to queue
[2025-02-19T06:19:38.927+0000] {logging_mixin.py:188} INFO - [2025-02-19T06:19:38.926+0000] {dagbag.py:538} INFO - Filling up the DagBag from /home/airflow/.local/lib/python3.10/site-packages/airflow/example_dags/example_python_decorator.py
[2025-02-19T06:19:38.956+0000] {processor.py:840} INFO - DAG(s) 'example_python_decorator' retrieved from /home/airflow/.local/lib/python3.10/site-packages/airflow/example_dags/example_python_decorator.py
[2025-02-19T06:19:39.023+0000] {logging_mixin.py:188} INFO - [2025-02-19T06:19:39.022+0000] {dag.py:3036} INFO - Sync 1 DAGs
[2025-02-19T06:19:39.053+0000] {logging_mixin.py:188} INFO - [2025-02-19T06:19:39.053+0000] {dag.py:3823} INFO - Setting next_dagrun for example_python_decorator to None, run_after=None
[2025-02-19T06:19:39.235+0000] {processor.py:183} INFO - Processing /home/airflow/.local/lib/python3.10/site-packages/airflow/example_dags/example_python_decorator.py took 0.321 seconds
[2025-02-19T06:21:21.694+0000] {processor.py:161} INFO - Started process (PID=895) to work on /home/airflow/.local/lib/python3.10/site-packages/airflow/example_dags/example_python_decorator.py
[2025-02-19T06:21:21.697+0000] {processor.py:830} INFO - Processing file /home/airflow/.local/lib/python3.10/site-packages/airflow/example_dags/example_python_decorator.py for tasks to queue
[2025-02-19T06:21:21.709+0000] {logging_mixin.py:188} INFO - [2025-02-19T06:21:21.707+0000] {dagbag.py:538} INFO - Filling up the DagBag from /home/airflow/.local/lib/python3.10/site-packages/airflow/example_dags/example_python_decorator.py
[2025-02-19T06:21:21.791+0000] {processor.py:840} INFO - DAG(s) 'example_python_decorator' retrieved from /home/airflow/.local/lib/python3.10/site-packages/airflow/example_dags/example_python_decorator.py
[2025-02-19T06:21:21.915+0000] {logging_mixin.py:188} INFO - [2025-02-19T06:21:21.914+0000] {dag.py:3036} INFO - Sync 1 DAGs
[2025-02-19T06:21:22.001+0000] {logging_mixin.py:188} INFO - [2025-02-19T06:21:21.996+0000] {dag.py:3823} INFO - Setting next_dagrun for example_python_decorator to None, run_after=None
[2025-02-19T06:21:22.208+0000] {processor.py:183} INFO - Processing /home/airflow/.local/lib/python3.10/site-packages/airflow/example_dags/example_python_decorator.py took 0.522 seconds
[2025-02-19T06:22:25.136+0000] {processor.py:161} INFO - Started process (PID=927) to work on /home/airflow/.local/lib/python3.10/site-packages/airflow/example_dags/example_python_decorator.py
[2025-02-19T06:22:25.140+0000] {processor.py:830} INFO - Processing file /home/airflow/.local/lib/python3.10/site-packages/airflow/example_dags/example_python_decorator.py for tasks to queue
[2025-02-19T06:22:25.153+0000] {logging_mixin.py:188} INFO - [2025-02-19T06:22:25.152+0000] {dagbag.py:538} INFO - Filling up the DagBag from /home/airflow/.local/lib/python3.10/site-packages/airflow/example_dags/example_python_decorator.py
[2025-02-19T06:22:25.260+0000] {processor.py:840} INFO - DAG(s) 'example_python_decorator' retrieved from /home/airflow/.local/lib/python3.10/site-packages/airflow/example_dags/example_python_decorator.py
[2025-02-19T06:22:25.437+0000] {logging_mixin.py:188} INFO - [2025-02-19T06:22:25.437+0000] {dag.py:3036} INFO - Sync 1 DAGs
[2025-02-19T06:22:25.537+0000] {logging_mixin.py:188} INFO - [2025-02-19T06:22:25.536+0000] {dag.py:3823} INFO - Setting next_dagrun for example_python_decorator to None, run_after=None
[2025-02-19T06:22:25.747+0000] {processor.py:183} INFO - Processing /home/airflow/.local/lib/python3.10/site-packages/airflow/example_dags/example_python_decorator.py took 0.628 seconds
[2025-02-19T06:23:23.895+0000] {processor.py:161} INFO - Started process (PID=960) to work on /home/airflow/.local/lib/python3.10/site-packages/airflow/example_dags/example_python_decorator.py
[2025-02-19T06:23:23.898+0000] {processor.py:830} INFO - Processing file /home/airflow/.local/lib/python3.10/site-packages/airflow/example_dags/example_python_decorator.py for tasks to queue
[2025-02-19T06:23:23.910+0000] {logging_mixin.py:188} INFO - [2025-02-19T06:23:23.901+0000] {dagbag.py:538} INFO - Filling up the DagBag from /home/airflow/.local/lib/python3.10/site-packages/airflow/example_dags/example_python_decorator.py
[2025-02-19T06:23:24.008+0000] {processor.py:840} INFO - DAG(s) 'example_python_decorator' retrieved from /home/airflow/.local/lib/python3.10/site-packages/airflow/example_dags/example_python_decorator.py
[2025-02-19T06:23:24.216+0000] {logging_mixin.py:188} INFO - [2025-02-19T06:23:24.215+0000] {dag.py:3036} INFO - Sync 1 DAGs
[2025-02-19T06:23:24.422+0000] {logging_mixin.py:188} INFO - [2025-02-19T06:23:24.421+0000] {dag.py:3823} INFO - Setting next_dagrun for example_python_decorator to None, run_after=None
[2025-02-19T06:23:24.848+0000] {processor.py:183} INFO - Processing /home/airflow/.local/lib/python3.10/site-packages/airflow/example_dags/example_python_decorator.py took 0.970 seconds
[2025-02-19T06:24:31.702+0000] {processor.py:161} INFO - Started process (PID=991) to work on /home/airflow/.local/lib/python3.10/site-packages/airflow/example_dags/example_python_decorator.py
[2025-02-19T06:24:31.705+0000] {processor.py:830} INFO - Processing file /home/airflow/.local/lib/python3.10/site-packages/airflow/example_dags/example_python_decorator.py for tasks to queue
[2025-02-19T06:24:31.707+0000] {logging_mixin.py:188} INFO - [2025-02-19T06:24:31.706+0000] {dagbag.py:538} INFO - Filling up the DagBag from /home/airflow/.local/lib/python3.10/site-packages/airflow/example_dags/example_python_decorator.py
[2025-02-19T06:24:31.741+0000] {processor.py:840} INFO - DAG(s) 'example_python_decorator' retrieved from /home/airflow/.local/lib/python3.10/site-packages/airflow/example_dags/example_python_decorator.py
[2025-02-19T06:24:31.825+0000] {logging_mixin.py:188} INFO - [2025-02-19T06:24:31.817+0000] {dag.py:3036} INFO - Sync 1 DAGs
[2025-02-19T06:24:31.889+0000] {logging_mixin.py:188} INFO - [2025-02-19T06:24:31.889+0000] {dag.py:3823} INFO - Setting next_dagrun for example_python_decorator to None, run_after=None
[2025-02-19T06:24:32.089+0000] {processor.py:183} INFO - Processing /home/airflow/.local/lib/python3.10/site-packages/airflow/example_dags/example_python_decorator.py took 0.393 seconds
[2025-02-19T06:25:38.458+0000] {processor.py:161} INFO - Started process (PID=1028) to work on /home/airflow/.local/lib/python3.10/site-packages/airflow/example_dags/example_python_decorator.py
[2025-02-19T06:25:38.461+0000] {processor.py:830} INFO - Processing file /home/airflow/.local/lib/python3.10/site-packages/airflow/example_dags/example_python_decorator.py for tasks to queue
[2025-02-19T06:25:38.464+0000] {logging_mixin.py:188} INFO - [2025-02-19T06:25:38.463+0000] {dagbag.py:538} INFO - Filling up the DagBag from /home/airflow/.local/lib/python3.10/site-packages/airflow/example_dags/example_python_decorator.py
[2025-02-19T06:25:38.521+0000] {processor.py:840} INFO - DAG(s) 'example_python_decorator' retrieved from /home/airflow/.local/lib/python3.10/site-packages/airflow/example_dags/example_python_decorator.py
[2025-02-19T06:25:38.599+0000] {logging_mixin.py:188} INFO - [2025-02-19T06:25:38.599+0000] {dag.py:3036} INFO - Sync 1 DAGs
[2025-02-19T06:25:38.649+0000] {logging_mixin.py:188} INFO - [2025-02-19T06:25:38.648+0000] {dag.py:3823} INFO - Setting next_dagrun for example_python_decorator to None, run_after=None
[2025-02-19T06:25:38.847+0000] {processor.py:183} INFO - Processing /home/airflow/.local/lib/python3.10/site-packages/airflow/example_dags/example_python_decorator.py took 0.402 seconds
[2025-02-19T06:26:36.305+0000] {processor.py:161} INFO - Started process (PID=1059) to work on /home/airflow/.local/lib/python3.10/site-packages/airflow/example_dags/example_python_decorator.py
[2025-02-19T06:26:36.308+0000] {processor.py:830} INFO - Processing file /home/airflow/.local/lib/python3.10/site-packages/airflow/example_dags/example_python_decorator.py for tasks to queue
[2025-02-19T06:26:36.318+0000] {logging_mixin.py:188} INFO - [2025-02-19T06:26:36.317+0000] {dagbag.py:538} INFO - Filling up the DagBag from /home/airflow/.local/lib/python3.10/site-packages/airflow/example_dags/example_python_decorator.py
[2025-02-19T06:26:36.383+0000] {processor.py:840} INFO - DAG(s) 'example_python_decorator' retrieved from /home/airflow/.local/lib/python3.10/site-packages/airflow/example_dags/example_python_decorator.py
[2025-02-19T06:26:36.478+0000] {logging_mixin.py:188} INFO - [2025-02-19T06:26:36.478+0000] {dag.py:3036} INFO - Sync 1 DAGs
[2025-02-19T06:26:36.559+0000] {logging_mixin.py:188} INFO - [2025-02-19T06:26:36.559+0000] {dag.py:3823} INFO - Setting next_dagrun for example_python_decorator to None, run_after=None
[2025-02-19T06:26:36.773+0000] {processor.py:183} INFO - Processing /home/airflow/.local/lib/python3.10/site-packages/airflow/example_dags/example_python_decorator.py took 0.478 seconds
[2025-02-19T06:28:30.377+0000] {processor.py:161} INFO - Started process (PID=40) to work on /home/airflow/.local/lib/python3.10/site-packages/airflow/example_dags/example_python_decorator.py
[2025-02-19T06:28:30.391+0000] {processor.py:830} INFO - Processing file /home/airflow/.local/lib/python3.10/site-packages/airflow/example_dags/example_python_decorator.py for tasks to queue
[2025-02-19T06:28:30.396+0000] {logging_mixin.py:188} INFO - [2025-02-19T06:28:30.395+0000] {dagbag.py:538} INFO - Filling up the DagBag from /home/airflow/.local/lib/python3.10/site-packages/airflow/example_dags/example_python_decorator.py
[2025-02-19T06:28:30.502+0000] {processor.py:840} INFO - DAG(s) 'example_python_decorator' retrieved from /home/airflow/.local/lib/python3.10/site-packages/airflow/example_dags/example_python_decorator.py
[2025-02-19T06:28:31.309+0000] {logging_mixin.py:188} INFO - [2025-02-19T06:28:31.309+0000] {dag.py:3036} INFO - Sync 1 DAGs
[2025-02-19T06:28:31.408+0000] {logging_mixin.py:188} INFO - [2025-02-19T06:28:31.407+0000] {dag.py:3823} INFO - Setting next_dagrun for example_python_decorator to None, run_after=None
[2025-02-19T06:28:31.608+0000] {processor.py:183} INFO - Processing /home/airflow/.local/lib/python3.10/site-packages/airflow/example_dags/example_python_decorator.py took 1.242 seconds
[2025-02-19T06:30:00.140+0000] {processor.py:161} INFO - Started process (PID=40) to work on /home/airflow/.local/lib/python3.10/site-packages/airflow/example_dags/example_python_decorator.py
[2025-02-19T06:30:00.154+0000] {processor.py:830} INFO - Processing file /home/airflow/.local/lib/python3.10/site-packages/airflow/example_dags/example_python_decorator.py for tasks to queue
[2025-02-19T06:30:00.157+0000] {logging_mixin.py:188} INFO - [2025-02-19T06:30:00.156+0000] {dagbag.py:538} INFO - Filling up the DagBag from /home/airflow/.local/lib/python3.10/site-packages/airflow/example_dags/example_python_decorator.py
[2025-02-19T06:30:00.267+0000] {processor.py:840} INFO - DAG(s) 'example_python_decorator' retrieved from /home/airflow/.local/lib/python3.10/site-packages/airflow/example_dags/example_python_decorator.py
[2025-02-19T06:30:01.415+0000] {logging_mixin.py:188} INFO - [2025-02-19T06:30:01.415+0000] {dag.py:3036} INFO - Sync 1 DAGs
[2025-02-19T06:30:01.516+0000] {logging_mixin.py:188} INFO - [2025-02-19T06:30:01.515+0000] {dag.py:3823} INFO - Setting next_dagrun for example_python_decorator to None, run_after=None
[2025-02-19T06:30:01.824+0000] {processor.py:183} INFO - Processing /home/airflow/.local/lib/python3.10/site-packages/airflow/example_dags/example_python_decorator.py took 1.703 seconds
[2025-02-19T06:31:36.562+0000] {processor.py:161} INFO - Started process (PID=89) to work on /home/airflow/.local/lib/python3.10/site-packages/airflow/example_dags/example_python_decorator.py
[2025-02-19T06:31:36.565+0000] {processor.py:830} INFO - Processing file /home/airflow/.local/lib/python3.10/site-packages/airflow/example_dags/example_python_decorator.py for tasks to queue
[2025-02-19T06:31:36.567+0000] {logging_mixin.py:188} INFO - [2025-02-19T06:31:36.566+0000] {dagbag.py:538} INFO - Filling up the DagBag from /home/airflow/.local/lib/python3.10/site-packages/airflow/example_dags/example_python_decorator.py
[2025-02-19T06:31:36.663+0000] {processor.py:840} INFO - DAG(s) 'example_python_decorator' retrieved from /home/airflow/.local/lib/python3.10/site-packages/airflow/example_dags/example_python_decorator.py
[2025-02-19T06:31:36.810+0000] {logging_mixin.py:188} INFO - [2025-02-19T06:31:36.809+0000] {dag.py:3036} INFO - Sync 1 DAGs
[2025-02-19T06:31:36.897+0000] {logging_mixin.py:188} INFO - [2025-02-19T06:31:36.897+0000] {dag.py:3823} INFO - Setting next_dagrun for example_python_decorator to None, run_after=None
[2025-02-19T06:31:37.122+0000] {processor.py:183} INFO - Processing /home/airflow/.local/lib/python3.10/site-packages/airflow/example_dags/example_python_decorator.py took 0.577 seconds
[2025-02-19T06:32:45.631+0000] {processor.py:161} INFO - Started process (PID=120) to work on /home/airflow/.local/lib/python3.10/site-packages/airflow/example_dags/example_python_decorator.py
[2025-02-19T06:32:45.642+0000] {processor.py:830} INFO - Processing file /home/airflow/.local/lib/python3.10/site-packages/airflow/example_dags/example_python_decorator.py for tasks to queue
[2025-02-19T06:32:45.645+0000] {logging_mixin.py:188} INFO - [2025-02-19T06:32:45.644+0000] {dagbag.py:538} INFO - Filling up the DagBag from /home/airflow/.local/lib/python3.10/site-packages/airflow/example_dags/example_python_decorator.py
[2025-02-19T06:32:45.716+0000] {processor.py:840} INFO - DAG(s) 'example_python_decorator' retrieved from /home/airflow/.local/lib/python3.10/site-packages/airflow/example_dags/example_python_decorator.py
[2025-02-19T06:32:45.796+0000] {logging_mixin.py:188} INFO - [2025-02-19T06:32:45.796+0000] {dag.py:3036} INFO - Sync 1 DAGs
[2025-02-19T06:32:45.859+0000] {logging_mixin.py:188} INFO - [2025-02-19T06:32:45.850+0000] {dag.py:3823} INFO - Setting next_dagrun for example_python_decorator to None, run_after=None
[2025-02-19T06:32:46.038+0000] {processor.py:183} INFO - Processing /home/airflow/.local/lib/python3.10/site-packages/airflow/example_dags/example_python_decorator.py took 0.417 seconds
[2025-02-19T06:33:54.580+0000] {processor.py:161} INFO - Started process (PID=157) to work on /home/airflow/.local/lib/python3.10/site-packages/airflow/example_dags/example_python_decorator.py
[2025-02-19T06:33:54.582+0000] {processor.py:830} INFO - Processing file /home/airflow/.local/lib/python3.10/site-packages/airflow/example_dags/example_python_decorator.py for tasks to queue
[2025-02-19T06:33:54.585+0000] {logging_mixin.py:188} INFO - [2025-02-19T06:33:54.584+0000] {dagbag.py:538} INFO - Filling up the DagBag from /home/airflow/.local/lib/python3.10/site-packages/airflow/example_dags/example_python_decorator.py
[2025-02-19T06:33:54.632+0000] {processor.py:840} INFO - DAG(s) 'example_python_decorator' retrieved from /home/airflow/.local/lib/python3.10/site-packages/airflow/example_dags/example_python_decorator.py
[2025-02-19T06:33:54.739+0000] {logging_mixin.py:188} INFO - [2025-02-19T06:33:54.739+0000] {dag.py:3036} INFO - Sync 1 DAGs
[2025-02-19T06:33:54.815+0000] {logging_mixin.py:188} INFO - [2025-02-19T06:33:54.814+0000] {dag.py:3823} INFO - Setting next_dagrun for example_python_decorator to None, run_after=None
[2025-02-19T06:33:55.095+0000] {processor.py:183} INFO - Processing /home/airflow/.local/lib/python3.10/site-packages/airflow/example_dags/example_python_decorator.py took 0.529 seconds
[2025-02-19T06:34:45.433+0000] {processor.py:161} INFO - Started process (PID=190) to work on /home/airflow/.local/lib/python3.10/site-packages/airflow/example_dags/example_python_decorator.py
[2025-02-19T06:34:45.436+0000] {processor.py:830} INFO - Processing file /home/airflow/.local/lib/python3.10/site-packages/airflow/example_dags/example_python_decorator.py for tasks to queue
[2025-02-19T06:34:45.440+0000] {logging_mixin.py:188} INFO - [2025-02-19T06:34:45.439+0000] {dagbag.py:538} INFO - Filling up the DagBag from /home/airflow/.local/lib/python3.10/site-packages/airflow/example_dags/example_python_decorator.py
[2025-02-19T06:34:45.485+0000] {processor.py:840} INFO - DAG(s) 'example_python_decorator' retrieved from /home/airflow/.local/lib/python3.10/site-packages/airflow/example_dags/example_python_decorator.py
[2025-02-19T06:34:45.549+0000] {logging_mixin.py:188} INFO - [2025-02-19T06:34:45.549+0000] {dag.py:3036} INFO - Sync 1 DAGs
[2025-02-19T06:34:45.585+0000] {logging_mixin.py:188} INFO - [2025-02-19T06:34:45.585+0000] {dag.py:3823} INFO - Setting next_dagrun for example_python_decorator to None, run_after=None
[2025-02-19T06:34:45.737+0000] {processor.py:183} INFO - Processing /home/airflow/.local/lib/python3.10/site-packages/airflow/example_dags/example_python_decorator.py took 0.314 seconds
[2025-02-19T06:36:22.740+0000] {processor.py:161} INFO - Started process (PID=249) to work on /home/airflow/.local/lib/python3.10/site-packages/airflow/example_dags/example_python_decorator.py
[2025-02-19T06:36:22.743+0000] {processor.py:830} INFO - Processing file /home/airflow/.local/lib/python3.10/site-packages/airflow/example_dags/example_python_decorator.py for tasks to queue
[2025-02-19T06:36:22.746+0000] {logging_mixin.py:188} INFO - [2025-02-19T06:36:22.745+0000] {dagbag.py:538} INFO - Filling up the DagBag from /home/airflow/.local/lib/python3.10/site-packages/airflow/example_dags/example_python_decorator.py
[2025-02-19T06:36:22.784+0000] {processor.py:840} INFO - DAG(s) 'example_python_decorator' retrieved from /home/airflow/.local/lib/python3.10/site-packages/airflow/example_dags/example_python_decorator.py
[2025-02-19T06:36:22.898+0000] {logging_mixin.py:188} INFO - [2025-02-19T06:36:22.897+0000] {dag.py:3036} INFO - Sync 1 DAGs
[2025-02-19T06:36:22.946+0000] {logging_mixin.py:188} INFO - [2025-02-19T06:36:22.946+0000] {dag.py:3823} INFO - Setting next_dagrun for example_python_decorator to None, run_after=None
[2025-02-19T06:36:23.103+0000] {processor.py:183} INFO - Processing /home/airflow/.local/lib/python3.10/site-packages/airflow/example_dags/example_python_decorator.py took 0.372 seconds
[2025-02-19T06:37:24.384+0000] {processor.py:161} INFO - Started process (PID=281) to work on /home/airflow/.local/lib/python3.10/site-packages/airflow/example_dags/example_python_decorator.py
[2025-02-19T06:37:24.387+0000] {processor.py:830} INFO - Processing file /home/airflow/.local/lib/python3.10/site-packages/airflow/example_dags/example_python_decorator.py for tasks to queue
[2025-02-19T06:37:24.390+0000] {logging_mixin.py:188} INFO - [2025-02-19T06:37:24.389+0000] {dagbag.py:538} INFO - Filling up the DagBag from /home/airflow/.local/lib/python3.10/site-packages/airflow/example_dags/example_python_decorator.py
[2025-02-19T06:37:24.429+0000] {processor.py:840} INFO - DAG(s) 'example_python_decorator' retrieved from /home/airflow/.local/lib/python3.10/site-packages/airflow/example_dags/example_python_decorator.py
[2025-02-19T06:37:24.496+0000] {logging_mixin.py:188} INFO - [2025-02-19T06:37:24.495+0000] {dag.py:3036} INFO - Sync 1 DAGs
[2025-02-19T06:37:24.538+0000] {logging_mixin.py:188} INFO - [2025-02-19T06:37:24.538+0000] {dag.py:3823} INFO - Setting next_dagrun for example_python_decorator to None, run_after=None
[2025-02-19T06:37:24.702+0000] {processor.py:183} INFO - Processing /home/airflow/.local/lib/python3.10/site-packages/airflow/example_dags/example_python_decorator.py took 0.324 seconds
[2025-02-19T06:38:14.930+0000] {processor.py:161} INFO - Started process (PID=316) to work on /home/airflow/.local/lib/python3.10/site-packages/airflow/example_dags/example_python_decorator.py
[2025-02-19T06:38:14.933+0000] {processor.py:830} INFO - Processing file /home/airflow/.local/lib/python3.10/site-packages/airflow/example_dags/example_python_decorator.py for tasks to queue
[2025-02-19T06:38:14.936+0000] {logging_mixin.py:188} INFO - [2025-02-19T06:38:14.935+0000] {dagbag.py:538} INFO - Filling up the DagBag from /home/airflow/.local/lib/python3.10/site-packages/airflow/example_dags/example_python_decorator.py
[2025-02-19T06:38:14.997+0000] {processor.py:840} INFO - DAG(s) 'example_python_decorator' retrieved from /home/airflow/.local/lib/python3.10/site-packages/airflow/example_dags/example_python_decorator.py
[2025-02-19T06:38:15.106+0000] {logging_mixin.py:188} INFO - [2025-02-19T06:38:15.105+0000] {dag.py:3036} INFO - Sync 1 DAGs
[2025-02-19T06:38:15.177+0000] {logging_mixin.py:188} INFO - [2025-02-19T06:38:15.176+0000] {dag.py:3823} INFO - Setting next_dagrun for example_python_decorator to None, run_after=None
[2025-02-19T06:38:15.393+0000] {processor.py:183} INFO - Processing /home/airflow/.local/lib/python3.10/site-packages/airflow/example_dags/example_python_decorator.py took 0.479 seconds
[2025-02-19T06:40:15.656+0000] {processor.py:161} INFO - Started process (PID=373) to work on /home/airflow/.local/lib/python3.10/site-packages/airflow/example_dags/example_python_decorator.py
[2025-02-19T06:40:15.666+0000] {processor.py:830} INFO - Processing file /home/airflow/.local/lib/python3.10/site-packages/airflow/example_dags/example_python_decorator.py for tasks to queue
[2025-02-19T06:40:15.670+0000] {logging_mixin.py:188} INFO - [2025-02-19T06:40:15.669+0000] {dagbag.py:538} INFO - Filling up the DagBag from /home/airflow/.local/lib/python3.10/site-packages/airflow/example_dags/example_python_decorator.py
[2025-02-19T06:40:15.732+0000] {processor.py:840} INFO - DAG(s) 'example_python_decorator' retrieved from /home/airflow/.local/lib/python3.10/site-packages/airflow/example_dags/example_python_decorator.py
[2025-02-19T06:40:15.837+0000] {logging_mixin.py:188} INFO - [2025-02-19T06:40:15.836+0000] {dag.py:3036} INFO - Sync 1 DAGs
[2025-02-19T06:40:16.056+0000] {logging_mixin.py:188} INFO - [2025-02-19T06:40:16.055+0000] {dag.py:3823} INFO - Setting next_dagrun for example_python_decorator to None, run_after=None
[2025-02-19T06:40:16.292+0000] {processor.py:183} INFO - Processing /home/airflow/.local/lib/python3.10/site-packages/airflow/example_dags/example_python_decorator.py took 0.644 seconds
[2025-02-19T06:41:26.015+0000] {processor.py:161} INFO - Started process (PID=410) to work on /home/airflow/.local/lib/python3.10/site-packages/airflow/example_dags/example_python_decorator.py
[2025-02-19T06:41:26.019+0000] {processor.py:830} INFO - Processing file /home/airflow/.local/lib/python3.10/site-packages/airflow/example_dags/example_python_decorator.py for tasks to queue
[2025-02-19T06:41:26.023+0000] {logging_mixin.py:188} INFO - [2025-02-19T06:41:26.021+0000] {dagbag.py:538} INFO - Filling up the DagBag from /home/airflow/.local/lib/python3.10/site-packages/airflow/example_dags/example_python_decorator.py
[2025-02-19T06:41:26.117+0000] {processor.py:840} INFO - DAG(s) 'example_python_decorator' retrieved from /home/airflow/.local/lib/python3.10/site-packages/airflow/example_dags/example_python_decorator.py
[2025-02-19T06:41:26.225+0000] {logging_mixin.py:188} INFO - [2025-02-19T06:41:26.224+0000] {dag.py:3036} INFO - Sync 1 DAGs
[2025-02-19T06:41:26.285+0000] {logging_mixin.py:188} INFO - [2025-02-19T06:41:26.283+0000] {dag.py:3823} INFO - Setting next_dagrun for example_python_decorator to None, run_after=None
[2025-02-19T06:41:26.521+0000] {processor.py:183} INFO - Processing /home/airflow/.local/lib/python3.10/site-packages/airflow/example_dags/example_python_decorator.py took 0.525 seconds
[2025-02-19T06:42:26.655+0000] {processor.py:161} INFO - Started process (PID=442) to work on /home/airflow/.local/lib/python3.10/site-packages/airflow/example_dags/example_python_decorator.py
[2025-02-19T06:42:26.658+0000] {processor.py:830} INFO - Processing file /home/airflow/.local/lib/python3.10/site-packages/airflow/example_dags/example_python_decorator.py for tasks to queue
[2025-02-19T06:42:26.661+0000] {logging_mixin.py:188} INFO - [2025-02-19T06:42:26.660+0000] {dagbag.py:538} INFO - Filling up the DagBag from /home/airflow/.local/lib/python3.10/site-packages/airflow/example_dags/example_python_decorator.py
[2025-02-19T06:42:26.698+0000] {processor.py:840} INFO - DAG(s) 'example_python_decorator' retrieved from /home/airflow/.local/lib/python3.10/site-packages/airflow/example_dags/example_python_decorator.py
[2025-02-19T06:42:26.758+0000] {logging_mixin.py:188} INFO - [2025-02-19T06:42:26.758+0000] {dag.py:3036} INFO - Sync 1 DAGs
[2025-02-19T06:42:26.790+0000] {logging_mixin.py:188} INFO - [2025-02-19T06:42:26.789+0000] {dag.py:3823} INFO - Setting next_dagrun for example_python_decorator to None, run_after=None
[2025-02-19T06:42:26.918+0000] {processor.py:183} INFO - Processing /home/airflow/.local/lib/python3.10/site-packages/airflow/example_dags/example_python_decorator.py took 0.270 seconds
[2025-02-19T06:43:29.889+0000] {processor.py:161} INFO - Started process (PID=40) to work on /home/airflow/.local/lib/python3.10/site-packages/airflow/example_dags/example_python_decorator.py
[2025-02-19T06:43:29.893+0000] {processor.py:830} INFO - Processing file /home/airflow/.local/lib/python3.10/site-packages/airflow/example_dags/example_python_decorator.py for tasks to queue
[2025-02-19T06:43:29.897+0000] {logging_mixin.py:188} INFO - [2025-02-19T06:43:29.896+0000] {dagbag.py:538} INFO - Filling up the DagBag from /home/airflow/.local/lib/python3.10/site-packages/airflow/example_dags/example_python_decorator.py
[2025-02-19T06:43:29.943+0000] {processor.py:840} INFO - DAG(s) 'example_python_decorator' retrieved from /home/airflow/.local/lib/python3.10/site-packages/airflow/example_dags/example_python_decorator.py
[2025-02-19T06:43:30.182+0000] {logging_mixin.py:188} INFO - [2025-02-19T06:43:30.181+0000] {dag.py:3036} INFO - Sync 1 DAGs
[2025-02-19T06:43:30.215+0000] {logging_mixin.py:188} INFO - [2025-02-19T06:43:30.215+0000] {dag.py:3823} INFO - Setting next_dagrun for example_python_decorator to None, run_after=None
[2025-02-19T06:43:30.374+0000] {processor.py:183} INFO - Processing /home/airflow/.local/lib/python3.10/site-packages/airflow/example_dags/example_python_decorator.py took 0.492 seconds
[2025-02-19T06:44:52.371+0000] {processor.py:161} INFO - Started process (PID=89) to work on /home/airflow/.local/lib/python3.10/site-packages/airflow/example_dags/example_python_decorator.py
[2025-02-19T06:44:52.374+0000] {processor.py:830} INFO - Processing file /home/airflow/.local/lib/python3.10/site-packages/airflow/example_dags/example_python_decorator.py for tasks to queue
[2025-02-19T06:44:52.377+0000] {logging_mixin.py:188} INFO - [2025-02-19T06:44:52.376+0000] {dagbag.py:538} INFO - Filling up the DagBag from /home/airflow/.local/lib/python3.10/site-packages/airflow/example_dags/example_python_decorator.py
[2025-02-19T06:44:52.400+0000] {processor.py:840} INFO - DAG(s) 'example_python_decorator' retrieved from /home/airflow/.local/lib/python3.10/site-packages/airflow/example_dags/example_python_decorator.py
[2025-02-19T06:44:52.447+0000] {logging_mixin.py:188} INFO - [2025-02-19T06:44:52.446+0000] {dag.py:3036} INFO - Sync 1 DAGs
[2025-02-19T06:44:52.471+0000] {logging_mixin.py:188} INFO - [2025-02-19T06:44:52.470+0000] {dag.py:3823} INFO - Setting next_dagrun for example_python_decorator to None, run_after=None
[2025-02-19T06:44:52.610+0000] {processor.py:183} INFO - Processing /home/airflow/.local/lib/python3.10/site-packages/airflow/example_dags/example_python_decorator.py took 0.243 seconds
[2025-02-19T06:45:46.729+0000] {processor.py:161} INFO - Started process (PID=118) to work on /home/airflow/.local/lib/python3.10/site-packages/airflow/example_dags/example_python_decorator.py
[2025-02-19T06:45:46.732+0000] {processor.py:830} INFO - Processing file /home/airflow/.local/lib/python3.10/site-packages/airflow/example_dags/example_python_decorator.py for tasks to queue
[2025-02-19T06:45:46.734+0000] {logging_mixin.py:188} INFO - [2025-02-19T06:45:46.734+0000] {dagbag.py:538} INFO - Filling up the DagBag from /home/airflow/.local/lib/python3.10/site-packages/airflow/example_dags/example_python_decorator.py
[2025-02-19T06:45:46.757+0000] {processor.py:840} INFO - DAG(s) 'example_python_decorator' retrieved from /home/airflow/.local/lib/python3.10/site-packages/airflow/example_dags/example_python_decorator.py
[2025-02-19T06:45:46.819+0000] {logging_mixin.py:188} INFO - [2025-02-19T06:45:46.818+0000] {dag.py:3036} INFO - Sync 1 DAGs
[2025-02-19T06:45:46.869+0000] {logging_mixin.py:188} INFO - [2025-02-19T06:45:46.868+0000] {dag.py:3823} INFO - Setting next_dagrun for example_python_decorator to None, run_after=None
[2025-02-19T06:45:47.036+0000] {processor.py:183} INFO - Processing /home/airflow/.local/lib/python3.10/site-packages/airflow/example_dags/example_python_decorator.py took 0.312 seconds
[2025-02-19T06:46:38.036+0000] {processor.py:161} INFO - Started process (PID=152) to work on /home/airflow/.local/lib/python3.10/site-packages/airflow/example_dags/example_python_decorator.py
[2025-02-19T06:46:38.038+0000] {processor.py:830} INFO - Processing file /home/airflow/.local/lib/python3.10/site-packages/airflow/example_dags/example_python_decorator.py for tasks to queue
[2025-02-19T06:46:38.040+0000] {logging_mixin.py:188} INFO - [2025-02-19T06:46:38.039+0000] {dagbag.py:538} INFO - Filling up the DagBag from /home/airflow/.local/lib/python3.10/site-packages/airflow/example_dags/example_python_decorator.py
[2025-02-19T06:46:38.062+0000] {processor.py:840} INFO - DAG(s) 'example_python_decorator' retrieved from /home/airflow/.local/lib/python3.10/site-packages/airflow/example_dags/example_python_decorator.py
[2025-02-19T06:46:38.120+0000] {logging_mixin.py:188} INFO - [2025-02-19T06:46:38.120+0000] {dag.py:3036} INFO - Sync 1 DAGs
[2025-02-19T06:46:38.154+0000] {logging_mixin.py:188} INFO - [2025-02-19T06:46:38.154+0000] {dag.py:3823} INFO - Setting next_dagrun for example_python_decorator to None, run_after=None
[2025-02-19T06:46:38.271+0000] {processor.py:183} INFO - Processing /home/airflow/.local/lib/python3.10/site-packages/airflow/example_dags/example_python_decorator.py took 0.240 seconds
[2025-02-19T06:48:21.426+0000] {processor.py:161} INFO - Started process (PID=213) to work on /home/airflow/.local/lib/python3.10/site-packages/airflow/example_dags/example_python_decorator.py
[2025-02-19T06:48:21.428+0000] {processor.py:830} INFO - Processing file /home/airflow/.local/lib/python3.10/site-packages/airflow/example_dags/example_python_decorator.py for tasks to queue
[2025-02-19T06:48:21.430+0000] {logging_mixin.py:188} INFO - [2025-02-19T06:48:21.430+0000] {dagbag.py:538} INFO - Filling up the DagBag from /home/airflow/.local/lib/python3.10/site-packages/airflow/example_dags/example_python_decorator.py
[2025-02-19T06:48:21.456+0000] {processor.py:840} INFO - DAG(s) 'example_python_decorator' retrieved from /home/airflow/.local/lib/python3.10/site-packages/airflow/example_dags/example_python_decorator.py
[2025-02-19T06:48:21.503+0000] {logging_mixin.py:188} INFO - [2025-02-19T06:48:21.503+0000] {dag.py:3036} INFO - Sync 1 DAGs
[2025-02-19T06:48:21.527+0000] {logging_mixin.py:188} INFO - [2025-02-19T06:48:21.527+0000] {dag.py:3823} INFO - Setting next_dagrun for example_python_decorator to None, run_after=None
[2025-02-19T06:48:21.629+0000] {processor.py:183} INFO - Processing /home/airflow/.local/lib/python3.10/site-packages/airflow/example_dags/example_python_decorator.py took 0.207 seconds
[2025-02-19T06:50:03.758+0000] {processor.py:161} INFO - Started process (PID=274) to work on /home/airflow/.local/lib/python3.10/site-packages/airflow/example_dags/example_python_decorator.py
[2025-02-19T06:50:03.762+0000] {processor.py:830} INFO - Processing file /home/airflow/.local/lib/python3.10/site-packages/airflow/example_dags/example_python_decorator.py for tasks to queue
[2025-02-19T06:50:03.765+0000] {logging_mixin.py:188} INFO - [2025-02-19T06:50:03.764+0000] {dagbag.py:538} INFO - Filling up the DagBag from /home/airflow/.local/lib/python3.10/site-packages/airflow/example_dags/example_python_decorator.py
[2025-02-19T06:50:03.854+0000] {processor.py:840} INFO - DAG(s) 'example_python_decorator' retrieved from /home/airflow/.local/lib/python3.10/site-packages/airflow/example_dags/example_python_decorator.py
[2025-02-19T06:50:03.981+0000] {logging_mixin.py:188} INFO - [2025-02-19T06:50:03.980+0000] {dag.py:3036} INFO - Sync 1 DAGs
[2025-02-19T06:50:04.061+0000] {logging_mixin.py:188} INFO - [2025-02-19T06:50:04.061+0000] {dag.py:3823} INFO - Setting next_dagrun for example_python_decorator to None, run_after=None
[2025-02-19T06:50:04.270+0000] {processor.py:183} INFO - Processing /home/airflow/.local/lib/python3.10/site-packages/airflow/example_dags/example_python_decorator.py took 0.530 seconds
[2025-02-19T06:50:54.807+0000] {processor.py:161} INFO - Started process (PID=305) to work on /home/airflow/.local/lib/python3.10/site-packages/airflow/example_dags/example_python_decorator.py
[2025-02-19T06:50:54.809+0000] {processor.py:830} INFO - Processing file /home/airflow/.local/lib/python3.10/site-packages/airflow/example_dags/example_python_decorator.py for tasks to queue
[2025-02-19T06:50:54.811+0000] {logging_mixin.py:188} INFO - [2025-02-19T06:50:54.810+0000] {dagbag.py:538} INFO - Filling up the DagBag from /home/airflow/.local/lib/python3.10/site-packages/airflow/example_dags/example_python_decorator.py
[2025-02-19T06:50:54.854+0000] {processor.py:840} INFO - DAG(s) 'example_python_decorator' retrieved from /home/airflow/.local/lib/python3.10/site-packages/airflow/example_dags/example_python_decorator.py
[2025-02-19T06:50:54.916+0000] {logging_mixin.py:188} INFO - [2025-02-19T06:50:54.916+0000] {dag.py:3036} INFO - Sync 1 DAGs
[2025-02-19T06:50:54.965+0000] {logging_mixin.py:188} INFO - [2025-02-19T06:50:54.965+0000] {dag.py:3823} INFO - Setting next_dagrun for example_python_decorator to None, run_after=None
[2025-02-19T06:50:55.151+0000] {processor.py:183} INFO - Processing /home/airflow/.local/lib/python3.10/site-packages/airflow/example_dags/example_python_decorator.py took 0.353 seconds
[2025-02-19T06:51:46.316+0000] {processor.py:161} INFO - Started process (PID=337) to work on /home/airflow/.local/lib/python3.10/site-packages/airflow/example_dags/example_python_decorator.py
[2025-02-19T06:51:46.318+0000] {processor.py:830} INFO - Processing file /home/airflow/.local/lib/python3.10/site-packages/airflow/example_dags/example_python_decorator.py for tasks to queue
[2025-02-19T06:51:46.321+0000] {logging_mixin.py:188} INFO - [2025-02-19T06:51:46.320+0000] {dagbag.py:538} INFO - Filling up the DagBag from /home/airflow/.local/lib/python3.10/site-packages/airflow/example_dags/example_python_decorator.py
[2025-02-19T06:51:46.353+0000] {processor.py:840} INFO - DAG(s) 'example_python_decorator' retrieved from /home/airflow/.local/lib/python3.10/site-packages/airflow/example_dags/example_python_decorator.py
[2025-02-19T06:51:46.399+0000] {logging_mixin.py:188} INFO - [2025-02-19T06:51:46.399+0000] {dag.py:3036} INFO - Sync 1 DAGs
[2025-02-19T06:51:46.427+0000] {logging_mixin.py:188} INFO - [2025-02-19T06:51:46.427+0000] {dag.py:3823} INFO - Setting next_dagrun for example_python_decorator to None, run_after=None
[2025-02-19T06:51:46.539+0000] {processor.py:183} INFO - Processing /home/airflow/.local/lib/python3.10/site-packages/airflow/example_dags/example_python_decorator.py took 0.227 seconds
[2025-02-19T06:52:40.030+0000] {processor.py:161} INFO - Started process (PID=367) to work on /home/airflow/.local/lib/python3.10/site-packages/airflow/example_dags/example_python_decorator.py
[2025-02-19T06:52:40.033+0000] {processor.py:830} INFO - Processing file /home/airflow/.local/lib/python3.10/site-packages/airflow/example_dags/example_python_decorator.py for tasks to queue
[2025-02-19T06:52:40.045+0000] {logging_mixin.py:188} INFO - [2025-02-19T06:52:40.036+0000] {dagbag.py:538} INFO - Filling up the DagBag from /home/airflow/.local/lib/python3.10/site-packages/airflow/example_dags/example_python_decorator.py
[2025-02-19T06:52:40.110+0000] {processor.py:840} INFO - DAG(s) 'example_python_decorator' retrieved from /home/airflow/.local/lib/python3.10/site-packages/airflow/example_dags/example_python_decorator.py
[2025-02-19T06:52:40.221+0000] {logging_mixin.py:188} INFO - [2025-02-19T06:52:40.221+0000] {dag.py:3036} INFO - Sync 1 DAGs
[2025-02-19T06:52:40.280+0000] {logging_mixin.py:188} INFO - [2025-02-19T06:52:40.279+0000] {dag.py:3823} INFO - Setting next_dagrun for example_python_decorator to None, run_after=None
[2025-02-19T06:52:40.497+0000] {processor.py:183} INFO - Processing /home/airflow/.local/lib/python3.10/site-packages/airflow/example_dags/example_python_decorator.py took 0.484 seconds
[2025-02-19T06:53:35.215+0000] {processor.py:161} INFO - Started process (PID=402) to work on /home/airflow/.local/lib/python3.10/site-packages/airflow/example_dags/example_python_decorator.py
[2025-02-19T06:53:35.219+0000] {processor.py:830} INFO - Processing file /home/airflow/.local/lib/python3.10/site-packages/airflow/example_dags/example_python_decorator.py for tasks to queue
[2025-02-19T06:53:35.231+0000] {logging_mixin.py:188} INFO - [2025-02-19T06:53:35.230+0000] {dagbag.py:538} INFO - Filling up the DagBag from /home/airflow/.local/lib/python3.10/site-packages/airflow/example_dags/example_python_decorator.py
[2025-02-19T06:53:35.294+0000] {processor.py:840} INFO - DAG(s) 'example_python_decorator' retrieved from /home/airflow/.local/lib/python3.10/site-packages/airflow/example_dags/example_python_decorator.py
[2025-02-19T06:53:35.426+0000] {logging_mixin.py:188} INFO - [2025-02-19T06:53:35.425+0000] {dag.py:3036} INFO - Sync 1 DAGs
[2025-02-19T06:53:35.489+0000] {logging_mixin.py:188} INFO - [2025-02-19T06:53:35.489+0000] {dag.py:3823} INFO - Setting next_dagrun for example_python_decorator to None, run_after=None
[2025-02-19T06:53:35.697+0000] {processor.py:183} INFO - Processing /home/airflow/.local/lib/python3.10/site-packages/airflow/example_dags/example_python_decorator.py took 0.494 seconds
[2025-02-19T06:55:00.232+0000] {processor.py:161} INFO - Started process (PID=460) to work on /home/airflow/.local/lib/python3.10/site-packages/airflow/example_dags/example_python_decorator.py
[2025-02-19T06:55:00.234+0000] {processor.py:830} INFO - Processing file /home/airflow/.local/lib/python3.10/site-packages/airflow/example_dags/example_python_decorator.py for tasks to queue
[2025-02-19T06:55:00.236+0000] {logging_mixin.py:188} INFO - [2025-02-19T06:55:00.235+0000] {dagbag.py:538} INFO - Filling up the DagBag from /home/airflow/.local/lib/python3.10/site-packages/airflow/example_dags/example_python_decorator.py
[2025-02-19T06:55:00.270+0000] {processor.py:840} INFO - DAG(s) 'example_python_decorator' retrieved from /home/airflow/.local/lib/python3.10/site-packages/airflow/example_dags/example_python_decorator.py
[2025-02-19T06:55:00.335+0000] {logging_mixin.py:188} INFO - [2025-02-19T06:55:00.334+0000] {dag.py:3036} INFO - Sync 1 DAGs
[2025-02-19T06:55:00.381+0000] {logging_mixin.py:188} INFO - [2025-02-19T06:55:00.380+0000] {dag.py:3823} INFO - Setting next_dagrun for example_python_decorator to None, run_after=None
[2025-02-19T06:55:00.509+0000] {processor.py:183} INFO - Processing /home/airflow/.local/lib/python3.10/site-packages/airflow/example_dags/example_python_decorator.py took 0.283 seconds
[2025-02-19T06:56:23.808+0000] {processor.py:161} INFO - Started process (PID=516) to work on /home/airflow/.local/lib/python3.10/site-packages/airflow/example_dags/example_python_decorator.py
[2025-02-19T06:56:23.824+0000] {processor.py:830} INFO - Processing file /home/airflow/.local/lib/python3.10/site-packages/airflow/example_dags/example_python_decorator.py for tasks to queue
[2025-02-19T06:56:23.829+0000] {logging_mixin.py:188} INFO - [2025-02-19T06:56:23.828+0000] {dagbag.py:538} INFO - Filling up the DagBag from /home/airflow/.local/lib/python3.10/site-packages/airflow/example_dags/example_python_decorator.py
[2025-02-19T06:56:23.919+0000] {processor.py:840} INFO - DAG(s) 'example_python_decorator' retrieved from /home/airflow/.local/lib/python3.10/site-packages/airflow/example_dags/example_python_decorator.py
[2025-02-19T06:56:24.139+0000] {logging_mixin.py:188} INFO - [2025-02-19T06:56:24.139+0000] {dag.py:3036} INFO - Sync 1 DAGs
[2025-02-19T06:56:24.249+0000] {logging_mixin.py:188} INFO - [2025-02-19T06:56:24.248+0000] {dag.py:3823} INFO - Setting next_dagrun for example_python_decorator to None, run_after=None
[2025-02-19T06:56:24.496+0000] {processor.py:183} INFO - Processing /home/airflow/.local/lib/python3.10/site-packages/airflow/example_dags/example_python_decorator.py took 0.704 seconds
[2025-02-19T06:58:01.126+0000] {processor.py:161} INFO - Started process (PID=575) to work on /home/airflow/.local/lib/python3.10/site-packages/airflow/example_dags/example_python_decorator.py
[2025-02-19T06:58:01.130+0000] {processor.py:830} INFO - Processing file /home/airflow/.local/lib/python3.10/site-packages/airflow/example_dags/example_python_decorator.py for tasks to queue
[2025-02-19T06:58:01.135+0000] {logging_mixin.py:188} INFO - [2025-02-19T06:58:01.134+0000] {dagbag.py:538} INFO - Filling up the DagBag from /home/airflow/.local/lib/python3.10/site-packages/airflow/example_dags/example_python_decorator.py
[2025-02-19T06:58:01.179+0000] {processor.py:840} INFO - DAG(s) 'example_python_decorator' retrieved from /home/airflow/.local/lib/python3.10/site-packages/airflow/example_dags/example_python_decorator.py
[2025-02-19T06:58:01.257+0000] {logging_mixin.py:188} INFO - [2025-02-19T06:58:01.256+0000] {dag.py:3036} INFO - Sync 1 DAGs
[2025-02-19T06:58:01.306+0000] {logging_mixin.py:188} INFO - [2025-02-19T06:58:01.306+0000] {dag.py:3823} INFO - Setting next_dagrun for example_python_decorator to None, run_after=None
[2025-02-19T06:58:01.453+0000] {processor.py:183} INFO - Processing /home/airflow/.local/lib/python3.10/site-packages/airflow/example_dags/example_python_decorator.py took 0.333 seconds
[2025-02-19T06:59:29.272+0000] {processor.py:161} INFO - Started process (PID=633) to work on /home/airflow/.local/lib/python3.10/site-packages/airflow/example_dags/example_python_decorator.py
[2025-02-19T06:59:29.274+0000] {processor.py:830} INFO - Processing file /home/airflow/.local/lib/python3.10/site-packages/airflow/example_dags/example_python_decorator.py for tasks to queue
[2025-02-19T06:59:29.277+0000] {logging_mixin.py:188} INFO - [2025-02-19T06:59:29.276+0000] {dagbag.py:538} INFO - Filling up the DagBag from /home/airflow/.local/lib/python3.10/site-packages/airflow/example_dags/example_python_decorator.py
[2025-02-19T06:59:29.300+0000] {processor.py:840} INFO - DAG(s) 'example_python_decorator' retrieved from /home/airflow/.local/lib/python3.10/site-packages/airflow/example_dags/example_python_decorator.py
[2025-02-19T06:59:29.353+0000] {logging_mixin.py:188} INFO - [2025-02-19T06:59:29.352+0000] {dag.py:3036} INFO - Sync 1 DAGs
[2025-02-19T06:59:29.380+0000] {logging_mixin.py:188} INFO - [2025-02-19T06:59:29.380+0000] {dag.py:3823} INFO - Setting next_dagrun for example_python_decorator to None, run_after=None
[2025-02-19T06:59:29.521+0000] {processor.py:183} INFO - Processing /home/airflow/.local/lib/python3.10/site-packages/airflow/example_dags/example_python_decorator.py took 0.254 seconds
[2025-02-19T07:00:27.359+0000] {processor.py:161} INFO - Started process (PID=663) to work on /home/airflow/.local/lib/python3.10/site-packages/airflow/example_dags/example_python_decorator.py
[2025-02-19T07:00:27.361+0000] {processor.py:830} INFO - Processing file /home/airflow/.local/lib/python3.10/site-packages/airflow/example_dags/example_python_decorator.py for tasks to queue
[2025-02-19T07:00:27.364+0000] {logging_mixin.py:188} INFO - [2025-02-19T07:00:27.363+0000] {dagbag.py:538} INFO - Filling up the DagBag from /home/airflow/.local/lib/python3.10/site-packages/airflow/example_dags/example_python_decorator.py
[2025-02-19T07:00:27.387+0000] {processor.py:840} INFO - DAG(s) 'example_python_decorator' retrieved from /home/airflow/.local/lib/python3.10/site-packages/airflow/example_dags/example_python_decorator.py
[2025-02-19T07:00:27.440+0000] {logging_mixin.py:188} INFO - [2025-02-19T07:00:27.440+0000] {dag.py:3036} INFO - Sync 1 DAGs
[2025-02-19T07:00:27.484+0000] {logging_mixin.py:188} INFO - [2025-02-19T07:00:27.484+0000] {dag.py:3823} INFO - Setting next_dagrun for example_python_decorator to None, run_after=None
[2025-02-19T07:00:27.824+0000] {processor.py:183} INFO - Processing /home/airflow/.local/lib/python3.10/site-packages/airflow/example_dags/example_python_decorator.py took 0.470 seconds
[2025-02-19T07:01:20.264+0000] {processor.py:161} INFO - Started process (PID=698) to work on /home/airflow/.local/lib/python3.10/site-packages/airflow/example_dags/example_python_decorator.py
[2025-02-19T07:01:20.268+0000] {processor.py:830} INFO - Processing file /home/airflow/.local/lib/python3.10/site-packages/airflow/example_dags/example_python_decorator.py for tasks to queue
[2025-02-19T07:01:20.271+0000] {logging_mixin.py:188} INFO - [2025-02-19T07:01:20.270+0000] {dagbag.py:538} INFO - Filling up the DagBag from /home/airflow/.local/lib/python3.10/site-packages/airflow/example_dags/example_python_decorator.py
[2025-02-19T07:01:20.315+0000] {processor.py:840} INFO - DAG(s) 'example_python_decorator' retrieved from /home/airflow/.local/lib/python3.10/site-packages/airflow/example_dags/example_python_decorator.py
[2025-02-19T07:01:20.397+0000] {logging_mixin.py:188} INFO - [2025-02-19T07:01:20.397+0000] {dag.py:3036} INFO - Sync 1 DAGs
[2025-02-19T07:01:20.439+0000] {logging_mixin.py:188} INFO - [2025-02-19T07:01:20.439+0000] {dag.py:3823} INFO - Setting next_dagrun for example_python_decorator to None, run_after=None
[2025-02-19T07:01:20.606+0000] {processor.py:183} INFO - Processing /home/airflow/.local/lib/python3.10/site-packages/airflow/example_dags/example_python_decorator.py took 0.356 seconds
[2025-02-19T07:02:59.117+0000] {processor.py:161} INFO - Started process (PID=758) to work on /home/airflow/.local/lib/python3.10/site-packages/airflow/example_dags/example_python_decorator.py
[2025-02-19T07:02:59.118+0000] {processor.py:830} INFO - Processing file /home/airflow/.local/lib/python3.10/site-packages/airflow/example_dags/example_python_decorator.py for tasks to queue
[2025-02-19T07:02:59.120+0000] {logging_mixin.py:188} INFO - [2025-02-19T07:02:59.119+0000] {dagbag.py:538} INFO - Filling up the DagBag from /home/airflow/.local/lib/python3.10/site-packages/airflow/example_dags/example_python_decorator.py
[2025-02-19T07:02:59.148+0000] {processor.py:840} INFO - DAG(s) 'example_python_decorator' retrieved from /home/airflow/.local/lib/python3.10/site-packages/airflow/example_dags/example_python_decorator.py
[2025-02-19T07:02:59.204+0000] {logging_mixin.py:188} INFO - [2025-02-19T07:02:59.203+0000] {dag.py:3036} INFO - Sync 1 DAGs
[2025-02-19T07:02:59.233+0000] {logging_mixin.py:188} INFO - [2025-02-19T07:02:59.232+0000] {dag.py:3823} INFO - Setting next_dagrun for example_python_decorator to None, run_after=None
[2025-02-19T07:02:59.344+0000] {processor.py:183} INFO - Processing /home/airflow/.local/lib/python3.10/site-packages/airflow/example_dags/example_python_decorator.py took 0.234 seconds
[2025-02-19T07:04:57.704+0000] {processor.py:161} INFO - Started process (PID=818) to work on /home/airflow/.local/lib/python3.10/site-packages/airflow/example_dags/example_python_decorator.py
[2025-02-19T07:04:57.742+0000] {processor.py:830} INFO - Processing file /home/airflow/.local/lib/python3.10/site-packages/airflow/example_dags/example_python_decorator.py for tasks to queue
[2025-02-19T07:04:57.749+0000] {logging_mixin.py:188} INFO - [2025-02-19T07:04:57.747+0000] {dagbag.py:538} INFO - Filling up the DagBag from /home/airflow/.local/lib/python3.10/site-packages/airflow/example_dags/example_python_decorator.py
[2025-02-19T07:04:57.872+0000] {processor.py:840} INFO - DAG(s) 'example_python_decorator' retrieved from /home/airflow/.local/lib/python3.10/site-packages/airflow/example_dags/example_python_decorator.py
[2025-02-19T07:04:58.288+0000] {logging_mixin.py:188} INFO - [2025-02-19T07:04:58.285+0000] {dag.py:3036} INFO - Sync 1 DAGs
[2025-02-19T07:04:58.600+0000] {logging_mixin.py:188} INFO - [2025-02-19T07:04:58.599+0000] {dag.py:3823} INFO - Setting next_dagrun for example_python_decorator to None, run_after=None
[2025-02-19T07:05:02.109+0000] {processor.py:183} INFO - Processing /home/airflow/.local/lib/python3.10/site-packages/airflow/example_dags/example_python_decorator.py took 4.519 seconds
[2025-02-19T07:06:33.320+0000] {processor.py:161} INFO - Started process (PID=850) to work on /home/airflow/.local/lib/python3.10/site-packages/airflow/example_dags/example_python_decorator.py
[2025-02-19T07:06:33.323+0000] {processor.py:830} INFO - Processing file /home/airflow/.local/lib/python3.10/site-packages/airflow/example_dags/example_python_decorator.py for tasks to queue
[2025-02-19T07:06:33.327+0000] {logging_mixin.py:188} INFO - [2025-02-19T07:06:33.326+0000] {dagbag.py:538} INFO - Filling up the DagBag from /home/airflow/.local/lib/python3.10/site-packages/airflow/example_dags/example_python_decorator.py
[2025-02-19T07:06:33.408+0000] {processor.py:840} INFO - DAG(s) 'example_python_decorator' retrieved from /home/airflow/.local/lib/python3.10/site-packages/airflow/example_dags/example_python_decorator.py
[2025-02-19T07:06:33.605+0000] {logging_mixin.py:188} INFO - [2025-02-19T07:06:33.604+0000] {dag.py:3036} INFO - Sync 1 DAGs
[2025-02-19T07:06:33.701+0000] {logging_mixin.py:188} INFO - [2025-02-19T07:06:33.701+0000] {dag.py:3823} INFO - Setting next_dagrun for example_python_decorator to None, run_after=None
[2025-02-19T07:06:34.007+0000] {processor.py:183} INFO - Processing /home/airflow/.local/lib/python3.10/site-packages/airflow/example_dags/example_python_decorator.py took 0.697 seconds
[2025-02-19T07:07:58.593+0000] {processor.py:161} INFO - Started process (PID=889) to work on /home/airflow/.local/lib/python3.10/site-packages/airflow/example_dags/example_python_decorator.py
[2025-02-19T07:07:58.597+0000] {processor.py:830} INFO - Processing file /home/airflow/.local/lib/python3.10/site-packages/airflow/example_dags/example_python_decorator.py for tasks to queue
[2025-02-19T07:07:58.601+0000] {logging_mixin.py:188} INFO - [2025-02-19T07:07:58.600+0000] {dagbag.py:538} INFO - Filling up the DagBag from /home/airflow/.local/lib/python3.10/site-packages/airflow/example_dags/example_python_decorator.py
[2025-02-19T07:07:58.676+0000] {processor.py:840} INFO - DAG(s) 'example_python_decorator' retrieved from /home/airflow/.local/lib/python3.10/site-packages/airflow/example_dags/example_python_decorator.py
[2025-02-19T07:07:58.809+0000] {logging_mixin.py:188} INFO - [2025-02-19T07:07:58.808+0000] {dag.py:3036} INFO - Sync 1 DAGs
[2025-02-19T07:07:58.888+0000] {logging_mixin.py:188} INFO - [2025-02-19T07:07:58.887+0000] {dag.py:3823} INFO - Setting next_dagrun for example_python_decorator to None, run_after=None
[2025-02-19T07:07:59.097+0000] {processor.py:183} INFO - Processing /home/airflow/.local/lib/python3.10/site-packages/airflow/example_dags/example_python_decorator.py took 0.517 seconds
