[2025-02-19T05:56:36.958+0000] {processor.py:161} INFO - Started process (PID=68) to work on /home/airflow/.local/lib/python3.10/site-packages/airflow/example_dags/example_branch_datetime_operator.py
[2025-02-19T05:56:37.254+0000] {processor.py:830} INFO - Processing file /home/airflow/.local/lib/python3.10/site-packages/airflow/example_dags/example_branch_datetime_operator.py for tasks to queue
[2025-02-19T05:56:37.257+0000] {logging_mixin.py:188} INFO - [2025-02-19T05:56:37.256+0000] {dagbag.py:538} INFO - Filling up the DagBag from /home/airflow/.local/lib/python3.10/site-packages/airflow/example_dags/example_branch_datetime_operator.py
[2025-02-19T05:56:37.315+0000] {processor.py:840} INFO - DAG(s) 'example_branch_datetime_operator_2', 'example_branch_datetime_operator', 'example_branch_datetime_operator_3' retrieved from /home/airflow/.local/lib/python3.10/site-packages/airflow/example_dags/example_branch_datetime_operator.py
[2025-02-19T05:56:37.664+0000] {logging_mixin.py:188} INFO - [2025-02-19T05:56:37.663+0000] {dag.py:3036} INFO - Sync 3 DAGs
[2025-02-19T05:56:37.853+0000] {logging_mixin.py:188} INFO - [2025-02-19T05:56:37.853+0000] {dag.py:3823} INFO - Setting next_dagrun for example_branch_datetime_operator to 2025-02-18 00:00:00+00:00, run_after=2025-02-19 00:00:00+00:00
[2025-02-19T05:56:37.886+0000] {logging_mixin.py:188} INFO - [2025-02-19T05:56:37.885+0000] {dag.py:3823} INFO - Setting next_dagrun for example_branch_datetime_operator_2 to 2025-02-18 00:00:00+00:00, run_after=2025-02-19 00:00:00+00:00
[2025-02-19T05:56:37.913+0000] {logging_mixin.py:188} INFO - [2025-02-19T05:56:37.912+0000] {dag.py:3823} INFO - Setting next_dagrun for example_branch_datetime_operator_3 to 2025-02-18 00:00:00+00:00, run_after=2025-02-19 00:00:00+00:00
[2025-02-19T05:56:38.179+0000] {processor.py:183} INFO - Processing /home/airflow/.local/lib/python3.10/site-packages/airflow/example_dags/example_branch_datetime_operator.py took 1.240 seconds
[2025-02-19T05:59:05.051+0000] {processor.py:161} INFO - Started process (PID=117) to work on /home/airflow/.local/lib/python3.10/site-packages/airflow/example_dags/example_branch_datetime_operator.py
[2025-02-19T05:59:05.056+0000] {processor.py:830} INFO - Processing file /home/airflow/.local/lib/python3.10/site-packages/airflow/example_dags/example_branch_datetime_operator.py for tasks to queue
[2025-02-19T05:59:05.060+0000] {logging_mixin.py:188} INFO - [2025-02-19T05:59:05.059+0000] {dagbag.py:538} INFO - Filling up the DagBag from /home/airflow/.local/lib/python3.10/site-packages/airflow/example_dags/example_branch_datetime_operator.py
[2025-02-19T05:59:05.118+0000] {processor.py:840} INFO - DAG(s) 'example_branch_datetime_operator_3', 'example_branch_datetime_operator', 'example_branch_datetime_operator_2' retrieved from /home/airflow/.local/lib/python3.10/site-packages/airflow/example_dags/example_branch_datetime_operator.py
[2025-02-19T05:59:05.263+0000] {logging_mixin.py:188} INFO - [2025-02-19T05:59:05.262+0000] {dag.py:3036} INFO - Sync 3 DAGs
[2025-02-19T05:59:05.402+0000] {logging_mixin.py:188} INFO - [2025-02-19T05:59:05.401+0000] {dag.py:3823} INFO - Setting next_dagrun for example_branch_datetime_operator to 2025-02-18 00:00:00+00:00, run_after=2025-02-19 00:00:00+00:00
[2025-02-19T05:59:05.429+0000] {logging_mixin.py:188} INFO - [2025-02-19T05:59:05.429+0000] {dag.py:3823} INFO - Setting next_dagrun for example_branch_datetime_operator_2 to 2025-02-18 00:00:00+00:00, run_after=2025-02-19 00:00:00+00:00
[2025-02-19T05:59:05.447+0000] {logging_mixin.py:188} INFO - [2025-02-19T05:59:05.446+0000] {dag.py:3823} INFO - Setting next_dagrun for example_branch_datetime_operator_3 to 2025-02-18 00:00:00+00:00, run_after=2025-02-19 00:00:00+00:00
[2025-02-19T05:59:05.612+0000] {processor.py:183} INFO - Processing /home/airflow/.local/lib/python3.10/site-packages/airflow/example_dags/example_branch_datetime_operator.py took 0.575 seconds
[2025-02-19T06:01:08.710+0000] {processor.py:161} INFO - Started process (PID=183) to work on /home/airflow/.local/lib/python3.10/site-packages/airflow/example_dags/example_branch_datetime_operator.py
[2025-02-19T06:01:08.715+0000] {processor.py:830} INFO - Processing file /home/airflow/.local/lib/python3.10/site-packages/airflow/example_dags/example_branch_datetime_operator.py for tasks to queue
[2025-02-19T06:01:08.719+0000] {logging_mixin.py:188} INFO - [2025-02-19T06:01:08.717+0000] {dagbag.py:538} INFO - Filling up the DagBag from /home/airflow/.local/lib/python3.10/site-packages/airflow/example_dags/example_branch_datetime_operator.py
[2025-02-19T06:01:08.814+0000] {processor.py:840} INFO - DAG(s) 'example_branch_datetime_operator_3', 'example_branch_datetime_operator_2', 'example_branch_datetime_operator' retrieved from /home/airflow/.local/lib/python3.10/site-packages/airflow/example_dags/example_branch_datetime_operator.py
[2025-02-19T06:01:08.984+0000] {logging_mixin.py:188} INFO - [2025-02-19T06:01:08.983+0000] {dag.py:3036} INFO - Sync 3 DAGs
[2025-02-19T06:01:09.127+0000] {logging_mixin.py:188} INFO - [2025-02-19T06:01:09.126+0000] {dag.py:3823} INFO - Setting next_dagrun for example_branch_datetime_operator to 2025-02-18 00:00:00+00:00, run_after=2025-02-19 00:00:00+00:00
[2025-02-19T06:01:09.163+0000] {logging_mixin.py:188} INFO - [2025-02-19T06:01:09.163+0000] {dag.py:3823} INFO - Setting next_dagrun for example_branch_datetime_operator_2 to 2025-02-18 00:00:00+00:00, run_after=2025-02-19 00:00:00+00:00
[2025-02-19T06:01:09.193+0000] {logging_mixin.py:188} INFO - [2025-02-19T06:01:09.192+0000] {dag.py:3823} INFO - Setting next_dagrun for example_branch_datetime_operator_3 to 2025-02-18 00:00:00+00:00, run_after=2025-02-19 00:00:00+00:00
[2025-02-19T06:01:09.387+0000] {processor.py:183} INFO - Processing /home/airflow/.local/lib/python3.10/site-packages/airflow/example_dags/example_branch_datetime_operator.py took 0.699 seconds
[2025-02-19T06:02:58.582+0000] {processor.py:161} INFO - Started process (PID=249) to work on /home/airflow/.local/lib/python3.10/site-packages/airflow/example_dags/example_branch_datetime_operator.py
[2025-02-19T06:02:58.585+0000] {processor.py:830} INFO - Processing file /home/airflow/.local/lib/python3.10/site-packages/airflow/example_dags/example_branch_datetime_operator.py for tasks to queue
[2025-02-19T06:02:58.588+0000] {logging_mixin.py:188} INFO - [2025-02-19T06:02:58.587+0000] {dagbag.py:538} INFO - Filling up the DagBag from /home/airflow/.local/lib/python3.10/site-packages/airflow/example_dags/example_branch_datetime_operator.py
[2025-02-19T06:02:58.642+0000] {processor.py:840} INFO - DAG(s) 'example_branch_datetime_operator_2', 'example_branch_datetime_operator', 'example_branch_datetime_operator_3' retrieved from /home/airflow/.local/lib/python3.10/site-packages/airflow/example_dags/example_branch_datetime_operator.py
[2025-02-19T06:02:58.762+0000] {logging_mixin.py:188} INFO - [2025-02-19T06:02:58.761+0000] {dag.py:3036} INFO - Sync 3 DAGs
[2025-02-19T06:02:58.867+0000] {logging_mixin.py:188} INFO - [2025-02-19T06:02:58.866+0000] {dag.py:3823} INFO - Setting next_dagrun for example_branch_datetime_operator to 2025-02-18 00:00:00+00:00, run_after=2025-02-19 00:00:00+00:00
[2025-02-19T06:02:58.885+0000] {logging_mixin.py:188} INFO - [2025-02-19T06:02:58.885+0000] {dag.py:3823} INFO - Setting next_dagrun for example_branch_datetime_operator_2 to 2025-02-18 00:00:00+00:00, run_after=2025-02-19 00:00:00+00:00
[2025-02-19T06:02:58.899+0000] {logging_mixin.py:188} INFO - [2025-02-19T06:02:58.898+0000] {dag.py:3823} INFO - Setting next_dagrun for example_branch_datetime_operator_3 to 2025-02-18 00:00:00+00:00, run_after=2025-02-19 00:00:00+00:00
[2025-02-19T06:02:59.020+0000] {processor.py:183} INFO - Processing /home/airflow/.local/lib/python3.10/site-packages/airflow/example_dags/example_branch_datetime_operator.py took 0.464 seconds
[2025-02-19T06:04:41.056+0000] {processor.py:161} INFO - Started process (PID=310) to work on /home/airflow/.local/lib/python3.10/site-packages/airflow/example_dags/example_branch_datetime_operator.py
[2025-02-19T06:04:41.059+0000] {processor.py:830} INFO - Processing file /home/airflow/.local/lib/python3.10/site-packages/airflow/example_dags/example_branch_datetime_operator.py for tasks to queue
[2025-02-19T06:04:41.062+0000] {logging_mixin.py:188} INFO - [2025-02-19T06:04:41.062+0000] {dagbag.py:538} INFO - Filling up the DagBag from /home/airflow/.local/lib/python3.10/site-packages/airflow/example_dags/example_branch_datetime_operator.py
[2025-02-19T06:04:41.096+0000] {processor.py:840} INFO - DAG(s) 'example_branch_datetime_operator_3', 'example_branch_datetime_operator_2', 'example_branch_datetime_operator' retrieved from /home/airflow/.local/lib/python3.10/site-packages/airflow/example_dags/example_branch_datetime_operator.py
[2025-02-19T06:04:41.213+0000] {logging_mixin.py:188} INFO - [2025-02-19T06:04:41.212+0000] {dag.py:3036} INFO - Sync 3 DAGs
[2025-02-19T06:04:41.362+0000] {logging_mixin.py:188} INFO - [2025-02-19T06:04:41.361+0000] {dag.py:3823} INFO - Setting next_dagrun for example_branch_datetime_operator to 2025-02-18 00:00:00+00:00, run_after=2025-02-19 00:00:00+00:00
[2025-02-19T06:04:41.393+0000] {logging_mixin.py:188} INFO - [2025-02-19T06:04:41.392+0000] {dag.py:3823} INFO - Setting next_dagrun for example_branch_datetime_operator_2 to 2025-02-18 00:00:00+00:00, run_after=2025-02-19 00:00:00+00:00
[2025-02-19T06:04:41.409+0000] {logging_mixin.py:188} INFO - [2025-02-19T06:04:41.408+0000] {dag.py:3823} INFO - Setting next_dagrun for example_branch_datetime_operator_3 to 2025-02-18 00:00:00+00:00, run_after=2025-02-19 00:00:00+00:00
[2025-02-19T06:04:41.591+0000] {processor.py:183} INFO - Processing /home/airflow/.local/lib/python3.10/site-packages/airflow/example_dags/example_branch_datetime_operator.py took 0.545 seconds
[2025-02-19T06:06:33.803+0000] {processor.py:161} INFO - Started process (PID=374) to work on /home/airflow/.local/lib/python3.10/site-packages/airflow/example_dags/example_branch_datetime_operator.py
[2025-02-19T06:06:33.815+0000] {processor.py:830} INFO - Processing file /home/airflow/.local/lib/python3.10/site-packages/airflow/example_dags/example_branch_datetime_operator.py for tasks to queue
[2025-02-19T06:06:33.820+0000] {logging_mixin.py:188} INFO - [2025-02-19T06:06:33.819+0000] {dagbag.py:538} INFO - Filling up the DagBag from /home/airflow/.local/lib/python3.10/site-packages/airflow/example_dags/example_branch_datetime_operator.py
[2025-02-19T06:06:33.913+0000] {processor.py:840} INFO - DAG(s) 'example_branch_datetime_operator', 'example_branch_datetime_operator_3', 'example_branch_datetime_operator_2' retrieved from /home/airflow/.local/lib/python3.10/site-packages/airflow/example_dags/example_branch_datetime_operator.py
[2025-02-19T06:06:34.113+0000] {logging_mixin.py:188} INFO - [2025-02-19T06:06:34.112+0000] {dag.py:3036} INFO - Sync 3 DAGs
[2025-02-19T06:06:34.319+0000] {logging_mixin.py:188} INFO - [2025-02-19T06:06:34.319+0000] {dag.py:3823} INFO - Setting next_dagrun for example_branch_datetime_operator to 2025-02-18 00:00:00+00:00, run_after=2025-02-19 00:00:00+00:00
[2025-02-19T06:06:34.375+0000] {logging_mixin.py:188} INFO - [2025-02-19T06:06:34.374+0000] {dag.py:3823} INFO - Setting next_dagrun for example_branch_datetime_operator_2 to 2025-02-18 00:00:00+00:00, run_after=2025-02-19 00:00:00+00:00
[2025-02-19T06:06:34.404+0000] {logging_mixin.py:188} INFO - [2025-02-19T06:06:34.394+0000] {dag.py:3823} INFO - Setting next_dagrun for example_branch_datetime_operator_3 to 2025-02-18 00:00:00+00:00, run_after=2025-02-19 00:00:00+00:00
[2025-02-19T06:06:34.624+0000] {processor.py:183} INFO - Processing /home/airflow/.local/lib/python3.10/site-packages/airflow/example_dags/example_branch_datetime_operator.py took 0.830 seconds
[2025-02-19T06:08:44.458+0000] {processor.py:161} INFO - Started process (PID=440) to work on /home/airflow/.local/lib/python3.10/site-packages/airflow/example_dags/example_branch_datetime_operator.py
[2025-02-19T06:08:44.461+0000] {processor.py:830} INFO - Processing file /home/airflow/.local/lib/python3.10/site-packages/airflow/example_dags/example_branch_datetime_operator.py for tasks to queue
[2025-02-19T06:08:44.464+0000] {logging_mixin.py:188} INFO - [2025-02-19T06:08:44.463+0000] {dagbag.py:538} INFO - Filling up the DagBag from /home/airflow/.local/lib/python3.10/site-packages/airflow/example_dags/example_branch_datetime_operator.py
[2025-02-19T06:08:44.520+0000] {processor.py:840} INFO - DAG(s) 'example_branch_datetime_operator_2', 'example_branch_datetime_operator', 'example_branch_datetime_operator_3' retrieved from /home/airflow/.local/lib/python3.10/site-packages/airflow/example_dags/example_branch_datetime_operator.py
[2025-02-19T06:08:44.674+0000] {logging_mixin.py:188} INFO - [2025-02-19T06:08:44.673+0000] {dag.py:3036} INFO - Sync 3 DAGs
[2025-02-19T06:08:44.802+0000] {logging_mixin.py:188} INFO - [2025-02-19T06:08:44.800+0000] {dag.py:3823} INFO - Setting next_dagrun for example_branch_datetime_operator to 2025-02-18 00:00:00+00:00, run_after=2025-02-19 00:00:00+00:00
[2025-02-19T06:08:44.829+0000] {logging_mixin.py:188} INFO - [2025-02-19T06:08:44.829+0000] {dag.py:3823} INFO - Setting next_dagrun for example_branch_datetime_operator_2 to 2025-02-18 00:00:00+00:00, run_after=2025-02-19 00:00:00+00:00
[2025-02-19T06:08:44.847+0000] {logging_mixin.py:188} INFO - [2025-02-19T06:08:44.843+0000] {dag.py:3823} INFO - Setting next_dagrun for example_branch_datetime_operator_3 to 2025-02-18 00:00:00+00:00, run_after=2025-02-19 00:00:00+00:00
[2025-02-19T06:08:45.061+0000] {processor.py:183} INFO - Processing /home/airflow/.local/lib/python3.10/site-packages/airflow/example_dags/example_branch_datetime_operator.py took 0.621 seconds
[2025-02-19T06:10:24.462+0000] {processor.py:161} INFO - Started process (PID=503) to work on /home/airflow/.local/lib/python3.10/site-packages/airflow/example_dags/example_branch_datetime_operator.py
[2025-02-19T06:10:24.466+0000] {processor.py:830} INFO - Processing file /home/airflow/.local/lib/python3.10/site-packages/airflow/example_dags/example_branch_datetime_operator.py for tasks to queue
[2025-02-19T06:10:24.470+0000] {logging_mixin.py:188} INFO - [2025-02-19T06:10:24.469+0000] {dagbag.py:538} INFO - Filling up the DagBag from /home/airflow/.local/lib/python3.10/site-packages/airflow/example_dags/example_branch_datetime_operator.py
[2025-02-19T06:10:24.497+0000] {processor.py:840} INFO - DAG(s) 'example_branch_datetime_operator', 'example_branch_datetime_operator_2', 'example_branch_datetime_operator_3' retrieved from /home/airflow/.local/lib/python3.10/site-packages/airflow/example_dags/example_branch_datetime_operator.py
[2025-02-19T06:10:24.624+0000] {logging_mixin.py:188} INFO - [2025-02-19T06:10:24.621+0000] {dag.py:3036} INFO - Sync 3 DAGs
[2025-02-19T06:10:24.728+0000] {logging_mixin.py:188} INFO - [2025-02-19T06:10:24.727+0000] {dag.py:3823} INFO - Setting next_dagrun for example_branch_datetime_operator to 2025-02-18 00:00:00+00:00, run_after=2025-02-19 00:00:00+00:00
[2025-02-19T06:10:24.759+0000] {logging_mixin.py:188} INFO - [2025-02-19T06:10:24.758+0000] {dag.py:3823} INFO - Setting next_dagrun for example_branch_datetime_operator_2 to 2025-02-18 00:00:00+00:00, run_after=2025-02-19 00:00:00+00:00
[2025-02-19T06:10:24.776+0000] {logging_mixin.py:188} INFO - [2025-02-19T06:10:24.775+0000] {dag.py:3823} INFO - Setting next_dagrun for example_branch_datetime_operator_3 to 2025-02-18 00:00:00+00:00, run_after=2025-02-19 00:00:00+00:00
[2025-02-19T06:10:24.988+0000] {processor.py:183} INFO - Processing /home/airflow/.local/lib/python3.10/site-packages/airflow/example_dags/example_branch_datetime_operator.py took 0.535 seconds
[2025-02-19T06:12:17.658+0000] {processor.py:161} INFO - Started process (PID=565) to work on /home/airflow/.local/lib/python3.10/site-packages/airflow/example_dags/example_branch_datetime_operator.py
[2025-02-19T06:12:17.662+0000] {processor.py:830} INFO - Processing file /home/airflow/.local/lib/python3.10/site-packages/airflow/example_dags/example_branch_datetime_operator.py for tasks to queue
[2025-02-19T06:12:17.666+0000] {logging_mixin.py:188} INFO - [2025-02-19T06:12:17.665+0000] {dagbag.py:538} INFO - Filling up the DagBag from /home/airflow/.local/lib/python3.10/site-packages/airflow/example_dags/example_branch_datetime_operator.py
[2025-02-19T06:12:17.751+0000] {processor.py:840} INFO - DAG(s) 'example_branch_datetime_operator_2', 'example_branch_datetime_operator_3', 'example_branch_datetime_operator' retrieved from /home/airflow/.local/lib/python3.10/site-packages/airflow/example_dags/example_branch_datetime_operator.py
[2025-02-19T06:12:17.974+0000] {logging_mixin.py:188} INFO - [2025-02-19T06:12:17.967+0000] {dag.py:3036} INFO - Sync 3 DAGs
[2025-02-19T06:12:18.140+0000] {logging_mixin.py:188} INFO - [2025-02-19T06:12:18.131+0000] {dag.py:3823} INFO - Setting next_dagrun for example_branch_datetime_operator to 2025-02-18 00:00:00+00:00, run_after=2025-02-19 00:00:00+00:00
[2025-02-19T06:12:18.166+0000] {logging_mixin.py:188} INFO - [2025-02-19T06:12:18.165+0000] {dag.py:3823} INFO - Setting next_dagrun for example_branch_datetime_operator_2 to 2025-02-18 00:00:00+00:00, run_after=2025-02-19 00:00:00+00:00
[2025-02-19T06:12:18.185+0000] {logging_mixin.py:188} INFO - [2025-02-19T06:12:18.184+0000] {dag.py:3823} INFO - Setting next_dagrun for example_branch_datetime_operator_3 to 2025-02-18 00:00:00+00:00, run_after=2025-02-19 00:00:00+00:00
[2025-02-19T06:12:18.378+0000] {processor.py:183} INFO - Processing /home/airflow/.local/lib/python3.10/site-packages/airflow/example_dags/example_branch_datetime_operator.py took 0.738 seconds
[2025-02-19T06:14:02.926+0000] {processor.py:161} INFO - Started process (PID=630) to work on /home/airflow/.local/lib/python3.10/site-packages/airflow/example_dags/example_branch_datetime_operator.py
[2025-02-19T06:14:02.931+0000] {processor.py:830} INFO - Processing file /home/airflow/.local/lib/python3.10/site-packages/airflow/example_dags/example_branch_datetime_operator.py for tasks to queue
[2025-02-19T06:14:02.934+0000] {logging_mixin.py:188} INFO - [2025-02-19T06:14:02.933+0000] {dagbag.py:538} INFO - Filling up the DagBag from /home/airflow/.local/lib/python3.10/site-packages/airflow/example_dags/example_branch_datetime_operator.py
[2025-02-19T06:14:02.964+0000] {processor.py:840} INFO - DAG(s) 'example_branch_datetime_operator_3', 'example_branch_datetime_operator_2', 'example_branch_datetime_operator' retrieved from /home/airflow/.local/lib/python3.10/site-packages/airflow/example_dags/example_branch_datetime_operator.py
[2025-02-19T06:14:03.067+0000] {logging_mixin.py:188} INFO - [2025-02-19T06:14:03.067+0000] {dag.py:3036} INFO - Sync 3 DAGs
[2025-02-19T06:14:03.152+0000] {logging_mixin.py:188} INFO - [2025-02-19T06:14:03.151+0000] {dag.py:3823} INFO - Setting next_dagrun for example_branch_datetime_operator to 2025-02-18 00:00:00+00:00, run_after=2025-02-19 00:00:00+00:00
[2025-02-19T06:14:03.169+0000] {logging_mixin.py:188} INFO - [2025-02-19T06:14:03.168+0000] {dag.py:3823} INFO - Setting next_dagrun for example_branch_datetime_operator_2 to 2025-02-18 00:00:00+00:00, run_after=2025-02-19 00:00:00+00:00
[2025-02-19T06:14:03.178+0000] {logging_mixin.py:188} INFO - [2025-02-19T06:14:03.177+0000] {dag.py:3823} INFO - Setting next_dagrun for example_branch_datetime_operator_3 to 2025-02-18 00:00:00+00:00, run_after=2025-02-19 00:00:00+00:00
[2025-02-19T06:14:03.320+0000] {processor.py:183} INFO - Processing /home/airflow/.local/lib/python3.10/site-packages/airflow/example_dags/example_branch_datetime_operator.py took 0.406 seconds
[2025-02-19T06:15:37.055+0000] {processor.py:161} INFO - Started process (PID=690) to work on /home/airflow/.local/lib/python3.10/site-packages/airflow/example_dags/example_branch_datetime_operator.py
[2025-02-19T06:15:37.057+0000] {processor.py:830} INFO - Processing file /home/airflow/.local/lib/python3.10/site-packages/airflow/example_dags/example_branch_datetime_operator.py for tasks to queue
[2025-02-19T06:15:37.060+0000] {logging_mixin.py:188} INFO - [2025-02-19T06:15:37.059+0000] {dagbag.py:538} INFO - Filling up the DagBag from /home/airflow/.local/lib/python3.10/site-packages/airflow/example_dags/example_branch_datetime_operator.py
[2025-02-19T06:15:37.083+0000] {processor.py:840} INFO - DAG(s) 'example_branch_datetime_operator_3', 'example_branch_datetime_operator_2', 'example_branch_datetime_operator' retrieved from /home/airflow/.local/lib/python3.10/site-packages/airflow/example_dags/example_branch_datetime_operator.py
[2025-02-19T06:15:37.159+0000] {logging_mixin.py:188} INFO - [2025-02-19T06:15:37.159+0000] {dag.py:3036} INFO - Sync 3 DAGs
[2025-02-19T06:15:37.223+0000] {logging_mixin.py:188} INFO - [2025-02-19T06:15:37.222+0000] {dag.py:3823} INFO - Setting next_dagrun for example_branch_datetime_operator to 2025-02-18 00:00:00+00:00, run_after=2025-02-19 00:00:00+00:00
[2025-02-19T06:15:37.237+0000] {logging_mixin.py:188} INFO - [2025-02-19T06:15:37.237+0000] {dag.py:3823} INFO - Setting next_dagrun for example_branch_datetime_operator_2 to 2025-02-18 00:00:00+00:00, run_after=2025-02-19 00:00:00+00:00
[2025-02-19T06:15:37.247+0000] {logging_mixin.py:188} INFO - [2025-02-19T06:15:37.246+0000] {dag.py:3823} INFO - Setting next_dagrun for example_branch_datetime_operator_3 to 2025-02-18 00:00:00+00:00, run_after=2025-02-19 00:00:00+00:00
[2025-02-19T06:15:37.402+0000] {processor.py:183} INFO - Processing /home/airflow/.local/lib/python3.10/site-packages/airflow/example_dags/example_branch_datetime_operator.py took 0.360 seconds
[2025-02-19T06:17:39.953+0000] {processor.py:161} INFO - Started process (PID=757) to work on /home/airflow/.local/lib/python3.10/site-packages/airflow/example_dags/example_branch_datetime_operator.py
[2025-02-19T06:17:39.963+0000] {processor.py:830} INFO - Processing file /home/airflow/.local/lib/python3.10/site-packages/airflow/example_dags/example_branch_datetime_operator.py for tasks to queue
[2025-02-19T06:17:39.966+0000] {logging_mixin.py:188} INFO - [2025-02-19T06:17:39.965+0000] {dagbag.py:538} INFO - Filling up the DagBag from /home/airflow/.local/lib/python3.10/site-packages/airflow/example_dags/example_branch_datetime_operator.py
[2025-02-19T06:17:40.014+0000] {processor.py:840} INFO - DAG(s) 'example_branch_datetime_operator_2', 'example_branch_datetime_operator_3', 'example_branch_datetime_operator' retrieved from /home/airflow/.local/lib/python3.10/site-packages/airflow/example_dags/example_branch_datetime_operator.py
[2025-02-19T06:17:40.155+0000] {logging_mixin.py:188} INFO - [2025-02-19T06:17:40.154+0000] {dag.py:3036} INFO - Sync 3 DAGs
[2025-02-19T06:17:40.237+0000] {logging_mixin.py:188} INFO - [2025-02-19T06:17:40.237+0000] {dag.py:3823} INFO - Setting next_dagrun for example_branch_datetime_operator to 2025-02-18 00:00:00+00:00, run_after=2025-02-19 00:00:00+00:00
[2025-02-19T06:17:40.260+0000] {logging_mixin.py:188} INFO - [2025-02-19T06:17:40.259+0000] {dag.py:3823} INFO - Setting next_dagrun for example_branch_datetime_operator_2 to 2025-02-18 00:00:00+00:00, run_after=2025-02-19 00:00:00+00:00
[2025-02-19T06:17:40.274+0000] {logging_mixin.py:188} INFO - [2025-02-19T06:17:40.273+0000] {dag.py:3823} INFO - Setting next_dagrun for example_branch_datetime_operator_3 to 2025-02-18 00:00:00+00:00, run_after=2025-02-19 00:00:00+00:00
[2025-02-19T06:17:40.456+0000] {processor.py:183} INFO - Processing /home/airflow/.local/lib/python3.10/site-packages/airflow/example_dags/example_branch_datetime_operator.py took 0.511 seconds
[2025-02-19T06:19:14.735+0000] {processor.py:161} INFO - Started process (PID=818) to work on /home/airflow/.local/lib/python3.10/site-packages/airflow/example_dags/example_branch_datetime_operator.py
[2025-02-19T06:19:14.742+0000] {processor.py:830} INFO - Processing file /home/airflow/.local/lib/python3.10/site-packages/airflow/example_dags/example_branch_datetime_operator.py for tasks to queue
[2025-02-19T06:19:14.746+0000] {logging_mixin.py:188} INFO - [2025-02-19T06:19:14.745+0000] {dagbag.py:538} INFO - Filling up the DagBag from /home/airflow/.local/lib/python3.10/site-packages/airflow/example_dags/example_branch_datetime_operator.py
[2025-02-19T06:19:14.792+0000] {processor.py:840} INFO - DAG(s) 'example_branch_datetime_operator_3', 'example_branch_datetime_operator', 'example_branch_datetime_operator_2' retrieved from /home/airflow/.local/lib/python3.10/site-packages/airflow/example_dags/example_branch_datetime_operator.py
[2025-02-19T06:19:14.929+0000] {logging_mixin.py:188} INFO - [2025-02-19T06:19:14.928+0000] {dag.py:3036} INFO - Sync 3 DAGs
[2025-02-19T06:19:14.998+0000] {logging_mixin.py:188} INFO - [2025-02-19T06:19:14.997+0000] {dag.py:3823} INFO - Setting next_dagrun for example_branch_datetime_operator to 2025-02-18 00:00:00+00:00, run_after=2025-02-19 00:00:00+00:00
[2025-02-19T06:19:15.014+0000] {logging_mixin.py:188} INFO - [2025-02-19T06:19:15.013+0000] {dag.py:3823} INFO - Setting next_dagrun for example_branch_datetime_operator_2 to 2025-02-18 00:00:00+00:00, run_after=2025-02-19 00:00:00+00:00
[2025-02-19T06:19:15.022+0000] {logging_mixin.py:188} INFO - [2025-02-19T06:19:15.021+0000] {dag.py:3823} INFO - Setting next_dagrun for example_branch_datetime_operator_3 to 2025-02-18 00:00:00+00:00, run_after=2025-02-19 00:00:00+00:00
[2025-02-19T06:19:15.148+0000] {processor.py:183} INFO - Processing /home/airflow/.local/lib/python3.10/site-packages/airflow/example_dags/example_branch_datetime_operator.py took 0.421 seconds
[2025-02-19T06:20:52.112+0000] {processor.py:161} INFO - Started process (PID=877) to work on /home/airflow/.local/lib/python3.10/site-packages/airflow/example_dags/example_branch_datetime_operator.py
[2025-02-19T06:20:52.115+0000] {processor.py:830} INFO - Processing file /home/airflow/.local/lib/python3.10/site-packages/airflow/example_dags/example_branch_datetime_operator.py for tasks to queue
[2025-02-19T06:20:52.117+0000] {logging_mixin.py:188} INFO - [2025-02-19T06:20:52.117+0000] {dagbag.py:538} INFO - Filling up the DagBag from /home/airflow/.local/lib/python3.10/site-packages/airflow/example_dags/example_branch_datetime_operator.py
[2025-02-19T06:20:52.151+0000] {processor.py:840} INFO - DAG(s) 'example_branch_datetime_operator', 'example_branch_datetime_operator_3', 'example_branch_datetime_operator_2' retrieved from /home/airflow/.local/lib/python3.10/site-packages/airflow/example_dags/example_branch_datetime_operator.py
[2025-02-19T06:20:52.248+0000] {logging_mixin.py:188} INFO - [2025-02-19T06:20:52.247+0000] {dag.py:3036} INFO - Sync 3 DAGs
[2025-02-19T06:20:52.312+0000] {logging_mixin.py:188} INFO - [2025-02-19T06:20:52.311+0000] {dag.py:3823} INFO - Setting next_dagrun for example_branch_datetime_operator to 2025-02-18 00:00:00+00:00, run_after=2025-02-19 00:00:00+00:00
[2025-02-19T06:20:52.328+0000] {logging_mixin.py:188} INFO - [2025-02-19T06:20:52.327+0000] {dag.py:3823} INFO - Setting next_dagrun for example_branch_datetime_operator_2 to 2025-02-18 00:00:00+00:00, run_after=2025-02-19 00:00:00+00:00
[2025-02-19T06:20:52.338+0000] {logging_mixin.py:188} INFO - [2025-02-19T06:20:52.338+0000] {dag.py:3823} INFO - Setting next_dagrun for example_branch_datetime_operator_3 to 2025-02-18 00:00:00+00:00, run_after=2025-02-19 00:00:00+00:00
[2025-02-19T06:20:52.489+0000] {processor.py:183} INFO - Processing /home/airflow/.local/lib/python3.10/site-packages/airflow/example_dags/example_branch_datetime_operator.py took 0.385 seconds
[2025-02-19T06:22:51.770+0000] {processor.py:161} INFO - Started process (PID=942) to work on /home/airflow/.local/lib/python3.10/site-packages/airflow/example_dags/example_branch_datetime_operator.py
[2025-02-19T06:22:51.774+0000] {processor.py:830} INFO - Processing file /home/airflow/.local/lib/python3.10/site-packages/airflow/example_dags/example_branch_datetime_operator.py for tasks to queue
[2025-02-19T06:22:51.777+0000] {logging_mixin.py:188} INFO - [2025-02-19T06:22:51.776+0000] {dagbag.py:538} INFO - Filling up the DagBag from /home/airflow/.local/lib/python3.10/site-packages/airflow/example_dags/example_branch_datetime_operator.py
[2025-02-19T06:22:51.827+0000] {processor.py:840} INFO - DAG(s) 'example_branch_datetime_operator_3', 'example_branch_datetime_operator_2', 'example_branch_datetime_operator' retrieved from /home/airflow/.local/lib/python3.10/site-packages/airflow/example_dags/example_branch_datetime_operator.py
[2025-02-19T06:22:51.964+0000] {logging_mixin.py:188} INFO - [2025-02-19T06:22:51.963+0000] {dag.py:3036} INFO - Sync 3 DAGs
[2025-02-19T06:22:52.066+0000] {logging_mixin.py:188} INFO - [2025-02-19T06:22:52.065+0000] {dag.py:3823} INFO - Setting next_dagrun for example_branch_datetime_operator to 2025-02-18 00:00:00+00:00, run_after=2025-02-19 00:00:00+00:00
[2025-02-19T06:22:52.097+0000] {logging_mixin.py:188} INFO - [2025-02-19T06:22:52.097+0000] {dag.py:3823} INFO - Setting next_dagrun for example_branch_datetime_operator_2 to 2025-02-18 00:00:00+00:00, run_after=2025-02-19 00:00:00+00:00
[2025-02-19T06:22:52.123+0000] {logging_mixin.py:188} INFO - [2025-02-19T06:22:52.122+0000] {dag.py:3823} INFO - Setting next_dagrun for example_branch_datetime_operator_3 to 2025-02-18 00:00:00+00:00, run_after=2025-02-19 00:00:00+00:00
[2025-02-19T06:22:52.325+0000] {processor.py:183} INFO - Processing /home/airflow/.local/lib/python3.10/site-packages/airflow/example_dags/example_branch_datetime_operator.py took 0.563 seconds
[2025-02-19T06:25:05.963+0000] {processor.py:161} INFO - Started process (PID=1010) to work on /home/airflow/.local/lib/python3.10/site-packages/airflow/example_dags/example_branch_datetime_operator.py
[2025-02-19T06:25:05.966+0000] {processor.py:830} INFO - Processing file /home/airflow/.local/lib/python3.10/site-packages/airflow/example_dags/example_branch_datetime_operator.py for tasks to queue
[2025-02-19T06:25:05.977+0000] {logging_mixin.py:188} INFO - [2025-02-19T06:25:05.976+0000] {dagbag.py:538} INFO - Filling up the DagBag from /home/airflow/.local/lib/python3.10/site-packages/airflow/example_dags/example_branch_datetime_operator.py
[2025-02-19T06:25:06.050+0000] {processor.py:840} INFO - DAG(s) 'example_branch_datetime_operator_2', 'example_branch_datetime_operator_3', 'example_branch_datetime_operator' retrieved from /home/airflow/.local/lib/python3.10/site-packages/airflow/example_dags/example_branch_datetime_operator.py
[2025-02-19T06:25:06.358+0000] {logging_mixin.py:188} INFO - [2025-02-19T06:25:06.358+0000] {dag.py:3036} INFO - Sync 3 DAGs
[2025-02-19T06:25:06.563+0000] {logging_mixin.py:188} INFO - [2025-02-19T06:25:06.562+0000] {dag.py:3823} INFO - Setting next_dagrun for example_branch_datetime_operator to 2025-02-18 00:00:00+00:00, run_after=2025-02-19 00:00:00+00:00
[2025-02-19T06:25:06.613+0000] {logging_mixin.py:188} INFO - [2025-02-19T06:25:06.612+0000] {dag.py:3823} INFO - Setting next_dagrun for example_branch_datetime_operator_2 to 2025-02-18 00:00:00+00:00, run_after=2025-02-19 00:00:00+00:00
[2025-02-19T06:25:06.644+0000] {logging_mixin.py:188} INFO - [2025-02-19T06:25:06.643+0000] {dag.py:3823} INFO - Setting next_dagrun for example_branch_datetime_operator_3 to 2025-02-18 00:00:00+00:00, run_after=2025-02-19 00:00:00+00:00
[2025-02-19T06:25:06.855+0000] {processor.py:183} INFO - Processing /home/airflow/.local/lib/python3.10/site-packages/airflow/example_dags/example_branch_datetime_operator.py took 0.912 seconds
[2025-02-19T06:30:57.628+0000] {processor.py:161} INFO - Started process (PID=68) to work on /home/airflow/.local/lib/python3.10/site-packages/airflow/example_dags/example_branch_datetime_operator.py
[2025-02-19T06:30:57.631+0000] {processor.py:830} INFO - Processing file /home/airflow/.local/lib/python3.10/site-packages/airflow/example_dags/example_branch_datetime_operator.py for tasks to queue
[2025-02-19T06:30:57.636+0000] {logging_mixin.py:188} INFO - [2025-02-19T06:30:57.633+0000] {dagbag.py:538} INFO - Filling up the DagBag from /home/airflow/.local/lib/python3.10/site-packages/airflow/example_dags/example_branch_datetime_operator.py
[2025-02-19T06:30:57.680+0000] {processor.py:840} INFO - DAG(s) 'example_branch_datetime_operator_2', 'example_branch_datetime_operator_3', 'example_branch_datetime_operator' retrieved from /home/airflow/.local/lib/python3.10/site-packages/airflow/example_dags/example_branch_datetime_operator.py
[2025-02-19T06:30:57.785+0000] {logging_mixin.py:188} INFO - [2025-02-19T06:30:57.785+0000] {dag.py:3036} INFO - Sync 3 DAGs
[2025-02-19T06:30:57.855+0000] {logging_mixin.py:188} INFO - [2025-02-19T06:30:57.854+0000] {dag.py:3823} INFO - Setting next_dagrun for example_branch_datetime_operator to 2025-02-18 00:00:00+00:00, run_after=2025-02-19 00:00:00+00:00
[2025-02-19T06:30:57.878+0000] {logging_mixin.py:188} INFO - [2025-02-19T06:30:57.877+0000] {dag.py:3823} INFO - Setting next_dagrun for example_branch_datetime_operator_2 to 2025-02-18 00:00:00+00:00, run_after=2025-02-19 00:00:00+00:00
[2025-02-19T06:30:57.890+0000] {logging_mixin.py:188} INFO - [2025-02-19T06:30:57.889+0000] {dag.py:3823} INFO - Setting next_dagrun for example_branch_datetime_operator_3 to 2025-02-18 00:00:00+00:00, run_after=2025-02-19 00:00:00+00:00
[2025-02-19T06:30:58.028+0000] {processor.py:183} INFO - Processing /home/airflow/.local/lib/python3.10/site-packages/airflow/example_dags/example_branch_datetime_operator.py took 0.407 seconds
[2025-02-19T06:33:14.822+0000] {processor.py:161} INFO - Started process (PID=136) to work on /home/airflow/.local/lib/python3.10/site-packages/airflow/example_dags/example_branch_datetime_operator.py
[2025-02-19T06:33:14.832+0000] {processor.py:830} INFO - Processing file /home/airflow/.local/lib/python3.10/site-packages/airflow/example_dags/example_branch_datetime_operator.py for tasks to queue
[2025-02-19T06:33:14.838+0000] {logging_mixin.py:188} INFO - [2025-02-19T06:33:14.837+0000] {dagbag.py:538} INFO - Filling up the DagBag from /home/airflow/.local/lib/python3.10/site-packages/airflow/example_dags/example_branch_datetime_operator.py
[2025-02-19T06:33:14.899+0000] {processor.py:840} INFO - DAG(s) 'example_branch_datetime_operator_2', 'example_branch_datetime_operator_3', 'example_branch_datetime_operator' retrieved from /home/airflow/.local/lib/python3.10/site-packages/airflow/example_dags/example_branch_datetime_operator.py
[2025-02-19T06:33:15.051+0000] {logging_mixin.py:188} INFO - [2025-02-19T06:33:15.050+0000] {dag.py:3036} INFO - Sync 3 DAGs
[2025-02-19T06:33:15.161+0000] {logging_mixin.py:188} INFO - [2025-02-19T06:33:15.161+0000] {dag.py:3823} INFO - Setting next_dagrun for example_branch_datetime_operator to 2025-02-18 00:00:00+00:00, run_after=2025-02-19 00:00:00+00:00
[2025-02-19T06:33:15.189+0000] {logging_mixin.py:188} INFO - [2025-02-19T06:33:15.188+0000] {dag.py:3823} INFO - Setting next_dagrun for example_branch_datetime_operator_2 to 2025-02-18 00:00:00+00:00, run_after=2025-02-19 00:00:00+00:00
[2025-02-19T06:33:15.206+0000] {logging_mixin.py:188} INFO - [2025-02-19T06:33:15.205+0000] {dag.py:3823} INFO - Setting next_dagrun for example_branch_datetime_operator_3 to 2025-02-18 00:00:00+00:00, run_after=2025-02-19 00:00:00+00:00
[2025-02-19T06:33:15.431+0000] {processor.py:183} INFO - Processing /home/airflow/.local/lib/python3.10/site-packages/airflow/example_dags/example_branch_datetime_operator.py took 0.618 seconds
[2025-02-19T06:34:59.251+0000] {processor.py:161} INFO - Started process (PID=199) to work on /home/airflow/.local/lib/python3.10/site-packages/airflow/example_dags/example_branch_datetime_operator.py
[2025-02-19T06:34:59.262+0000] {processor.py:830} INFO - Processing file /home/airflow/.local/lib/python3.10/site-packages/airflow/example_dags/example_branch_datetime_operator.py for tasks to queue
[2025-02-19T06:34:59.265+0000] {logging_mixin.py:188} INFO - [2025-02-19T06:34:59.264+0000] {dagbag.py:538} INFO - Filling up the DagBag from /home/airflow/.local/lib/python3.10/site-packages/airflow/example_dags/example_branch_datetime_operator.py
[2025-02-19T06:34:59.321+0000] {processor.py:840} INFO - DAG(s) 'example_branch_datetime_operator', 'example_branch_datetime_operator_2', 'example_branch_datetime_operator_3' retrieved from /home/airflow/.local/lib/python3.10/site-packages/airflow/example_dags/example_branch_datetime_operator.py
[2025-02-19T06:34:59.462+0000] {logging_mixin.py:188} INFO - [2025-02-19T06:34:59.461+0000] {dag.py:3036} INFO - Sync 3 DAGs
[2025-02-19T06:34:59.540+0000] {logging_mixin.py:188} INFO - [2025-02-19T06:34:59.539+0000] {dag.py:3823} INFO - Setting next_dagrun for example_branch_datetime_operator to 2025-02-18 00:00:00+00:00, run_after=2025-02-19 00:00:00+00:00
[2025-02-19T06:34:59.553+0000] {logging_mixin.py:188} INFO - [2025-02-19T06:34:59.553+0000] {dag.py:3823} INFO - Setting next_dagrun for example_branch_datetime_operator_2 to 2025-02-18 00:00:00+00:00, run_after=2025-02-19 00:00:00+00:00
[2025-02-19T06:34:59.557+0000] {logging_mixin.py:188} INFO - [2025-02-19T06:34:59.557+0000] {dag.py:3823} INFO - Setting next_dagrun for example_branch_datetime_operator_3 to 2025-02-18 00:00:00+00:00, run_after=2025-02-19 00:00:00+00:00
[2025-02-19T06:34:59.691+0000] {processor.py:183} INFO - Processing /home/airflow/.local/lib/python3.10/site-packages/airflow/example_dags/example_branch_datetime_operator.py took 0.453 seconds
[2025-02-19T06:36:44.214+0000] {processor.py:161} INFO - Started process (PID=260) to work on /home/airflow/.local/lib/python3.10/site-packages/airflow/example_dags/example_branch_datetime_operator.py
[2025-02-19T06:36:44.221+0000] {processor.py:830} INFO - Processing file /home/airflow/.local/lib/python3.10/site-packages/airflow/example_dags/example_branch_datetime_operator.py for tasks to queue
[2025-02-19T06:36:44.225+0000] {logging_mixin.py:188} INFO - [2025-02-19T06:36:44.224+0000] {dagbag.py:538} INFO - Filling up the DagBag from /home/airflow/.local/lib/python3.10/site-packages/airflow/example_dags/example_branch_datetime_operator.py
[2025-02-19T06:36:44.287+0000] {processor.py:840} INFO - DAG(s) 'example_branch_datetime_operator_3', 'example_branch_datetime_operator_2', 'example_branch_datetime_operator' retrieved from /home/airflow/.local/lib/python3.10/site-packages/airflow/example_dags/example_branch_datetime_operator.py
[2025-02-19T06:36:44.479+0000] {logging_mixin.py:188} INFO - [2025-02-19T06:36:44.478+0000] {dag.py:3036} INFO - Sync 3 DAGs
[2025-02-19T06:36:44.678+0000] {logging_mixin.py:188} INFO - [2025-02-19T06:36:44.677+0000] {dag.py:3823} INFO - Setting next_dagrun for example_branch_datetime_operator to 2025-02-18 00:00:00+00:00, run_after=2025-02-19 00:00:00+00:00
[2025-02-19T06:36:44.728+0000] {logging_mixin.py:188} INFO - [2025-02-19T06:36:44.727+0000] {dag.py:3823} INFO - Setting next_dagrun for example_branch_datetime_operator_2 to 2025-02-18 00:00:00+00:00, run_after=2025-02-19 00:00:00+00:00
[2025-02-19T06:36:44.771+0000] {logging_mixin.py:188} INFO - [2025-02-19T06:36:44.760+0000] {dag.py:3823} INFO - Setting next_dagrun for example_branch_datetime_operator_3 to 2025-02-18 00:00:00+00:00, run_after=2025-02-19 00:00:00+00:00
[2025-02-19T06:36:45.050+0000] {processor.py:183} INFO - Processing /home/airflow/.local/lib/python3.10/site-packages/airflow/example_dags/example_branch_datetime_operator.py took 0.856 seconds
[2025-02-19T06:38:27.480+0000] {processor.py:161} INFO - Started process (PID=324) to work on /home/airflow/.local/lib/python3.10/site-packages/airflow/example_dags/example_branch_datetime_operator.py
[2025-02-19T06:38:27.482+0000] {processor.py:830} INFO - Processing file /home/airflow/.local/lib/python3.10/site-packages/airflow/example_dags/example_branch_datetime_operator.py for tasks to queue
[2025-02-19T06:38:27.485+0000] {logging_mixin.py:188} INFO - [2025-02-19T06:38:27.484+0000] {dagbag.py:538} INFO - Filling up the DagBag from /home/airflow/.local/lib/python3.10/site-packages/airflow/example_dags/example_branch_datetime_operator.py
[2025-02-19T06:38:27.520+0000] {processor.py:840} INFO - DAG(s) 'example_branch_datetime_operator_2', 'example_branch_datetime_operator', 'example_branch_datetime_operator_3' retrieved from /home/airflow/.local/lib/python3.10/site-packages/airflow/example_dags/example_branch_datetime_operator.py
[2025-02-19T06:38:27.614+0000] {logging_mixin.py:188} INFO - [2025-02-19T06:38:27.614+0000] {dag.py:3036} INFO - Sync 3 DAGs
[2025-02-19T06:38:27.686+0000] {logging_mixin.py:188} INFO - [2025-02-19T06:38:27.685+0000] {dag.py:3823} INFO - Setting next_dagrun for example_branch_datetime_operator to 2025-02-18 00:00:00+00:00, run_after=2025-02-19 00:00:00+00:00
[2025-02-19T06:38:27.706+0000] {logging_mixin.py:188} INFO - [2025-02-19T06:38:27.706+0000] {dag.py:3823} INFO - Setting next_dagrun for example_branch_datetime_operator_2 to 2025-02-18 00:00:00+00:00, run_after=2025-02-19 00:00:00+00:00
[2025-02-19T06:38:27.716+0000] {logging_mixin.py:188} INFO - [2025-02-19T06:38:27.716+0000] {dag.py:3823} INFO - Setting next_dagrun for example_branch_datetime_operator_3 to 2025-02-18 00:00:00+00:00, run_after=2025-02-19 00:00:00+00:00
[2025-02-19T06:38:27.855+0000] {processor.py:183} INFO - Processing /home/airflow/.local/lib/python3.10/site-packages/airflow/example_dags/example_branch_datetime_operator.py took 0.382 seconds
[2025-02-19T06:40:47.858+0000] {processor.py:161} INFO - Started process (PID=389) to work on /home/airflow/.local/lib/python3.10/site-packages/airflow/example_dags/example_branch_datetime_operator.py
[2025-02-19T06:40:47.860+0000] {processor.py:830} INFO - Processing file /home/airflow/.local/lib/python3.10/site-packages/airflow/example_dags/example_branch_datetime_operator.py for tasks to queue
[2025-02-19T06:40:47.863+0000] {logging_mixin.py:188} INFO - [2025-02-19T06:40:47.862+0000] {dagbag.py:538} INFO - Filling up the DagBag from /home/airflow/.local/lib/python3.10/site-packages/airflow/example_dags/example_branch_datetime_operator.py
[2025-02-19T06:40:47.889+0000] {processor.py:840} INFO - DAG(s) 'example_branch_datetime_operator_2', 'example_branch_datetime_operator_3', 'example_branch_datetime_operator' retrieved from /home/airflow/.local/lib/python3.10/site-packages/airflow/example_dags/example_branch_datetime_operator.py
[2025-02-19T06:40:47.968+0000] {logging_mixin.py:188} INFO - [2025-02-19T06:40:47.967+0000] {dag.py:3036} INFO - Sync 3 DAGs
[2025-02-19T06:40:48.027+0000] {logging_mixin.py:188} INFO - [2025-02-19T06:40:48.027+0000] {dag.py:3823} INFO - Setting next_dagrun for example_branch_datetime_operator to 2025-02-18 00:00:00+00:00, run_after=2025-02-19 00:00:00+00:00
[2025-02-19T06:40:48.040+0000] {logging_mixin.py:188} INFO - [2025-02-19T06:40:48.039+0000] {dag.py:3823} INFO - Setting next_dagrun for example_branch_datetime_operator_2 to 2025-02-18 00:00:00+00:00, run_after=2025-02-19 00:00:00+00:00
[2025-02-19T06:40:48.047+0000] {logging_mixin.py:188} INFO - [2025-02-19T06:40:48.047+0000] {dag.py:3823} INFO - Setting next_dagrun for example_branch_datetime_operator_3 to 2025-02-18 00:00:00+00:00, run_after=2025-02-19 00:00:00+00:00
[2025-02-19T06:40:48.158+0000] {processor.py:183} INFO - Processing /home/airflow/.local/lib/python3.10/site-packages/airflow/example_dags/example_branch_datetime_operator.py took 0.307 seconds
[2025-02-19T06:44:18.782+0000] {processor.py:161} INFO - Started process (PID=68) to work on /home/airflow/.local/lib/python3.10/site-packages/airflow/example_dags/example_branch_datetime_operator.py
[2025-02-19T06:44:18.788+0000] {processor.py:830} INFO - Processing file /home/airflow/.local/lib/python3.10/site-packages/airflow/example_dags/example_branch_datetime_operator.py for tasks to queue
[2025-02-19T06:44:18.793+0000] {logging_mixin.py:188} INFO - [2025-02-19T06:44:18.791+0000] {dagbag.py:538} INFO - Filling up the DagBag from /home/airflow/.local/lib/python3.10/site-packages/airflow/example_dags/example_branch_datetime_operator.py
[2025-02-19T06:44:18.830+0000] {processor.py:840} INFO - DAG(s) 'example_branch_datetime_operator_3', 'example_branch_datetime_operator_2', 'example_branch_datetime_operator' retrieved from /home/airflow/.local/lib/python3.10/site-packages/airflow/example_dags/example_branch_datetime_operator.py
[2025-02-19T06:44:18.929+0000] {logging_mixin.py:188} INFO - [2025-02-19T06:44:18.928+0000] {dag.py:3036} INFO - Sync 3 DAGs
[2025-02-19T06:44:19.003+0000] {logging_mixin.py:188} INFO - [2025-02-19T06:44:19.002+0000] {dag.py:3823} INFO - Setting next_dagrun for example_branch_datetime_operator to 2025-02-18 00:00:00+00:00, run_after=2025-02-19 00:00:00+00:00
[2025-02-19T06:44:19.022+0000] {logging_mixin.py:188} INFO - [2025-02-19T06:44:19.021+0000] {dag.py:3823} INFO - Setting next_dagrun for example_branch_datetime_operator_2 to 2025-02-18 00:00:00+00:00, run_after=2025-02-19 00:00:00+00:00
[2025-02-19T06:44:19.034+0000] {logging_mixin.py:188} INFO - [2025-02-19T06:44:19.033+0000] {dag.py:3823} INFO - Setting next_dagrun for example_branch_datetime_operator_3 to 2025-02-18 00:00:00+00:00, run_after=2025-02-19 00:00:00+00:00
[2025-02-19T06:44:19.183+0000] {processor.py:183} INFO - Processing /home/airflow/.local/lib/python3.10/site-packages/airflow/example_dags/example_branch_datetime_operator.py took 0.412 seconds
[2025-02-19T06:46:06.272+0000] {processor.py:161} INFO - Started process (PID=131) to work on /home/airflow/.local/lib/python3.10/site-packages/airflow/example_dags/example_branch_datetime_operator.py
[2025-02-19T06:46:06.275+0000] {processor.py:830} INFO - Processing file /home/airflow/.local/lib/python3.10/site-packages/airflow/example_dags/example_branch_datetime_operator.py for tasks to queue
[2025-02-19T06:46:06.277+0000] {logging_mixin.py:188} INFO - [2025-02-19T06:46:06.276+0000] {dagbag.py:538} INFO - Filling up the DagBag from /home/airflow/.local/lib/python3.10/site-packages/airflow/example_dags/example_branch_datetime_operator.py
[2025-02-19T06:46:06.302+0000] {processor.py:840} INFO - DAG(s) 'example_branch_datetime_operator_3', 'example_branch_datetime_operator', 'example_branch_datetime_operator_2' retrieved from /home/airflow/.local/lib/python3.10/site-packages/airflow/example_dags/example_branch_datetime_operator.py
[2025-02-19T06:46:06.397+0000] {logging_mixin.py:188} INFO - [2025-02-19T06:46:06.397+0000] {dag.py:3036} INFO - Sync 3 DAGs
[2025-02-19T06:46:06.464+0000] {logging_mixin.py:188} INFO - [2025-02-19T06:46:06.464+0000] {dag.py:3823} INFO - Setting next_dagrun for example_branch_datetime_operator to 2025-02-18 00:00:00+00:00, run_after=2025-02-19 00:00:00+00:00
[2025-02-19T06:46:06.480+0000] {logging_mixin.py:188} INFO - [2025-02-19T06:46:06.480+0000] {dag.py:3823} INFO - Setting next_dagrun for example_branch_datetime_operator_2 to 2025-02-18 00:00:00+00:00, run_after=2025-02-19 00:00:00+00:00
[2025-02-19T06:46:06.494+0000] {logging_mixin.py:188} INFO - [2025-02-19T06:46:06.493+0000] {dag.py:3823} INFO - Setting next_dagrun for example_branch_datetime_operator_3 to 2025-02-18 00:00:00+00:00, run_after=2025-02-19 00:00:00+00:00
[2025-02-19T06:46:06.626+0000] {processor.py:183} INFO - Processing /home/airflow/.local/lib/python3.10/site-packages/airflow/example_dags/example_branch_datetime_operator.py took 0.360 seconds
[2025-02-19T06:47:50.885+0000] {processor.py:161} INFO - Started process (PID=192) to work on /home/airflow/.local/lib/python3.10/site-packages/airflow/example_dags/example_branch_datetime_operator.py
[2025-02-19T06:47:50.888+0000] {processor.py:830} INFO - Processing file /home/airflow/.local/lib/python3.10/site-packages/airflow/example_dags/example_branch_datetime_operator.py for tasks to queue
[2025-02-19T06:47:50.889+0000] {logging_mixin.py:188} INFO - [2025-02-19T06:47:50.889+0000] {dagbag.py:538} INFO - Filling up the DagBag from /home/airflow/.local/lib/python3.10/site-packages/airflow/example_dags/example_branch_datetime_operator.py
[2025-02-19T06:47:50.915+0000] {processor.py:840} INFO - DAG(s) 'example_branch_datetime_operator_3', 'example_branch_datetime_operator', 'example_branch_datetime_operator_2' retrieved from /home/airflow/.local/lib/python3.10/site-packages/airflow/example_dags/example_branch_datetime_operator.py
[2025-02-19T06:47:50.994+0000] {logging_mixin.py:188} INFO - [2025-02-19T06:47:50.994+0000] {dag.py:3036} INFO - Sync 3 DAGs
[2025-02-19T06:47:51.082+0000] {logging_mixin.py:188} INFO - [2025-02-19T06:47:51.082+0000] {dag.py:3823} INFO - Setting next_dagrun for example_branch_datetime_operator to 2025-02-18 00:00:00+00:00, run_after=2025-02-19 00:00:00+00:00
[2025-02-19T06:47:51.104+0000] {logging_mixin.py:188} INFO - [2025-02-19T06:47:51.103+0000] {dag.py:3823} INFO - Setting next_dagrun for example_branch_datetime_operator_2 to 2025-02-18 00:00:00+00:00, run_after=2025-02-19 00:00:00+00:00
[2025-02-19T06:47:51.116+0000] {logging_mixin.py:188} INFO - [2025-02-19T06:47:51.116+0000] {dag.py:3823} INFO - Setting next_dagrun for example_branch_datetime_operator_3 to 2025-02-18 00:00:00+00:00, run_after=2025-02-19 00:00:00+00:00
[2025-02-19T06:47:51.307+0000] {processor.py:183} INFO - Processing /home/airflow/.local/lib/python3.10/site-packages/airflow/example_dags/example_branch_datetime_operator.py took 0.428 seconds
[2025-02-19T06:49:29.268+0000] {processor.py:161} INFO - Started process (PID=253) to work on /home/airflow/.local/lib/python3.10/site-packages/airflow/example_dags/example_branch_datetime_operator.py
[2025-02-19T06:49:29.272+0000] {processor.py:830} INFO - Processing file /home/airflow/.local/lib/python3.10/site-packages/airflow/example_dags/example_branch_datetime_operator.py for tasks to queue
[2025-02-19T06:49:29.275+0000] {logging_mixin.py:188} INFO - [2025-02-19T06:49:29.274+0000] {dagbag.py:538} INFO - Filling up the DagBag from /home/airflow/.local/lib/python3.10/site-packages/airflow/example_dags/example_branch_datetime_operator.py
[2025-02-19T06:49:29.318+0000] {processor.py:840} INFO - DAG(s) 'example_branch_datetime_operator', 'example_branch_datetime_operator_3', 'example_branch_datetime_operator_2' retrieved from /home/airflow/.local/lib/python3.10/site-packages/airflow/example_dags/example_branch_datetime_operator.py
[2025-02-19T06:49:29.475+0000] {logging_mixin.py:188} INFO - [2025-02-19T06:49:29.474+0000] {dag.py:3036} INFO - Sync 3 DAGs
[2025-02-19T06:49:29.564+0000] {logging_mixin.py:188} INFO - [2025-02-19T06:49:29.563+0000] {dag.py:3823} INFO - Setting next_dagrun for example_branch_datetime_operator to 2025-02-18 00:00:00+00:00, run_after=2025-02-19 00:00:00+00:00
[2025-02-19T06:49:29.577+0000] {logging_mixin.py:188} INFO - [2025-02-19T06:49:29.577+0000] {dag.py:3823} INFO - Setting next_dagrun for example_branch_datetime_operator_2 to 2025-02-18 00:00:00+00:00, run_after=2025-02-19 00:00:00+00:00
[2025-02-19T06:49:29.587+0000] {logging_mixin.py:188} INFO - [2025-02-19T06:49:29.587+0000] {dag.py:3823} INFO - Setting next_dagrun for example_branch_datetime_operator_3 to 2025-02-18 00:00:00+00:00, run_after=2025-02-19 00:00:00+00:00
[2025-02-19T06:49:29.706+0000] {processor.py:183} INFO - Processing /home/airflow/.local/lib/python3.10/site-packages/airflow/example_dags/example_branch_datetime_operator.py took 0.454 seconds
[2025-02-19T06:51:11.638+0000] {processor.py:161} INFO - Started process (PID=316) to work on /home/airflow/.local/lib/python3.10/site-packages/airflow/example_dags/example_branch_datetime_operator.py
[2025-02-19T06:51:11.641+0000] {processor.py:830} INFO - Processing file /home/airflow/.local/lib/python3.10/site-packages/airflow/example_dags/example_branch_datetime_operator.py for tasks to queue
[2025-02-19T06:51:11.644+0000] {logging_mixin.py:188} INFO - [2025-02-19T06:51:11.643+0000] {dagbag.py:538} INFO - Filling up the DagBag from /home/airflow/.local/lib/python3.10/site-packages/airflow/example_dags/example_branch_datetime_operator.py
[2025-02-19T06:51:11.687+0000] {processor.py:840} INFO - DAG(s) 'example_branch_datetime_operator', 'example_branch_datetime_operator_3', 'example_branch_datetime_operator_2' retrieved from /home/airflow/.local/lib/python3.10/site-packages/airflow/example_dags/example_branch_datetime_operator.py
[2025-02-19T06:51:11.812+0000] {logging_mixin.py:188} INFO - [2025-02-19T06:51:11.812+0000] {dag.py:3036} INFO - Sync 3 DAGs
[2025-02-19T06:51:11.900+0000] {logging_mixin.py:188} INFO - [2025-02-19T06:51:11.899+0000] {dag.py:3823} INFO - Setting next_dagrun for example_branch_datetime_operator to 2025-02-18 00:00:00+00:00, run_after=2025-02-19 00:00:00+00:00
[2025-02-19T06:51:11.925+0000] {logging_mixin.py:188} INFO - [2025-02-19T06:51:11.924+0000] {dag.py:3823} INFO - Setting next_dagrun for example_branch_datetime_operator_2 to 2025-02-18 00:00:00+00:00, run_after=2025-02-19 00:00:00+00:00
[2025-02-19T06:51:11.942+0000] {logging_mixin.py:188} INFO - [2025-02-19T06:51:11.942+0000] {dag.py:3823} INFO - Setting next_dagrun for example_branch_datetime_operator_3 to 2025-02-18 00:00:00+00:00, run_after=2025-02-19 00:00:00+00:00
[2025-02-19T06:51:12.086+0000] {processor.py:183} INFO - Processing /home/airflow/.local/lib/python3.10/site-packages/airflow/example_dags/example_branch_datetime_operator.py took 0.466 seconds
[2025-02-19T06:52:59.457+0000] {processor.py:161} INFO - Started process (PID=381) to work on /home/airflow/.local/lib/python3.10/site-packages/airflow/example_dags/example_branch_datetime_operator.py
[2025-02-19T06:52:59.460+0000] {processor.py:830} INFO - Processing file /home/airflow/.local/lib/python3.10/site-packages/airflow/example_dags/example_branch_datetime_operator.py for tasks to queue
[2025-02-19T06:52:59.465+0000] {logging_mixin.py:188} INFO - [2025-02-19T06:52:59.463+0000] {dagbag.py:538} INFO - Filling up the DagBag from /home/airflow/.local/lib/python3.10/site-packages/airflow/example_dags/example_branch_datetime_operator.py
[2025-02-19T06:52:59.509+0000] {processor.py:840} INFO - DAG(s) 'example_branch_datetime_operator', 'example_branch_datetime_operator_2', 'example_branch_datetime_operator_3' retrieved from /home/airflow/.local/lib/python3.10/site-packages/airflow/example_dags/example_branch_datetime_operator.py
[2025-02-19T06:52:59.640+0000] {logging_mixin.py:188} INFO - [2025-02-19T06:52:59.639+0000] {dag.py:3036} INFO - Sync 3 DAGs
[2025-02-19T06:52:59.712+0000] {logging_mixin.py:188} INFO - [2025-02-19T06:52:59.712+0000] {dag.py:3823} INFO - Setting next_dagrun for example_branch_datetime_operator to 2025-02-18 00:00:00+00:00, run_after=2025-02-19 00:00:00+00:00
[2025-02-19T06:52:59.725+0000] {logging_mixin.py:188} INFO - [2025-02-19T06:52:59.724+0000] {dag.py:3823} INFO - Setting next_dagrun for example_branch_datetime_operator_2 to 2025-02-18 00:00:00+00:00, run_after=2025-02-19 00:00:00+00:00
[2025-02-19T06:52:59.734+0000] {logging_mixin.py:188} INFO - [2025-02-19T06:52:59.734+0000] {dag.py:3823} INFO - Setting next_dagrun for example_branch_datetime_operator_3 to 2025-02-18 00:00:00+00:00, run_after=2025-02-19 00:00:00+00:00
[2025-02-19T06:52:59.853+0000] {processor.py:183} INFO - Processing /home/airflow/.local/lib/python3.10/site-packages/airflow/example_dags/example_branch_datetime_operator.py took 0.405 seconds
[2025-02-19T06:54:33.620+0000] {processor.py:161} INFO - Started process (PID=440) to work on /home/airflow/.local/lib/python3.10/site-packages/airflow/example_dags/example_branch_datetime_operator.py
[2025-02-19T06:54:33.622+0000] {processor.py:830} INFO - Processing file /home/airflow/.local/lib/python3.10/site-packages/airflow/example_dags/example_branch_datetime_operator.py for tasks to queue
[2025-02-19T06:54:33.624+0000] {logging_mixin.py:188} INFO - [2025-02-19T06:54:33.623+0000] {dagbag.py:538} INFO - Filling up the DagBag from /home/airflow/.local/lib/python3.10/site-packages/airflow/example_dags/example_branch_datetime_operator.py
[2025-02-19T06:54:33.643+0000] {processor.py:840} INFO - DAG(s) 'example_branch_datetime_operator_2', 'example_branch_datetime_operator', 'example_branch_datetime_operator_3' retrieved from /home/airflow/.local/lib/python3.10/site-packages/airflow/example_dags/example_branch_datetime_operator.py
[2025-02-19T06:54:33.720+0000] {logging_mixin.py:188} INFO - [2025-02-19T06:54:33.720+0000] {dag.py:3036} INFO - Sync 3 DAGs
[2025-02-19T06:54:33.772+0000] {logging_mixin.py:188} INFO - [2025-02-19T06:54:33.771+0000] {dag.py:3823} INFO - Setting next_dagrun for example_branch_datetime_operator to 2025-02-18 00:00:00+00:00, run_after=2025-02-19 00:00:00+00:00
[2025-02-19T06:54:33.790+0000] {logging_mixin.py:188} INFO - [2025-02-19T06:54:33.789+0000] {dag.py:3823} INFO - Setting next_dagrun for example_branch_datetime_operator_2 to 2025-02-18 00:00:00+00:00, run_after=2025-02-19 00:00:00+00:00
[2025-02-19T06:54:33.799+0000] {logging_mixin.py:188} INFO - [2025-02-19T06:54:33.798+0000] {dag.py:3823} INFO - Setting next_dagrun for example_branch_datetime_operator_3 to 2025-02-18 00:00:00+00:00, run_after=2025-02-19 00:00:00+00:00
[2025-02-19T06:54:33.951+0000] {processor.py:183} INFO - Processing /home/airflow/.local/lib/python3.10/site-packages/airflow/example_dags/example_branch_datetime_operator.py took 0.337 seconds
[2025-02-19T06:55:52.878+0000] {processor.py:161} INFO - Started process (PID=495) to work on /home/airflow/.local/lib/python3.10/site-packages/airflow/example_dags/example_branch_datetime_operator.py
[2025-02-19T06:55:52.880+0000] {processor.py:830} INFO - Processing file /home/airflow/.local/lib/python3.10/site-packages/airflow/example_dags/example_branch_datetime_operator.py for tasks to queue
[2025-02-19T06:55:52.882+0000] {logging_mixin.py:188} INFO - [2025-02-19T06:55:52.881+0000] {dagbag.py:538} INFO - Filling up the DagBag from /home/airflow/.local/lib/python3.10/site-packages/airflow/example_dags/example_branch_datetime_operator.py
[2025-02-19T06:55:52.898+0000] {processor.py:840} INFO - DAG(s) 'example_branch_datetime_operator_3', 'example_branch_datetime_operator', 'example_branch_datetime_operator_2' retrieved from /home/airflow/.local/lib/python3.10/site-packages/airflow/example_dags/example_branch_datetime_operator.py
[2025-02-19T06:55:52.973+0000] {logging_mixin.py:188} INFO - [2025-02-19T06:55:52.972+0000] {dag.py:3036} INFO - Sync 3 DAGs
[2025-02-19T06:55:53.040+0000] {logging_mixin.py:188} INFO - [2025-02-19T06:55:53.039+0000] {dag.py:3823} INFO - Setting next_dagrun for example_branch_datetime_operator to 2025-02-18 00:00:00+00:00, run_after=2025-02-19 00:00:00+00:00
[2025-02-19T06:55:53.067+0000] {logging_mixin.py:188} INFO - [2025-02-19T06:55:53.066+0000] {dag.py:3823} INFO - Setting next_dagrun for example_branch_datetime_operator_2 to 2025-02-18 00:00:00+00:00, run_after=2025-02-19 00:00:00+00:00
[2025-02-19T06:55:53.077+0000] {logging_mixin.py:188} INFO - [2025-02-19T06:55:53.077+0000] {dag.py:3823} INFO - Setting next_dagrun for example_branch_datetime_operator_3 to 2025-02-18 00:00:00+00:00, run_after=2025-02-19 00:00:00+00:00
[2025-02-19T06:55:53.262+0000] {processor.py:183} INFO - Processing /home/airflow/.local/lib/python3.10/site-packages/airflow/example_dags/example_branch_datetime_operator.py took 0.389 seconds
[2025-02-19T06:57:31.046+0000] {processor.py:161} INFO - Started process (PID=554) to work on /home/airflow/.local/lib/python3.10/site-packages/airflow/example_dags/example_branch_datetime_operator.py
[2025-02-19T06:57:31.048+0000] {processor.py:830} INFO - Processing file /home/airflow/.local/lib/python3.10/site-packages/airflow/example_dags/example_branch_datetime_operator.py for tasks to queue
[2025-02-19T06:57:31.051+0000] {logging_mixin.py:188} INFO - [2025-02-19T06:57:31.051+0000] {dagbag.py:538} INFO - Filling up the DagBag from /home/airflow/.local/lib/python3.10/site-packages/airflow/example_dags/example_branch_datetime_operator.py
[2025-02-19T06:57:31.084+0000] {processor.py:840} INFO - DAG(s) 'example_branch_datetime_operator_2', 'example_branch_datetime_operator_3', 'example_branch_datetime_operator' retrieved from /home/airflow/.local/lib/python3.10/site-packages/airflow/example_dags/example_branch_datetime_operator.py
[2025-02-19T06:57:31.171+0000] {logging_mixin.py:188} INFO - [2025-02-19T06:57:31.170+0000] {dag.py:3036} INFO - Sync 3 DAGs
[2025-02-19T06:57:31.226+0000] {logging_mixin.py:188} INFO - [2025-02-19T06:57:31.225+0000] {dag.py:3823} INFO - Setting next_dagrun for example_branch_datetime_operator to 2025-02-18 00:00:00+00:00, run_after=2025-02-19 00:00:00+00:00
[2025-02-19T06:57:31.238+0000] {logging_mixin.py:188} INFO - [2025-02-19T06:57:31.238+0000] {dag.py:3823} INFO - Setting next_dagrun for example_branch_datetime_operator_2 to 2025-02-18 00:00:00+00:00, run_after=2025-02-19 00:00:00+00:00
[2025-02-19T06:57:31.247+0000] {logging_mixin.py:188} INFO - [2025-02-19T06:57:31.246+0000] {dag.py:3823} INFO - Setting next_dagrun for example_branch_datetime_operator_3 to 2025-02-18 00:00:00+00:00, run_after=2025-02-19 00:00:00+00:00
[2025-02-19T06:57:31.413+0000] {processor.py:183} INFO - Processing /home/airflow/.local/lib/python3.10/site-packages/airflow/example_dags/example_branch_datetime_operator.py took 0.374 seconds
[2025-02-19T06:58:58.052+0000] {processor.py:161} INFO - Started process (PID=612) to work on /home/airflow/.local/lib/python3.10/site-packages/airflow/example_dags/example_branch_datetime_operator.py
[2025-02-19T06:58:58.055+0000] {processor.py:830} INFO - Processing file /home/airflow/.local/lib/python3.10/site-packages/airflow/example_dags/example_branch_datetime_operator.py for tasks to queue
[2025-02-19T06:58:58.057+0000] {logging_mixin.py:188} INFO - [2025-02-19T06:58:58.057+0000] {dagbag.py:538} INFO - Filling up the DagBag from /home/airflow/.local/lib/python3.10/site-packages/airflow/example_dags/example_branch_datetime_operator.py
[2025-02-19T06:58:58.076+0000] {processor.py:840} INFO - DAG(s) 'example_branch_datetime_operator', 'example_branch_datetime_operator_2', 'example_branch_datetime_operator_3' retrieved from /home/airflow/.local/lib/python3.10/site-packages/airflow/example_dags/example_branch_datetime_operator.py
[2025-02-19T06:58:58.156+0000] {logging_mixin.py:188} INFO - [2025-02-19T06:58:58.155+0000] {dag.py:3036} INFO - Sync 3 DAGs
[2025-02-19T06:58:58.213+0000] {logging_mixin.py:188} INFO - [2025-02-19T06:58:58.213+0000] {dag.py:3823} INFO - Setting next_dagrun for example_branch_datetime_operator to 2025-02-18 00:00:00+00:00, run_after=2025-02-19 00:00:00+00:00
[2025-02-19T06:58:58.226+0000] {logging_mixin.py:188} INFO - [2025-02-19T06:58:58.226+0000] {dag.py:3823} INFO - Setting next_dagrun for example_branch_datetime_operator_2 to 2025-02-18 00:00:00+00:00, run_after=2025-02-19 00:00:00+00:00
[2025-02-19T06:58:58.232+0000] {logging_mixin.py:188} INFO - [2025-02-19T06:58:58.232+0000] {dag.py:3823} INFO - Setting next_dagrun for example_branch_datetime_operator_3 to 2025-02-18 00:00:00+00:00, run_after=2025-02-19 00:00:00+00:00
[2025-02-19T06:58:58.337+0000] {processor.py:183} INFO - Processing /home/airflow/.local/lib/python3.10/site-packages/airflow/example_dags/example_branch_datetime_operator.py took 0.290 seconds
[2025-02-19T07:00:49.971+0000] {processor.py:161} INFO - Started process (PID=677) to work on /home/airflow/.local/lib/python3.10/site-packages/airflow/example_dags/example_branch_datetime_operator.py
[2025-02-19T07:00:49.974+0000] {processor.py:830} INFO - Processing file /home/airflow/.local/lib/python3.10/site-packages/airflow/example_dags/example_branch_datetime_operator.py for tasks to queue
[2025-02-19T07:00:49.978+0000] {logging_mixin.py:188} INFO - [2025-02-19T07:00:49.977+0000] {dagbag.py:538} INFO - Filling up the DagBag from /home/airflow/.local/lib/python3.10/site-packages/airflow/example_dags/example_branch_datetime_operator.py
[2025-02-19T07:00:50.025+0000] {processor.py:840} INFO - DAG(s) 'example_branch_datetime_operator', 'example_branch_datetime_operator_3', 'example_branch_datetime_operator_2' retrieved from /home/airflow/.local/lib/python3.10/site-packages/airflow/example_dags/example_branch_datetime_operator.py
[2025-02-19T07:00:50.138+0000] {logging_mixin.py:188} INFO - [2025-02-19T07:00:50.138+0000] {dag.py:3036} INFO - Sync 3 DAGs
[2025-02-19T07:00:50.217+0000] {logging_mixin.py:188} INFO - [2025-02-19T07:00:50.217+0000] {dag.py:3823} INFO - Setting next_dagrun for example_branch_datetime_operator to 2025-02-18 00:00:00+00:00, run_after=2025-02-19 00:00:00+00:00
[2025-02-19T07:00:50.238+0000] {logging_mixin.py:188} INFO - [2025-02-19T07:00:50.238+0000] {dag.py:3823} INFO - Setting next_dagrun for example_branch_datetime_operator_2 to 2025-02-18 00:00:00+00:00, run_after=2025-02-19 00:00:00+00:00
[2025-02-19T07:00:50.248+0000] {logging_mixin.py:188} INFO - [2025-02-19T07:00:50.247+0000] {dag.py:3823} INFO - Setting next_dagrun for example_branch_datetime_operator_3 to 2025-02-18 00:00:00+00:00, run_after=2025-02-19 00:00:00+00:00
[2025-02-19T07:00:50.397+0000] {processor.py:183} INFO - Processing /home/airflow/.local/lib/python3.10/site-packages/airflow/example_dags/example_branch_datetime_operator.py took 0.436 seconds
[2025-02-19T07:02:30.442+0000] {processor.py:161} INFO - Started process (PID=737) to work on /home/airflow/.local/lib/python3.10/site-packages/airflow/example_dags/example_branch_datetime_operator.py
[2025-02-19T07:02:30.445+0000] {processor.py:830} INFO - Processing file /home/airflow/.local/lib/python3.10/site-packages/airflow/example_dags/example_branch_datetime_operator.py for tasks to queue
[2025-02-19T07:02:30.450+0000] {logging_mixin.py:188} INFO - [2025-02-19T07:02:30.449+0000] {dagbag.py:538} INFO - Filling up the DagBag from /home/airflow/.local/lib/python3.10/site-packages/airflow/example_dags/example_branch_datetime_operator.py
[2025-02-19T07:02:30.510+0000] {processor.py:840} INFO - DAG(s) 'example_branch_datetime_operator', 'example_branch_datetime_operator_3', 'example_branch_datetime_operator_2' retrieved from /home/airflow/.local/lib/python3.10/site-packages/airflow/example_dags/example_branch_datetime_operator.py
[2025-02-19T07:02:30.642+0000] {logging_mixin.py:188} INFO - [2025-02-19T07:02:30.641+0000] {dag.py:3036} INFO - Sync 3 DAGs
[2025-02-19T07:02:30.762+0000] {logging_mixin.py:188} INFO - [2025-02-19T07:02:30.762+0000] {dag.py:3823} INFO - Setting next_dagrun for example_branch_datetime_operator to 2025-02-18 00:00:00+00:00, run_after=2025-02-19 00:00:00+00:00
[2025-02-19T07:02:30.783+0000] {logging_mixin.py:188} INFO - [2025-02-19T07:02:30.783+0000] {dag.py:3823} INFO - Setting next_dagrun for example_branch_datetime_operator_2 to 2025-02-18 00:00:00+00:00, run_after=2025-02-19 00:00:00+00:00
[2025-02-19T07:02:30.796+0000] {logging_mixin.py:188} INFO - [2025-02-19T07:02:30.795+0000] {dag.py:3823} INFO - Setting next_dagrun for example_branch_datetime_operator_3 to 2025-02-18 00:00:00+00:00, run_after=2025-02-19 00:00:00+00:00
[2025-02-19T07:02:30.960+0000] {processor.py:183} INFO - Processing /home/airflow/.local/lib/python3.10/site-packages/airflow/example_dags/example_branch_datetime_operator.py took 0.535 seconds
[2025-02-19T07:04:05.700+0000] {processor.py:161} INFO - Started process (PID=797) to work on /home/airflow/.local/lib/python3.10/site-packages/airflow/example_dags/example_branch_datetime_operator.py
[2025-02-19T07:04:05.708+0000] {processor.py:830} INFO - Processing file /home/airflow/.local/lib/python3.10/site-packages/airflow/example_dags/example_branch_datetime_operator.py for tasks to queue
[2025-02-19T07:04:05.714+0000] {logging_mixin.py:188} INFO - [2025-02-19T07:04:05.712+0000] {dagbag.py:538} INFO - Filling up the DagBag from /home/airflow/.local/lib/python3.10/site-packages/airflow/example_dags/example_branch_datetime_operator.py
[2025-02-19T07:04:05.775+0000] {processor.py:840} INFO - DAG(s) 'example_branch_datetime_operator_3', 'example_branch_datetime_operator', 'example_branch_datetime_operator_2' retrieved from /home/airflow/.local/lib/python3.10/site-packages/airflow/example_dags/example_branch_datetime_operator.py
[2025-02-19T07:04:05.958+0000] {logging_mixin.py:188} INFO - [2025-02-19T07:04:05.957+0000] {dag.py:3036} INFO - Sync 3 DAGs
[2025-02-19T07:04:06.135+0000] {logging_mixin.py:188} INFO - [2025-02-19T07:04:06.135+0000] {dag.py:3823} INFO - Setting next_dagrun for example_branch_datetime_operator to 2025-02-18 00:00:00+00:00, run_after=2025-02-19 00:00:00+00:00
[2025-02-19T07:04:06.165+0000] {logging_mixin.py:188} INFO - [2025-02-19T07:04:06.164+0000] {dag.py:3823} INFO - Setting next_dagrun for example_branch_datetime_operator_2 to 2025-02-18 00:00:00+00:00, run_after=2025-02-19 00:00:00+00:00
[2025-02-19T07:04:06.182+0000] {logging_mixin.py:188} INFO - [2025-02-19T07:04:06.182+0000] {dag.py:3823} INFO - Setting next_dagrun for example_branch_datetime_operator_3 to 2025-02-18 00:00:00+00:00, run_after=2025-02-19 00:00:00+00:00
[2025-02-19T07:04:07.721+0000] {processor.py:183} INFO - Processing /home/airflow/.local/lib/python3.10/site-packages/airflow/example_dags/example_branch_datetime_operator.py took 2.048 seconds
[2025-02-19T07:07:10.656+0000] {processor.py:161} INFO - Started process (PID=868) to work on /home/airflow/.local/lib/python3.10/site-packages/airflow/example_dags/example_branch_datetime_operator.py
[2025-02-19T07:07:10.670+0000] {processor.py:830} INFO - Processing file /home/airflow/.local/lib/python3.10/site-packages/airflow/example_dags/example_branch_datetime_operator.py for tasks to queue
[2025-02-19T07:07:10.686+0000] {logging_mixin.py:188} INFO - [2025-02-19T07:07:10.685+0000] {dagbag.py:538} INFO - Filling up the DagBag from /home/airflow/.local/lib/python3.10/site-packages/airflow/example_dags/example_branch_datetime_operator.py
[2025-02-19T07:07:10.789+0000] {processor.py:840} INFO - DAG(s) 'example_branch_datetime_operator_2', 'example_branch_datetime_operator_3', 'example_branch_datetime_operator' retrieved from /home/airflow/.local/lib/python3.10/site-packages/airflow/example_dags/example_branch_datetime_operator.py
[2025-02-19T07:07:11.045+0000] {logging_mixin.py:188} INFO - [2025-02-19T07:07:11.039+0000] {dag.py:3036} INFO - Sync 3 DAGs
[2025-02-19T07:07:11.244+0000] {logging_mixin.py:188} INFO - [2025-02-19T07:07:11.243+0000] {dag.py:3823} INFO - Setting next_dagrun for example_branch_datetime_operator to 2025-02-18 00:00:00+00:00, run_after=2025-02-19 00:00:00+00:00
[2025-02-19T07:07:11.292+0000] {logging_mixin.py:188} INFO - [2025-02-19T07:07:11.291+0000] {dag.py:3823} INFO - Setting next_dagrun for example_branch_datetime_operator_2 to 2025-02-18 00:00:00+00:00, run_after=2025-02-19 00:00:00+00:00
[2025-02-19T07:07:11.324+0000] {logging_mixin.py:188} INFO - [2025-02-19T07:07:11.323+0000] {dag.py:3823} INFO - Setting next_dagrun for example_branch_datetime_operator_3 to 2025-02-18 00:00:00+00:00, run_after=2025-02-19 00:00:00+00:00
[2025-02-19T07:07:11.580+0000] {processor.py:183} INFO - Processing /home/airflow/.local/lib/python3.10/site-packages/airflow/example_dags/example_branch_datetime_operator.py took 0.944 seconds
