[2025-02-19T05:56:43.168+0000] {processor.py:161} INFO - Started process (PID=70) to work on /home/airflow/.local/lib/python3.10/site-packages/airflow/example_dags/example_bash_operator.py
[2025-02-19T05:56:43.171+0000] {processor.py:830} INFO - Processing file /home/airflow/.local/lib/python3.10/site-packages/airflow/example_dags/example_bash_operator.py for tasks to queue
[2025-02-19T05:56:43.182+0000] {logging_mixin.py:188} INFO - [2025-02-19T05:56:43.172+0000] {dagbag.py:538} INFO - Filling up the DagBag from /home/airflow/.local/lib/python3.10/site-packages/airflow/example_dags/example_bash_operator.py
[2025-02-19T05:56:43.241+0000] {processor.py:840} INFO - DAG(s) 'example_bash_operator' retrieved from /home/airflow/.local/lib/python3.10/site-packages/airflow/example_dags/example_bash_operator.py
[2025-02-19T05:56:43.364+0000] {logging_mixin.py:188} INFO - [2025-02-19T05:56:43.363+0000] {dag.py:3036} INFO - Sync 1 DAGs
[2025-02-19T05:56:43.450+0000] {logging_mixin.py:188} INFO - [2025-02-19T05:56:43.450+0000] {dag.py:3823} INFO - Setting next_dagrun for example_bash_operator to 2025-02-18 00:00:00+00:00, run_after=2025-02-19 00:00:00+00:00
[2025-02-19T05:56:43.630+0000] {processor.py:183} INFO - Processing /home/airflow/.local/lib/python3.10/site-packages/airflow/example_dags/example_bash_operator.py took 0.473 seconds
[2025-02-19T05:59:08.709+0000] {processor.py:161} INFO - Started process (PID=119) to work on /home/airflow/.local/lib/python3.10/site-packages/airflow/example_dags/example_bash_operator.py
[2025-02-19T05:59:08.712+0000] {processor.py:830} INFO - Processing file /home/airflow/.local/lib/python3.10/site-packages/airflow/example_dags/example_bash_operator.py for tasks to queue
[2025-02-19T05:59:08.718+0000] {logging_mixin.py:188} INFO - [2025-02-19T05:59:08.716+0000] {dagbag.py:538} INFO - Filling up the DagBag from /home/airflow/.local/lib/python3.10/site-packages/airflow/example_dags/example_bash_operator.py
[2025-02-19T05:59:08.776+0000] {processor.py:840} INFO - DAG(s) 'example_bash_operator' retrieved from /home/airflow/.local/lib/python3.10/site-packages/airflow/example_dags/example_bash_operator.py
[2025-02-19T05:59:08.898+0000] {logging_mixin.py:188} INFO - [2025-02-19T05:59:08.897+0000] {dag.py:3036} INFO - Sync 1 DAGs
[2025-02-19T05:59:09.002+0000] {logging_mixin.py:188} INFO - [2025-02-19T05:59:09.001+0000] {dag.py:3823} INFO - Setting next_dagrun for example_bash_operator to 2025-02-18 00:00:00+00:00, run_after=2025-02-19 00:00:00+00:00
[2025-02-19T05:59:09.205+0000] {processor.py:183} INFO - Processing /home/airflow/.local/lib/python3.10/site-packages/airflow/example_dags/example_bash_operator.py took 0.505 seconds
[2025-02-19T06:01:10.843+0000] {processor.py:161} INFO - Started process (PID=185) to work on /home/airflow/.local/lib/python3.10/site-packages/airflow/example_dags/example_bash_operator.py
[2025-02-19T06:01:10.846+0000] {processor.py:830} INFO - Processing file /home/airflow/.local/lib/python3.10/site-packages/airflow/example_dags/example_bash_operator.py for tasks to queue
[2025-02-19T06:01:10.854+0000] {logging_mixin.py:188} INFO - [2025-02-19T06:01:10.853+0000] {dagbag.py:538} INFO - Filling up the DagBag from /home/airflow/.local/lib/python3.10/site-packages/airflow/example_dags/example_bash_operator.py
[2025-02-19T06:01:10.877+0000] {processor.py:840} INFO - DAG(s) 'example_bash_operator' retrieved from /home/airflow/.local/lib/python3.10/site-packages/airflow/example_dags/example_bash_operator.py
[2025-02-19T06:01:10.948+0000] {logging_mixin.py:188} INFO - [2025-02-19T06:01:10.948+0000] {dag.py:3036} INFO - Sync 1 DAGs
[2025-02-19T06:01:11.016+0000] {logging_mixin.py:188} INFO - [2025-02-19T06:01:11.016+0000] {dag.py:3823} INFO - Setting next_dagrun for example_bash_operator to 2025-02-18 00:00:00+00:00, run_after=2025-02-19 00:00:00+00:00
[2025-02-19T06:01:11.154+0000] {processor.py:183} INFO - Processing /home/airflow/.local/lib/python3.10/site-packages/airflow/example_dags/example_bash_operator.py took 0.316 seconds
[2025-02-19T06:03:02.126+0000] {processor.py:161} INFO - Started process (PID=251) to work on /home/airflow/.local/lib/python3.10/site-packages/airflow/example_dags/example_bash_operator.py
[2025-02-19T06:03:02.130+0000] {processor.py:830} INFO - Processing file /home/airflow/.local/lib/python3.10/site-packages/airflow/example_dags/example_bash_operator.py for tasks to queue
[2025-02-19T06:03:02.134+0000] {logging_mixin.py:188} INFO - [2025-02-19T06:03:02.133+0000] {dagbag.py:538} INFO - Filling up the DagBag from /home/airflow/.local/lib/python3.10/site-packages/airflow/example_dags/example_bash_operator.py
[2025-02-19T06:03:02.195+0000] {processor.py:840} INFO - DAG(s) 'example_bash_operator' retrieved from /home/airflow/.local/lib/python3.10/site-packages/airflow/example_dags/example_bash_operator.py
[2025-02-19T06:03:02.407+0000] {logging_mixin.py:188} INFO - [2025-02-19T06:03:02.407+0000] {dag.py:3036} INFO - Sync 1 DAGs
[2025-02-19T06:03:02.578+0000] {logging_mixin.py:188} INFO - [2025-02-19T06:03:02.577+0000] {dag.py:3823} INFO - Setting next_dagrun for example_bash_operator to 2025-02-18 00:00:00+00:00, run_after=2025-02-19 00:00:00+00:00
[2025-02-19T06:03:02.819+0000] {processor.py:183} INFO - Processing /home/airflow/.local/lib/python3.10/site-packages/airflow/example_dags/example_bash_operator.py took 0.704 seconds
[2025-02-19T06:04:44.590+0000] {processor.py:161} INFO - Started process (PID=312) to work on /home/airflow/.local/lib/python3.10/site-packages/airflow/example_dags/example_bash_operator.py
[2025-02-19T06:04:44.598+0000] {processor.py:830} INFO - Processing file /home/airflow/.local/lib/python3.10/site-packages/airflow/example_dags/example_bash_operator.py for tasks to queue
[2025-02-19T06:04:44.601+0000] {logging_mixin.py:188} INFO - [2025-02-19T06:04:44.600+0000] {dagbag.py:538} INFO - Filling up the DagBag from /home/airflow/.local/lib/python3.10/site-packages/airflow/example_dags/example_bash_operator.py
[2025-02-19T06:04:44.655+0000] {processor.py:840} INFO - DAG(s) 'example_bash_operator' retrieved from /home/airflow/.local/lib/python3.10/site-packages/airflow/example_dags/example_bash_operator.py
[2025-02-19T06:04:44.763+0000] {logging_mixin.py:188} INFO - [2025-02-19T06:04:44.763+0000] {dag.py:3036} INFO - Sync 1 DAGs
[2025-02-19T06:04:44.842+0000] {logging_mixin.py:188} INFO - [2025-02-19T06:04:44.841+0000] {dag.py:3823} INFO - Setting next_dagrun for example_bash_operator to 2025-02-18 00:00:00+00:00, run_after=2025-02-19 00:00:00+00:00
[2025-02-19T06:04:44.977+0000] {processor.py:183} INFO - Processing /home/airflow/.local/lib/python3.10/site-packages/airflow/example_dags/example_bash_operator.py took 0.394 seconds
[2025-02-19T06:06:36.993+0000] {processor.py:161} INFO - Started process (PID=376) to work on /home/airflow/.local/lib/python3.10/site-packages/airflow/example_dags/example_bash_operator.py
[2025-02-19T06:06:36.997+0000] {processor.py:830} INFO - Processing file /home/airflow/.local/lib/python3.10/site-packages/airflow/example_dags/example_bash_operator.py for tasks to queue
[2025-02-19T06:06:37.000+0000] {logging_mixin.py:188} INFO - [2025-02-19T06:06:36.999+0000] {dagbag.py:538} INFO - Filling up the DagBag from /home/airflow/.local/lib/python3.10/site-packages/airflow/example_dags/example_bash_operator.py
[2025-02-19T06:06:37.099+0000] {processor.py:840} INFO - DAG(s) 'example_bash_operator' retrieved from /home/airflow/.local/lib/python3.10/site-packages/airflow/example_dags/example_bash_operator.py
[2025-02-19T06:06:37.316+0000] {logging_mixin.py:188} INFO - [2025-02-19T06:06:37.316+0000] {dag.py:3036} INFO - Sync 1 DAGs
[2025-02-19T06:06:37.437+0000] {logging_mixin.py:188} INFO - [2025-02-19T06:06:37.437+0000] {dag.py:3823} INFO - Setting next_dagrun for example_bash_operator to 2025-02-18 00:00:00+00:00, run_after=2025-02-19 00:00:00+00:00
[2025-02-19T06:06:37.644+0000] {processor.py:183} INFO - Processing /home/airflow/.local/lib/python3.10/site-packages/airflow/example_dags/example_bash_operator.py took 0.669 seconds
[2025-02-19T06:08:48.057+0000] {processor.py:161} INFO - Started process (PID=442) to work on /home/airflow/.local/lib/python3.10/site-packages/airflow/example_dags/example_bash_operator.py
[2025-02-19T06:08:48.069+0000] {processor.py:830} INFO - Processing file /home/airflow/.local/lib/python3.10/site-packages/airflow/example_dags/example_bash_operator.py for tasks to queue
[2025-02-19T06:08:48.071+0000] {logging_mixin.py:188} INFO - [2025-02-19T06:08:48.071+0000] {dagbag.py:538} INFO - Filling up the DagBag from /home/airflow/.local/lib/python3.10/site-packages/airflow/example_dags/example_bash_operator.py
[2025-02-19T06:08:48.118+0000] {processor.py:840} INFO - DAG(s) 'example_bash_operator' retrieved from /home/airflow/.local/lib/python3.10/site-packages/airflow/example_dags/example_bash_operator.py
[2025-02-19T06:08:48.276+0000] {logging_mixin.py:188} INFO - [2025-02-19T06:08:48.275+0000] {dag.py:3036} INFO - Sync 1 DAGs
[2025-02-19T06:08:48.380+0000] {logging_mixin.py:188} INFO - [2025-02-19T06:08:48.379+0000] {dag.py:3823} INFO - Setting next_dagrun for example_bash_operator to 2025-02-18 00:00:00+00:00, run_after=2025-02-19 00:00:00+00:00
[2025-02-19T06:08:48.561+0000] {processor.py:183} INFO - Processing /home/airflow/.local/lib/python3.10/site-packages/airflow/example_dags/example_bash_operator.py took 0.512 seconds
[2025-02-19T06:10:28.301+0000] {processor.py:161} INFO - Started process (PID=505) to work on /home/airflow/.local/lib/python3.10/site-packages/airflow/example_dags/example_bash_operator.py
[2025-02-19T06:10:28.304+0000] {processor.py:830} INFO - Processing file /home/airflow/.local/lib/python3.10/site-packages/airflow/example_dags/example_bash_operator.py for tasks to queue
[2025-02-19T06:10:28.307+0000] {logging_mixin.py:188} INFO - [2025-02-19T06:10:28.306+0000] {dagbag.py:538} INFO - Filling up the DagBag from /home/airflow/.local/lib/python3.10/site-packages/airflow/example_dags/example_bash_operator.py
[2025-02-19T06:10:28.379+0000] {processor.py:840} INFO - DAG(s) 'example_bash_operator' retrieved from /home/airflow/.local/lib/python3.10/site-packages/airflow/example_dags/example_bash_operator.py
[2025-02-19T06:10:28.494+0000] {logging_mixin.py:188} INFO - [2025-02-19T06:10:28.493+0000] {dag.py:3036} INFO - Sync 1 DAGs
[2025-02-19T06:10:28.572+0000] {logging_mixin.py:188} INFO - [2025-02-19T06:10:28.571+0000] {dag.py:3823} INFO - Setting next_dagrun for example_bash_operator to 2025-02-18 00:00:00+00:00, run_after=2025-02-19 00:00:00+00:00
[2025-02-19T06:10:28.720+0000] {processor.py:183} INFO - Processing /home/airflow/.local/lib/python3.10/site-packages/airflow/example_dags/example_bash_operator.py took 0.434 seconds
[2025-02-19T06:12:21.413+0000] {processor.py:161} INFO - Started process (PID=567) to work on /home/airflow/.local/lib/python3.10/site-packages/airflow/example_dags/example_bash_operator.py
[2025-02-19T06:12:21.416+0000] {processor.py:830} INFO - Processing file /home/airflow/.local/lib/python3.10/site-packages/airflow/example_dags/example_bash_operator.py for tasks to queue
[2025-02-19T06:12:21.419+0000] {logging_mixin.py:188} INFO - [2025-02-19T06:12:21.418+0000] {dagbag.py:538} INFO - Filling up the DagBag from /home/airflow/.local/lib/python3.10/site-packages/airflow/example_dags/example_bash_operator.py
[2025-02-19T06:12:21.466+0000] {processor.py:840} INFO - DAG(s) 'example_bash_operator' retrieved from /home/airflow/.local/lib/python3.10/site-packages/airflow/example_dags/example_bash_operator.py
[2025-02-19T06:12:21.661+0000] {logging_mixin.py:188} INFO - [2025-02-19T06:12:21.660+0000] {dag.py:3036} INFO - Sync 1 DAGs
[2025-02-19T06:12:21.841+0000] {logging_mixin.py:188} INFO - [2025-02-19T06:12:21.840+0000] {dag.py:3823} INFO - Setting next_dagrun for example_bash_operator to 2025-02-18 00:00:00+00:00, run_after=2025-02-19 00:00:00+00:00
[2025-02-19T06:12:22.057+0000] {processor.py:183} INFO - Processing /home/airflow/.local/lib/python3.10/site-packages/airflow/example_dags/example_bash_operator.py took 0.657 seconds
[2025-02-19T06:14:05.701+0000] {processor.py:161} INFO - Started process (PID=632) to work on /home/airflow/.local/lib/python3.10/site-packages/airflow/example_dags/example_bash_operator.py
[2025-02-19T06:14:05.703+0000] {processor.py:830} INFO - Processing file /home/airflow/.local/lib/python3.10/site-packages/airflow/example_dags/example_bash_operator.py for tasks to queue
[2025-02-19T06:14:05.706+0000] {logging_mixin.py:188} INFO - [2025-02-19T06:14:05.705+0000] {dagbag.py:538} INFO - Filling up the DagBag from /home/airflow/.local/lib/python3.10/site-packages/airflow/example_dags/example_bash_operator.py
[2025-02-19T06:14:05.742+0000] {processor.py:840} INFO - DAG(s) 'example_bash_operator' retrieved from /home/airflow/.local/lib/python3.10/site-packages/airflow/example_dags/example_bash_operator.py
[2025-02-19T06:14:05.825+0000] {logging_mixin.py:188} INFO - [2025-02-19T06:14:05.824+0000] {dag.py:3036} INFO - Sync 1 DAGs
[2025-02-19T06:14:05.878+0000] {logging_mixin.py:188} INFO - [2025-02-19T06:14:05.877+0000] {dag.py:3823} INFO - Setting next_dagrun for example_bash_operator to 2025-02-18 00:00:00+00:00, run_after=2025-02-19 00:00:00+00:00
[2025-02-19T06:14:06.010+0000] {processor.py:183} INFO - Processing /home/airflow/.local/lib/python3.10/site-packages/airflow/example_dags/example_bash_operator.py took 0.322 seconds
[2025-02-19T06:15:39.760+0000] {processor.py:161} INFO - Started process (PID=692) to work on /home/airflow/.local/lib/python3.10/site-packages/airflow/example_dags/example_bash_operator.py
[2025-02-19T06:15:39.765+0000] {processor.py:830} INFO - Processing file /home/airflow/.local/lib/python3.10/site-packages/airflow/example_dags/example_bash_operator.py for tasks to queue
[2025-02-19T06:15:39.769+0000] {logging_mixin.py:188} INFO - [2025-02-19T06:15:39.768+0000] {dagbag.py:538} INFO - Filling up the DagBag from /home/airflow/.local/lib/python3.10/site-packages/airflow/example_dags/example_bash_operator.py
[2025-02-19T06:15:39.855+0000] {processor.py:840} INFO - DAG(s) 'example_bash_operator' retrieved from /home/airflow/.local/lib/python3.10/site-packages/airflow/example_dags/example_bash_operator.py
[2025-02-19T06:15:40.052+0000] {logging_mixin.py:188} INFO - [2025-02-19T06:15:40.051+0000] {dag.py:3036} INFO - Sync 1 DAGs
[2025-02-19T06:15:40.189+0000] {logging_mixin.py:188} INFO - [2025-02-19T06:15:40.189+0000] {dag.py:3823} INFO - Setting next_dagrun for example_bash_operator to 2025-02-18 00:00:00+00:00, run_after=2025-02-19 00:00:00+00:00
[2025-02-19T06:15:40.355+0000] {processor.py:183} INFO - Processing /home/airflow/.local/lib/python3.10/site-packages/airflow/example_dags/example_bash_operator.py took 0.615 seconds
[2025-02-19T06:17:43.551+0000] {processor.py:161} INFO - Started process (PID=759) to work on /home/airflow/.local/lib/python3.10/site-packages/airflow/example_dags/example_bash_operator.py
[2025-02-19T06:17:43.553+0000] {processor.py:830} INFO - Processing file /home/airflow/.local/lib/python3.10/site-packages/airflow/example_dags/example_bash_operator.py for tasks to queue
[2025-02-19T06:17:43.557+0000] {logging_mixin.py:188} INFO - [2025-02-19T06:17:43.556+0000] {dagbag.py:538} INFO - Filling up the DagBag from /home/airflow/.local/lib/python3.10/site-packages/airflow/example_dags/example_bash_operator.py
[2025-02-19T06:17:43.592+0000] {processor.py:840} INFO - DAG(s) 'example_bash_operator' retrieved from /home/airflow/.local/lib/python3.10/site-packages/airflow/example_dags/example_bash_operator.py
[2025-02-19T06:17:43.717+0000] {logging_mixin.py:188} INFO - [2025-02-19T06:17:43.717+0000] {dag.py:3036} INFO - Sync 1 DAGs
[2025-02-19T06:17:43.805+0000] {logging_mixin.py:188} INFO - [2025-02-19T06:17:43.804+0000] {dag.py:3823} INFO - Setting next_dagrun for example_bash_operator to 2025-02-18 00:00:00+00:00, run_after=2025-02-19 00:00:00+00:00
[2025-02-19T06:17:43.941+0000] {processor.py:183} INFO - Processing /home/airflow/.local/lib/python3.10/site-packages/airflow/example_dags/example_bash_operator.py took 0.398 seconds
[2025-02-19T06:19:18.108+0000] {processor.py:161} INFO - Started process (PID=820) to work on /home/airflow/.local/lib/python3.10/site-packages/airflow/example_dags/example_bash_operator.py
[2025-02-19T06:19:18.113+0000] {processor.py:830} INFO - Processing file /home/airflow/.local/lib/python3.10/site-packages/airflow/example_dags/example_bash_operator.py for tasks to queue
[2025-02-19T06:19:18.118+0000] {logging_mixin.py:188} INFO - [2025-02-19T06:19:18.117+0000] {dagbag.py:538} INFO - Filling up the DagBag from /home/airflow/.local/lib/python3.10/site-packages/airflow/example_dags/example_bash_operator.py
[2025-02-19T06:19:18.162+0000] {processor.py:840} INFO - DAG(s) 'example_bash_operator' retrieved from /home/airflow/.local/lib/python3.10/site-packages/airflow/example_dags/example_bash_operator.py
[2025-02-19T06:19:18.241+0000] {logging_mixin.py:188} INFO - [2025-02-19T06:19:18.240+0000] {dag.py:3036} INFO - Sync 1 DAGs
[2025-02-19T06:19:18.294+0000] {logging_mixin.py:188} INFO - [2025-02-19T06:19:18.293+0000] {dag.py:3823} INFO - Setting next_dagrun for example_bash_operator to 2025-02-18 00:00:00+00:00, run_after=2025-02-19 00:00:00+00:00
[2025-02-19T06:19:18.452+0000] {processor.py:183} INFO - Processing /home/airflow/.local/lib/python3.10/site-packages/airflow/example_dags/example_bash_operator.py took 0.352 seconds
[2025-02-19T06:20:55.781+0000] {processor.py:161} INFO - Started process (PID=879) to work on /home/airflow/.local/lib/python3.10/site-packages/airflow/example_dags/example_bash_operator.py
[2025-02-19T06:20:55.785+0000] {processor.py:830} INFO - Processing file /home/airflow/.local/lib/python3.10/site-packages/airflow/example_dags/example_bash_operator.py for tasks to queue
[2025-02-19T06:20:55.791+0000] {logging_mixin.py:188} INFO - [2025-02-19T06:20:55.790+0000] {dagbag.py:538} INFO - Filling up the DagBag from /home/airflow/.local/lib/python3.10/site-packages/airflow/example_dags/example_bash_operator.py
[2025-02-19T06:20:55.837+0000] {processor.py:840} INFO - DAG(s) 'example_bash_operator' retrieved from /home/airflow/.local/lib/python3.10/site-packages/airflow/example_dags/example_bash_operator.py
[2025-02-19T06:20:55.920+0000] {logging_mixin.py:188} INFO - [2025-02-19T06:20:55.920+0000] {dag.py:3036} INFO - Sync 1 DAGs
[2025-02-19T06:20:55.975+0000] {logging_mixin.py:188} INFO - [2025-02-19T06:20:55.975+0000] {dag.py:3823} INFO - Setting next_dagrun for example_bash_operator to 2025-02-18 00:00:00+00:00, run_after=2025-02-19 00:00:00+00:00
[2025-02-19T06:20:56.118+0000] {processor.py:183} INFO - Processing /home/airflow/.local/lib/python3.10/site-packages/airflow/example_dags/example_bash_operator.py took 0.348 seconds
[2025-02-19T06:22:55.534+0000] {processor.py:161} INFO - Started process (PID=944) to work on /home/airflow/.local/lib/python3.10/site-packages/airflow/example_dags/example_bash_operator.py
[2025-02-19T06:22:55.537+0000] {processor.py:830} INFO - Processing file /home/airflow/.local/lib/python3.10/site-packages/airflow/example_dags/example_bash_operator.py for tasks to queue
[2025-02-19T06:22:55.541+0000] {logging_mixin.py:188} INFO - [2025-02-19T06:22:55.540+0000] {dagbag.py:538} INFO - Filling up the DagBag from /home/airflow/.local/lib/python3.10/site-packages/airflow/example_dags/example_bash_operator.py
[2025-02-19T06:22:55.604+0000] {processor.py:840} INFO - DAG(s) 'example_bash_operator' retrieved from /home/airflow/.local/lib/python3.10/site-packages/airflow/example_dags/example_bash_operator.py
[2025-02-19T06:22:55.716+0000] {logging_mixin.py:188} INFO - [2025-02-19T06:22:55.715+0000] {dag.py:3036} INFO - Sync 1 DAGs
[2025-02-19T06:22:55.785+0000] {logging_mixin.py:188} INFO - [2025-02-19T06:22:55.784+0000] {dag.py:3823} INFO - Setting next_dagrun for example_bash_operator to 2025-02-18 00:00:00+00:00, run_after=2025-02-19 00:00:00+00:00
[2025-02-19T06:22:55.928+0000] {processor.py:183} INFO - Processing /home/airflow/.local/lib/python3.10/site-packages/airflow/example_dags/example_bash_operator.py took 0.409 seconds
[2025-02-19T06:25:09.867+0000] {processor.py:161} INFO - Started process (PID=1012) to work on /home/airflow/.local/lib/python3.10/site-packages/airflow/example_dags/example_bash_operator.py
[2025-02-19T06:25:09.870+0000] {processor.py:830} INFO - Processing file /home/airflow/.local/lib/python3.10/site-packages/airflow/example_dags/example_bash_operator.py for tasks to queue
[2025-02-19T06:25:09.876+0000] {logging_mixin.py:188} INFO - [2025-02-19T06:25:09.874+0000] {dagbag.py:538} INFO - Filling up the DagBag from /home/airflow/.local/lib/python3.10/site-packages/airflow/example_dags/example_bash_operator.py
[2025-02-19T06:25:09.925+0000] {processor.py:840} INFO - DAG(s) 'example_bash_operator' retrieved from /home/airflow/.local/lib/python3.10/site-packages/airflow/example_dags/example_bash_operator.py
[2025-02-19T06:25:10.018+0000] {logging_mixin.py:188} INFO - [2025-02-19T06:25:10.018+0000] {dag.py:3036} INFO - Sync 1 DAGs
[2025-02-19T06:25:10.124+0000] {logging_mixin.py:188} INFO - [2025-02-19T06:25:10.123+0000] {dag.py:3823} INFO - Setting next_dagrun for example_bash_operator to 2025-02-18 00:00:00+00:00, run_after=2025-02-19 00:00:00+00:00
[2025-02-19T06:25:10.286+0000] {processor.py:183} INFO - Processing /home/airflow/.local/lib/python3.10/site-packages/airflow/example_dags/example_bash_operator.py took 0.427 seconds
[2025-02-19T06:31:01.085+0000] {processor.py:161} INFO - Started process (PID=70) to work on /home/airflow/.local/lib/python3.10/site-packages/airflow/example_dags/example_bash_operator.py
[2025-02-19T06:31:01.089+0000] {processor.py:830} INFO - Processing file /home/airflow/.local/lib/python3.10/site-packages/airflow/example_dags/example_bash_operator.py for tasks to queue
[2025-02-19T06:31:01.092+0000] {logging_mixin.py:188} INFO - [2025-02-19T06:31:01.091+0000] {dagbag.py:538} INFO - Filling up the DagBag from /home/airflow/.local/lib/python3.10/site-packages/airflow/example_dags/example_bash_operator.py
[2025-02-19T06:31:01.140+0000] {processor.py:840} INFO - DAG(s) 'example_bash_operator' retrieved from /home/airflow/.local/lib/python3.10/site-packages/airflow/example_dags/example_bash_operator.py
[2025-02-19T06:31:01.247+0000] {logging_mixin.py:188} INFO - [2025-02-19T06:31:01.246+0000] {dag.py:3036} INFO - Sync 1 DAGs
[2025-02-19T06:31:01.374+0000] {logging_mixin.py:188} INFO - [2025-02-19T06:31:01.373+0000] {dag.py:3823} INFO - Setting next_dagrun for example_bash_operator to 2025-02-18 00:00:00+00:00, run_after=2025-02-19 00:00:00+00:00
[2025-02-19T06:31:01.591+0000] {processor.py:183} INFO - Processing /home/airflow/.local/lib/python3.10/site-packages/airflow/example_dags/example_bash_operator.py took 0.517 seconds
[2025-02-19T06:33:18.573+0000] {processor.py:161} INFO - Started process (PID=138) to work on /home/airflow/.local/lib/python3.10/site-packages/airflow/example_dags/example_bash_operator.py
[2025-02-19T06:33:18.577+0000] {processor.py:830} INFO - Processing file /home/airflow/.local/lib/python3.10/site-packages/airflow/example_dags/example_bash_operator.py for tasks to queue
[2025-02-19T06:33:18.578+0000] {logging_mixin.py:188} INFO - [2025-02-19T06:33:18.578+0000] {dagbag.py:538} INFO - Filling up the DagBag from /home/airflow/.local/lib/python3.10/site-packages/airflow/example_dags/example_bash_operator.py
[2025-02-19T06:33:18.603+0000] {processor.py:840} INFO - DAG(s) 'example_bash_operator' retrieved from /home/airflow/.local/lib/python3.10/site-packages/airflow/example_dags/example_bash_operator.py
[2025-02-19T06:33:18.673+0000] {logging_mixin.py:188} INFO - [2025-02-19T06:33:18.673+0000] {dag.py:3036} INFO - Sync 1 DAGs
[2025-02-19T06:33:18.762+0000] {logging_mixin.py:188} INFO - [2025-02-19T06:33:18.761+0000] {dag.py:3823} INFO - Setting next_dagrun for example_bash_operator to 2025-02-18 00:00:00+00:00, run_after=2025-02-19 00:00:00+00:00
[2025-02-19T06:33:18.957+0000] {processor.py:183} INFO - Processing /home/airflow/.local/lib/python3.10/site-packages/airflow/example_dags/example_bash_operator.py took 0.388 seconds
[2025-02-19T06:35:02.328+0000] {processor.py:161} INFO - Started process (PID=201) to work on /home/airflow/.local/lib/python3.10/site-packages/airflow/example_dags/example_bash_operator.py
[2025-02-19T06:35:02.330+0000] {processor.py:830} INFO - Processing file /home/airflow/.local/lib/python3.10/site-packages/airflow/example_dags/example_bash_operator.py for tasks to queue
[2025-02-19T06:35:02.334+0000] {logging_mixin.py:188} INFO - [2025-02-19T06:35:02.332+0000] {dagbag.py:538} INFO - Filling up the DagBag from /home/airflow/.local/lib/python3.10/site-packages/airflow/example_dags/example_bash_operator.py
[2025-02-19T06:35:02.362+0000] {processor.py:840} INFO - DAG(s) 'example_bash_operator' retrieved from /home/airflow/.local/lib/python3.10/site-packages/airflow/example_dags/example_bash_operator.py
[2025-02-19T06:35:02.439+0000] {logging_mixin.py:188} INFO - [2025-02-19T06:35:02.439+0000] {dag.py:3036} INFO - Sync 1 DAGs
[2025-02-19T06:35:02.499+0000] {logging_mixin.py:188} INFO - [2025-02-19T06:35:02.499+0000] {dag.py:3823} INFO - Setting next_dagrun for example_bash_operator to 2025-02-18 00:00:00+00:00, run_after=2025-02-19 00:00:00+00:00
[2025-02-19T06:35:02.620+0000] {processor.py:183} INFO - Processing /home/airflow/.local/lib/python3.10/site-packages/airflow/example_dags/example_bash_operator.py took 0.298 seconds
[2025-02-19T06:36:48.683+0000] {processor.py:161} INFO - Started process (PID=262) to work on /home/airflow/.local/lib/python3.10/site-packages/airflow/example_dags/example_bash_operator.py
[2025-02-19T06:36:48.695+0000] {processor.py:830} INFO - Processing file /home/airflow/.local/lib/python3.10/site-packages/airflow/example_dags/example_bash_operator.py for tasks to queue
[2025-02-19T06:36:48.705+0000] {logging_mixin.py:188} INFO - [2025-02-19T06:36:48.703+0000] {dagbag.py:538} INFO - Filling up the DagBag from /home/airflow/.local/lib/python3.10/site-packages/airflow/example_dags/example_bash_operator.py
[2025-02-19T06:36:48.851+0000] {processor.py:840} INFO - DAG(s) 'example_bash_operator' retrieved from /home/airflow/.local/lib/python3.10/site-packages/airflow/example_dags/example_bash_operator.py
[2025-02-19T06:36:49.408+0000] {logging_mixin.py:188} INFO - [2025-02-19T06:36:49.408+0000] {dag.py:3036} INFO - Sync 1 DAGs
[2025-02-19T06:36:49.596+0000] {logging_mixin.py:188} INFO - [2025-02-19T06:36:49.594+0000] {dag.py:3823} INFO - Setting next_dagrun for example_bash_operator to 2025-02-18 00:00:00+00:00, run_after=2025-02-19 00:00:00+00:00
[2025-02-19T06:36:49.917+0000] {processor.py:183} INFO - Processing /home/airflow/.local/lib/python3.10/site-packages/airflow/example_dags/example_bash_operator.py took 1.258 seconds
[2025-02-19T06:38:30.197+0000] {processor.py:161} INFO - Started process (PID=326) to work on /home/airflow/.local/lib/python3.10/site-packages/airflow/example_dags/example_bash_operator.py
[2025-02-19T06:38:30.199+0000] {processor.py:830} INFO - Processing file /home/airflow/.local/lib/python3.10/site-packages/airflow/example_dags/example_bash_operator.py for tasks to queue
[2025-02-19T06:38:30.202+0000] {logging_mixin.py:188} INFO - [2025-02-19T06:38:30.201+0000] {dagbag.py:538} INFO - Filling up the DagBag from /home/airflow/.local/lib/python3.10/site-packages/airflow/example_dags/example_bash_operator.py
[2025-02-19T06:38:30.224+0000] {processor.py:840} INFO - DAG(s) 'example_bash_operator' retrieved from /home/airflow/.local/lib/python3.10/site-packages/airflow/example_dags/example_bash_operator.py
[2025-02-19T06:38:30.287+0000] {logging_mixin.py:188} INFO - [2025-02-19T06:38:30.287+0000] {dag.py:3036} INFO - Sync 1 DAGs
[2025-02-19T06:38:30.334+0000] {logging_mixin.py:188} INFO - [2025-02-19T06:38:30.334+0000] {dag.py:3823} INFO - Setting next_dagrun for example_bash_operator to 2025-02-18 00:00:00+00:00, run_after=2025-02-19 00:00:00+00:00
[2025-02-19T06:38:30.443+0000] {processor.py:183} INFO - Processing /home/airflow/.local/lib/python3.10/site-packages/airflow/example_dags/example_bash_operator.py took 0.252 seconds
[2025-02-19T06:40:51.145+0000] {processor.py:161} INFO - Started process (PID=391) to work on /home/airflow/.local/lib/python3.10/site-packages/airflow/example_dags/example_bash_operator.py
[2025-02-19T06:40:51.147+0000] {processor.py:830} INFO - Processing file /home/airflow/.local/lib/python3.10/site-packages/airflow/example_dags/example_bash_operator.py for tasks to queue
[2025-02-19T06:40:51.149+0000] {logging_mixin.py:188} INFO - [2025-02-19T06:40:51.148+0000] {dagbag.py:538} INFO - Filling up the DagBag from /home/airflow/.local/lib/python3.10/site-packages/airflow/example_dags/example_bash_operator.py
[2025-02-19T06:40:51.175+0000] {processor.py:840} INFO - DAG(s) 'example_bash_operator' retrieved from /home/airflow/.local/lib/python3.10/site-packages/airflow/example_dags/example_bash_operator.py
[2025-02-19T06:40:51.264+0000] {logging_mixin.py:188} INFO - [2025-02-19T06:40:51.263+0000] {dag.py:3036} INFO - Sync 1 DAGs
[2025-02-19T06:40:51.326+0000] {logging_mixin.py:188} INFO - [2025-02-19T06:40:51.326+0000] {dag.py:3823} INFO - Setting next_dagrun for example_bash_operator to 2025-02-18 00:00:00+00:00, run_after=2025-02-19 00:00:00+00:00
[2025-02-19T06:40:51.463+0000] {processor.py:183} INFO - Processing /home/airflow/.local/lib/python3.10/site-packages/airflow/example_dags/example_bash_operator.py took 0.323 seconds
[2025-02-19T06:44:22.171+0000] {processor.py:161} INFO - Started process (PID=70) to work on /home/airflow/.local/lib/python3.10/site-packages/airflow/example_dags/example_bash_operator.py
[2025-02-19T06:44:22.174+0000] {processor.py:830} INFO - Processing file /home/airflow/.local/lib/python3.10/site-packages/airflow/example_dags/example_bash_operator.py for tasks to queue
[2025-02-19T06:44:22.181+0000] {logging_mixin.py:188} INFO - [2025-02-19T06:44:22.180+0000] {dagbag.py:538} INFO - Filling up the DagBag from /home/airflow/.local/lib/python3.10/site-packages/airflow/example_dags/example_bash_operator.py
[2025-02-19T06:44:22.204+0000] {processor.py:840} INFO - DAG(s) 'example_bash_operator' retrieved from /home/airflow/.local/lib/python3.10/site-packages/airflow/example_dags/example_bash_operator.py
[2025-02-19T06:44:22.274+0000] {logging_mixin.py:188} INFO - [2025-02-19T06:44:22.274+0000] {dag.py:3036} INFO - Sync 1 DAGs
[2025-02-19T06:44:22.326+0000] {logging_mixin.py:188} INFO - [2025-02-19T06:44:22.325+0000] {dag.py:3823} INFO - Setting next_dagrun for example_bash_operator to 2025-02-18 00:00:00+00:00, run_after=2025-02-19 00:00:00+00:00
[2025-02-19T06:44:22.441+0000] {processor.py:183} INFO - Processing /home/airflow/.local/lib/python3.10/site-packages/airflow/example_dags/example_bash_operator.py took 0.276 seconds
[2025-02-19T06:46:09.413+0000] {processor.py:161} INFO - Started process (PID=133) to work on /home/airflow/.local/lib/python3.10/site-packages/airflow/example_dags/example_bash_operator.py
[2025-02-19T06:46:09.417+0000] {processor.py:830} INFO - Processing file /home/airflow/.local/lib/python3.10/site-packages/airflow/example_dags/example_bash_operator.py for tasks to queue
[2025-02-19T06:46:09.421+0000] {logging_mixin.py:188} INFO - [2025-02-19T06:46:09.419+0000] {dagbag.py:538} INFO - Filling up the DagBag from /home/airflow/.local/lib/python3.10/site-packages/airflow/example_dags/example_bash_operator.py
[2025-02-19T06:46:09.483+0000] {processor.py:840} INFO - DAG(s) 'example_bash_operator' retrieved from /home/airflow/.local/lib/python3.10/site-packages/airflow/example_dags/example_bash_operator.py
[2025-02-19T06:46:09.672+0000] {logging_mixin.py:188} INFO - [2025-02-19T06:46:09.672+0000] {dag.py:3036} INFO - Sync 1 DAGs
[2025-02-19T06:46:09.849+0000] {logging_mixin.py:188} INFO - [2025-02-19T06:46:09.848+0000] {dag.py:3823} INFO - Setting next_dagrun for example_bash_operator to 2025-02-18 00:00:00+00:00, run_after=2025-02-19 00:00:00+00:00
[2025-02-19T06:46:10.128+0000] {processor.py:183} INFO - Processing /home/airflow/.local/lib/python3.10/site-packages/airflow/example_dags/example_bash_operator.py took 0.725 seconds
[2025-02-19T06:47:53.730+0000] {processor.py:161} INFO - Started process (PID=194) to work on /home/airflow/.local/lib/python3.10/site-packages/airflow/example_dags/example_bash_operator.py
[2025-02-19T06:47:53.733+0000] {processor.py:830} INFO - Processing file /home/airflow/.local/lib/python3.10/site-packages/airflow/example_dags/example_bash_operator.py for tasks to queue
[2025-02-19T06:47:53.734+0000] {logging_mixin.py:188} INFO - [2025-02-19T06:47:53.734+0000] {dagbag.py:538} INFO - Filling up the DagBag from /home/airflow/.local/lib/python3.10/site-packages/airflow/example_dags/example_bash_operator.py
[2025-02-19T06:47:53.757+0000] {processor.py:840} INFO - DAG(s) 'example_bash_operator' retrieved from /home/airflow/.local/lib/python3.10/site-packages/airflow/example_dags/example_bash_operator.py
[2025-02-19T06:47:53.817+0000] {logging_mixin.py:188} INFO - [2025-02-19T06:47:53.816+0000] {dag.py:3036} INFO - Sync 1 DAGs
[2025-02-19T06:47:53.871+0000] {logging_mixin.py:188} INFO - [2025-02-19T06:47:53.870+0000] {dag.py:3823} INFO - Setting next_dagrun for example_bash_operator to 2025-02-18 00:00:00+00:00, run_after=2025-02-19 00:00:00+00:00
[2025-02-19T06:47:54.002+0000] {processor.py:183} INFO - Processing /home/airflow/.local/lib/python3.10/site-packages/airflow/example_dags/example_bash_operator.py took 0.277 seconds
[2025-02-19T06:49:32.558+0000] {processor.py:161} INFO - Started process (PID=255) to work on /home/airflow/.local/lib/python3.10/site-packages/airflow/example_dags/example_bash_operator.py
[2025-02-19T06:49:32.561+0000] {processor.py:830} INFO - Processing file /home/airflow/.local/lib/python3.10/site-packages/airflow/example_dags/example_bash_operator.py for tasks to queue
[2025-02-19T06:49:32.564+0000] {logging_mixin.py:188} INFO - [2025-02-19T06:49:32.563+0000] {dagbag.py:538} INFO - Filling up the DagBag from /home/airflow/.local/lib/python3.10/site-packages/airflow/example_dags/example_bash_operator.py
[2025-02-19T06:49:32.593+0000] {processor.py:840} INFO - DAG(s) 'example_bash_operator' retrieved from /home/airflow/.local/lib/python3.10/site-packages/airflow/example_dags/example_bash_operator.py
[2025-02-19T06:49:32.664+0000] {logging_mixin.py:188} INFO - [2025-02-19T06:49:32.663+0000] {dag.py:3036} INFO - Sync 1 DAGs
[2025-02-19T06:49:32.721+0000] {logging_mixin.py:188} INFO - [2025-02-19T06:49:32.721+0000] {dag.py:3823} INFO - Setting next_dagrun for example_bash_operator to 2025-02-18 00:00:00+00:00, run_after=2025-02-19 00:00:00+00:00
[2025-02-19T06:49:32.865+0000] {processor.py:183} INFO - Processing /home/airflow/.local/lib/python3.10/site-packages/airflow/example_dags/example_bash_operator.py took 0.314 seconds
[2025-02-19T06:51:15.618+0000] {processor.py:161} INFO - Started process (PID=318) to work on /home/airflow/.local/lib/python3.10/site-packages/airflow/example_dags/example_bash_operator.py
[2025-02-19T06:51:15.620+0000] {processor.py:830} INFO - Processing file /home/airflow/.local/lib/python3.10/site-packages/airflow/example_dags/example_bash_operator.py for tasks to queue
[2025-02-19T06:51:15.622+0000] {logging_mixin.py:188} INFO - [2025-02-19T06:51:15.621+0000] {dagbag.py:538} INFO - Filling up the DagBag from /home/airflow/.local/lib/python3.10/site-packages/airflow/example_dags/example_bash_operator.py
[2025-02-19T06:51:15.642+0000] {processor.py:840} INFO - DAG(s) 'example_bash_operator' retrieved from /home/airflow/.local/lib/python3.10/site-packages/airflow/example_dags/example_bash_operator.py
[2025-02-19T06:51:15.736+0000] {logging_mixin.py:188} INFO - [2025-02-19T06:51:15.735+0000] {dag.py:3036} INFO - Sync 1 DAGs
[2025-02-19T06:51:15.795+0000] {logging_mixin.py:188} INFO - [2025-02-19T06:51:15.794+0000] {dag.py:3823} INFO - Setting next_dagrun for example_bash_operator to 2025-02-18 00:00:00+00:00, run_after=2025-02-19 00:00:00+00:00
[2025-02-19T06:51:15.913+0000] {processor.py:183} INFO - Processing /home/airflow/.local/lib/python3.10/site-packages/airflow/example_dags/example_bash_operator.py took 0.302 seconds
[2025-02-19T06:53:02.857+0000] {processor.py:161} INFO - Started process (PID=383) to work on /home/airflow/.local/lib/python3.10/site-packages/airflow/example_dags/example_bash_operator.py
[2025-02-19T06:53:02.859+0000] {processor.py:830} INFO - Processing file /home/airflow/.local/lib/python3.10/site-packages/airflow/example_dags/example_bash_operator.py for tasks to queue
[2025-02-19T06:53:02.863+0000] {logging_mixin.py:188} INFO - [2025-02-19T06:53:02.860+0000] {dagbag.py:538} INFO - Filling up the DagBag from /home/airflow/.local/lib/python3.10/site-packages/airflow/example_dags/example_bash_operator.py
[2025-02-19T06:53:02.889+0000] {processor.py:840} INFO - DAG(s) 'example_bash_operator' retrieved from /home/airflow/.local/lib/python3.10/site-packages/airflow/example_dags/example_bash_operator.py
[2025-02-19T06:53:02.953+0000] {logging_mixin.py:188} INFO - [2025-02-19T06:53:02.953+0000] {dag.py:3036} INFO - Sync 1 DAGs
[2025-02-19T06:53:03.010+0000] {logging_mixin.py:188} INFO - [2025-02-19T06:53:03.009+0000] {dag.py:3823} INFO - Setting next_dagrun for example_bash_operator to 2025-02-18 00:00:00+00:00, run_after=2025-02-19 00:00:00+00:00
[2025-02-19T06:53:03.119+0000] {processor.py:183} INFO - Processing /home/airflow/.local/lib/python3.10/site-packages/airflow/example_dags/example_bash_operator.py took 0.267 seconds
[2025-02-19T06:54:36.032+0000] {processor.py:161} INFO - Started process (PID=442) to work on /home/airflow/.local/lib/python3.10/site-packages/airflow/example_dags/example_bash_operator.py
[2025-02-19T06:54:36.035+0000] {processor.py:830} INFO - Processing file /home/airflow/.local/lib/python3.10/site-packages/airflow/example_dags/example_bash_operator.py for tasks to queue
[2025-02-19T06:54:36.037+0000] {logging_mixin.py:188} INFO - [2025-02-19T06:54:36.037+0000] {dagbag.py:538} INFO - Filling up the DagBag from /home/airflow/.local/lib/python3.10/site-packages/airflow/example_dags/example_bash_operator.py
[2025-02-19T06:54:36.068+0000] {processor.py:840} INFO - DAG(s) 'example_bash_operator' retrieved from /home/airflow/.local/lib/python3.10/site-packages/airflow/example_dags/example_bash_operator.py
[2025-02-19T06:54:36.161+0000] {logging_mixin.py:188} INFO - [2025-02-19T06:54:36.160+0000] {dag.py:3036} INFO - Sync 1 DAGs
[2025-02-19T06:54:36.225+0000] {logging_mixin.py:188} INFO - [2025-02-19T06:54:36.224+0000] {dag.py:3823} INFO - Setting next_dagrun for example_bash_operator to 2025-02-18 00:00:00+00:00, run_after=2025-02-19 00:00:00+00:00
[2025-02-19T06:54:36.344+0000] {processor.py:183} INFO - Processing /home/airflow/.local/lib/python3.10/site-packages/airflow/example_dags/example_bash_operator.py took 0.319 seconds
[2025-02-19T06:55:56.340+0000] {processor.py:161} INFO - Started process (PID=497) to work on /home/airflow/.local/lib/python3.10/site-packages/airflow/example_dags/example_bash_operator.py
[2025-02-19T06:55:56.352+0000] {processor.py:830} INFO - Processing file /home/airflow/.local/lib/python3.10/site-packages/airflow/example_dags/example_bash_operator.py for tasks to queue
[2025-02-19T06:55:56.356+0000] {logging_mixin.py:188} INFO - [2025-02-19T06:55:56.355+0000] {dagbag.py:538} INFO - Filling up the DagBag from /home/airflow/.local/lib/python3.10/site-packages/airflow/example_dags/example_bash_operator.py
[2025-02-19T06:55:56.405+0000] {processor.py:840} INFO - DAG(s) 'example_bash_operator' retrieved from /home/airflow/.local/lib/python3.10/site-packages/airflow/example_dags/example_bash_operator.py
[2025-02-19T06:55:56.544+0000] {logging_mixin.py:188} INFO - [2025-02-19T06:55:56.544+0000] {dag.py:3036} INFO - Sync 1 DAGs
[2025-02-19T06:55:56.606+0000] {logging_mixin.py:188} INFO - [2025-02-19T06:55:56.606+0000] {dag.py:3823} INFO - Setting next_dagrun for example_bash_operator to 2025-02-18 00:00:00+00:00, run_after=2025-02-19 00:00:00+00:00
[2025-02-19T06:55:56.769+0000] {processor.py:183} INFO - Processing /home/airflow/.local/lib/python3.10/site-packages/airflow/example_dags/example_bash_operator.py took 0.441 seconds
[2025-02-19T06:57:33.825+0000] {processor.py:161} INFO - Started process (PID=556) to work on /home/airflow/.local/lib/python3.10/site-packages/airflow/example_dags/example_bash_operator.py
[2025-02-19T06:57:33.829+0000] {processor.py:830} INFO - Processing file /home/airflow/.local/lib/python3.10/site-packages/airflow/example_dags/example_bash_operator.py for tasks to queue
[2025-02-19T06:57:33.832+0000] {logging_mixin.py:188} INFO - [2025-02-19T06:57:33.831+0000] {dagbag.py:538} INFO - Filling up the DagBag from /home/airflow/.local/lib/python3.10/site-packages/airflow/example_dags/example_bash_operator.py
[2025-02-19T06:57:33.863+0000] {processor.py:840} INFO - DAG(s) 'example_bash_operator' retrieved from /home/airflow/.local/lib/python3.10/site-packages/airflow/example_dags/example_bash_operator.py
[2025-02-19T06:57:33.955+0000] {logging_mixin.py:188} INFO - [2025-02-19T06:57:33.954+0000] {dag.py:3036} INFO - Sync 1 DAGs
[2025-02-19T06:57:34.027+0000] {logging_mixin.py:188} INFO - [2025-02-19T06:57:34.026+0000] {dag.py:3823} INFO - Setting next_dagrun for example_bash_operator to 2025-02-18 00:00:00+00:00, run_after=2025-02-19 00:00:00+00:00
[2025-02-19T06:57:34.372+0000] {processor.py:183} INFO - Processing /home/airflow/.local/lib/python3.10/site-packages/airflow/example_dags/example_bash_operator.py took 0.554 seconds
[2025-02-19T06:59:00.742+0000] {processor.py:161} INFO - Started process (PID=614) to work on /home/airflow/.local/lib/python3.10/site-packages/airflow/example_dags/example_bash_operator.py
[2025-02-19T06:59:00.750+0000] {processor.py:830} INFO - Processing file /home/airflow/.local/lib/python3.10/site-packages/airflow/example_dags/example_bash_operator.py for tasks to queue
[2025-02-19T06:59:00.756+0000] {logging_mixin.py:188} INFO - [2025-02-19T06:59:00.755+0000] {dagbag.py:538} INFO - Filling up the DagBag from /home/airflow/.local/lib/python3.10/site-packages/airflow/example_dags/example_bash_operator.py
[2025-02-19T06:59:00.821+0000] {processor.py:840} INFO - DAG(s) 'example_bash_operator' retrieved from /home/airflow/.local/lib/python3.10/site-packages/airflow/example_dags/example_bash_operator.py
[2025-02-19T06:59:01.005+0000] {logging_mixin.py:188} INFO - [2025-02-19T06:59:01.004+0000] {dag.py:3036} INFO - Sync 1 DAGs
[2025-02-19T06:59:01.113+0000] {logging_mixin.py:188} INFO - [2025-02-19T06:59:01.113+0000] {dag.py:3823} INFO - Setting next_dagrun for example_bash_operator to 2025-02-18 00:00:00+00:00, run_after=2025-02-19 00:00:00+00:00
[2025-02-19T06:59:01.326+0000] {processor.py:183} INFO - Processing /home/airflow/.local/lib/python3.10/site-packages/airflow/example_dags/example_bash_operator.py took 0.596 seconds
[2025-02-19T07:00:52.483+0000] {processor.py:161} INFO - Started process (PID=679) to work on /home/airflow/.local/lib/python3.10/site-packages/airflow/example_dags/example_bash_operator.py
[2025-02-19T07:00:52.495+0000] {processor.py:830} INFO - Processing file /home/airflow/.local/lib/python3.10/site-packages/airflow/example_dags/example_bash_operator.py for tasks to queue
[2025-02-19T07:00:52.500+0000] {logging_mixin.py:188} INFO - [2025-02-19T07:00:52.498+0000] {dagbag.py:538} INFO - Filling up the DagBag from /home/airflow/.local/lib/python3.10/site-packages/airflow/example_dags/example_bash_operator.py
[2025-02-19T07:00:52.588+0000] {processor.py:840} INFO - DAG(s) 'example_bash_operator' retrieved from /home/airflow/.local/lib/python3.10/site-packages/airflow/example_dags/example_bash_operator.py
[2025-02-19T07:00:52.776+0000] {logging_mixin.py:188} INFO - [2025-02-19T07:00:52.776+0000] {dag.py:3036} INFO - Sync 1 DAGs
[2025-02-19T07:00:52.953+0000] {logging_mixin.py:188} INFO - [2025-02-19T07:00:52.952+0000] {dag.py:3823} INFO - Setting next_dagrun for example_bash_operator to 2025-02-18 00:00:00+00:00, run_after=2025-02-19 00:00:00+00:00
[2025-02-19T07:00:53.151+0000] {processor.py:183} INFO - Processing /home/airflow/.local/lib/python3.10/site-packages/airflow/example_dags/example_bash_operator.py took 0.686 seconds
[2025-02-19T07:02:33.791+0000] {processor.py:161} INFO - Started process (PID=739) to work on /home/airflow/.local/lib/python3.10/site-packages/airflow/example_dags/example_bash_operator.py
[2025-02-19T07:02:33.795+0000] {processor.py:830} INFO - Processing file /home/airflow/.local/lib/python3.10/site-packages/airflow/example_dags/example_bash_operator.py for tasks to queue
[2025-02-19T07:02:33.798+0000] {logging_mixin.py:188} INFO - [2025-02-19T07:02:33.797+0000] {dagbag.py:538} INFO - Filling up the DagBag from /home/airflow/.local/lib/python3.10/site-packages/airflow/example_dags/example_bash_operator.py
[2025-02-19T07:02:33.832+0000] {processor.py:840} INFO - DAG(s) 'example_bash_operator' retrieved from /home/airflow/.local/lib/python3.10/site-packages/airflow/example_dags/example_bash_operator.py
[2025-02-19T07:02:33.962+0000] {logging_mixin.py:188} INFO - [2025-02-19T07:02:33.962+0000] {dag.py:3036} INFO - Sync 1 DAGs
[2025-02-19T07:02:34.138+0000] {logging_mixin.py:188} INFO - [2025-02-19T07:02:34.137+0000] {dag.py:3823} INFO - Setting next_dagrun for example_bash_operator to 2025-02-18 00:00:00+00:00, run_after=2025-02-19 00:00:00+00:00
[2025-02-19T07:02:34.323+0000] {processor.py:183} INFO - Processing /home/airflow/.local/lib/python3.10/site-packages/airflow/example_dags/example_bash_operator.py took 0.542 seconds
[2025-02-19T07:04:09.615+0000] {processor.py:161} INFO - Started process (PID=799) to work on /home/airflow/.local/lib/python3.10/site-packages/airflow/example_dags/example_bash_operator.py
[2025-02-19T07:04:09.627+0000] {processor.py:830} INFO - Processing file /home/airflow/.local/lib/python3.10/site-packages/airflow/example_dags/example_bash_operator.py for tasks to queue
[2025-02-19T07:04:09.636+0000] {logging_mixin.py:188} INFO - [2025-02-19T07:04:09.635+0000] {dagbag.py:538} INFO - Filling up the DagBag from /home/airflow/.local/lib/python3.10/site-packages/airflow/example_dags/example_bash_operator.py
[2025-02-19T07:04:09.711+0000] {processor.py:840} INFO - DAG(s) 'example_bash_operator' retrieved from /home/airflow/.local/lib/python3.10/site-packages/airflow/example_dags/example_bash_operator.py
[2025-02-19T07:04:09.993+0000] {logging_mixin.py:188} INFO - [2025-02-19T07:04:09.992+0000] {dag.py:3036} INFO - Sync 1 DAGs
[2025-02-19T07:04:10.157+0000] {logging_mixin.py:188} INFO - [2025-02-19T07:04:10.157+0000] {dag.py:3823} INFO - Setting next_dagrun for example_bash_operator to 2025-02-18 00:00:00+00:00, run_after=2025-02-19 00:00:00+00:00
[2025-02-19T07:04:10.369+0000] {processor.py:183} INFO - Processing /home/airflow/.local/lib/python3.10/site-packages/airflow/example_dags/example_bash_operator.py took 0.777 seconds
[2025-02-19T07:07:14.410+0000] {processor.py:161} INFO - Started process (PID=870) to work on /home/airflow/.local/lib/python3.10/site-packages/airflow/example_dags/example_bash_operator.py
[2025-02-19T07:07:14.416+0000] {processor.py:830} INFO - Processing file /home/airflow/.local/lib/python3.10/site-packages/airflow/example_dags/example_bash_operator.py for tasks to queue
[2025-02-19T07:07:14.425+0000] {logging_mixin.py:188} INFO - [2025-02-19T07:07:14.422+0000] {dagbag.py:538} INFO - Filling up the DagBag from /home/airflow/.local/lib/python3.10/site-packages/airflow/example_dags/example_bash_operator.py
[2025-02-19T07:07:14.498+0000] {processor.py:840} INFO - DAG(s) 'example_bash_operator' retrieved from /home/airflow/.local/lib/python3.10/site-packages/airflow/example_dags/example_bash_operator.py
[2025-02-19T07:07:14.707+0000] {logging_mixin.py:188} INFO - [2025-02-19T07:07:14.706+0000] {dag.py:3036} INFO - Sync 1 DAGs
[2025-02-19T07:07:14.948+0000] {logging_mixin.py:188} INFO - [2025-02-19T07:07:14.947+0000] {dag.py:3823} INFO - Setting next_dagrun for example_bash_operator to 2025-02-18 00:00:00+00:00, run_after=2025-02-19 00:00:00+00:00
[2025-02-19T07:07:15.233+0000] {processor.py:183} INFO - Processing /home/airflow/.local/lib/python3.10/site-packages/airflow/example_dags/example_bash_operator.py took 0.856 seconds
