[2025-02-19T05:55:46.345+0000] {processor.py:161} INFO - Started process (PID=45) to work on /home/airflow/.local/lib/python3.10/site-packages/airflow/example_dags/example_latest_only_with_trigger.py
[2025-02-19T05:55:46.348+0000] {processor.py:830} INFO - Processing file /home/airflow/.local/lib/python3.10/site-packages/airflow/example_dags/example_latest_only_with_trigger.py for tasks to queue
[2025-02-19T05:55:46.350+0000] {logging_mixin.py:188} INFO - [2025-02-19T05:55:46.350+0000] {dagbag.py:538} INFO - Filling up the DagBag from /home/airflow/.local/lib/python3.10/site-packages/airflow/example_dags/example_latest_only_with_trigger.py
[2025-02-19T05:55:46.400+0000] {processor.py:840} INFO - DAG(s) 'latest_only_with_trigger' retrieved from /home/airflow/.local/lib/python3.10/site-packages/airflow/example_dags/example_latest_only_with_trigger.py
[2025-02-19T05:55:46.573+0000] {logging_mixin.py:188} INFO - [2025-02-19T05:55:46.572+0000] {dag.py:3036} INFO - Sync 1 DAGs
[2025-02-19T05:55:46.743+0000] {logging_mixin.py:188} INFO - [2025-02-19T05:55:46.742+0000] {dag.py:3823} INFO - Setting next_dagrun for latest_only_with_trigger to 2025-02-19 00:00:00+00:00, run_after=2025-02-19 04:00:00+00:00
[2025-02-19T05:55:46.977+0000] {processor.py:183} INFO - Processing /home/airflow/.local/lib/python3.10/site-packages/airflow/example_dags/example_latest_only_with_trigger.py took 0.647 seconds
[2025-02-19T05:58:18.369+0000] {processor.py:161} INFO - Started process (PID=94) to work on /home/airflow/.local/lib/python3.10/site-packages/airflow/example_dags/example_latest_only_with_trigger.py
[2025-02-19T05:58:18.372+0000] {processor.py:830} INFO - Processing file /home/airflow/.local/lib/python3.10/site-packages/airflow/example_dags/example_latest_only_with_trigger.py for tasks to queue
[2025-02-19T05:58:18.375+0000] {logging_mixin.py:188} INFO - [2025-02-19T05:58:18.374+0000] {dagbag.py:538} INFO - Filling up the DagBag from /home/airflow/.local/lib/python3.10/site-packages/airflow/example_dags/example_latest_only_with_trigger.py
[2025-02-19T05:58:18.423+0000] {processor.py:840} INFO - DAG(s) 'latest_only_with_trigger' retrieved from /home/airflow/.local/lib/python3.10/site-packages/airflow/example_dags/example_latest_only_with_trigger.py
[2025-02-19T05:58:18.550+0000] {logging_mixin.py:188} INFO - [2025-02-19T05:58:18.550+0000] {dag.py:3036} INFO - Sync 1 DAGs
[2025-02-19T05:58:18.680+0000] {logging_mixin.py:188} INFO - [2025-02-19T05:58:18.670+0000] {dag.py:3823} INFO - Setting next_dagrun for latest_only_with_trigger to 2025-02-19 00:00:00+00:00, run_after=2025-02-19 04:00:00+00:00
[2025-02-19T05:58:18.919+0000] {processor.py:183} INFO - Processing /home/airflow/.local/lib/python3.10/site-packages/airflow/example_dags/example_latest_only_with_trigger.py took 0.567 seconds
[2025-02-19T05:59:45.106+0000] {processor.py:161} INFO - Started process (PID=140) to work on /home/airflow/.local/lib/python3.10/site-packages/airflow/example_dags/example_latest_only_with_trigger.py
[2025-02-19T05:59:45.109+0000] {processor.py:830} INFO - Processing file /home/airflow/.local/lib/python3.10/site-packages/airflow/example_dags/example_latest_only_with_trigger.py for tasks to queue
[2025-02-19T05:59:45.113+0000] {logging_mixin.py:188} INFO - [2025-02-19T05:59:45.112+0000] {dagbag.py:538} INFO - Filling up the DagBag from /home/airflow/.local/lib/python3.10/site-packages/airflow/example_dags/example_latest_only_with_trigger.py
[2025-02-19T05:59:45.152+0000] {processor.py:840} INFO - DAG(s) 'latest_only_with_trigger' retrieved from /home/airflow/.local/lib/python3.10/site-packages/airflow/example_dags/example_latest_only_with_trigger.py
[2025-02-19T05:59:45.282+0000] {logging_mixin.py:188} INFO - [2025-02-19T05:59:45.282+0000] {dag.py:3036} INFO - Sync 1 DAGs
[2025-02-19T05:59:45.386+0000] {logging_mixin.py:188} INFO - [2025-02-19T05:59:45.385+0000] {dag.py:3823} INFO - Setting next_dagrun for latest_only_with_trigger to 2025-02-19 00:00:00+00:00, run_after=2025-02-19 04:00:00+00:00
[2025-02-19T05:59:45.551+0000] {processor.py:183} INFO - Processing /home/airflow/.local/lib/python3.10/site-packages/airflow/example_dags/example_latest_only_with_trigger.py took 0.463 seconds
[2025-02-19T06:01:44.146+0000] {processor.py:161} INFO - Started process (PID=206) to work on /home/airflow/.local/lib/python3.10/site-packages/airflow/example_dags/example_latest_only_with_trigger.py
[2025-02-19T06:01:44.157+0000] {processor.py:830} INFO - Processing file /home/airflow/.local/lib/python3.10/site-packages/airflow/example_dags/example_latest_only_with_trigger.py for tasks to queue
[2025-02-19T06:01:44.163+0000] {logging_mixin.py:188} INFO - [2025-02-19T06:01:44.162+0000] {dagbag.py:538} INFO - Filling up the DagBag from /home/airflow/.local/lib/python3.10/site-packages/airflow/example_dags/example_latest_only_with_trigger.py
[2025-02-19T06:01:44.186+0000] {processor.py:840} INFO - DAG(s) 'latest_only_with_trigger' retrieved from /home/airflow/.local/lib/python3.10/site-packages/airflow/example_dags/example_latest_only_with_trigger.py
[2025-02-19T06:01:44.271+0000] {logging_mixin.py:188} INFO - [2025-02-19T06:01:44.270+0000] {dag.py:3036} INFO - Sync 1 DAGs
[2025-02-19T06:01:44.373+0000] {logging_mixin.py:188} INFO - [2025-02-19T06:01:44.372+0000] {dag.py:3823} INFO - Setting next_dagrun for latest_only_with_trigger to 2025-02-19 00:00:00+00:00, run_after=2025-02-19 04:00:00+00:00
[2025-02-19T06:01:44.695+0000] {processor.py:183} INFO - Processing /home/airflow/.local/lib/python3.10/site-packages/airflow/example_dags/example_latest_only_with_trigger.py took 0.557 seconds
[2025-02-19T06:03:32.293+0000] {processor.py:161} INFO - Started process (PID=270) to work on /home/airflow/.local/lib/python3.10/site-packages/airflow/example_dags/example_latest_only_with_trigger.py
[2025-02-19T06:03:32.299+0000] {processor.py:830} INFO - Processing file /home/airflow/.local/lib/python3.10/site-packages/airflow/example_dags/example_latest_only_with_trigger.py for tasks to queue
[2025-02-19T06:03:32.303+0000] {logging_mixin.py:188} INFO - [2025-02-19T06:03:32.302+0000] {dagbag.py:538} INFO - Filling up the DagBag from /home/airflow/.local/lib/python3.10/site-packages/airflow/example_dags/example_latest_only_with_trigger.py
[2025-02-19T06:03:32.335+0000] {processor.py:840} INFO - DAG(s) 'latest_only_with_trigger' retrieved from /home/airflow/.local/lib/python3.10/site-packages/airflow/example_dags/example_latest_only_with_trigger.py
[2025-02-19T06:03:32.438+0000] {logging_mixin.py:188} INFO - [2025-02-19T06:03:32.437+0000] {dag.py:3036} INFO - Sync 1 DAGs
[2025-02-19T06:03:32.519+0000] {logging_mixin.py:188} INFO - [2025-02-19T06:03:32.519+0000] {dag.py:3823} INFO - Setting next_dagrun for latest_only_with_trigger to 2025-02-19 00:00:00+00:00, run_after=2025-02-19 04:00:00+00:00
[2025-02-19T06:03:32.670+0000] {processor.py:183} INFO - Processing /home/airflow/.local/lib/python3.10/site-packages/airflow/example_dags/example_latest_only_with_trigger.py took 0.386 seconds
[2025-02-19T06:05:16.369+0000] {processor.py:161} INFO - Started process (PID=333) to work on /home/airflow/.local/lib/python3.10/site-packages/airflow/example_dags/example_latest_only_with_trigger.py
[2025-02-19T06:05:16.379+0000] {processor.py:830} INFO - Processing file /home/airflow/.local/lib/python3.10/site-packages/airflow/example_dags/example_latest_only_with_trigger.py for tasks to queue
[2025-02-19T06:05:16.382+0000] {logging_mixin.py:188} INFO - [2025-02-19T06:05:16.381+0000] {dagbag.py:538} INFO - Filling up the DagBag from /home/airflow/.local/lib/python3.10/site-packages/airflow/example_dags/example_latest_only_with_trigger.py
[2025-02-19T06:05:16.410+0000] {processor.py:840} INFO - DAG(s) 'latest_only_with_trigger' retrieved from /home/airflow/.local/lib/python3.10/site-packages/airflow/example_dags/example_latest_only_with_trigger.py
[2025-02-19T06:05:16.504+0000] {logging_mixin.py:188} INFO - [2025-02-19T06:05:16.504+0000] {dag.py:3036} INFO - Sync 1 DAGs
[2025-02-19T06:05:16.604+0000] {logging_mixin.py:188} INFO - [2025-02-19T06:05:16.601+0000] {dag.py:3823} INFO - Setting next_dagrun for latest_only_with_trigger to 2025-02-19 00:00:00+00:00, run_after=2025-02-19 04:00:00+00:00
[2025-02-19T06:05:16.779+0000] {processor.py:183} INFO - Processing /home/airflow/.local/lib/python3.10/site-packages/airflow/example_dags/example_latest_only_with_trigger.py took 0.418 seconds
[2025-02-19T06:07:28.085+0000] {processor.py:161} INFO - Started process (PID=397) to work on /home/airflow/.local/lib/python3.10/site-packages/airflow/example_dags/example_latest_only_with_trigger.py
[2025-02-19T06:07:28.088+0000] {processor.py:830} INFO - Processing file /home/airflow/.local/lib/python3.10/site-packages/airflow/example_dags/example_latest_only_with_trigger.py for tasks to queue
[2025-02-19T06:07:28.091+0000] {logging_mixin.py:188} INFO - [2025-02-19T06:07:28.090+0000] {dagbag.py:538} INFO - Filling up the DagBag from /home/airflow/.local/lib/python3.10/site-packages/airflow/example_dags/example_latest_only_with_trigger.py
[2025-02-19T06:07:28.134+0000] {processor.py:840} INFO - DAG(s) 'latest_only_with_trigger' retrieved from /home/airflow/.local/lib/python3.10/site-packages/airflow/example_dags/example_latest_only_with_trigger.py
[2025-02-19T06:07:28.254+0000] {logging_mixin.py:188} INFO - [2025-02-19T06:07:28.246+0000] {dag.py:3036} INFO - Sync 1 DAGs
[2025-02-19T06:07:28.408+0000] {logging_mixin.py:188} INFO - [2025-02-19T06:07:28.407+0000] {dag.py:3823} INFO - Setting next_dagrun for latest_only_with_trigger to 2025-02-19 00:00:00+00:00, run_after=2025-02-19 04:00:00+00:00
[2025-02-19T06:07:28.796+0000] {processor.py:183} INFO - Processing /home/airflow/.local/lib/python3.10/site-packages/airflow/example_dags/example_latest_only_with_trigger.py took 0.730 seconds
[2025-02-19T06:09:15.378+0000] {processor.py:161} INFO - Started process (PID=460) to work on /home/airflow/.local/lib/python3.10/site-packages/airflow/example_dags/example_latest_only_with_trigger.py
[2025-02-19T06:09:15.393+0000] {processor.py:830} INFO - Processing file /home/airflow/.local/lib/python3.10/site-packages/airflow/example_dags/example_latest_only_with_trigger.py for tasks to queue
[2025-02-19T06:09:15.398+0000] {logging_mixin.py:188} INFO - [2025-02-19T06:09:15.397+0000] {dagbag.py:538} INFO - Filling up the DagBag from /home/airflow/.local/lib/python3.10/site-packages/airflow/example_dags/example_latest_only_with_trigger.py
[2025-02-19T06:09:15.430+0000] {processor.py:840} INFO - DAG(s) 'latest_only_with_trigger' retrieved from /home/airflow/.local/lib/python3.10/site-packages/airflow/example_dags/example_latest_only_with_trigger.py
[2025-02-19T06:09:15.539+0000] {logging_mixin.py:188} INFO - [2025-02-19T06:09:15.538+0000] {dag.py:3036} INFO - Sync 1 DAGs
[2025-02-19T06:09:15.698+0000] {logging_mixin.py:188} INFO - [2025-02-19T06:09:15.697+0000] {dag.py:3823} INFO - Setting next_dagrun for latest_only_with_trigger to 2025-02-19 00:00:00+00:00, run_after=2025-02-19 04:00:00+00:00
[2025-02-19T06:09:15.918+0000] {processor.py:183} INFO - Processing /home/airflow/.local/lib/python3.10/site-packages/airflow/example_dags/example_latest_only_with_trigger.py took 0.548 seconds
[2025-02-19T06:11:01.847+0000] {processor.py:161} INFO - Started process (PID=523) to work on /home/airflow/.local/lib/python3.10/site-packages/airflow/example_dags/example_latest_only_with_trigger.py
[2025-02-19T06:11:01.851+0000] {processor.py:830} INFO - Processing file /home/airflow/.local/lib/python3.10/site-packages/airflow/example_dags/example_latest_only_with_trigger.py for tasks to queue
[2025-02-19T06:11:01.855+0000] {logging_mixin.py:188} INFO - [2025-02-19T06:11:01.854+0000] {dagbag.py:538} INFO - Filling up the DagBag from /home/airflow/.local/lib/python3.10/site-packages/airflow/example_dags/example_latest_only_with_trigger.py
[2025-02-19T06:11:01.879+0000] {processor.py:840} INFO - DAG(s) 'latest_only_with_trigger' retrieved from /home/airflow/.local/lib/python3.10/site-packages/airflow/example_dags/example_latest_only_with_trigger.py
[2025-02-19T06:11:01.960+0000] {logging_mixin.py:188} INFO - [2025-02-19T06:11:01.960+0000] {dag.py:3036} INFO - Sync 1 DAGs
[2025-02-19T06:11:02.057+0000] {logging_mixin.py:188} INFO - [2025-02-19T06:11:02.056+0000] {dag.py:3823} INFO - Setting next_dagrun for latest_only_with_trigger to 2025-02-19 00:00:00+00:00, run_after=2025-02-19 04:00:00+00:00
[2025-02-19T06:11:02.257+0000] {processor.py:183} INFO - Processing /home/airflow/.local/lib/python3.10/site-packages/airflow/example_dags/example_latest_only_with_trigger.py took 0.418 seconds
[2025-02-19T06:12:56.237+0000] {processor.py:161} INFO - Started process (PID=588) to work on /home/airflow/.local/lib/python3.10/site-packages/airflow/example_dags/example_latest_only_with_trigger.py
[2025-02-19T06:12:56.240+0000] {processor.py:830} INFO - Processing file /home/airflow/.local/lib/python3.10/site-packages/airflow/example_dags/example_latest_only_with_trigger.py for tasks to queue
[2025-02-19T06:12:56.243+0000] {logging_mixin.py:188} INFO - [2025-02-19T06:12:56.243+0000] {dagbag.py:538} INFO - Filling up the DagBag from /home/airflow/.local/lib/python3.10/site-packages/airflow/example_dags/example_latest_only_with_trigger.py
[2025-02-19T06:12:56.263+0000] {processor.py:840} INFO - DAG(s) 'latest_only_with_trigger' retrieved from /home/airflow/.local/lib/python3.10/site-packages/airflow/example_dags/example_latest_only_with_trigger.py
[2025-02-19T06:12:56.336+0000] {logging_mixin.py:188} INFO - [2025-02-19T06:12:56.335+0000] {dag.py:3036} INFO - Sync 1 DAGs
[2025-02-19T06:12:56.421+0000] {logging_mixin.py:188} INFO - [2025-02-19T06:12:56.421+0000] {dag.py:3823} INFO - Setting next_dagrun for latest_only_with_trigger to 2025-02-19 00:00:00+00:00, run_after=2025-02-19 04:00:00+00:00
[2025-02-19T06:12:56.583+0000] {processor.py:183} INFO - Processing /home/airflow/.local/lib/python3.10/site-packages/airflow/example_dags/example_latest_only_with_trigger.py took 0.354 seconds
[2025-02-19T06:14:33.596+0000] {processor.py:161} INFO - Started process (PID=649) to work on /home/airflow/.local/lib/python3.10/site-packages/airflow/example_dags/example_latest_only_with_trigger.py
[2025-02-19T06:14:33.603+0000] {processor.py:830} INFO - Processing file /home/airflow/.local/lib/python3.10/site-packages/airflow/example_dags/example_latest_only_with_trigger.py for tasks to queue
[2025-02-19T06:14:33.608+0000] {logging_mixin.py:188} INFO - [2025-02-19T06:14:33.607+0000] {dagbag.py:538} INFO - Filling up the DagBag from /home/airflow/.local/lib/python3.10/site-packages/airflow/example_dags/example_latest_only_with_trigger.py
[2025-02-19T06:14:33.632+0000] {processor.py:840} INFO - DAG(s) 'latest_only_with_trigger' retrieved from /home/airflow/.local/lib/python3.10/site-packages/airflow/example_dags/example_latest_only_with_trigger.py
[2025-02-19T06:14:33.715+0000] {logging_mixin.py:188} INFO - [2025-02-19T06:14:33.714+0000] {dag.py:3036} INFO - Sync 1 DAGs
[2025-02-19T06:14:33.783+0000] {logging_mixin.py:188} INFO - [2025-02-19T06:14:33.782+0000] {dag.py:3823} INFO - Setting next_dagrun for latest_only_with_trigger to 2025-02-19 00:00:00+00:00, run_after=2025-02-19 04:00:00+00:00
[2025-02-19T06:14:33.921+0000] {processor.py:183} INFO - Processing /home/airflow/.local/lib/python3.10/site-packages/airflow/example_dags/example_latest_only_with_trigger.py took 0.335 seconds
[2025-02-19T06:16:05.387+0000] {processor.py:161} INFO - Started process (PID=709) to work on /home/airflow/.local/lib/python3.10/site-packages/airflow/example_dags/example_latest_only_with_trigger.py
[2025-02-19T06:16:05.390+0000] {processor.py:830} INFO - Processing file /home/airflow/.local/lib/python3.10/site-packages/airflow/example_dags/example_latest_only_with_trigger.py for tasks to queue
[2025-02-19T06:16:05.393+0000] {logging_mixin.py:188} INFO - [2025-02-19T06:16:05.392+0000] {dagbag.py:538} INFO - Filling up the DagBag from /home/airflow/.local/lib/python3.10/site-packages/airflow/example_dags/example_latest_only_with_trigger.py
[2025-02-19T06:16:05.417+0000] {processor.py:840} INFO - DAG(s) 'latest_only_with_trigger' retrieved from /home/airflow/.local/lib/python3.10/site-packages/airflow/example_dags/example_latest_only_with_trigger.py
[2025-02-19T06:16:05.537+0000] {logging_mixin.py:188} INFO - [2025-02-19T06:16:05.536+0000] {dag.py:3036} INFO - Sync 1 DAGs
[2025-02-19T06:16:05.654+0000] {logging_mixin.py:188} INFO - [2025-02-19T06:16:05.653+0000] {dag.py:3823} INFO - Setting next_dagrun for latest_only_with_trigger to 2025-02-19 00:00:00+00:00, run_after=2025-02-19 04:00:00+00:00
[2025-02-19T06:16:05.811+0000] {processor.py:183} INFO - Processing /home/airflow/.local/lib/python3.10/site-packages/airflow/example_dags/example_latest_only_with_trigger.py took 0.440 seconds
[2025-02-19T06:17:17.538+0000] {processor.py:161} INFO - Started process (PID=743) to work on /home/airflow/.local/lib/python3.10/site-packages/airflow/example_dags/example_latest_only_with_trigger.py
[2025-02-19T06:17:17.541+0000] {processor.py:830} INFO - Processing file /home/airflow/.local/lib/python3.10/site-packages/airflow/example_dags/example_latest_only_with_trigger.py for tasks to queue
[2025-02-19T06:17:17.544+0000] {logging_mixin.py:188} INFO - [2025-02-19T06:17:17.543+0000] {dagbag.py:538} INFO - Filling up the DagBag from /home/airflow/.local/lib/python3.10/site-packages/airflow/example_dags/example_latest_only_with_trigger.py
[2025-02-19T06:17:17.564+0000] {processor.py:840} INFO - DAG(s) 'latest_only_with_trigger' retrieved from /home/airflow/.local/lib/python3.10/site-packages/airflow/example_dags/example_latest_only_with_trigger.py
[2025-02-19T06:17:17.640+0000] {logging_mixin.py:188} INFO - [2025-02-19T06:17:17.639+0000] {dag.py:3036} INFO - Sync 1 DAGs
[2025-02-19T06:17:17.721+0000] {logging_mixin.py:188} INFO - [2025-02-19T06:17:17.720+0000] {dag.py:3823} INFO - Setting next_dagrun for latest_only_with_trigger to 2025-02-19 00:00:00+00:00, run_after=2025-02-19 04:00:00+00:00
[2025-02-19T06:17:17.872+0000] {processor.py:183} INFO - Processing /home/airflow/.local/lib/python3.10/site-packages/airflow/example_dags/example_latest_only_with_trigger.py took 0.341 seconds
[2025-02-19T06:18:15.387+0000] {processor.py:161} INFO - Started process (PID=780) to work on /home/airflow/.local/lib/python3.10/site-packages/airflow/example_dags/example_latest_only_with_trigger.py
[2025-02-19T06:18:15.390+0000] {processor.py:830} INFO - Processing file /home/airflow/.local/lib/python3.10/site-packages/airflow/example_dags/example_latest_only_with_trigger.py for tasks to queue
[2025-02-19T06:18:15.393+0000] {logging_mixin.py:188} INFO - [2025-02-19T06:18:15.392+0000] {dagbag.py:538} INFO - Filling up the DagBag from /home/airflow/.local/lib/python3.10/site-packages/airflow/example_dags/example_latest_only_with_trigger.py
[2025-02-19T06:18:15.409+0000] {processor.py:840} INFO - DAG(s) 'latest_only_with_trigger' retrieved from /home/airflow/.local/lib/python3.10/site-packages/airflow/example_dags/example_latest_only_with_trigger.py
[2025-02-19T06:18:15.469+0000] {logging_mixin.py:188} INFO - [2025-02-19T06:18:15.469+0000] {dag.py:3036} INFO - Sync 1 DAGs
[2025-02-19T06:18:15.527+0000] {logging_mixin.py:188} INFO - [2025-02-19T06:18:15.527+0000] {dag.py:3823} INFO - Setting next_dagrun for latest_only_with_trigger to 2025-02-19 00:00:00+00:00, run_after=2025-02-19 04:00:00+00:00
[2025-02-19T06:18:15.673+0000] {processor.py:183} INFO - Processing /home/airflow/.local/lib/python3.10/site-packages/airflow/example_dags/example_latest_only_with_trigger.py took 0.294 seconds
[2025-02-19T06:19:47.790+0000] {processor.py:161} INFO - Started process (PID=839) to work on /home/airflow/.local/lib/python3.10/site-packages/airflow/example_dags/example_latest_only_with_trigger.py
[2025-02-19T06:19:47.796+0000] {processor.py:830} INFO - Processing file /home/airflow/.local/lib/python3.10/site-packages/airflow/example_dags/example_latest_only_with_trigger.py for tasks to queue
[2025-02-19T06:19:47.799+0000] {logging_mixin.py:188} INFO - [2025-02-19T06:19:47.798+0000] {dagbag.py:538} INFO - Filling up the DagBag from /home/airflow/.local/lib/python3.10/site-packages/airflow/example_dags/example_latest_only_with_trigger.py
[2025-02-19T06:19:47.832+0000] {processor.py:840} INFO - DAG(s) 'latest_only_with_trigger' retrieved from /home/airflow/.local/lib/python3.10/site-packages/airflow/example_dags/example_latest_only_with_trigger.py
[2025-02-19T06:19:47.945+0000] {logging_mixin.py:188} INFO - [2025-02-19T06:19:47.944+0000] {dag.py:3036} INFO - Sync 1 DAGs
[2025-02-19T06:19:48.056+0000] {logging_mixin.py:188} INFO - [2025-02-19T06:19:48.056+0000] {dag.py:3823} INFO - Setting next_dagrun for latest_only_with_trigger to 2025-02-19 00:00:00+00:00, run_after=2025-02-19 04:00:00+00:00
[2025-02-19T06:19:48.211+0000] {processor.py:183} INFO - Processing /home/airflow/.local/lib/python3.10/site-packages/airflow/example_dags/example_latest_only_with_trigger.py took 0.430 seconds
[2025-02-19T06:21:30.503+0000] {processor.py:161} INFO - Started process (PID=900) to work on /home/airflow/.local/lib/python3.10/site-packages/airflow/example_dags/example_latest_only_with_trigger.py
[2025-02-19T06:21:30.506+0000] {processor.py:830} INFO - Processing file /home/airflow/.local/lib/python3.10/site-packages/airflow/example_dags/example_latest_only_with_trigger.py for tasks to queue
[2025-02-19T06:21:30.513+0000] {logging_mixin.py:188} INFO - [2025-02-19T06:21:30.512+0000] {dagbag.py:538} INFO - Filling up the DagBag from /home/airflow/.local/lib/python3.10/site-packages/airflow/example_dags/example_latest_only_with_trigger.py
[2025-02-19T06:21:30.543+0000] {processor.py:840} INFO - DAG(s) 'latest_only_with_trigger' retrieved from /home/airflow/.local/lib/python3.10/site-packages/airflow/example_dags/example_latest_only_with_trigger.py
[2025-02-19T06:21:30.652+0000] {logging_mixin.py:188} INFO - [2025-02-19T06:21:30.652+0000] {dag.py:3036} INFO - Sync 1 DAGs
[2025-02-19T06:21:30.786+0000] {logging_mixin.py:188} INFO - [2025-02-19T06:21:30.785+0000] {dag.py:3823} INFO - Setting next_dagrun for latest_only_with_trigger to 2025-02-19 00:00:00+00:00, run_after=2025-02-19 04:00:00+00:00
[2025-02-19T06:21:30.990+0000] {processor.py:183} INFO - Processing /home/airflow/.local/lib/python3.10/site-packages/airflow/example_dags/example_latest_only_with_trigger.py took 0.519 seconds
[2025-02-19T06:23:33.044+0000] {processor.py:161} INFO - Started process (PID=964) to work on /home/airflow/.local/lib/python3.10/site-packages/airflow/example_dags/example_latest_only_with_trigger.py
[2025-02-19T06:23:33.049+0000] {processor.py:830} INFO - Processing file /home/airflow/.local/lib/python3.10/site-packages/airflow/example_dags/example_latest_only_with_trigger.py for tasks to queue
[2025-02-19T06:23:33.060+0000] {logging_mixin.py:188} INFO - [2025-02-19T06:23:33.051+0000] {dagbag.py:538} INFO - Filling up the DagBag from /home/airflow/.local/lib/python3.10/site-packages/airflow/example_dags/example_latest_only_with_trigger.py
[2025-02-19T06:23:33.097+0000] {processor.py:840} INFO - DAG(s) 'latest_only_with_trigger' retrieved from /home/airflow/.local/lib/python3.10/site-packages/airflow/example_dags/example_latest_only_with_trigger.py
[2025-02-19T06:23:33.233+0000] {logging_mixin.py:188} INFO - [2025-02-19T06:23:33.232+0000] {dag.py:3036} INFO - Sync 1 DAGs
[2025-02-19T06:23:33.390+0000] {logging_mixin.py:188} INFO - [2025-02-19T06:23:33.389+0000] {dag.py:3823} INFO - Setting next_dagrun for latest_only_with_trigger to 2025-02-19 00:00:00+00:00, run_after=2025-02-19 04:00:00+00:00
[2025-02-19T06:23:33.613+0000] {processor.py:183} INFO - Processing /home/airflow/.local/lib/python3.10/site-packages/airflow/example_dags/example_latest_only_with_trigger.py took 0.587 seconds
[2025-02-19T06:24:41.119+0000] {processor.py:161} INFO - Started process (PID=996) to work on /home/airflow/.local/lib/python3.10/site-packages/airflow/example_dags/example_latest_only_with_trigger.py
[2025-02-19T06:24:41.129+0000] {processor.py:830} INFO - Processing file /home/airflow/.local/lib/python3.10/site-packages/airflow/example_dags/example_latest_only_with_trigger.py for tasks to queue
[2025-02-19T06:24:41.133+0000] {logging_mixin.py:188} INFO - [2025-02-19T06:24:41.132+0000] {dagbag.py:538} INFO - Filling up the DagBag from /home/airflow/.local/lib/python3.10/site-packages/airflow/example_dags/example_latest_only_with_trigger.py
[2025-02-19T06:24:41.182+0000] {processor.py:840} INFO - DAG(s) 'latest_only_with_trigger' retrieved from /home/airflow/.local/lib/python3.10/site-packages/airflow/example_dags/example_latest_only_with_trigger.py
[2025-02-19T06:24:41.306+0000] {logging_mixin.py:188} INFO - [2025-02-19T06:24:41.305+0000] {dag.py:3036} INFO - Sync 1 DAGs
[2025-02-19T06:24:41.430+0000] {logging_mixin.py:188} INFO - [2025-02-19T06:24:41.429+0000] {dag.py:3823} INFO - Setting next_dagrun for latest_only_with_trigger to 2025-02-19 00:00:00+00:00, run_after=2025-02-19 04:00:00+00:00
[2025-02-19T06:24:41.689+0000] {processor.py:183} INFO - Processing /home/airflow/.local/lib/python3.10/site-packages/airflow/example_dags/example_latest_only_with_trigger.py took 0.588 seconds
[2025-02-19T06:25:47.663+0000] {processor.py:161} INFO - Started process (PID=1033) to work on /home/airflow/.local/lib/python3.10/site-packages/airflow/example_dags/example_latest_only_with_trigger.py
[2025-02-19T06:25:47.681+0000] {processor.py:830} INFO - Processing file /home/airflow/.local/lib/python3.10/site-packages/airflow/example_dags/example_latest_only_with_trigger.py for tasks to queue
[2025-02-19T06:25:47.689+0000] {logging_mixin.py:188} INFO - [2025-02-19T06:25:47.688+0000] {dagbag.py:538} INFO - Filling up the DagBag from /home/airflow/.local/lib/python3.10/site-packages/airflow/example_dags/example_latest_only_with_trigger.py
[2025-02-19T06:25:47.744+0000] {processor.py:840} INFO - DAG(s) 'latest_only_with_trigger' retrieved from /home/airflow/.local/lib/python3.10/site-packages/airflow/example_dags/example_latest_only_with_trigger.py
[2025-02-19T06:25:47.934+0000] {logging_mixin.py:188} INFO - [2025-02-19T06:25:47.934+0000] {dag.py:3036} INFO - Sync 1 DAGs
[2025-02-19T06:25:48.124+0000] {logging_mixin.py:188} INFO - [2025-02-19T06:25:48.124+0000] {dag.py:3823} INFO - Setting next_dagrun for latest_only_with_trigger to 2025-02-19 00:00:00+00:00, run_after=2025-02-19 04:00:00+00:00
[2025-02-19T06:25:48.465+0000] {processor.py:183} INFO - Processing /home/airflow/.local/lib/python3.10/site-packages/airflow/example_dags/example_latest_only_with_trigger.py took 0.820 seconds
[2025-02-19T06:30:13.144+0000] {processor.py:161} INFO - Started process (PID=45) to work on /home/airflow/.local/lib/python3.10/site-packages/airflow/example_dags/example_latest_only_with_trigger.py
[2025-02-19T06:30:13.147+0000] {processor.py:830} INFO - Processing file /home/airflow/.local/lib/python3.10/site-packages/airflow/example_dags/example_latest_only_with_trigger.py for tasks to queue
[2025-02-19T06:30:13.151+0000] {logging_mixin.py:188} INFO - [2025-02-19T06:30:13.150+0000] {dagbag.py:538} INFO - Filling up the DagBag from /home/airflow/.local/lib/python3.10/site-packages/airflow/example_dags/example_latest_only_with_trigger.py
[2025-02-19T06:30:13.192+0000] {processor.py:840} INFO - DAG(s) 'latest_only_with_trigger' retrieved from /home/airflow/.local/lib/python3.10/site-packages/airflow/example_dags/example_latest_only_with_trigger.py
[2025-02-19T06:30:13.371+0000] {logging_mixin.py:188} INFO - [2025-02-19T06:30:13.370+0000] {dag.py:3036} INFO - Sync 1 DAGs
[2025-02-19T06:30:13.491+0000] {logging_mixin.py:188} INFO - [2025-02-19T06:30:13.491+0000] {dag.py:3823} INFO - Setting next_dagrun for latest_only_with_trigger to 2025-02-19 00:00:00+00:00, run_after=2025-02-19 04:00:00+00:00
[2025-02-19T06:30:13.750+0000] {processor.py:183} INFO - Processing /home/airflow/.local/lib/python3.10/site-packages/airflow/example_dags/example_latest_only_with_trigger.py took 0.624 seconds
[2025-02-19T06:31:46.334+0000] {processor.py:161} INFO - Started process (PID=94) to work on /home/airflow/.local/lib/python3.10/site-packages/airflow/example_dags/example_latest_only_with_trigger.py
[2025-02-19T06:31:46.336+0000] {processor.py:830} INFO - Processing file /home/airflow/.local/lib/python3.10/site-packages/airflow/example_dags/example_latest_only_with_trigger.py for tasks to queue
[2025-02-19T06:31:46.339+0000] {logging_mixin.py:188} INFO - [2025-02-19T06:31:46.338+0000] {dagbag.py:538} INFO - Filling up the DagBag from /home/airflow/.local/lib/python3.10/site-packages/airflow/example_dags/example_latest_only_with_trigger.py
[2025-02-19T06:31:46.364+0000] {processor.py:840} INFO - DAG(s) 'latest_only_with_trigger' retrieved from /home/airflow/.local/lib/python3.10/site-packages/airflow/example_dags/example_latest_only_with_trigger.py
[2025-02-19T06:31:46.433+0000] {logging_mixin.py:188} INFO - [2025-02-19T06:31:46.432+0000] {dag.py:3036} INFO - Sync 1 DAGs
[2025-02-19T06:31:46.522+0000] {logging_mixin.py:188} INFO - [2025-02-19T06:31:46.521+0000] {dag.py:3823} INFO - Setting next_dagrun for latest_only_with_trigger to 2025-02-19 00:00:00+00:00, run_after=2025-02-19 04:00:00+00:00
[2025-02-19T06:31:46.655+0000] {processor.py:183} INFO - Processing /home/airflow/.local/lib/python3.10/site-packages/airflow/example_dags/example_latest_only_with_trigger.py took 0.336 seconds
[2025-02-19T06:32:54.404+0000] {processor.py:161} INFO - Started process (PID=125) to work on /home/airflow/.local/lib/python3.10/site-packages/airflow/example_dags/example_latest_only_with_trigger.py
[2025-02-19T06:32:54.406+0000] {processor.py:830} INFO - Processing file /home/airflow/.local/lib/python3.10/site-packages/airflow/example_dags/example_latest_only_with_trigger.py for tasks to queue
[2025-02-19T06:32:54.408+0000] {logging_mixin.py:188} INFO - [2025-02-19T06:32:54.408+0000] {dagbag.py:538} INFO - Filling up the DagBag from /home/airflow/.local/lib/python3.10/site-packages/airflow/example_dags/example_latest_only_with_trigger.py
[2025-02-19T06:32:54.422+0000] {processor.py:840} INFO - DAG(s) 'latest_only_with_trigger' retrieved from /home/airflow/.local/lib/python3.10/site-packages/airflow/example_dags/example_latest_only_with_trigger.py
[2025-02-19T06:32:54.475+0000] {logging_mixin.py:188} INFO - [2025-02-19T06:32:54.474+0000] {dag.py:3036} INFO - Sync 1 DAGs
[2025-02-19T06:32:54.538+0000] {logging_mixin.py:188} INFO - [2025-02-19T06:32:54.537+0000] {dag.py:3823} INFO - Setting next_dagrun for latest_only_with_trigger to 2025-02-19 00:00:00+00:00, run_after=2025-02-19 04:00:00+00:00
[2025-02-19T06:32:54.682+0000] {processor.py:183} INFO - Processing /home/airflow/.local/lib/python3.10/site-packages/airflow/example_dags/example_latest_only_with_trigger.py took 0.285 seconds
[2025-02-19T06:34:02.807+0000] {processor.py:161} INFO - Started process (PID=162) to work on /home/airflow/.local/lib/python3.10/site-packages/airflow/example_dags/example_latest_only_with_trigger.py
[2025-02-19T06:34:02.810+0000] {processor.py:830} INFO - Processing file /home/airflow/.local/lib/python3.10/site-packages/airflow/example_dags/example_latest_only_with_trigger.py for tasks to queue
[2025-02-19T06:34:02.814+0000] {logging_mixin.py:188} INFO - [2025-02-19T06:34:02.812+0000] {dagbag.py:538} INFO - Filling up the DagBag from /home/airflow/.local/lib/python3.10/site-packages/airflow/example_dags/example_latest_only_with_trigger.py
[2025-02-19T06:34:02.839+0000] {processor.py:840} INFO - DAG(s) 'latest_only_with_trigger' retrieved from /home/airflow/.local/lib/python3.10/site-packages/airflow/example_dags/example_latest_only_with_trigger.py
[2025-02-19T06:34:02.915+0000] {logging_mixin.py:188} INFO - [2025-02-19T06:34:02.914+0000] {dag.py:3036} INFO - Sync 1 DAGs
[2025-02-19T06:34:02.992+0000] {logging_mixin.py:188} INFO - [2025-02-19T06:34:02.992+0000] {dag.py:3823} INFO - Setting next_dagrun for latest_only_with_trigger to 2025-02-19 00:00:00+00:00, run_after=2025-02-19 04:00:00+00:00
[2025-02-19T06:34:03.234+0000] {processor.py:183} INFO - Processing /home/airflow/.local/lib/python3.10/site-packages/airflow/example_dags/example_latest_only_with_trigger.py took 0.436 seconds
[2025-02-19T06:35:32.725+0000] {processor.py:161} INFO - Started process (PID=221) to work on /home/airflow/.local/lib/python3.10/site-packages/airflow/example_dags/example_latest_only_with_trigger.py
[2025-02-19T06:35:32.728+0000] {processor.py:830} INFO - Processing file /home/airflow/.local/lib/python3.10/site-packages/airflow/example_dags/example_latest_only_with_trigger.py for tasks to queue
[2025-02-19T06:35:32.733+0000] {logging_mixin.py:188} INFO - [2025-02-19T06:35:32.731+0000] {dagbag.py:538} INFO - Filling up the DagBag from /home/airflow/.local/lib/python3.10/site-packages/airflow/example_dags/example_latest_only_with_trigger.py
[2025-02-19T06:35:32.761+0000] {processor.py:840} INFO - DAG(s) 'latest_only_with_trigger' retrieved from /home/airflow/.local/lib/python3.10/site-packages/airflow/example_dags/example_latest_only_with_trigger.py
[2025-02-19T06:35:32.835+0000] {logging_mixin.py:188} INFO - [2025-02-19T06:35:32.834+0000] {dag.py:3036} INFO - Sync 1 DAGs
[2025-02-19T06:35:32.892+0000] {logging_mixin.py:188} INFO - [2025-02-19T06:35:32.892+0000] {dag.py:3823} INFO - Setting next_dagrun for latest_only_with_trigger to 2025-02-19 00:00:00+00:00, run_after=2025-02-19 04:00:00+00:00
[2025-02-19T06:35:33.020+0000] {processor.py:183} INFO - Processing /home/airflow/.local/lib/python3.10/site-packages/airflow/example_dags/example_latest_only_with_trigger.py took 0.303 seconds
[2025-02-19T06:37:31.507+0000] {processor.py:161} INFO - Started process (PID=286) to work on /home/airflow/.local/lib/python3.10/site-packages/airflow/example_dags/example_latest_only_with_trigger.py
[2025-02-19T06:37:31.510+0000] {processor.py:830} INFO - Processing file /home/airflow/.local/lib/python3.10/site-packages/airflow/example_dags/example_latest_only_with_trigger.py for tasks to queue
[2025-02-19T06:37:31.512+0000] {logging_mixin.py:188} INFO - [2025-02-19T06:37:31.511+0000] {dagbag.py:538} INFO - Filling up the DagBag from /home/airflow/.local/lib/python3.10/site-packages/airflow/example_dags/example_latest_only_with_trigger.py
[2025-02-19T06:37:31.524+0000] {processor.py:840} INFO - DAG(s) 'latest_only_with_trigger' retrieved from /home/airflow/.local/lib/python3.10/site-packages/airflow/example_dags/example_latest_only_with_trigger.py
[2025-02-19T06:37:31.572+0000] {logging_mixin.py:188} INFO - [2025-02-19T06:37:31.572+0000] {dag.py:3036} INFO - Sync 1 DAGs
[2025-02-19T06:37:31.638+0000] {logging_mixin.py:188} INFO - [2025-02-19T06:37:31.637+0000] {dag.py:3823} INFO - Setting next_dagrun for latest_only_with_trigger to 2025-02-19 00:00:00+00:00, run_after=2025-02-19 04:00:00+00:00
[2025-02-19T06:37:31.799+0000] {processor.py:183} INFO - Processing /home/airflow/.local/lib/python3.10/site-packages/airflow/example_dags/example_latest_only_with_trigger.py took 0.299 seconds
[2025-02-19T06:38:53.692+0000] {processor.py:161} INFO - Started process (PID=343) to work on /home/airflow/.local/lib/python3.10/site-packages/airflow/example_dags/example_latest_only_with_trigger.py
[2025-02-19T06:38:53.697+0000] {processor.py:830} INFO - Processing file /home/airflow/.local/lib/python3.10/site-packages/airflow/example_dags/example_latest_only_with_trigger.py for tasks to queue
[2025-02-19T06:38:53.708+0000] {logging_mixin.py:188} INFO - [2025-02-19T06:38:53.699+0000] {dagbag.py:538} INFO - Filling up the DagBag from /home/airflow/.local/lib/python3.10/site-packages/airflow/example_dags/example_latest_only_with_trigger.py
[2025-02-19T06:38:53.759+0000] {processor.py:840} INFO - DAG(s) 'latest_only_with_trigger' retrieved from /home/airflow/.local/lib/python3.10/site-packages/airflow/example_dags/example_latest_only_with_trigger.py
[2025-02-19T06:38:53.910+0000] {logging_mixin.py:188} INFO - [2025-02-19T06:38:53.909+0000] {dag.py:3036} INFO - Sync 1 DAGs
[2025-02-19T06:38:54.059+0000] {logging_mixin.py:188} INFO - [2025-02-19T06:38:54.059+0000] {dag.py:3823} INFO - Setting next_dagrun for latest_only_with_trigger to 2025-02-19 00:00:00+00:00, run_after=2025-02-19 04:00:00+00:00
[2025-02-19T06:38:54.235+0000] {processor.py:183} INFO - Processing /home/airflow/.local/lib/python3.10/site-packages/airflow/example_dags/example_latest_only_with_trigger.py took 0.568 seconds
[2025-02-19T06:40:27.639+0000] {processor.py:161} INFO - Started process (PID=378) to work on /home/airflow/.local/lib/python3.10/site-packages/airflow/example_dags/example_latest_only_with_trigger.py
[2025-02-19T06:40:27.651+0000] {processor.py:830} INFO - Processing file /home/airflow/.local/lib/python3.10/site-packages/airflow/example_dags/example_latest_only_with_trigger.py for tasks to queue
[2025-02-19T06:40:27.655+0000] {logging_mixin.py:188} INFO - [2025-02-19T06:40:27.653+0000] {dagbag.py:538} INFO - Filling up the DagBag from /home/airflow/.local/lib/python3.10/site-packages/airflow/example_dags/example_latest_only_with_trigger.py
[2025-02-19T06:40:27.689+0000] {processor.py:840} INFO - DAG(s) 'latest_only_with_trigger' retrieved from /home/airflow/.local/lib/python3.10/site-packages/airflow/example_dags/example_latest_only_with_trigger.py
[2025-02-19T06:40:27.813+0000] {logging_mixin.py:188} INFO - [2025-02-19T06:40:27.812+0000] {dag.py:3036} INFO - Sync 1 DAGs
[2025-02-19T06:40:27.968+0000] {logging_mixin.py:188} INFO - [2025-02-19T06:40:27.967+0000] {dag.py:3823} INFO - Setting next_dagrun for latest_only_with_trigger to 2025-02-19 00:00:00+00:00, run_after=2025-02-19 04:00:00+00:00
[2025-02-19T06:40:28.547+0000] {processor.py:183} INFO - Processing /home/airflow/.local/lib/python3.10/site-packages/airflow/example_dags/example_latest_only_with_trigger.py took 0.923 seconds
[2025-02-19T06:41:34.906+0000] {processor.py:161} INFO - Started process (PID=415) to work on /home/airflow/.local/lib/python3.10/site-packages/airflow/example_dags/example_latest_only_with_trigger.py
[2025-02-19T06:41:34.909+0000] {processor.py:830} INFO - Processing file /home/airflow/.local/lib/python3.10/site-packages/airflow/example_dags/example_latest_only_with_trigger.py for tasks to queue
[2025-02-19T06:41:34.913+0000] {logging_mixin.py:188} INFO - [2025-02-19T06:41:34.912+0000] {dagbag.py:538} INFO - Filling up the DagBag from /home/airflow/.local/lib/python3.10/site-packages/airflow/example_dags/example_latest_only_with_trigger.py
[2025-02-19T06:41:34.928+0000] {processor.py:840} INFO - DAG(s) 'latest_only_with_trigger' retrieved from /home/airflow/.local/lib/python3.10/site-packages/airflow/example_dags/example_latest_only_with_trigger.py
[2025-02-19T06:41:34.984+0000] {logging_mixin.py:188} INFO - [2025-02-19T06:41:34.984+0000] {dag.py:3036} INFO - Sync 1 DAGs
[2025-02-19T06:41:35.030+0000] {logging_mixin.py:188} INFO - [2025-02-19T06:41:35.030+0000] {dag.py:3823} INFO - Setting next_dagrun for latest_only_with_trigger to 2025-02-19 00:00:00+00:00, run_after=2025-02-19 04:00:00+00:00
[2025-02-19T06:41:35.207+0000] {processor.py:183} INFO - Processing /home/airflow/.local/lib/python3.10/site-packages/airflow/example_dags/example_latest_only_with_trigger.py took 0.307 seconds
[2025-02-19T06:43:39.508+0000] {processor.py:161} INFO - Started process (PID=45) to work on /home/airflow/.local/lib/python3.10/site-packages/airflow/example_dags/example_latest_only_with_trigger.py
[2025-02-19T06:43:39.510+0000] {processor.py:830} INFO - Processing file /home/airflow/.local/lib/python3.10/site-packages/airflow/example_dags/example_latest_only_with_trigger.py for tasks to queue
[2025-02-19T06:43:39.513+0000] {logging_mixin.py:188} INFO - [2025-02-19T06:43:39.512+0000] {dagbag.py:538} INFO - Filling up the DagBag from /home/airflow/.local/lib/python3.10/site-packages/airflow/example_dags/example_latest_only_with_trigger.py
[2025-02-19T06:43:39.529+0000] {processor.py:840} INFO - DAG(s) 'latest_only_with_trigger' retrieved from /home/airflow/.local/lib/python3.10/site-packages/airflow/example_dags/example_latest_only_with_trigger.py
[2025-02-19T06:43:39.615+0000] {logging_mixin.py:188} INFO - [2025-02-19T06:43:39.614+0000] {dag.py:3036} INFO - Sync 1 DAGs
[2025-02-19T06:43:39.678+0000] {logging_mixin.py:188} INFO - [2025-02-19T06:43:39.678+0000] {dag.py:3823} INFO - Setting next_dagrun for latest_only_with_trigger to 2025-02-19 00:00:00+00:00, run_after=2025-02-19 04:00:00+00:00
[2025-02-19T06:43:39.810+0000] {processor.py:183} INFO - Processing /home/airflow/.local/lib/python3.10/site-packages/airflow/example_dags/example_latest_only_with_trigger.py took 0.313 seconds
[2025-02-19T06:45:01.594+0000] {processor.py:161} INFO - Started process (PID=94) to work on /home/airflow/.local/lib/python3.10/site-packages/airflow/example_dags/example_latest_only_with_trigger.py
[2025-02-19T06:45:01.596+0000] {processor.py:830} INFO - Processing file /home/airflow/.local/lib/python3.10/site-packages/airflow/example_dags/example_latest_only_with_trigger.py for tasks to queue
[2025-02-19T06:45:01.601+0000] {logging_mixin.py:188} INFO - [2025-02-19T06:45:01.599+0000] {dagbag.py:538} INFO - Filling up the DagBag from /home/airflow/.local/lib/python3.10/site-packages/airflow/example_dags/example_latest_only_with_trigger.py
[2025-02-19T06:45:01.619+0000] {processor.py:840} INFO - DAG(s) 'latest_only_with_trigger' retrieved from /home/airflow/.local/lib/python3.10/site-packages/airflow/example_dags/example_latest_only_with_trigger.py
[2025-02-19T06:45:01.690+0000] {logging_mixin.py:188} INFO - [2025-02-19T06:45:01.689+0000] {dag.py:3036} INFO - Sync 1 DAGs
[2025-02-19T06:45:01.770+0000] {logging_mixin.py:188} INFO - [2025-02-19T06:45:01.770+0000] {dag.py:3823} INFO - Setting next_dagrun for latest_only_with_trigger to 2025-02-19 00:00:00+00:00, run_after=2025-02-19 04:00:00+00:00
[2025-02-19T06:45:01.913+0000] {processor.py:183} INFO - Processing /home/airflow/.local/lib/python3.10/site-packages/airflow/example_dags/example_latest_only_with_trigger.py took 0.326 seconds
[2025-02-19T06:46:44.332+0000] {processor.py:161} INFO - Started process (PID=157) to work on /home/airflow/.local/lib/python3.10/site-packages/airflow/example_dags/example_latest_only_with_trigger.py
[2025-02-19T06:46:44.334+0000] {processor.py:830} INFO - Processing file /home/airflow/.local/lib/python3.10/site-packages/airflow/example_dags/example_latest_only_with_trigger.py for tasks to queue
[2025-02-19T06:46:44.336+0000] {logging_mixin.py:188} INFO - [2025-02-19T06:46:44.335+0000] {dagbag.py:538} INFO - Filling up the DagBag from /home/airflow/.local/lib/python3.10/site-packages/airflow/example_dags/example_latest_only_with_trigger.py
[2025-02-19T06:46:44.351+0000] {processor.py:840} INFO - DAG(s) 'latest_only_with_trigger' retrieved from /home/airflow/.local/lib/python3.10/site-packages/airflow/example_dags/example_latest_only_with_trigger.py
[2025-02-19T06:46:44.400+0000] {logging_mixin.py:188} INFO - [2025-02-19T06:46:44.397+0000] {dag.py:3036} INFO - Sync 1 DAGs
[2025-02-19T06:46:44.460+0000] {logging_mixin.py:188} INFO - [2025-02-19T06:46:44.460+0000] {dag.py:3823} INFO - Setting next_dagrun for latest_only_with_trigger to 2025-02-19 00:00:00+00:00, run_after=2025-02-19 04:00:00+00:00
[2025-02-19T06:46:44.558+0000] {processor.py:183} INFO - Processing /home/airflow/.local/lib/python3.10/site-packages/airflow/example_dags/example_latest_only_with_trigger.py took 0.232 seconds
[2025-02-19T06:48:28.687+0000] {processor.py:161} INFO - Started process (PID=218) to work on /home/airflow/.local/lib/python3.10/site-packages/airflow/example_dags/example_latest_only_with_trigger.py
[2025-02-19T06:48:28.689+0000] {processor.py:830} INFO - Processing file /home/airflow/.local/lib/python3.10/site-packages/airflow/example_dags/example_latest_only_with_trigger.py for tasks to queue
[2025-02-19T06:48:28.691+0000] {logging_mixin.py:188} INFO - [2025-02-19T06:48:28.691+0000] {dagbag.py:538} INFO - Filling up the DagBag from /home/airflow/.local/lib/python3.10/site-packages/airflow/example_dags/example_latest_only_with_trigger.py
[2025-02-19T06:48:28.707+0000] {processor.py:840} INFO - DAG(s) 'latest_only_with_trigger' retrieved from /home/airflow/.local/lib/python3.10/site-packages/airflow/example_dags/example_latest_only_with_trigger.py
[2025-02-19T06:48:28.760+0000] {logging_mixin.py:188} INFO - [2025-02-19T06:48:28.760+0000] {dag.py:3036} INFO - Sync 1 DAGs
[2025-02-19T06:48:28.821+0000] {logging_mixin.py:188} INFO - [2025-02-19T06:48:28.821+0000] {dag.py:3823} INFO - Setting next_dagrun for latest_only_with_trigger to 2025-02-19 00:00:00+00:00, run_after=2025-02-19 04:00:00+00:00
[2025-02-19T06:48:29.089+0000] {processor.py:183} INFO - Processing /home/airflow/.local/lib/python3.10/site-packages/airflow/example_dags/example_latest_only_with_trigger.py took 0.409 seconds
[2025-02-19T06:50:13.245+0000] {processor.py:161} INFO - Started process (PID=279) to work on /home/airflow/.local/lib/python3.10/site-packages/airflow/example_dags/example_latest_only_with_trigger.py
[2025-02-19T06:50:13.256+0000] {processor.py:830} INFO - Processing file /home/airflow/.local/lib/python3.10/site-packages/airflow/example_dags/example_latest_only_with_trigger.py for tasks to queue
[2025-02-19T06:50:13.259+0000] {logging_mixin.py:188} INFO - [2025-02-19T06:50:13.258+0000] {dagbag.py:538} INFO - Filling up the DagBag from /home/airflow/.local/lib/python3.10/site-packages/airflow/example_dags/example_latest_only_with_trigger.py
[2025-02-19T06:50:13.303+0000] {processor.py:840} INFO - DAG(s) 'latest_only_with_trigger' retrieved from /home/airflow/.local/lib/python3.10/site-packages/airflow/example_dags/example_latest_only_with_trigger.py
[2025-02-19T06:50:13.433+0000] {logging_mixin.py:188} INFO - [2025-02-19T06:50:13.432+0000] {dag.py:3036} INFO - Sync 1 DAGs
[2025-02-19T06:50:13.579+0000] {logging_mixin.py:188} INFO - [2025-02-19T06:50:13.579+0000] {dag.py:3823} INFO - Setting next_dagrun for latest_only_with_trigger to 2025-02-19 00:00:00+00:00, run_after=2025-02-19 04:00:00+00:00
[2025-02-19T06:50:13.825+0000] {processor.py:183} INFO - Processing /home/airflow/.local/lib/python3.10/site-packages/airflow/example_dags/example_latest_only_with_trigger.py took 0.590 seconds
[2025-02-19T06:51:52.017+0000] {processor.py:161} INFO - Started process (PID=341) to work on /home/airflow/.local/lib/python3.10/site-packages/airflow/example_dags/example_latest_only_with_trigger.py
[2025-02-19T06:51:52.025+0000] {processor.py:830} INFO - Processing file /home/airflow/.local/lib/python3.10/site-packages/airflow/example_dags/example_latest_only_with_trigger.py for tasks to queue
[2025-02-19T06:51:52.029+0000] {logging_mixin.py:188} INFO - [2025-02-19T06:51:52.028+0000] {dagbag.py:538} INFO - Filling up the DagBag from /home/airflow/.local/lib/python3.10/site-packages/airflow/example_dags/example_latest_only_with_trigger.py
[2025-02-19T06:51:52.057+0000] {processor.py:840} INFO - DAG(s) 'latest_only_with_trigger' retrieved from /home/airflow/.local/lib/python3.10/site-packages/airflow/example_dags/example_latest_only_with_trigger.py
[2025-02-19T06:51:52.143+0000] {logging_mixin.py:188} INFO - [2025-02-19T06:51:52.142+0000] {dag.py:3036} INFO - Sync 1 DAGs
[2025-02-19T06:51:52.259+0000] {logging_mixin.py:188} INFO - [2025-02-19T06:51:52.258+0000] {dag.py:3823} INFO - Setting next_dagrun for latest_only_with_trigger to 2025-02-19 00:00:00+00:00, run_after=2025-02-19 04:00:00+00:00
[2025-02-19T06:51:52.556+0000] {processor.py:183} INFO - Processing /home/airflow/.local/lib/python3.10/site-packages/airflow/example_dags/example_latest_only_with_trigger.py took 0.549 seconds
[2025-02-19T06:53:37.288+0000] {processor.py:161} INFO - Started process (PID=403) to work on /home/airflow/.local/lib/python3.10/site-packages/airflow/example_dags/example_latest_only_with_trigger.py
[2025-02-19T06:53:37.291+0000] {processor.py:830} INFO - Processing file /home/airflow/.local/lib/python3.10/site-packages/airflow/example_dags/example_latest_only_with_trigger.py for tasks to queue
[2025-02-19T06:53:37.294+0000] {logging_mixin.py:188} INFO - [2025-02-19T06:53:37.293+0000] {dagbag.py:538} INFO - Filling up the DagBag from /home/airflow/.local/lib/python3.10/site-packages/airflow/example_dags/example_latest_only_with_trigger.py
[2025-02-19T06:53:37.309+0000] {processor.py:840} INFO - DAG(s) 'latest_only_with_trigger' retrieved from /home/airflow/.local/lib/python3.10/site-packages/airflow/example_dags/example_latest_only_with_trigger.py
[2025-02-19T06:53:37.388+0000] {logging_mixin.py:188} INFO - [2025-02-19T06:53:37.388+0000] {dag.py:3036} INFO - Sync 1 DAGs
[2025-02-19T06:53:37.490+0000] {logging_mixin.py:188} INFO - [2025-02-19T06:53:37.489+0000] {dag.py:3823} INFO - Setting next_dagrun for latest_only_with_trigger to 2025-02-19 00:00:00+00:00, run_after=2025-02-19 04:00:00+00:00
[2025-02-19T06:53:37.692+0000] {processor.py:183} INFO - Processing /home/airflow/.local/lib/python3.10/site-packages/airflow/example_dags/example_latest_only_with_trigger.py took 0.412 seconds
[2025-02-19T06:55:01.821+0000] {processor.py:161} INFO - Started process (PID=461) to work on /home/airflow/.local/lib/python3.10/site-packages/airflow/example_dags/example_latest_only_with_trigger.py
[2025-02-19T06:55:01.824+0000] {processor.py:830} INFO - Processing file /home/airflow/.local/lib/python3.10/site-packages/airflow/example_dags/example_latest_only_with_trigger.py for tasks to queue
[2025-02-19T06:55:01.827+0000] {logging_mixin.py:188} INFO - [2025-02-19T06:55:01.826+0000] {dagbag.py:538} INFO - Filling up the DagBag from /home/airflow/.local/lib/python3.10/site-packages/airflow/example_dags/example_latest_only_with_trigger.py
[2025-02-19T06:55:01.837+0000] {processor.py:840} INFO - DAG(s) 'latest_only_with_trigger' retrieved from /home/airflow/.local/lib/python3.10/site-packages/airflow/example_dags/example_latest_only_with_trigger.py
[2025-02-19T06:55:01.890+0000] {logging_mixin.py:188} INFO - [2025-02-19T06:55:01.889+0000] {dag.py:3036} INFO - Sync 1 DAGs
[2025-02-19T06:55:01.946+0000] {logging_mixin.py:188} INFO - [2025-02-19T06:55:01.945+0000] {dag.py:3823} INFO - Setting next_dagrun for latest_only_with_trigger to 2025-02-19 00:00:00+00:00, run_after=2025-02-19 04:00:00+00:00
[2025-02-19T06:55:02.086+0000] {processor.py:183} INFO - Processing /home/airflow/.local/lib/python3.10/site-packages/airflow/example_dags/example_latest_only_with_trigger.py took 0.270 seconds
[2025-02-19T06:56:25.839+0000] {processor.py:161} INFO - Started process (PID=517) to work on /home/airflow/.local/lib/python3.10/site-packages/airflow/example_dags/example_latest_only_with_trigger.py
[2025-02-19T06:56:25.842+0000] {processor.py:830} INFO - Processing file /home/airflow/.local/lib/python3.10/site-packages/airflow/example_dags/example_latest_only_with_trigger.py for tasks to queue
[2025-02-19T06:56:25.845+0000] {logging_mixin.py:188} INFO - [2025-02-19T06:56:25.844+0000] {dagbag.py:538} INFO - Filling up the DagBag from /home/airflow/.local/lib/python3.10/site-packages/airflow/example_dags/example_latest_only_with_trigger.py
[2025-02-19T06:56:25.879+0000] {processor.py:840} INFO - DAG(s) 'latest_only_with_trigger' retrieved from /home/airflow/.local/lib/python3.10/site-packages/airflow/example_dags/example_latest_only_with_trigger.py
[2025-02-19T06:56:25.994+0000] {logging_mixin.py:188} INFO - [2025-02-19T06:56:25.993+0000] {dag.py:3036} INFO - Sync 1 DAGs
[2025-02-19T06:56:26.080+0000] {logging_mixin.py:188} INFO - [2025-02-19T06:56:26.079+0000] {dag.py:3823} INFO - Setting next_dagrun for latest_only_with_trigger to 2025-02-19 00:00:00+00:00, run_after=2025-02-19 04:00:00+00:00
[2025-02-19T06:56:26.225+0000] {processor.py:183} INFO - Processing /home/airflow/.local/lib/python3.10/site-packages/airflow/example_dags/example_latest_only_with_trigger.py took 0.396 seconds
[2025-02-19T06:58:06.044+0000] {processor.py:161} INFO - Started process (PID=578) to work on /home/airflow/.local/lib/python3.10/site-packages/airflow/example_dags/example_latest_only_with_trigger.py
[2025-02-19T06:58:06.052+0000] {processor.py:830} INFO - Processing file /home/airflow/.local/lib/python3.10/site-packages/airflow/example_dags/example_latest_only_with_trigger.py for tasks to queue
[2025-02-19T06:58:06.057+0000] {logging_mixin.py:188} INFO - [2025-02-19T06:58:06.056+0000] {dagbag.py:538} INFO - Filling up the DagBag from /home/airflow/.local/lib/python3.10/site-packages/airflow/example_dags/example_latest_only_with_trigger.py
[2025-02-19T06:58:06.105+0000] {processor.py:840} INFO - DAG(s) 'latest_only_with_trigger' retrieved from /home/airflow/.local/lib/python3.10/site-packages/airflow/example_dags/example_latest_only_with_trigger.py
[2025-02-19T06:58:06.231+0000] {logging_mixin.py:188} INFO - [2025-02-19T06:58:06.230+0000] {dag.py:3036} INFO - Sync 1 DAGs
[2025-02-19T06:58:06.395+0000] {logging_mixin.py:188} INFO - [2025-02-19T06:58:06.394+0000] {dag.py:3823} INFO - Setting next_dagrun for latest_only_with_trigger to 2025-02-19 00:00:00+00:00, run_after=2025-02-19 04:00:00+00:00
[2025-02-19T06:58:06.659+0000] {processor.py:183} INFO - Processing /home/airflow/.local/lib/python3.10/site-packages/airflow/example_dags/example_latest_only_with_trigger.py took 0.626 seconds
[2025-02-19T06:59:35.093+0000] {processor.py:161} INFO - Started process (PID=637) to work on /home/airflow/.local/lib/python3.10/site-packages/airflow/example_dags/example_latest_only_with_trigger.py
[2025-02-19T06:59:35.096+0000] {processor.py:830} INFO - Processing file /home/airflow/.local/lib/python3.10/site-packages/airflow/example_dags/example_latest_only_with_trigger.py for tasks to queue
[2025-02-19T06:59:35.099+0000] {logging_mixin.py:188} INFO - [2025-02-19T06:59:35.098+0000] {dagbag.py:538} INFO - Filling up the DagBag from /home/airflow/.local/lib/python3.10/site-packages/airflow/example_dags/example_latest_only_with_trigger.py
[2025-02-19T06:59:35.126+0000] {processor.py:840} INFO - DAG(s) 'latest_only_with_trigger' retrieved from /home/airflow/.local/lib/python3.10/site-packages/airflow/example_dags/example_latest_only_with_trigger.py
[2025-02-19T06:59:35.244+0000] {logging_mixin.py:188} INFO - [2025-02-19T06:59:35.243+0000] {dag.py:3036} INFO - Sync 1 DAGs
[2025-02-19T06:59:35.334+0000] {logging_mixin.py:188} INFO - [2025-02-19T06:59:35.334+0000] {dag.py:3823} INFO - Setting next_dagrun for latest_only_with_trigger to 2025-02-19 00:00:00+00:00, run_after=2025-02-19 04:00:00+00:00
[2025-02-19T06:59:36.543+0000] {processor.py:183} INFO - Processing /home/airflow/.local/lib/python3.10/site-packages/airflow/example_dags/example_latest_only_with_trigger.py took 1.465 seconds
[2025-02-19T07:01:25.563+0000] {processor.py:161} INFO - Started process (PID=701) to work on /home/airflow/.local/lib/python3.10/site-packages/airflow/example_dags/example_latest_only_with_trigger.py
[2025-02-19T07:01:25.566+0000] {processor.py:830} INFO - Processing file /home/airflow/.local/lib/python3.10/site-packages/airflow/example_dags/example_latest_only_with_trigger.py for tasks to queue
[2025-02-19T07:01:25.570+0000] {logging_mixin.py:188} INFO - [2025-02-19T07:01:25.569+0000] {dagbag.py:538} INFO - Filling up the DagBag from /home/airflow/.local/lib/python3.10/site-packages/airflow/example_dags/example_latest_only_with_trigger.py
[2025-02-19T07:01:25.597+0000] {processor.py:840} INFO - DAG(s) 'latest_only_with_trigger' retrieved from /home/airflow/.local/lib/python3.10/site-packages/airflow/example_dags/example_latest_only_with_trigger.py
[2025-02-19T07:01:25.663+0000] {logging_mixin.py:188} INFO - [2025-02-19T07:01:25.663+0000] {dag.py:3036} INFO - Sync 1 DAGs
[2025-02-19T07:01:25.776+0000] {logging_mixin.py:188} INFO - [2025-02-19T07:01:25.775+0000] {dag.py:3823} INFO - Setting next_dagrun for latest_only_with_trigger to 2025-02-19 00:00:00+00:00, run_after=2025-02-19 04:00:00+00:00
[2025-02-19T07:01:25.976+0000] {processor.py:183} INFO - Processing /home/airflow/.local/lib/python3.10/site-packages/airflow/example_dags/example_latest_only_with_trigger.py took 0.421 seconds
[2025-02-19T07:03:05.810+0000] {processor.py:161} INFO - Started process (PID=763) to work on /home/airflow/.local/lib/python3.10/site-packages/airflow/example_dags/example_latest_only_with_trigger.py
[2025-02-19T07:03:05.813+0000] {processor.py:830} INFO - Processing file /home/airflow/.local/lib/python3.10/site-packages/airflow/example_dags/example_latest_only_with_trigger.py for tasks to queue
[2025-02-19T07:03:05.816+0000] {logging_mixin.py:188} INFO - [2025-02-19T07:03:05.815+0000] {dagbag.py:538} INFO - Filling up the DagBag from /home/airflow/.local/lib/python3.10/site-packages/airflow/example_dags/example_latest_only_with_trigger.py
[2025-02-19T07:03:05.829+0000] {processor.py:840} INFO - DAG(s) 'latest_only_with_trigger' retrieved from /home/airflow/.local/lib/python3.10/site-packages/airflow/example_dags/example_latest_only_with_trigger.py
[2025-02-19T07:03:05.890+0000] {logging_mixin.py:188} INFO - [2025-02-19T07:03:05.889+0000] {dag.py:3036} INFO - Sync 1 DAGs
[2025-02-19T07:03:05.954+0000] {logging_mixin.py:188} INFO - [2025-02-19T07:03:05.953+0000] {dag.py:3823} INFO - Setting next_dagrun for latest_only_with_trigger to 2025-02-19 00:00:00+00:00, run_after=2025-02-19 04:00:00+00:00
[2025-02-19T07:03:06.083+0000] {processor.py:183} INFO - Processing /home/airflow/.local/lib/python3.10/site-packages/airflow/example_dags/example_latest_only_with_trigger.py took 0.280 seconds
[2025-02-19T07:05:20.052+0000] {processor.py:161} INFO - Started process (PID=823) to work on /home/airflow/.local/lib/python3.10/site-packages/airflow/example_dags/example_latest_only_with_trigger.py
[2025-02-19T07:05:20.063+0000] {processor.py:830} INFO - Processing file /home/airflow/.local/lib/python3.10/site-packages/airflow/example_dags/example_latest_only_with_trigger.py for tasks to queue
[2025-02-19T07:05:20.066+0000] {logging_mixin.py:188} INFO - [2025-02-19T07:05:20.065+0000] {dagbag.py:538} INFO - Filling up the DagBag from /home/airflow/.local/lib/python3.10/site-packages/airflow/example_dags/example_latest_only_with_trigger.py
[2025-02-19T07:05:20.113+0000] {processor.py:840} INFO - DAG(s) 'latest_only_with_trigger' retrieved from /home/airflow/.local/lib/python3.10/site-packages/airflow/example_dags/example_latest_only_with_trigger.py
[2025-02-19T07:05:20.290+0000] {logging_mixin.py:188} INFO - [2025-02-19T07:05:20.289+0000] {dag.py:3036} INFO - Sync 1 DAGs
[2025-02-19T07:05:20.476+0000] {logging_mixin.py:188} INFO - [2025-02-19T07:05:20.475+0000] {dag.py:3823} INFO - Setting next_dagrun for latest_only_with_trigger to 2025-02-19 00:00:00+00:00, run_after=2025-02-19 04:00:00+00:00
[2025-02-19T07:05:20.717+0000] {processor.py:183} INFO - Processing /home/airflow/.local/lib/python3.10/site-packages/airflow/example_dags/example_latest_only_with_trigger.py took 0.678 seconds
[2025-02-19T07:06:42.206+0000] {processor.py:161} INFO - Started process (PID=855) to work on /home/airflow/.local/lib/python3.10/site-packages/airflow/example_dags/example_latest_only_with_trigger.py
[2025-02-19T07:06:42.209+0000] {processor.py:830} INFO - Processing file /home/airflow/.local/lib/python3.10/site-packages/airflow/example_dags/example_latest_only_with_trigger.py for tasks to queue
[2025-02-19T07:06:42.211+0000] {logging_mixin.py:188} INFO - [2025-02-19T07:06:42.210+0000] {dagbag.py:538} INFO - Filling up the DagBag from /home/airflow/.local/lib/python3.10/site-packages/airflow/example_dags/example_latest_only_with_trigger.py
[2025-02-19T07:06:42.232+0000] {processor.py:840} INFO - DAG(s) 'latest_only_with_trigger' retrieved from /home/airflow/.local/lib/python3.10/site-packages/airflow/example_dags/example_latest_only_with_trigger.py
[2025-02-19T07:06:42.282+0000] {logging_mixin.py:188} INFO - [2025-02-19T07:06:42.282+0000] {dag.py:3036} INFO - Sync 1 DAGs
[2025-02-19T07:06:42.336+0000] {logging_mixin.py:188} INFO - [2025-02-19T07:06:42.335+0000] {dag.py:3823} INFO - Setting next_dagrun for latest_only_with_trigger to 2025-02-19 00:00:00+00:00, run_after=2025-02-19 04:00:00+00:00
[2025-02-19T07:06:42.499+0000] {processor.py:183} INFO - Processing /home/airflow/.local/lib/python3.10/site-packages/airflow/example_dags/example_latest_only_with_trigger.py took 0.298 seconds
