[2025-02-19T05:55:32.017+0000] {processor.py:161} INFO - Started process (PID=39) to work on /home/airflow/.local/lib/python3.10/site-packages/airflow/example_dags/example_time_delta_sensor_async.py
[2025-02-19T05:55:32.020+0000] {processor.py:830} INFO - Processing file /home/airflow/.local/lib/python3.10/site-packages/airflow/example_dags/example_time_delta_sensor_async.py for tasks to queue
[2025-02-19T05:55:32.032+0000] {logging_mixin.py:188} INFO - [2025-02-19T05:55:32.023+0000] {dagbag.py:538} INFO - Filling up the DagBag from /home/airflow/.local/lib/python3.10/site-packages/airflow/example_dags/example_time_delta_sensor_async.py
[2025-02-19T05:55:32.067+0000] {processor.py:840} INFO - DAG(s) 'example_time_delta_sensor_async' retrieved from /home/airflow/.local/lib/python3.10/site-packages/airflow/example_dags/example_time_delta_sensor_async.py
[2025-02-19T05:55:32.313+0000] {logging_mixin.py:188} INFO - [2025-02-19T05:55:32.312+0000] {dag.py:3036} INFO - Sync 1 DAGs
[2025-02-19T05:55:32.411+0000] {logging_mixin.py:188} INFO - [2025-02-19T05:55:32.401+0000] {dag.py:3823} INFO - Setting next_dagrun for example_time_delta_sensor_async to None, run_after=None
[2025-02-19T05:55:32.974+0000] {processor.py:183} INFO - Processing /home/airflow/.local/lib/python3.10/site-packages/airflow/example_dags/example_time_delta_sensor_async.py took 0.975 seconds
[2025-02-19T05:58:03.958+0000] {processor.py:161} INFO - Started process (PID=88) to work on /home/airflow/.local/lib/python3.10/site-packages/airflow/example_dags/example_time_delta_sensor_async.py
[2025-02-19T05:58:03.961+0000] {processor.py:830} INFO - Processing file /home/airflow/.local/lib/python3.10/site-packages/airflow/example_dags/example_time_delta_sensor_async.py for tasks to queue
[2025-02-19T05:58:03.972+0000] {logging_mixin.py:188} INFO - [2025-02-19T05:58:03.963+0000] {dagbag.py:538} INFO - Filling up the DagBag from /home/airflow/.local/lib/python3.10/site-packages/airflow/example_dags/example_time_delta_sensor_async.py
[2025-02-19T05:58:04.005+0000] {processor.py:840} INFO - DAG(s) 'example_time_delta_sensor_async' retrieved from /home/airflow/.local/lib/python3.10/site-packages/airflow/example_dags/example_time_delta_sensor_async.py
[2025-02-19T05:58:04.109+0000] {logging_mixin.py:188} INFO - [2025-02-19T05:58:04.108+0000] {dag.py:3036} INFO - Sync 1 DAGs
[2025-02-19T05:58:04.169+0000] {logging_mixin.py:188} INFO - [2025-02-19T05:58:04.168+0000] {dag.py:3823} INFO - Setting next_dagrun for example_time_delta_sensor_async to None, run_after=None
[2025-02-19T05:58:04.390+0000] {processor.py:183} INFO - Processing /home/airflow/.local/lib/python3.10/site-packages/airflow/example_dags/example_time_delta_sensor_async.py took 0.443 seconds
[2025-02-19T05:59:34.083+0000] {processor.py:161} INFO - Started process (PID=134) to work on /home/airflow/.local/lib/python3.10/site-packages/airflow/example_dags/example_time_delta_sensor_async.py
[2025-02-19T05:59:34.086+0000] {processor.py:830} INFO - Processing file /home/airflow/.local/lib/python3.10/site-packages/airflow/example_dags/example_time_delta_sensor_async.py for tasks to queue
[2025-02-19T05:59:34.089+0000] {logging_mixin.py:188} INFO - [2025-02-19T05:59:34.088+0000] {dagbag.py:538} INFO - Filling up the DagBag from /home/airflow/.local/lib/python3.10/site-packages/airflow/example_dags/example_time_delta_sensor_async.py
[2025-02-19T05:59:34.109+0000] {processor.py:840} INFO - DAG(s) 'example_time_delta_sensor_async' retrieved from /home/airflow/.local/lib/python3.10/site-packages/airflow/example_dags/example_time_delta_sensor_async.py
[2025-02-19T05:59:34.223+0000] {logging_mixin.py:188} INFO - [2025-02-19T05:59:34.222+0000] {dag.py:3036} INFO - Sync 1 DAGs
[2025-02-19T05:59:34.288+0000] {logging_mixin.py:188} INFO - [2025-02-19T05:59:34.288+0000] {dag.py:3823} INFO - Setting next_dagrun for example_time_delta_sensor_async to None, run_after=None
[2025-02-19T05:59:34.478+0000] {processor.py:183} INFO - Processing /home/airflow/.local/lib/python3.10/site-packages/airflow/example_dags/example_time_delta_sensor_async.py took 0.404 seconds
[2025-02-19T06:00:34.639+0000] {processor.py:161} INFO - Started process (PID=166) to work on /home/airflow/.local/lib/python3.10/site-packages/airflow/example_dags/example_time_delta_sensor_async.py
[2025-02-19T06:00:34.643+0000] {processor.py:830} INFO - Processing file /home/airflow/.local/lib/python3.10/site-packages/airflow/example_dags/example_time_delta_sensor_async.py for tasks to queue
[2025-02-19T06:00:34.646+0000] {logging_mixin.py:188} INFO - [2025-02-19T06:00:34.645+0000] {dagbag.py:538} INFO - Filling up the DagBag from /home/airflow/.local/lib/python3.10/site-packages/airflow/example_dags/example_time_delta_sensor_async.py
[2025-02-19T06:00:34.661+0000] {processor.py:840} INFO - DAG(s) 'example_time_delta_sensor_async' retrieved from /home/airflow/.local/lib/python3.10/site-packages/airflow/example_dags/example_time_delta_sensor_async.py
[2025-02-19T06:00:34.726+0000] {logging_mixin.py:188} INFO - [2025-02-19T06:00:34.725+0000] {dag.py:3036} INFO - Sync 1 DAGs
[2025-02-19T06:00:34.776+0000] {logging_mixin.py:188} INFO - [2025-02-19T06:00:34.776+0000] {dag.py:3823} INFO - Setting next_dagrun for example_time_delta_sensor_async to None, run_after=None
[2025-02-19T06:00:34.964+0000] {processor.py:183} INFO - Processing /home/airflow/.local/lib/python3.10/site-packages/airflow/example_dags/example_time_delta_sensor_async.py took 0.333 seconds
[2025-02-19T06:01:33.297+0000] {processor.py:161} INFO - Started process (PID=200) to work on /home/airflow/.local/lib/python3.10/site-packages/airflow/example_dags/example_time_delta_sensor_async.py
[2025-02-19T06:01:33.301+0000] {processor.py:830} INFO - Processing file /home/airflow/.local/lib/python3.10/site-packages/airflow/example_dags/example_time_delta_sensor_async.py for tasks to queue
[2025-02-19T06:01:33.304+0000] {logging_mixin.py:188} INFO - [2025-02-19T06:01:33.303+0000] {dagbag.py:538} INFO - Filling up the DagBag from /home/airflow/.local/lib/python3.10/site-packages/airflow/example_dags/example_time_delta_sensor_async.py
[2025-02-19T06:01:33.329+0000] {processor.py:840} INFO - DAG(s) 'example_time_delta_sensor_async' retrieved from /home/airflow/.local/lib/python3.10/site-packages/airflow/example_dags/example_time_delta_sensor_async.py
[2025-02-19T06:01:33.439+0000] {logging_mixin.py:188} INFO - [2025-02-19T06:01:33.438+0000] {dag.py:3036} INFO - Sync 1 DAGs
[2025-02-19T06:01:33.514+0000] {logging_mixin.py:188} INFO - [2025-02-19T06:01:33.513+0000] {dag.py:3823} INFO - Setting next_dagrun for example_time_delta_sensor_async to None, run_after=None
[2025-02-19T06:01:33.715+0000] {processor.py:183} INFO - Processing /home/airflow/.local/lib/python3.10/site-packages/airflow/example_dags/example_time_delta_sensor_async.py took 0.433 seconds
[2025-02-19T06:02:33.042+0000] {processor.py:161} INFO - Started process (PID=232) to work on /home/airflow/.local/lib/python3.10/site-packages/airflow/example_dags/example_time_delta_sensor_async.py
[2025-02-19T06:02:33.045+0000] {processor.py:830} INFO - Processing file /home/airflow/.local/lib/python3.10/site-packages/airflow/example_dags/example_time_delta_sensor_async.py for tasks to queue
[2025-02-19T06:02:33.048+0000] {logging_mixin.py:188} INFO - [2025-02-19T06:02:33.047+0000] {dagbag.py:538} INFO - Filling up the DagBag from /home/airflow/.local/lib/python3.10/site-packages/airflow/example_dags/example_time_delta_sensor_async.py
[2025-02-19T06:02:33.064+0000] {processor.py:840} INFO - DAG(s) 'example_time_delta_sensor_async' retrieved from /home/airflow/.local/lib/python3.10/site-packages/airflow/example_dags/example_time_delta_sensor_async.py
[2025-02-19T06:02:33.121+0000] {logging_mixin.py:188} INFO - [2025-02-19T06:02:33.120+0000] {dag.py:3036} INFO - Sync 1 DAGs
[2025-02-19T06:02:33.154+0000] {logging_mixin.py:188} INFO - [2025-02-19T06:02:33.153+0000] {dag.py:3823} INFO - Setting next_dagrun for example_time_delta_sensor_async to None, run_after=None
[2025-02-19T06:02:33.284+0000] {processor.py:183} INFO - Processing /home/airflow/.local/lib/python3.10/site-packages/airflow/example_dags/example_time_delta_sensor_async.py took 0.248 seconds
[2025-02-19T06:03:24.988+0000] {processor.py:161} INFO - Started process (PID=266) to work on /home/airflow/.local/lib/python3.10/site-packages/airflow/example_dags/example_time_delta_sensor_async.py
[2025-02-19T06:03:24.991+0000] {processor.py:830} INFO - Processing file /home/airflow/.local/lib/python3.10/site-packages/airflow/example_dags/example_time_delta_sensor_async.py for tasks to queue
[2025-02-19T06:03:24.997+0000] {logging_mixin.py:188} INFO - [2025-02-19T06:03:24.996+0000] {dagbag.py:538} INFO - Filling up the DagBag from /home/airflow/.local/lib/python3.10/site-packages/airflow/example_dags/example_time_delta_sensor_async.py
[2025-02-19T06:03:25.015+0000] {processor.py:840} INFO - DAG(s) 'example_time_delta_sensor_async' retrieved from /home/airflow/.local/lib/python3.10/site-packages/airflow/example_dags/example_time_delta_sensor_async.py
[2025-02-19T06:03:25.138+0000] {logging_mixin.py:188} INFO - [2025-02-19T06:03:25.137+0000] {dag.py:3036} INFO - Sync 1 DAGs
[2025-02-19T06:03:25.313+0000] {logging_mixin.py:188} INFO - [2025-02-19T06:03:25.313+0000] {dag.py:3823} INFO - Setting next_dagrun for example_time_delta_sensor_async to None, run_after=None
[2025-02-19T06:03:25.485+0000] {processor.py:183} INFO - Processing /home/airflow/.local/lib/python3.10/site-packages/airflow/example_dags/example_time_delta_sensor_async.py took 0.517 seconds
[2025-02-19T06:04:15.886+0000] {processor.py:161} INFO - Started process (PID=296) to work on /home/airflow/.local/lib/python3.10/site-packages/airflow/example_dags/example_time_delta_sensor_async.py
[2025-02-19T06:04:15.889+0000] {processor.py:830} INFO - Processing file /home/airflow/.local/lib/python3.10/site-packages/airflow/example_dags/example_time_delta_sensor_async.py for tasks to queue
[2025-02-19T06:04:15.893+0000] {logging_mixin.py:188} INFO - [2025-02-19T06:04:15.892+0000] {dagbag.py:538} INFO - Filling up the DagBag from /home/airflow/.local/lib/python3.10/site-packages/airflow/example_dags/example_time_delta_sensor_async.py
[2025-02-19T06:04:15.906+0000] {processor.py:840} INFO - DAG(s) 'example_time_delta_sensor_async' retrieved from /home/airflow/.local/lib/python3.10/site-packages/airflow/example_dags/example_time_delta_sensor_async.py
[2025-02-19T06:04:15.981+0000] {logging_mixin.py:188} INFO - [2025-02-19T06:04:15.981+0000] {dag.py:3036} INFO - Sync 1 DAGs
[2025-02-19T06:04:16.019+0000] {logging_mixin.py:188} INFO - [2025-02-19T06:04:16.018+0000] {dag.py:3823} INFO - Setting next_dagrun for example_time_delta_sensor_async to None, run_after=None
[2025-02-19T06:04:16.201+0000] {processor.py:183} INFO - Processing /home/airflow/.local/lib/python3.10/site-packages/airflow/example_dags/example_time_delta_sensor_async.py took 0.325 seconds
[2025-02-19T06:05:07.042+0000] {processor.py:161} INFO - Started process (PID=327) to work on /home/airflow/.local/lib/python3.10/site-packages/airflow/example_dags/example_time_delta_sensor_async.py
[2025-02-19T06:05:07.045+0000] {processor.py:830} INFO - Processing file /home/airflow/.local/lib/python3.10/site-packages/airflow/example_dags/example_time_delta_sensor_async.py for tasks to queue
[2025-02-19T06:05:07.047+0000] {logging_mixin.py:188} INFO - [2025-02-19T06:05:07.046+0000] {dagbag.py:538} INFO - Filling up the DagBag from /home/airflow/.local/lib/python3.10/site-packages/airflow/example_dags/example_time_delta_sensor_async.py
[2025-02-19T06:05:07.057+0000] {processor.py:840} INFO - DAG(s) 'example_time_delta_sensor_async' retrieved from /home/airflow/.local/lib/python3.10/site-packages/airflow/example_dags/example_time_delta_sensor_async.py
[2025-02-19T06:05:07.113+0000] {logging_mixin.py:188} INFO - [2025-02-19T06:05:07.113+0000] {dag.py:3036} INFO - Sync 1 DAGs
[2025-02-19T06:05:07.155+0000] {logging_mixin.py:188} INFO - [2025-02-19T06:05:07.154+0000] {dag.py:3823} INFO - Setting next_dagrun for example_time_delta_sensor_async to None, run_after=None
[2025-02-19T06:05:07.288+0000] {processor.py:183} INFO - Processing /home/airflow/.local/lib/python3.10/site-packages/airflow/example_dags/example_time_delta_sensor_async.py took 0.251 seconds
[2025-02-19T06:05:58.485+0000] {processor.py:161} INFO - Started process (PID=359) to work on /home/airflow/.local/lib/python3.10/site-packages/airflow/example_dags/example_time_delta_sensor_async.py
[2025-02-19T06:05:58.489+0000] {processor.py:830} INFO - Processing file /home/airflow/.local/lib/python3.10/site-packages/airflow/example_dags/example_time_delta_sensor_async.py for tasks to queue
[2025-02-19T06:05:58.492+0000] {logging_mixin.py:188} INFO - [2025-02-19T06:05:58.491+0000] {dagbag.py:538} INFO - Filling up the DagBag from /home/airflow/.local/lib/python3.10/site-packages/airflow/example_dags/example_time_delta_sensor_async.py
[2025-02-19T06:05:58.507+0000] {processor.py:840} INFO - DAG(s) 'example_time_delta_sensor_async' retrieved from /home/airflow/.local/lib/python3.10/site-packages/airflow/example_dags/example_time_delta_sensor_async.py
[2025-02-19T06:05:58.760+0000] {logging_mixin.py:188} INFO - [2025-02-19T06:05:58.759+0000] {dag.py:3036} INFO - Sync 1 DAGs
[2025-02-19T06:05:58.852+0000] {logging_mixin.py:188} INFO - [2025-02-19T06:05:58.851+0000] {dag.py:3823} INFO - Setting next_dagrun for example_time_delta_sensor_async to None, run_after=None
[2025-02-19T06:05:59.019+0000] {processor.py:183} INFO - Processing /home/airflow/.local/lib/python3.10/site-packages/airflow/example_dags/example_time_delta_sensor_async.py took 0.553 seconds
[2025-02-19T06:07:16.006+0000] {processor.py:161} INFO - Started process (PID=391) to work on /home/airflow/.local/lib/python3.10/site-packages/airflow/example_dags/example_time_delta_sensor_async.py
[2025-02-19T06:07:16.009+0000] {processor.py:830} INFO - Processing file /home/airflow/.local/lib/python3.10/site-packages/airflow/example_dags/example_time_delta_sensor_async.py for tasks to queue
[2025-02-19T06:07:16.020+0000] {logging_mixin.py:188} INFO - [2025-02-19T06:07:16.011+0000] {dagbag.py:538} INFO - Filling up the DagBag from /home/airflow/.local/lib/python3.10/site-packages/airflow/example_dags/example_time_delta_sensor_async.py
[2025-02-19T06:07:16.053+0000] {processor.py:840} INFO - DAG(s) 'example_time_delta_sensor_async' retrieved from /home/airflow/.local/lib/python3.10/site-packages/airflow/example_dags/example_time_delta_sensor_async.py
[2025-02-19T06:07:16.192+0000] {logging_mixin.py:188} INFO - [2025-02-19T06:07:16.192+0000] {dag.py:3036} INFO - Sync 1 DAGs
[2025-02-19T06:07:16.303+0000] {logging_mixin.py:188} INFO - [2025-02-19T06:07:16.302+0000] {dag.py:3823} INFO - Setting next_dagrun for example_time_delta_sensor_async to None, run_after=None
[2025-02-19T06:07:16.608+0000] {processor.py:183} INFO - Processing /home/airflow/.local/lib/python3.10/site-packages/airflow/example_dags/example_time_delta_sensor_async.py took 0.616 seconds
[2025-02-19T06:08:17.080+0000] {processor.py:161} INFO - Started process (PID=425) to work on /home/airflow/.local/lib/python3.10/site-packages/airflow/example_dags/example_time_delta_sensor_async.py
[2025-02-19T06:08:17.082+0000] {processor.py:830} INFO - Processing file /home/airflow/.local/lib/python3.10/site-packages/airflow/example_dags/example_time_delta_sensor_async.py for tasks to queue
[2025-02-19T06:08:17.085+0000] {logging_mixin.py:188} INFO - [2025-02-19T06:08:17.084+0000] {dagbag.py:538} INFO - Filling up the DagBag from /home/airflow/.local/lib/python3.10/site-packages/airflow/example_dags/example_time_delta_sensor_async.py
[2025-02-19T06:08:17.099+0000] {processor.py:840} INFO - DAG(s) 'example_time_delta_sensor_async' retrieved from /home/airflow/.local/lib/python3.10/site-packages/airflow/example_dags/example_time_delta_sensor_async.py
[2025-02-19T06:08:17.159+0000] {logging_mixin.py:188} INFO - [2025-02-19T06:08:17.159+0000] {dag.py:3036} INFO - Sync 1 DAGs
[2025-02-19T06:08:17.198+0000] {logging_mixin.py:188} INFO - [2025-02-19T06:08:17.197+0000] {dag.py:3823} INFO - Setting next_dagrun for example_time_delta_sensor_async to None, run_after=None
[2025-02-19T06:08:17.380+0000] {processor.py:183} INFO - Processing /home/airflow/.local/lib/python3.10/site-packages/airflow/example_dags/example_time_delta_sensor_async.py took 0.306 seconds
[2025-02-19T06:09:10.271+0000] {processor.py:161} INFO - Started process (PID=457) to work on /home/airflow/.local/lib/python3.10/site-packages/airflow/example_dags/example_time_delta_sensor_async.py
[2025-02-19T06:09:10.274+0000] {processor.py:830} INFO - Processing file /home/airflow/.local/lib/python3.10/site-packages/airflow/example_dags/example_time_delta_sensor_async.py for tasks to queue
[2025-02-19T06:09:10.284+0000] {logging_mixin.py:188} INFO - [2025-02-19T06:09:10.283+0000] {dagbag.py:538} INFO - Filling up the DagBag from /home/airflow/.local/lib/python3.10/site-packages/airflow/example_dags/example_time_delta_sensor_async.py
[2025-02-19T06:09:10.305+0000] {processor.py:840} INFO - DAG(s) 'example_time_delta_sensor_async' retrieved from /home/airflow/.local/lib/python3.10/site-packages/airflow/example_dags/example_time_delta_sensor_async.py
[2025-02-19T06:09:10.393+0000] {logging_mixin.py:188} INFO - [2025-02-19T06:09:10.392+0000] {dag.py:3036} INFO - Sync 1 DAGs
[2025-02-19T06:09:10.465+0000] {logging_mixin.py:188} INFO - [2025-02-19T06:09:10.465+0000] {dag.py:3823} INFO - Setting next_dagrun for example_time_delta_sensor_async to None, run_after=None
[2025-02-19T06:09:10.654+0000] {processor.py:183} INFO - Processing /home/airflow/.local/lib/python3.10/site-packages/airflow/example_dags/example_time_delta_sensor_async.py took 0.392 seconds
[2025-02-19T06:10:01.771+0000] {processor.py:161} INFO - Started process (PID=488) to work on /home/airflow/.local/lib/python3.10/site-packages/airflow/example_dags/example_time_delta_sensor_async.py
[2025-02-19T06:10:01.780+0000] {processor.py:830} INFO - Processing file /home/airflow/.local/lib/python3.10/site-packages/airflow/example_dags/example_time_delta_sensor_async.py for tasks to queue
[2025-02-19T06:10:01.783+0000] {logging_mixin.py:188} INFO - [2025-02-19T06:10:01.782+0000] {dagbag.py:538} INFO - Filling up the DagBag from /home/airflow/.local/lib/python3.10/site-packages/airflow/example_dags/example_time_delta_sensor_async.py
[2025-02-19T06:10:01.801+0000] {processor.py:840} INFO - DAG(s) 'example_time_delta_sensor_async' retrieved from /home/airflow/.local/lib/python3.10/site-packages/airflow/example_dags/example_time_delta_sensor_async.py
[2025-02-19T06:10:01.867+0000] {logging_mixin.py:188} INFO - [2025-02-19T06:10:01.866+0000] {dag.py:3036} INFO - Sync 1 DAGs
[2025-02-19T06:10:01.901+0000] {logging_mixin.py:188} INFO - [2025-02-19T06:10:01.900+0000] {dag.py:3823} INFO - Setting next_dagrun for example_time_delta_sensor_async to None, run_after=None
[2025-02-19T06:10:02.060+0000] {processor.py:183} INFO - Processing /home/airflow/.local/lib/python3.10/site-packages/airflow/example_dags/example_time_delta_sensor_async.py took 0.296 seconds
[2025-02-19T06:10:56.039+0000] {processor.py:161} INFO - Started process (PID=520) to work on /home/airflow/.local/lib/python3.10/site-packages/airflow/example_dags/example_time_delta_sensor_async.py
[2025-02-19T06:10:56.042+0000] {processor.py:830} INFO - Processing file /home/airflow/.local/lib/python3.10/site-packages/airflow/example_dags/example_time_delta_sensor_async.py for tasks to queue
[2025-02-19T06:10:56.054+0000] {logging_mixin.py:188} INFO - [2025-02-19T06:10:56.053+0000] {dagbag.py:538} INFO - Filling up the DagBag from /home/airflow/.local/lib/python3.10/site-packages/airflow/example_dags/example_time_delta_sensor_async.py
[2025-02-19T06:10:56.086+0000] {processor.py:840} INFO - DAG(s) 'example_time_delta_sensor_async' retrieved from /home/airflow/.local/lib/python3.10/site-packages/airflow/example_dags/example_time_delta_sensor_async.py
[2025-02-19T06:10:56.236+0000] {logging_mixin.py:188} INFO - [2025-02-19T06:10:56.235+0000] {dag.py:3036} INFO - Sync 1 DAGs
[2025-02-19T06:10:56.343+0000] {logging_mixin.py:188} INFO - [2025-02-19T06:10:56.343+0000] {dag.py:3823} INFO - Setting next_dagrun for example_time_delta_sensor_async to None, run_after=None
[2025-02-19T06:10:56.622+0000] {processor.py:183} INFO - Processing /home/airflow/.local/lib/python3.10/site-packages/airflow/example_dags/example_time_delta_sensor_async.py took 0.591 seconds
[2025-02-19T06:11:48.164+0000] {processor.py:161} INFO - Started process (PID=551) to work on /home/airflow/.local/lib/python3.10/site-packages/airflow/example_dags/example_time_delta_sensor_async.py
[2025-02-19T06:11:48.171+0000] {processor.py:830} INFO - Processing file /home/airflow/.local/lib/python3.10/site-packages/airflow/example_dags/example_time_delta_sensor_async.py for tasks to queue
[2025-02-19T06:11:48.179+0000] {logging_mixin.py:188} INFO - [2025-02-19T06:11:48.177+0000] {dagbag.py:538} INFO - Filling up the DagBag from /home/airflow/.local/lib/python3.10/site-packages/airflow/example_dags/example_time_delta_sensor_async.py
[2025-02-19T06:11:48.210+0000] {processor.py:840} INFO - DAG(s) 'example_time_delta_sensor_async' retrieved from /home/airflow/.local/lib/python3.10/site-packages/airflow/example_dags/example_time_delta_sensor_async.py
[2025-02-19T06:11:48.327+0000] {logging_mixin.py:188} INFO - [2025-02-19T06:11:48.326+0000] {dag.py:3036} INFO - Sync 1 DAGs
[2025-02-19T06:11:48.392+0000] {logging_mixin.py:188} INFO - [2025-02-19T06:11:48.391+0000] {dag.py:3823} INFO - Setting next_dagrun for example_time_delta_sensor_async to None, run_after=None
[2025-02-19T06:11:48.571+0000] {processor.py:183} INFO - Processing /home/airflow/.local/lib/python3.10/site-packages/airflow/example_dags/example_time_delta_sensor_async.py took 0.418 seconds
[2025-02-19T06:12:46.908+0000] {processor.py:161} INFO - Started process (PID=582) to work on /home/airflow/.local/lib/python3.10/site-packages/airflow/example_dags/example_time_delta_sensor_async.py
[2025-02-19T06:12:46.911+0000] {processor.py:830} INFO - Processing file /home/airflow/.local/lib/python3.10/site-packages/airflow/example_dags/example_time_delta_sensor_async.py for tasks to queue
[2025-02-19T06:12:46.913+0000] {logging_mixin.py:188} INFO - [2025-02-19T06:12:46.912+0000] {dagbag.py:538} INFO - Filling up the DagBag from /home/airflow/.local/lib/python3.10/site-packages/airflow/example_dags/example_time_delta_sensor_async.py
[2025-02-19T06:12:46.925+0000] {processor.py:840} INFO - DAG(s) 'example_time_delta_sensor_async' retrieved from /home/airflow/.local/lib/python3.10/site-packages/airflow/example_dags/example_time_delta_sensor_async.py
[2025-02-19T06:12:46.997+0000] {logging_mixin.py:188} INFO - [2025-02-19T06:12:46.996+0000] {dag.py:3036} INFO - Sync 1 DAGs
[2025-02-19T06:12:47.046+0000] {logging_mixin.py:188} INFO - [2025-02-19T06:12:47.045+0000] {dag.py:3823} INFO - Setting next_dagrun for example_time_delta_sensor_async to None, run_after=None
[2025-02-19T06:12:47.242+0000] {processor.py:183} INFO - Processing /home/airflow/.local/lib/python3.10/site-packages/airflow/example_dags/example_time_delta_sensor_async.py took 0.342 seconds
[2025-02-19T06:13:40.949+0000] {processor.py:161} INFO - Started process (PID=616) to work on /home/airflow/.local/lib/python3.10/site-packages/airflow/example_dags/example_time_delta_sensor_async.py
[2025-02-19T06:13:40.956+0000] {processor.py:830} INFO - Processing file /home/airflow/.local/lib/python3.10/site-packages/airflow/example_dags/example_time_delta_sensor_async.py for tasks to queue
[2025-02-19T06:13:40.961+0000] {logging_mixin.py:188} INFO - [2025-02-19T06:13:40.959+0000] {dagbag.py:538} INFO - Filling up the DagBag from /home/airflow/.local/lib/python3.10/site-packages/airflow/example_dags/example_time_delta_sensor_async.py
[2025-02-19T06:13:40.976+0000] {processor.py:840} INFO - DAG(s) 'example_time_delta_sensor_async' retrieved from /home/airflow/.local/lib/python3.10/site-packages/airflow/example_dags/example_time_delta_sensor_async.py
[2025-02-19T06:13:41.047+0000] {logging_mixin.py:188} INFO - [2025-02-19T06:13:41.047+0000] {dag.py:3036} INFO - Sync 1 DAGs
[2025-02-19T06:13:41.098+0000] {logging_mixin.py:188} INFO - [2025-02-19T06:13:41.097+0000] {dag.py:3823} INFO - Setting next_dagrun for example_time_delta_sensor_async to None, run_after=None
[2025-02-19T06:13:41.238+0000] {processor.py:183} INFO - Processing /home/airflow/.local/lib/python3.10/site-packages/airflow/example_dags/example_time_delta_sensor_async.py took 0.295 seconds
[2025-02-19T06:14:29.980+0000] {processor.py:161} INFO - Started process (PID=647) to work on /home/airflow/.local/lib/python3.10/site-packages/airflow/example_dags/example_time_delta_sensor_async.py
[2025-02-19T06:14:29.983+0000] {processor.py:830} INFO - Processing file /home/airflow/.local/lib/python3.10/site-packages/airflow/example_dags/example_time_delta_sensor_async.py for tasks to queue
[2025-02-19T06:14:29.989+0000] {logging_mixin.py:188} INFO - [2025-02-19T06:14:29.985+0000] {dagbag.py:538} INFO - Filling up the DagBag from /home/airflow/.local/lib/python3.10/site-packages/airflow/example_dags/example_time_delta_sensor_async.py
[2025-02-19T06:14:30.012+0000] {processor.py:840} INFO - DAG(s) 'example_time_delta_sensor_async' retrieved from /home/airflow/.local/lib/python3.10/site-packages/airflow/example_dags/example_time_delta_sensor_async.py
[2025-02-19T06:14:30.084+0000] {logging_mixin.py:188} INFO - [2025-02-19T06:14:30.083+0000] {dag.py:3036} INFO - Sync 1 DAGs
[2025-02-19T06:14:30.115+0000] {logging_mixin.py:188} INFO - [2025-02-19T06:14:30.114+0000] {dag.py:3823} INFO - Setting next_dagrun for example_time_delta_sensor_async to None, run_after=None
[2025-02-19T06:14:30.289+0000] {processor.py:183} INFO - Processing /home/airflow/.local/lib/python3.10/site-packages/airflow/example_dags/example_time_delta_sensor_async.py took 0.315 seconds
[2025-02-19T06:16:03.105+0000] {processor.py:161} INFO - Started process (PID=707) to work on /home/airflow/.local/lib/python3.10/site-packages/airflow/example_dags/example_time_delta_sensor_async.py
[2025-02-19T06:16:03.107+0000] {processor.py:830} INFO - Processing file /home/airflow/.local/lib/python3.10/site-packages/airflow/example_dags/example_time_delta_sensor_async.py for tasks to queue
[2025-02-19T06:16:03.112+0000] {logging_mixin.py:188} INFO - [2025-02-19T06:16:03.109+0000] {dagbag.py:538} INFO - Filling up the DagBag from /home/airflow/.local/lib/python3.10/site-packages/airflow/example_dags/example_time_delta_sensor_async.py
[2025-02-19T06:16:03.123+0000] {processor.py:840} INFO - DAG(s) 'example_time_delta_sensor_async' retrieved from /home/airflow/.local/lib/python3.10/site-packages/airflow/example_dags/example_time_delta_sensor_async.py
[2025-02-19T06:16:03.175+0000] {logging_mixin.py:188} INFO - [2025-02-19T06:16:03.174+0000] {dag.py:3036} INFO - Sync 1 DAGs
[2025-02-19T06:16:03.214+0000] {logging_mixin.py:188} INFO - [2025-02-19T06:16:03.214+0000] {dag.py:3823} INFO - Setting next_dagrun for example_time_delta_sensor_async to None, run_after=None
[2025-02-19T06:16:03.365+0000] {processor.py:183} INFO - Processing /home/airflow/.local/lib/python3.10/site-packages/airflow/example_dags/example_time_delta_sensor_async.py took 0.266 seconds
[2025-02-19T06:17:05.233+0000] {processor.py:161} INFO - Started process (PID=737) to work on /home/airflow/.local/lib/python3.10/site-packages/airflow/example_dags/example_time_delta_sensor_async.py
[2025-02-19T06:17:05.240+0000] {processor.py:830} INFO - Processing file /home/airflow/.local/lib/python3.10/site-packages/airflow/example_dags/example_time_delta_sensor_async.py for tasks to queue
[2025-02-19T06:17:05.248+0000] {logging_mixin.py:188} INFO - [2025-02-19T06:17:05.243+0000] {dagbag.py:538} INFO - Filling up the DagBag from /home/airflow/.local/lib/python3.10/site-packages/airflow/example_dags/example_time_delta_sensor_async.py
[2025-02-19T06:17:05.283+0000] {processor.py:840} INFO - DAG(s) 'example_time_delta_sensor_async' retrieved from /home/airflow/.local/lib/python3.10/site-packages/airflow/example_dags/example_time_delta_sensor_async.py
[2025-02-19T06:17:05.416+0000] {logging_mixin.py:188} INFO - [2025-02-19T06:17:05.412+0000] {dag.py:3036} INFO - Sync 1 DAGs
[2025-02-19T06:17:05.507+0000] {logging_mixin.py:188} INFO - [2025-02-19T06:17:05.506+0000] {dag.py:3823} INFO - Setting next_dagrun for example_time_delta_sensor_async to None, run_after=None
[2025-02-19T06:17:05.720+0000] {processor.py:183} INFO - Processing /home/airflow/.local/lib/python3.10/site-packages/airflow/example_dags/example_time_delta_sensor_async.py took 0.506 seconds
[2025-02-19T06:18:05.845+0000] {processor.py:161} INFO - Started process (PID=774) to work on /home/airflow/.local/lib/python3.10/site-packages/airflow/example_dags/example_time_delta_sensor_async.py
[2025-02-19T06:18:05.848+0000] {processor.py:830} INFO - Processing file /home/airflow/.local/lib/python3.10/site-packages/airflow/example_dags/example_time_delta_sensor_async.py for tasks to queue
[2025-02-19T06:18:05.853+0000] {logging_mixin.py:188} INFO - [2025-02-19T06:18:05.852+0000] {dagbag.py:538} INFO - Filling up the DagBag from /home/airflow/.local/lib/python3.10/site-packages/airflow/example_dags/example_time_delta_sensor_async.py
[2025-02-19T06:18:05.865+0000] {processor.py:840} INFO - DAG(s) 'example_time_delta_sensor_async' retrieved from /home/airflow/.local/lib/python3.10/site-packages/airflow/example_dags/example_time_delta_sensor_async.py
[2025-02-19T06:18:05.921+0000] {logging_mixin.py:188} INFO - [2025-02-19T06:18:05.920+0000] {dag.py:3036} INFO - Sync 1 DAGs
[2025-02-19T06:18:05.950+0000] {logging_mixin.py:188} INFO - [2025-02-19T06:18:05.950+0000] {dag.py:3823} INFO - Setting next_dagrun for example_time_delta_sensor_async to None, run_after=None
[2025-02-19T06:18:06.175+0000] {processor.py:183} INFO - Processing /home/airflow/.local/lib/python3.10/site-packages/airflow/example_dags/example_time_delta_sensor_async.py took 0.336 seconds
[2025-02-19T06:18:55.645+0000] {processor.py:161} INFO - Started process (PID=805) to work on /home/airflow/.local/lib/python3.10/site-packages/airflow/example_dags/example_time_delta_sensor_async.py
[2025-02-19T06:18:55.647+0000] {processor.py:830} INFO - Processing file /home/airflow/.local/lib/python3.10/site-packages/airflow/example_dags/example_time_delta_sensor_async.py for tasks to queue
[2025-02-19T06:18:55.650+0000] {logging_mixin.py:188} INFO - [2025-02-19T06:18:55.649+0000] {dagbag.py:538} INFO - Filling up the DagBag from /home/airflow/.local/lib/python3.10/site-packages/airflow/example_dags/example_time_delta_sensor_async.py
[2025-02-19T06:18:55.664+0000] {processor.py:840} INFO - DAG(s) 'example_time_delta_sensor_async' retrieved from /home/airflow/.local/lib/python3.10/site-packages/airflow/example_dags/example_time_delta_sensor_async.py
[2025-02-19T06:18:55.714+0000] {logging_mixin.py:188} INFO - [2025-02-19T06:18:55.713+0000] {dag.py:3036} INFO - Sync 1 DAGs
[2025-02-19T06:18:55.748+0000] {logging_mixin.py:188} INFO - [2025-02-19T06:18:55.748+0000] {dag.py:3823} INFO - Setting next_dagrun for example_time_delta_sensor_async to None, run_after=None
[2025-02-19T06:18:55.907+0000] {processor.py:183} INFO - Processing /home/airflow/.local/lib/python3.10/site-packages/airflow/example_dags/example_time_delta_sensor_async.py took 0.267 seconds
[2025-02-19T06:20:28.703+0000] {processor.py:161} INFO - Started process (PID=864) to work on /home/airflow/.local/lib/python3.10/site-packages/airflow/example_dags/example_time_delta_sensor_async.py
[2025-02-19T06:20:28.706+0000] {processor.py:830} INFO - Processing file /home/airflow/.local/lib/python3.10/site-packages/airflow/example_dags/example_time_delta_sensor_async.py for tasks to queue
[2025-02-19T06:20:28.710+0000] {logging_mixin.py:188} INFO - [2025-02-19T06:20:28.709+0000] {dagbag.py:538} INFO - Filling up the DagBag from /home/airflow/.local/lib/python3.10/site-packages/airflow/example_dags/example_time_delta_sensor_async.py
[2025-02-19T06:20:28.729+0000] {processor.py:840} INFO - DAG(s) 'example_time_delta_sensor_async' retrieved from /home/airflow/.local/lib/python3.10/site-packages/airflow/example_dags/example_time_delta_sensor_async.py
[2025-02-19T06:20:28.821+0000] {logging_mixin.py:188} INFO - [2025-02-19T06:20:28.820+0000] {dag.py:3036} INFO - Sync 1 DAGs
[2025-02-19T06:20:28.878+0000] {logging_mixin.py:188} INFO - [2025-02-19T06:20:28.877+0000] {dag.py:3823} INFO - Setting next_dagrun for example_time_delta_sensor_async to None, run_after=None
[2025-02-19T06:20:29.019+0000] {processor.py:183} INFO - Processing /home/airflow/.local/lib/python3.10/site-packages/airflow/example_dags/example_time_delta_sensor_async.py took 0.325 seconds
[2025-02-19T06:21:19.797+0000] {processor.py:161} INFO - Started process (PID=894) to work on /home/airflow/.local/lib/python3.10/site-packages/airflow/example_dags/example_time_delta_sensor_async.py
[2025-02-19T06:21:19.799+0000] {processor.py:830} INFO - Processing file /home/airflow/.local/lib/python3.10/site-packages/airflow/example_dags/example_time_delta_sensor_async.py for tasks to queue
[2025-02-19T06:21:19.802+0000] {logging_mixin.py:188} INFO - [2025-02-19T06:21:19.801+0000] {dagbag.py:538} INFO - Filling up the DagBag from /home/airflow/.local/lib/python3.10/site-packages/airflow/example_dags/example_time_delta_sensor_async.py
[2025-02-19T06:21:19.833+0000] {processor.py:840} INFO - DAG(s) 'example_time_delta_sensor_async' retrieved from /home/airflow/.local/lib/python3.10/site-packages/airflow/example_dags/example_time_delta_sensor_async.py
[2025-02-19T06:21:19.929+0000] {logging_mixin.py:188} INFO - [2025-02-19T06:21:19.928+0000] {dag.py:3036} INFO - Sync 1 DAGs
[2025-02-19T06:21:19.991+0000] {logging_mixin.py:188} INFO - [2025-02-19T06:21:19.991+0000] {dag.py:3823} INFO - Setting next_dagrun for example_time_delta_sensor_async to None, run_after=None
[2025-02-19T06:21:20.199+0000] {processor.py:183} INFO - Processing /home/airflow/.local/lib/python3.10/site-packages/airflow/example_dags/example_time_delta_sensor_async.py took 0.413 seconds
[2025-02-19T06:22:23.263+0000] {processor.py:161} INFO - Started process (PID=926) to work on /home/airflow/.local/lib/python3.10/site-packages/airflow/example_dags/example_time_delta_sensor_async.py
[2025-02-19T06:22:23.276+0000] {processor.py:830} INFO - Processing file /home/airflow/.local/lib/python3.10/site-packages/airflow/example_dags/example_time_delta_sensor_async.py for tasks to queue
[2025-02-19T06:22:23.279+0000] {logging_mixin.py:188} INFO - [2025-02-19T06:22:23.278+0000] {dagbag.py:538} INFO - Filling up the DagBag from /home/airflow/.local/lib/python3.10/site-packages/airflow/example_dags/example_time_delta_sensor_async.py
[2025-02-19T06:22:23.309+0000] {processor.py:840} INFO - DAG(s) 'example_time_delta_sensor_async' retrieved from /home/airflow/.local/lib/python3.10/site-packages/airflow/example_dags/example_time_delta_sensor_async.py
[2025-02-19T06:22:23.436+0000] {logging_mixin.py:188} INFO - [2025-02-19T06:22:23.435+0000] {dag.py:3036} INFO - Sync 1 DAGs
[2025-02-19T06:22:23.568+0000] {logging_mixin.py:188} INFO - [2025-02-19T06:22:23.568+0000] {dag.py:3823} INFO - Setting next_dagrun for example_time_delta_sensor_async to None, run_after=None
[2025-02-19T06:22:23.792+0000] {processor.py:183} INFO - Processing /home/airflow/.local/lib/python3.10/site-packages/airflow/example_dags/example_time_delta_sensor_async.py took 0.546 seconds
[2025-02-19T06:23:21.063+0000] {processor.py:161} INFO - Started process (PID=959) to work on /home/airflow/.local/lib/python3.10/site-packages/airflow/example_dags/example_time_delta_sensor_async.py
[2025-02-19T06:23:21.075+0000] {processor.py:830} INFO - Processing file /home/airflow/.local/lib/python3.10/site-packages/airflow/example_dags/example_time_delta_sensor_async.py for tasks to queue
[2025-02-19T06:23:21.079+0000] {logging_mixin.py:188} INFO - [2025-02-19T06:23:21.078+0000] {dagbag.py:538} INFO - Filling up the DagBag from /home/airflow/.local/lib/python3.10/site-packages/airflow/example_dags/example_time_delta_sensor_async.py
[2025-02-19T06:23:21.113+0000] {processor.py:840} INFO - DAG(s) 'example_time_delta_sensor_async' retrieved from /home/airflow/.local/lib/python3.10/site-packages/airflow/example_dags/example_time_delta_sensor_async.py
[2025-02-19T06:23:21.334+0000] {logging_mixin.py:188} INFO - [2025-02-19T06:23:21.334+0000] {dag.py:3036} INFO - Sync 1 DAGs
[2025-02-19T06:23:21.457+0000] {logging_mixin.py:188} INFO - [2025-02-19T06:23:21.456+0000] {dag.py:3823} INFO - Setting next_dagrun for example_time_delta_sensor_async to None, run_after=None
[2025-02-19T06:23:22.188+0000] {processor.py:183} INFO - Processing /home/airflow/.local/lib/python3.10/site-packages/airflow/example_dags/example_time_delta_sensor_async.py took 1.144 seconds
[2025-02-19T06:24:29.759+0000] {processor.py:161} INFO - Started process (PID=990) to work on /home/airflow/.local/lib/python3.10/site-packages/airflow/example_dags/example_time_delta_sensor_async.py
[2025-02-19T06:24:29.772+0000] {processor.py:830} INFO - Processing file /home/airflow/.local/lib/python3.10/site-packages/airflow/example_dags/example_time_delta_sensor_async.py for tasks to queue
[2025-02-19T06:24:29.776+0000] {logging_mixin.py:188} INFO - [2025-02-19T06:24:29.775+0000] {dagbag.py:538} INFO - Filling up the DagBag from /home/airflow/.local/lib/python3.10/site-packages/airflow/example_dags/example_time_delta_sensor_async.py
[2025-02-19T06:24:29.819+0000] {processor.py:840} INFO - DAG(s) 'example_time_delta_sensor_async' retrieved from /home/airflow/.local/lib/python3.10/site-packages/airflow/example_dags/example_time_delta_sensor_async.py
[2025-02-19T06:24:29.984+0000] {logging_mixin.py:188} INFO - [2025-02-19T06:24:29.983+0000] {dag.py:3036} INFO - Sync 1 DAGs
[2025-02-19T06:24:30.058+0000] {logging_mixin.py:188} INFO - [2025-02-19T06:24:30.057+0000] {dag.py:3823} INFO - Setting next_dagrun for example_time_delta_sensor_async to None, run_after=None
[2025-02-19T06:24:30.380+0000] {processor.py:183} INFO - Processing /home/airflow/.local/lib/python3.10/site-packages/airflow/example_dags/example_time_delta_sensor_async.py took 0.633 seconds
[2025-02-19T06:25:36.557+0000] {processor.py:161} INFO - Started process (PID=1027) to work on /home/airflow/.local/lib/python3.10/site-packages/airflow/example_dags/example_time_delta_sensor_async.py
[2025-02-19T06:25:36.562+0000] {processor.py:830} INFO - Processing file /home/airflow/.local/lib/python3.10/site-packages/airflow/example_dags/example_time_delta_sensor_async.py for tasks to queue
[2025-02-19T06:25:36.566+0000] {logging_mixin.py:188} INFO - [2025-02-19T06:25:36.566+0000] {dagbag.py:538} INFO - Filling up the DagBag from /home/airflow/.local/lib/python3.10/site-packages/airflow/example_dags/example_time_delta_sensor_async.py
[2025-02-19T06:25:36.586+0000] {processor.py:840} INFO - DAG(s) 'example_time_delta_sensor_async' retrieved from /home/airflow/.local/lib/python3.10/site-packages/airflow/example_dags/example_time_delta_sensor_async.py
[2025-02-19T06:25:36.658+0000] {logging_mixin.py:188} INFO - [2025-02-19T06:25:36.658+0000] {dag.py:3036} INFO - Sync 1 DAGs
[2025-02-19T06:25:36.709+0000] {logging_mixin.py:188} INFO - [2025-02-19T06:25:36.709+0000] {dag.py:3823} INFO - Setting next_dagrun for example_time_delta_sensor_async to None, run_after=None
[2025-02-19T06:25:36.918+0000] {processor.py:183} INFO - Processing /home/airflow/.local/lib/python3.10/site-packages/airflow/example_dags/example_time_delta_sensor_async.py took 0.370 seconds
[2025-02-19T06:26:34.529+0000] {processor.py:161} INFO - Started process (PID=1058) to work on /home/airflow/.local/lib/python3.10/site-packages/airflow/example_dags/example_time_delta_sensor_async.py
[2025-02-19T06:26:34.533+0000] {processor.py:830} INFO - Processing file /home/airflow/.local/lib/python3.10/site-packages/airflow/example_dags/example_time_delta_sensor_async.py for tasks to queue
[2025-02-19T06:26:34.547+0000] {logging_mixin.py:188} INFO - [2025-02-19T06:26:34.546+0000] {dagbag.py:538} INFO - Filling up the DagBag from /home/airflow/.local/lib/python3.10/site-packages/airflow/example_dags/example_time_delta_sensor_async.py
[2025-02-19T06:26:34.593+0000] {processor.py:840} INFO - DAG(s) 'example_time_delta_sensor_async' retrieved from /home/airflow/.local/lib/python3.10/site-packages/airflow/example_dags/example_time_delta_sensor_async.py
[2025-02-19T06:26:34.691+0000] {logging_mixin.py:188} INFO - [2025-02-19T06:26:34.691+0000] {dag.py:3036} INFO - Sync 1 DAGs
[2025-02-19T06:26:34.770+0000] {logging_mixin.py:188} INFO - [2025-02-19T06:26:34.770+0000] {dag.py:3823} INFO - Setting next_dagrun for example_time_delta_sensor_async to None, run_after=None
[2025-02-19T06:26:35.013+0000] {processor.py:183} INFO - Processing /home/airflow/.local/lib/python3.10/site-packages/airflow/example_dags/example_time_delta_sensor_async.py took 0.505 seconds
[2025-02-19T06:28:27.681+0000] {processor.py:161} INFO - Started process (PID=39) to work on /home/airflow/.local/lib/python3.10/site-packages/airflow/example_dags/example_time_delta_sensor_async.py
[2025-02-19T06:28:27.693+0000] {processor.py:830} INFO - Processing file /home/airflow/.local/lib/python3.10/site-packages/airflow/example_dags/example_time_delta_sensor_async.py for tasks to queue
[2025-02-19T06:28:27.697+0000] {logging_mixin.py:188} INFO - [2025-02-19T06:28:27.696+0000] {dagbag.py:538} INFO - Filling up the DagBag from /home/airflow/.local/lib/python3.10/site-packages/airflow/example_dags/example_time_delta_sensor_async.py
[2025-02-19T06:28:27.730+0000] {processor.py:840} INFO - DAG(s) 'example_time_delta_sensor_async' retrieved from /home/airflow/.local/lib/python3.10/site-packages/airflow/example_dags/example_time_delta_sensor_async.py
[2025-02-19T06:28:27.934+0000] {logging_mixin.py:188} INFO - [2025-02-19T06:28:27.933+0000] {dag.py:3036} INFO - Sync 1 DAGs
[2025-02-19T06:28:28.089+0000] {logging_mixin.py:188} INFO - [2025-02-19T06:28:28.089+0000] {dag.py:3823} INFO - Setting next_dagrun for example_time_delta_sensor_async to None, run_after=None
[2025-02-19T06:28:28.597+0000] {processor.py:183} INFO - Processing /home/airflow/.local/lib/python3.10/site-packages/airflow/example_dags/example_time_delta_sensor_async.py took 0.926 seconds
[2025-02-19T06:29:58.281+0000] {processor.py:161} INFO - Started process (PID=39) to work on /home/airflow/.local/lib/python3.10/site-packages/airflow/example_dags/example_time_delta_sensor_async.py
[2025-02-19T06:29:58.287+0000] {processor.py:830} INFO - Processing file /home/airflow/.local/lib/python3.10/site-packages/airflow/example_dags/example_time_delta_sensor_async.py for tasks to queue
[2025-02-19T06:29:58.290+0000] {logging_mixin.py:188} INFO - [2025-02-19T06:29:58.290+0000] {dagbag.py:538} INFO - Filling up the DagBag from /home/airflow/.local/lib/python3.10/site-packages/airflow/example_dags/example_time_delta_sensor_async.py
[2025-02-19T06:29:58.306+0000] {processor.py:840} INFO - DAG(s) 'example_time_delta_sensor_async' retrieved from /home/airflow/.local/lib/python3.10/site-packages/airflow/example_dags/example_time_delta_sensor_async.py
[2025-02-19T06:29:58.428+0000] {logging_mixin.py:188} INFO - [2025-02-19T06:29:58.427+0000] {dag.py:3036} INFO - Sync 1 DAGs
[2025-02-19T06:29:58.487+0000] {logging_mixin.py:188} INFO - [2025-02-19T06:29:58.486+0000] {dag.py:3823} INFO - Setting next_dagrun for example_time_delta_sensor_async to None, run_after=None
[2025-02-19T06:29:58.698+0000] {processor.py:183} INFO - Processing /home/airflow/.local/lib/python3.10/site-packages/airflow/example_dags/example_time_delta_sensor_async.py took 0.426 seconds
[2025-02-19T06:31:35.079+0000] {processor.py:161} INFO - Started process (PID=88) to work on /home/airflow/.local/lib/python3.10/site-packages/airflow/example_dags/example_time_delta_sensor_async.py
[2025-02-19T06:31:35.083+0000] {processor.py:830} INFO - Processing file /home/airflow/.local/lib/python3.10/site-packages/airflow/example_dags/example_time_delta_sensor_async.py for tasks to queue
[2025-02-19T06:31:35.086+0000] {logging_mixin.py:188} INFO - [2025-02-19T06:31:35.085+0000] {dagbag.py:538} INFO - Filling up the DagBag from /home/airflow/.local/lib/python3.10/site-packages/airflow/example_dags/example_time_delta_sensor_async.py
[2025-02-19T06:31:35.107+0000] {processor.py:840} INFO - DAG(s) 'example_time_delta_sensor_async' retrieved from /home/airflow/.local/lib/python3.10/site-packages/airflow/example_dags/example_time_delta_sensor_async.py
[2025-02-19T06:31:35.236+0000] {logging_mixin.py:188} INFO - [2025-02-19T06:31:35.235+0000] {dag.py:3036} INFO - Sync 1 DAGs
[2025-02-19T06:31:35.330+0000] {logging_mixin.py:188} INFO - [2025-02-19T06:31:35.329+0000] {dag.py:3823} INFO - Setting next_dagrun for example_time_delta_sensor_async to None, run_after=None
[2025-02-19T06:31:35.580+0000] {processor.py:183} INFO - Processing /home/airflow/.local/lib/python3.10/site-packages/airflow/example_dags/example_time_delta_sensor_async.py took 0.512 seconds
[2025-02-19T06:32:43.560+0000] {processor.py:161} INFO - Started process (PID=119) to work on /home/airflow/.local/lib/python3.10/site-packages/airflow/example_dags/example_time_delta_sensor_async.py
[2025-02-19T06:32:43.564+0000] {processor.py:830} INFO - Processing file /home/airflow/.local/lib/python3.10/site-packages/airflow/example_dags/example_time_delta_sensor_async.py for tasks to queue
[2025-02-19T06:32:43.576+0000] {logging_mixin.py:188} INFO - [2025-02-19T06:32:43.574+0000] {dagbag.py:538} INFO - Filling up the DagBag from /home/airflow/.local/lib/python3.10/site-packages/airflow/example_dags/example_time_delta_sensor_async.py
[2025-02-19T06:32:43.609+0000] {processor.py:840} INFO - DAG(s) 'example_time_delta_sensor_async' retrieved from /home/airflow/.local/lib/python3.10/site-packages/airflow/example_dags/example_time_delta_sensor_async.py
[2025-02-19T06:32:43.718+0000] {logging_mixin.py:188} INFO - [2025-02-19T06:32:43.718+0000] {dag.py:3036} INFO - Sync 1 DAGs
[2025-02-19T06:32:43.825+0000] {logging_mixin.py:188} INFO - [2025-02-19T06:32:43.814+0000] {dag.py:3823} INFO - Setting next_dagrun for example_time_delta_sensor_async to None, run_after=None
[2025-02-19T06:32:44.094+0000] {processor.py:183} INFO - Processing /home/airflow/.local/lib/python3.10/site-packages/airflow/example_dags/example_time_delta_sensor_async.py took 0.552 seconds
[2025-02-19T06:33:52.673+0000] {processor.py:161} INFO - Started process (PID=156) to work on /home/airflow/.local/lib/python3.10/site-packages/airflow/example_dags/example_time_delta_sensor_async.py
[2025-02-19T06:33:52.687+0000] {processor.py:830} INFO - Processing file /home/airflow/.local/lib/python3.10/site-packages/airflow/example_dags/example_time_delta_sensor_async.py for tasks to queue
[2025-02-19T06:33:52.694+0000] {logging_mixin.py:188} INFO - [2025-02-19T06:33:52.693+0000] {dagbag.py:538} INFO - Filling up the DagBag from /home/airflow/.local/lib/python3.10/site-packages/airflow/example_dags/example_time_delta_sensor_async.py
[2025-02-19T06:33:52.719+0000] {processor.py:840} INFO - DAG(s) 'example_time_delta_sensor_async' retrieved from /home/airflow/.local/lib/python3.10/site-packages/airflow/example_dags/example_time_delta_sensor_async.py
[2025-02-19T06:33:52.848+0000] {logging_mixin.py:188} INFO - [2025-02-19T06:33:52.848+0000] {dag.py:3036} INFO - Sync 1 DAGs
[2025-02-19T06:33:52.926+0000] {logging_mixin.py:188} INFO - [2025-02-19T06:33:52.926+0000] {dag.py:3823} INFO - Setting next_dagrun for example_time_delta_sensor_async to None, run_after=None
[2025-02-19T06:33:53.175+0000] {processor.py:183} INFO - Processing /home/airflow/.local/lib/python3.10/site-packages/airflow/example_dags/example_time_delta_sensor_async.py took 0.512 seconds
[2025-02-19T06:34:43.902+0000] {processor.py:161} INFO - Started process (PID=189) to work on /home/airflow/.local/lib/python3.10/site-packages/airflow/example_dags/example_time_delta_sensor_async.py
[2025-02-19T06:34:43.905+0000] {processor.py:830} INFO - Processing file /home/airflow/.local/lib/python3.10/site-packages/airflow/example_dags/example_time_delta_sensor_async.py for tasks to queue
[2025-02-19T06:34:43.908+0000] {logging_mixin.py:188} INFO - [2025-02-19T06:34:43.907+0000] {dagbag.py:538} INFO - Filling up the DagBag from /home/airflow/.local/lib/python3.10/site-packages/airflow/example_dags/example_time_delta_sensor_async.py
[2025-02-19T06:34:43.918+0000] {processor.py:840} INFO - DAG(s) 'example_time_delta_sensor_async' retrieved from /home/airflow/.local/lib/python3.10/site-packages/airflow/example_dags/example_time_delta_sensor_async.py
[2025-02-19T06:34:43.981+0000] {logging_mixin.py:188} INFO - [2025-02-19T06:34:43.981+0000] {dag.py:3036} INFO - Sync 1 DAGs
[2025-02-19T06:34:44.016+0000] {logging_mixin.py:188} INFO - [2025-02-19T06:34:44.015+0000] {dag.py:3823} INFO - Setting next_dagrun for example_time_delta_sensor_async to None, run_after=None
[2025-02-19T06:34:44.144+0000] {processor.py:183} INFO - Processing /home/airflow/.local/lib/python3.10/site-packages/airflow/example_dags/example_time_delta_sensor_async.py took 0.247 seconds
[2025-02-19T06:36:21.142+0000] {processor.py:161} INFO - Started process (PID=248) to work on /home/airflow/.local/lib/python3.10/site-packages/airflow/example_dags/example_time_delta_sensor_async.py
[2025-02-19T06:36:21.145+0000] {processor.py:830} INFO - Processing file /home/airflow/.local/lib/python3.10/site-packages/airflow/example_dags/example_time_delta_sensor_async.py for tasks to queue
[2025-02-19T06:36:21.148+0000] {logging_mixin.py:188} INFO - [2025-02-19T06:36:21.147+0000] {dagbag.py:538} INFO - Filling up the DagBag from /home/airflow/.local/lib/python3.10/site-packages/airflow/example_dags/example_time_delta_sensor_async.py
[2025-02-19T06:36:21.168+0000] {processor.py:840} INFO - DAG(s) 'example_time_delta_sensor_async' retrieved from /home/airflow/.local/lib/python3.10/site-packages/airflow/example_dags/example_time_delta_sensor_async.py
[2025-02-19T06:36:21.254+0000] {logging_mixin.py:188} INFO - [2025-02-19T06:36:21.253+0000] {dag.py:3036} INFO - Sync 1 DAGs
[2025-02-19T06:36:21.324+0000] {logging_mixin.py:188} INFO - [2025-02-19T06:36:21.316+0000] {dag.py:3823} INFO - Setting next_dagrun for example_time_delta_sensor_async to None, run_after=None
[2025-02-19T06:36:21.495+0000] {processor.py:183} INFO - Processing /home/airflow/.local/lib/python3.10/site-packages/airflow/example_dags/example_time_delta_sensor_async.py took 0.361 seconds
[2025-02-19T06:37:22.914+0000] {processor.py:161} INFO - Started process (PID=280) to work on /home/airflow/.local/lib/python3.10/site-packages/airflow/example_dags/example_time_delta_sensor_async.py
[2025-02-19T06:37:22.916+0000] {processor.py:830} INFO - Processing file /home/airflow/.local/lib/python3.10/site-packages/airflow/example_dags/example_time_delta_sensor_async.py for tasks to queue
[2025-02-19T06:37:22.918+0000] {logging_mixin.py:188} INFO - [2025-02-19T06:37:22.917+0000] {dagbag.py:538} INFO - Filling up the DagBag from /home/airflow/.local/lib/python3.10/site-packages/airflow/example_dags/example_time_delta_sensor_async.py
[2025-02-19T06:37:22.928+0000] {processor.py:840} INFO - DAG(s) 'example_time_delta_sensor_async' retrieved from /home/airflow/.local/lib/python3.10/site-packages/airflow/example_dags/example_time_delta_sensor_async.py
[2025-02-19T06:37:22.985+0000] {logging_mixin.py:188} INFO - [2025-02-19T06:37:22.984+0000] {dag.py:3036} INFO - Sync 1 DAGs
[2025-02-19T06:37:23.012+0000] {logging_mixin.py:188} INFO - [2025-02-19T06:37:23.011+0000] {dag.py:3823} INFO - Setting next_dagrun for example_time_delta_sensor_async to None, run_after=None
[2025-02-19T06:37:23.137+0000] {processor.py:183} INFO - Processing /home/airflow/.local/lib/python3.10/site-packages/airflow/example_dags/example_time_delta_sensor_async.py took 0.230 seconds
[2025-02-19T06:38:13.344+0000] {processor.py:161} INFO - Started process (PID=315) to work on /home/airflow/.local/lib/python3.10/site-packages/airflow/example_dags/example_time_delta_sensor_async.py
[2025-02-19T06:38:13.347+0000] {processor.py:830} INFO - Processing file /home/airflow/.local/lib/python3.10/site-packages/airflow/example_dags/example_time_delta_sensor_async.py for tasks to queue
[2025-02-19T06:38:13.352+0000] {logging_mixin.py:188} INFO - [2025-02-19T06:38:13.351+0000] {dagbag.py:538} INFO - Filling up the DagBag from /home/airflow/.local/lib/python3.10/site-packages/airflow/example_dags/example_time_delta_sensor_async.py
[2025-02-19T06:38:13.364+0000] {processor.py:840} INFO - DAG(s) 'example_time_delta_sensor_async' retrieved from /home/airflow/.local/lib/python3.10/site-packages/airflow/example_dags/example_time_delta_sensor_async.py
[2025-02-19T06:38:13.418+0000] {logging_mixin.py:188} INFO - [2025-02-19T06:38:13.417+0000] {dag.py:3036} INFO - Sync 1 DAGs
[2025-02-19T06:38:13.460+0000] {logging_mixin.py:188} INFO - [2025-02-19T06:38:13.459+0000] {dag.py:3823} INFO - Setting next_dagrun for example_time_delta_sensor_async to None, run_after=None
[2025-02-19T06:38:13.588+0000] {processor.py:183} INFO - Processing /home/airflow/.local/lib/python3.10/site-packages/airflow/example_dags/example_time_delta_sensor_async.py took 0.251 seconds
[2025-02-19T06:40:13.607+0000] {processor.py:161} INFO - Started process (PID=372) to work on /home/airflow/.local/lib/python3.10/site-packages/airflow/example_dags/example_time_delta_sensor_async.py
[2025-02-19T06:40:13.619+0000] {processor.py:830} INFO - Processing file /home/airflow/.local/lib/python3.10/site-packages/airflow/example_dags/example_time_delta_sensor_async.py for tasks to queue
[2025-02-19T06:40:13.622+0000] {logging_mixin.py:188} INFO - [2025-02-19T06:40:13.621+0000] {dagbag.py:538} INFO - Filling up the DagBag from /home/airflow/.local/lib/python3.10/site-packages/airflow/example_dags/example_time_delta_sensor_async.py
[2025-02-19T06:40:13.645+0000] {processor.py:840} INFO - DAG(s) 'example_time_delta_sensor_async' retrieved from /home/airflow/.local/lib/python3.10/site-packages/airflow/example_dags/example_time_delta_sensor_async.py
[2025-02-19T06:40:13.755+0000] {logging_mixin.py:188} INFO - [2025-02-19T06:40:13.754+0000] {dag.py:3036} INFO - Sync 1 DAGs
[2025-02-19T06:40:13.858+0000] {logging_mixin.py:188} INFO - [2025-02-19T06:40:13.858+0000] {dag.py:3823} INFO - Setting next_dagrun for example_time_delta_sensor_async to None, run_after=None
[2025-02-19T06:40:14.197+0000] {processor.py:183} INFO - Processing /home/airflow/.local/lib/python3.10/site-packages/airflow/example_dags/example_time_delta_sensor_async.py took 0.598 seconds
[2025-02-19T06:41:24.279+0000] {processor.py:161} INFO - Started process (PID=409) to work on /home/airflow/.local/lib/python3.10/site-packages/airflow/example_dags/example_time_delta_sensor_async.py
[2025-02-19T06:41:24.281+0000] {processor.py:830} INFO - Processing file /home/airflow/.local/lib/python3.10/site-packages/airflow/example_dags/example_time_delta_sensor_async.py for tasks to queue
[2025-02-19T06:41:24.284+0000] {logging_mixin.py:188} INFO - [2025-02-19T06:41:24.283+0000] {dagbag.py:538} INFO - Filling up the DagBag from /home/airflow/.local/lib/python3.10/site-packages/airflow/example_dags/example_time_delta_sensor_async.py
[2025-02-19T06:41:24.296+0000] {processor.py:840} INFO - DAG(s) 'example_time_delta_sensor_async' retrieved from /home/airflow/.local/lib/python3.10/site-packages/airflow/example_dags/example_time_delta_sensor_async.py
[2025-02-19T06:41:24.354+0000] {logging_mixin.py:188} INFO - [2025-02-19T06:41:24.354+0000] {dag.py:3036} INFO - Sync 1 DAGs
[2025-02-19T06:41:24.382+0000] {logging_mixin.py:188} INFO - [2025-02-19T06:41:24.382+0000] {dag.py:3823} INFO - Setting next_dagrun for example_time_delta_sensor_async to None, run_after=None
[2025-02-19T06:41:24.532+0000] {processor.py:183} INFO - Processing /home/airflow/.local/lib/python3.10/site-packages/airflow/example_dags/example_time_delta_sensor_async.py took 0.257 seconds
[2025-02-19T06:42:25.084+0000] {processor.py:161} INFO - Started process (PID=441) to work on /home/airflow/.local/lib/python3.10/site-packages/airflow/example_dags/example_time_delta_sensor_async.py
[2025-02-19T06:42:25.087+0000] {processor.py:830} INFO - Processing file /home/airflow/.local/lib/python3.10/site-packages/airflow/example_dags/example_time_delta_sensor_async.py for tasks to queue
[2025-02-19T06:42:25.090+0000] {logging_mixin.py:188} INFO - [2025-02-19T06:42:25.089+0000] {dagbag.py:538} INFO - Filling up the DagBag from /home/airflow/.local/lib/python3.10/site-packages/airflow/example_dags/example_time_delta_sensor_async.py
[2025-02-19T06:42:25.107+0000] {processor.py:840} INFO - DAG(s) 'example_time_delta_sensor_async' retrieved from /home/airflow/.local/lib/python3.10/site-packages/airflow/example_dags/example_time_delta_sensor_async.py
[2025-02-19T06:42:25.176+0000] {logging_mixin.py:188} INFO - [2025-02-19T06:42:25.175+0000] {dag.py:3036} INFO - Sync 1 DAGs
[2025-02-19T06:42:25.226+0000] {logging_mixin.py:188} INFO - [2025-02-19T06:42:25.226+0000] {dag.py:3823} INFO - Setting next_dagrun for example_time_delta_sensor_async to None, run_after=None
[2025-02-19T06:42:25.388+0000] {processor.py:183} INFO - Processing /home/airflow/.local/lib/python3.10/site-packages/airflow/example_dags/example_time_delta_sensor_async.py took 0.320 seconds
[2025-02-19T06:43:28.435+0000] {processor.py:161} INFO - Started process (PID=39) to work on /home/airflow/.local/lib/python3.10/site-packages/airflow/example_dags/example_time_delta_sensor_async.py
[2025-02-19T06:43:28.437+0000] {processor.py:830} INFO - Processing file /home/airflow/.local/lib/python3.10/site-packages/airflow/example_dags/example_time_delta_sensor_async.py for tasks to queue
[2025-02-19T06:43:28.444+0000] {logging_mixin.py:188} INFO - [2025-02-19T06:43:28.442+0000] {dagbag.py:538} INFO - Filling up the DagBag from /home/airflow/.local/lib/python3.10/site-packages/airflow/example_dags/example_time_delta_sensor_async.py
[2025-02-19T06:43:28.455+0000] {processor.py:840} INFO - DAG(s) 'example_time_delta_sensor_async' retrieved from /home/airflow/.local/lib/python3.10/site-packages/airflow/example_dags/example_time_delta_sensor_async.py
[2025-02-19T06:43:28.524+0000] {logging_mixin.py:188} INFO - [2025-02-19T06:43:28.524+0000] {dag.py:3036} INFO - Sync 1 DAGs
[2025-02-19T06:43:28.557+0000] {logging_mixin.py:188} INFO - [2025-02-19T06:43:28.557+0000] {dag.py:3823} INFO - Setting next_dagrun for example_time_delta_sensor_async to None, run_after=None
[2025-02-19T06:43:28.671+0000] {processor.py:183} INFO - Processing /home/airflow/.local/lib/python3.10/site-packages/airflow/example_dags/example_time_delta_sensor_async.py took 0.242 seconds
[2025-02-19T06:44:50.713+0000] {processor.py:161} INFO - Started process (PID=88) to work on /home/airflow/.local/lib/python3.10/site-packages/airflow/example_dags/example_time_delta_sensor_async.py
[2025-02-19T06:44:50.716+0000] {processor.py:830} INFO - Processing file /home/airflow/.local/lib/python3.10/site-packages/airflow/example_dags/example_time_delta_sensor_async.py for tasks to queue
[2025-02-19T06:44:50.719+0000] {logging_mixin.py:188} INFO - [2025-02-19T06:44:50.718+0000] {dagbag.py:538} INFO - Filling up the DagBag from /home/airflow/.local/lib/python3.10/site-packages/airflow/example_dags/example_time_delta_sensor_async.py
[2025-02-19T06:44:50.734+0000] {processor.py:840} INFO - DAG(s) 'example_time_delta_sensor_async' retrieved from /home/airflow/.local/lib/python3.10/site-packages/airflow/example_dags/example_time_delta_sensor_async.py
[2025-02-19T06:44:50.844+0000] {logging_mixin.py:188} INFO - [2025-02-19T06:44:50.836+0000] {dag.py:3036} INFO - Sync 1 DAGs
[2025-02-19T06:44:50.909+0000] {logging_mixin.py:188} INFO - [2025-02-19T06:44:50.908+0000] {dag.py:3823} INFO - Setting next_dagrun for example_time_delta_sensor_async to None, run_after=None
[2025-02-19T06:44:51.105+0000] {processor.py:183} INFO - Processing /home/airflow/.local/lib/python3.10/site-packages/airflow/example_dags/example_time_delta_sensor_async.py took 0.404 seconds
[2025-02-19T06:45:45.498+0000] {processor.py:161} INFO - Started process (PID=117) to work on /home/airflow/.local/lib/python3.10/site-packages/airflow/example_dags/example_time_delta_sensor_async.py
[2025-02-19T06:45:45.502+0000] {processor.py:830} INFO - Processing file /home/airflow/.local/lib/python3.10/site-packages/airflow/example_dags/example_time_delta_sensor_async.py for tasks to queue
[2025-02-19T06:45:45.507+0000] {logging_mixin.py:188} INFO - [2025-02-19T06:45:45.505+0000] {dagbag.py:538} INFO - Filling up the DagBag from /home/airflow/.local/lib/python3.10/site-packages/airflow/example_dags/example_time_delta_sensor_async.py
[2025-02-19T06:45:45.531+0000] {processor.py:840} INFO - DAG(s) 'example_time_delta_sensor_async' retrieved from /home/airflow/.local/lib/python3.10/site-packages/airflow/example_dags/example_time_delta_sensor_async.py
[2025-02-19T06:45:45.635+0000] {logging_mixin.py:188} INFO - [2025-02-19T06:45:45.634+0000] {dag.py:3036} INFO - Sync 1 DAGs
[2025-02-19T06:45:45.693+0000] {logging_mixin.py:188} INFO - [2025-02-19T06:45:45.692+0000] {dag.py:3823} INFO - Setting next_dagrun for example_time_delta_sensor_async to None, run_after=None
[2025-02-19T06:45:45.835+0000] {processor.py:183} INFO - Processing /home/airflow/.local/lib/python3.10/site-packages/airflow/example_dags/example_time_delta_sensor_async.py took 0.350 seconds
[2025-02-19T06:46:36.304+0000] {processor.py:161} INFO - Started process (PID=151) to work on /home/airflow/.local/lib/python3.10/site-packages/airflow/example_dags/example_time_delta_sensor_async.py
[2025-02-19T06:46:36.306+0000] {processor.py:830} INFO - Processing file /home/airflow/.local/lib/python3.10/site-packages/airflow/example_dags/example_time_delta_sensor_async.py for tasks to queue
[2025-02-19T06:46:36.308+0000] {logging_mixin.py:188} INFO - [2025-02-19T06:46:36.308+0000] {dagbag.py:538} INFO - Filling up the DagBag from /home/airflow/.local/lib/python3.10/site-packages/airflow/example_dags/example_time_delta_sensor_async.py
[2025-02-19T06:46:36.321+0000] {processor.py:840} INFO - DAG(s) 'example_time_delta_sensor_async' retrieved from /home/airflow/.local/lib/python3.10/site-packages/airflow/example_dags/example_time_delta_sensor_async.py
[2025-02-19T06:46:36.376+0000] {logging_mixin.py:188} INFO - [2025-02-19T06:46:36.376+0000] {dag.py:3036} INFO - Sync 1 DAGs
[2025-02-19T06:46:36.405+0000] {logging_mixin.py:188} INFO - [2025-02-19T06:46:36.404+0000] {dag.py:3823} INFO - Setting next_dagrun for example_time_delta_sensor_async to None, run_after=None
[2025-02-19T06:46:36.793+0000] {processor.py:183} INFO - Processing /home/airflow/.local/lib/python3.10/site-packages/airflow/example_dags/example_time_delta_sensor_async.py took 0.498 seconds
[2025-02-19T06:47:29.688+0000] {processor.py:161} INFO - Started process (PID=180) to work on /home/airflow/.local/lib/python3.10/site-packages/airflow/example_dags/example_time_delta_sensor_async.py
[2025-02-19T06:47:29.692+0000] {processor.py:830} INFO - Processing file /home/airflow/.local/lib/python3.10/site-packages/airflow/example_dags/example_time_delta_sensor_async.py for tasks to queue
[2025-02-19T06:47:29.695+0000] {logging_mixin.py:188} INFO - [2025-02-19T06:47:29.694+0000] {dagbag.py:538} INFO - Filling up the DagBag from /home/airflow/.local/lib/python3.10/site-packages/airflow/example_dags/example_time_delta_sensor_async.py
[2025-02-19T06:47:29.726+0000] {processor.py:840} INFO - DAG(s) 'example_time_delta_sensor_async' retrieved from /home/airflow/.local/lib/python3.10/site-packages/airflow/example_dags/example_time_delta_sensor_async.py
[2025-02-19T06:47:29.840+0000] {logging_mixin.py:188} INFO - [2025-02-19T06:47:29.840+0000] {dag.py:3036} INFO - Sync 1 DAGs
[2025-02-19T06:47:29.896+0000] {logging_mixin.py:188} INFO - [2025-02-19T06:47:29.895+0000] {dag.py:3823} INFO - Setting next_dagrun for example_time_delta_sensor_async to None, run_after=None
[2025-02-19T06:47:30.043+0000] {processor.py:183} INFO - Processing /home/airflow/.local/lib/python3.10/site-packages/airflow/example_dags/example_time_delta_sensor_async.py took 0.376 seconds
[2025-02-19T06:48:19.768+0000] {processor.py:161} INFO - Started process (PID=212) to work on /home/airflow/.local/lib/python3.10/site-packages/airflow/example_dags/example_time_delta_sensor_async.py
[2025-02-19T06:48:19.777+0000] {processor.py:830} INFO - Processing file /home/airflow/.local/lib/python3.10/site-packages/airflow/example_dags/example_time_delta_sensor_async.py for tasks to queue
[2025-02-19T06:48:19.783+0000] {logging_mixin.py:188} INFO - [2025-02-19T06:48:19.781+0000] {dagbag.py:538} INFO - Filling up the DagBag from /home/airflow/.local/lib/python3.10/site-packages/airflow/example_dags/example_time_delta_sensor_async.py
[2025-02-19T06:48:19.805+0000] {processor.py:840} INFO - DAG(s) 'example_time_delta_sensor_async' retrieved from /home/airflow/.local/lib/python3.10/site-packages/airflow/example_dags/example_time_delta_sensor_async.py
[2025-02-19T06:48:19.925+0000] {logging_mixin.py:188} INFO - [2025-02-19T06:48:19.924+0000] {dag.py:3036} INFO - Sync 1 DAGs
[2025-02-19T06:48:19.988+0000] {logging_mixin.py:188} INFO - [2025-02-19T06:48:19.988+0000] {dag.py:3823} INFO - Setting next_dagrun for example_time_delta_sensor_async to None, run_after=None
[2025-02-19T06:48:20.162+0000] {processor.py:183} INFO - Processing /home/airflow/.local/lib/python3.10/site-packages/airflow/example_dags/example_time_delta_sensor_async.py took 0.404 seconds
[2025-02-19T06:49:09.137+0000] {processor.py:161} INFO - Started process (PID=241) to work on /home/airflow/.local/lib/python3.10/site-packages/airflow/example_dags/example_time_delta_sensor_async.py
[2025-02-19T06:49:09.141+0000] {processor.py:830} INFO - Processing file /home/airflow/.local/lib/python3.10/site-packages/airflow/example_dags/example_time_delta_sensor_async.py for tasks to queue
[2025-02-19T06:49:09.144+0000] {logging_mixin.py:188} INFO - [2025-02-19T06:49:09.143+0000] {dagbag.py:538} INFO - Filling up the DagBag from /home/airflow/.local/lib/python3.10/site-packages/airflow/example_dags/example_time_delta_sensor_async.py
[2025-02-19T06:49:09.163+0000] {processor.py:840} INFO - DAG(s) 'example_time_delta_sensor_async' retrieved from /home/airflow/.local/lib/python3.10/site-packages/airflow/example_dags/example_time_delta_sensor_async.py
[2025-02-19T06:49:09.257+0000] {logging_mixin.py:188} INFO - [2025-02-19T06:49:09.257+0000] {dag.py:3036} INFO - Sync 1 DAGs
[2025-02-19T06:49:09.320+0000] {logging_mixin.py:188} INFO - [2025-02-19T06:49:09.319+0000] {dag.py:3823} INFO - Setting next_dagrun for example_time_delta_sensor_async to None, run_after=None
[2025-02-19T06:49:09.496+0000] {processor.py:183} INFO - Processing /home/airflow/.local/lib/python3.10/site-packages/airflow/example_dags/example_time_delta_sensor_async.py took 0.373 seconds
[2025-02-19T06:50:02.004+0000] {processor.py:161} INFO - Started process (PID=273) to work on /home/airflow/.local/lib/python3.10/site-packages/airflow/example_dags/example_time_delta_sensor_async.py
[2025-02-19T06:50:02.007+0000] {processor.py:830} INFO - Processing file /home/airflow/.local/lib/python3.10/site-packages/airflow/example_dags/example_time_delta_sensor_async.py for tasks to queue
[2025-02-19T06:50:02.010+0000] {logging_mixin.py:188} INFO - [2025-02-19T06:50:02.009+0000] {dagbag.py:538} INFO - Filling up the DagBag from /home/airflow/.local/lib/python3.10/site-packages/airflow/example_dags/example_time_delta_sensor_async.py
[2025-02-19T06:50:02.030+0000] {processor.py:840} INFO - DAG(s) 'example_time_delta_sensor_async' retrieved from /home/airflow/.local/lib/python3.10/site-packages/airflow/example_dags/example_time_delta_sensor_async.py
[2025-02-19T06:50:02.110+0000] {logging_mixin.py:188} INFO - [2025-02-19T06:50:02.109+0000] {dag.py:3036} INFO - Sync 1 DAGs
[2025-02-19T06:50:02.166+0000] {logging_mixin.py:188} INFO - [2025-02-19T06:50:02.165+0000] {dag.py:3823} INFO - Setting next_dagrun for example_time_delta_sensor_async to None, run_after=None
[2025-02-19T06:50:02.392+0000] {processor.py:183} INFO - Processing /home/airflow/.local/lib/python3.10/site-packages/airflow/example_dags/example_time_delta_sensor_async.py took 0.405 seconds
[2025-02-19T06:50:54.014+0000] {processor.py:161} INFO - Started process (PID=304) to work on /home/airflow/.local/lib/python3.10/site-packages/airflow/example_dags/example_time_delta_sensor_async.py
[2025-02-19T06:50:54.016+0000] {processor.py:830} INFO - Processing file /home/airflow/.local/lib/python3.10/site-packages/airflow/example_dags/example_time_delta_sensor_async.py for tasks to queue
[2025-02-19T06:50:54.020+0000] {logging_mixin.py:188} INFO - [2025-02-19T06:50:54.018+0000] {dagbag.py:538} INFO - Filling up the DagBag from /home/airflow/.local/lib/python3.10/site-packages/airflow/example_dags/example_time_delta_sensor_async.py
[2025-02-19T06:50:54.030+0000] {processor.py:840} INFO - DAG(s) 'example_time_delta_sensor_async' retrieved from /home/airflow/.local/lib/python3.10/site-packages/airflow/example_dags/example_time_delta_sensor_async.py
[2025-02-19T06:50:54.084+0000] {logging_mixin.py:188} INFO - [2025-02-19T06:50:54.083+0000] {dag.py:3036} INFO - Sync 1 DAGs
[2025-02-19T06:50:54.120+0000] {logging_mixin.py:188} INFO - [2025-02-19T06:50:54.120+0000] {dag.py:3823} INFO - Setting next_dagrun for example_time_delta_sensor_async to None, run_after=None
[2025-02-19T06:50:54.261+0000] {processor.py:183} INFO - Processing /home/airflow/.local/lib/python3.10/site-packages/airflow/example_dags/example_time_delta_sensor_async.py took 0.252 seconds
[2025-02-19T06:51:44.698+0000] {processor.py:161} INFO - Started process (PID=336) to work on /home/airflow/.local/lib/python3.10/site-packages/airflow/example_dags/example_time_delta_sensor_async.py
[2025-02-19T06:51:44.701+0000] {processor.py:830} INFO - Processing file /home/airflow/.local/lib/python3.10/site-packages/airflow/example_dags/example_time_delta_sensor_async.py for tasks to queue
[2025-02-19T06:51:44.707+0000] {logging_mixin.py:188} INFO - [2025-02-19T06:51:44.706+0000] {dagbag.py:538} INFO - Filling up the DagBag from /home/airflow/.local/lib/python3.10/site-packages/airflow/example_dags/example_time_delta_sensor_async.py
[2025-02-19T06:51:44.720+0000] {processor.py:840} INFO - DAG(s) 'example_time_delta_sensor_async' retrieved from /home/airflow/.local/lib/python3.10/site-packages/airflow/example_dags/example_time_delta_sensor_async.py
[2025-02-19T06:51:44.781+0000] {logging_mixin.py:188} INFO - [2025-02-19T06:51:44.780+0000] {dag.py:3036} INFO - Sync 1 DAGs
[2025-02-19T06:51:44.813+0000] {logging_mixin.py:188} INFO - [2025-02-19T06:51:44.813+0000] {dag.py:3823} INFO - Setting next_dagrun for example_time_delta_sensor_async to None, run_after=None
[2025-02-19T06:51:44.943+0000] {processor.py:183} INFO - Processing /home/airflow/.local/lib/python3.10/site-packages/airflow/example_dags/example_time_delta_sensor_async.py took 0.255 seconds
[2025-02-19T06:52:38.494+0000] {processor.py:161} INFO - Started process (PID=366) to work on /home/airflow/.local/lib/python3.10/site-packages/airflow/example_dags/example_time_delta_sensor_async.py
[2025-02-19T06:52:38.497+0000] {processor.py:830} INFO - Processing file /home/airflow/.local/lib/python3.10/site-packages/airflow/example_dags/example_time_delta_sensor_async.py for tasks to queue
[2025-02-19T06:52:38.502+0000] {logging_mixin.py:188} INFO - [2025-02-19T06:52:38.500+0000] {dagbag.py:538} INFO - Filling up the DagBag from /home/airflow/.local/lib/python3.10/site-packages/airflow/example_dags/example_time_delta_sensor_async.py
[2025-02-19T06:52:38.515+0000] {processor.py:840} INFO - DAG(s) 'example_time_delta_sensor_async' retrieved from /home/airflow/.local/lib/python3.10/site-packages/airflow/example_dags/example_time_delta_sensor_async.py
[2025-02-19T06:52:38.580+0000] {logging_mixin.py:188} INFO - [2025-02-19T06:52:38.580+0000] {dag.py:3036} INFO - Sync 1 DAGs
[2025-02-19T06:52:38.618+0000] {logging_mixin.py:188} INFO - [2025-02-19T06:52:38.617+0000] {dag.py:3823} INFO - Setting next_dagrun for example_time_delta_sensor_async to None, run_after=None
[2025-02-19T06:52:38.740+0000] {processor.py:183} INFO - Processing /home/airflow/.local/lib/python3.10/site-packages/airflow/example_dags/example_time_delta_sensor_async.py took 0.253 seconds
[2025-02-19T06:53:33.458+0000] {processor.py:161} INFO - Started process (PID=401) to work on /home/airflow/.local/lib/python3.10/site-packages/airflow/example_dags/example_time_delta_sensor_async.py
[2025-02-19T06:53:33.461+0000] {processor.py:830} INFO - Processing file /home/airflow/.local/lib/python3.10/site-packages/airflow/example_dags/example_time_delta_sensor_async.py for tasks to queue
[2025-02-19T06:53:33.465+0000] {logging_mixin.py:188} INFO - [2025-02-19T06:53:33.463+0000] {dagbag.py:538} INFO - Filling up the DagBag from /home/airflow/.local/lib/python3.10/site-packages/airflow/example_dags/example_time_delta_sensor_async.py
[2025-02-19T06:53:33.477+0000] {processor.py:840} INFO - DAG(s) 'example_time_delta_sensor_async' retrieved from /home/airflow/.local/lib/python3.10/site-packages/airflow/example_dags/example_time_delta_sensor_async.py
[2025-02-19T06:53:33.574+0000] {logging_mixin.py:188} INFO - [2025-02-19T06:53:33.573+0000] {dag.py:3036} INFO - Sync 1 DAGs
[2025-02-19T06:53:33.628+0000] {logging_mixin.py:188} INFO - [2025-02-19T06:53:33.627+0000] {dag.py:3823} INFO - Setting next_dagrun for example_time_delta_sensor_async to None, run_after=None
[2025-02-19T06:53:33.842+0000] {processor.py:183} INFO - Processing /home/airflow/.local/lib/python3.10/site-packages/airflow/example_dags/example_time_delta_sensor_async.py took 0.392 seconds
[2025-02-19T06:54:58.613+0000] {processor.py:161} INFO - Started process (PID=459) to work on /home/airflow/.local/lib/python3.10/site-packages/airflow/example_dags/example_time_delta_sensor_async.py
[2025-02-19T06:54:58.614+0000] {processor.py:830} INFO - Processing file /home/airflow/.local/lib/python3.10/site-packages/airflow/example_dags/example_time_delta_sensor_async.py for tasks to queue
[2025-02-19T06:54:58.616+0000] {logging_mixin.py:188} INFO - [2025-02-19T06:54:58.615+0000] {dagbag.py:538} INFO - Filling up the DagBag from /home/airflow/.local/lib/python3.10/site-packages/airflow/example_dags/example_time_delta_sensor_async.py
[2025-02-19T06:54:58.623+0000] {processor.py:840} INFO - DAG(s) 'example_time_delta_sensor_async' retrieved from /home/airflow/.local/lib/python3.10/site-packages/airflow/example_dags/example_time_delta_sensor_async.py
[2025-02-19T06:54:58.671+0000] {logging_mixin.py:188} INFO - [2025-02-19T06:54:58.671+0000] {dag.py:3036} INFO - Sync 1 DAGs
[2025-02-19T06:54:58.692+0000] {logging_mixin.py:188} INFO - [2025-02-19T06:54:58.692+0000] {dag.py:3823} INFO - Setting next_dagrun for example_time_delta_sensor_async to None, run_after=None
[2025-02-19T06:54:58.813+0000] {processor.py:183} INFO - Processing /home/airflow/.local/lib/python3.10/site-packages/airflow/example_dags/example_time_delta_sensor_async.py took 0.207 seconds
[2025-02-19T06:56:22.141+0000] {processor.py:161} INFO - Started process (PID=515) to work on /home/airflow/.local/lib/python3.10/site-packages/airflow/example_dags/example_time_delta_sensor_async.py
[2025-02-19T06:56:22.144+0000] {processor.py:830} INFO - Processing file /home/airflow/.local/lib/python3.10/site-packages/airflow/example_dags/example_time_delta_sensor_async.py for tasks to queue
[2025-02-19T06:56:22.147+0000] {logging_mixin.py:188} INFO - [2025-02-19T06:56:22.146+0000] {dagbag.py:538} INFO - Filling up the DagBag from /home/airflow/.local/lib/python3.10/site-packages/airflow/example_dags/example_time_delta_sensor_async.py
[2025-02-19T06:56:22.158+0000] {processor.py:840} INFO - DAG(s) 'example_time_delta_sensor_async' retrieved from /home/airflow/.local/lib/python3.10/site-packages/airflow/example_dags/example_time_delta_sensor_async.py
[2025-02-19T06:56:22.216+0000] {logging_mixin.py:188} INFO - [2025-02-19T06:56:22.215+0000] {dag.py:3036} INFO - Sync 1 DAGs
[2025-02-19T06:56:22.245+0000] {logging_mixin.py:188} INFO - [2025-02-19T06:56:22.245+0000] {dag.py:3823} INFO - Setting next_dagrun for example_time_delta_sensor_async to None, run_after=None
[2025-02-19T06:56:22.367+0000] {processor.py:183} INFO - Processing /home/airflow/.local/lib/python3.10/site-packages/airflow/example_dags/example_time_delta_sensor_async.py took 0.234 seconds
[2025-02-19T06:57:59.360+0000] {processor.py:161} INFO - Started process (PID=574) to work on /home/airflow/.local/lib/python3.10/site-packages/airflow/example_dags/example_time_delta_sensor_async.py
[2025-02-19T06:57:59.363+0000] {processor.py:830} INFO - Processing file /home/airflow/.local/lib/python3.10/site-packages/airflow/example_dags/example_time_delta_sensor_async.py for tasks to queue
[2025-02-19T06:57:59.366+0000] {logging_mixin.py:188} INFO - [2025-02-19T06:57:59.365+0000] {dagbag.py:538} INFO - Filling up the DagBag from /home/airflow/.local/lib/python3.10/site-packages/airflow/example_dags/example_time_delta_sensor_async.py
[2025-02-19T06:57:59.382+0000] {processor.py:840} INFO - DAG(s) 'example_time_delta_sensor_async' retrieved from /home/airflow/.local/lib/python3.10/site-packages/airflow/example_dags/example_time_delta_sensor_async.py
[2025-02-19T06:57:59.480+0000] {logging_mixin.py:188} INFO - [2025-02-19T06:57:59.479+0000] {dag.py:3036} INFO - Sync 1 DAGs
[2025-02-19T06:57:59.552+0000] {logging_mixin.py:188} INFO - [2025-02-19T06:57:59.551+0000] {dag.py:3823} INFO - Setting next_dagrun for example_time_delta_sensor_async to None, run_after=None
[2025-02-19T06:57:59.766+0000] {processor.py:183} INFO - Processing /home/airflow/.local/lib/python3.10/site-packages/airflow/example_dags/example_time_delta_sensor_async.py took 0.416 seconds
[2025-02-19T06:59:27.621+0000] {processor.py:161} INFO - Started process (PID=632) to work on /home/airflow/.local/lib/python3.10/site-packages/airflow/example_dags/example_time_delta_sensor_async.py
[2025-02-19T06:59:27.623+0000] {processor.py:830} INFO - Processing file /home/airflow/.local/lib/python3.10/site-packages/airflow/example_dags/example_time_delta_sensor_async.py for tasks to queue
[2025-02-19T06:59:27.626+0000] {logging_mixin.py:188} INFO - [2025-02-19T06:59:27.625+0000] {dagbag.py:538} INFO - Filling up the DagBag from /home/airflow/.local/lib/python3.10/site-packages/airflow/example_dags/example_time_delta_sensor_async.py
[2025-02-19T06:59:27.644+0000] {processor.py:840} INFO - DAG(s) 'example_time_delta_sensor_async' retrieved from /home/airflow/.local/lib/python3.10/site-packages/airflow/example_dags/example_time_delta_sensor_async.py
[2025-02-19T06:59:27.713+0000] {logging_mixin.py:188} INFO - [2025-02-19T06:59:27.713+0000] {dag.py:3036} INFO - Sync 1 DAGs
[2025-02-19T06:59:27.756+0000] {logging_mixin.py:188} INFO - [2025-02-19T06:59:27.755+0000] {dag.py:3823} INFO - Setting next_dagrun for example_time_delta_sensor_async to None, run_after=None
[2025-02-19T06:59:27.886+0000] {processor.py:183} INFO - Processing /home/airflow/.local/lib/python3.10/site-packages/airflow/example_dags/example_time_delta_sensor_async.py took 0.274 seconds
[2025-02-19T07:00:25.388+0000] {processor.py:161} INFO - Started process (PID=662) to work on /home/airflow/.local/lib/python3.10/site-packages/airflow/example_dags/example_time_delta_sensor_async.py
[2025-02-19T07:00:25.399+0000] {processor.py:830} INFO - Processing file /home/airflow/.local/lib/python3.10/site-packages/airflow/example_dags/example_time_delta_sensor_async.py for tasks to queue
[2025-02-19T07:00:25.403+0000] {logging_mixin.py:188} INFO - [2025-02-19T07:00:25.402+0000] {dagbag.py:538} INFO - Filling up the DagBag from /home/airflow/.local/lib/python3.10/site-packages/airflow/example_dags/example_time_delta_sensor_async.py
[2025-02-19T07:00:25.431+0000] {processor.py:840} INFO - DAG(s) 'example_time_delta_sensor_async' retrieved from /home/airflow/.local/lib/python3.10/site-packages/airflow/example_dags/example_time_delta_sensor_async.py
[2025-02-19T07:00:25.623+0000] {logging_mixin.py:188} INFO - [2025-02-19T07:00:25.623+0000] {dag.py:3036} INFO - Sync 1 DAGs
[2025-02-19T07:00:25.702+0000] {logging_mixin.py:188} INFO - [2025-02-19T07:00:25.701+0000] {dag.py:3823} INFO - Setting next_dagrun for example_time_delta_sensor_async to None, run_after=None
[2025-02-19T07:00:25.952+0000] {processor.py:183} INFO - Processing /home/airflow/.local/lib/python3.10/site-packages/airflow/example_dags/example_time_delta_sensor_async.py took 0.579 seconds
[2025-02-19T07:01:18.417+0000] {processor.py:161} INFO - Started process (PID=697) to work on /home/airflow/.local/lib/python3.10/site-packages/airflow/example_dags/example_time_delta_sensor_async.py
[2025-02-19T07:01:18.419+0000] {processor.py:830} INFO - Processing file /home/airflow/.local/lib/python3.10/site-packages/airflow/example_dags/example_time_delta_sensor_async.py for tasks to queue
[2025-02-19T07:01:18.422+0000] {logging_mixin.py:188} INFO - [2025-02-19T07:01:18.421+0000] {dagbag.py:538} INFO - Filling up the DagBag from /home/airflow/.local/lib/python3.10/site-packages/airflow/example_dags/example_time_delta_sensor_async.py
[2025-02-19T07:01:18.431+0000] {processor.py:840} INFO - DAG(s) 'example_time_delta_sensor_async' retrieved from /home/airflow/.local/lib/python3.10/site-packages/airflow/example_dags/example_time_delta_sensor_async.py
[2025-02-19T07:01:18.534+0000] {logging_mixin.py:188} INFO - [2025-02-19T07:01:18.534+0000] {dag.py:3036} INFO - Sync 1 DAGs
[2025-02-19T07:01:18.605+0000] {logging_mixin.py:188} INFO - [2025-02-19T07:01:18.604+0000] {dag.py:3823} INFO - Setting next_dagrun for example_time_delta_sensor_async to None, run_after=None
[2025-02-19T07:01:18.784+0000] {processor.py:183} INFO - Processing /home/airflow/.local/lib/python3.10/site-packages/airflow/example_dags/example_time_delta_sensor_async.py took 0.376 seconds
[2025-02-19T07:02:58.304+0000] {processor.py:161} INFO - Started process (PID=757) to work on /home/airflow/.local/lib/python3.10/site-packages/airflow/example_dags/example_time_delta_sensor_async.py
[2025-02-19T07:02:58.306+0000] {processor.py:830} INFO - Processing file /home/airflow/.local/lib/python3.10/site-packages/airflow/example_dags/example_time_delta_sensor_async.py for tasks to queue
[2025-02-19T07:02:58.308+0000] {logging_mixin.py:188} INFO - [2025-02-19T07:02:58.307+0000] {dagbag.py:538} INFO - Filling up the DagBag from /home/airflow/.local/lib/python3.10/site-packages/airflow/example_dags/example_time_delta_sensor_async.py
[2025-02-19T07:02:58.316+0000] {processor.py:840} INFO - DAG(s) 'example_time_delta_sensor_async' retrieved from /home/airflow/.local/lib/python3.10/site-packages/airflow/example_dags/example_time_delta_sensor_async.py
[2025-02-19T07:02:58.369+0000] {logging_mixin.py:188} INFO - [2025-02-19T07:02:58.369+0000] {dag.py:3036} INFO - Sync 1 DAGs
[2025-02-19T07:02:58.399+0000] {logging_mixin.py:188} INFO - [2025-02-19T07:02:58.399+0000] {dag.py:3823} INFO - Setting next_dagrun for example_time_delta_sensor_async to None, run_after=None
[2025-02-19T07:02:58.526+0000] {processor.py:183} INFO - Processing /home/airflow/.local/lib/python3.10/site-packages/airflow/example_dags/example_time_delta_sensor_async.py took 0.229 seconds
[2025-02-19T07:04:51.917+0000] {processor.py:161} INFO - Started process (PID=817) to work on /home/airflow/.local/lib/python3.10/site-packages/airflow/example_dags/example_time_delta_sensor_async.py
[2025-02-19T07:04:51.938+0000] {processor.py:830} INFO - Processing file /home/airflow/.local/lib/python3.10/site-packages/airflow/example_dags/example_time_delta_sensor_async.py for tasks to queue
[2025-02-19T07:04:51.941+0000] {logging_mixin.py:188} INFO - [2025-02-19T07:04:51.940+0000] {dagbag.py:538} INFO - Filling up the DagBag from /home/airflow/.local/lib/python3.10/site-packages/airflow/example_dags/example_time_delta_sensor_async.py
[2025-02-19T07:04:51.962+0000] {processor.py:840} INFO - DAG(s) 'example_time_delta_sensor_async' retrieved from /home/airflow/.local/lib/python3.10/site-packages/airflow/example_dags/example_time_delta_sensor_async.py
[2025-02-19T07:04:52.129+0000] {logging_mixin.py:188} INFO - [2025-02-19T07:04:52.129+0000] {dag.py:3036} INFO - Sync 1 DAGs
[2025-02-19T07:04:52.273+0000] {logging_mixin.py:188} INFO - [2025-02-19T07:04:52.273+0000] {dag.py:3823} INFO - Setting next_dagrun for example_time_delta_sensor_async to None, run_after=None
[2025-02-19T07:04:54.353+0000] {processor.py:183} INFO - Processing /home/airflow/.local/lib/python3.10/site-packages/airflow/example_dags/example_time_delta_sensor_async.py took 2.451 seconds
[2025-02-19T07:06:31.287+0000] {processor.py:161} INFO - Started process (PID=849) to work on /home/airflow/.local/lib/python3.10/site-packages/airflow/example_dags/example_time_delta_sensor_async.py
[2025-02-19T07:06:31.290+0000] {processor.py:830} INFO - Processing file /home/airflow/.local/lib/python3.10/site-packages/airflow/example_dags/example_time_delta_sensor_async.py for tasks to queue
[2025-02-19T07:06:31.298+0000] {logging_mixin.py:188} INFO - [2025-02-19T07:06:31.297+0000] {dagbag.py:538} INFO - Filling up the DagBag from /home/airflow/.local/lib/python3.10/site-packages/airflow/example_dags/example_time_delta_sensor_async.py
[2025-02-19T07:06:31.314+0000] {processor.py:840} INFO - DAG(s) 'example_time_delta_sensor_async' retrieved from /home/airflow/.local/lib/python3.10/site-packages/airflow/example_dags/example_time_delta_sensor_async.py
[2025-02-19T07:06:31.404+0000] {logging_mixin.py:188} INFO - [2025-02-19T07:06:31.403+0000] {dag.py:3036} INFO - Sync 1 DAGs
[2025-02-19T07:06:31.455+0000] {logging_mixin.py:188} INFO - [2025-02-19T07:06:31.454+0000] {dag.py:3823} INFO - Setting next_dagrun for example_time_delta_sensor_async to None, run_after=None
[2025-02-19T07:06:31.628+0000] {processor.py:183} INFO - Processing /home/airflow/.local/lib/python3.10/site-packages/airflow/example_dags/example_time_delta_sensor_async.py took 0.347 seconds
[2025-02-19T07:07:56.761+0000] {processor.py:161} INFO - Started process (PID=888) to work on /home/airflow/.local/lib/python3.10/site-packages/airflow/example_dags/example_time_delta_sensor_async.py
[2025-02-19T07:07:56.766+0000] {processor.py:830} INFO - Processing file /home/airflow/.local/lib/python3.10/site-packages/airflow/example_dags/example_time_delta_sensor_async.py for tasks to queue
[2025-02-19T07:07:56.770+0000] {logging_mixin.py:188} INFO - [2025-02-19T07:07:56.769+0000] {dagbag.py:538} INFO - Filling up the DagBag from /home/airflow/.local/lib/python3.10/site-packages/airflow/example_dags/example_time_delta_sensor_async.py
[2025-02-19T07:07:56.802+0000] {processor.py:840} INFO - DAG(s) 'example_time_delta_sensor_async' retrieved from /home/airflow/.local/lib/python3.10/site-packages/airflow/example_dags/example_time_delta_sensor_async.py
[2025-02-19T07:07:56.921+0000] {logging_mixin.py:188} INFO - [2025-02-19T07:07:56.921+0000] {dag.py:3036} INFO - Sync 1 DAGs
[2025-02-19T07:07:56.975+0000] {logging_mixin.py:188} INFO - [2025-02-19T07:07:56.974+0000] {dag.py:3823} INFO - Setting next_dagrun for example_time_delta_sensor_async to None, run_after=None
[2025-02-19T07:07:57.193+0000] {processor.py:183} INFO - Processing /home/airflow/.local/lib/python3.10/site-packages/airflow/example_dags/example_time_delta_sensor_async.py took 0.444 seconds
