[2025-02-19T05:55:37.392+0000] {processor.py:161} INFO - Started process (PID=41) to work on /home/airflow/.local/lib/python3.10/site-packages/airflow/example_dags/example_short_circuit_decorator.py
[2025-02-19T05:55:37.396+0000] {processor.py:830} INFO - Processing file /home/airflow/.local/lib/python3.10/site-packages/airflow/example_dags/example_short_circuit_decorator.py for tasks to queue
[2025-02-19T05:55:37.400+0000] {logging_mixin.py:188} INFO - [2025-02-19T05:55:37.399+0000] {dagbag.py:538} INFO - Filling up the DagBag from /home/airflow/.local/lib/python3.10/site-packages/airflow/example_dags/example_short_circuit_decorator.py
[2025-02-19T05:55:37.461+0000] {processor.py:840} INFO - DAG(s) 'example_short_circuit_decorator' retrieved from /home/airflow/.local/lib/python3.10/site-packages/airflow/example_dags/example_short_circuit_decorator.py
[2025-02-19T05:55:37.641+0000] {logging_mixin.py:188} INFO - [2025-02-19T05:55:37.641+0000] {dag.py:3036} INFO - Sync 1 DAGs
[2025-02-19T05:55:37.756+0000] {logging_mixin.py:188} INFO - [2025-02-19T05:55:37.755+0000] {dag.py:3823} INFO - Setting next_dagrun for example_short_circuit_decorator to 2025-02-18 00:00:00+00:00, run_after=2025-02-19 00:00:00+00:00
[2025-02-19T05:55:37.989+0000] {processor.py:183} INFO - Processing /home/airflow/.local/lib/python3.10/site-packages/airflow/example_dags/example_short_circuit_decorator.py took 0.616 seconds
[2025-02-19T05:58:07.777+0000] {processor.py:161} INFO - Started process (PID=90) to work on /home/airflow/.local/lib/python3.10/site-packages/airflow/example_dags/example_short_circuit_decorator.py
[2025-02-19T05:58:07.781+0000] {processor.py:830} INFO - Processing file /home/airflow/.local/lib/python3.10/site-packages/airflow/example_dags/example_short_circuit_decorator.py for tasks to queue
[2025-02-19T05:58:07.785+0000] {logging_mixin.py:188} INFO - [2025-02-19T05:58:07.784+0000] {dagbag.py:538} INFO - Filling up the DagBag from /home/airflow/.local/lib/python3.10/site-packages/airflow/example_dags/example_short_circuit_decorator.py
[2025-02-19T05:58:07.847+0000] {processor.py:840} INFO - DAG(s) 'example_short_circuit_decorator' retrieved from /home/airflow/.local/lib/python3.10/site-packages/airflow/example_dags/example_short_circuit_decorator.py
[2025-02-19T05:58:08.000+0000] {logging_mixin.py:188} INFO - [2025-02-19T05:58:08.000+0000] {dag.py:3036} INFO - Sync 1 DAGs
[2025-02-19T05:58:08.122+0000] {logging_mixin.py:188} INFO - [2025-02-19T05:58:08.121+0000] {dag.py:3823} INFO - Setting next_dagrun for example_short_circuit_decorator to 2025-02-18 00:00:00+00:00, run_after=2025-02-19 00:00:00+00:00
[2025-02-19T05:58:08.308+0000] {processor.py:183} INFO - Processing /home/airflow/.local/lib/python3.10/site-packages/airflow/example_dags/example_short_circuit_decorator.py took 0.542 seconds
[2025-02-19T05:59:37.880+0000] {processor.py:161} INFO - Started process (PID=136) to work on /home/airflow/.local/lib/python3.10/site-packages/airflow/example_dags/example_short_circuit_decorator.py
[2025-02-19T05:59:37.883+0000] {processor.py:830} INFO - Processing file /home/airflow/.local/lib/python3.10/site-packages/airflow/example_dags/example_short_circuit_decorator.py for tasks to queue
[2025-02-19T05:59:37.886+0000] {logging_mixin.py:188} INFO - [2025-02-19T05:59:37.885+0000] {dagbag.py:538} INFO - Filling up the DagBag from /home/airflow/.local/lib/python3.10/site-packages/airflow/example_dags/example_short_circuit_decorator.py
[2025-02-19T05:59:37.930+0000] {processor.py:840} INFO - DAG(s) 'example_short_circuit_decorator' retrieved from /home/airflow/.local/lib/python3.10/site-packages/airflow/example_dags/example_short_circuit_decorator.py
[2025-02-19T05:59:38.022+0000] {logging_mixin.py:188} INFO - [2025-02-19T05:59:38.022+0000] {dag.py:3036} INFO - Sync 1 DAGs
[2025-02-19T05:59:38.128+0000] {logging_mixin.py:188} INFO - [2025-02-19T05:59:38.127+0000] {dag.py:3823} INFO - Setting next_dagrun for example_short_circuit_decorator to 2025-02-18 00:00:00+00:00, run_after=2025-02-19 00:00:00+00:00
[2025-02-19T05:59:38.281+0000] {processor.py:183} INFO - Processing /home/airflow/.local/lib/python3.10/site-packages/airflow/example_dags/example_short_circuit_decorator.py took 0.418 seconds
[2025-02-19T06:00:37.716+0000] {processor.py:161} INFO - Started process (PID=168) to work on /home/airflow/.local/lib/python3.10/site-packages/airflow/example_dags/example_short_circuit_decorator.py
[2025-02-19T06:00:37.721+0000] {processor.py:830} INFO - Processing file /home/airflow/.local/lib/python3.10/site-packages/airflow/example_dags/example_short_circuit_decorator.py for tasks to queue
[2025-02-19T06:00:37.724+0000] {logging_mixin.py:188} INFO - [2025-02-19T06:00:37.723+0000] {dagbag.py:538} INFO - Filling up the DagBag from /home/airflow/.local/lib/python3.10/site-packages/airflow/example_dags/example_short_circuit_decorator.py
[2025-02-19T06:00:37.763+0000] {processor.py:840} INFO - DAG(s) 'example_short_circuit_decorator' retrieved from /home/airflow/.local/lib/python3.10/site-packages/airflow/example_dags/example_short_circuit_decorator.py
[2025-02-19T06:00:37.869+0000] {logging_mixin.py:188} INFO - [2025-02-19T06:00:37.868+0000] {dag.py:3036} INFO - Sync 1 DAGs
[2025-02-19T06:00:37.970+0000] {logging_mixin.py:188} INFO - [2025-02-19T06:00:37.969+0000] {dag.py:3823} INFO - Setting next_dagrun for example_short_circuit_decorator to 2025-02-18 00:00:00+00:00, run_after=2025-02-19 00:00:00+00:00
[2025-02-19T06:00:38.203+0000] {processor.py:183} INFO - Processing /home/airflow/.local/lib/python3.10/site-packages/airflow/example_dags/example_short_circuit_decorator.py took 0.497 seconds
[2025-02-19T06:01:36.994+0000] {processor.py:161} INFO - Started process (PID=202) to work on /home/airflow/.local/lib/python3.10/site-packages/airflow/example_dags/example_short_circuit_decorator.py
[2025-02-19T06:01:36.998+0000] {processor.py:830} INFO - Processing file /home/airflow/.local/lib/python3.10/site-packages/airflow/example_dags/example_short_circuit_decorator.py for tasks to queue
[2025-02-19T06:01:37.002+0000] {logging_mixin.py:188} INFO - [2025-02-19T06:01:37.000+0000] {dagbag.py:538} INFO - Filling up the DagBag from /home/airflow/.local/lib/python3.10/site-packages/airflow/example_dags/example_short_circuit_decorator.py
[2025-02-19T06:01:37.071+0000] {processor.py:840} INFO - DAG(s) 'example_short_circuit_decorator' retrieved from /home/airflow/.local/lib/python3.10/site-packages/airflow/example_dags/example_short_circuit_decorator.py
[2025-02-19T06:01:37.204+0000] {logging_mixin.py:188} INFO - [2025-02-19T06:01:37.204+0000] {dag.py:3036} INFO - Sync 1 DAGs
[2025-02-19T06:01:37.333+0000] {logging_mixin.py:188} INFO - [2025-02-19T06:01:37.332+0000] {dag.py:3823} INFO - Setting next_dagrun for example_short_circuit_decorator to 2025-02-18 00:00:00+00:00, run_after=2025-02-19 00:00:00+00:00
[2025-02-19T06:01:37.564+0000] {processor.py:183} INFO - Processing /home/airflow/.local/lib/python3.10/site-packages/airflow/example_dags/example_short_circuit_decorator.py took 0.589 seconds
[2025-02-19T06:02:35.615+0000] {processor.py:161} INFO - Started process (PID=234) to work on /home/airflow/.local/lib/python3.10/site-packages/airflow/example_dags/example_short_circuit_decorator.py
[2025-02-19T06:02:35.618+0000] {processor.py:830} INFO - Processing file /home/airflow/.local/lib/python3.10/site-packages/airflow/example_dags/example_short_circuit_decorator.py for tasks to queue
[2025-02-19T06:02:35.620+0000] {logging_mixin.py:188} INFO - [2025-02-19T06:02:35.619+0000] {dagbag.py:538} INFO - Filling up the DagBag from /home/airflow/.local/lib/python3.10/site-packages/airflow/example_dags/example_short_circuit_decorator.py
[2025-02-19T06:02:35.644+0000] {processor.py:840} INFO - DAG(s) 'example_short_circuit_decorator' retrieved from /home/airflow/.local/lib/python3.10/site-packages/airflow/example_dags/example_short_circuit_decorator.py
[2025-02-19T06:02:35.764+0000] {logging_mixin.py:188} INFO - [2025-02-19T06:02:35.764+0000] {dag.py:3036} INFO - Sync 1 DAGs
[2025-02-19T06:02:35.897+0000] {logging_mixin.py:188} INFO - [2025-02-19T06:02:35.896+0000] {dag.py:3823} INFO - Setting next_dagrun for example_short_circuit_decorator to 2025-02-18 00:00:00+00:00, run_after=2025-02-19 00:00:00+00:00
[2025-02-19T06:02:36.050+0000] {processor.py:183} INFO - Processing /home/airflow/.local/lib/python3.10/site-packages/airflow/example_dags/example_short_circuit_decorator.py took 0.440 seconds
[2025-02-19T06:03:28.749+0000] {processor.py:161} INFO - Started process (PID=268) to work on /home/airflow/.local/lib/python3.10/site-packages/airflow/example_dags/example_short_circuit_decorator.py
[2025-02-19T06:03:28.752+0000] {processor.py:830} INFO - Processing file /home/airflow/.local/lib/python3.10/site-packages/airflow/example_dags/example_short_circuit_decorator.py for tasks to queue
[2025-02-19T06:03:28.755+0000] {logging_mixin.py:188} INFO - [2025-02-19T06:03:28.754+0000] {dagbag.py:538} INFO - Filling up the DagBag from /home/airflow/.local/lib/python3.10/site-packages/airflow/example_dags/example_short_circuit_decorator.py
[2025-02-19T06:03:28.812+0000] {processor.py:840} INFO - DAG(s) 'example_short_circuit_decorator' retrieved from /home/airflow/.local/lib/python3.10/site-packages/airflow/example_dags/example_short_circuit_decorator.py
[2025-02-19T06:03:28.934+0000] {logging_mixin.py:188} INFO - [2025-02-19T06:03:28.933+0000] {dag.py:3036} INFO - Sync 1 DAGs
[2025-02-19T06:03:29.078+0000] {logging_mixin.py:188} INFO - [2025-02-19T06:03:29.077+0000] {dag.py:3823} INFO - Setting next_dagrun for example_short_circuit_decorator to 2025-02-18 00:00:00+00:00, run_after=2025-02-19 00:00:00+00:00
[2025-02-19T06:03:29.249+0000] {processor.py:183} INFO - Processing /home/airflow/.local/lib/python3.10/site-packages/airflow/example_dags/example_short_circuit_decorator.py took 0.529 seconds
[2025-02-19T06:05:09.171+0000] {processor.py:161} INFO - Started process (PID=329) to work on /home/airflow/.local/lib/python3.10/site-packages/airflow/example_dags/example_short_circuit_decorator.py
[2025-02-19T06:05:09.174+0000] {processor.py:830} INFO - Processing file /home/airflow/.local/lib/python3.10/site-packages/airflow/example_dags/example_short_circuit_decorator.py for tasks to queue
[2025-02-19T06:05:09.176+0000] {logging_mixin.py:188} INFO - [2025-02-19T06:05:09.175+0000] {dagbag.py:538} INFO - Filling up the DagBag from /home/airflow/.local/lib/python3.10/site-packages/airflow/example_dags/example_short_circuit_decorator.py
[2025-02-19T06:05:09.209+0000] {processor.py:840} INFO - DAG(s) 'example_short_circuit_decorator' retrieved from /home/airflow/.local/lib/python3.10/site-packages/airflow/example_dags/example_short_circuit_decorator.py
[2025-02-19T06:05:09.270+0000] {logging_mixin.py:188} INFO - [2025-02-19T06:05:09.270+0000] {dag.py:3036} INFO - Sync 1 DAGs
[2025-02-19T06:05:09.332+0000] {logging_mixin.py:188} INFO - [2025-02-19T06:05:09.332+0000] {dag.py:3823} INFO - Setting next_dagrun for example_short_circuit_decorator to 2025-02-18 00:00:00+00:00, run_after=2025-02-19 00:00:00+00:00
[2025-02-19T06:05:09.462+0000] {processor.py:183} INFO - Processing /home/airflow/.local/lib/python3.10/site-packages/airflow/example_dags/example_short_circuit_decorator.py took 0.295 seconds
[2025-02-19T06:06:02.389+0000] {processor.py:161} INFO - Started process (PID=361) to work on /home/airflow/.local/lib/python3.10/site-packages/airflow/example_dags/example_short_circuit_decorator.py
[2025-02-19T06:06:02.400+0000] {processor.py:830} INFO - Processing file /home/airflow/.local/lib/python3.10/site-packages/airflow/example_dags/example_short_circuit_decorator.py for tasks to queue
[2025-02-19T06:06:02.403+0000] {logging_mixin.py:188} INFO - [2025-02-19T06:06:02.402+0000] {dagbag.py:538} INFO - Filling up the DagBag from /home/airflow/.local/lib/python3.10/site-packages/airflow/example_dags/example_short_circuit_decorator.py
[2025-02-19T06:06:02.451+0000] {processor.py:840} INFO - DAG(s) 'example_short_circuit_decorator' retrieved from /home/airflow/.local/lib/python3.10/site-packages/airflow/example_dags/example_short_circuit_decorator.py
[2025-02-19T06:06:02.587+0000] {logging_mixin.py:188} INFO - [2025-02-19T06:06:02.586+0000] {dag.py:3036} INFO - Sync 1 DAGs
[2025-02-19T06:06:02.753+0000] {logging_mixin.py:188} INFO - [2025-02-19T06:06:02.752+0000] {dag.py:3823} INFO - Setting next_dagrun for example_short_circuit_decorator to 2025-02-18 00:00:00+00:00, run_after=2025-02-19 00:00:00+00:00
[2025-02-19T06:06:03.785+0000] {processor.py:183} INFO - Processing /home/airflow/.local/lib/python3.10/site-packages/airflow/example_dags/example_short_circuit_decorator.py took 1.405 seconds
[2025-02-19T06:07:19.977+0000] {processor.py:161} INFO - Started process (PID=393) to work on /home/airflow/.local/lib/python3.10/site-packages/airflow/example_dags/example_short_circuit_decorator.py
[2025-02-19T06:07:19.980+0000] {processor.py:830} INFO - Processing file /home/airflow/.local/lib/python3.10/site-packages/airflow/example_dags/example_short_circuit_decorator.py for tasks to queue
[2025-02-19T06:07:20.001+0000] {logging_mixin.py:188} INFO - [2025-02-19T06:07:20.000+0000] {dagbag.py:538} INFO - Filling up the DagBag from /home/airflow/.local/lib/python3.10/site-packages/airflow/example_dags/example_short_circuit_decorator.py
[2025-02-19T06:07:20.049+0000] {processor.py:840} INFO - DAG(s) 'example_short_circuit_decorator' retrieved from /home/airflow/.local/lib/python3.10/site-packages/airflow/example_dags/example_short_circuit_decorator.py
[2025-02-19T06:07:20.182+0000] {logging_mixin.py:188} INFO - [2025-02-19T06:07:20.181+0000] {dag.py:3036} INFO - Sync 1 DAGs
[2025-02-19T06:07:20.322+0000] {logging_mixin.py:188} INFO - [2025-02-19T06:07:20.321+0000] {dag.py:3823} INFO - Setting next_dagrun for example_short_circuit_decorator to 2025-02-18 00:00:00+00:00, run_after=2025-02-19 00:00:00+00:00
[2025-02-19T06:07:20.538+0000] {processor.py:183} INFO - Processing /home/airflow/.local/lib/python3.10/site-packages/airflow/example_dags/example_short_circuit_decorator.py took 0.578 seconds
[2025-02-19T06:08:20.168+0000] {processor.py:161} INFO - Started process (PID=427) to work on /home/airflow/.local/lib/python3.10/site-packages/airflow/example_dags/example_short_circuit_decorator.py
[2025-02-19T06:08:20.178+0000] {processor.py:830} INFO - Processing file /home/airflow/.local/lib/python3.10/site-packages/airflow/example_dags/example_short_circuit_decorator.py for tasks to queue
[2025-02-19T06:08:20.182+0000] {logging_mixin.py:188} INFO - [2025-02-19T06:08:20.181+0000] {dagbag.py:538} INFO - Filling up the DagBag from /home/airflow/.local/lib/python3.10/site-packages/airflow/example_dags/example_short_circuit_decorator.py
[2025-02-19T06:08:20.239+0000] {processor.py:840} INFO - DAG(s) 'example_short_circuit_decorator' retrieved from /home/airflow/.local/lib/python3.10/site-packages/airflow/example_dags/example_short_circuit_decorator.py
[2025-02-19T06:08:20.391+0000] {logging_mixin.py:188} INFO - [2025-02-19T06:08:20.388+0000] {dag.py:3036} INFO - Sync 1 DAGs
[2025-02-19T06:08:20.494+0000] {logging_mixin.py:188} INFO - [2025-02-19T06:08:20.493+0000] {dag.py:3823} INFO - Setting next_dagrun for example_short_circuit_decorator to 2025-02-18 00:00:00+00:00, run_after=2025-02-19 00:00:00+00:00
[2025-02-19T06:08:20.732+0000] {processor.py:183} INFO - Processing /home/airflow/.local/lib/python3.10/site-packages/airflow/example_dags/example_short_circuit_decorator.py took 0.574 seconds
[2025-02-19T06:09:13.671+0000] {processor.py:161} INFO - Started process (PID=459) to work on /home/airflow/.local/lib/python3.10/site-packages/airflow/example_dags/example_short_circuit_decorator.py
[2025-02-19T06:09:13.673+0000] {processor.py:830} INFO - Processing file /home/airflow/.local/lib/python3.10/site-packages/airflow/example_dags/example_short_circuit_decorator.py for tasks to queue
[2025-02-19T06:09:13.682+0000] {logging_mixin.py:188} INFO - [2025-02-19T06:09:13.680+0000] {dagbag.py:538} INFO - Filling up the DagBag from /home/airflow/.local/lib/python3.10/site-packages/airflow/example_dags/example_short_circuit_decorator.py
[2025-02-19T06:09:13.729+0000] {processor.py:840} INFO - DAG(s) 'example_short_circuit_decorator' retrieved from /home/airflow/.local/lib/python3.10/site-packages/airflow/example_dags/example_short_circuit_decorator.py
[2025-02-19T06:09:13.831+0000] {logging_mixin.py:188} INFO - [2025-02-19T06:09:13.830+0000] {dag.py:3036} INFO - Sync 1 DAGs
[2025-02-19T06:09:13.920+0000] {logging_mixin.py:188} INFO - [2025-02-19T06:09:13.919+0000] {dag.py:3823} INFO - Setting next_dagrun for example_short_circuit_decorator to 2025-02-18 00:00:00+00:00, run_after=2025-02-19 00:00:00+00:00
[2025-02-19T06:09:14.105+0000] {processor.py:183} INFO - Processing /home/airflow/.local/lib/python3.10/site-packages/airflow/example_dags/example_short_circuit_decorator.py took 0.442 seconds
[2025-02-19T06:10:04.023+0000] {processor.py:161} INFO - Started process (PID=490) to work on /home/airflow/.local/lib/python3.10/site-packages/airflow/example_dags/example_short_circuit_decorator.py
[2025-02-19T06:10:04.026+0000] {processor.py:830} INFO - Processing file /home/airflow/.local/lib/python3.10/site-packages/airflow/example_dags/example_short_circuit_decorator.py for tasks to queue
[2025-02-19T06:10:04.030+0000] {logging_mixin.py:188} INFO - [2025-02-19T06:10:04.028+0000] {dagbag.py:538} INFO - Filling up the DagBag from /home/airflow/.local/lib/python3.10/site-packages/airflow/example_dags/example_short_circuit_decorator.py
[2025-02-19T06:10:04.057+0000] {processor.py:840} INFO - DAG(s) 'example_short_circuit_decorator' retrieved from /home/airflow/.local/lib/python3.10/site-packages/airflow/example_dags/example_short_circuit_decorator.py
[2025-02-19T06:10:04.145+0000] {logging_mixin.py:188} INFO - [2025-02-19T06:10:04.144+0000] {dag.py:3036} INFO - Sync 1 DAGs
[2025-02-19T06:10:04.216+0000] {logging_mixin.py:188} INFO - [2025-02-19T06:10:04.215+0000] {dag.py:3823} INFO - Setting next_dagrun for example_short_circuit_decorator to 2025-02-18 00:00:00+00:00, run_after=2025-02-19 00:00:00+00:00
[2025-02-19T06:10:04.356+0000] {processor.py:183} INFO - Processing /home/airflow/.local/lib/python3.10/site-packages/airflow/example_dags/example_short_circuit_decorator.py took 0.340 seconds
[2025-02-19T06:10:59.875+0000] {processor.py:161} INFO - Started process (PID=522) to work on /home/airflow/.local/lib/python3.10/site-packages/airflow/example_dags/example_short_circuit_decorator.py
[2025-02-19T06:10:59.886+0000] {processor.py:830} INFO - Processing file /home/airflow/.local/lib/python3.10/site-packages/airflow/example_dags/example_short_circuit_decorator.py for tasks to queue
[2025-02-19T06:10:59.890+0000] {logging_mixin.py:188} INFO - [2025-02-19T06:10:59.889+0000] {dagbag.py:538} INFO - Filling up the DagBag from /home/airflow/.local/lib/python3.10/site-packages/airflow/example_dags/example_short_circuit_decorator.py
[2025-02-19T06:10:59.933+0000] {processor.py:840} INFO - DAG(s) 'example_short_circuit_decorator' retrieved from /home/airflow/.local/lib/python3.10/site-packages/airflow/example_dags/example_short_circuit_decorator.py
[2025-02-19T06:11:00.061+0000] {logging_mixin.py:188} INFO - [2025-02-19T06:11:00.060+0000] {dag.py:3036} INFO - Sync 1 DAGs
[2025-02-19T06:11:00.189+0000] {logging_mixin.py:188} INFO - [2025-02-19T06:11:00.188+0000] {dag.py:3823} INFO - Setting next_dagrun for example_short_circuit_decorator to 2025-02-18 00:00:00+00:00, run_after=2025-02-19 00:00:00+00:00
[2025-02-19T06:11:00.409+0000] {processor.py:183} INFO - Processing /home/airflow/.local/lib/python3.10/site-packages/airflow/example_dags/example_short_circuit_decorator.py took 0.542 seconds
[2025-02-19T06:12:49.351+0000] {processor.py:161} INFO - Started process (PID=584) to work on /home/airflow/.local/lib/python3.10/site-packages/airflow/example_dags/example_short_circuit_decorator.py
[2025-02-19T06:12:49.357+0000] {processor.py:830} INFO - Processing file /home/airflow/.local/lib/python3.10/site-packages/airflow/example_dags/example_short_circuit_decorator.py for tasks to queue
[2025-02-19T06:12:49.366+0000] {logging_mixin.py:188} INFO - [2025-02-19T06:12:49.365+0000] {dagbag.py:538} INFO - Filling up the DagBag from /home/airflow/.local/lib/python3.10/site-packages/airflow/example_dags/example_short_circuit_decorator.py
[2025-02-19T06:12:49.410+0000] {processor.py:840} INFO - DAG(s) 'example_short_circuit_decorator' retrieved from /home/airflow/.local/lib/python3.10/site-packages/airflow/example_dags/example_short_circuit_decorator.py
[2025-02-19T06:12:49.532+0000] {logging_mixin.py:188} INFO - [2025-02-19T06:12:49.531+0000] {dag.py:3036} INFO - Sync 1 DAGs
[2025-02-19T06:12:49.624+0000] {logging_mixin.py:188} INFO - [2025-02-19T06:12:49.624+0000] {dag.py:3823} INFO - Setting next_dagrun for example_short_circuit_decorator to 2025-02-18 00:00:00+00:00, run_after=2025-02-19 00:00:00+00:00
[2025-02-19T06:12:49.791+0000] {processor.py:183} INFO - Processing /home/airflow/.local/lib/python3.10/site-packages/airflow/example_dags/example_short_circuit_decorator.py took 0.458 seconds
[2025-02-19T06:13:44.497+0000] {processor.py:161} INFO - Started process (PID=618) to work on /home/airflow/.local/lib/python3.10/site-packages/airflow/example_dags/example_short_circuit_decorator.py
[2025-02-19T06:13:44.499+0000] {processor.py:830} INFO - Processing file /home/airflow/.local/lib/python3.10/site-packages/airflow/example_dags/example_short_circuit_decorator.py for tasks to queue
[2025-02-19T06:13:44.502+0000] {logging_mixin.py:188} INFO - [2025-02-19T06:13:44.501+0000] {dagbag.py:538} INFO - Filling up the DagBag from /home/airflow/.local/lib/python3.10/site-packages/airflow/example_dags/example_short_circuit_decorator.py
[2025-02-19T06:13:44.525+0000] {processor.py:840} INFO - DAG(s) 'example_short_circuit_decorator' retrieved from /home/airflow/.local/lib/python3.10/site-packages/airflow/example_dags/example_short_circuit_decorator.py
[2025-02-19T06:13:44.594+0000] {logging_mixin.py:188} INFO - [2025-02-19T06:13:44.593+0000] {dag.py:3036} INFO - Sync 1 DAGs
[2025-02-19T06:13:44.653+0000] {logging_mixin.py:188} INFO - [2025-02-19T06:13:44.652+0000] {dag.py:3823} INFO - Setting next_dagrun for example_short_circuit_decorator to 2025-02-18 00:00:00+00:00, run_after=2025-02-19 00:00:00+00:00
[2025-02-19T06:13:44.781+0000] {processor.py:183} INFO - Processing /home/airflow/.local/lib/python3.10/site-packages/airflow/example_dags/example_short_circuit_decorator.py took 0.292 seconds
[2025-02-19T06:15:17.256+0000] {processor.py:161} INFO - Started process (PID=678) to work on /home/airflow/.local/lib/python3.10/site-packages/airflow/example_dags/example_short_circuit_decorator.py
[2025-02-19T06:15:17.273+0000] {processor.py:830} INFO - Processing file /home/airflow/.local/lib/python3.10/site-packages/airflow/example_dags/example_short_circuit_decorator.py for tasks to queue
[2025-02-19T06:15:17.278+0000] {logging_mixin.py:188} INFO - [2025-02-19T06:15:17.277+0000] {dagbag.py:538} INFO - Filling up the DagBag from /home/airflow/.local/lib/python3.10/site-packages/airflow/example_dags/example_short_circuit_decorator.py
[2025-02-19T06:15:17.325+0000] {processor.py:840} INFO - DAG(s) 'example_short_circuit_decorator' retrieved from /home/airflow/.local/lib/python3.10/site-packages/airflow/example_dags/example_short_circuit_decorator.py
[2025-02-19T06:15:17.458+0000] {logging_mixin.py:188} INFO - [2025-02-19T06:15:17.457+0000] {dag.py:3036} INFO - Sync 1 DAGs
[2025-02-19T06:15:17.554+0000] {logging_mixin.py:188} INFO - [2025-02-19T06:15:17.554+0000] {dag.py:3823} INFO - Setting next_dagrun for example_short_circuit_decorator to 2025-02-18 00:00:00+00:00, run_after=2025-02-19 00:00:00+00:00
[2025-02-19T06:15:17.681+0000] {processor.py:183} INFO - Processing /home/airflow/.local/lib/python3.10/site-packages/airflow/example_dags/example_short_circuit_decorator.py took 0.435 seconds
[2025-02-19T06:17:09.858+0000] {processor.py:161} INFO - Started process (PID=739) to work on /home/airflow/.local/lib/python3.10/site-packages/airflow/example_dags/example_short_circuit_decorator.py
[2025-02-19T06:17:09.864+0000] {processor.py:830} INFO - Processing file /home/airflow/.local/lib/python3.10/site-packages/airflow/example_dags/example_short_circuit_decorator.py for tasks to queue
[2025-02-19T06:17:09.867+0000] {logging_mixin.py:188} INFO - [2025-02-19T06:17:09.866+0000] {dagbag.py:538} INFO - Filling up the DagBag from /home/airflow/.local/lib/python3.10/site-packages/airflow/example_dags/example_short_circuit_decorator.py
[2025-02-19T06:17:09.915+0000] {processor.py:840} INFO - DAG(s) 'example_short_circuit_decorator' retrieved from /home/airflow/.local/lib/python3.10/site-packages/airflow/example_dags/example_short_circuit_decorator.py
[2025-02-19T06:17:10.017+0000] {logging_mixin.py:188} INFO - [2025-02-19T06:17:10.016+0000] {dag.py:3036} INFO - Sync 1 DAGs
[2025-02-19T06:17:10.099+0000] {logging_mixin.py:188} INFO - [2025-02-19T06:17:10.098+0000] {dag.py:3823} INFO - Setting next_dagrun for example_short_circuit_decorator to 2025-02-18 00:00:00+00:00, run_after=2025-02-19 00:00:00+00:00
[2025-02-19T06:17:10.343+0000] {processor.py:183} INFO - Processing /home/airflow/.local/lib/python3.10/site-packages/airflow/example_dags/example_short_circuit_decorator.py took 0.504 seconds
[2025-02-19T06:18:09.308+0000] {processor.py:161} INFO - Started process (PID=776) to work on /home/airflow/.local/lib/python3.10/site-packages/airflow/example_dags/example_short_circuit_decorator.py
[2025-02-19T06:18:09.316+0000] {processor.py:830} INFO - Processing file /home/airflow/.local/lib/python3.10/site-packages/airflow/example_dags/example_short_circuit_decorator.py for tasks to queue
[2025-02-19T06:18:09.319+0000] {logging_mixin.py:188} INFO - [2025-02-19T06:18:09.318+0000] {dagbag.py:538} INFO - Filling up the DagBag from /home/airflow/.local/lib/python3.10/site-packages/airflow/example_dags/example_short_circuit_decorator.py
[2025-02-19T06:18:09.340+0000] {processor.py:840} INFO - DAG(s) 'example_short_circuit_decorator' retrieved from /home/airflow/.local/lib/python3.10/site-packages/airflow/example_dags/example_short_circuit_decorator.py
[2025-02-19T06:18:09.404+0000] {logging_mixin.py:188} INFO - [2025-02-19T06:18:09.404+0000] {dag.py:3036} INFO - Sync 1 DAGs
[2025-02-19T06:18:09.457+0000] {logging_mixin.py:188} INFO - [2025-02-19T06:18:09.456+0000] {dag.py:3823} INFO - Setting next_dagrun for example_short_circuit_decorator to 2025-02-18 00:00:00+00:00, run_after=2025-02-19 00:00:00+00:00
[2025-02-19T06:18:09.593+0000] {processor.py:183} INFO - Processing /home/airflow/.local/lib/python3.10/site-packages/airflow/example_dags/example_short_circuit_decorator.py took 0.293 seconds
[2025-02-19T06:19:40.793+0000] {processor.py:161} INFO - Started process (PID=835) to work on /home/airflow/.local/lib/python3.10/site-packages/airflow/example_dags/example_short_circuit_decorator.py
[2025-02-19T06:19:40.796+0000] {processor.py:830} INFO - Processing file /home/airflow/.local/lib/python3.10/site-packages/airflow/example_dags/example_short_circuit_decorator.py for tasks to queue
[2025-02-19T06:19:40.799+0000] {logging_mixin.py:188} INFO - [2025-02-19T06:19:40.798+0000] {dagbag.py:538} INFO - Filling up the DagBag from /home/airflow/.local/lib/python3.10/site-packages/airflow/example_dags/example_short_circuit_decorator.py
[2025-02-19T06:19:40.843+0000] {processor.py:840} INFO - DAG(s) 'example_short_circuit_decorator' retrieved from /home/airflow/.local/lib/python3.10/site-packages/airflow/example_dags/example_short_circuit_decorator.py
[2025-02-19T06:19:40.941+0000] {logging_mixin.py:188} INFO - [2025-02-19T06:19:40.940+0000] {dag.py:3036} INFO - Sync 1 DAGs
[2025-02-19T06:19:41.036+0000] {logging_mixin.py:188} INFO - [2025-02-19T06:19:41.036+0000] {dag.py:3823} INFO - Setting next_dagrun for example_short_circuit_decorator to 2025-02-18 00:00:00+00:00, run_after=2025-02-19 00:00:00+00:00
[2025-02-19T06:19:41.173+0000] {processor.py:183} INFO - Processing /home/airflow/.local/lib/python3.10/site-packages/airflow/example_dags/example_short_circuit_decorator.py took 0.397 seconds
[2025-02-19T06:21:23.519+0000] {processor.py:161} INFO - Started process (PID=896) to work on /home/airflow/.local/lib/python3.10/site-packages/airflow/example_dags/example_short_circuit_decorator.py
[2025-02-19T06:21:23.522+0000] {processor.py:830} INFO - Processing file /home/airflow/.local/lib/python3.10/site-packages/airflow/example_dags/example_short_circuit_decorator.py for tasks to queue
[2025-02-19T06:21:23.525+0000] {logging_mixin.py:188} INFO - [2025-02-19T06:21:23.523+0000] {dagbag.py:538} INFO - Filling up the DagBag from /home/airflow/.local/lib/python3.10/site-packages/airflow/example_dags/example_short_circuit_decorator.py
[2025-02-19T06:21:23.586+0000] {processor.py:840} INFO - DAG(s) 'example_short_circuit_decorator' retrieved from /home/airflow/.local/lib/python3.10/site-packages/airflow/example_dags/example_short_circuit_decorator.py
[2025-02-19T06:21:23.709+0000] {logging_mixin.py:188} INFO - [2025-02-19T06:21:23.709+0000] {dag.py:3036} INFO - Sync 1 DAGs
[2025-02-19T06:21:23.806+0000] {logging_mixin.py:188} INFO - [2025-02-19T06:21:23.805+0000] {dag.py:3823} INFO - Setting next_dagrun for example_short_circuit_decorator to 2025-02-18 00:00:00+00:00, run_after=2025-02-19 00:00:00+00:00
[2025-02-19T06:21:23.963+0000] {processor.py:183} INFO - Processing /home/airflow/.local/lib/python3.10/site-packages/airflow/example_dags/example_short_circuit_decorator.py took 0.458 seconds
[2025-02-19T06:22:27.285+0000] {processor.py:161} INFO - Started process (PID=928) to work on /home/airflow/.local/lib/python3.10/site-packages/airflow/example_dags/example_short_circuit_decorator.py
[2025-02-19T06:22:27.297+0000] {processor.py:830} INFO - Processing file /home/airflow/.local/lib/python3.10/site-packages/airflow/example_dags/example_short_circuit_decorator.py for tasks to queue
[2025-02-19T06:22:27.300+0000] {logging_mixin.py:188} INFO - [2025-02-19T06:22:27.299+0000] {dagbag.py:538} INFO - Filling up the DagBag from /home/airflow/.local/lib/python3.10/site-packages/airflow/example_dags/example_short_circuit_decorator.py
[2025-02-19T06:22:27.377+0000] {processor.py:840} INFO - DAG(s) 'example_short_circuit_decorator' retrieved from /home/airflow/.local/lib/python3.10/site-packages/airflow/example_dags/example_short_circuit_decorator.py
[2025-02-19T06:22:27.539+0000] {logging_mixin.py:188} INFO - [2025-02-19T06:22:27.538+0000] {dag.py:3036} INFO - Sync 1 DAGs
[2025-02-19T06:22:27.755+0000] {logging_mixin.py:188} INFO - [2025-02-19T06:22:27.754+0000] {dag.py:3823} INFO - Setting next_dagrun for example_short_circuit_decorator to 2025-02-18 00:00:00+00:00, run_after=2025-02-19 00:00:00+00:00
[2025-02-19T06:22:27.999+0000] {processor.py:183} INFO - Processing /home/airflow/.local/lib/python3.10/site-packages/airflow/example_dags/example_short_circuit_decorator.py took 0.726 seconds
[2025-02-19T06:23:26.280+0000] {processor.py:161} INFO - Started process (PID=961) to work on /home/airflow/.local/lib/python3.10/site-packages/airflow/example_dags/example_short_circuit_decorator.py
[2025-02-19T06:23:26.323+0000] {processor.py:830} INFO - Processing file /home/airflow/.local/lib/python3.10/site-packages/airflow/example_dags/example_short_circuit_decorator.py for tasks to queue
[2025-02-19T06:23:26.348+0000] {logging_mixin.py:188} INFO - [2025-02-19T06:23:26.347+0000] {dagbag.py:538} INFO - Filling up the DagBag from /home/airflow/.local/lib/python3.10/site-packages/airflow/example_dags/example_short_circuit_decorator.py
[2025-02-19T06:23:26.415+0000] {processor.py:840} INFO - DAG(s) 'example_short_circuit_decorator' retrieved from /home/airflow/.local/lib/python3.10/site-packages/airflow/example_dags/example_short_circuit_decorator.py
[2025-02-19T06:23:26.589+0000] {logging_mixin.py:188} INFO - [2025-02-19T06:23:26.583+0000] {dag.py:3036} INFO - Sync 1 DAGs
[2025-02-19T06:23:26.792+0000] {logging_mixin.py:188} INFO - [2025-02-19T06:23:26.791+0000] {dag.py:3823} INFO - Setting next_dagrun for example_short_circuit_decorator to 2025-02-18 00:00:00+00:00, run_after=2025-02-19 00:00:00+00:00
[2025-02-19T06:23:27.436+0000] {processor.py:183} INFO - Processing /home/airflow/.local/lib/python3.10/site-packages/airflow/example_dags/example_short_circuit_decorator.py took 1.167 seconds
[2025-02-19T06:24:33.615+0000] {processor.py:161} INFO - Started process (PID=992) to work on /home/airflow/.local/lib/python3.10/site-packages/airflow/example_dags/example_short_circuit_decorator.py
[2025-02-19T06:24:33.618+0000] {processor.py:830} INFO - Processing file /home/airflow/.local/lib/python3.10/site-packages/airflow/example_dags/example_short_circuit_decorator.py for tasks to queue
[2025-02-19T06:24:33.621+0000] {logging_mixin.py:188} INFO - [2025-02-19T06:24:33.620+0000] {dagbag.py:538} INFO - Filling up the DagBag from /home/airflow/.local/lib/python3.10/site-packages/airflow/example_dags/example_short_circuit_decorator.py
[2025-02-19T06:24:33.661+0000] {processor.py:840} INFO - DAG(s) 'example_short_circuit_decorator' retrieved from /home/airflow/.local/lib/python3.10/site-packages/airflow/example_dags/example_short_circuit_decorator.py
[2025-02-19T06:24:33.757+0000] {logging_mixin.py:188} INFO - [2025-02-19T06:24:33.756+0000] {dag.py:3036} INFO - Sync 1 DAGs
[2025-02-19T06:24:33.856+0000] {logging_mixin.py:188} INFO - [2025-02-19T06:24:33.855+0000] {dag.py:3823} INFO - Setting next_dagrun for example_short_circuit_decorator to 2025-02-18 00:00:00+00:00, run_after=2025-02-19 00:00:00+00:00
[2025-02-19T06:24:34.021+0000] {processor.py:183} INFO - Processing /home/airflow/.local/lib/python3.10/site-packages/airflow/example_dags/example_short_circuit_decorator.py took 0.420 seconds
[2025-02-19T06:25:39.739+0000] {processor.py:161} INFO - Started process (PID=1029) to work on /home/airflow/.local/lib/python3.10/site-packages/airflow/example_dags/example_short_circuit_decorator.py
[2025-02-19T06:25:39.749+0000] {processor.py:830} INFO - Processing file /home/airflow/.local/lib/python3.10/site-packages/airflow/example_dags/example_short_circuit_decorator.py for tasks to queue
[2025-02-19T06:25:39.753+0000] {logging_mixin.py:188} INFO - [2025-02-19T06:25:39.752+0000] {dagbag.py:538} INFO - Filling up the DagBag from /home/airflow/.local/lib/python3.10/site-packages/airflow/example_dags/example_short_circuit_decorator.py
[2025-02-19T06:25:39.836+0000] {processor.py:840} INFO - DAG(s) 'example_short_circuit_decorator' retrieved from /home/airflow/.local/lib/python3.10/site-packages/airflow/example_dags/example_short_circuit_decorator.py
[2025-02-19T06:25:40.016+0000] {logging_mixin.py:188} INFO - [2025-02-19T06:25:40.015+0000] {dag.py:3036} INFO - Sync 1 DAGs
[2025-02-19T06:25:40.174+0000] {logging_mixin.py:188} INFO - [2025-02-19T06:25:40.173+0000] {dag.py:3823} INFO - Setting next_dagrun for example_short_circuit_decorator to 2025-02-18 00:00:00+00:00, run_after=2025-02-19 00:00:00+00:00
[2025-02-19T06:25:40.397+0000] {processor.py:183} INFO - Processing /home/airflow/.local/lib/python3.10/site-packages/airflow/example_dags/example_short_circuit_decorator.py took 0.667 seconds
[2025-02-19T06:26:37.450+0000] {processor.py:161} INFO - Started process (PID=1060) to work on /home/airflow/.local/lib/python3.10/site-packages/airflow/example_dags/example_short_circuit_decorator.py
[2025-02-19T06:26:37.453+0000] {processor.py:830} INFO - Processing file /home/airflow/.local/lib/python3.10/site-packages/airflow/example_dags/example_short_circuit_decorator.py for tasks to queue
[2025-02-19T06:26:37.457+0000] {logging_mixin.py:188} INFO - [2025-02-19T06:26:37.455+0000] {dagbag.py:538} INFO - Filling up the DagBag from /home/airflow/.local/lib/python3.10/site-packages/airflow/example_dags/example_short_circuit_decorator.py
[2025-02-19T06:26:37.525+0000] {processor.py:840} INFO - DAG(s) 'example_short_circuit_decorator' retrieved from /home/airflow/.local/lib/python3.10/site-packages/airflow/example_dags/example_short_circuit_decorator.py
[2025-02-19T06:26:37.662+0000] {logging_mixin.py:188} INFO - [2025-02-19T06:26:37.662+0000] {dag.py:3036} INFO - Sync 1 DAGs
[2025-02-19T06:26:37.802+0000] {logging_mixin.py:188} INFO - [2025-02-19T06:26:37.801+0000] {dag.py:3823} INFO - Setting next_dagrun for example_short_circuit_decorator to 2025-02-18 00:00:00+00:00, run_after=2025-02-19 00:00:00+00:00
[2025-02-19T06:26:38.038+0000] {processor.py:183} INFO - Processing /home/airflow/.local/lib/python3.10/site-packages/airflow/example_dags/example_short_circuit_decorator.py took 0.606 seconds
[2025-02-19T06:28:33.202+0000] {processor.py:161} INFO - Started process (PID=41) to work on /home/airflow/.local/lib/python3.10/site-packages/airflow/example_dags/example_short_circuit_decorator.py
[2025-02-19T06:28:33.215+0000] {processor.py:830} INFO - Processing file /home/airflow/.local/lib/python3.10/site-packages/airflow/example_dags/example_short_circuit_decorator.py for tasks to queue
[2025-02-19T06:28:33.228+0000] {logging_mixin.py:188} INFO - [2025-02-19T06:28:33.217+0000] {dagbag.py:538} INFO - Filling up the DagBag from /home/airflow/.local/lib/python3.10/site-packages/airflow/example_dags/example_short_circuit_decorator.py
[2025-02-19T06:28:33.307+0000] {processor.py:840} INFO - DAG(s) 'example_short_circuit_decorator' retrieved from /home/airflow/.local/lib/python3.10/site-packages/airflow/example_dags/example_short_circuit_decorator.py
[2025-02-19T06:28:33.531+0000] {logging_mixin.py:188} INFO - [2025-02-19T06:28:33.530+0000] {dag.py:3036} INFO - Sync 1 DAGs
[2025-02-19T06:28:33.684+0000] {logging_mixin.py:188} INFO - [2025-02-19T06:28:33.683+0000] {dag.py:3823} INFO - Setting next_dagrun for example_short_circuit_decorator to 2025-02-18 00:00:00+00:00, run_after=2025-02-19 00:00:00+00:00
[2025-02-19T06:28:34.771+0000] {processor.py:183} INFO - Processing /home/airflow/.local/lib/python3.10/site-packages/airflow/example_dags/example_short_circuit_decorator.py took 1.578 seconds
[2025-02-19T06:30:03.382+0000] {processor.py:161} INFO - Started process (PID=41) to work on /home/airflow/.local/lib/python3.10/site-packages/airflow/example_dags/example_short_circuit_decorator.py
[2025-02-19T06:30:03.387+0000] {processor.py:830} INFO - Processing file /home/airflow/.local/lib/python3.10/site-packages/airflow/example_dags/example_short_circuit_decorator.py for tasks to queue
[2025-02-19T06:30:03.397+0000] {logging_mixin.py:188} INFO - [2025-02-19T06:30:03.396+0000] {dagbag.py:538} INFO - Filling up the DagBag from /home/airflow/.local/lib/python3.10/site-packages/airflow/example_dags/example_short_circuit_decorator.py
[2025-02-19T06:30:03.448+0000] {processor.py:840} INFO - DAG(s) 'example_short_circuit_decorator' retrieved from /home/airflow/.local/lib/python3.10/site-packages/airflow/example_dags/example_short_circuit_decorator.py
[2025-02-19T06:30:03.691+0000] {logging_mixin.py:188} INFO - [2025-02-19T06:30:03.690+0000] {dag.py:3036} INFO - Sync 1 DAGs
[2025-02-19T06:30:03.824+0000] {logging_mixin.py:188} INFO - [2025-02-19T06:30:03.823+0000] {dag.py:3823} INFO - Setting next_dagrun for example_short_circuit_decorator to 2025-02-18 00:00:00+00:00, run_after=2025-02-19 00:00:00+00:00
[2025-02-19T06:30:04.037+0000] {processor.py:183} INFO - Processing /home/airflow/.local/lib/python3.10/site-packages/airflow/example_dags/example_short_circuit_decorator.py took 0.665 seconds
[2025-02-19T06:31:38.662+0000] {processor.py:161} INFO - Started process (PID=90) to work on /home/airflow/.local/lib/python3.10/site-packages/airflow/example_dags/example_short_circuit_decorator.py
[2025-02-19T06:31:38.670+0000] {processor.py:830} INFO - Processing file /home/airflow/.local/lib/python3.10/site-packages/airflow/example_dags/example_short_circuit_decorator.py for tasks to queue
[2025-02-19T06:31:38.676+0000] {logging_mixin.py:188} INFO - [2025-02-19T06:31:38.675+0000] {dagbag.py:538} INFO - Filling up the DagBag from /home/airflow/.local/lib/python3.10/site-packages/airflow/example_dags/example_short_circuit_decorator.py
[2025-02-19T06:31:38.727+0000] {processor.py:840} INFO - DAG(s) 'example_short_circuit_decorator' retrieved from /home/airflow/.local/lib/python3.10/site-packages/airflow/example_dags/example_short_circuit_decorator.py
[2025-02-19T06:31:38.854+0000] {logging_mixin.py:188} INFO - [2025-02-19T06:31:38.853+0000] {dag.py:3036} INFO - Sync 1 DAGs
[2025-02-19T06:31:38.966+0000] {logging_mixin.py:188} INFO - [2025-02-19T06:31:38.965+0000] {dag.py:3823} INFO - Setting next_dagrun for example_short_circuit_decorator to 2025-02-18 00:00:00+00:00, run_after=2025-02-19 00:00:00+00:00
[2025-02-19T06:31:39.124+0000] {processor.py:183} INFO - Processing /home/airflow/.local/lib/python3.10/site-packages/airflow/example_dags/example_short_circuit_decorator.py took 0.471 seconds
[2025-02-19T06:32:46.591+0000] {processor.py:161} INFO - Started process (PID=121) to work on /home/airflow/.local/lib/python3.10/site-packages/airflow/example_dags/example_short_circuit_decorator.py
[2025-02-19T06:32:46.601+0000] {processor.py:830} INFO - Processing file /home/airflow/.local/lib/python3.10/site-packages/airflow/example_dags/example_short_circuit_decorator.py for tasks to queue
[2025-02-19T06:32:46.604+0000] {logging_mixin.py:188} INFO - [2025-02-19T06:32:46.603+0000] {dagbag.py:538} INFO - Filling up the DagBag from /home/airflow/.local/lib/python3.10/site-packages/airflow/example_dags/example_short_circuit_decorator.py
[2025-02-19T06:32:46.650+0000] {processor.py:840} INFO - DAG(s) 'example_short_circuit_decorator' retrieved from /home/airflow/.local/lib/python3.10/site-packages/airflow/example_dags/example_short_circuit_decorator.py
[2025-02-19T06:32:46.783+0000] {logging_mixin.py:188} INFO - [2025-02-19T06:32:46.782+0000] {dag.py:3036} INFO - Sync 1 DAGs
[2025-02-19T06:32:46.884+0000] {logging_mixin.py:188} INFO - [2025-02-19T06:32:46.884+0000] {dag.py:3823} INFO - Setting next_dagrun for example_short_circuit_decorator to 2025-02-18 00:00:00+00:00, run_after=2025-02-19 00:00:00+00:00
[2025-02-19T06:32:47.042+0000] {processor.py:183} INFO - Processing /home/airflow/.local/lib/python3.10/site-packages/airflow/example_dags/example_short_circuit_decorator.py took 0.460 seconds
[2025-02-19T06:33:55.991+0000] {processor.py:161} INFO - Started process (PID=158) to work on /home/airflow/.local/lib/python3.10/site-packages/airflow/example_dags/example_short_circuit_decorator.py
[2025-02-19T06:33:55.995+0000] {processor.py:830} INFO - Processing file /home/airflow/.local/lib/python3.10/site-packages/airflow/example_dags/example_short_circuit_decorator.py for tasks to queue
[2025-02-19T06:33:55.999+0000] {logging_mixin.py:188} INFO - [2025-02-19T06:33:55.997+0000] {dagbag.py:538} INFO - Filling up the DagBag from /home/airflow/.local/lib/python3.10/site-packages/airflow/example_dags/example_short_circuit_decorator.py
[2025-02-19T06:33:56.042+0000] {processor.py:840} INFO - DAG(s) 'example_short_circuit_decorator' retrieved from /home/airflow/.local/lib/python3.10/site-packages/airflow/example_dags/example_short_circuit_decorator.py
[2025-02-19T06:33:56.129+0000] {logging_mixin.py:188} INFO - [2025-02-19T06:33:56.129+0000] {dag.py:3036} INFO - Sync 1 DAGs
[2025-02-19T06:33:56.212+0000] {logging_mixin.py:188} INFO - [2025-02-19T06:33:56.211+0000] {dag.py:3823} INFO - Setting next_dagrun for example_short_circuit_decorator to 2025-02-18 00:00:00+00:00, run_after=2025-02-19 00:00:00+00:00
[2025-02-19T06:33:56.378+0000] {processor.py:183} INFO - Processing /home/airflow/.local/lib/python3.10/site-packages/airflow/example_dags/example_short_circuit_decorator.py took 0.397 seconds
[2025-02-19T06:34:47.097+0000] {processor.py:161} INFO - Started process (PID=191) to work on /home/airflow/.local/lib/python3.10/site-packages/airflow/example_dags/example_short_circuit_decorator.py
[2025-02-19T06:34:47.099+0000] {processor.py:830} INFO - Processing file /home/airflow/.local/lib/python3.10/site-packages/airflow/example_dags/example_short_circuit_decorator.py for tasks to queue
[2025-02-19T06:34:47.102+0000] {logging_mixin.py:188} INFO - [2025-02-19T06:34:47.101+0000] {dagbag.py:538} INFO - Filling up the DagBag from /home/airflow/.local/lib/python3.10/site-packages/airflow/example_dags/example_short_circuit_decorator.py
[2025-02-19T06:34:47.124+0000] {processor.py:840} INFO - DAG(s) 'example_short_circuit_decorator' retrieved from /home/airflow/.local/lib/python3.10/site-packages/airflow/example_dags/example_short_circuit_decorator.py
[2025-02-19T06:34:47.186+0000] {logging_mixin.py:188} INFO - [2025-02-19T06:34:47.185+0000] {dag.py:3036} INFO - Sync 1 DAGs
[2025-02-19T06:34:47.249+0000] {logging_mixin.py:188} INFO - [2025-02-19T06:34:47.248+0000] {dag.py:3823} INFO - Setting next_dagrun for example_short_circuit_decorator to 2025-02-18 00:00:00+00:00, run_after=2025-02-19 00:00:00+00:00
[2025-02-19T06:34:47.368+0000] {processor.py:183} INFO - Processing /home/airflow/.local/lib/python3.10/site-packages/airflow/example_dags/example_short_circuit_decorator.py took 0.278 seconds
[2025-02-19T06:36:23.832+0000] {processor.py:161} INFO - Started process (PID=250) to work on /home/airflow/.local/lib/python3.10/site-packages/airflow/example_dags/example_short_circuit_decorator.py
[2025-02-19T06:36:23.835+0000] {processor.py:830} INFO - Processing file /home/airflow/.local/lib/python3.10/site-packages/airflow/example_dags/example_short_circuit_decorator.py for tasks to queue
[2025-02-19T06:36:23.838+0000] {logging_mixin.py:188} INFO - [2025-02-19T06:36:23.837+0000] {dagbag.py:538} INFO - Filling up the DagBag from /home/airflow/.local/lib/python3.10/site-packages/airflow/example_dags/example_short_circuit_decorator.py
[2025-02-19T06:36:23.885+0000] {processor.py:840} INFO - DAG(s) 'example_short_circuit_decorator' retrieved from /home/airflow/.local/lib/python3.10/site-packages/airflow/example_dags/example_short_circuit_decorator.py
[2025-02-19T06:36:23.992+0000] {logging_mixin.py:188} INFO - [2025-02-19T06:36:23.991+0000] {dag.py:3036} INFO - Sync 1 DAGs
[2025-02-19T06:36:24.133+0000] {logging_mixin.py:188} INFO - [2025-02-19T06:36:24.133+0000] {dag.py:3823} INFO - Setting next_dagrun for example_short_circuit_decorator to 2025-02-18 00:00:00+00:00, run_after=2025-02-19 00:00:00+00:00
[2025-02-19T06:36:24.359+0000] {processor.py:183} INFO - Processing /home/airflow/.local/lib/python3.10/site-packages/airflow/example_dags/example_short_circuit_decorator.py took 0.539 seconds
[2025-02-19T06:37:25.994+0000] {processor.py:161} INFO - Started process (PID=282) to work on /home/airflow/.local/lib/python3.10/site-packages/airflow/example_dags/example_short_circuit_decorator.py
[2025-02-19T06:37:25.996+0000] {processor.py:830} INFO - Processing file /home/airflow/.local/lib/python3.10/site-packages/airflow/example_dags/example_short_circuit_decorator.py for tasks to queue
[2025-02-19T06:37:25.999+0000] {logging_mixin.py:188} INFO - [2025-02-19T06:37:25.998+0000] {dagbag.py:538} INFO - Filling up the DagBag from /home/airflow/.local/lib/python3.10/site-packages/airflow/example_dags/example_short_circuit_decorator.py
[2025-02-19T06:37:26.032+0000] {processor.py:840} INFO - DAG(s) 'example_short_circuit_decorator' retrieved from /home/airflow/.local/lib/python3.10/site-packages/airflow/example_dags/example_short_circuit_decorator.py
[2025-02-19T06:37:26.113+0000] {logging_mixin.py:188} INFO - [2025-02-19T06:37:26.112+0000] {dag.py:3036} INFO - Sync 1 DAGs
[2025-02-19T06:37:26.190+0000] {logging_mixin.py:188} INFO - [2025-02-19T06:37:26.190+0000] {dag.py:3823} INFO - Setting next_dagrun for example_short_circuit_decorator to 2025-02-18 00:00:00+00:00, run_after=2025-02-19 00:00:00+00:00
[2025-02-19T06:37:26.395+0000] {processor.py:183} INFO - Processing /home/airflow/.local/lib/python3.10/site-packages/airflow/example_dags/example_short_circuit_decorator.py took 0.411 seconds
[2025-02-19T06:38:16.846+0000] {processor.py:161} INFO - Started process (PID=317) to work on /home/airflow/.local/lib/python3.10/site-packages/airflow/example_dags/example_short_circuit_decorator.py
[2025-02-19T06:38:16.853+0000] {processor.py:830} INFO - Processing file /home/airflow/.local/lib/python3.10/site-packages/airflow/example_dags/example_short_circuit_decorator.py for tasks to queue
[2025-02-19T06:38:16.856+0000] {logging_mixin.py:188} INFO - [2025-02-19T06:38:16.855+0000] {dagbag.py:538} INFO - Filling up the DagBag from /home/airflow/.local/lib/python3.10/site-packages/airflow/example_dags/example_short_circuit_decorator.py
[2025-02-19T06:38:16.906+0000] {processor.py:840} INFO - DAG(s) 'example_short_circuit_decorator' retrieved from /home/airflow/.local/lib/python3.10/site-packages/airflow/example_dags/example_short_circuit_decorator.py
[2025-02-19T06:38:17.015+0000] {logging_mixin.py:188} INFO - [2025-02-19T06:38:17.014+0000] {dag.py:3036} INFO - Sync 1 DAGs
[2025-02-19T06:38:17.084+0000] {logging_mixin.py:188} INFO - [2025-02-19T06:38:17.083+0000] {dag.py:3823} INFO - Setting next_dagrun for example_short_circuit_decorator to 2025-02-18 00:00:00+00:00, run_after=2025-02-19 00:00:00+00:00
[2025-02-19T06:38:17.227+0000] {processor.py:183} INFO - Processing /home/airflow/.local/lib/python3.10/site-packages/airflow/example_dags/example_short_circuit_decorator.py took 0.393 seconds
[2025-02-19T06:40:17.829+0000] {processor.py:161} INFO - Started process (PID=374) to work on /home/airflow/.local/lib/python3.10/site-packages/airflow/example_dags/example_short_circuit_decorator.py
[2025-02-19T06:40:17.837+0000] {processor.py:830} INFO - Processing file /home/airflow/.local/lib/python3.10/site-packages/airflow/example_dags/example_short_circuit_decorator.py for tasks to queue
[2025-02-19T06:40:17.841+0000] {logging_mixin.py:188} INFO - [2025-02-19T06:40:17.840+0000] {dagbag.py:538} INFO - Filling up the DagBag from /home/airflow/.local/lib/python3.10/site-packages/airflow/example_dags/example_short_circuit_decorator.py
[2025-02-19T06:40:17.880+0000] {processor.py:840} INFO - DAG(s) 'example_short_circuit_decorator' retrieved from /home/airflow/.local/lib/python3.10/site-packages/airflow/example_dags/example_short_circuit_decorator.py
[2025-02-19T06:40:17.989+0000] {logging_mixin.py:188} INFO - [2025-02-19T06:40:17.989+0000] {dag.py:3036} INFO - Sync 1 DAGs
[2025-02-19T06:40:18.120+0000] {logging_mixin.py:188} INFO - [2025-02-19T06:40:18.119+0000] {dag.py:3823} INFO - Setting next_dagrun for example_short_circuit_decorator to 2025-02-18 00:00:00+00:00, run_after=2025-02-19 00:00:00+00:00
[2025-02-19T06:40:18.826+0000] {processor.py:183} INFO - Processing /home/airflow/.local/lib/python3.10/site-packages/airflow/example_dags/example_short_circuit_decorator.py took 1.006 seconds
[2025-02-19T06:41:27.842+0000] {processor.py:161} INFO - Started process (PID=411) to work on /home/airflow/.local/lib/python3.10/site-packages/airflow/example_dags/example_short_circuit_decorator.py
[2025-02-19T06:41:27.844+0000] {processor.py:830} INFO - Processing file /home/airflow/.local/lib/python3.10/site-packages/airflow/example_dags/example_short_circuit_decorator.py for tasks to queue
[2025-02-19T06:41:27.851+0000] {logging_mixin.py:188} INFO - [2025-02-19T06:41:27.846+0000] {dagbag.py:538} INFO - Filling up the DagBag from /home/airflow/.local/lib/python3.10/site-packages/airflow/example_dags/example_short_circuit_decorator.py
[2025-02-19T06:41:27.899+0000] {processor.py:840} INFO - DAG(s) 'example_short_circuit_decorator' retrieved from /home/airflow/.local/lib/python3.10/site-packages/airflow/example_dags/example_short_circuit_decorator.py
[2025-02-19T06:41:28.020+0000] {logging_mixin.py:188} INFO - [2025-02-19T06:41:28.020+0000] {dag.py:3036} INFO - Sync 1 DAGs
[2025-02-19T06:41:28.147+0000] {logging_mixin.py:188} INFO - [2025-02-19T06:41:28.147+0000] {dag.py:3823} INFO - Setting next_dagrun for example_short_circuit_decorator to 2025-02-18 00:00:00+00:00, run_after=2025-02-19 00:00:00+00:00
[2025-02-19T06:41:28.337+0000] {processor.py:183} INFO - Processing /home/airflow/.local/lib/python3.10/site-packages/airflow/example_dags/example_short_circuit_decorator.py took 0.521 seconds
[2025-02-19T06:42:28.452+0000] {processor.py:161} INFO - Started process (PID=443) to work on /home/airflow/.local/lib/python3.10/site-packages/airflow/example_dags/example_short_circuit_decorator.py
[2025-02-19T06:42:28.456+0000] {processor.py:830} INFO - Processing file /home/airflow/.local/lib/python3.10/site-packages/airflow/example_dags/example_short_circuit_decorator.py for tasks to queue
[2025-02-19T06:42:28.460+0000] {logging_mixin.py:188} INFO - [2025-02-19T06:42:28.459+0000] {dagbag.py:538} INFO - Filling up the DagBag from /home/airflow/.local/lib/python3.10/site-packages/airflow/example_dags/example_short_circuit_decorator.py
[2025-02-19T06:42:28.524+0000] {processor.py:840} INFO - DAG(s) 'example_short_circuit_decorator' retrieved from /home/airflow/.local/lib/python3.10/site-packages/airflow/example_dags/example_short_circuit_decorator.py
[2025-02-19T06:42:28.642+0000] {logging_mixin.py:188} INFO - [2025-02-19T06:42:28.641+0000] {dag.py:3036} INFO - Sync 1 DAGs
[2025-02-19T06:42:28.738+0000] {logging_mixin.py:188} INFO - [2025-02-19T06:42:28.738+0000] {dag.py:3823} INFO - Setting next_dagrun for example_short_circuit_decorator to 2025-02-18 00:00:00+00:00, run_after=2025-02-19 00:00:00+00:00
[2025-02-19T06:42:29.072+0000] {processor.py:183} INFO - Processing /home/airflow/.local/lib/python3.10/site-packages/airflow/example_dags/example_short_circuit_decorator.py took 0.632 seconds
[2025-02-19T06:43:31.849+0000] {processor.py:161} INFO - Started process (PID=41) to work on /home/airflow/.local/lib/python3.10/site-packages/airflow/example_dags/example_short_circuit_decorator.py
[2025-02-19T06:43:31.852+0000] {processor.py:830} INFO - Processing file /home/airflow/.local/lib/python3.10/site-packages/airflow/example_dags/example_short_circuit_decorator.py for tasks to queue
[2025-02-19T06:43:31.855+0000] {logging_mixin.py:188} INFO - [2025-02-19T06:43:31.854+0000] {dagbag.py:538} INFO - Filling up the DagBag from /home/airflow/.local/lib/python3.10/site-packages/airflow/example_dags/example_short_circuit_decorator.py
[2025-02-19T06:43:31.912+0000] {processor.py:840} INFO - DAG(s) 'example_short_circuit_decorator' retrieved from /home/airflow/.local/lib/python3.10/site-packages/airflow/example_dags/example_short_circuit_decorator.py
[2025-02-19T06:43:32.052+0000] {logging_mixin.py:188} INFO - [2025-02-19T06:43:32.051+0000] {dag.py:3036} INFO - Sync 1 DAGs
[2025-02-19T06:43:32.166+0000] {logging_mixin.py:188} INFO - [2025-02-19T06:43:32.165+0000] {dag.py:3823} INFO - Setting next_dagrun for example_short_circuit_decorator to 2025-02-18 00:00:00+00:00, run_after=2025-02-19 00:00:00+00:00
[2025-02-19T06:43:32.301+0000] {processor.py:183} INFO - Processing /home/airflow/.local/lib/python3.10/site-packages/airflow/example_dags/example_short_circuit_decorator.py took 0.469 seconds
[2025-02-19T06:44:53.947+0000] {processor.py:161} INFO - Started process (PID=90) to work on /home/airflow/.local/lib/python3.10/site-packages/airflow/example_dags/example_short_circuit_decorator.py
[2025-02-19T06:44:53.951+0000] {processor.py:830} INFO - Processing file /home/airflow/.local/lib/python3.10/site-packages/airflow/example_dags/example_short_circuit_decorator.py for tasks to queue
[2025-02-19T06:44:53.956+0000] {logging_mixin.py:188} INFO - [2025-02-19T06:44:53.955+0000] {dagbag.py:538} INFO - Filling up the DagBag from /home/airflow/.local/lib/python3.10/site-packages/airflow/example_dags/example_short_circuit_decorator.py
[2025-02-19T06:44:53.992+0000] {processor.py:840} INFO - DAG(s) 'example_short_circuit_decorator' retrieved from /home/airflow/.local/lib/python3.10/site-packages/airflow/example_dags/example_short_circuit_decorator.py
[2025-02-19T06:44:54.092+0000] {logging_mixin.py:188} INFO - [2025-02-19T06:44:54.091+0000] {dag.py:3036} INFO - Sync 1 DAGs
[2025-02-19T06:44:54.210+0000] {logging_mixin.py:188} INFO - [2025-02-19T06:44:54.209+0000] {dag.py:3823} INFO - Setting next_dagrun for example_short_circuit_decorator to 2025-02-18 00:00:00+00:00, run_after=2025-02-19 00:00:00+00:00
[2025-02-19T06:44:54.387+0000] {processor.py:183} INFO - Processing /home/airflow/.local/lib/python3.10/site-packages/airflow/example_dags/example_short_circuit_decorator.py took 0.454 seconds
[2025-02-19T06:45:48.364+0000] {processor.py:161} INFO - Started process (PID=119) to work on /home/airflow/.local/lib/python3.10/site-packages/airflow/example_dags/example_short_circuit_decorator.py
[2025-02-19T06:45:48.367+0000] {processor.py:830} INFO - Processing file /home/airflow/.local/lib/python3.10/site-packages/airflow/example_dags/example_short_circuit_decorator.py for tasks to queue
[2025-02-19T06:45:48.370+0000] {logging_mixin.py:188} INFO - [2025-02-19T06:45:48.369+0000] {dagbag.py:538} INFO - Filling up the DagBag from /home/airflow/.local/lib/python3.10/site-packages/airflow/example_dags/example_short_circuit_decorator.py
[2025-02-19T06:45:48.401+0000] {processor.py:840} INFO - DAG(s) 'example_short_circuit_decorator' retrieved from /home/airflow/.local/lib/python3.10/site-packages/airflow/example_dags/example_short_circuit_decorator.py
[2025-02-19T06:45:48.459+0000] {logging_mixin.py:188} INFO - [2025-02-19T06:45:48.459+0000] {dag.py:3036} INFO - Sync 1 DAGs
[2025-02-19T06:45:48.529+0000] {logging_mixin.py:188} INFO - [2025-02-19T06:45:48.528+0000] {dag.py:3823} INFO - Setting next_dagrun for example_short_circuit_decorator to 2025-02-18 00:00:00+00:00, run_after=2025-02-19 00:00:00+00:00
[2025-02-19T06:45:48.696+0000] {processor.py:183} INFO - Processing /home/airflow/.local/lib/python3.10/site-packages/airflow/example_dags/example_short_circuit_decorator.py took 0.340 seconds
[2025-02-19T06:46:39.493+0000] {processor.py:161} INFO - Started process (PID=153) to work on /home/airflow/.local/lib/python3.10/site-packages/airflow/example_dags/example_short_circuit_decorator.py
[2025-02-19T06:46:39.496+0000] {processor.py:830} INFO - Processing file /home/airflow/.local/lib/python3.10/site-packages/airflow/example_dags/example_short_circuit_decorator.py for tasks to queue
[2025-02-19T06:46:39.498+0000] {logging_mixin.py:188} INFO - [2025-02-19T06:46:39.497+0000] {dagbag.py:538} INFO - Filling up the DagBag from /home/airflow/.local/lib/python3.10/site-packages/airflow/example_dags/example_short_circuit_decorator.py
[2025-02-19T06:46:39.516+0000] {processor.py:840} INFO - DAG(s) 'example_short_circuit_decorator' retrieved from /home/airflow/.local/lib/python3.10/site-packages/airflow/example_dags/example_short_circuit_decorator.py
[2025-02-19T06:46:39.569+0000] {logging_mixin.py:188} INFO - [2025-02-19T06:46:39.569+0000] {dag.py:3036} INFO - Sync 1 DAGs
[2025-02-19T06:46:39.619+0000] {logging_mixin.py:188} INFO - [2025-02-19T06:46:39.618+0000] {dag.py:3823} INFO - Setting next_dagrun for example_short_circuit_decorator to 2025-02-18 00:00:00+00:00, run_after=2025-02-19 00:00:00+00:00
[2025-02-19T06:46:39.743+0000] {processor.py:183} INFO - Processing /home/airflow/.local/lib/python3.10/site-packages/airflow/example_dags/example_short_circuit_decorator.py took 0.254 seconds
[2025-02-19T06:48:22.929+0000] {processor.py:161} INFO - Started process (PID=214) to work on /home/airflow/.local/lib/python3.10/site-packages/airflow/example_dags/example_short_circuit_decorator.py
[2025-02-19T06:48:22.934+0000] {processor.py:830} INFO - Processing file /home/airflow/.local/lib/python3.10/site-packages/airflow/example_dags/example_short_circuit_decorator.py for tasks to queue
[2025-02-19T06:48:22.938+0000] {logging_mixin.py:188} INFO - [2025-02-19T06:48:22.937+0000] {dagbag.py:538} INFO - Filling up the DagBag from /home/airflow/.local/lib/python3.10/site-packages/airflow/example_dags/example_short_circuit_decorator.py
[2025-02-19T06:48:23.004+0000] {processor.py:840} INFO - DAG(s) 'example_short_circuit_decorator' retrieved from /home/airflow/.local/lib/python3.10/site-packages/airflow/example_dags/example_short_circuit_decorator.py
[2025-02-19T06:48:23.307+0000] {logging_mixin.py:188} INFO - [2025-02-19T06:48:23.307+0000] {dag.py:3036} INFO - Sync 1 DAGs
[2025-02-19T06:48:23.460+0000] {logging_mixin.py:188} INFO - [2025-02-19T06:48:23.459+0000] {dag.py:3823} INFO - Setting next_dagrun for example_short_circuit_decorator to 2025-02-18 00:00:00+00:00, run_after=2025-02-19 00:00:00+00:00
[2025-02-19T06:48:23.648+0000] {processor.py:183} INFO - Processing /home/airflow/.local/lib/python3.10/site-packages/airflow/example_dags/example_short_circuit_decorator.py took 0.734 seconds
[2025-02-19T06:50:05.201+0000] {processor.py:161} INFO - Started process (PID=275) to work on /home/airflow/.local/lib/python3.10/site-packages/airflow/example_dags/example_short_circuit_decorator.py
[2025-02-19T06:50:05.207+0000] {processor.py:830} INFO - Processing file /home/airflow/.local/lib/python3.10/site-packages/airflow/example_dags/example_short_circuit_decorator.py for tasks to queue
[2025-02-19T06:50:05.211+0000] {logging_mixin.py:188} INFO - [2025-02-19T06:50:05.209+0000] {dagbag.py:538} INFO - Filling up the DagBag from /home/airflow/.local/lib/python3.10/site-packages/airflow/example_dags/example_short_circuit_decorator.py
[2025-02-19T06:50:05.264+0000] {processor.py:840} INFO - DAG(s) 'example_short_circuit_decorator' retrieved from /home/airflow/.local/lib/python3.10/site-packages/airflow/example_dags/example_short_circuit_decorator.py
[2025-02-19T06:50:05.384+0000] {logging_mixin.py:188} INFO - [2025-02-19T06:50:05.384+0000] {dag.py:3036} INFO - Sync 1 DAGs
[2025-02-19T06:50:05.494+0000] {logging_mixin.py:188} INFO - [2025-02-19T06:50:05.488+0000] {dag.py:3823} INFO - Setting next_dagrun for example_short_circuit_decorator to 2025-02-18 00:00:00+00:00, run_after=2025-02-19 00:00:00+00:00
[2025-02-19T06:50:05.659+0000] {processor.py:183} INFO - Processing /home/airflow/.local/lib/python3.10/site-packages/airflow/example_dags/example_short_circuit_decorator.py took 0.476 seconds
[2025-02-19T06:50:56.524+0000] {processor.py:161} INFO - Started process (PID=306) to work on /home/airflow/.local/lib/python3.10/site-packages/airflow/example_dags/example_short_circuit_decorator.py
[2025-02-19T06:50:56.526+0000] {processor.py:830} INFO - Processing file /home/airflow/.local/lib/python3.10/site-packages/airflow/example_dags/example_short_circuit_decorator.py for tasks to queue
[2025-02-19T06:50:56.528+0000] {logging_mixin.py:188} INFO - [2025-02-19T06:50:56.527+0000] {dagbag.py:538} INFO - Filling up the DagBag from /home/airflow/.local/lib/python3.10/site-packages/airflow/example_dags/example_short_circuit_decorator.py
[2025-02-19T06:50:56.552+0000] {processor.py:840} INFO - DAG(s) 'example_short_circuit_decorator' retrieved from /home/airflow/.local/lib/python3.10/site-packages/airflow/example_dags/example_short_circuit_decorator.py
[2025-02-19T06:50:56.617+0000] {logging_mixin.py:188} INFO - [2025-02-19T06:50:56.616+0000] {dag.py:3036} INFO - Sync 1 DAGs
[2025-02-19T06:50:56.673+0000] {logging_mixin.py:188} INFO - [2025-02-19T06:50:56.673+0000] {dag.py:3823} INFO - Setting next_dagrun for example_short_circuit_decorator to 2025-02-18 00:00:00+00:00, run_after=2025-02-19 00:00:00+00:00
[2025-02-19T06:50:56.850+0000] {processor.py:183} INFO - Processing /home/airflow/.local/lib/python3.10/site-packages/airflow/example_dags/example_short_circuit_decorator.py took 0.333 seconds
[2025-02-19T06:52:41.858+0000] {processor.py:161} INFO - Started process (PID=368) to work on /home/airflow/.local/lib/python3.10/site-packages/airflow/example_dags/example_short_circuit_decorator.py
[2025-02-19T06:52:41.862+0000] {processor.py:830} INFO - Processing file /home/airflow/.local/lib/python3.10/site-packages/airflow/example_dags/example_short_circuit_decorator.py for tasks to queue
[2025-02-19T06:52:41.866+0000] {logging_mixin.py:188} INFO - [2025-02-19T06:52:41.865+0000] {dagbag.py:538} INFO - Filling up the DagBag from /home/airflow/.local/lib/python3.10/site-packages/airflow/example_dags/example_short_circuit_decorator.py
[2025-02-19T06:52:41.892+0000] {processor.py:840} INFO - DAG(s) 'example_short_circuit_decorator' retrieved from /home/airflow/.local/lib/python3.10/site-packages/airflow/example_dags/example_short_circuit_decorator.py
[2025-02-19T06:52:41.964+0000] {logging_mixin.py:188} INFO - [2025-02-19T06:52:41.964+0000] {dag.py:3036} INFO - Sync 1 DAGs
[2025-02-19T06:52:42.036+0000] {logging_mixin.py:188} INFO - [2025-02-19T06:52:42.035+0000] {dag.py:3823} INFO - Setting next_dagrun for example_short_circuit_decorator to 2025-02-18 00:00:00+00:00, run_after=2025-02-19 00:00:00+00:00
[2025-02-19T06:52:42.154+0000] {processor.py:183} INFO - Processing /home/airflow/.local/lib/python3.10/site-packages/airflow/example_dags/example_short_circuit_decorator.py took 0.303 seconds
[2025-02-19T06:54:15.498+0000] {processor.py:161} INFO - Started process (PID=427) to work on /home/airflow/.local/lib/python3.10/site-packages/airflow/example_dags/example_short_circuit_decorator.py
[2025-02-19T06:54:15.500+0000] {processor.py:830} INFO - Processing file /home/airflow/.local/lib/python3.10/site-packages/airflow/example_dags/example_short_circuit_decorator.py for tasks to queue
[2025-02-19T06:54:15.502+0000] {logging_mixin.py:188} INFO - [2025-02-19T06:54:15.502+0000] {dagbag.py:538} INFO - Filling up the DagBag from /home/airflow/.local/lib/python3.10/site-packages/airflow/example_dags/example_short_circuit_decorator.py
[2025-02-19T06:54:15.525+0000] {processor.py:840} INFO - DAG(s) 'example_short_circuit_decorator' retrieved from /home/airflow/.local/lib/python3.10/site-packages/airflow/example_dags/example_short_circuit_decorator.py
[2025-02-19T06:54:15.576+0000] {logging_mixin.py:188} INFO - [2025-02-19T06:54:15.575+0000] {dag.py:3036} INFO - Sync 1 DAGs
[2025-02-19T06:54:15.625+0000] {logging_mixin.py:188} INFO - [2025-02-19T06:54:15.624+0000] {dag.py:3823} INFO - Setting next_dagrun for example_short_circuit_decorator to 2025-02-18 00:00:00+00:00, run_after=2025-02-19 00:00:00+00:00
[2025-02-19T06:54:15.738+0000] {processor.py:183} INFO - Processing /home/airflow/.local/lib/python3.10/site-packages/airflow/example_dags/example_short_circuit_decorator.py took 0.244 seconds
[2025-02-19T06:55:33.792+0000] {processor.py:161} INFO - Started process (PID=482) to work on /home/airflow/.local/lib/python3.10/site-packages/airflow/example_dags/example_short_circuit_decorator.py
[2025-02-19T06:55:33.795+0000] {processor.py:830} INFO - Processing file /home/airflow/.local/lib/python3.10/site-packages/airflow/example_dags/example_short_circuit_decorator.py for tasks to queue
[2025-02-19T06:55:33.798+0000] {logging_mixin.py:188} INFO - [2025-02-19T06:55:33.797+0000] {dagbag.py:538} INFO - Filling up the DagBag from /home/airflow/.local/lib/python3.10/site-packages/airflow/example_dags/example_short_circuit_decorator.py
[2025-02-19T06:55:33.825+0000] {processor.py:840} INFO - DAG(s) 'example_short_circuit_decorator' retrieved from /home/airflow/.local/lib/python3.10/site-packages/airflow/example_dags/example_short_circuit_decorator.py
[2025-02-19T06:55:33.897+0000] {logging_mixin.py:188} INFO - [2025-02-19T06:55:33.896+0000] {dag.py:3036} INFO - Sync 1 DAGs
[2025-02-19T06:55:33.959+0000] {logging_mixin.py:188} INFO - [2025-02-19T06:55:33.958+0000] {dag.py:3823} INFO - Setting next_dagrun for example_short_circuit_decorator to 2025-02-18 00:00:00+00:00, run_after=2025-02-19 00:00:00+00:00
[2025-02-19T06:55:34.123+0000] {processor.py:183} INFO - Processing /home/airflow/.local/lib/python3.10/site-packages/airflow/example_dags/example_short_circuit_decorator.py took 0.343 seconds
[2025-02-19T06:57:09.071+0000] {processor.py:161} INFO - Started process (PID=541) to work on /home/airflow/.local/lib/python3.10/site-packages/airflow/example_dags/example_short_circuit_decorator.py
[2025-02-19T06:57:09.076+0000] {processor.py:830} INFO - Processing file /home/airflow/.local/lib/python3.10/site-packages/airflow/example_dags/example_short_circuit_decorator.py for tasks to queue
[2025-02-19T06:57:09.080+0000] {logging_mixin.py:188} INFO - [2025-02-19T06:57:09.079+0000] {dagbag.py:538} INFO - Filling up the DagBag from /home/airflow/.local/lib/python3.10/site-packages/airflow/example_dags/example_short_circuit_decorator.py
[2025-02-19T06:57:09.125+0000] {processor.py:840} INFO - DAG(s) 'example_short_circuit_decorator' retrieved from /home/airflow/.local/lib/python3.10/site-packages/airflow/example_dags/example_short_circuit_decorator.py
[2025-02-19T06:57:09.256+0000] {logging_mixin.py:188} INFO - [2025-02-19T06:57:09.256+0000] {dag.py:3036} INFO - Sync 1 DAGs
[2025-02-19T06:57:09.364+0000] {logging_mixin.py:188} INFO - [2025-02-19T06:57:09.363+0000] {dag.py:3823} INFO - Setting next_dagrun for example_short_circuit_decorator to 2025-02-18 00:00:00+00:00, run_after=2025-02-19 00:00:00+00:00
[2025-02-19T06:57:09.535+0000] {processor.py:183} INFO - Processing /home/airflow/.local/lib/python3.10/site-packages/airflow/example_dags/example_short_circuit_decorator.py took 0.483 seconds
[2025-02-19T06:58:02.843+0000] {processor.py:161} INFO - Started process (PID=576) to work on /home/airflow/.local/lib/python3.10/site-packages/airflow/example_dags/example_short_circuit_decorator.py
[2025-02-19T06:58:02.845+0000] {processor.py:830} INFO - Processing file /home/airflow/.local/lib/python3.10/site-packages/airflow/example_dags/example_short_circuit_decorator.py for tasks to queue
[2025-02-19T06:58:02.851+0000] {logging_mixin.py:188} INFO - [2025-02-19T06:58:02.850+0000] {dagbag.py:538} INFO - Filling up the DagBag from /home/airflow/.local/lib/python3.10/site-packages/airflow/example_dags/example_short_circuit_decorator.py
[2025-02-19T06:58:02.875+0000] {processor.py:840} INFO - DAG(s) 'example_short_circuit_decorator' retrieved from /home/airflow/.local/lib/python3.10/site-packages/airflow/example_dags/example_short_circuit_decorator.py
[2025-02-19T06:58:02.949+0000] {logging_mixin.py:188} INFO - [2025-02-19T06:58:02.948+0000] {dag.py:3036} INFO - Sync 1 DAGs
[2025-02-19T06:58:03.007+0000] {logging_mixin.py:188} INFO - [2025-02-19T06:58:03.006+0000] {dag.py:3823} INFO - Setting next_dagrun for example_short_circuit_decorator to 2025-02-18 00:00:00+00:00, run_after=2025-02-19 00:00:00+00:00
[2025-02-19T06:58:03.139+0000] {processor.py:183} INFO - Processing /home/airflow/.local/lib/python3.10/site-packages/airflow/example_dags/example_short_circuit_decorator.py took 0.304 seconds
[2025-02-19T06:59:30.807+0000] {processor.py:161} INFO - Started process (PID=634) to work on /home/airflow/.local/lib/python3.10/site-packages/airflow/example_dags/example_short_circuit_decorator.py
[2025-02-19T06:59:30.810+0000] {processor.py:830} INFO - Processing file /home/airflow/.local/lib/python3.10/site-packages/airflow/example_dags/example_short_circuit_decorator.py for tasks to queue
[2025-02-19T06:59:30.812+0000] {logging_mixin.py:188} INFO - [2025-02-19T06:59:30.812+0000] {dagbag.py:538} INFO - Filling up the DagBag from /home/airflow/.local/lib/python3.10/site-packages/airflow/example_dags/example_short_circuit_decorator.py
[2025-02-19T06:59:30.836+0000] {processor.py:840} INFO - DAG(s) 'example_short_circuit_decorator' retrieved from /home/airflow/.local/lib/python3.10/site-packages/airflow/example_dags/example_short_circuit_decorator.py
[2025-02-19T06:59:30.911+0000] {logging_mixin.py:188} INFO - [2025-02-19T06:59:30.911+0000] {dag.py:3036} INFO - Sync 1 DAGs
[2025-02-19T06:59:30.969+0000] {logging_mixin.py:188} INFO - [2025-02-19T06:59:30.969+0000] {dag.py:3823} INFO - Setting next_dagrun for example_short_circuit_decorator to 2025-02-18 00:00:00+00:00, run_after=2025-02-19 00:00:00+00:00
[2025-02-19T06:59:31.097+0000] {processor.py:183} INFO - Processing /home/airflow/.local/lib/python3.10/site-packages/airflow/example_dags/example_short_circuit_decorator.py took 0.298 seconds
[2025-02-19T07:00:29.185+0000] {processor.py:161} INFO - Started process (PID=664) to work on /home/airflow/.local/lib/python3.10/site-packages/airflow/example_dags/example_short_circuit_decorator.py
[2025-02-19T07:00:29.187+0000] {processor.py:830} INFO - Processing file /home/airflow/.local/lib/python3.10/site-packages/airflow/example_dags/example_short_circuit_decorator.py for tasks to queue
[2025-02-19T07:00:29.191+0000] {logging_mixin.py:188} INFO - [2025-02-19T07:00:29.189+0000] {dagbag.py:538} INFO - Filling up the DagBag from /home/airflow/.local/lib/python3.10/site-packages/airflow/example_dags/example_short_circuit_decorator.py
[2025-02-19T07:00:29.225+0000] {processor.py:840} INFO - DAG(s) 'example_short_circuit_decorator' retrieved from /home/airflow/.local/lib/python3.10/site-packages/airflow/example_dags/example_short_circuit_decorator.py
[2025-02-19T07:00:29.289+0000] {logging_mixin.py:188} INFO - [2025-02-19T07:00:29.289+0000] {dag.py:3036} INFO - Sync 1 DAGs
[2025-02-19T07:00:29.360+0000] {logging_mixin.py:188} INFO - [2025-02-19T07:00:29.359+0000] {dag.py:3823} INFO - Setting next_dagrun for example_short_circuit_decorator to 2025-02-18 00:00:00+00:00, run_after=2025-02-19 00:00:00+00:00
[2025-02-19T07:00:29.521+0000] {processor.py:183} INFO - Processing /home/airflow/.local/lib/python3.10/site-packages/airflow/example_dags/example_short_circuit_decorator.py took 0.344 seconds
[2025-02-19T07:01:21.944+0000] {processor.py:161} INFO - Started process (PID=699) to work on /home/airflow/.local/lib/python3.10/site-packages/airflow/example_dags/example_short_circuit_decorator.py
[2025-02-19T07:01:21.947+0000] {processor.py:830} INFO - Processing file /home/airflow/.local/lib/python3.10/site-packages/airflow/example_dags/example_short_circuit_decorator.py for tasks to queue
[2025-02-19T07:01:21.949+0000] {logging_mixin.py:188} INFO - [2025-02-19T07:01:21.948+0000] {dagbag.py:538} INFO - Filling up the DagBag from /home/airflow/.local/lib/python3.10/site-packages/airflow/example_dags/example_short_circuit_decorator.py
[2025-02-19T07:01:21.969+0000] {processor.py:840} INFO - DAG(s) 'example_short_circuit_decorator' retrieved from /home/airflow/.local/lib/python3.10/site-packages/airflow/example_dags/example_short_circuit_decorator.py
[2025-02-19T07:01:22.028+0000] {logging_mixin.py:188} INFO - [2025-02-19T07:01:22.027+0000] {dag.py:3036} INFO - Sync 1 DAGs
[2025-02-19T07:01:22.083+0000] {logging_mixin.py:188} INFO - [2025-02-19T07:01:22.083+0000] {dag.py:3823} INFO - Setting next_dagrun for example_short_circuit_decorator to 2025-02-18 00:00:00+00:00, run_after=2025-02-19 00:00:00+00:00
[2025-02-19T07:01:22.226+0000] {processor.py:183} INFO - Processing /home/airflow/.local/lib/python3.10/site-packages/airflow/example_dags/example_short_circuit_decorator.py took 0.289 seconds
[2025-02-19T07:03:00.671+0000] {processor.py:161} INFO - Started process (PID=759) to work on /home/airflow/.local/lib/python3.10/site-packages/airflow/example_dags/example_short_circuit_decorator.py
[2025-02-19T07:03:00.673+0000] {processor.py:830} INFO - Processing file /home/airflow/.local/lib/python3.10/site-packages/airflow/example_dags/example_short_circuit_decorator.py for tasks to queue
[2025-02-19T07:03:00.676+0000] {logging_mixin.py:188} INFO - [2025-02-19T07:03:00.675+0000] {dagbag.py:538} INFO - Filling up the DagBag from /home/airflow/.local/lib/python3.10/site-packages/airflow/example_dags/example_short_circuit_decorator.py
[2025-02-19T07:03:00.717+0000] {processor.py:840} INFO - DAG(s) 'example_short_circuit_decorator' retrieved from /home/airflow/.local/lib/python3.10/site-packages/airflow/example_dags/example_short_circuit_decorator.py
[2025-02-19T07:03:00.815+0000] {logging_mixin.py:188} INFO - [2025-02-19T07:03:00.814+0000] {dag.py:3036} INFO - Sync 1 DAGs
[2025-02-19T07:03:00.887+0000] {logging_mixin.py:188} INFO - [2025-02-19T07:03:00.886+0000] {dag.py:3823} INFO - Setting next_dagrun for example_short_circuit_decorator to 2025-02-18 00:00:00+00:00, run_after=2025-02-19 00:00:00+00:00
[2025-02-19T07:03:01.070+0000] {processor.py:183} INFO - Processing /home/airflow/.local/lib/python3.10/site-packages/airflow/example_dags/example_short_circuit_decorator.py took 0.406 seconds
[2025-02-19T07:05:06.816+0000] {processor.py:161} INFO - Started process (PID=819) to work on /home/airflow/.local/lib/python3.10/site-packages/airflow/example_dags/example_short_circuit_decorator.py
[2025-02-19T07:05:06.869+0000] {processor.py:830} INFO - Processing file /home/airflow/.local/lib/python3.10/site-packages/airflow/example_dags/example_short_circuit_decorator.py for tasks to queue
[2025-02-19T07:05:06.931+0000] {logging_mixin.py:188} INFO - [2025-02-19T07:05:06.916+0000] {dagbag.py:538} INFO - Filling up the DagBag from /home/airflow/.local/lib/python3.10/site-packages/airflow/example_dags/example_short_circuit_decorator.py
[2025-02-19T07:05:07.077+0000] {processor.py:840} INFO - DAG(s) 'example_short_circuit_decorator' retrieved from /home/airflow/.local/lib/python3.10/site-packages/airflow/example_dags/example_short_circuit_decorator.py
[2025-02-19T07:05:07.406+0000] {logging_mixin.py:188} INFO - [2025-02-19T07:05:07.405+0000] {dag.py:3036} INFO - Sync 1 DAGs
[2025-02-19T07:05:07.695+0000] {logging_mixin.py:188} INFO - [2025-02-19T07:05:07.694+0000] {dag.py:3823} INFO - Setting next_dagrun for example_short_circuit_decorator to 2025-02-18 00:00:00+00:00, run_after=2025-02-19 00:00:00+00:00
[2025-02-19T07:05:08.711+0000] {processor.py:183} INFO - Processing /home/airflow/.local/lib/python3.10/site-packages/airflow/example_dags/example_short_circuit_decorator.py took 2.111 seconds
[2025-02-19T07:06:35.417+0000] {processor.py:161} INFO - Started process (PID=851) to work on /home/airflow/.local/lib/python3.10/site-packages/airflow/example_dags/example_short_circuit_decorator.py
[2025-02-19T07:06:35.420+0000] {processor.py:830} INFO - Processing file /home/airflow/.local/lib/python3.10/site-packages/airflow/example_dags/example_short_circuit_decorator.py for tasks to queue
[2025-02-19T07:06:35.426+0000] {logging_mixin.py:188} INFO - [2025-02-19T07:06:35.424+0000] {dagbag.py:538} INFO - Filling up the DagBag from /home/airflow/.local/lib/python3.10/site-packages/airflow/example_dags/example_short_circuit_decorator.py
[2025-02-19T07:06:35.476+0000] {processor.py:840} INFO - DAG(s) 'example_short_circuit_decorator' retrieved from /home/airflow/.local/lib/python3.10/site-packages/airflow/example_dags/example_short_circuit_decorator.py
[2025-02-19T07:06:35.609+0000] {logging_mixin.py:188} INFO - [2025-02-19T07:06:35.608+0000] {dag.py:3036} INFO - Sync 1 DAGs
[2025-02-19T07:06:35.737+0000] {logging_mixin.py:188} INFO - [2025-02-19T07:06:35.736+0000] {dag.py:3823} INFO - Setting next_dagrun for example_short_circuit_decorator to 2025-02-18 00:00:00+00:00, run_after=2025-02-19 00:00:00+00:00
[2025-02-19T07:06:36.030+0000] {processor.py:183} INFO - Processing /home/airflow/.local/lib/python3.10/site-packages/airflow/example_dags/example_short_circuit_decorator.py took 0.632 seconds
[2025-02-19T07:08:00.711+0000] {processor.py:161} INFO - Started process (PID=890) to work on /home/airflow/.local/lib/python3.10/site-packages/airflow/example_dags/example_short_circuit_decorator.py
[2025-02-19T07:08:00.723+0000] {processor.py:830} INFO - Processing file /home/airflow/.local/lib/python3.10/site-packages/airflow/example_dags/example_short_circuit_decorator.py for tasks to queue
[2025-02-19T07:08:00.727+0000] {logging_mixin.py:188} INFO - [2025-02-19T07:08:00.726+0000] {dagbag.py:538} INFO - Filling up the DagBag from /home/airflow/.local/lib/python3.10/site-packages/airflow/example_dags/example_short_circuit_decorator.py
[2025-02-19T07:08:00.819+0000] {processor.py:840} INFO - DAG(s) 'example_short_circuit_decorator' retrieved from /home/airflow/.local/lib/python3.10/site-packages/airflow/example_dags/example_short_circuit_decorator.py
[2025-02-19T07:08:00.993+0000] {logging_mixin.py:188} INFO - [2025-02-19T07:08:00.992+0000] {dag.py:3036} INFO - Sync 1 DAGs
[2025-02-19T07:08:01.162+0000] {logging_mixin.py:188} INFO - [2025-02-19T07:08:01.156+0000] {dag.py:3823} INFO - Setting next_dagrun for example_short_circuit_decorator to 2025-02-18 00:00:00+00:00, run_after=2025-02-19 00:00:00+00:00
[2025-02-19T07:08:01.377+0000] {processor.py:183} INFO - Processing /home/airflow/.local/lib/python3.10/site-packages/airflow/example_dags/example_short_circuit_decorator.py took 0.685 seconds
