[2025-02-19T05:56:16.347+0000] {processor.py:161} INFO - Started process (PID=58) to work on /home/airflow/.local/lib/python3.10/site-packages/airflow/example_dags/example_task_group_decorator.py
[2025-02-19T05:56:16.354+0000] {processor.py:830} INFO - Processing file /home/airflow/.local/lib/python3.10/site-packages/airflow/example_dags/example_task_group_decorator.py for tasks to queue
[2025-02-19T05:56:16.357+0000] {logging_mixin.py:188} INFO - [2025-02-19T05:56:16.356+0000] {dagbag.py:538} INFO - Filling up the DagBag from /home/airflow/.local/lib/python3.10/site-packages/airflow/example_dags/example_task_group_decorator.py
[2025-02-19T05:56:16.424+0000] {processor.py:840} INFO - DAG(s) 'example_task_group_decorator' retrieved from /home/airflow/.local/lib/python3.10/site-packages/airflow/example_dags/example_task_group_decorator.py
[2025-02-19T05:56:16.526+0000] {logging_mixin.py:188} INFO - [2025-02-19T05:56:16.525+0000] {dag.py:3036} INFO - Sync 1 DAGs
[2025-02-19T05:56:16.936+0000] {logging_mixin.py:188} INFO - [2025-02-19T05:56:16.936+0000] {dag.py:3823} INFO - Setting next_dagrun for example_task_group_decorator to 2025-02-18 00:00:00+00:00, run_after=2025-02-19 00:00:00+00:00
[2025-02-19T05:56:17.579+0000] {processor.py:183} INFO - Processing /home/airflow/.local/lib/python3.10/site-packages/airflow/example_dags/example_task_group_decorator.py took 1.243 seconds
[2025-02-19T05:58:47.017+0000] {processor.py:161} INFO - Started process (PID=107) to work on /home/airflow/.local/lib/python3.10/site-packages/airflow/example_dags/example_task_group_decorator.py
[2025-02-19T05:58:47.021+0000] {processor.py:830} INFO - Processing file /home/airflow/.local/lib/python3.10/site-packages/airflow/example_dags/example_task_group_decorator.py for tasks to queue
[2025-02-19T05:58:47.024+0000] {logging_mixin.py:188} INFO - [2025-02-19T05:58:47.023+0000] {dagbag.py:538} INFO - Filling up the DagBag from /home/airflow/.local/lib/python3.10/site-packages/airflow/example_dags/example_task_group_decorator.py
[2025-02-19T05:58:47.122+0000] {processor.py:840} INFO - DAG(s) 'example_task_group_decorator' retrieved from /home/airflow/.local/lib/python3.10/site-packages/airflow/example_dags/example_task_group_decorator.py
[2025-02-19T05:58:47.237+0000] {logging_mixin.py:188} INFO - [2025-02-19T05:58:47.237+0000] {dag.py:3036} INFO - Sync 1 DAGs
[2025-02-19T05:58:47.472+0000] {logging_mixin.py:188} INFO - [2025-02-19T05:58:47.472+0000] {dag.py:3823} INFO - Setting next_dagrun for example_task_group_decorator to 2025-02-18 00:00:00+00:00, run_after=2025-02-19 00:00:00+00:00
[2025-02-19T05:58:47.684+0000] {processor.py:183} INFO - Processing /home/airflow/.local/lib/python3.10/site-packages/airflow/example_dags/example_task_group_decorator.py took 0.688 seconds
[2025-02-19T06:00:48.332+0000] {processor.py:161} INFO - Started process (PID=173) to work on /home/airflow/.local/lib/python3.10/site-packages/airflow/example_dags/example_task_group_decorator.py
[2025-02-19T06:00:48.334+0000] {processor.py:830} INFO - Processing file /home/airflow/.local/lib/python3.10/site-packages/airflow/example_dags/example_task_group_decorator.py for tasks to queue
[2025-02-19T06:00:48.337+0000] {logging_mixin.py:188} INFO - [2025-02-19T06:00:48.336+0000] {dagbag.py:538} INFO - Filling up the DagBag from /home/airflow/.local/lib/python3.10/site-packages/airflow/example_dags/example_task_group_decorator.py
[2025-02-19T06:00:48.399+0000] {processor.py:840} INFO - DAG(s) 'example_task_group_decorator' retrieved from /home/airflow/.local/lib/python3.10/site-packages/airflow/example_dags/example_task_group_decorator.py
[2025-02-19T06:00:48.505+0000] {logging_mixin.py:188} INFO - [2025-02-19T06:00:48.505+0000] {dag.py:3036} INFO - Sync 1 DAGs
[2025-02-19T06:00:48.589+0000] {logging_mixin.py:188} INFO - [2025-02-19T06:00:48.588+0000] {dag.py:3823} INFO - Setting next_dagrun for example_task_group_decorator to 2025-02-18 00:00:00+00:00, run_after=2025-02-19 00:00:00+00:00
[2025-02-19T06:00:49.458+0000] {processor.py:183} INFO - Processing /home/airflow/.local/lib/python3.10/site-packages/airflow/example_dags/example_task_group_decorator.py took 1.139 seconds
[2025-02-19T06:02:43.584+0000] {processor.py:161} INFO - Started process (PID=239) to work on /home/airflow/.local/lib/python3.10/site-packages/airflow/example_dags/example_task_group_decorator.py
[2025-02-19T06:02:43.586+0000] {processor.py:830} INFO - Processing file /home/airflow/.local/lib/python3.10/site-packages/airflow/example_dags/example_task_group_decorator.py for tasks to queue
[2025-02-19T06:02:43.589+0000] {logging_mixin.py:188} INFO - [2025-02-19T06:02:43.588+0000] {dagbag.py:538} INFO - Filling up the DagBag from /home/airflow/.local/lib/python3.10/site-packages/airflow/example_dags/example_task_group_decorator.py
[2025-02-19T06:02:43.627+0000] {processor.py:840} INFO - DAG(s) 'example_task_group_decorator' retrieved from /home/airflow/.local/lib/python3.10/site-packages/airflow/example_dags/example_task_group_decorator.py
[2025-02-19T06:02:43.695+0000] {logging_mixin.py:188} INFO - [2025-02-19T06:02:43.694+0000] {dag.py:3036} INFO - Sync 1 DAGs
[2025-02-19T06:02:43.746+0000] {logging_mixin.py:188} INFO - [2025-02-19T06:02:43.745+0000] {dag.py:3823} INFO - Setting next_dagrun for example_task_group_decorator to 2025-02-18 00:00:00+00:00, run_after=2025-02-19 00:00:00+00:00
[2025-02-19T06:02:43.861+0000] {processor.py:183} INFO - Processing /home/airflow/.local/lib/python3.10/site-packages/airflow/example_dags/example_task_group_decorator.py took 0.284 seconds
[2025-02-19T06:04:22.479+0000] {processor.py:161} INFO - Started process (PID=300) to work on /home/airflow/.local/lib/python3.10/site-packages/airflow/example_dags/example_task_group_decorator.py
[2025-02-19T06:04:22.481+0000] {processor.py:830} INFO - Processing file /home/airflow/.local/lib/python3.10/site-packages/airflow/example_dags/example_task_group_decorator.py for tasks to queue
[2025-02-19T06:04:22.485+0000] {logging_mixin.py:188} INFO - [2025-02-19T06:04:22.484+0000] {dagbag.py:538} INFO - Filling up the DagBag from /home/airflow/.local/lib/python3.10/site-packages/airflow/example_dags/example_task_group_decorator.py
[2025-02-19T06:04:22.531+0000] {processor.py:840} INFO - DAG(s) 'example_task_group_decorator' retrieved from /home/airflow/.local/lib/python3.10/site-packages/airflow/example_dags/example_task_group_decorator.py
[2025-02-19T06:04:22.589+0000] {logging_mixin.py:188} INFO - [2025-02-19T06:04:22.589+0000] {dag.py:3036} INFO - Sync 1 DAGs
[2025-02-19T06:04:22.640+0000] {logging_mixin.py:188} INFO - [2025-02-19T06:04:22.640+0000] {dag.py:3823} INFO - Setting next_dagrun for example_task_group_decorator to 2025-02-18 00:00:00+00:00, run_after=2025-02-19 00:00:00+00:00
[2025-02-19T06:04:22.786+0000] {processor.py:183} INFO - Processing /home/airflow/.local/lib/python3.10/site-packages/airflow/example_dags/example_task_group_decorator.py took 0.314 seconds
[2025-02-19T06:06:12.753+0000] {processor.py:161} INFO - Started process (PID=364) to work on /home/airflow/.local/lib/python3.10/site-packages/airflow/example_dags/example_task_group_decorator.py
[2025-02-19T06:06:12.757+0000] {processor.py:830} INFO - Processing file /home/airflow/.local/lib/python3.10/site-packages/airflow/example_dags/example_task_group_decorator.py for tasks to queue
[2025-02-19T06:06:12.768+0000] {logging_mixin.py:188} INFO - [2025-02-19T06:06:12.767+0000] {dagbag.py:538} INFO - Filling up the DagBag from /home/airflow/.local/lib/python3.10/site-packages/airflow/example_dags/example_task_group_decorator.py
[2025-02-19T06:06:12.858+0000] {processor.py:840} INFO - DAG(s) 'example_task_group_decorator' retrieved from /home/airflow/.local/lib/python3.10/site-packages/airflow/example_dags/example_task_group_decorator.py
[2025-02-19T06:06:13.035+0000] {logging_mixin.py:188} INFO - [2025-02-19T06:06:13.034+0000] {dag.py:3036} INFO - Sync 1 DAGs
[2025-02-19T06:06:13.159+0000] {logging_mixin.py:188} INFO - [2025-02-19T06:06:13.159+0000] {dag.py:3823} INFO - Setting next_dagrun for example_task_group_decorator to 2025-02-18 00:00:00+00:00, run_after=2025-02-19 00:00:00+00:00
[2025-02-19T06:06:13.471+0000] {processor.py:183} INFO - Processing /home/airflow/.local/lib/python3.10/site-packages/airflow/example_dags/example_task_group_decorator.py took 0.737 seconds
[2025-02-19T06:07:52.873+0000] {processor.py:161} INFO - Started process (PID=410) to work on /home/airflow/.local/lib/python3.10/site-packages/airflow/example_dags/example_task_group_decorator.py
[2025-02-19T06:07:52.885+0000] {processor.py:830} INFO - Processing file /home/airflow/.local/lib/python3.10/site-packages/airflow/example_dags/example_task_group_decorator.py for tasks to queue
[2025-02-19T06:07:52.888+0000] {logging_mixin.py:188} INFO - [2025-02-19T06:07:52.887+0000] {dagbag.py:538} INFO - Filling up the DagBag from /home/airflow/.local/lib/python3.10/site-packages/airflow/example_dags/example_task_group_decorator.py
[2025-02-19T06:07:52.976+0000] {processor.py:840} INFO - DAG(s) 'example_task_group_decorator' retrieved from /home/airflow/.local/lib/python3.10/site-packages/airflow/example_dags/example_task_group_decorator.py
[2025-02-19T06:07:53.127+0000] {logging_mixin.py:188} INFO - [2025-02-19T06:07:53.126+0000] {dag.py:3036} INFO - Sync 1 DAGs
[2025-02-19T06:07:53.248+0000] {logging_mixin.py:188} INFO - [2025-02-19T06:07:53.247+0000] {dag.py:3823} INFO - Setting next_dagrun for example_task_group_decorator to 2025-02-18 00:00:00+00:00, run_after=2025-02-19 00:00:00+00:00
[2025-02-19T06:07:53.427+0000] {processor.py:183} INFO - Processing /home/airflow/.local/lib/python3.10/site-packages/airflow/example_dags/example_task_group_decorator.py took 0.564 seconds
[2025-02-19T06:09:38.115+0000] {processor.py:161} INFO - Started process (PID=473) to work on /home/airflow/.local/lib/python3.10/site-packages/airflow/example_dags/example_task_group_decorator.py
[2025-02-19T06:09:38.118+0000] {processor.py:830} INFO - Processing file /home/airflow/.local/lib/python3.10/site-packages/airflow/example_dags/example_task_group_decorator.py for tasks to queue
[2025-02-19T06:09:38.129+0000] {logging_mixin.py:188} INFO - [2025-02-19T06:09:38.127+0000] {dagbag.py:538} INFO - Filling up the DagBag from /home/airflow/.local/lib/python3.10/site-packages/airflow/example_dags/example_task_group_decorator.py
[2025-02-19T06:09:38.211+0000] {processor.py:840} INFO - DAG(s) 'example_task_group_decorator' retrieved from /home/airflow/.local/lib/python3.10/site-packages/airflow/example_dags/example_task_group_decorator.py
[2025-02-19T06:09:38.348+0000] {logging_mixin.py:188} INFO - [2025-02-19T06:09:38.348+0000] {dag.py:3036} INFO - Sync 1 DAGs
[2025-02-19T06:09:38.493+0000] {logging_mixin.py:188} INFO - [2025-02-19T06:09:38.492+0000] {dag.py:3823} INFO - Setting next_dagrun for example_task_group_decorator to 2025-02-18 00:00:00+00:00, run_after=2025-02-19 00:00:00+00:00
[2025-02-19T06:09:38.751+0000] {processor.py:183} INFO - Processing /home/airflow/.local/lib/python3.10/site-packages/airflow/example_dags/example_task_group_decorator.py took 0.647 seconds
[2025-02-19T06:11:24.863+0000] {processor.py:161} INFO - Started process (PID=536) to work on /home/airflow/.local/lib/python3.10/site-packages/airflow/example_dags/example_task_group_decorator.py
[2025-02-19T06:11:24.866+0000] {processor.py:830} INFO - Processing file /home/airflow/.local/lib/python3.10/site-packages/airflow/example_dags/example_task_group_decorator.py for tasks to queue
[2025-02-19T06:11:24.873+0000] {logging_mixin.py:188} INFO - [2025-02-19T06:11:24.871+0000] {dagbag.py:538} INFO - Filling up the DagBag from /home/airflow/.local/lib/python3.10/site-packages/airflow/example_dags/example_task_group_decorator.py
[2025-02-19T06:11:24.940+0000] {processor.py:840} INFO - DAG(s) 'example_task_group_decorator' retrieved from /home/airflow/.local/lib/python3.10/site-packages/airflow/example_dags/example_task_group_decorator.py
[2025-02-19T06:11:25.035+0000] {logging_mixin.py:188} INFO - [2025-02-19T06:11:25.034+0000] {dag.py:3036} INFO - Sync 1 DAGs
[2025-02-19T06:11:25.125+0000] {logging_mixin.py:188} INFO - [2025-02-19T06:11:25.125+0000] {dag.py:3823} INFO - Setting next_dagrun for example_task_group_decorator to 2025-02-18 00:00:00+00:00, run_after=2025-02-19 00:00:00+00:00
[2025-02-19T06:11:25.322+0000] {processor.py:183} INFO - Processing /home/airflow/.local/lib/python3.10/site-packages/airflow/example_dags/example_task_group_decorator.py took 0.464 seconds
[2025-02-19T06:13:17.603+0000] {processor.py:161} INFO - Started process (PID=601) to work on /home/airflow/.local/lib/python3.10/site-packages/airflow/example_dags/example_task_group_decorator.py
[2025-02-19T06:13:17.608+0000] {processor.py:830} INFO - Processing file /home/airflow/.local/lib/python3.10/site-packages/airflow/example_dags/example_task_group_decorator.py for tasks to queue
[2025-02-19T06:13:17.612+0000] {logging_mixin.py:188} INFO - [2025-02-19T06:13:17.611+0000] {dagbag.py:538} INFO - Filling up the DagBag from /home/airflow/.local/lib/python3.10/site-packages/airflow/example_dags/example_task_group_decorator.py
[2025-02-19T06:13:17.696+0000] {processor.py:840} INFO - DAG(s) 'example_task_group_decorator' retrieved from /home/airflow/.local/lib/python3.10/site-packages/airflow/example_dags/example_task_group_decorator.py
[2025-02-19T06:13:17.805+0000] {logging_mixin.py:188} INFO - [2025-02-19T06:13:17.804+0000] {dag.py:3036} INFO - Sync 1 DAGs
[2025-02-19T06:13:17.929+0000] {logging_mixin.py:188} INFO - [2025-02-19T06:13:17.929+0000] {dag.py:3823} INFO - Setting next_dagrun for example_task_group_decorator to 2025-02-18 00:00:00+00:00, run_after=2025-02-19 00:00:00+00:00
[2025-02-19T06:13:18.086+0000] {processor.py:183} INFO - Processing /home/airflow/.local/lib/python3.10/site-packages/airflow/example_dags/example_task_group_decorator.py took 0.494 seconds
[2025-02-19T06:14:55.207+0000] {processor.py:161} INFO - Started process (PID=662) to work on /home/airflow/.local/lib/python3.10/site-packages/airflow/example_dags/example_task_group_decorator.py
[2025-02-19T06:14:55.210+0000] {processor.py:830} INFO - Processing file /home/airflow/.local/lib/python3.10/site-packages/airflow/example_dags/example_task_group_decorator.py for tasks to queue
[2025-02-19T06:14:55.213+0000] {logging_mixin.py:188} INFO - [2025-02-19T06:14:55.212+0000] {dagbag.py:538} INFO - Filling up the DagBag from /home/airflow/.local/lib/python3.10/site-packages/airflow/example_dags/example_task_group_decorator.py
[2025-02-19T06:14:55.291+0000] {processor.py:840} INFO - DAG(s) 'example_task_group_decorator' retrieved from /home/airflow/.local/lib/python3.10/site-packages/airflow/example_dags/example_task_group_decorator.py
[2025-02-19T06:14:55.390+0000] {logging_mixin.py:188} INFO - [2025-02-19T06:14:55.389+0000] {dag.py:3036} INFO - Sync 1 DAGs
[2025-02-19T06:14:55.480+0000] {logging_mixin.py:188} INFO - [2025-02-19T06:14:55.479+0000] {dag.py:3823} INFO - Setting next_dagrun for example_task_group_decorator to 2025-02-18 00:00:00+00:00, run_after=2025-02-19 00:00:00+00:00
[2025-02-19T06:14:55.624+0000] {processor.py:183} INFO - Processing /home/airflow/.local/lib/python3.10/site-packages/airflow/example_dags/example_task_group_decorator.py took 0.429 seconds
[2025-02-19T06:16:34.977+0000] {processor.py:161} INFO - Started process (PID=722) to work on /home/airflow/.local/lib/python3.10/site-packages/airflow/example_dags/example_task_group_decorator.py
[2025-02-19T06:16:34.980+0000] {processor.py:830} INFO - Processing file /home/airflow/.local/lib/python3.10/site-packages/airflow/example_dags/example_task_group_decorator.py for tasks to queue
[2025-02-19T06:16:34.983+0000] {logging_mixin.py:188} INFO - [2025-02-19T06:16:34.982+0000] {dagbag.py:538} INFO - Filling up the DagBag from /home/airflow/.local/lib/python3.10/site-packages/airflow/example_dags/example_task_group_decorator.py
[2025-02-19T06:16:35.111+0000] {processor.py:840} INFO - DAG(s) 'example_task_group_decorator' retrieved from /home/airflow/.local/lib/python3.10/site-packages/airflow/example_dags/example_task_group_decorator.py
[2025-02-19T06:16:35.244+0000] {logging_mixin.py:188} INFO - [2025-02-19T06:16:35.243+0000] {dag.py:3036} INFO - Sync 1 DAGs
[2025-02-19T06:16:35.376+0000] {logging_mixin.py:188} INFO - [2025-02-19T06:16:35.375+0000] {dag.py:3823} INFO - Setting next_dagrun for example_task_group_decorator to 2025-02-18 00:00:00+00:00, run_after=2025-02-19 00:00:00+00:00
[2025-02-19T06:16:35.679+0000] {processor.py:183} INFO - Processing /home/airflow/.local/lib/python3.10/site-packages/airflow/example_dags/example_task_group_decorator.py took 0.721 seconds
[2025-02-19T06:18:32.815+0000] {processor.py:161} INFO - Started process (PID=790) to work on /home/airflow/.local/lib/python3.10/site-packages/airflow/example_dags/example_task_group_decorator.py
[2025-02-19T06:18:32.817+0000] {processor.py:830} INFO - Processing file /home/airflow/.local/lib/python3.10/site-packages/airflow/example_dags/example_task_group_decorator.py for tasks to queue
[2025-02-19T06:18:32.819+0000] {logging_mixin.py:188} INFO - [2025-02-19T06:18:32.819+0000] {dagbag.py:538} INFO - Filling up the DagBag from /home/airflow/.local/lib/python3.10/site-packages/airflow/example_dags/example_task_group_decorator.py
[2025-02-19T06:18:32.860+0000] {processor.py:840} INFO - DAG(s) 'example_task_group_decorator' retrieved from /home/airflow/.local/lib/python3.10/site-packages/airflow/example_dags/example_task_group_decorator.py
[2025-02-19T06:18:32.922+0000] {logging_mixin.py:188} INFO - [2025-02-19T06:18:32.921+0000] {dag.py:3036} INFO - Sync 1 DAGs
[2025-02-19T06:18:32.978+0000] {logging_mixin.py:188} INFO - [2025-02-19T06:18:32.978+0000] {dag.py:3823} INFO - Setting next_dagrun for example_task_group_decorator to 2025-02-18 00:00:00+00:00, run_after=2025-02-19 00:00:00+00:00
[2025-02-19T06:18:33.129+0000] {processor.py:183} INFO - Processing /home/airflow/.local/lib/python3.10/site-packages/airflow/example_dags/example_task_group_decorator.py took 0.320 seconds
[2025-02-19T06:20:03.332+0000] {processor.py:161} INFO - Started process (PID=849) to work on /home/airflow/.local/lib/python3.10/site-packages/airflow/example_dags/example_task_group_decorator.py
[2025-02-19T06:20:03.335+0000] {processor.py:830} INFO - Processing file /home/airflow/.local/lib/python3.10/site-packages/airflow/example_dags/example_task_group_decorator.py for tasks to queue
[2025-02-19T06:20:03.337+0000] {logging_mixin.py:188} INFO - [2025-02-19T06:20:03.336+0000] {dagbag.py:538} INFO - Filling up the DagBag from /home/airflow/.local/lib/python3.10/site-packages/airflow/example_dags/example_task_group_decorator.py
[2025-02-19T06:20:03.371+0000] {processor.py:840} INFO - DAG(s) 'example_task_group_decorator' retrieved from /home/airflow/.local/lib/python3.10/site-packages/airflow/example_dags/example_task_group_decorator.py
[2025-02-19T06:20:03.447+0000] {logging_mixin.py:188} INFO - [2025-02-19T06:20:03.447+0000] {dag.py:3036} INFO - Sync 1 DAGs
[2025-02-19T06:20:03.510+0000] {logging_mixin.py:188} INFO - [2025-02-19T06:20:03.509+0000] {dag.py:3823} INFO - Setting next_dagrun for example_task_group_decorator to 2025-02-18 00:00:00+00:00, run_after=2025-02-19 00:00:00+00:00
[2025-02-19T06:20:03.649+0000] {processor.py:183} INFO - Processing /home/airflow/.local/lib/python3.10/site-packages/airflow/example_dags/example_task_group_decorator.py took 0.324 seconds
[2025-02-19T06:21:51.280+0000] {processor.py:161} INFO - Started process (PID=911) to work on /home/airflow/.local/lib/python3.10/site-packages/airflow/example_dags/example_task_group_decorator.py
[2025-02-19T06:21:51.292+0000] {processor.py:830} INFO - Processing file /home/airflow/.local/lib/python3.10/site-packages/airflow/example_dags/example_task_group_decorator.py for tasks to queue
[2025-02-19T06:21:51.295+0000] {logging_mixin.py:188} INFO - [2025-02-19T06:21:51.294+0000] {dagbag.py:538} INFO - Filling up the DagBag from /home/airflow/.local/lib/python3.10/site-packages/airflow/example_dags/example_task_group_decorator.py
[2025-02-19T06:21:51.391+0000] {processor.py:840} INFO - DAG(s) 'example_task_group_decorator' retrieved from /home/airflow/.local/lib/python3.10/site-packages/airflow/example_dags/example_task_group_decorator.py
[2025-02-19T06:21:51.522+0000] {logging_mixin.py:188} INFO - [2025-02-19T06:21:51.521+0000] {dag.py:3036} INFO - Sync 1 DAGs
[2025-02-19T06:21:51.681+0000] {logging_mixin.py:188} INFO - [2025-02-19T06:21:51.681+0000] {dag.py:3823} INFO - Setting next_dagrun for example_task_group_decorator to 2025-02-18 00:00:00+00:00, run_after=2025-02-19 00:00:00+00:00
[2025-02-19T06:21:51.881+0000] {processor.py:183} INFO - Processing /home/airflow/.local/lib/python3.10/site-packages/airflow/example_dags/example_task_group_decorator.py took 0.608 seconds
[2025-02-19T06:23:57.368+0000] {processor.py:161} INFO - Started process (PID=975) to work on /home/airflow/.local/lib/python3.10/site-packages/airflow/example_dags/example_task_group_decorator.py
[2025-02-19T06:23:57.371+0000] {processor.py:830} INFO - Processing file /home/airflow/.local/lib/python3.10/site-packages/airflow/example_dags/example_task_group_decorator.py for tasks to queue
[2025-02-19T06:23:57.381+0000] {logging_mixin.py:188} INFO - [2025-02-19T06:23:57.380+0000] {dagbag.py:538} INFO - Filling up the DagBag from /home/airflow/.local/lib/python3.10/site-packages/airflow/example_dags/example_task_group_decorator.py
[2025-02-19T06:23:57.465+0000] {processor.py:840} INFO - DAG(s) 'example_task_group_decorator' retrieved from /home/airflow/.local/lib/python3.10/site-packages/airflow/example_dags/example_task_group_decorator.py
[2025-02-19T06:23:57.640+0000] {logging_mixin.py:188} INFO - [2025-02-19T06:23:57.640+0000] {dag.py:3036} INFO - Sync 1 DAGs
[2025-02-19T06:23:57.789+0000] {logging_mixin.py:188} INFO - [2025-02-19T06:23:57.788+0000] {dag.py:3823} INFO - Setting next_dagrun for example_task_group_decorator to 2025-02-18 00:00:00+00:00, run_after=2025-02-19 00:00:00+00:00
[2025-02-19T06:23:57.988+0000] {processor.py:183} INFO - Processing /home/airflow/.local/lib/python3.10/site-packages/airflow/example_dags/example_task_group_decorator.py took 0.634 seconds
[2025-02-19T06:26:06.384+0000] {processor.py:161} INFO - Started process (PID=1043) to work on /home/airflow/.local/lib/python3.10/site-packages/airflow/example_dags/example_task_group_decorator.py
[2025-02-19T06:26:06.396+0000] {processor.py:830} INFO - Processing file /home/airflow/.local/lib/python3.10/site-packages/airflow/example_dags/example_task_group_decorator.py for tasks to queue
[2025-02-19T06:26:06.399+0000] {logging_mixin.py:188} INFO - [2025-02-19T06:26:06.398+0000] {dagbag.py:538} INFO - Filling up the DagBag from /home/airflow/.local/lib/python3.10/site-packages/airflow/example_dags/example_task_group_decorator.py
[2025-02-19T06:26:06.518+0000] {processor.py:840} INFO - DAG(s) 'example_task_group_decorator' retrieved from /home/airflow/.local/lib/python3.10/site-packages/airflow/example_dags/example_task_group_decorator.py
[2025-02-19T06:26:06.645+0000] {logging_mixin.py:188} INFO - [2025-02-19T06:26:06.644+0000] {dag.py:3036} INFO - Sync 1 DAGs
[2025-02-19T06:26:06.731+0000] {logging_mixin.py:188} INFO - [2025-02-19T06:26:06.730+0000] {dag.py:3823} INFO - Setting next_dagrun for example_task_group_decorator to 2025-02-18 00:00:00+00:00, run_after=2025-02-19 00:00:00+00:00
[2025-02-19T06:26:06.899+0000] {processor.py:183} INFO - Processing /home/airflow/.local/lib/python3.10/site-packages/airflow/example_dags/example_task_group_decorator.py took 0.527 seconds
[2025-02-19T06:30:41.660+0000] {processor.py:161} INFO - Started process (PID=58) to work on /home/airflow/.local/lib/python3.10/site-packages/airflow/example_dags/example_task_group_decorator.py
[2025-02-19T06:30:41.665+0000] {processor.py:830} INFO - Processing file /home/airflow/.local/lib/python3.10/site-packages/airflow/example_dags/example_task_group_decorator.py for tasks to queue
[2025-02-19T06:30:41.669+0000] {logging_mixin.py:188} INFO - [2025-02-19T06:30:41.667+0000] {dagbag.py:538} INFO - Filling up the DagBag from /home/airflow/.local/lib/python3.10/site-packages/airflow/example_dags/example_task_group_decorator.py
[2025-02-19T06:30:41.783+0000] {processor.py:840} INFO - DAG(s) 'example_task_group_decorator' retrieved from /home/airflow/.local/lib/python3.10/site-packages/airflow/example_dags/example_task_group_decorator.py
[2025-02-19T06:30:42.023+0000] {logging_mixin.py:188} INFO - [2025-02-19T06:30:42.022+0000] {dag.py:3036} INFO - Sync 1 DAGs
[2025-02-19T06:30:42.276+0000] {logging_mixin.py:188} INFO - [2025-02-19T06:30:42.276+0000] {dag.py:3823} INFO - Setting next_dagrun for example_task_group_decorator to 2025-02-18 00:00:00+00:00, run_after=2025-02-19 00:00:00+00:00
[2025-02-19T06:30:42.573+0000] {processor.py:183} INFO - Processing /home/airflow/.local/lib/python3.10/site-packages/airflow/example_dags/example_task_group_decorator.py took 0.930 seconds
[2025-02-19T06:32:16.994+0000] {processor.py:161} INFO - Started process (PID=107) to work on /home/airflow/.local/lib/python3.10/site-packages/airflow/example_dags/example_task_group_decorator.py
[2025-02-19T06:32:17.005+0000] {processor.py:830} INFO - Processing file /home/airflow/.local/lib/python3.10/site-packages/airflow/example_dags/example_task_group_decorator.py for tasks to queue
[2025-02-19T06:32:17.008+0000] {logging_mixin.py:188} INFO - [2025-02-19T06:32:17.007+0000] {dagbag.py:538} INFO - Filling up the DagBag from /home/airflow/.local/lib/python3.10/site-packages/airflow/example_dags/example_task_group_decorator.py
[2025-02-19T06:32:17.096+0000] {processor.py:840} INFO - DAG(s) 'example_task_group_decorator' retrieved from /home/airflow/.local/lib/python3.10/site-packages/airflow/example_dags/example_task_group_decorator.py
[2025-02-19T06:32:17.292+0000] {logging_mixin.py:188} INFO - [2025-02-19T06:32:17.291+0000] {dag.py:3036} INFO - Sync 1 DAGs
[2025-02-19T06:32:17.496+0000] {logging_mixin.py:188} INFO - [2025-02-19T06:32:17.496+0000] {dag.py:3823} INFO - Setting next_dagrun for example_task_group_decorator to 2025-02-18 00:00:00+00:00, run_after=2025-02-19 00:00:00+00:00
[2025-02-19T06:32:17.762+0000] {processor.py:183} INFO - Processing /home/airflow/.local/lib/python3.10/site-packages/airflow/example_dags/example_task_group_decorator.py took 0.775 seconds
[2025-02-19T06:34:23.498+0000] {processor.py:161} INFO - Started process (PID=175) to work on /home/airflow/.local/lib/python3.10/site-packages/airflow/example_dags/example_task_group_decorator.py
[2025-02-19T06:34:23.501+0000] {processor.py:830} INFO - Processing file /home/airflow/.local/lib/python3.10/site-packages/airflow/example_dags/example_task_group_decorator.py for tasks to queue
[2025-02-19T06:34:23.503+0000] {logging_mixin.py:188} INFO - [2025-02-19T06:34:23.502+0000] {dagbag.py:538} INFO - Filling up the DagBag from /home/airflow/.local/lib/python3.10/site-packages/airflow/example_dags/example_task_group_decorator.py
[2025-02-19T06:34:23.536+0000] {processor.py:840} INFO - DAG(s) 'example_task_group_decorator' retrieved from /home/airflow/.local/lib/python3.10/site-packages/airflow/example_dags/example_task_group_decorator.py
[2025-02-19T06:34:23.594+0000] {logging_mixin.py:188} INFO - [2025-02-19T06:34:23.593+0000] {dag.py:3036} INFO - Sync 1 DAGs
[2025-02-19T06:34:23.643+0000] {logging_mixin.py:188} INFO - [2025-02-19T06:34:23.643+0000] {dag.py:3823} INFO - Setting next_dagrun for example_task_group_decorator to 2025-02-18 00:00:00+00:00, run_after=2025-02-19 00:00:00+00:00
[2025-02-19T06:34:23.759+0000] {processor.py:183} INFO - Processing /home/airflow/.local/lib/python3.10/site-packages/airflow/example_dags/example_task_group_decorator.py took 0.268 seconds
[2025-02-19T06:35:54.814+0000] {processor.py:161} INFO - Started process (PID=234) to work on /home/airflow/.local/lib/python3.10/site-packages/airflow/example_dags/example_task_group_decorator.py
[2025-02-19T06:35:54.817+0000] {processor.py:830} INFO - Processing file /home/airflow/.local/lib/python3.10/site-packages/airflow/example_dags/example_task_group_decorator.py for tasks to queue
[2025-02-19T06:35:54.820+0000] {logging_mixin.py:188} INFO - [2025-02-19T06:35:54.819+0000] {dagbag.py:538} INFO - Filling up the DagBag from /home/airflow/.local/lib/python3.10/site-packages/airflow/example_dags/example_task_group_decorator.py
[2025-02-19T06:35:54.864+0000] {processor.py:840} INFO - DAG(s) 'example_task_group_decorator' retrieved from /home/airflow/.local/lib/python3.10/site-packages/airflow/example_dags/example_task_group_decorator.py
[2025-02-19T06:35:54.947+0000] {logging_mixin.py:188} INFO - [2025-02-19T06:35:54.946+0000] {dag.py:3036} INFO - Sync 1 DAGs
[2025-02-19T06:35:55.022+0000] {logging_mixin.py:188} INFO - [2025-02-19T06:35:55.022+0000] {dag.py:3823} INFO - Setting next_dagrun for example_task_group_decorator to 2025-02-18 00:00:00+00:00, run_after=2025-02-19 00:00:00+00:00
[2025-02-19T06:35:55.197+0000] {processor.py:183} INFO - Processing /home/airflow/.local/lib/python3.10/site-packages/airflow/example_dags/example_task_group_decorator.py took 0.389 seconds
[2025-02-19T06:37:50.747+0000] {processor.py:161} INFO - Started process (PID=299) to work on /home/airflow/.local/lib/python3.10/site-packages/airflow/example_dags/example_task_group_decorator.py
[2025-02-19T06:37:50.749+0000] {processor.py:830} INFO - Processing file /home/airflow/.local/lib/python3.10/site-packages/airflow/example_dags/example_task_group_decorator.py for tasks to queue
[2025-02-19T06:37:50.757+0000] {logging_mixin.py:188} INFO - [2025-02-19T06:37:50.757+0000] {dagbag.py:538} INFO - Filling up the DagBag from /home/airflow/.local/lib/python3.10/site-packages/airflow/example_dags/example_task_group_decorator.py
[2025-02-19T06:37:50.824+0000] {processor.py:840} INFO - DAG(s) 'example_task_group_decorator' retrieved from /home/airflow/.local/lib/python3.10/site-packages/airflow/example_dags/example_task_group_decorator.py
[2025-02-19T06:37:50.923+0000] {logging_mixin.py:188} INFO - [2025-02-19T06:37:50.923+0000] {dag.py:3036} INFO - Sync 1 DAGs
[2025-02-19T06:37:50.986+0000] {logging_mixin.py:188} INFO - [2025-02-19T06:37:50.986+0000] {dag.py:3823} INFO - Setting next_dagrun for example_task_group_decorator to 2025-02-18 00:00:00+00:00, run_after=2025-02-19 00:00:00+00:00
[2025-02-19T06:37:51.129+0000] {processor.py:183} INFO - Processing /home/airflow/.local/lib/python3.10/site-packages/airflow/example_dags/example_task_group_decorator.py took 0.394 seconds
[2025-02-19T06:39:22.673+0000] {processor.py:161} INFO - Started process (PID=356) to work on /home/airflow/.local/lib/python3.10/site-packages/airflow/example_dags/example_task_group_decorator.py
[2025-02-19T06:39:22.686+0000] {processor.py:830} INFO - Processing file /home/airflow/.local/lib/python3.10/site-packages/airflow/example_dags/example_task_group_decorator.py for tasks to queue
[2025-02-19T06:39:22.690+0000] {logging_mixin.py:188} INFO - [2025-02-19T06:39:22.689+0000] {dagbag.py:538} INFO - Filling up the DagBag from /home/airflow/.local/lib/python3.10/site-packages/airflow/example_dags/example_task_group_decorator.py
[2025-02-19T06:39:22.850+0000] {processor.py:840} INFO - DAG(s) 'example_task_group_decorator' retrieved from /home/airflow/.local/lib/python3.10/site-packages/airflow/example_dags/example_task_group_decorator.py
[2025-02-19T06:39:23.027+0000] {logging_mixin.py:188} INFO - [2025-02-19T06:39:23.026+0000] {dag.py:3036} INFO - Sync 1 DAGs
[2025-02-19T06:39:23.133+0000] {logging_mixin.py:188} INFO - [2025-02-19T06:39:23.132+0000] {dag.py:3823} INFO - Setting next_dagrun for example_task_group_decorator to 2025-02-18 00:00:00+00:00, run_after=2025-02-19 00:00:00+00:00
[2025-02-19T06:39:23.377+0000] {processor.py:183} INFO - Processing /home/airflow/.local/lib/python3.10/site-packages/airflow/example_dags/example_task_group_decorator.py took 0.720 seconds
[2025-02-19T06:41:53.251+0000] {processor.py:161} INFO - Started process (PID=425) to work on /home/airflow/.local/lib/python3.10/site-packages/airflow/example_dags/example_task_group_decorator.py
[2025-02-19T06:41:53.263+0000] {processor.py:830} INFO - Processing file /home/airflow/.local/lib/python3.10/site-packages/airflow/example_dags/example_task_group_decorator.py for tasks to queue
[2025-02-19T06:41:53.269+0000] {logging_mixin.py:188} INFO - [2025-02-19T06:41:53.268+0000] {dagbag.py:538} INFO - Filling up the DagBag from /home/airflow/.local/lib/python3.10/site-packages/airflow/example_dags/example_task_group_decorator.py
[2025-02-19T06:41:53.393+0000] {processor.py:840} INFO - DAG(s) 'example_task_group_decorator' retrieved from /home/airflow/.local/lib/python3.10/site-packages/airflow/example_dags/example_task_group_decorator.py
[2025-02-19T06:41:53.573+0000] {logging_mixin.py:188} INFO - [2025-02-19T06:41:53.573+0000] {dag.py:3036} INFO - Sync 1 DAGs
[2025-02-19T06:41:53.734+0000] {logging_mixin.py:188} INFO - [2025-02-19T06:41:53.727+0000] {dag.py:3823} INFO - Setting next_dagrun for example_task_group_decorator to 2025-02-18 00:00:00+00:00, run_after=2025-02-19 00:00:00+00:00
[2025-02-19T06:41:54.119+0000] {processor.py:183} INFO - Processing /home/airflow/.local/lib/python3.10/site-packages/airflow/example_dags/example_task_group_decorator.py took 0.879 seconds
[2025-02-19T06:44:01.830+0000] {processor.py:161} INFO - Started process (PID=58) to work on /home/airflow/.local/lib/python3.10/site-packages/airflow/example_dags/example_task_group_decorator.py
[2025-02-19T06:44:01.832+0000] {processor.py:830} INFO - Processing file /home/airflow/.local/lib/python3.10/site-packages/airflow/example_dags/example_task_group_decorator.py for tasks to queue
[2025-02-19T06:44:01.839+0000] {logging_mixin.py:188} INFO - [2025-02-19T06:44:01.838+0000] {dagbag.py:538} INFO - Filling up the DagBag from /home/airflow/.local/lib/python3.10/site-packages/airflow/example_dags/example_task_group_decorator.py
[2025-02-19T06:44:01.871+0000] {processor.py:840} INFO - DAG(s) 'example_task_group_decorator' retrieved from /home/airflow/.local/lib/python3.10/site-packages/airflow/example_dags/example_task_group_decorator.py
[2025-02-19T06:44:01.943+0000] {logging_mixin.py:188} INFO - [2025-02-19T06:44:01.943+0000] {dag.py:3036} INFO - Sync 1 DAGs
[2025-02-19T06:44:02.013+0000] {logging_mixin.py:188} INFO - [2025-02-19T06:44:02.013+0000] {dag.py:3823} INFO - Setting next_dagrun for example_task_group_decorator to 2025-02-18 00:00:00+00:00, run_after=2025-02-19 00:00:00+00:00
[2025-02-19T06:44:02.233+0000] {processor.py:183} INFO - Processing /home/airflow/.local/lib/python3.10/site-packages/airflow/example_dags/example_task_group_decorator.py took 0.408 seconds
[2025-02-19T06:45:50.776+0000] {processor.py:161} INFO - Started process (PID=121) to work on /home/airflow/.local/lib/python3.10/site-packages/airflow/example_dags/example_task_group_decorator.py
[2025-02-19T06:45:50.778+0000] {processor.py:830} INFO - Processing file /home/airflow/.local/lib/python3.10/site-packages/airflow/example_dags/example_task_group_decorator.py for tasks to queue
[2025-02-19T06:45:50.782+0000] {logging_mixin.py:188} INFO - [2025-02-19T06:45:50.780+0000] {dagbag.py:538} INFO - Filling up the DagBag from /home/airflow/.local/lib/python3.10/site-packages/airflow/example_dags/example_task_group_decorator.py
[2025-02-19T06:45:50.808+0000] {processor.py:840} INFO - DAG(s) 'example_task_group_decorator' retrieved from /home/airflow/.local/lib/python3.10/site-packages/airflow/example_dags/example_task_group_decorator.py
[2025-02-19T06:45:50.859+0000] {logging_mixin.py:188} INFO - [2025-02-19T06:45:50.859+0000] {dag.py:3036} INFO - Sync 1 DAGs
[2025-02-19T06:45:50.905+0000] {logging_mixin.py:188} INFO - [2025-02-19T06:45:50.905+0000] {dag.py:3823} INFO - Setting next_dagrun for example_task_group_decorator to 2025-02-18 00:00:00+00:00, run_after=2025-02-19 00:00:00+00:00
[2025-02-19T06:45:51.006+0000] {processor.py:183} INFO - Processing /home/airflow/.local/lib/python3.10/site-packages/airflow/example_dags/example_task_group_decorator.py took 0.234 seconds
[2025-02-19T06:47:33.538+0000] {processor.py:161} INFO - Started process (PID=182) to work on /home/airflow/.local/lib/python3.10/site-packages/airflow/example_dags/example_task_group_decorator.py
[2025-02-19T06:47:33.546+0000] {processor.py:830} INFO - Processing file /home/airflow/.local/lib/python3.10/site-packages/airflow/example_dags/example_task_group_decorator.py for tasks to queue
[2025-02-19T06:47:33.550+0000] {logging_mixin.py:188} INFO - [2025-02-19T06:47:33.549+0000] {dagbag.py:538} INFO - Filling up the DagBag from /home/airflow/.local/lib/python3.10/site-packages/airflow/example_dags/example_task_group_decorator.py
[2025-02-19T06:47:33.630+0000] {processor.py:840} INFO - DAG(s) 'example_task_group_decorator' retrieved from /home/airflow/.local/lib/python3.10/site-packages/airflow/example_dags/example_task_group_decorator.py
[2025-02-19T06:47:33.782+0000] {logging_mixin.py:188} INFO - [2025-02-19T06:47:33.782+0000] {dag.py:3036} INFO - Sync 1 DAGs
[2025-02-19T06:47:33.897+0000] {logging_mixin.py:188} INFO - [2025-02-19T06:47:33.892+0000] {dag.py:3823} INFO - Setting next_dagrun for example_task_group_decorator to 2025-02-18 00:00:00+00:00, run_after=2025-02-19 00:00:00+00:00
[2025-02-19T06:47:34.077+0000] {processor.py:183} INFO - Processing /home/airflow/.local/lib/python3.10/site-packages/airflow/example_dags/example_task_group_decorator.py took 0.550 seconds
[2025-02-19T06:49:11.543+0000] {processor.py:161} INFO - Started process (PID=243) to work on /home/airflow/.local/lib/python3.10/site-packages/airflow/example_dags/example_task_group_decorator.py
[2025-02-19T06:49:11.547+0000] {processor.py:830} INFO - Processing file /home/airflow/.local/lib/python3.10/site-packages/airflow/example_dags/example_task_group_decorator.py for tasks to queue
[2025-02-19T06:49:11.550+0000] {logging_mixin.py:188} INFO - [2025-02-19T06:49:11.549+0000] {dagbag.py:538} INFO - Filling up the DagBag from /home/airflow/.local/lib/python3.10/site-packages/airflow/example_dags/example_task_group_decorator.py
[2025-02-19T06:49:11.619+0000] {processor.py:840} INFO - DAG(s) 'example_task_group_decorator' retrieved from /home/airflow/.local/lib/python3.10/site-packages/airflow/example_dags/example_task_group_decorator.py
[2025-02-19T06:49:11.761+0000] {logging_mixin.py:188} INFO - [2025-02-19T06:49:11.761+0000] {dag.py:3036} INFO - Sync 1 DAGs
[2025-02-19T06:49:11.832+0000] {logging_mixin.py:188} INFO - [2025-02-19T06:49:11.832+0000] {dag.py:3823} INFO - Setting next_dagrun for example_task_group_decorator to 2025-02-18 00:00:00+00:00, run_after=2025-02-19 00:00:00+00:00
[2025-02-19T06:49:12.021+0000] {processor.py:183} INFO - Processing /home/airflow/.local/lib/python3.10/site-packages/airflow/example_dags/example_task_group_decorator.py took 0.490 seconds
[2025-02-19T06:50:35.846+0000] {processor.py:161} INFO - Started process (PID=292) to work on /home/airflow/.local/lib/python3.10/site-packages/airflow/example_dags/example_task_group_decorator.py
[2025-02-19T06:50:35.848+0000] {processor.py:830} INFO - Processing file /home/airflow/.local/lib/python3.10/site-packages/airflow/example_dags/example_task_group_decorator.py for tasks to queue
[2025-02-19T06:50:35.851+0000] {logging_mixin.py:188} INFO - [2025-02-19T06:50:35.850+0000] {dagbag.py:538} INFO - Filling up the DagBag from /home/airflow/.local/lib/python3.10/site-packages/airflow/example_dags/example_task_group_decorator.py
[2025-02-19T06:50:35.888+0000] {processor.py:840} INFO - DAG(s) 'example_task_group_decorator' retrieved from /home/airflow/.local/lib/python3.10/site-packages/airflow/example_dags/example_task_group_decorator.py
[2025-02-19T06:50:35.976+0000] {logging_mixin.py:188} INFO - [2025-02-19T06:50:35.975+0000] {dag.py:3036} INFO - Sync 1 DAGs
[2025-02-19T06:50:36.037+0000] {logging_mixin.py:188} INFO - [2025-02-19T06:50:36.036+0000] {dag.py:3823} INFO - Setting next_dagrun for example_task_group_decorator to 2025-02-18 00:00:00+00:00, run_after=2025-02-19 00:00:00+00:00
[2025-02-19T06:50:36.197+0000] {processor.py:183} INFO - Processing /home/airflow/.local/lib/python3.10/site-packages/airflow/example_dags/example_task_group_decorator.py took 0.357 seconds
[2025-02-19T06:52:19.680+0000] {processor.py:161} INFO - Started process (PID=354) to work on /home/airflow/.local/lib/python3.10/site-packages/airflow/example_dags/example_task_group_decorator.py
[2025-02-19T06:52:19.693+0000] {processor.py:830} INFO - Processing file /home/airflow/.local/lib/python3.10/site-packages/airflow/example_dags/example_task_group_decorator.py for tasks to queue
[2025-02-19T06:52:19.706+0000] {logging_mixin.py:188} INFO - [2025-02-19T06:52:19.695+0000] {dagbag.py:538} INFO - Filling up the DagBag from /home/airflow/.local/lib/python3.10/site-packages/airflow/example_dags/example_task_group_decorator.py
[2025-02-19T06:52:19.860+0000] {processor.py:840} INFO - DAG(s) 'example_task_group_decorator' retrieved from /home/airflow/.local/lib/python3.10/site-packages/airflow/example_dags/example_task_group_decorator.py
[2025-02-19T06:52:20.059+0000] {logging_mixin.py:188} INFO - [2025-02-19T06:52:20.058+0000] {dag.py:3036} INFO - Sync 1 DAGs
[2025-02-19T06:52:20.196+0000] {logging_mixin.py:188} INFO - [2025-02-19T06:52:20.196+0000] {dag.py:3823} INFO - Setting next_dagrun for example_task_group_decorator to 2025-02-18 00:00:00+00:00, run_after=2025-02-19 00:00:00+00:00
[2025-02-19T06:52:20.391+0000] {processor.py:183} INFO - Processing /home/airflow/.local/lib/python3.10/site-packages/airflow/example_dags/example_task_group_decorator.py took 0.732 seconds
[2025-02-19T06:53:58.840+0000] {processor.py:161} INFO - Started process (PID=416) to work on /home/airflow/.local/lib/python3.10/site-packages/airflow/example_dags/example_task_group_decorator.py
[2025-02-19T06:53:58.842+0000] {processor.py:830} INFO - Processing file /home/airflow/.local/lib/python3.10/site-packages/airflow/example_dags/example_task_group_decorator.py for tasks to queue
[2025-02-19T06:53:58.844+0000] {logging_mixin.py:188} INFO - [2025-02-19T06:53:58.843+0000] {dagbag.py:538} INFO - Filling up the DagBag from /home/airflow/.local/lib/python3.10/site-packages/airflow/example_dags/example_task_group_decorator.py
[2025-02-19T06:53:58.883+0000] {processor.py:840} INFO - DAG(s) 'example_task_group_decorator' retrieved from /home/airflow/.local/lib/python3.10/site-packages/airflow/example_dags/example_task_group_decorator.py
[2025-02-19T06:53:58.939+0000] {logging_mixin.py:188} INFO - [2025-02-19T06:53:58.939+0000] {dag.py:3036} INFO - Sync 1 DAGs
[2025-02-19T06:53:58.988+0000] {logging_mixin.py:188} INFO - [2025-02-19T06:53:58.987+0000] {dag.py:3823} INFO - Setting next_dagrun for example_task_group_decorator to 2025-02-18 00:00:00+00:00, run_after=2025-02-19 00:00:00+00:00
[2025-02-19T06:53:59.112+0000] {processor.py:183} INFO - Processing /home/airflow/.local/lib/python3.10/site-packages/airflow/example_dags/example_task_group_decorator.py took 0.279 seconds
[2025-02-19T06:55:21.491+0000] {processor.py:161} INFO - Started process (PID=474) to work on /home/airflow/.local/lib/python3.10/site-packages/airflow/example_dags/example_task_group_decorator.py
[2025-02-19T06:55:21.494+0000] {processor.py:830} INFO - Processing file /home/airflow/.local/lib/python3.10/site-packages/airflow/example_dags/example_task_group_decorator.py for tasks to queue
[2025-02-19T06:55:21.496+0000] {logging_mixin.py:188} INFO - [2025-02-19T06:55:21.495+0000] {dagbag.py:538} INFO - Filling up the DagBag from /home/airflow/.local/lib/python3.10/site-packages/airflow/example_dags/example_task_group_decorator.py
[2025-02-19T06:55:21.546+0000] {processor.py:840} INFO - DAG(s) 'example_task_group_decorator' retrieved from /home/airflow/.local/lib/python3.10/site-packages/airflow/example_dags/example_task_group_decorator.py
[2025-02-19T06:55:21.654+0000] {logging_mixin.py:188} INFO - [2025-02-19T06:55:21.653+0000] {dag.py:3036} INFO - Sync 1 DAGs
[2025-02-19T06:55:21.730+0000] {logging_mixin.py:188} INFO - [2025-02-19T06:55:21.729+0000] {dag.py:3823} INFO - Setting next_dagrun for example_task_group_decorator to 2025-02-18 00:00:00+00:00, run_after=2025-02-19 00:00:00+00:00
[2025-02-19T06:55:21.914+0000] {processor.py:183} INFO - Processing /home/airflow/.local/lib/python3.10/site-packages/airflow/example_dags/example_task_group_decorator.py took 0.429 seconds
[2025-02-19T06:56:46.571+0000] {processor.py:161} INFO - Started process (PID=530) to work on /home/airflow/.local/lib/python3.10/site-packages/airflow/example_dags/example_task_group_decorator.py
[2025-02-19T06:56:46.581+0000] {processor.py:830} INFO - Processing file /home/airflow/.local/lib/python3.10/site-packages/airflow/example_dags/example_task_group_decorator.py for tasks to queue
[2025-02-19T06:56:46.583+0000] {logging_mixin.py:188} INFO - [2025-02-19T06:56:46.582+0000] {dagbag.py:538} INFO - Filling up the DagBag from /home/airflow/.local/lib/python3.10/site-packages/airflow/example_dags/example_task_group_decorator.py
[2025-02-19T06:56:46.682+0000] {processor.py:840} INFO - DAG(s) 'example_task_group_decorator' retrieved from /home/airflow/.local/lib/python3.10/site-packages/airflow/example_dags/example_task_group_decorator.py
[2025-02-19T06:56:46.985+0000] {logging_mixin.py:188} INFO - [2025-02-19T06:56:46.985+0000] {dag.py:3036} INFO - Sync 1 DAGs
[2025-02-19T06:56:47.114+0000] {logging_mixin.py:188} INFO - [2025-02-19T06:56:47.114+0000] {dag.py:3823} INFO - Setting next_dagrun for example_task_group_decorator to 2025-02-18 00:00:00+00:00, run_after=2025-02-19 00:00:00+00:00
[2025-02-19T06:56:47.446+0000] {processor.py:183} INFO - Processing /home/airflow/.local/lib/python3.10/site-packages/airflow/example_dags/example_task_group_decorator.py took 0.883 seconds
[2025-02-19T06:58:24.968+0000] {processor.py:161} INFO - Started process (PID=591) to work on /home/airflow/.local/lib/python3.10/site-packages/airflow/example_dags/example_task_group_decorator.py
[2025-02-19T06:58:24.972+0000] {processor.py:830} INFO - Processing file /home/airflow/.local/lib/python3.10/site-packages/airflow/example_dags/example_task_group_decorator.py for tasks to queue
[2025-02-19T06:58:24.974+0000] {logging_mixin.py:188} INFO - [2025-02-19T06:58:24.973+0000] {dagbag.py:538} INFO - Filling up the DagBag from /home/airflow/.local/lib/python3.10/site-packages/airflow/example_dags/example_task_group_decorator.py
[2025-02-19T06:58:25.014+0000] {processor.py:840} INFO - DAG(s) 'example_task_group_decorator' retrieved from /home/airflow/.local/lib/python3.10/site-packages/airflow/example_dags/example_task_group_decorator.py
[2025-02-19T06:58:25.096+0000] {logging_mixin.py:188} INFO - [2025-02-19T06:58:25.093+0000] {dag.py:3036} INFO - Sync 1 DAGs
[2025-02-19T06:58:25.192+0000] {logging_mixin.py:188} INFO - [2025-02-19T06:58:25.192+0000] {dag.py:3823} INFO - Setting next_dagrun for example_task_group_decorator to 2025-02-18 00:00:00+00:00, run_after=2025-02-19 00:00:00+00:00
[2025-02-19T06:58:25.306+0000] {processor.py:183} INFO - Processing /home/airflow/.local/lib/python3.10/site-packages/airflow/example_dags/example_task_group_decorator.py took 0.343 seconds
[2025-02-19T07:00:04.243+0000] {processor.py:161} INFO - Started process (PID=650) to work on /home/airflow/.local/lib/python3.10/site-packages/airflow/example_dags/example_task_group_decorator.py
[2025-02-19T07:00:04.247+0000] {processor.py:830} INFO - Processing file /home/airflow/.local/lib/python3.10/site-packages/airflow/example_dags/example_task_group_decorator.py for tasks to queue
[2025-02-19T07:00:04.251+0000] {logging_mixin.py:188} INFO - [2025-02-19T07:00:04.249+0000] {dagbag.py:538} INFO - Filling up the DagBag from /home/airflow/.local/lib/python3.10/site-packages/airflow/example_dags/example_task_group_decorator.py
[2025-02-19T07:00:04.296+0000] {processor.py:840} INFO - DAG(s) 'example_task_group_decorator' retrieved from /home/airflow/.local/lib/python3.10/site-packages/airflow/example_dags/example_task_group_decorator.py
[2025-02-19T07:00:04.376+0000] {logging_mixin.py:188} INFO - [2025-02-19T07:00:04.375+0000] {dag.py:3036} INFO - Sync 1 DAGs
[2025-02-19T07:00:04.446+0000] {logging_mixin.py:188} INFO - [2025-02-19T07:00:04.446+0000] {dag.py:3823} INFO - Setting next_dagrun for example_task_group_decorator to 2025-02-18 00:00:00+00:00, run_after=2025-02-19 00:00:00+00:00
[2025-02-19T07:00:04.678+0000] {processor.py:183} INFO - Processing /home/airflow/.local/lib/python3.10/site-packages/airflow/example_dags/example_task_group_decorator.py took 0.442 seconds
[2025-02-19T07:01:45.755+0000] {processor.py:161} INFO - Started process (PID=714) to work on /home/airflow/.local/lib/python3.10/site-packages/airflow/example_dags/example_task_group_decorator.py
[2025-02-19T07:01:45.757+0000] {processor.py:830} INFO - Processing file /home/airflow/.local/lib/python3.10/site-packages/airflow/example_dags/example_task_group_decorator.py for tasks to queue
[2025-02-19T07:01:45.758+0000] {logging_mixin.py:188} INFO - [2025-02-19T07:01:45.758+0000] {dagbag.py:538} INFO - Filling up the DagBag from /home/airflow/.local/lib/python3.10/site-packages/airflow/example_dags/example_task_group_decorator.py
[2025-02-19T07:01:45.788+0000] {processor.py:840} INFO - DAG(s) 'example_task_group_decorator' retrieved from /home/airflow/.local/lib/python3.10/site-packages/airflow/example_dags/example_task_group_decorator.py
[2025-02-19T07:01:45.849+0000] {logging_mixin.py:188} INFO - [2025-02-19T07:01:45.848+0000] {dag.py:3036} INFO - Sync 1 DAGs
[2025-02-19T07:01:45.905+0000] {logging_mixin.py:188} INFO - [2025-02-19T07:01:45.905+0000] {dag.py:3823} INFO - Setting next_dagrun for example_task_group_decorator to 2025-02-18 00:00:00+00:00, run_after=2025-02-19 00:00:00+00:00
[2025-02-19T07:01:46.024+0000] {processor.py:183} INFO - Processing /home/airflow/.local/lib/python3.10/site-packages/airflow/example_dags/example_task_group_decorator.py took 0.274 seconds
[2025-02-19T07:03:25.274+0000] {processor.py:161} INFO - Started process (PID=776) to work on /home/airflow/.local/lib/python3.10/site-packages/airflow/example_dags/example_task_group_decorator.py
[2025-02-19T07:03:25.278+0000] {processor.py:830} INFO - Processing file /home/airflow/.local/lib/python3.10/site-packages/airflow/example_dags/example_task_group_decorator.py for tasks to queue
[2025-02-19T07:03:25.290+0000] {logging_mixin.py:188} INFO - [2025-02-19T07:03:25.281+0000] {dagbag.py:538} INFO - Filling up the DagBag from /home/airflow/.local/lib/python3.10/site-packages/airflow/example_dags/example_task_group_decorator.py
[2025-02-19T07:03:25.444+0000] {processor.py:840} INFO - DAG(s) 'example_task_group_decorator' retrieved from /home/airflow/.local/lib/python3.10/site-packages/airflow/example_dags/example_task_group_decorator.py
[2025-02-19T07:03:25.634+0000] {logging_mixin.py:188} INFO - [2025-02-19T07:03:25.633+0000] {dag.py:3036} INFO - Sync 1 DAGs
[2025-02-19T07:03:25.824+0000] {logging_mixin.py:188} INFO - [2025-02-19T07:03:25.823+0000] {dag.py:3823} INFO - Setting next_dagrun for example_task_group_decorator to 2025-02-18 00:00:00+00:00, run_after=2025-02-19 00:00:00+00:00
[2025-02-19T07:03:26.062+0000] {processor.py:183} INFO - Processing /home/airflow/.local/lib/python3.10/site-packages/airflow/example_dags/example_task_group_decorator.py took 0.810 seconds
[2025-02-19T07:05:56.424+0000] {processor.py:161} INFO - Started process (PID=836) to work on /home/airflow/.local/lib/python3.10/site-packages/airflow/example_dags/example_task_group_decorator.py
[2025-02-19T07:05:56.433+0000] {processor.py:830} INFO - Processing file /home/airflow/.local/lib/python3.10/site-packages/airflow/example_dags/example_task_group_decorator.py for tasks to queue
[2025-02-19T07:05:56.443+0000] {logging_mixin.py:188} INFO - [2025-02-19T07:05:56.440+0000] {dagbag.py:538} INFO - Filling up the DagBag from /home/airflow/.local/lib/python3.10/site-packages/airflow/example_dags/example_task_group_decorator.py
[2025-02-19T07:05:56.612+0000] {processor.py:840} INFO - DAG(s) 'example_task_group_decorator' retrieved from /home/airflow/.local/lib/python3.10/site-packages/airflow/example_dags/example_task_group_decorator.py
[2025-02-19T07:05:56.809+0000] {logging_mixin.py:188} INFO - [2025-02-19T07:05:56.807+0000] {dag.py:3036} INFO - Sync 1 DAGs
[2025-02-19T07:05:56.981+0000] {logging_mixin.py:188} INFO - [2025-02-19T07:05:56.981+0000] {dag.py:3823} INFO - Setting next_dagrun for example_task_group_decorator to 2025-02-18 00:00:00+00:00, run_after=2025-02-19 00:00:00+00:00
[2025-02-19T07:05:57.321+0000] {processor.py:183} INFO - Processing /home/airflow/.local/lib/python3.10/site-packages/airflow/example_dags/example_task_group_decorator.py took 0.922 seconds
