[2025-02-19T05:55:26.173+0000] {processor.py:161} INFO - Started process (PID=36) to work on /home/airflow/.local/lib/python3.10/site-packages/airflow/example_dags/example_nested_branch_dag.py
[2025-02-19T05:55:26.177+0000] {processor.py:830} INFO - Processing file /home/airflow/.local/lib/python3.10/site-packages/airflow/example_dags/example_nested_branch_dag.py for tasks to queue
[2025-02-19T05:55:26.186+0000] {logging_mixin.py:188} INFO - [2025-02-19T05:55:26.185+0000] {dagbag.py:538} INFO - Filling up the DagBag from /home/airflow/.local/lib/python3.10/site-packages/airflow/example_dags/example_nested_branch_dag.py
[2025-02-19T05:55:26.257+0000] {processor.py:840} INFO - DAG(s) 'example_nested_branch_dag' retrieved from /home/airflow/.local/lib/python3.10/site-packages/airflow/example_dags/example_nested_branch_dag.py
[2025-02-19T05:55:26.446+0000] {logging_mixin.py:188} INFO - [2025-02-19T05:55:26.446+0000] {dag.py:3036} INFO - Sync 1 DAGs
[2025-02-19T05:55:26.584+0000] {logging_mixin.py:188} INFO - [2025-02-19T05:55:26.584+0000] {dag.py:3823} INFO - Setting next_dagrun for example_nested_branch_dag to 2025-02-18 00:00:00+00:00, run_after=2025-02-19 00:00:00+00:00
[2025-02-19T05:55:26.815+0000] {processor.py:183} INFO - Processing /home/airflow/.local/lib/python3.10/site-packages/airflow/example_dags/example_nested_branch_dag.py took 0.652 seconds
[2025-02-19T05:57:58.133+0000] {processor.py:161} INFO - Started process (PID=85) to work on /home/airflow/.local/lib/python3.10/site-packages/airflow/example_dags/example_nested_branch_dag.py
[2025-02-19T05:57:58.136+0000] {processor.py:830} INFO - Processing file /home/airflow/.local/lib/python3.10/site-packages/airflow/example_dags/example_nested_branch_dag.py for tasks to queue
[2025-02-19T05:57:58.140+0000] {logging_mixin.py:188} INFO - [2025-02-19T05:57:58.138+0000] {dagbag.py:538} INFO - Filling up the DagBag from /home/airflow/.local/lib/python3.10/site-packages/airflow/example_dags/example_nested_branch_dag.py
[2025-02-19T05:57:58.206+0000] {processor.py:840} INFO - DAG(s) 'example_nested_branch_dag' retrieved from /home/airflow/.local/lib/python3.10/site-packages/airflow/example_dags/example_nested_branch_dag.py
[2025-02-19T05:57:58.326+0000] {logging_mixin.py:188} INFO - [2025-02-19T05:57:58.326+0000] {dag.py:3036} INFO - Sync 1 DAGs
[2025-02-19T05:57:58.490+0000] {logging_mixin.py:188} INFO - [2025-02-19T05:57:58.489+0000] {dag.py:3823} INFO - Setting next_dagrun for example_nested_branch_dag to 2025-02-18 00:00:00+00:00, run_after=2025-02-19 00:00:00+00:00
[2025-02-19T05:57:58.718+0000] {processor.py:183} INFO - Processing /home/airflow/.local/lib/python3.10/site-packages/airflow/example_dags/example_nested_branch_dag.py took 0.602 seconds
[2025-02-19T05:59:28.217+0000] {processor.py:161} INFO - Started process (PID=131) to work on /home/airflow/.local/lib/python3.10/site-packages/airflow/example_dags/example_nested_branch_dag.py
[2025-02-19T05:59:28.223+0000] {processor.py:830} INFO - Processing file /home/airflow/.local/lib/python3.10/site-packages/airflow/example_dags/example_nested_branch_dag.py for tasks to queue
[2025-02-19T05:59:28.229+0000] {logging_mixin.py:188} INFO - [2025-02-19T05:59:28.227+0000] {dagbag.py:538} INFO - Filling up the DagBag from /home/airflow/.local/lib/python3.10/site-packages/airflow/example_dags/example_nested_branch_dag.py
[2025-02-19T05:59:28.275+0000] {processor.py:840} INFO - DAG(s) 'example_nested_branch_dag' retrieved from /home/airflow/.local/lib/python3.10/site-packages/airflow/example_dags/example_nested_branch_dag.py
[2025-02-19T05:59:28.372+0000] {logging_mixin.py:188} INFO - [2025-02-19T05:59:28.371+0000] {dag.py:3036} INFO - Sync 1 DAGs
[2025-02-19T05:59:28.538+0000] {logging_mixin.py:188} INFO - [2025-02-19T05:59:28.527+0000] {dag.py:3823} INFO - Setting next_dagrun for example_nested_branch_dag to 2025-02-18 00:00:00+00:00, run_after=2025-02-19 00:00:00+00:00
[2025-02-19T05:59:28.797+0000] {processor.py:183} INFO - Processing /home/airflow/.local/lib/python3.10/site-packages/airflow/example_dags/example_nested_branch_dag.py took 0.599 seconds
[2025-02-19T06:00:28.826+0000] {processor.py:161} INFO - Started process (PID=163) to work on /home/airflow/.local/lib/python3.10/site-packages/airflow/example_dags/example_nested_branch_dag.py
[2025-02-19T06:00:28.839+0000] {processor.py:830} INFO - Processing file /home/airflow/.local/lib/python3.10/site-packages/airflow/example_dags/example_nested_branch_dag.py for tasks to queue
[2025-02-19T06:00:28.851+0000] {logging_mixin.py:188} INFO - [2025-02-19T06:00:28.850+0000] {dagbag.py:538} INFO - Filling up the DagBag from /home/airflow/.local/lib/python3.10/site-packages/airflow/example_dags/example_nested_branch_dag.py
[2025-02-19T06:00:28.923+0000] {processor.py:840} INFO - DAG(s) 'example_nested_branch_dag' retrieved from /home/airflow/.local/lib/python3.10/site-packages/airflow/example_dags/example_nested_branch_dag.py
[2025-02-19T06:00:29.067+0000] {logging_mixin.py:188} INFO - [2025-02-19T06:00:29.067+0000] {dag.py:3036} INFO - Sync 1 DAGs
[2025-02-19T06:00:29.220+0000] {logging_mixin.py:188} INFO - [2025-02-19T06:00:29.219+0000] {dag.py:3823} INFO - Setting next_dagrun for example_nested_branch_dag to 2025-02-18 00:00:00+00:00, run_after=2025-02-19 00:00:00+00:00
[2025-02-19T06:00:29.403+0000] {processor.py:183} INFO - Processing /home/airflow/.local/lib/python3.10/site-packages/airflow/example_dags/example_nested_branch_dag.py took 0.586 seconds
[2025-02-19T06:01:29.285+0000] {processor.py:161} INFO - Started process (PID=197) to work on /home/airflow/.local/lib/python3.10/site-packages/airflow/example_dags/example_nested_branch_dag.py
[2025-02-19T06:01:29.293+0000] {processor.py:830} INFO - Processing file /home/airflow/.local/lib/python3.10/site-packages/airflow/example_dags/example_nested_branch_dag.py for tasks to queue
[2025-02-19T06:01:29.296+0000] {logging_mixin.py:188} INFO - [2025-02-19T06:01:29.295+0000] {dagbag.py:538} INFO - Filling up the DagBag from /home/airflow/.local/lib/python3.10/site-packages/airflow/example_dags/example_nested_branch_dag.py
[2025-02-19T06:01:29.335+0000] {processor.py:840} INFO - DAG(s) 'example_nested_branch_dag' retrieved from /home/airflow/.local/lib/python3.10/site-packages/airflow/example_dags/example_nested_branch_dag.py
[2025-02-19T06:01:29.476+0000] {logging_mixin.py:188} INFO - [2025-02-19T06:01:29.476+0000] {dag.py:3036} INFO - Sync 1 DAGs
[2025-02-19T06:01:29.597+0000] {logging_mixin.py:188} INFO - [2025-02-19T06:01:29.597+0000] {dag.py:3823} INFO - Setting next_dagrun for example_nested_branch_dag to 2025-02-18 00:00:00+00:00, run_after=2025-02-19 00:00:00+00:00
[2025-02-19T06:01:29.789+0000] {processor.py:183} INFO - Processing /home/airflow/.local/lib/python3.10/site-packages/airflow/example_dags/example_nested_branch_dag.py took 0.510 seconds
[2025-02-19T06:02:28.275+0000] {processor.py:161} INFO - Started process (PID=229) to work on /home/airflow/.local/lib/python3.10/site-packages/airflow/example_dags/example_nested_branch_dag.py
[2025-02-19T06:02:28.281+0000] {processor.py:830} INFO - Processing file /home/airflow/.local/lib/python3.10/site-packages/airflow/example_dags/example_nested_branch_dag.py for tasks to queue
[2025-02-19T06:02:28.283+0000] {logging_mixin.py:188} INFO - [2025-02-19T06:02:28.282+0000] {dagbag.py:538} INFO - Filling up the DagBag from /home/airflow/.local/lib/python3.10/site-packages/airflow/example_dags/example_nested_branch_dag.py
[2025-02-19T06:02:28.298+0000] {processor.py:840} INFO - DAG(s) 'example_nested_branch_dag' retrieved from /home/airflow/.local/lib/python3.10/site-packages/airflow/example_dags/example_nested_branch_dag.py
[2025-02-19T06:02:28.344+0000] {logging_mixin.py:188} INFO - [2025-02-19T06:02:28.344+0000] {dag.py:3036} INFO - Sync 1 DAGs
[2025-02-19T06:02:28.396+0000] {logging_mixin.py:188} INFO - [2025-02-19T06:02:28.396+0000] {dag.py:3823} INFO - Setting next_dagrun for example_nested_branch_dag to 2025-02-18 00:00:00+00:00, run_after=2025-02-19 00:00:00+00:00
[2025-02-19T06:02:28.519+0000] {processor.py:183} INFO - Processing /home/airflow/.local/lib/python3.10/site-packages/airflow/example_dags/example_nested_branch_dag.py took 0.248 seconds
[2025-02-19T06:03:19.817+0000] {processor.py:161} INFO - Started process (PID=263) to work on /home/airflow/.local/lib/python3.10/site-packages/airflow/example_dags/example_nested_branch_dag.py
[2025-02-19T06:03:19.820+0000] {processor.py:830} INFO - Processing file /home/airflow/.local/lib/python3.10/site-packages/airflow/example_dags/example_nested_branch_dag.py for tasks to queue
[2025-02-19T06:03:19.822+0000] {logging_mixin.py:188} INFO - [2025-02-19T06:03:19.821+0000] {dagbag.py:538} INFO - Filling up the DagBag from /home/airflow/.local/lib/python3.10/site-packages/airflow/example_dags/example_nested_branch_dag.py
[2025-02-19T06:03:19.853+0000] {processor.py:840} INFO - DAG(s) 'example_nested_branch_dag' retrieved from /home/airflow/.local/lib/python3.10/site-packages/airflow/example_dags/example_nested_branch_dag.py
[2025-02-19T06:03:19.935+0000] {logging_mixin.py:188} INFO - [2025-02-19T06:03:19.935+0000] {dag.py:3036} INFO - Sync 1 DAGs
[2025-02-19T06:03:20.035+0000] {logging_mixin.py:188} INFO - [2025-02-19T06:03:20.034+0000] {dag.py:3823} INFO - Setting next_dagrun for example_nested_branch_dag to 2025-02-18 00:00:00+00:00, run_after=2025-02-19 00:00:00+00:00
[2025-02-19T06:03:20.181+0000] {processor.py:183} INFO - Processing /home/airflow/.local/lib/python3.10/site-packages/airflow/example_dags/example_nested_branch_dag.py took 0.372 seconds
[2025-02-19T06:04:10.418+0000] {processor.py:161} INFO - Started process (PID=293) to work on /home/airflow/.local/lib/python3.10/site-packages/airflow/example_dags/example_nested_branch_dag.py
[2025-02-19T06:04:10.421+0000] {processor.py:830} INFO - Processing file /home/airflow/.local/lib/python3.10/site-packages/airflow/example_dags/example_nested_branch_dag.py for tasks to queue
[2025-02-19T06:04:10.425+0000] {logging_mixin.py:188} INFO - [2025-02-19T06:04:10.424+0000] {dagbag.py:538} INFO - Filling up the DagBag from /home/airflow/.local/lib/python3.10/site-packages/airflow/example_dags/example_nested_branch_dag.py
[2025-02-19T06:04:10.484+0000] {processor.py:840} INFO - DAG(s) 'example_nested_branch_dag' retrieved from /home/airflow/.local/lib/python3.10/site-packages/airflow/example_dags/example_nested_branch_dag.py
[2025-02-19T06:04:10.617+0000] {logging_mixin.py:188} INFO - [2025-02-19T06:04:10.616+0000] {dag.py:3036} INFO - Sync 1 DAGs
[2025-02-19T06:04:10.772+0000] {logging_mixin.py:188} INFO - [2025-02-19T06:04:10.771+0000] {dag.py:3823} INFO - Setting next_dagrun for example_nested_branch_dag to 2025-02-18 00:00:00+00:00, run_after=2025-02-19 00:00:00+00:00
[2025-02-19T06:04:10.944+0000] {processor.py:183} INFO - Processing /home/airflow/.local/lib/python3.10/site-packages/airflow/example_dags/example_nested_branch_dag.py took 0.543 seconds
[2025-02-19T06:05:02.326+0000] {processor.py:161} INFO - Started process (PID=324) to work on /home/airflow/.local/lib/python3.10/site-packages/airflow/example_dags/example_nested_branch_dag.py
[2025-02-19T06:05:02.332+0000] {processor.py:830} INFO - Processing file /home/airflow/.local/lib/python3.10/site-packages/airflow/example_dags/example_nested_branch_dag.py for tasks to queue
[2025-02-19T06:05:02.335+0000] {logging_mixin.py:188} INFO - [2025-02-19T06:05:02.334+0000] {dagbag.py:538} INFO - Filling up the DagBag from /home/airflow/.local/lib/python3.10/site-packages/airflow/example_dags/example_nested_branch_dag.py
[2025-02-19T06:05:02.377+0000] {processor.py:840} INFO - DAG(s) 'example_nested_branch_dag' retrieved from /home/airflow/.local/lib/python3.10/site-packages/airflow/example_dags/example_nested_branch_dag.py
[2025-02-19T06:05:02.434+0000] {logging_mixin.py:188} INFO - [2025-02-19T06:05:02.434+0000] {dag.py:3036} INFO - Sync 1 DAGs
[2025-02-19T06:05:02.506+0000] {logging_mixin.py:188} INFO - [2025-02-19T06:05:02.506+0000] {dag.py:3823} INFO - Setting next_dagrun for example_nested_branch_dag to 2025-02-18 00:00:00+00:00, run_after=2025-02-19 00:00:00+00:00
[2025-02-19T06:05:02.627+0000] {processor.py:183} INFO - Processing /home/airflow/.local/lib/python3.10/site-packages/airflow/example_dags/example_nested_branch_dag.py took 0.312 seconds
[2025-02-19T06:05:54.126+0000] {processor.py:161} INFO - Started process (PID=356) to work on /home/airflow/.local/lib/python3.10/site-packages/airflow/example_dags/example_nested_branch_dag.py
[2025-02-19T06:05:54.128+0000] {processor.py:830} INFO - Processing file /home/airflow/.local/lib/python3.10/site-packages/airflow/example_dags/example_nested_branch_dag.py for tasks to queue
[2025-02-19T06:05:54.130+0000] {logging_mixin.py:188} INFO - [2025-02-19T06:05:54.129+0000] {dagbag.py:538} INFO - Filling up the DagBag from /home/airflow/.local/lib/python3.10/site-packages/airflow/example_dags/example_nested_branch_dag.py
[2025-02-19T06:05:54.160+0000] {processor.py:840} INFO - DAG(s) 'example_nested_branch_dag' retrieved from /home/airflow/.local/lib/python3.10/site-packages/airflow/example_dags/example_nested_branch_dag.py
[2025-02-19T06:05:54.215+0000] {logging_mixin.py:188} INFO - [2025-02-19T06:05:54.214+0000] {dag.py:3036} INFO - Sync 1 DAGs
[2025-02-19T06:05:54.279+0000] {logging_mixin.py:188} INFO - [2025-02-19T06:05:54.278+0000] {dag.py:3823} INFO - Setting next_dagrun for example_nested_branch_dag to 2025-02-18 00:00:00+00:00, run_after=2025-02-19 00:00:00+00:00
[2025-02-19T06:05:54.387+0000] {processor.py:183} INFO - Processing /home/airflow/.local/lib/python3.10/site-packages/airflow/example_dags/example_nested_branch_dag.py took 0.266 seconds
[2025-02-19T06:07:04.292+0000] {processor.py:161} INFO - Started process (PID=388) to work on /home/airflow/.local/lib/python3.10/site-packages/airflow/example_dags/example_nested_branch_dag.py
[2025-02-19T06:07:04.414+0000] {processor.py:830} INFO - Processing file /home/airflow/.local/lib/python3.10/site-packages/airflow/example_dags/example_nested_branch_dag.py for tasks to queue
[2025-02-19T06:07:04.479+0000] {logging_mixin.py:188} INFO - [2025-02-19T06:07:04.478+0000] {dagbag.py:538} INFO - Filling up the DagBag from /home/airflow/.local/lib/python3.10/site-packages/airflow/example_dags/example_nested_branch_dag.py
[2025-02-19T06:07:04.612+0000] {processor.py:840} INFO - DAG(s) 'example_nested_branch_dag' retrieved from /home/airflow/.local/lib/python3.10/site-packages/airflow/example_dags/example_nested_branch_dag.py
[2025-02-19T06:07:05.072+0000] {logging_mixin.py:188} INFO - [2025-02-19T06:07:05.072+0000] {dag.py:3036} INFO - Sync 1 DAGs
[2025-02-19T06:07:05.195+0000] {logging_mixin.py:188} INFO - [2025-02-19T06:07:05.192+0000] {dag.py:3823} INFO - Setting next_dagrun for example_nested_branch_dag to 2025-02-18 00:00:00+00:00, run_after=2025-02-19 00:00:00+00:00
[2025-02-19T06:07:05.591+0000] {processor.py:183} INFO - Processing /home/airflow/.local/lib/python3.10/site-packages/airflow/example_dags/example_nested_branch_dag.py took 1.315 seconds
[2025-02-19T06:08:12.029+0000] {processor.py:161} INFO - Started process (PID=422) to work on /home/airflow/.local/lib/python3.10/site-packages/airflow/example_dags/example_nested_branch_dag.py
[2025-02-19T06:08:12.031+0000] {processor.py:830} INFO - Processing file /home/airflow/.local/lib/python3.10/site-packages/airflow/example_dags/example_nested_branch_dag.py for tasks to queue
[2025-02-19T06:08:12.035+0000] {logging_mixin.py:188} INFO - [2025-02-19T06:08:12.034+0000] {dagbag.py:538} INFO - Filling up the DagBag from /home/airflow/.local/lib/python3.10/site-packages/airflow/example_dags/example_nested_branch_dag.py
[2025-02-19T06:08:12.079+0000] {processor.py:840} INFO - DAG(s) 'example_nested_branch_dag' retrieved from /home/airflow/.local/lib/python3.10/site-packages/airflow/example_dags/example_nested_branch_dag.py
[2025-02-19T06:08:12.201+0000] {logging_mixin.py:188} INFO - [2025-02-19T06:08:12.200+0000] {dag.py:3036} INFO - Sync 1 DAGs
[2025-02-19T06:08:12.381+0000] {logging_mixin.py:188} INFO - [2025-02-19T06:08:12.380+0000] {dag.py:3823} INFO - Setting next_dagrun for example_nested_branch_dag to 2025-02-18 00:00:00+00:00, run_after=2025-02-19 00:00:00+00:00
[2025-02-19T06:08:12.663+0000] {processor.py:183} INFO - Processing /home/airflow/.local/lib/python3.10/site-packages/airflow/example_dags/example_nested_branch_dag.py took 0.646 seconds
[2025-02-19T06:09:04.951+0000] {processor.py:161} INFO - Started process (PID=454) to work on /home/airflow/.local/lib/python3.10/site-packages/airflow/example_dags/example_nested_branch_dag.py
[2025-02-19T06:09:04.953+0000] {processor.py:830} INFO - Processing file /home/airflow/.local/lib/python3.10/site-packages/airflow/example_dags/example_nested_branch_dag.py for tasks to queue
[2025-02-19T06:09:04.955+0000] {logging_mixin.py:188} INFO - [2025-02-19T06:09:04.954+0000] {dagbag.py:538} INFO - Filling up the DagBag from /home/airflow/.local/lib/python3.10/site-packages/airflow/example_dags/example_nested_branch_dag.py
[2025-02-19T06:09:04.979+0000] {processor.py:840} INFO - DAG(s) 'example_nested_branch_dag' retrieved from /home/airflow/.local/lib/python3.10/site-packages/airflow/example_dags/example_nested_branch_dag.py
[2025-02-19T06:09:05.077+0000] {logging_mixin.py:188} INFO - [2025-02-19T06:09:05.077+0000] {dag.py:3036} INFO - Sync 1 DAGs
[2025-02-19T06:09:05.201+0000] {logging_mixin.py:188} INFO - [2025-02-19T06:09:05.200+0000] {dag.py:3823} INFO - Setting next_dagrun for example_nested_branch_dag to 2025-02-18 00:00:00+00:00, run_after=2025-02-19 00:00:00+00:00
[2025-02-19T06:09:05.390+0000] {processor.py:183} INFO - Processing /home/airflow/.local/lib/python3.10/site-packages/airflow/example_dags/example_nested_branch_dag.py took 0.444 seconds
[2025-02-19T06:09:56.634+0000] {processor.py:161} INFO - Started process (PID=485) to work on /home/airflow/.local/lib/python3.10/site-packages/airflow/example_dags/example_nested_branch_dag.py
[2025-02-19T06:09:56.637+0000] {processor.py:830} INFO - Processing file /home/airflow/.local/lib/python3.10/site-packages/airflow/example_dags/example_nested_branch_dag.py for tasks to queue
[2025-02-19T06:09:56.641+0000] {logging_mixin.py:188} INFO - [2025-02-19T06:09:56.640+0000] {dagbag.py:538} INFO - Filling up the DagBag from /home/airflow/.local/lib/python3.10/site-packages/airflow/example_dags/example_nested_branch_dag.py
[2025-02-19T06:09:56.667+0000] {processor.py:840} INFO - DAG(s) 'example_nested_branch_dag' retrieved from /home/airflow/.local/lib/python3.10/site-packages/airflow/example_dags/example_nested_branch_dag.py
[2025-02-19T06:09:56.729+0000] {logging_mixin.py:188} INFO - [2025-02-19T06:09:56.728+0000] {dag.py:3036} INFO - Sync 1 DAGs
[2025-02-19T06:09:56.791+0000] {logging_mixin.py:188} INFO - [2025-02-19T06:09:56.790+0000] {dag.py:3823} INFO - Setting next_dagrun for example_nested_branch_dag to 2025-02-18 00:00:00+00:00, run_after=2025-02-19 00:00:00+00:00
[2025-02-19T06:09:56.945+0000] {processor.py:183} INFO - Processing /home/airflow/.local/lib/python3.10/site-packages/airflow/example_dags/example_nested_branch_dag.py took 0.317 seconds
[2025-02-19T06:10:50.185+0000] {processor.py:161} INFO - Started process (PID=517) to work on /home/airflow/.local/lib/python3.10/site-packages/airflow/example_dags/example_nested_branch_dag.py
[2025-02-19T06:10:50.188+0000] {processor.py:830} INFO - Processing file /home/airflow/.local/lib/python3.10/site-packages/airflow/example_dags/example_nested_branch_dag.py for tasks to queue
[2025-02-19T06:10:50.200+0000] {logging_mixin.py:188} INFO - [2025-02-19T06:10:50.192+0000] {dagbag.py:538} INFO - Filling up the DagBag from /home/airflow/.local/lib/python3.10/site-packages/airflow/example_dags/example_nested_branch_dag.py
[2025-02-19T06:10:50.260+0000] {processor.py:840} INFO - DAG(s) 'example_nested_branch_dag' retrieved from /home/airflow/.local/lib/python3.10/site-packages/airflow/example_dags/example_nested_branch_dag.py
[2025-02-19T06:10:50.378+0000] {logging_mixin.py:188} INFO - [2025-02-19T06:10:50.378+0000] {dag.py:3036} INFO - Sync 1 DAGs
[2025-02-19T06:10:50.496+0000] {logging_mixin.py:188} INFO - [2025-02-19T06:10:50.495+0000] {dag.py:3823} INFO - Setting next_dagrun for example_nested_branch_dag to 2025-02-18 00:00:00+00:00, run_after=2025-02-19 00:00:00+00:00
[2025-02-19T06:10:50.703+0000] {processor.py:183} INFO - Processing /home/airflow/.local/lib/python3.10/site-packages/airflow/example_dags/example_nested_branch_dag.py took 0.535 seconds
[2025-02-19T06:11:41.929+0000] {processor.py:161} INFO - Started process (PID=548) to work on /home/airflow/.local/lib/python3.10/site-packages/airflow/example_dags/example_nested_branch_dag.py
[2025-02-19T06:11:41.932+0000] {processor.py:830} INFO - Processing file /home/airflow/.local/lib/python3.10/site-packages/airflow/example_dags/example_nested_branch_dag.py for tasks to queue
[2025-02-19T06:11:41.935+0000] {logging_mixin.py:188} INFO - [2025-02-19T06:11:41.934+0000] {dagbag.py:538} INFO - Filling up the DagBag from /home/airflow/.local/lib/python3.10/site-packages/airflow/example_dags/example_nested_branch_dag.py
[2025-02-19T06:11:41.981+0000] {processor.py:840} INFO - DAG(s) 'example_nested_branch_dag' retrieved from /home/airflow/.local/lib/python3.10/site-packages/airflow/example_dags/example_nested_branch_dag.py
[2025-02-19T06:11:42.070+0000] {logging_mixin.py:188} INFO - [2025-02-19T06:11:42.069+0000] {dag.py:3036} INFO - Sync 1 DAGs
[2025-02-19T06:11:42.183+0000] {logging_mixin.py:188} INFO - [2025-02-19T06:11:42.182+0000] {dag.py:3823} INFO - Setting next_dagrun for example_nested_branch_dag to 2025-02-18 00:00:00+00:00, run_after=2025-02-19 00:00:00+00:00
[2025-02-19T06:11:42.364+0000] {processor.py:183} INFO - Processing /home/airflow/.local/lib/python3.10/site-packages/airflow/example_dags/example_nested_branch_dag.py took 0.442 seconds
[2025-02-19T06:12:42.141+0000] {processor.py:161} INFO - Started process (PID=579) to work on /home/airflow/.local/lib/python3.10/site-packages/airflow/example_dags/example_nested_branch_dag.py
[2025-02-19T06:12:42.145+0000] {processor.py:830} INFO - Processing file /home/airflow/.local/lib/python3.10/site-packages/airflow/example_dags/example_nested_branch_dag.py for tasks to queue
[2025-02-19T06:12:42.148+0000] {logging_mixin.py:188} INFO - [2025-02-19T06:12:42.147+0000] {dagbag.py:538} INFO - Filling up the DagBag from /home/airflow/.local/lib/python3.10/site-packages/airflow/example_dags/example_nested_branch_dag.py
[2025-02-19T06:12:42.195+0000] {processor.py:840} INFO - DAG(s) 'example_nested_branch_dag' retrieved from /home/airflow/.local/lib/python3.10/site-packages/airflow/example_dags/example_nested_branch_dag.py
[2025-02-19T06:12:42.269+0000] {logging_mixin.py:188} INFO - [2025-02-19T06:12:42.268+0000] {dag.py:3036} INFO - Sync 1 DAGs
[2025-02-19T06:12:42.353+0000] {logging_mixin.py:188} INFO - [2025-02-19T06:12:42.353+0000] {dag.py:3823} INFO - Setting next_dagrun for example_nested_branch_dag to 2025-02-18 00:00:00+00:00, run_after=2025-02-19 00:00:00+00:00
[2025-02-19T06:12:42.528+0000] {processor.py:183} INFO - Processing /home/airflow/.local/lib/python3.10/site-packages/airflow/example_dags/example_nested_branch_dag.py took 0.394 seconds
[2025-02-19T06:13:36.225+0000] {processor.py:161} INFO - Started process (PID=613) to work on /home/airflow/.local/lib/python3.10/site-packages/airflow/example_dags/example_nested_branch_dag.py
[2025-02-19T06:13:36.231+0000] {processor.py:830} INFO - Processing file /home/airflow/.local/lib/python3.10/site-packages/airflow/example_dags/example_nested_branch_dag.py for tasks to queue
[2025-02-19T06:13:36.234+0000] {logging_mixin.py:188} INFO - [2025-02-19T06:13:36.233+0000] {dagbag.py:538} INFO - Filling up the DagBag from /home/airflow/.local/lib/python3.10/site-packages/airflow/example_dags/example_nested_branch_dag.py
[2025-02-19T06:13:36.281+0000] {processor.py:840} INFO - DAG(s) 'example_nested_branch_dag' retrieved from /home/airflow/.local/lib/python3.10/site-packages/airflow/example_dags/example_nested_branch_dag.py
[2025-02-19T06:13:36.383+0000] {logging_mixin.py:188} INFO - [2025-02-19T06:13:36.382+0000] {dag.py:3036} INFO - Sync 1 DAGs
[2025-02-19T06:13:36.496+0000] {logging_mixin.py:188} INFO - [2025-02-19T06:13:36.496+0000] {dag.py:3823} INFO - Setting next_dagrun for example_nested_branch_dag to 2025-02-18 00:00:00+00:00, run_after=2025-02-19 00:00:00+00:00
[2025-02-19T06:13:36.665+0000] {processor.py:183} INFO - Processing /home/airflow/.local/lib/python3.10/site-packages/airflow/example_dags/example_nested_branch_dag.py took 0.448 seconds
[2025-02-19T06:14:24.817+0000] {processor.py:161} INFO - Started process (PID=644) to work on /home/airflow/.local/lib/python3.10/site-packages/airflow/example_dags/example_nested_branch_dag.py
[2025-02-19T06:14:24.821+0000] {processor.py:830} INFO - Processing file /home/airflow/.local/lib/python3.10/site-packages/airflow/example_dags/example_nested_branch_dag.py for tasks to queue
[2025-02-19T06:14:24.824+0000] {logging_mixin.py:188} INFO - [2025-02-19T06:14:24.823+0000] {dagbag.py:538} INFO - Filling up the DagBag from /home/airflow/.local/lib/python3.10/site-packages/airflow/example_dags/example_nested_branch_dag.py
[2025-02-19T06:14:24.848+0000] {processor.py:840} INFO - DAG(s) 'example_nested_branch_dag' retrieved from /home/airflow/.local/lib/python3.10/site-packages/airflow/example_dags/example_nested_branch_dag.py
[2025-02-19T06:14:24.910+0000] {logging_mixin.py:188} INFO - [2025-02-19T06:14:24.910+0000] {dag.py:3036} INFO - Sync 1 DAGs
[2025-02-19T06:14:25.008+0000] {logging_mixin.py:188} INFO - [2025-02-19T06:14:25.007+0000] {dag.py:3823} INFO - Setting next_dagrun for example_nested_branch_dag to 2025-02-18 00:00:00+00:00, run_after=2025-02-19 00:00:00+00:00
[2025-02-19T06:14:25.173+0000] {processor.py:183} INFO - Processing /home/airflow/.local/lib/python3.10/site-packages/airflow/example_dags/example_nested_branch_dag.py took 0.362 seconds
[2025-02-19T06:15:10.449+0000] {processor.py:161} INFO - Started process (PID=674) to work on /home/airflow/.local/lib/python3.10/site-packages/airflow/example_dags/example_nested_branch_dag.py
[2025-02-19T06:15:10.452+0000] {processor.py:830} INFO - Processing file /home/airflow/.local/lib/python3.10/site-packages/airflow/example_dags/example_nested_branch_dag.py for tasks to queue
[2025-02-19T06:15:10.454+0000] {logging_mixin.py:188} INFO - [2025-02-19T06:15:10.453+0000] {dagbag.py:538} INFO - Filling up the DagBag from /home/airflow/.local/lib/python3.10/site-packages/airflow/example_dags/example_nested_branch_dag.py
[2025-02-19T06:15:10.477+0000] {processor.py:840} INFO - DAG(s) 'example_nested_branch_dag' retrieved from /home/airflow/.local/lib/python3.10/site-packages/airflow/example_dags/example_nested_branch_dag.py
[2025-02-19T06:15:10.543+0000] {logging_mixin.py:188} INFO - [2025-02-19T06:15:10.542+0000] {dag.py:3036} INFO - Sync 1 DAGs
[2025-02-19T06:15:10.620+0000] {logging_mixin.py:188} INFO - [2025-02-19T06:15:10.620+0000] {dag.py:3823} INFO - Setting next_dagrun for example_nested_branch_dag to 2025-02-18 00:00:00+00:00, run_after=2025-02-19 00:00:00+00:00
[2025-02-19T06:15:10.772+0000] {processor.py:183} INFO - Processing /home/airflow/.local/lib/python3.10/site-packages/airflow/example_dags/example_nested_branch_dag.py took 0.329 seconds
[2025-02-19T06:15:57.705+0000] {processor.py:161} INFO - Started process (PID=704) to work on /home/airflow/.local/lib/python3.10/site-packages/airflow/example_dags/example_nested_branch_dag.py
[2025-02-19T06:15:57.708+0000] {processor.py:830} INFO - Processing file /home/airflow/.local/lib/python3.10/site-packages/airflow/example_dags/example_nested_branch_dag.py for tasks to queue
[2025-02-19T06:15:57.711+0000] {logging_mixin.py:188} INFO - [2025-02-19T06:15:57.710+0000] {dagbag.py:538} INFO - Filling up the DagBag from /home/airflow/.local/lib/python3.10/site-packages/airflow/example_dags/example_nested_branch_dag.py
[2025-02-19T06:15:57.745+0000] {processor.py:840} INFO - DAG(s) 'example_nested_branch_dag' retrieved from /home/airflow/.local/lib/python3.10/site-packages/airflow/example_dags/example_nested_branch_dag.py
[2025-02-19T06:15:57.827+0000] {logging_mixin.py:188} INFO - [2025-02-19T06:15:57.826+0000] {dag.py:3036} INFO - Sync 1 DAGs
[2025-02-19T06:15:57.904+0000] {logging_mixin.py:188} INFO - [2025-02-19T06:15:57.903+0000] {dag.py:3823} INFO - Setting next_dagrun for example_nested_branch_dag to 2025-02-18 00:00:00+00:00, run_after=2025-02-19 00:00:00+00:00
[2025-02-19T06:15:58.081+0000] {processor.py:183} INFO - Processing /home/airflow/.local/lib/python3.10/site-packages/airflow/example_dags/example_nested_branch_dag.py took 0.383 seconds
[2025-02-19T06:16:58.975+0000] {processor.py:161} INFO - Started process (PID=734) to work on /home/airflow/.local/lib/python3.10/site-packages/airflow/example_dags/example_nested_branch_dag.py
[2025-02-19T06:16:58.978+0000] {processor.py:830} INFO - Processing file /home/airflow/.local/lib/python3.10/site-packages/airflow/example_dags/example_nested_branch_dag.py for tasks to queue
[2025-02-19T06:16:58.981+0000] {logging_mixin.py:188} INFO - [2025-02-19T06:16:58.980+0000] {dagbag.py:538} INFO - Filling up the DagBag from /home/airflow/.local/lib/python3.10/site-packages/airflow/example_dags/example_nested_branch_dag.py
[2025-02-19T06:16:59.040+0000] {processor.py:840} INFO - DAG(s) 'example_nested_branch_dag' retrieved from /home/airflow/.local/lib/python3.10/site-packages/airflow/example_dags/example_nested_branch_dag.py
[2025-02-19T06:16:59.155+0000] {logging_mixin.py:188} INFO - [2025-02-19T06:16:59.154+0000] {dag.py:3036} INFO - Sync 1 DAGs
[2025-02-19T06:16:59.334+0000] {logging_mixin.py:188} INFO - [2025-02-19T06:16:59.323+0000] {dag.py:3823} INFO - Setting next_dagrun for example_nested_branch_dag to 2025-02-18 00:00:00+00:00, run_after=2025-02-19 00:00:00+00:00
[2025-02-19T06:16:59.578+0000] {processor.py:183} INFO - Processing /home/airflow/.local/lib/python3.10/site-packages/airflow/example_dags/example_nested_branch_dag.py took 0.623 seconds
[2025-02-19T06:18:01.378+0000] {processor.py:161} INFO - Started process (PID=771) to work on /home/airflow/.local/lib/python3.10/site-packages/airflow/example_dags/example_nested_branch_dag.py
[2025-02-19T06:18:01.382+0000] {processor.py:830} INFO - Processing file /home/airflow/.local/lib/python3.10/site-packages/airflow/example_dags/example_nested_branch_dag.py for tasks to queue
[2025-02-19T06:18:01.386+0000] {logging_mixin.py:188} INFO - [2025-02-19T06:18:01.385+0000] {dagbag.py:538} INFO - Filling up the DagBag from /home/airflow/.local/lib/python3.10/site-packages/airflow/example_dags/example_nested_branch_dag.py
[2025-02-19T06:18:01.444+0000] {processor.py:840} INFO - DAG(s) 'example_nested_branch_dag' retrieved from /home/airflow/.local/lib/python3.10/site-packages/airflow/example_dags/example_nested_branch_dag.py
[2025-02-19T06:18:01.549+0000] {logging_mixin.py:188} INFO - [2025-02-19T06:18:01.548+0000] {dag.py:3036} INFO - Sync 1 DAGs
[2025-02-19T06:18:01.643+0000] {logging_mixin.py:188} INFO - [2025-02-19T06:18:01.643+0000] {dag.py:3823} INFO - Setting next_dagrun for example_nested_branch_dag to 2025-02-18 00:00:00+00:00, run_after=2025-02-19 00:00:00+00:00
[2025-02-19T06:18:01.804+0000] {processor.py:183} INFO - Processing /home/airflow/.local/lib/python3.10/site-packages/airflow/example_dags/example_nested_branch_dag.py took 0.435 seconds
[2025-02-19T06:18:50.385+0000] {processor.py:161} INFO - Started process (PID=802) to work on /home/airflow/.local/lib/python3.10/site-packages/airflow/example_dags/example_nested_branch_dag.py
[2025-02-19T06:18:50.388+0000] {processor.py:830} INFO - Processing file /home/airflow/.local/lib/python3.10/site-packages/airflow/example_dags/example_nested_branch_dag.py for tasks to queue
[2025-02-19T06:18:50.392+0000] {logging_mixin.py:188} INFO - [2025-02-19T06:18:50.391+0000] {dagbag.py:538} INFO - Filling up the DagBag from /home/airflow/.local/lib/python3.10/site-packages/airflow/example_dags/example_nested_branch_dag.py
[2025-02-19T06:18:50.436+0000] {processor.py:840} INFO - DAG(s) 'example_nested_branch_dag' retrieved from /home/airflow/.local/lib/python3.10/site-packages/airflow/example_dags/example_nested_branch_dag.py
[2025-02-19T06:18:50.533+0000] {logging_mixin.py:188} INFO - [2025-02-19T06:18:50.532+0000] {dag.py:3036} INFO - Sync 1 DAGs
[2025-02-19T06:18:50.657+0000] {logging_mixin.py:188} INFO - [2025-02-19T06:18:50.656+0000] {dag.py:3823} INFO - Setting next_dagrun for example_nested_branch_dag to 2025-02-18 00:00:00+00:00, run_after=2025-02-19 00:00:00+00:00
[2025-02-19T06:18:50.843+0000] {processor.py:183} INFO - Processing /home/airflow/.local/lib/python3.10/site-packages/airflow/example_dags/example_nested_branch_dag.py took 0.473 seconds
[2025-02-19T06:19:35.442+0000] {processor.py:161} INFO - Started process (PID=832) to work on /home/airflow/.local/lib/python3.10/site-packages/airflow/example_dags/example_nested_branch_dag.py
[2025-02-19T06:19:35.446+0000] {processor.py:830} INFO - Processing file /home/airflow/.local/lib/python3.10/site-packages/airflow/example_dags/example_nested_branch_dag.py for tasks to queue
[2025-02-19T06:19:35.449+0000] {logging_mixin.py:188} INFO - [2025-02-19T06:19:35.448+0000] {dagbag.py:538} INFO - Filling up the DagBag from /home/airflow/.local/lib/python3.10/site-packages/airflow/example_dags/example_nested_branch_dag.py
[2025-02-19T06:19:35.476+0000] {processor.py:840} INFO - DAG(s) 'example_nested_branch_dag' retrieved from /home/airflow/.local/lib/python3.10/site-packages/airflow/example_dags/example_nested_branch_dag.py
[2025-02-19T06:19:35.534+0000] {logging_mixin.py:188} INFO - [2025-02-19T06:19:35.534+0000] {dag.py:3036} INFO - Sync 1 DAGs
[2025-02-19T06:19:35.615+0000] {logging_mixin.py:188} INFO - [2025-02-19T06:19:35.615+0000] {dag.py:3823} INFO - Setting next_dagrun for example_nested_branch_dag to 2025-02-18 00:00:00+00:00, run_after=2025-02-19 00:00:00+00:00
[2025-02-19T06:19:35.778+0000] {processor.py:183} INFO - Processing /home/airflow/.local/lib/python3.10/site-packages/airflow/example_dags/example_nested_branch_dag.py took 0.348 seconds
[2025-02-19T06:20:23.334+0000] {processor.py:161} INFO - Started process (PID=861) to work on /home/airflow/.local/lib/python3.10/site-packages/airflow/example_dags/example_nested_branch_dag.py
[2025-02-19T06:20:23.336+0000] {processor.py:830} INFO - Processing file /home/airflow/.local/lib/python3.10/site-packages/airflow/example_dags/example_nested_branch_dag.py for tasks to queue
[2025-02-19T06:20:23.338+0000] {logging_mixin.py:188} INFO - [2025-02-19T06:20:23.337+0000] {dagbag.py:538} INFO - Filling up the DagBag from /home/airflow/.local/lib/python3.10/site-packages/airflow/example_dags/example_nested_branch_dag.py
[2025-02-19T06:20:23.355+0000] {processor.py:840} INFO - DAG(s) 'example_nested_branch_dag' retrieved from /home/airflow/.local/lib/python3.10/site-packages/airflow/example_dags/example_nested_branch_dag.py
[2025-02-19T06:20:23.411+0000] {logging_mixin.py:188} INFO - [2025-02-19T06:20:23.411+0000] {dag.py:3036} INFO - Sync 1 DAGs
[2025-02-19T06:20:23.483+0000] {logging_mixin.py:188} INFO - [2025-02-19T06:20:23.483+0000] {dag.py:3823} INFO - Setting next_dagrun for example_nested_branch_dag to 2025-02-18 00:00:00+00:00, run_after=2025-02-19 00:00:00+00:00
[2025-02-19T06:20:23.620+0000] {processor.py:183} INFO - Processing /home/airflow/.local/lib/python3.10/site-packages/airflow/example_dags/example_nested_branch_dag.py took 0.291 seconds
[2025-02-19T06:21:13.857+0000] {processor.py:161} INFO - Started process (PID=891) to work on /home/airflow/.local/lib/python3.10/site-packages/airflow/example_dags/example_nested_branch_dag.py
[2025-02-19T06:21:13.860+0000] {processor.py:830} INFO - Processing file /home/airflow/.local/lib/python3.10/site-packages/airflow/example_dags/example_nested_branch_dag.py for tasks to queue
[2025-02-19T06:21:13.863+0000] {logging_mixin.py:188} INFO - [2025-02-19T06:21:13.862+0000] {dagbag.py:538} INFO - Filling up the DagBag from /home/airflow/.local/lib/python3.10/site-packages/airflow/example_dags/example_nested_branch_dag.py
[2025-02-19T06:21:13.900+0000] {processor.py:840} INFO - DAG(s) 'example_nested_branch_dag' retrieved from /home/airflow/.local/lib/python3.10/site-packages/airflow/example_dags/example_nested_branch_dag.py
[2025-02-19T06:21:13.982+0000] {logging_mixin.py:188} INFO - [2025-02-19T06:21:13.981+0000] {dag.py:3036} INFO - Sync 1 DAGs
[2025-02-19T06:21:14.080+0000] {logging_mixin.py:188} INFO - [2025-02-19T06:21:14.080+0000] {dag.py:3823} INFO - Setting next_dagrun for example_nested_branch_dag to 2025-02-18 00:00:00+00:00, run_after=2025-02-19 00:00:00+00:00
[2025-02-19T06:21:14.228+0000] {processor.py:183} INFO - Processing /home/airflow/.local/lib/python3.10/site-packages/airflow/example_dags/example_nested_branch_dag.py took 0.387 seconds
[2025-02-19T06:22:16.748+0000] {processor.py:161} INFO - Started process (PID=923) to work on /home/airflow/.local/lib/python3.10/site-packages/airflow/example_dags/example_nested_branch_dag.py
[2025-02-19T06:22:16.761+0000] {processor.py:830} INFO - Processing file /home/airflow/.local/lib/python3.10/site-packages/airflow/example_dags/example_nested_branch_dag.py for tasks to queue
[2025-02-19T06:22:16.765+0000] {logging_mixin.py:188} INFO - [2025-02-19T06:22:16.763+0000] {dagbag.py:538} INFO - Filling up the DagBag from /home/airflow/.local/lib/python3.10/site-packages/airflow/example_dags/example_nested_branch_dag.py
[2025-02-19T06:22:16.841+0000] {processor.py:840} INFO - DAG(s) 'example_nested_branch_dag' retrieved from /home/airflow/.local/lib/python3.10/site-packages/airflow/example_dags/example_nested_branch_dag.py
[2025-02-19T06:22:17.001+0000] {logging_mixin.py:188} INFO - [2025-02-19T06:22:17.000+0000] {dag.py:3036} INFO - Sync 1 DAGs
[2025-02-19T06:22:17.172+0000] {logging_mixin.py:188} INFO - [2025-02-19T06:22:17.171+0000] {dag.py:3823} INFO - Setting next_dagrun for example_nested_branch_dag to 2025-02-18 00:00:00+00:00, run_after=2025-02-19 00:00:00+00:00
[2025-02-19T06:22:17.450+0000] {processor.py:183} INFO - Processing /home/airflow/.local/lib/python3.10/site-packages/airflow/example_dags/example_nested_branch_dag.py took 0.717 seconds
[2025-02-19T06:23:15.247+0000] {processor.py:161} INFO - Started process (PID=956) to work on /home/airflow/.local/lib/python3.10/site-packages/airflow/example_dags/example_nested_branch_dag.py
[2025-02-19T06:23:15.254+0000] {processor.py:830} INFO - Processing file /home/airflow/.local/lib/python3.10/site-packages/airflow/example_dags/example_nested_branch_dag.py for tasks to queue
[2025-02-19T06:23:15.257+0000] {logging_mixin.py:188} INFO - [2025-02-19T06:23:15.256+0000] {dagbag.py:538} INFO - Filling up the DagBag from /home/airflow/.local/lib/python3.10/site-packages/airflow/example_dags/example_nested_branch_dag.py
[2025-02-19T06:23:15.330+0000] {processor.py:840} INFO - DAG(s) 'example_nested_branch_dag' retrieved from /home/airflow/.local/lib/python3.10/site-packages/airflow/example_dags/example_nested_branch_dag.py
[2025-02-19T06:23:15.447+0000] {logging_mixin.py:188} INFO - [2025-02-19T06:23:15.445+0000] {dag.py:3036} INFO - Sync 1 DAGs
[2025-02-19T06:23:15.543+0000] {logging_mixin.py:188} INFO - [2025-02-19T06:23:15.542+0000] {dag.py:3823} INFO - Setting next_dagrun for example_nested_branch_dag to 2025-02-18 00:00:00+00:00, run_after=2025-02-19 00:00:00+00:00
[2025-02-19T06:23:15.719+0000] {processor.py:183} INFO - Processing /home/airflow/.local/lib/python3.10/site-packages/airflow/example_dags/example_nested_branch_dag.py took 0.489 seconds
[2025-02-19T06:24:24.498+0000] {processor.py:161} INFO - Started process (PID=987) to work on /home/airflow/.local/lib/python3.10/site-packages/airflow/example_dags/example_nested_branch_dag.py
[2025-02-19T06:24:24.501+0000] {processor.py:830} INFO - Processing file /home/airflow/.local/lib/python3.10/site-packages/airflow/example_dags/example_nested_branch_dag.py for tasks to queue
[2025-02-19T06:24:24.512+0000] {logging_mixin.py:188} INFO - [2025-02-19T06:24:24.503+0000] {dagbag.py:538} INFO - Filling up the DagBag from /home/airflow/.local/lib/python3.10/site-packages/airflow/example_dags/example_nested_branch_dag.py
[2025-02-19T06:24:24.594+0000] {processor.py:840} INFO - DAG(s) 'example_nested_branch_dag' retrieved from /home/airflow/.local/lib/python3.10/site-packages/airflow/example_dags/example_nested_branch_dag.py
[2025-02-19T06:24:24.758+0000] {logging_mixin.py:188} INFO - [2025-02-19T06:24:24.757+0000] {dag.py:3036} INFO - Sync 1 DAGs
[2025-02-19T06:24:24.899+0000] {logging_mixin.py:188} INFO - [2025-02-19T06:24:24.896+0000] {dag.py:3823} INFO - Setting next_dagrun for example_nested_branch_dag to 2025-02-18 00:00:00+00:00, run_after=2025-02-19 00:00:00+00:00
[2025-02-19T06:24:25.128+0000] {processor.py:183} INFO - Processing /home/airflow/.local/lib/python3.10/site-packages/airflow/example_dags/example_nested_branch_dag.py took 0.648 seconds
[2025-02-19T06:25:31.088+0000] {processor.py:161} INFO - Started process (PID=1024) to work on /home/airflow/.local/lib/python3.10/site-packages/airflow/example_dags/example_nested_branch_dag.py
[2025-02-19T06:25:31.091+0000] {processor.py:830} INFO - Processing file /home/airflow/.local/lib/python3.10/site-packages/airflow/example_dags/example_nested_branch_dag.py for tasks to queue
[2025-02-19T06:25:31.095+0000] {logging_mixin.py:188} INFO - [2025-02-19T06:25:31.094+0000] {dagbag.py:538} INFO - Filling up the DagBag from /home/airflow/.local/lib/python3.10/site-packages/airflow/example_dags/example_nested_branch_dag.py
[2025-02-19T06:25:31.157+0000] {processor.py:840} INFO - DAG(s) 'example_nested_branch_dag' retrieved from /home/airflow/.local/lib/python3.10/site-packages/airflow/example_dags/example_nested_branch_dag.py
[2025-02-19T06:25:31.296+0000] {logging_mixin.py:188} INFO - [2025-02-19T06:25:31.295+0000] {dag.py:3036} INFO - Sync 1 DAGs
[2025-02-19T06:25:31.454+0000] {logging_mixin.py:188} INFO - [2025-02-19T06:25:31.453+0000] {dag.py:3823} INFO - Setting next_dagrun for example_nested_branch_dag to 2025-02-18 00:00:00+00:00, run_after=2025-02-19 00:00:00+00:00
[2025-02-19T06:25:31.705+0000] {processor.py:183} INFO - Processing /home/airflow/.local/lib/python3.10/site-packages/airflow/example_dags/example_nested_branch_dag.py took 0.627 seconds
[2025-02-19T06:26:28.485+0000] {processor.py:161} INFO - Started process (PID=1055) to work on /home/airflow/.local/lib/python3.10/site-packages/airflow/example_dags/example_nested_branch_dag.py
[2025-02-19T06:26:28.489+0000] {processor.py:830} INFO - Processing file /home/airflow/.local/lib/python3.10/site-packages/airflow/example_dags/example_nested_branch_dag.py for tasks to queue
[2025-02-19T06:26:28.499+0000] {logging_mixin.py:188} INFO - [2025-02-19T06:26:28.498+0000] {dagbag.py:538} INFO - Filling up the DagBag from /home/airflow/.local/lib/python3.10/site-packages/airflow/example_dags/example_nested_branch_dag.py
[2025-02-19T06:26:28.595+0000] {processor.py:840} INFO - DAG(s) 'example_nested_branch_dag' retrieved from /home/airflow/.local/lib/python3.10/site-packages/airflow/example_dags/example_nested_branch_dag.py
[2025-02-19T06:26:28.768+0000] {logging_mixin.py:188} INFO - [2025-02-19T06:26:28.768+0000] {dag.py:3036} INFO - Sync 1 DAGs
[2025-02-19T06:26:28.979+0000] {logging_mixin.py:188} INFO - [2025-02-19T06:26:28.978+0000] {dag.py:3823} INFO - Setting next_dagrun for example_nested_branch_dag to 2025-02-18 00:00:00+00:00, run_after=2025-02-19 00:00:00+00:00
[2025-02-19T06:26:29.292+0000] {processor.py:183} INFO - Processing /home/airflow/.local/lib/python3.10/site-packages/airflow/example_dags/example_nested_branch_dag.py took 0.826 seconds
[2025-02-19T06:28:18.571+0000] {processor.py:161} INFO - Started process (PID=36) to work on /home/airflow/.local/lib/python3.10/site-packages/airflow/example_dags/example_nested_branch_dag.py
[2025-02-19T06:28:18.575+0000] {processor.py:830} INFO - Processing file /home/airflow/.local/lib/python3.10/site-packages/airflow/example_dags/example_nested_branch_dag.py for tasks to queue
[2025-02-19T06:28:18.579+0000] {logging_mixin.py:188} INFO - [2025-02-19T06:28:18.578+0000] {dagbag.py:538} INFO - Filling up the DagBag from /home/airflow/.local/lib/python3.10/site-packages/airflow/example_dags/example_nested_branch_dag.py
[2025-02-19T06:28:18.638+0000] {processor.py:840} INFO - DAG(s) 'example_nested_branch_dag' retrieved from /home/airflow/.local/lib/python3.10/site-packages/airflow/example_dags/example_nested_branch_dag.py
[2025-02-19T06:28:18.783+0000] {logging_mixin.py:188} INFO - [2025-02-19T06:28:18.782+0000] {dag.py:3036} INFO - Sync 1 DAGs
[2025-02-19T06:28:18.919+0000] {logging_mixin.py:188} INFO - [2025-02-19T06:28:18.918+0000] {dag.py:3823} INFO - Setting next_dagrun for example_nested_branch_dag to 2025-02-18 00:00:00+00:00, run_after=2025-02-19 00:00:00+00:00
[2025-02-19T06:28:19.177+0000] {processor.py:183} INFO - Processing /home/airflow/.local/lib/python3.10/site-packages/airflow/example_dags/example_nested_branch_dag.py took 0.622 seconds
[2025-02-19T06:29:52.225+0000] {processor.py:161} INFO - Started process (PID=36) to work on /home/airflow/.local/lib/python3.10/site-packages/airflow/example_dags/example_nested_branch_dag.py
[2025-02-19T06:29:52.276+0000] {processor.py:830} INFO - Processing file /home/airflow/.local/lib/python3.10/site-packages/airflow/example_dags/example_nested_branch_dag.py for tasks to queue
[2025-02-19T06:29:52.287+0000] {logging_mixin.py:188} INFO - [2025-02-19T06:29:52.286+0000] {dagbag.py:538} INFO - Filling up the DagBag from /home/airflow/.local/lib/python3.10/site-packages/airflow/example_dags/example_nested_branch_dag.py
[2025-02-19T06:29:52.355+0000] {processor.py:840} INFO - DAG(s) 'example_nested_branch_dag' retrieved from /home/airflow/.local/lib/python3.10/site-packages/airflow/example_dags/example_nested_branch_dag.py
[2025-02-19T06:29:52.510+0000] {logging_mixin.py:188} INFO - [2025-02-19T06:29:52.510+0000] {dag.py:3036} INFO - Sync 1 DAGs
[2025-02-19T06:29:52.641+0000] {logging_mixin.py:188} INFO - [2025-02-19T06:29:52.640+0000] {dag.py:3823} INFO - Setting next_dagrun for example_nested_branch_dag to 2025-02-18 00:00:00+00:00, run_after=2025-02-19 00:00:00+00:00
[2025-02-19T06:29:52.821+0000] {processor.py:183} INFO - Processing /home/airflow/.local/lib/python3.10/site-packages/airflow/example_dags/example_nested_branch_dag.py took 0.606 seconds
[2025-02-19T06:31:29.196+0000] {processor.py:161} INFO - Started process (PID=85) to work on /home/airflow/.local/lib/python3.10/site-packages/airflow/example_dags/example_nested_branch_dag.py
[2025-02-19T06:31:29.200+0000] {processor.py:830} INFO - Processing file /home/airflow/.local/lib/python3.10/site-packages/airflow/example_dags/example_nested_branch_dag.py for tasks to queue
[2025-02-19T06:31:29.204+0000] {logging_mixin.py:188} INFO - [2025-02-19T06:31:29.202+0000] {dagbag.py:538} INFO - Filling up the DagBag from /home/airflow/.local/lib/python3.10/site-packages/airflow/example_dags/example_nested_branch_dag.py
[2025-02-19T06:31:29.293+0000] {processor.py:840} INFO - DAG(s) 'example_nested_branch_dag' retrieved from /home/airflow/.local/lib/python3.10/site-packages/airflow/example_dags/example_nested_branch_dag.py
[2025-02-19T06:31:29.468+0000] {logging_mixin.py:188} INFO - [2025-02-19T06:31:29.467+0000] {dag.py:3036} INFO - Sync 1 DAGs
[2025-02-19T06:31:29.662+0000] {logging_mixin.py:188} INFO - [2025-02-19T06:31:29.662+0000] {dag.py:3823} INFO - Setting next_dagrun for example_nested_branch_dag to 2025-02-18 00:00:00+00:00, run_after=2025-02-19 00:00:00+00:00
[2025-02-19T06:31:29.972+0000] {processor.py:183} INFO - Processing /home/airflow/.local/lib/python3.10/site-packages/airflow/example_dags/example_nested_branch_dag.py took 0.801 seconds
[2025-02-19T06:32:37.346+0000] {processor.py:161} INFO - Started process (PID=116) to work on /home/airflow/.local/lib/python3.10/site-packages/airflow/example_dags/example_nested_branch_dag.py
[2025-02-19T06:32:37.359+0000] {processor.py:830} INFO - Processing file /home/airflow/.local/lib/python3.10/site-packages/airflow/example_dags/example_nested_branch_dag.py for tasks to queue
[2025-02-19T06:32:37.374+0000] {logging_mixin.py:188} INFO - [2025-02-19T06:32:37.372+0000] {dagbag.py:538} INFO - Filling up the DagBag from /home/airflow/.local/lib/python3.10/site-packages/airflow/example_dags/example_nested_branch_dag.py
[2025-02-19T06:32:37.479+0000] {processor.py:840} INFO - DAG(s) 'example_nested_branch_dag' retrieved from /home/airflow/.local/lib/python3.10/site-packages/airflow/example_dags/example_nested_branch_dag.py
[2025-02-19T06:32:37.673+0000] {logging_mixin.py:188} INFO - [2025-02-19T06:32:37.672+0000] {dag.py:3036} INFO - Sync 1 DAGs
[2025-02-19T06:32:37.907+0000] {logging_mixin.py:188} INFO - [2025-02-19T06:32:37.896+0000] {dag.py:3823} INFO - Setting next_dagrun for example_nested_branch_dag to 2025-02-18 00:00:00+00:00, run_after=2025-02-19 00:00:00+00:00
[2025-02-19T06:32:38.161+0000] {processor.py:183} INFO - Processing /home/airflow/.local/lib/python3.10/site-packages/airflow/example_dags/example_nested_branch_dag.py took 0.853 seconds
[2025-02-19T06:33:46.999+0000] {processor.py:161} INFO - Started process (PID=153) to work on /home/airflow/.local/lib/python3.10/site-packages/airflow/example_dags/example_nested_branch_dag.py
[2025-02-19T06:33:47.002+0000] {processor.py:830} INFO - Processing file /home/airflow/.local/lib/python3.10/site-packages/airflow/example_dags/example_nested_branch_dag.py for tasks to queue
[2025-02-19T06:33:47.005+0000] {logging_mixin.py:188} INFO - [2025-02-19T06:33:47.004+0000] {dagbag.py:538} INFO - Filling up the DagBag from /home/airflow/.local/lib/python3.10/site-packages/airflow/example_dags/example_nested_branch_dag.py
[2025-02-19T06:33:47.031+0000] {processor.py:840} INFO - DAG(s) 'example_nested_branch_dag' retrieved from /home/airflow/.local/lib/python3.10/site-packages/airflow/example_dags/example_nested_branch_dag.py
[2025-02-19T06:33:47.118+0000] {logging_mixin.py:188} INFO - [2025-02-19T06:33:47.117+0000] {dag.py:3036} INFO - Sync 1 DAGs
[2025-02-19T06:33:47.197+0000] {logging_mixin.py:188} INFO - [2025-02-19T06:33:47.196+0000] {dag.py:3823} INFO - Setting next_dagrun for example_nested_branch_dag to 2025-02-18 00:00:00+00:00, run_after=2025-02-19 00:00:00+00:00
[2025-02-19T06:33:47.448+0000] {processor.py:183} INFO - Processing /home/airflow/.local/lib/python3.10/site-packages/airflow/example_dags/example_nested_branch_dag.py took 0.458 seconds
[2025-02-19T06:34:38.586+0000] {processor.py:161} INFO - Started process (PID=186) to work on /home/airflow/.local/lib/python3.10/site-packages/airflow/example_dags/example_nested_branch_dag.py
[2025-02-19T06:34:38.588+0000] {processor.py:830} INFO - Processing file /home/airflow/.local/lib/python3.10/site-packages/airflow/example_dags/example_nested_branch_dag.py for tasks to queue
[2025-02-19T06:34:38.590+0000] {logging_mixin.py:188} INFO - [2025-02-19T06:34:38.589+0000] {dagbag.py:538} INFO - Filling up the DagBag from /home/airflow/.local/lib/python3.10/site-packages/airflow/example_dags/example_nested_branch_dag.py
[2025-02-19T06:34:38.611+0000] {processor.py:840} INFO - DAG(s) 'example_nested_branch_dag' retrieved from /home/airflow/.local/lib/python3.10/site-packages/airflow/example_dags/example_nested_branch_dag.py
[2025-02-19T06:34:38.662+0000] {logging_mixin.py:188} INFO - [2025-02-19T06:34:38.662+0000] {dag.py:3036} INFO - Sync 1 DAGs
[2025-02-19T06:34:38.715+0000] {logging_mixin.py:188} INFO - [2025-02-19T06:34:38.715+0000] {dag.py:3823} INFO - Setting next_dagrun for example_nested_branch_dag to 2025-02-18 00:00:00+00:00, run_after=2025-02-19 00:00:00+00:00
[2025-02-19T06:34:38.842+0000] {processor.py:183} INFO - Processing /home/airflow/.local/lib/python3.10/site-packages/airflow/example_dags/example_nested_branch_dag.py took 0.261 seconds
[2025-02-19T06:35:24.225+0000] {processor.py:161} INFO - Started process (PID=216) to work on /home/airflow/.local/lib/python3.10/site-packages/airflow/example_dags/example_nested_branch_dag.py
[2025-02-19T06:35:24.228+0000] {processor.py:830} INFO - Processing file /home/airflow/.local/lib/python3.10/site-packages/airflow/example_dags/example_nested_branch_dag.py for tasks to queue
[2025-02-19T06:35:24.230+0000] {logging_mixin.py:188} INFO - [2025-02-19T06:35:24.229+0000] {dagbag.py:538} INFO - Filling up the DagBag from /home/airflow/.local/lib/python3.10/site-packages/airflow/example_dags/example_nested_branch_dag.py
[2025-02-19T06:35:24.254+0000] {processor.py:840} INFO - DAG(s) 'example_nested_branch_dag' retrieved from /home/airflow/.local/lib/python3.10/site-packages/airflow/example_dags/example_nested_branch_dag.py
[2025-02-19T06:35:24.309+0000] {logging_mixin.py:188} INFO - [2025-02-19T06:35:24.309+0000] {dag.py:3036} INFO - Sync 1 DAGs
[2025-02-19T06:35:24.363+0000] {logging_mixin.py:188} INFO - [2025-02-19T06:35:24.363+0000] {dag.py:3823} INFO - Setting next_dagrun for example_nested_branch_dag to 2025-02-18 00:00:00+00:00, run_after=2025-02-19 00:00:00+00:00
[2025-02-19T06:35:24.494+0000] {processor.py:183} INFO - Processing /home/airflow/.local/lib/python3.10/site-packages/airflow/example_dags/example_nested_branch_dag.py took 0.275 seconds
[2025-02-19T06:36:16.434+0000] {processor.py:161} INFO - Started process (PID=245) to work on /home/airflow/.local/lib/python3.10/site-packages/airflow/example_dags/example_nested_branch_dag.py
[2025-02-19T06:36:16.437+0000] {processor.py:830} INFO - Processing file /home/airflow/.local/lib/python3.10/site-packages/airflow/example_dags/example_nested_branch_dag.py for tasks to queue
[2025-02-19T06:36:16.440+0000] {logging_mixin.py:188} INFO - [2025-02-19T06:36:16.439+0000] {dagbag.py:538} INFO - Filling up the DagBag from /home/airflow/.local/lib/python3.10/site-packages/airflow/example_dags/example_nested_branch_dag.py
[2025-02-19T06:36:16.497+0000] {processor.py:840} INFO - DAG(s) 'example_nested_branch_dag' retrieved from /home/airflow/.local/lib/python3.10/site-packages/airflow/example_dags/example_nested_branch_dag.py
[2025-02-19T06:36:16.636+0000] {logging_mixin.py:188} INFO - [2025-02-19T06:36:16.636+0000] {dag.py:3036} INFO - Sync 1 DAGs
[2025-02-19T06:36:16.733+0000] {logging_mixin.py:188} INFO - [2025-02-19T06:36:16.733+0000] {dag.py:3823} INFO - Setting next_dagrun for example_nested_branch_dag to 2025-02-18 00:00:00+00:00, run_after=2025-02-19 00:00:00+00:00
[2025-02-19T06:36:16.893+0000] {processor.py:183} INFO - Processing /home/airflow/.local/lib/python3.10/site-packages/airflow/example_dags/example_nested_branch_dag.py took 0.471 seconds
[2025-02-19T06:37:17.600+0000] {processor.py:161} INFO - Started process (PID=277) to work on /home/airflow/.local/lib/python3.10/site-packages/airflow/example_dags/example_nested_branch_dag.py
[2025-02-19T06:37:17.611+0000] {processor.py:830} INFO - Processing file /home/airflow/.local/lib/python3.10/site-packages/airflow/example_dags/example_nested_branch_dag.py for tasks to queue
[2025-02-19T06:37:17.622+0000] {logging_mixin.py:188} INFO - [2025-02-19T06:37:17.620+0000] {dagbag.py:538} INFO - Filling up the DagBag from /home/airflow/.local/lib/python3.10/site-packages/airflow/example_dags/example_nested_branch_dag.py
[2025-02-19T06:37:17.695+0000] {processor.py:840} INFO - DAG(s) 'example_nested_branch_dag' retrieved from /home/airflow/.local/lib/python3.10/site-packages/airflow/example_dags/example_nested_branch_dag.py
[2025-02-19T06:37:17.810+0000] {logging_mixin.py:188} INFO - [2025-02-19T06:37:17.810+0000] {dag.py:3036} INFO - Sync 1 DAGs
[2025-02-19T06:37:17.926+0000] {logging_mixin.py:188} INFO - [2025-02-19T06:37:17.926+0000] {dag.py:3823} INFO - Setting next_dagrun for example_nested_branch_dag to 2025-02-18 00:00:00+00:00, run_after=2025-02-19 00:00:00+00:00
[2025-02-19T06:37:18.122+0000] {processor.py:183} INFO - Processing /home/airflow/.local/lib/python3.10/site-packages/airflow/example_dags/example_nested_branch_dag.py took 0.540 seconds
[2025-02-19T06:38:09.381+0000] {processor.py:161} INFO - Started process (PID=312) to work on /home/airflow/.local/lib/python3.10/site-packages/airflow/example_dags/example_nested_branch_dag.py
[2025-02-19T06:38:09.383+0000] {processor.py:830} INFO - Processing file /home/airflow/.local/lib/python3.10/site-packages/airflow/example_dags/example_nested_branch_dag.py for tasks to queue
[2025-02-19T06:38:09.386+0000] {logging_mixin.py:188} INFO - [2025-02-19T06:38:09.385+0000] {dagbag.py:538} INFO - Filling up the DagBag from /home/airflow/.local/lib/python3.10/site-packages/airflow/example_dags/example_nested_branch_dag.py
[2025-02-19T06:38:09.414+0000] {processor.py:840} INFO - DAG(s) 'example_nested_branch_dag' retrieved from /home/airflow/.local/lib/python3.10/site-packages/airflow/example_dags/example_nested_branch_dag.py
[2025-02-19T06:38:09.496+0000] {logging_mixin.py:188} INFO - [2025-02-19T06:38:09.495+0000] {dag.py:3036} INFO - Sync 1 DAGs
[2025-02-19T06:38:09.579+0000] {logging_mixin.py:188} INFO - [2025-02-19T06:38:09.578+0000] {dag.py:3823} INFO - Setting next_dagrun for example_nested_branch_dag to 2025-02-18 00:00:00+00:00, run_after=2025-02-19 00:00:00+00:00
[2025-02-19T06:38:09.710+0000] {processor.py:183} INFO - Processing /home/airflow/.local/lib/python3.10/site-packages/airflow/example_dags/example_nested_branch_dag.py took 0.335 seconds
[2025-02-19T06:40:03.832+0000] {processor.py:161} INFO - Started process (PID=369) to work on /home/airflow/.local/lib/python3.10/site-packages/airflow/example_dags/example_nested_branch_dag.py
[2025-02-19T06:40:03.835+0000] {processor.py:830} INFO - Processing file /home/airflow/.local/lib/python3.10/site-packages/airflow/example_dags/example_nested_branch_dag.py for tasks to queue
[2025-02-19T06:40:03.841+0000] {logging_mixin.py:188} INFO - [2025-02-19T06:40:03.839+0000] {dagbag.py:538} INFO - Filling up the DagBag from /home/airflow/.local/lib/python3.10/site-packages/airflow/example_dags/example_nested_branch_dag.py
[2025-02-19T06:40:03.883+0000] {processor.py:840} INFO - DAG(s) 'example_nested_branch_dag' retrieved from /home/airflow/.local/lib/python3.10/site-packages/airflow/example_dags/example_nested_branch_dag.py
[2025-02-19T06:40:03.980+0000] {logging_mixin.py:188} INFO - [2025-02-19T06:40:03.979+0000] {dag.py:3036} INFO - Sync 1 DAGs
[2025-02-19T06:40:04.296+0000] {logging_mixin.py:188} INFO - [2025-02-19T06:40:04.295+0000] {dag.py:3823} INFO - Setting next_dagrun for example_nested_branch_dag to 2025-02-18 00:00:00+00:00, run_after=2025-02-19 00:00:00+00:00
[2025-02-19T06:40:04.570+0000] {processor.py:183} INFO - Processing /home/airflow/.local/lib/python3.10/site-packages/airflow/example_dags/example_nested_branch_dag.py took 0.746 seconds
[2025-02-19T06:41:19.282+0000] {processor.py:161} INFO - Started process (PID=406) to work on /home/airflow/.local/lib/python3.10/site-packages/airflow/example_dags/example_nested_branch_dag.py
[2025-02-19T06:41:19.286+0000] {processor.py:830} INFO - Processing file /home/airflow/.local/lib/python3.10/site-packages/airflow/example_dags/example_nested_branch_dag.py for tasks to queue
[2025-02-19T06:41:19.294+0000] {logging_mixin.py:188} INFO - [2025-02-19T06:41:19.292+0000] {dagbag.py:538} INFO - Filling up the DagBag from /home/airflow/.local/lib/python3.10/site-packages/airflow/example_dags/example_nested_branch_dag.py
[2025-02-19T06:41:19.334+0000] {processor.py:840} INFO - DAG(s) 'example_nested_branch_dag' retrieved from /home/airflow/.local/lib/python3.10/site-packages/airflow/example_dags/example_nested_branch_dag.py
[2025-02-19T06:41:19.401+0000] {logging_mixin.py:188} INFO - [2025-02-19T06:41:19.400+0000] {dag.py:3036} INFO - Sync 1 DAGs
[2025-02-19T06:41:19.446+0000] {logging_mixin.py:188} INFO - [2025-02-19T06:41:19.445+0000] {dag.py:3823} INFO - Setting next_dagrun for example_nested_branch_dag to 2025-02-18 00:00:00+00:00, run_after=2025-02-19 00:00:00+00:00
[2025-02-19T06:41:19.551+0000] {processor.py:183} INFO - Processing /home/airflow/.local/lib/python3.10/site-packages/airflow/example_dags/example_nested_branch_dag.py took 0.275 seconds
[2025-02-19T06:42:18.818+0000] {processor.py:161} INFO - Started process (PID=438) to work on /home/airflow/.local/lib/python3.10/site-packages/airflow/example_dags/example_nested_branch_dag.py
[2025-02-19T06:42:18.822+0000] {processor.py:830} INFO - Processing file /home/airflow/.local/lib/python3.10/site-packages/airflow/example_dags/example_nested_branch_dag.py for tasks to queue
[2025-02-19T06:42:18.827+0000] {logging_mixin.py:188} INFO - [2025-02-19T06:42:18.825+0000] {dagbag.py:538} INFO - Filling up the DagBag from /home/airflow/.local/lib/python3.10/site-packages/airflow/example_dags/example_nested_branch_dag.py
[2025-02-19T06:42:18.916+0000] {processor.py:840} INFO - DAG(s) 'example_nested_branch_dag' retrieved from /home/airflow/.local/lib/python3.10/site-packages/airflow/example_dags/example_nested_branch_dag.py
[2025-02-19T06:42:19.128+0000] {logging_mixin.py:188} INFO - [2025-02-19T06:42:19.127+0000] {dag.py:3036} INFO - Sync 1 DAGs
[2025-02-19T06:42:19.302+0000] {logging_mixin.py:188} INFO - [2025-02-19T06:42:19.301+0000] {dag.py:3823} INFO - Setting next_dagrun for example_nested_branch_dag to 2025-02-18 00:00:00+00:00, run_after=2025-02-19 00:00:00+00:00
[2025-02-19T06:42:19.491+0000] {processor.py:183} INFO - Processing /home/airflow/.local/lib/python3.10/site-packages/airflow/example_dags/example_nested_branch_dag.py took 0.693 seconds
[2025-02-19T06:43:23.816+0000] {processor.py:161} INFO - Started process (PID=36) to work on /home/airflow/.local/lib/python3.10/site-packages/airflow/example_dags/example_nested_branch_dag.py
[2025-02-19T06:43:23.820+0000] {processor.py:830} INFO - Processing file /home/airflow/.local/lib/python3.10/site-packages/airflow/example_dags/example_nested_branch_dag.py for tasks to queue
[2025-02-19T06:43:23.823+0000] {logging_mixin.py:188} INFO - [2025-02-19T06:43:23.822+0000] {dagbag.py:538} INFO - Filling up the DagBag from /home/airflow/.local/lib/python3.10/site-packages/airflow/example_dags/example_nested_branch_dag.py
[2025-02-19T06:43:23.855+0000] {processor.py:840} INFO - DAG(s) 'example_nested_branch_dag' retrieved from /home/airflow/.local/lib/python3.10/site-packages/airflow/example_dags/example_nested_branch_dag.py
[2025-02-19T06:43:23.928+0000] {logging_mixin.py:188} INFO - [2025-02-19T06:43:23.927+0000] {dag.py:3036} INFO - Sync 1 DAGs
[2025-02-19T06:43:23.994+0000] {logging_mixin.py:188} INFO - [2025-02-19T06:43:23.994+0000] {dag.py:3823} INFO - Setting next_dagrun for example_nested_branch_dag to 2025-02-18 00:00:00+00:00, run_after=2025-02-19 00:00:00+00:00
[2025-02-19T06:43:24.167+0000] {processor.py:183} INFO - Processing /home/airflow/.local/lib/python3.10/site-packages/airflow/example_dags/example_nested_branch_dag.py took 0.360 seconds
[2025-02-19T06:44:44.897+0000] {processor.py:161} INFO - Started process (PID=85) to work on /home/airflow/.local/lib/python3.10/site-packages/airflow/example_dags/example_nested_branch_dag.py
[2025-02-19T06:44:44.909+0000] {processor.py:830} INFO - Processing file /home/airflow/.local/lib/python3.10/site-packages/airflow/example_dags/example_nested_branch_dag.py for tasks to queue
[2025-02-19T06:44:44.913+0000] {logging_mixin.py:188} INFO - [2025-02-19T06:44:44.912+0000] {dagbag.py:538} INFO - Filling up the DagBag from /home/airflow/.local/lib/python3.10/site-packages/airflow/example_dags/example_nested_branch_dag.py
[2025-02-19T06:44:44.990+0000] {processor.py:840} INFO - DAG(s) 'example_nested_branch_dag' retrieved from /home/airflow/.local/lib/python3.10/site-packages/airflow/example_dags/example_nested_branch_dag.py
[2025-02-19T06:44:45.133+0000] {logging_mixin.py:188} INFO - [2025-02-19T06:44:45.132+0000] {dag.py:3036} INFO - Sync 1 DAGs
[2025-02-19T06:44:45.262+0000] {logging_mixin.py:188} INFO - [2025-02-19T06:44:45.261+0000] {dag.py:3823} INFO - Setting next_dagrun for example_nested_branch_dag to 2025-02-18 00:00:00+00:00, run_after=2025-02-19 00:00:00+00:00
[2025-02-19T06:44:45.523+0000] {processor.py:183} INFO - Processing /home/airflow/.local/lib/python3.10/site-packages/airflow/example_dags/example_nested_branch_dag.py took 0.639 seconds
[2025-02-19T06:45:39.831+0000] {processor.py:161} INFO - Started process (PID=114) to work on /home/airflow/.local/lib/python3.10/site-packages/airflow/example_dags/example_nested_branch_dag.py
[2025-02-19T06:45:39.836+0000] {processor.py:830} INFO - Processing file /home/airflow/.local/lib/python3.10/site-packages/airflow/example_dags/example_nested_branch_dag.py for tasks to queue
[2025-02-19T06:45:39.848+0000] {logging_mixin.py:188} INFO - [2025-02-19T06:45:39.838+0000] {dagbag.py:538} INFO - Filling up the DagBag from /home/airflow/.local/lib/python3.10/site-packages/airflow/example_dags/example_nested_branch_dag.py
[2025-02-19T06:45:39.907+0000] {processor.py:840} INFO - DAG(s) 'example_nested_branch_dag' retrieved from /home/airflow/.local/lib/python3.10/site-packages/airflow/example_dags/example_nested_branch_dag.py
[2025-02-19T06:45:40.010+0000] {logging_mixin.py:188} INFO - [2025-02-19T06:45:40.009+0000] {dag.py:3036} INFO - Sync 1 DAGs
[2025-02-19T06:45:40.103+0000] {logging_mixin.py:188} INFO - [2025-02-19T06:45:40.102+0000] {dag.py:3823} INFO - Setting next_dagrun for example_nested_branch_dag to 2025-02-18 00:00:00+00:00, run_after=2025-02-19 00:00:00+00:00
[2025-02-19T06:45:40.303+0000] {processor.py:183} INFO - Processing /home/airflow/.local/lib/python3.10/site-packages/airflow/example_dags/example_nested_branch_dag.py took 0.489 seconds
[2025-02-19T06:46:31.637+0000] {processor.py:161} INFO - Started process (PID=148) to work on /home/airflow/.local/lib/python3.10/site-packages/airflow/example_dags/example_nested_branch_dag.py
[2025-02-19T06:46:31.639+0000] {processor.py:830} INFO - Processing file /home/airflow/.local/lib/python3.10/site-packages/airflow/example_dags/example_nested_branch_dag.py for tasks to queue
[2025-02-19T06:46:31.641+0000] {logging_mixin.py:188} INFO - [2025-02-19T06:46:31.640+0000] {dagbag.py:538} INFO - Filling up the DagBag from /home/airflow/.local/lib/python3.10/site-packages/airflow/example_dags/example_nested_branch_dag.py
[2025-02-19T06:46:31.659+0000] {processor.py:840} INFO - DAG(s) 'example_nested_branch_dag' retrieved from /home/airflow/.local/lib/python3.10/site-packages/airflow/example_dags/example_nested_branch_dag.py
[2025-02-19T06:46:31.704+0000] {logging_mixin.py:188} INFO - [2025-02-19T06:46:31.704+0000] {dag.py:3036} INFO - Sync 1 DAGs
[2025-02-19T06:46:31.751+0000] {logging_mixin.py:188} INFO - [2025-02-19T06:46:31.750+0000] {dag.py:3823} INFO - Setting next_dagrun for example_nested_branch_dag to 2025-02-18 00:00:00+00:00, run_after=2025-02-19 00:00:00+00:00
[2025-02-19T06:46:31.848+0000] {processor.py:183} INFO - Processing /home/airflow/.local/lib/python3.10/site-packages/airflow/example_dags/example_nested_branch_dag.py took 0.216 seconds
[2025-02-19T06:47:23.912+0000] {processor.py:161} INFO - Started process (PID=177) to work on /home/airflow/.local/lib/python3.10/site-packages/airflow/example_dags/example_nested_branch_dag.py
[2025-02-19T06:47:23.915+0000] {processor.py:830} INFO - Processing file /home/airflow/.local/lib/python3.10/site-packages/airflow/example_dags/example_nested_branch_dag.py for tasks to queue
[2025-02-19T06:47:23.920+0000] {logging_mixin.py:188} INFO - [2025-02-19T06:47:23.919+0000] {dagbag.py:538} INFO - Filling up the DagBag from /home/airflow/.local/lib/python3.10/site-packages/airflow/example_dags/example_nested_branch_dag.py
[2025-02-19T06:47:23.946+0000] {processor.py:840} INFO - DAG(s) 'example_nested_branch_dag' retrieved from /home/airflow/.local/lib/python3.10/site-packages/airflow/example_dags/example_nested_branch_dag.py
[2025-02-19T06:47:24.018+0000] {logging_mixin.py:188} INFO - [2025-02-19T06:47:24.017+0000] {dag.py:3036} INFO - Sync 1 DAGs
[2025-02-19T06:47:24.097+0000] {logging_mixin.py:188} INFO - [2025-02-19T06:47:24.096+0000] {dag.py:3823} INFO - Setting next_dagrun for example_nested_branch_dag to 2025-02-18 00:00:00+00:00, run_after=2025-02-19 00:00:00+00:00
[2025-02-19T06:47:24.277+0000] {processor.py:183} INFO - Processing /home/airflow/.local/lib/python3.10/site-packages/airflow/example_dags/example_nested_branch_dag.py took 0.372 seconds
[2025-02-19T06:48:14.640+0000] {processor.py:161} INFO - Started process (PID=209) to work on /home/airflow/.local/lib/python3.10/site-packages/airflow/example_dags/example_nested_branch_dag.py
[2025-02-19T06:48:14.642+0000] {processor.py:830} INFO - Processing file /home/airflow/.local/lib/python3.10/site-packages/airflow/example_dags/example_nested_branch_dag.py for tasks to queue
[2025-02-19T06:48:14.644+0000] {logging_mixin.py:188} INFO - [2025-02-19T06:48:14.643+0000] {dagbag.py:538} INFO - Filling up the DagBag from /home/airflow/.local/lib/python3.10/site-packages/airflow/example_dags/example_nested_branch_dag.py
[2025-02-19T06:48:14.661+0000] {processor.py:840} INFO - DAG(s) 'example_nested_branch_dag' retrieved from /home/airflow/.local/lib/python3.10/site-packages/airflow/example_dags/example_nested_branch_dag.py
[2025-02-19T06:48:14.706+0000] {logging_mixin.py:188} INFO - [2025-02-19T06:48:14.706+0000] {dag.py:3036} INFO - Sync 1 DAGs
[2025-02-19T06:48:14.750+0000] {logging_mixin.py:188} INFO - [2025-02-19T06:48:14.749+0000] {dag.py:3823} INFO - Setting next_dagrun for example_nested_branch_dag to 2025-02-18 00:00:00+00:00, run_after=2025-02-19 00:00:00+00:00
[2025-02-19T06:48:14.864+0000] {processor.py:183} INFO - Processing /home/airflow/.local/lib/python3.10/site-packages/airflow/example_dags/example_nested_branch_dag.py took 0.228 seconds
[2025-02-19T06:49:03.411+0000] {processor.py:161} INFO - Started process (PID=238) to work on /home/airflow/.local/lib/python3.10/site-packages/airflow/example_dags/example_nested_branch_dag.py
[2025-02-19T06:49:03.414+0000] {processor.py:830} INFO - Processing file /home/airflow/.local/lib/python3.10/site-packages/airflow/example_dags/example_nested_branch_dag.py for tasks to queue
[2025-02-19T06:49:03.416+0000] {logging_mixin.py:188} INFO - [2025-02-19T06:49:03.415+0000] {dagbag.py:538} INFO - Filling up the DagBag from /home/airflow/.local/lib/python3.10/site-packages/airflow/example_dags/example_nested_branch_dag.py
[2025-02-19T06:49:03.475+0000] {processor.py:840} INFO - DAG(s) 'example_nested_branch_dag' retrieved from /home/airflow/.local/lib/python3.10/site-packages/airflow/example_dags/example_nested_branch_dag.py
[2025-02-19T06:49:03.588+0000] {logging_mixin.py:188} INFO - [2025-02-19T06:49:03.587+0000] {dag.py:3036} INFO - Sync 1 DAGs
[2025-02-19T06:49:03.698+0000] {logging_mixin.py:188} INFO - [2025-02-19T06:49:03.697+0000] {dag.py:3823} INFO - Setting next_dagrun for example_nested_branch_dag to 2025-02-18 00:00:00+00:00, run_after=2025-02-19 00:00:00+00:00
[2025-02-19T06:49:03.880+0000] {processor.py:183} INFO - Processing /home/airflow/.local/lib/python3.10/site-packages/airflow/example_dags/example_nested_branch_dag.py took 0.478 seconds
[2025-02-19T06:49:56.200+0000] {processor.py:161} INFO - Started process (PID=270) to work on /home/airflow/.local/lib/python3.10/site-packages/airflow/example_dags/example_nested_branch_dag.py
[2025-02-19T06:49:56.203+0000] {processor.py:830} INFO - Processing file /home/airflow/.local/lib/python3.10/site-packages/airflow/example_dags/example_nested_branch_dag.py for tasks to queue
[2025-02-19T06:49:56.207+0000] {logging_mixin.py:188} INFO - [2025-02-19T06:49:56.206+0000] {dagbag.py:538} INFO - Filling up the DagBag from /home/airflow/.local/lib/python3.10/site-packages/airflow/example_dags/example_nested_branch_dag.py
[2025-02-19T06:49:56.243+0000] {processor.py:840} INFO - DAG(s) 'example_nested_branch_dag' retrieved from /home/airflow/.local/lib/python3.10/site-packages/airflow/example_dags/example_nested_branch_dag.py
[2025-02-19T06:49:56.333+0000] {logging_mixin.py:188} INFO - [2025-02-19T06:49:56.333+0000] {dag.py:3036} INFO - Sync 1 DAGs
[2025-02-19T06:49:56.426+0000] {logging_mixin.py:188} INFO - [2025-02-19T06:49:56.425+0000] {dag.py:3823} INFO - Setting next_dagrun for example_nested_branch_dag to 2025-02-18 00:00:00+00:00, run_after=2025-02-19 00:00:00+00:00
[2025-02-19T06:49:56.626+0000] {processor.py:183} INFO - Processing /home/airflow/.local/lib/python3.10/site-packages/airflow/example_dags/example_nested_branch_dag.py took 0.435 seconds
[2025-02-19T06:50:49.101+0000] {processor.py:161} INFO - Started process (PID=301) to work on /home/airflow/.local/lib/python3.10/site-packages/airflow/example_dags/example_nested_branch_dag.py
[2025-02-19T06:50:49.109+0000] {processor.py:830} INFO - Processing file /home/airflow/.local/lib/python3.10/site-packages/airflow/example_dags/example_nested_branch_dag.py for tasks to queue
[2025-02-19T06:50:49.111+0000] {logging_mixin.py:188} INFO - [2025-02-19T06:50:49.110+0000] {dagbag.py:538} INFO - Filling up the DagBag from /home/airflow/.local/lib/python3.10/site-packages/airflow/example_dags/example_nested_branch_dag.py
[2025-02-19T06:50:49.146+0000] {processor.py:840} INFO - DAG(s) 'example_nested_branch_dag' retrieved from /home/airflow/.local/lib/python3.10/site-packages/airflow/example_dags/example_nested_branch_dag.py
[2025-02-19T06:50:49.223+0000] {logging_mixin.py:188} INFO - [2025-02-19T06:50:49.223+0000] {dag.py:3036} INFO - Sync 1 DAGs
[2025-02-19T06:50:49.287+0000] {logging_mixin.py:188} INFO - [2025-02-19T06:50:49.287+0000] {dag.py:3823} INFO - Setting next_dagrun for example_nested_branch_dag to 2025-02-18 00:00:00+00:00, run_after=2025-02-19 00:00:00+00:00
[2025-02-19T06:50:49.425+0000] {processor.py:183} INFO - Processing /home/airflow/.local/lib/python3.10/site-packages/airflow/example_dags/example_nested_branch_dag.py took 0.331 seconds
[2025-02-19T06:51:40.696+0000] {processor.py:161} INFO - Started process (PID=333) to work on /home/airflow/.local/lib/python3.10/site-packages/airflow/example_dags/example_nested_branch_dag.py
[2025-02-19T06:51:40.700+0000] {processor.py:830} INFO - Processing file /home/airflow/.local/lib/python3.10/site-packages/airflow/example_dags/example_nested_branch_dag.py for tasks to queue
[2025-02-19T06:51:40.703+0000] {logging_mixin.py:188} INFO - [2025-02-19T06:51:40.702+0000] {dagbag.py:538} INFO - Filling up the DagBag from /home/airflow/.local/lib/python3.10/site-packages/airflow/example_dags/example_nested_branch_dag.py
[2025-02-19T06:51:40.734+0000] {processor.py:840} INFO - DAG(s) 'example_nested_branch_dag' retrieved from /home/airflow/.local/lib/python3.10/site-packages/airflow/example_dags/example_nested_branch_dag.py
[2025-02-19T06:51:40.832+0000] {logging_mixin.py:188} INFO - [2025-02-19T06:51:40.831+0000] {dag.py:3036} INFO - Sync 1 DAGs
[2025-02-19T06:51:40.907+0000] {logging_mixin.py:188} INFO - [2025-02-19T06:51:40.906+0000] {dag.py:3823} INFO - Setting next_dagrun for example_nested_branch_dag to 2025-02-18 00:00:00+00:00, run_after=2025-02-19 00:00:00+00:00
[2025-02-19T06:51:41.067+0000] {processor.py:183} INFO - Processing /home/airflow/.local/lib/python3.10/site-packages/airflow/example_dags/example_nested_branch_dag.py took 0.379 seconds
[2025-02-19T06:52:34.165+0000] {processor.py:161} INFO - Started process (PID=363) to work on /home/airflow/.local/lib/python3.10/site-packages/airflow/example_dags/example_nested_branch_dag.py
[2025-02-19T06:52:34.167+0000] {processor.py:830} INFO - Processing file /home/airflow/.local/lib/python3.10/site-packages/airflow/example_dags/example_nested_branch_dag.py for tasks to queue
[2025-02-19T06:52:34.171+0000] {logging_mixin.py:188} INFO - [2025-02-19T06:52:34.170+0000] {dagbag.py:538} INFO - Filling up the DagBag from /home/airflow/.local/lib/python3.10/site-packages/airflow/example_dags/example_nested_branch_dag.py
[2025-02-19T06:52:34.194+0000] {processor.py:840} INFO - DAG(s) 'example_nested_branch_dag' retrieved from /home/airflow/.local/lib/python3.10/site-packages/airflow/example_dags/example_nested_branch_dag.py
[2025-02-19T06:52:34.265+0000] {logging_mixin.py:188} INFO - [2025-02-19T06:52:34.264+0000] {dag.py:3036} INFO - Sync 1 DAGs
[2025-02-19T06:52:34.325+0000] {logging_mixin.py:188} INFO - [2025-02-19T06:52:34.325+0000] {dag.py:3823} INFO - Setting next_dagrun for example_nested_branch_dag to 2025-02-18 00:00:00+00:00, run_after=2025-02-19 00:00:00+00:00
[2025-02-19T06:52:34.461+0000] {processor.py:183} INFO - Processing /home/airflow/.local/lib/python3.10/site-packages/airflow/example_dags/example_nested_branch_dag.py took 0.301 seconds
[2025-02-19T06:53:25.255+0000] {processor.py:161} INFO - Started process (PID=398) to work on /home/airflow/.local/lib/python3.10/site-packages/airflow/example_dags/example_nested_branch_dag.py
[2025-02-19T06:53:25.278+0000] {processor.py:830} INFO - Processing file /home/airflow/.local/lib/python3.10/site-packages/airflow/example_dags/example_nested_branch_dag.py for tasks to queue
[2025-02-19T06:53:25.290+0000] {logging_mixin.py:188} INFO - [2025-02-19T06:53:25.289+0000] {dagbag.py:538} INFO - Filling up the DagBag from /home/airflow/.local/lib/python3.10/site-packages/airflow/example_dags/example_nested_branch_dag.py
[2025-02-19T06:53:25.378+0000] {processor.py:840} INFO - DAG(s) 'example_nested_branch_dag' retrieved from /home/airflow/.local/lib/python3.10/site-packages/airflow/example_dags/example_nested_branch_dag.py
[2025-02-19T06:53:25.595+0000] {logging_mixin.py:188} INFO - [2025-02-19T06:53:25.595+0000] {dag.py:3036} INFO - Sync 1 DAGs
[2025-02-19T06:53:25.785+0000] {logging_mixin.py:188} INFO - [2025-02-19T06:53:25.784+0000] {dag.py:3823} INFO - Setting next_dagrun for example_nested_branch_dag to 2025-02-18 00:00:00+00:00, run_after=2025-02-19 00:00:00+00:00
[2025-02-19T06:53:26.457+0000] {processor.py:183} INFO - Processing /home/airflow/.local/lib/python3.10/site-packages/airflow/example_dags/example_nested_branch_dag.py took 1.211 seconds
[2025-02-19T06:54:12.653+0000] {processor.py:161} INFO - Started process (PID=425) to work on /home/airflow/.local/lib/python3.10/site-packages/airflow/example_dags/example_nested_branch_dag.py
[2025-02-19T06:54:12.656+0000] {processor.py:830} INFO - Processing file /home/airflow/.local/lib/python3.10/site-packages/airflow/example_dags/example_nested_branch_dag.py for tasks to queue
[2025-02-19T06:54:12.659+0000] {logging_mixin.py:188} INFO - [2025-02-19T06:54:12.658+0000] {dagbag.py:538} INFO - Filling up the DagBag from /home/airflow/.local/lib/python3.10/site-packages/airflow/example_dags/example_nested_branch_dag.py
[2025-02-19T06:54:12.683+0000] {processor.py:840} INFO - DAG(s) 'example_nested_branch_dag' retrieved from /home/airflow/.local/lib/python3.10/site-packages/airflow/example_dags/example_nested_branch_dag.py
[2025-02-19T06:54:12.751+0000] {logging_mixin.py:188} INFO - [2025-02-19T06:54:12.750+0000] {dag.py:3036} INFO - Sync 1 DAGs
[2025-02-19T06:54:12.834+0000] {logging_mixin.py:188} INFO - [2025-02-19T06:54:12.833+0000] {dag.py:3823} INFO - Setting next_dagrun for example_nested_branch_dag to 2025-02-18 00:00:00+00:00, run_after=2025-02-19 00:00:00+00:00
[2025-02-19T06:54:12.969+0000] {processor.py:183} INFO - Processing /home/airflow/.local/lib/python3.10/site-packages/airflow/example_dags/example_nested_branch_dag.py took 0.321 seconds
[2025-02-19T06:54:56.254+0000] {processor.py:161} INFO - Started process (PID=457) to work on /home/airflow/.local/lib/python3.10/site-packages/airflow/example_dags/example_nested_branch_dag.py
[2025-02-19T06:54:56.256+0000] {processor.py:830} INFO - Processing file /home/airflow/.local/lib/python3.10/site-packages/airflow/example_dags/example_nested_branch_dag.py for tasks to queue
[2025-02-19T06:54:56.264+0000] {logging_mixin.py:188} INFO - [2025-02-19T06:54:56.259+0000] {dagbag.py:538} INFO - Filling up the DagBag from /home/airflow/.local/lib/python3.10/site-packages/airflow/example_dags/example_nested_branch_dag.py
[2025-02-19T06:54:56.294+0000] {processor.py:840} INFO - DAG(s) 'example_nested_branch_dag' retrieved from /home/airflow/.local/lib/python3.10/site-packages/airflow/example_dags/example_nested_branch_dag.py
[2025-02-19T06:54:56.357+0000] {logging_mixin.py:188} INFO - [2025-02-19T06:54:56.356+0000] {dag.py:3036} INFO - Sync 1 DAGs
[2025-02-19T06:54:56.436+0000] {logging_mixin.py:188} INFO - [2025-02-19T06:54:56.435+0000] {dag.py:3823} INFO - Setting next_dagrun for example_nested_branch_dag to 2025-02-18 00:00:00+00:00, run_after=2025-02-19 00:00:00+00:00
[2025-02-19T06:54:56.581+0000] {processor.py:183} INFO - Processing /home/airflow/.local/lib/python3.10/site-packages/airflow/example_dags/example_nested_branch_dag.py took 0.335 seconds
[2025-02-19T06:56:16.631+0000] {processor.py:161} INFO - Started process (PID=512) to work on /home/airflow/.local/lib/python3.10/site-packages/airflow/example_dags/example_nested_branch_dag.py
[2025-02-19T06:56:16.633+0000] {processor.py:830} INFO - Processing file /home/airflow/.local/lib/python3.10/site-packages/airflow/example_dags/example_nested_branch_dag.py for tasks to queue
[2025-02-19T06:56:16.635+0000] {logging_mixin.py:188} INFO - [2025-02-19T06:56:16.634+0000] {dagbag.py:538} INFO - Filling up the DagBag from /home/airflow/.local/lib/python3.10/site-packages/airflow/example_dags/example_nested_branch_dag.py
[2025-02-19T06:56:16.652+0000] {processor.py:840} INFO - DAG(s) 'example_nested_branch_dag' retrieved from /home/airflow/.local/lib/python3.10/site-packages/airflow/example_dags/example_nested_branch_dag.py
[2025-02-19T06:56:16.702+0000] {logging_mixin.py:188} INFO - [2025-02-19T06:56:16.701+0000] {dag.py:3036} INFO - Sync 1 DAGs
[2025-02-19T06:56:16.751+0000] {logging_mixin.py:188} INFO - [2025-02-19T06:56:16.750+0000] {dag.py:3823} INFO - Setting next_dagrun for example_nested_branch_dag to 2025-02-18 00:00:00+00:00, run_after=2025-02-19 00:00:00+00:00
[2025-02-19T06:56:16.863+0000] {processor.py:183} INFO - Processing /home/airflow/.local/lib/python3.10/site-packages/airflow/example_dags/example_nested_branch_dag.py took 0.238 seconds
[2025-02-19T06:57:05.675+0000] {processor.py:161} INFO - Started process (PID=539) to work on /home/airflow/.local/lib/python3.10/site-packages/airflow/example_dags/example_nested_branch_dag.py
[2025-02-19T06:57:05.678+0000] {processor.py:830} INFO - Processing file /home/airflow/.local/lib/python3.10/site-packages/airflow/example_dags/example_nested_branch_dag.py for tasks to queue
[2025-02-19T06:57:05.681+0000] {logging_mixin.py:188} INFO - [2025-02-19T06:57:05.680+0000] {dagbag.py:538} INFO - Filling up the DagBag from /home/airflow/.local/lib/python3.10/site-packages/airflow/example_dags/example_nested_branch_dag.py
[2025-02-19T06:57:05.731+0000] {processor.py:840} INFO - DAG(s) 'example_nested_branch_dag' retrieved from /home/airflow/.local/lib/python3.10/site-packages/airflow/example_dags/example_nested_branch_dag.py
[2025-02-19T06:57:05.875+0000] {logging_mixin.py:188} INFO - [2025-02-19T06:57:05.874+0000] {dag.py:3036} INFO - Sync 1 DAGs
[2025-02-19T06:57:06.013+0000] {logging_mixin.py:188} INFO - [2025-02-19T06:57:06.012+0000] {dag.py:3823} INFO - Setting next_dagrun for example_nested_branch_dag to 2025-02-18 00:00:00+00:00, run_after=2025-02-19 00:00:00+00:00
[2025-02-19T06:57:06.206+0000] {processor.py:183} INFO - Processing /home/airflow/.local/lib/python3.10/site-packages/airflow/example_dags/example_nested_branch_dag.py took 0.549 seconds
[2025-02-19T06:57:54.935+0000] {processor.py:161} INFO - Started process (PID=571) to work on /home/airflow/.local/lib/python3.10/site-packages/airflow/example_dags/example_nested_branch_dag.py
[2025-02-19T06:57:54.938+0000] {processor.py:830} INFO - Processing file /home/airflow/.local/lib/python3.10/site-packages/airflow/example_dags/example_nested_branch_dag.py for tasks to queue
[2025-02-19T06:57:54.941+0000] {logging_mixin.py:188} INFO - [2025-02-19T06:57:54.940+0000] {dagbag.py:538} INFO - Filling up the DagBag from /home/airflow/.local/lib/python3.10/site-packages/airflow/example_dags/example_nested_branch_dag.py
[2025-02-19T06:57:54.973+0000] {processor.py:840} INFO - DAG(s) 'example_nested_branch_dag' retrieved from /home/airflow/.local/lib/python3.10/site-packages/airflow/example_dags/example_nested_branch_dag.py
[2025-02-19T06:57:55.050+0000] {logging_mixin.py:188} INFO - [2025-02-19T06:57:55.049+0000] {dag.py:3036} INFO - Sync 1 DAGs
[2025-02-19T06:57:55.120+0000] {logging_mixin.py:188} INFO - [2025-02-19T06:57:55.119+0000] {dag.py:3823} INFO - Setting next_dagrun for example_nested_branch_dag to 2025-02-18 00:00:00+00:00, run_after=2025-02-19 00:00:00+00:00
[2025-02-19T06:57:55.303+0000] {processor.py:183} INFO - Processing /home/airflow/.local/lib/python3.10/site-packages/airflow/example_dags/example_nested_branch_dag.py took 0.375 seconds
[2025-02-19T06:58:38.184+0000] {processor.py:161} INFO - Started process (PID=600) to work on /home/airflow/.local/lib/python3.10/site-packages/airflow/example_dags/example_nested_branch_dag.py
[2025-02-19T06:58:38.185+0000] {processor.py:830} INFO - Processing file /home/airflow/.local/lib/python3.10/site-packages/airflow/example_dags/example_nested_branch_dag.py for tasks to queue
[2025-02-19T06:58:38.187+0000] {logging_mixin.py:188} INFO - [2025-02-19T06:58:38.187+0000] {dagbag.py:538} INFO - Filling up the DagBag from /home/airflow/.local/lib/python3.10/site-packages/airflow/example_dags/example_nested_branch_dag.py
[2025-02-19T06:58:38.208+0000] {processor.py:840} INFO - DAG(s) 'example_nested_branch_dag' retrieved from /home/airflow/.local/lib/python3.10/site-packages/airflow/example_dags/example_nested_branch_dag.py
[2025-02-19T06:58:38.259+0000] {logging_mixin.py:188} INFO - [2025-02-19T06:58:38.259+0000] {dag.py:3036} INFO - Sync 1 DAGs
[2025-02-19T06:58:38.329+0000] {logging_mixin.py:188} INFO - [2025-02-19T06:58:38.329+0000] {dag.py:3823} INFO - Setting next_dagrun for example_nested_branch_dag to 2025-02-18 00:00:00+00:00, run_after=2025-02-19 00:00:00+00:00
[2025-02-19T06:58:38.499+0000] {processor.py:183} INFO - Processing /home/airflow/.local/lib/python3.10/site-packages/airflow/example_dags/example_nested_branch_dag.py took 0.321 seconds
[2025-02-19T06:59:21.765+0000] {processor.py:161} INFO - Started process (PID=629) to work on /home/airflow/.local/lib/python3.10/site-packages/airflow/example_dags/example_nested_branch_dag.py
[2025-02-19T06:59:21.769+0000] {processor.py:830} INFO - Processing file /home/airflow/.local/lib/python3.10/site-packages/airflow/example_dags/example_nested_branch_dag.py for tasks to queue
[2025-02-19T06:59:21.780+0000] {logging_mixin.py:188} INFO - [2025-02-19T06:59:21.772+0000] {dagbag.py:538} INFO - Filling up the DagBag from /home/airflow/.local/lib/python3.10/site-packages/airflow/example_dags/example_nested_branch_dag.py
[2025-02-19T06:59:21.858+0000] {processor.py:840} INFO - DAG(s) 'example_nested_branch_dag' retrieved from /home/airflow/.local/lib/python3.10/site-packages/airflow/example_dags/example_nested_branch_dag.py
[2025-02-19T06:59:22.128+0000] {logging_mixin.py:188} INFO - [2025-02-19T06:59:22.127+0000] {dag.py:3036} INFO - Sync 1 DAGs
[2025-02-19T06:59:22.253+0000] {logging_mixin.py:188} INFO - [2025-02-19T06:59:22.253+0000] {dag.py:3823} INFO - Setting next_dagrun for example_nested_branch_dag to 2025-02-18 00:00:00+00:00, run_after=2025-02-19 00:00:00+00:00
[2025-02-19T06:59:22.465+0000] {processor.py:183} INFO - Processing /home/airflow/.local/lib/python3.10/site-packages/airflow/example_dags/example_nested_branch_dag.py took 0.720 seconds
[2025-02-19T07:00:20.106+0000] {processor.py:161} INFO - Started process (PID=659) to work on /home/airflow/.local/lib/python3.10/site-packages/airflow/example_dags/example_nested_branch_dag.py
[2025-02-19T07:00:20.108+0000] {processor.py:830} INFO - Processing file /home/airflow/.local/lib/python3.10/site-packages/airflow/example_dags/example_nested_branch_dag.py for tasks to queue
[2025-02-19T07:00:20.112+0000] {logging_mixin.py:188} INFO - [2025-02-19T07:00:20.111+0000] {dagbag.py:538} INFO - Filling up the DagBag from /home/airflow/.local/lib/python3.10/site-packages/airflow/example_dags/example_nested_branch_dag.py
[2025-02-19T07:00:20.143+0000] {processor.py:840} INFO - DAG(s) 'example_nested_branch_dag' retrieved from /home/airflow/.local/lib/python3.10/site-packages/airflow/example_dags/example_nested_branch_dag.py
[2025-02-19T07:00:20.223+0000] {logging_mixin.py:188} INFO - [2025-02-19T07:00:20.223+0000] {dag.py:3036} INFO - Sync 1 DAGs
[2025-02-19T07:00:20.281+0000] {logging_mixin.py:188} INFO - [2025-02-19T07:00:20.281+0000] {dag.py:3823} INFO - Setting next_dagrun for example_nested_branch_dag to 2025-02-18 00:00:00+00:00, run_after=2025-02-19 00:00:00+00:00
[2025-02-19T07:00:20.389+0000] {processor.py:183} INFO - Processing /home/airflow/.local/lib/python3.10/site-packages/airflow/example_dags/example_nested_branch_dag.py took 0.296 seconds
[2025-02-19T07:01:13.723+0000] {processor.py:161} INFO - Started process (PID=694) to work on /home/airflow/.local/lib/python3.10/site-packages/airflow/example_dags/example_nested_branch_dag.py
[2025-02-19T07:01:13.727+0000] {processor.py:830} INFO - Processing file /home/airflow/.local/lib/python3.10/site-packages/airflow/example_dags/example_nested_branch_dag.py for tasks to queue
[2025-02-19T07:01:13.731+0000] {logging_mixin.py:188} INFO - [2025-02-19T07:01:13.729+0000] {dagbag.py:538} INFO - Filling up the DagBag from /home/airflow/.local/lib/python3.10/site-packages/airflow/example_dags/example_nested_branch_dag.py
[2025-02-19T07:01:13.785+0000] {processor.py:840} INFO - DAG(s) 'example_nested_branch_dag' retrieved from /home/airflow/.local/lib/python3.10/site-packages/airflow/example_dags/example_nested_branch_dag.py
[2025-02-19T07:01:13.899+0000] {logging_mixin.py:188} INFO - [2025-02-19T07:01:13.899+0000] {dag.py:3036} INFO - Sync 1 DAGs
[2025-02-19T07:01:13.975+0000] {logging_mixin.py:188} INFO - [2025-02-19T07:01:13.974+0000] {dag.py:3823} INFO - Setting next_dagrun for example_nested_branch_dag to 2025-02-18 00:00:00+00:00, run_after=2025-02-19 00:00:00+00:00
[2025-02-19T07:01:14.145+0000] {processor.py:183} INFO - Processing /home/airflow/.local/lib/python3.10/site-packages/airflow/example_dags/example_nested_branch_dag.py took 0.438 seconds
[2025-02-19T07:02:02.907+0000] {processor.py:161} INFO - Started process (PID=723) to work on /home/airflow/.local/lib/python3.10/site-packages/airflow/example_dags/example_nested_branch_dag.py
[2025-02-19T07:02:02.910+0000] {processor.py:830} INFO - Processing file /home/airflow/.local/lib/python3.10/site-packages/airflow/example_dags/example_nested_branch_dag.py for tasks to queue
[2025-02-19T07:02:02.916+0000] {logging_mixin.py:188} INFO - [2025-02-19T07:02:02.914+0000] {dagbag.py:538} INFO - Filling up the DagBag from /home/airflow/.local/lib/python3.10/site-packages/airflow/example_dags/example_nested_branch_dag.py
[2025-02-19T07:02:02.964+0000] {processor.py:840} INFO - DAG(s) 'example_nested_branch_dag' retrieved from /home/airflow/.local/lib/python3.10/site-packages/airflow/example_dags/example_nested_branch_dag.py
[2025-02-19T07:02:03.052+0000] {logging_mixin.py:188} INFO - [2025-02-19T07:02:03.051+0000] {dag.py:3036} INFO - Sync 1 DAGs
[2025-02-19T07:02:03.176+0000] {logging_mixin.py:188} INFO - [2025-02-19T07:02:03.175+0000] {dag.py:3823} INFO - Setting next_dagrun for example_nested_branch_dag to 2025-02-18 00:00:00+00:00, run_after=2025-02-19 00:00:00+00:00
[2025-02-19T07:02:03.437+0000] {processor.py:183} INFO - Processing /home/airflow/.local/lib/python3.10/site-packages/airflow/example_dags/example_nested_branch_dag.py took 0.539 seconds
[2025-02-19T07:02:53.367+0000] {processor.py:161} INFO - Started process (PID=754) to work on /home/airflow/.local/lib/python3.10/site-packages/airflow/example_dags/example_nested_branch_dag.py
[2025-02-19T07:02:53.370+0000] {processor.py:830} INFO - Processing file /home/airflow/.local/lib/python3.10/site-packages/airflow/example_dags/example_nested_branch_dag.py for tasks to queue
[2025-02-19T07:02:53.372+0000] {logging_mixin.py:188} INFO - [2025-02-19T07:02:53.371+0000] {dagbag.py:538} INFO - Filling up the DagBag from /home/airflow/.local/lib/python3.10/site-packages/airflow/example_dags/example_nested_branch_dag.py
[2025-02-19T07:02:53.403+0000] {processor.py:840} INFO - DAG(s) 'example_nested_branch_dag' retrieved from /home/airflow/.local/lib/python3.10/site-packages/airflow/example_dags/example_nested_branch_dag.py
[2025-02-19T07:02:53.496+0000] {logging_mixin.py:188} INFO - [2025-02-19T07:02:53.496+0000] {dag.py:3036} INFO - Sync 1 DAGs
[2025-02-19T07:02:53.590+0000] {logging_mixin.py:188} INFO - [2025-02-19T07:02:53.590+0000] {dag.py:3823} INFO - Setting next_dagrun for example_nested_branch_dag to 2025-02-18 00:00:00+00:00, run_after=2025-02-19 00:00:00+00:00
[2025-02-19T07:02:53.740+0000] {processor.py:183} INFO - Processing /home/airflow/.local/lib/python3.10/site-packages/airflow/example_dags/example_nested_branch_dag.py took 0.381 seconds
[2025-02-19T07:03:44.162+0000] {processor.py:161} INFO - Started process (PID=785) to work on /home/airflow/.local/lib/python3.10/site-packages/airflow/example_dags/example_nested_branch_dag.py
[2025-02-19T07:03:44.166+0000] {processor.py:830} INFO - Processing file /home/airflow/.local/lib/python3.10/site-packages/airflow/example_dags/example_nested_branch_dag.py for tasks to queue
[2025-02-19T07:03:44.169+0000] {logging_mixin.py:188} INFO - [2025-02-19T07:03:44.168+0000] {dagbag.py:538} INFO - Filling up the DagBag from /home/airflow/.local/lib/python3.10/site-packages/airflow/example_dags/example_nested_branch_dag.py
[2025-02-19T07:03:44.220+0000] {processor.py:840} INFO - DAG(s) 'example_nested_branch_dag' retrieved from /home/airflow/.local/lib/python3.10/site-packages/airflow/example_dags/example_nested_branch_dag.py
[2025-02-19T07:03:44.380+0000] {logging_mixin.py:188} INFO - [2025-02-19T07:03:44.379+0000] {dag.py:3036} INFO - Sync 1 DAGs
[2025-02-19T07:03:44.537+0000] {logging_mixin.py:188} INFO - [2025-02-19T07:03:44.536+0000] {dag.py:3823} INFO - Setting next_dagrun for example_nested_branch_dag to 2025-02-18 00:00:00+00:00, run_after=2025-02-19 00:00:00+00:00
[2025-02-19T07:03:44.910+0000] {processor.py:183} INFO - Processing /home/airflow/.local/lib/python3.10/site-packages/airflow/example_dags/example_nested_branch_dag.py took 0.763 seconds
[2025-02-19T07:04:35.384+0000] {processor.py:161} INFO - Started process (PID=814) to work on /home/airflow/.local/lib/python3.10/site-packages/airflow/example_dags/example_nested_branch_dag.py
[2025-02-19T07:04:35.388+0000] {processor.py:830} INFO - Processing file /home/airflow/.local/lib/python3.10/site-packages/airflow/example_dags/example_nested_branch_dag.py for tasks to queue
[2025-02-19T07:04:35.400+0000] {logging_mixin.py:188} INFO - [2025-02-19T07:04:35.390+0000] {dagbag.py:538} INFO - Filling up the DagBag from /home/airflow/.local/lib/python3.10/site-packages/airflow/example_dags/example_nested_branch_dag.py
[2025-02-19T07:04:35.483+0000] {processor.py:840} INFO - DAG(s) 'example_nested_branch_dag' retrieved from /home/airflow/.local/lib/python3.10/site-packages/airflow/example_dags/example_nested_branch_dag.py
[2025-02-19T07:04:35.890+0000] {logging_mixin.py:188} INFO - [2025-02-19T07:04:35.890+0000] {dag.py:3036} INFO - Sync 1 DAGs
[2025-02-19T07:04:36.138+0000] {logging_mixin.py:188} INFO - [2025-02-19T07:04:36.137+0000] {dag.py:3823} INFO - Setting next_dagrun for example_nested_branch_dag to 2025-02-18 00:00:00+00:00, run_after=2025-02-19 00:00:00+00:00
[2025-02-19T07:04:36.474+0000] {processor.py:183} INFO - Processing /home/airflow/.local/lib/python3.10/site-packages/airflow/example_dags/example_nested_branch_dag.py took 1.109 seconds
[2025-02-19T07:06:25.153+0000] {processor.py:161} INFO - Started process (PID=846) to work on /home/airflow/.local/lib/python3.10/site-packages/airflow/example_dags/example_nested_branch_dag.py
[2025-02-19T07:06:25.158+0000] {processor.py:830} INFO - Processing file /home/airflow/.local/lib/python3.10/site-packages/airflow/example_dags/example_nested_branch_dag.py for tasks to queue
[2025-02-19T07:06:25.170+0000] {logging_mixin.py:188} INFO - [2025-02-19T07:06:25.169+0000] {dagbag.py:538} INFO - Filling up the DagBag from /home/airflow/.local/lib/python3.10/site-packages/airflow/example_dags/example_nested_branch_dag.py
[2025-02-19T07:06:25.260+0000] {processor.py:840} INFO - DAG(s) 'example_nested_branch_dag' retrieved from /home/airflow/.local/lib/python3.10/site-packages/airflow/example_dags/example_nested_branch_dag.py
[2025-02-19T07:06:25.433+0000] {logging_mixin.py:188} INFO - [2025-02-19T07:06:25.433+0000] {dag.py:3036} INFO - Sync 1 DAGs
[2025-02-19T07:06:25.992+0000] {logging_mixin.py:188} INFO - [2025-02-19T07:06:25.990+0000] {dag.py:3823} INFO - Setting next_dagrun for example_nested_branch_dag to 2025-02-18 00:00:00+00:00, run_after=2025-02-19 00:00:00+00:00
[2025-02-19T07:06:26.375+0000] {processor.py:183} INFO - Processing /home/airflow/.local/lib/python3.10/site-packages/airflow/example_dags/example_nested_branch_dag.py took 1.241 seconds
[2025-02-19T07:07:50.110+0000] {processor.py:161} INFO - Started process (PID=885) to work on /home/airflow/.local/lib/python3.10/site-packages/airflow/example_dags/example_nested_branch_dag.py
[2025-02-19T07:07:50.122+0000] {processor.py:830} INFO - Processing file /home/airflow/.local/lib/python3.10/site-packages/airflow/example_dags/example_nested_branch_dag.py for tasks to queue
[2025-02-19T07:07:50.126+0000] {logging_mixin.py:188} INFO - [2025-02-19T07:07:50.125+0000] {dagbag.py:538} INFO - Filling up the DagBag from /home/airflow/.local/lib/python3.10/site-packages/airflow/example_dags/example_nested_branch_dag.py
[2025-02-19T07:07:50.205+0000] {processor.py:840} INFO - DAG(s) 'example_nested_branch_dag' retrieved from /home/airflow/.local/lib/python3.10/site-packages/airflow/example_dags/example_nested_branch_dag.py
[2025-02-19T07:07:50.385+0000] {logging_mixin.py:188} INFO - [2025-02-19T07:07:50.385+0000] {dag.py:3036} INFO - Sync 1 DAGs
[2025-02-19T07:07:50.574+0000] {logging_mixin.py:188} INFO - [2025-02-19T07:07:50.573+0000] {dag.py:3823} INFO - Setting next_dagrun for example_nested_branch_dag to 2025-02-18 00:00:00+00:00, run_after=2025-02-19 00:00:00+00:00
[2025-02-19T07:07:50.813+0000] {processor.py:183} INFO - Processing /home/airflow/.local/lib/python3.10/site-packages/airflow/example_dags/example_nested_branch_dag.py took 0.713 seconds
