[2025-02-19T05:56:01.539+0000] {processor.py:161} INFO - Started process (PID=52) to work on /home/airflow/.local/lib/python3.10/site-packages/airflow/example_dags/example_dag_decorator.py
[2025-02-19T05:56:01.542+0000] {processor.py:830} INFO - Processing file /home/airflow/.local/lib/python3.10/site-packages/airflow/example_dags/example_dag_decorator.py for tasks to queue
[2025-02-19T05:56:01.554+0000] {logging_mixin.py:188} INFO - [2025-02-19T05:56:01.544+0000] {dagbag.py:538} INFO - Filling up the DagBag from /home/airflow/.local/lib/python3.10/site-packages/airflow/example_dags/example_dag_decorator.py
[2025-02-19T05:56:02.414+0000] {processor.py:840} INFO - DAG(s) 'example_dag_decorator' retrieved from /home/airflow/.local/lib/python3.10/site-packages/airflow/example_dags/example_dag_decorator.py
[2025-02-19T05:56:03.230+0000] {logging_mixin.py:188} INFO - [2025-02-19T05:56:03.229+0000] {dag.py:3036} INFO - Sync 1 DAGs
[2025-02-19T05:56:03.289+0000] {logging_mixin.py:188} INFO - [2025-02-19T05:56:03.288+0000] {dag.py:3823} INFO - Setting next_dagrun for example_dag_decorator to None, run_after=None
[2025-02-19T05:56:03.505+0000] {processor.py:183} INFO - Processing /home/airflow/.local/lib/python3.10/site-packages/airflow/example_dags/example_dag_decorator.py took 1.984 seconds
[2025-02-19T05:58:32.149+0000] {processor.py:161} INFO - Started process (PID=101) to work on /home/airflow/.local/lib/python3.10/site-packages/airflow/example_dags/example_dag_decorator.py
[2025-02-19T05:58:32.153+0000] {processor.py:830} INFO - Processing file /home/airflow/.local/lib/python3.10/site-packages/airflow/example_dags/example_dag_decorator.py for tasks to queue
[2025-02-19T05:58:32.170+0000] {logging_mixin.py:188} INFO - [2025-02-19T05:58:32.169+0000] {dagbag.py:538} INFO - Filling up the DagBag from /home/airflow/.local/lib/python3.10/site-packages/airflow/example_dags/example_dag_decorator.py
[2025-02-19T05:58:33.143+0000] {processor.py:840} INFO - DAG(s) 'example_dag_decorator' retrieved from /home/airflow/.local/lib/python3.10/site-packages/airflow/example_dags/example_dag_decorator.py
[2025-02-19T05:58:34.293+0000] {logging_mixin.py:188} INFO - [2025-02-19T05:58:34.292+0000] {dag.py:3036} INFO - Sync 1 DAGs
[2025-02-19T05:58:34.337+0000] {logging_mixin.py:188} INFO - [2025-02-19T05:58:34.336+0000] {dag.py:3823} INFO - Setting next_dagrun for example_dag_decorator to None, run_after=None
[2025-02-19T05:58:34.577+0000] {processor.py:183} INFO - Processing /home/airflow/.local/lib/python3.10/site-packages/airflow/example_dags/example_dag_decorator.py took 2.441 seconds
[2025-02-19T05:59:57.962+0000] {processor.py:161} INFO - Started process (PID=147) to work on /home/airflow/.local/lib/python3.10/site-packages/airflow/example_dags/example_dag_decorator.py
[2025-02-19T05:59:57.965+0000] {processor.py:830} INFO - Processing file /home/airflow/.local/lib/python3.10/site-packages/airflow/example_dags/example_dag_decorator.py for tasks to queue
[2025-02-19T05:59:57.968+0000] {logging_mixin.py:188} INFO - [2025-02-19T05:59:57.967+0000] {dagbag.py:538} INFO - Filling up the DagBag from /home/airflow/.local/lib/python3.10/site-packages/airflow/example_dags/example_dag_decorator.py
[2025-02-19T05:59:58.445+0000] {processor.py:840} INFO - DAG(s) 'example_dag_decorator' retrieved from /home/airflow/.local/lib/python3.10/site-packages/airflow/example_dags/example_dag_decorator.py
[2025-02-19T05:59:58.830+0000] {logging_mixin.py:188} INFO - [2025-02-19T05:59:58.827+0000] {dag.py:3036} INFO - Sync 1 DAGs
[2025-02-19T05:59:58.869+0000] {logging_mixin.py:188} INFO - [2025-02-19T05:59:58.869+0000] {dag.py:3823} INFO - Setting next_dagrun for example_dag_decorator to None, run_after=None
[2025-02-19T05:59:59.025+0000] {processor.py:183} INFO - Processing /home/airflow/.local/lib/python3.10/site-packages/airflow/example_dags/example_dag_decorator.py took 1.082 seconds
[2025-02-19T06:01:57.805+0000] {processor.py:161} INFO - Started process (PID=213) to work on /home/airflow/.local/lib/python3.10/site-packages/airflow/example_dags/example_dag_decorator.py
[2025-02-19T06:01:57.808+0000] {processor.py:830} INFO - Processing file /home/airflow/.local/lib/python3.10/site-packages/airflow/example_dags/example_dag_decorator.py for tasks to queue
[2025-02-19T06:01:57.820+0000] {logging_mixin.py:188} INFO - [2025-02-19T06:01:57.819+0000] {dagbag.py:538} INFO - Filling up the DagBag from /home/airflow/.local/lib/python3.10/site-packages/airflow/example_dags/example_dag_decorator.py
[2025-02-19T06:01:59.032+0000] {processor.py:840} INFO - DAG(s) 'example_dag_decorator' retrieved from /home/airflow/.local/lib/python3.10/site-packages/airflow/example_dags/example_dag_decorator.py
[2025-02-19T06:02:00.159+0000] {logging_mixin.py:188} INFO - [2025-02-19T06:02:00.159+0000] {dag.py:3036} INFO - Sync 1 DAGs
[2025-02-19T06:02:00.491+0000] {logging_mixin.py:188} INFO - [2025-02-19T06:02:00.490+0000] {dag.py:3823} INFO - Setting next_dagrun for example_dag_decorator to None, run_after=None
[2025-02-19T06:02:00.945+0000] {processor.py:183} INFO - Processing /home/airflow/.local/lib/python3.10/site-packages/airflow/example_dags/example_dag_decorator.py took 3.194 seconds
[2025-02-19T06:03:43.727+0000] {processor.py:161} INFO - Started process (PID=277) to work on /home/airflow/.local/lib/python3.10/site-packages/airflow/example_dags/example_dag_decorator.py
[2025-02-19T06:03:43.731+0000] {processor.py:830} INFO - Processing file /home/airflow/.local/lib/python3.10/site-packages/airflow/example_dags/example_dag_decorator.py for tasks to queue
[2025-02-19T06:03:43.735+0000] {logging_mixin.py:188} INFO - [2025-02-19T06:03:43.733+0000] {dagbag.py:538} INFO - Filling up the DagBag from /home/airflow/.local/lib/python3.10/site-packages/airflow/example_dags/example_dag_decorator.py
[2025-02-19T06:03:44.024+0000] {processor.py:840} INFO - DAG(s) 'example_dag_decorator' retrieved from /home/airflow/.local/lib/python3.10/site-packages/airflow/example_dags/example_dag_decorator.py
[2025-02-19T06:03:44.437+0000] {logging_mixin.py:188} INFO - [2025-02-19T06:03:44.436+0000] {dag.py:3036} INFO - Sync 1 DAGs
[2025-02-19T06:03:44.485+0000] {logging_mixin.py:188} INFO - [2025-02-19T06:03:44.481+0000] {dag.py:3823} INFO - Setting next_dagrun for example_dag_decorator to None, run_after=None
[2025-02-19T06:03:44.636+0000] {processor.py:183} INFO - Processing /home/airflow/.local/lib/python3.10/site-packages/airflow/example_dags/example_dag_decorator.py took 0.926 seconds
[2025-02-19T06:05:28.621+0000] {processor.py:161} INFO - Started process (PID=340) to work on /home/airflow/.local/lib/python3.10/site-packages/airflow/example_dags/example_dag_decorator.py
[2025-02-19T06:05:28.649+0000] {processor.py:830} INFO - Processing file /home/airflow/.local/lib/python3.10/site-packages/airflow/example_dags/example_dag_decorator.py for tasks to queue
[2025-02-19T06:05:28.652+0000] {logging_mixin.py:188} INFO - [2025-02-19T06:05:28.651+0000] {dagbag.py:538} INFO - Filling up the DagBag from /home/airflow/.local/lib/python3.10/site-packages/airflow/example_dags/example_dag_decorator.py
[2025-02-19T06:05:29.246+0000] {processor.py:840} INFO - DAG(s) 'example_dag_decorator' retrieved from /home/airflow/.local/lib/python3.10/site-packages/airflow/example_dags/example_dag_decorator.py
[2025-02-19T06:05:29.891+0000] {logging_mixin.py:188} INFO - [2025-02-19T06:05:29.891+0000] {dag.py:3036} INFO - Sync 1 DAGs
[2025-02-19T06:05:29.968+0000] {logging_mixin.py:188} INFO - [2025-02-19T06:05:29.968+0000] {dag.py:3823} INFO - Setting next_dagrun for example_dag_decorator to None, run_after=None
[2025-02-19T06:05:30.201+0000] {processor.py:183} INFO - Processing /home/airflow/.local/lib/python3.10/site-packages/airflow/example_dags/example_dag_decorator.py took 1.608 seconds
[2025-02-19T06:07:42.246+0000] {processor.py:161} INFO - Started process (PID=404) to work on /home/airflow/.local/lib/python3.10/site-packages/airflow/example_dags/example_dag_decorator.py
[2025-02-19T06:07:42.259+0000] {processor.py:830} INFO - Processing file /home/airflow/.local/lib/python3.10/site-packages/airflow/example_dags/example_dag_decorator.py for tasks to queue
[2025-02-19T06:07:42.263+0000] {logging_mixin.py:188} INFO - [2025-02-19T06:07:42.262+0000] {dagbag.py:538} INFO - Filling up the DagBag from /home/airflow/.local/lib/python3.10/site-packages/airflow/example_dags/example_dag_decorator.py
[2025-02-19T06:07:42.863+0000] {processor.py:840} INFO - DAG(s) 'example_dag_decorator' retrieved from /home/airflow/.local/lib/python3.10/site-packages/airflow/example_dags/example_dag_decorator.py
[2025-02-19T06:07:42.982+0000] {logging_mixin.py:188} INFO - [2025-02-19T06:07:42.982+0000] {dag.py:3036} INFO - Sync 1 DAGs
[2025-02-19T06:07:43.038+0000] {logging_mixin.py:188} INFO - [2025-02-19T06:07:43.038+0000] {dag.py:3823} INFO - Setting next_dagrun for example_dag_decorator to None, run_after=None
[2025-02-19T06:07:43.200+0000] {processor.py:183} INFO - Processing /home/airflow/.local/lib/python3.10/site-packages/airflow/example_dags/example_dag_decorator.py took 0.962 seconds
[2025-02-19T06:09:28.567+0000] {processor.py:161} INFO - Started process (PID=467) to work on /home/airflow/.local/lib/python3.10/site-packages/airflow/example_dags/example_dag_decorator.py
[2025-02-19T06:09:28.570+0000] {processor.py:830} INFO - Processing file /home/airflow/.local/lib/python3.10/site-packages/airflow/example_dags/example_dag_decorator.py for tasks to queue
[2025-02-19T06:09:28.572+0000] {logging_mixin.py:188} INFO - [2025-02-19T06:09:28.572+0000] {dagbag.py:538} INFO - Filling up the DagBag from /home/airflow/.local/lib/python3.10/site-packages/airflow/example_dags/example_dag_decorator.py
[2025-02-19T06:09:28.855+0000] {processor.py:840} INFO - DAG(s) 'example_dag_decorator' retrieved from /home/airflow/.local/lib/python3.10/site-packages/airflow/example_dags/example_dag_decorator.py
[2025-02-19T06:09:28.926+0000] {logging_mixin.py:188} INFO - [2025-02-19T06:09:28.926+0000] {dag.py:3036} INFO - Sync 1 DAGs
[2025-02-19T06:09:28.968+0000] {logging_mixin.py:188} INFO - [2025-02-19T06:09:28.968+0000] {dag.py:3823} INFO - Setting next_dagrun for example_dag_decorator to None, run_after=None
[2025-02-19T06:09:29.125+0000] {processor.py:183} INFO - Processing /home/airflow/.local/lib/python3.10/site-packages/airflow/example_dags/example_dag_decorator.py took 0.575 seconds
[2025-02-19T06:11:13.678+0000] {processor.py:161} INFO - Started process (PID=530) to work on /home/airflow/.local/lib/python3.10/site-packages/airflow/example_dags/example_dag_decorator.py
[2025-02-19T06:11:13.681+0000] {processor.py:830} INFO - Processing file /home/airflow/.local/lib/python3.10/site-packages/airflow/example_dags/example_dag_decorator.py for tasks to queue
[2025-02-19T06:11:13.684+0000] {logging_mixin.py:188} INFO - [2025-02-19T06:11:13.683+0000] {dagbag.py:538} INFO - Filling up the DagBag from /home/airflow/.local/lib/python3.10/site-packages/airflow/example_dags/example_dag_decorator.py
[2025-02-19T06:11:14.063+0000] {processor.py:840} INFO - DAG(s) 'example_dag_decorator' retrieved from /home/airflow/.local/lib/python3.10/site-packages/airflow/example_dags/example_dag_decorator.py
[2025-02-19T06:11:14.699+0000] {logging_mixin.py:188} INFO - [2025-02-19T06:11:14.698+0000] {dag.py:3036} INFO - Sync 1 DAGs
[2025-02-19T06:11:14.741+0000] {logging_mixin.py:188} INFO - [2025-02-19T06:11:14.740+0000] {dag.py:3823} INFO - Setting next_dagrun for example_dag_decorator to None, run_after=None
[2025-02-19T06:11:14.889+0000] {processor.py:183} INFO - Processing /home/airflow/.local/lib/python3.10/site-packages/airflow/example_dags/example_dag_decorator.py took 1.220 seconds
[2025-02-19T06:13:07.762+0000] {processor.py:161} INFO - Started process (PID=595) to work on /home/airflow/.local/lib/python3.10/site-packages/airflow/example_dags/example_dag_decorator.py
[2025-02-19T06:13:07.765+0000] {processor.py:830} INFO - Processing file /home/airflow/.local/lib/python3.10/site-packages/airflow/example_dags/example_dag_decorator.py for tasks to queue
[2025-02-19T06:13:07.767+0000] {logging_mixin.py:188} INFO - [2025-02-19T06:13:07.766+0000] {dagbag.py:538} INFO - Filling up the DagBag from /home/airflow/.local/lib/python3.10/site-packages/airflow/example_dags/example_dag_decorator.py
[2025-02-19T06:13:07.980+0000] {processor.py:840} INFO - DAG(s) 'example_dag_decorator' retrieved from /home/airflow/.local/lib/python3.10/site-packages/airflow/example_dags/example_dag_decorator.py
[2025-02-19T06:13:08.387+0000] {logging_mixin.py:188} INFO - [2025-02-19T06:13:08.387+0000] {dag.py:3036} INFO - Sync 1 DAGs
[2025-02-19T06:13:08.451+0000] {logging_mixin.py:188} INFO - [2025-02-19T06:13:08.451+0000] {dag.py:3823} INFO - Setting next_dagrun for example_dag_decorator to None, run_after=None
[2025-02-19T06:13:08.656+0000] {processor.py:183} INFO - Processing /home/airflow/.local/lib/python3.10/site-packages/airflow/example_dags/example_dag_decorator.py took 0.899 seconds
[2025-02-19T06:14:46.206+0000] {processor.py:161} INFO - Started process (PID=656) to work on /home/airflow/.local/lib/python3.10/site-packages/airflow/example_dags/example_dag_decorator.py
[2025-02-19T06:14:46.210+0000] {processor.py:830} INFO - Processing file /home/airflow/.local/lib/python3.10/site-packages/airflow/example_dags/example_dag_decorator.py for tasks to queue
[2025-02-19T06:14:46.213+0000] {logging_mixin.py:188} INFO - [2025-02-19T06:14:46.212+0000] {dagbag.py:538} INFO - Filling up the DagBag from /home/airflow/.local/lib/python3.10/site-packages/airflow/example_dags/example_dag_decorator.py
[2025-02-19T06:14:46.600+0000] {processor.py:840} INFO - DAG(s) 'example_dag_decorator' retrieved from /home/airflow/.local/lib/python3.10/site-packages/airflow/example_dags/example_dag_decorator.py
[2025-02-19T06:14:46.768+0000] {logging_mixin.py:188} INFO - [2025-02-19T06:14:46.768+0000] {dag.py:3036} INFO - Sync 1 DAGs
[2025-02-19T06:14:46.856+0000] {logging_mixin.py:188} INFO - [2025-02-19T06:14:46.855+0000] {dag.py:3823} INFO - Setting next_dagrun for example_dag_decorator to None, run_after=None
[2025-02-19T06:14:47.101+0000] {processor.py:183} INFO - Processing /home/airflow/.local/lib/python3.10/site-packages/airflow/example_dags/example_dag_decorator.py took 0.906 seconds
[2025-02-19T06:16:16.877+0000] {processor.py:161} INFO - Started process (PID=716) to work on /home/airflow/.local/lib/python3.10/site-packages/airflow/example_dags/example_dag_decorator.py
[2025-02-19T06:16:16.880+0000] {processor.py:830} INFO - Processing file /home/airflow/.local/lib/python3.10/site-packages/airflow/example_dags/example_dag_decorator.py for tasks to queue
[2025-02-19T06:16:16.884+0000] {logging_mixin.py:188} INFO - [2025-02-19T06:16:16.882+0000] {dagbag.py:538} INFO - Filling up the DagBag from /home/airflow/.local/lib/python3.10/site-packages/airflow/example_dags/example_dag_decorator.py
[2025-02-19T06:16:17.544+0000] {processor.py:840} INFO - DAG(s) 'example_dag_decorator' retrieved from /home/airflow/.local/lib/python3.10/site-packages/airflow/example_dags/example_dag_decorator.py
[2025-02-19T06:16:18.195+0000] {logging_mixin.py:188} INFO - [2025-02-19T06:16:18.195+0000] {dag.py:3036} INFO - Sync 1 DAGs
[2025-02-19T06:16:18.371+0000] {logging_mixin.py:188} INFO - [2025-02-19T06:16:18.370+0000] {dag.py:3823} INFO - Setting next_dagrun for example_dag_decorator to None, run_after=None
[2025-02-19T06:16:18.613+0000] {processor.py:183} INFO - Processing /home/airflow/.local/lib/python3.10/site-packages/airflow/example_dags/example_dag_decorator.py took 1.746 seconds
[2025-02-19T06:18:22.586+0000] {processor.py:161} INFO - Started process (PID=784) to work on /home/airflow/.local/lib/python3.10/site-packages/airflow/example_dags/example_dag_decorator.py
[2025-02-19T06:18:22.588+0000] {processor.py:830} INFO - Processing file /home/airflow/.local/lib/python3.10/site-packages/airflow/example_dags/example_dag_decorator.py for tasks to queue
[2025-02-19T06:18:22.591+0000] {logging_mixin.py:188} INFO - [2025-02-19T06:18:22.590+0000] {dagbag.py:538} INFO - Filling up the DagBag from /home/airflow/.local/lib/python3.10/site-packages/airflow/example_dags/example_dag_decorator.py
[2025-02-19T06:18:22.820+0000] {processor.py:840} INFO - DAG(s) 'example_dag_decorator' retrieved from /home/airflow/.local/lib/python3.10/site-packages/airflow/example_dags/example_dag_decorator.py
[2025-02-19T06:18:23.098+0000] {logging_mixin.py:188} INFO - [2025-02-19T06:18:23.098+0000] {dag.py:3036} INFO - Sync 1 DAGs
[2025-02-19T06:18:23.136+0000] {logging_mixin.py:188} INFO - [2025-02-19T06:18:23.135+0000] {dag.py:3823} INFO - Setting next_dagrun for example_dag_decorator to None, run_after=None
[2025-02-19T06:18:23.307+0000] {processor.py:183} INFO - Processing /home/airflow/.local/lib/python3.10/site-packages/airflow/example_dags/example_dag_decorator.py took 0.733 seconds
[2025-02-19T06:19:54.013+0000] {processor.py:161} INFO - Started process (PID=843) to work on /home/airflow/.local/lib/python3.10/site-packages/airflow/example_dags/example_dag_decorator.py
[2025-02-19T06:19:54.016+0000] {processor.py:830} INFO - Processing file /home/airflow/.local/lib/python3.10/site-packages/airflow/example_dags/example_dag_decorator.py for tasks to queue
[2025-02-19T06:19:54.019+0000] {logging_mixin.py:188} INFO - [2025-02-19T06:19:54.018+0000] {dagbag.py:538} INFO - Filling up the DagBag from /home/airflow/.local/lib/python3.10/site-packages/airflow/example_dags/example_dag_decorator.py
[2025-02-19T06:19:54.452+0000] {processor.py:840} INFO - DAG(s) 'example_dag_decorator' retrieved from /home/airflow/.local/lib/python3.10/site-packages/airflow/example_dags/example_dag_decorator.py
[2025-02-19T06:19:54.784+0000] {logging_mixin.py:188} INFO - [2025-02-19T06:19:54.783+0000] {dag.py:3036} INFO - Sync 1 DAGs
[2025-02-19T06:19:54.817+0000] {logging_mixin.py:188} INFO - [2025-02-19T06:19:54.816+0000] {dag.py:3823} INFO - Setting next_dagrun for example_dag_decorator to None, run_after=None
[2025-02-19T06:19:54.955+0000] {processor.py:183} INFO - Processing /home/airflow/.local/lib/python3.10/site-packages/airflow/example_dags/example_dag_decorator.py took 0.959 seconds
[2025-02-19T06:21:39.293+0000] {processor.py:161} INFO - Started process (PID=905) to work on /home/airflow/.local/lib/python3.10/site-packages/airflow/example_dags/example_dag_decorator.py
[2025-02-19T06:21:39.296+0000] {processor.py:830} INFO - Processing file /home/airflow/.local/lib/python3.10/site-packages/airflow/example_dags/example_dag_decorator.py for tasks to queue
[2025-02-19T06:21:39.300+0000] {logging_mixin.py:188} INFO - [2025-02-19T06:21:39.298+0000] {dagbag.py:538} INFO - Filling up the DagBag from /home/airflow/.local/lib/python3.10/site-packages/airflow/example_dags/example_dag_decorator.py
[2025-02-19T06:21:39.745+0000] {processor.py:840} INFO - DAG(s) 'example_dag_decorator' retrieved from /home/airflow/.local/lib/python3.10/site-packages/airflow/example_dags/example_dag_decorator.py
[2025-02-19T06:21:40.111+0000] {logging_mixin.py:188} INFO - [2025-02-19T06:21:40.111+0000] {dag.py:3036} INFO - Sync 1 DAGs
[2025-02-19T06:21:40.159+0000] {logging_mixin.py:188} INFO - [2025-02-19T06:21:40.159+0000] {dag.py:3823} INFO - Setting next_dagrun for example_dag_decorator to None, run_after=None
[2025-02-19T06:21:40.303+0000] {processor.py:183} INFO - Processing /home/airflow/.local/lib/python3.10/site-packages/airflow/example_dags/example_dag_decorator.py took 1.030 seconds
[2025-02-19T06:23:44.144+0000] {processor.py:161} INFO - Started process (PID=969) to work on /home/airflow/.local/lib/python3.10/site-packages/airflow/example_dags/example_dag_decorator.py
[2025-02-19T06:23:44.147+0000] {processor.py:830} INFO - Processing file /home/airflow/.local/lib/python3.10/site-packages/airflow/example_dags/example_dag_decorator.py for tasks to queue
[2025-02-19T06:23:44.150+0000] {logging_mixin.py:188} INFO - [2025-02-19T06:23:44.149+0000] {dagbag.py:538} INFO - Filling up the DagBag from /home/airflow/.local/lib/python3.10/site-packages/airflow/example_dags/example_dag_decorator.py
[2025-02-19T06:23:44.515+0000] {processor.py:840} INFO - DAG(s) 'example_dag_decorator' retrieved from /home/airflow/.local/lib/python3.10/site-packages/airflow/example_dags/example_dag_decorator.py
[2025-02-19T06:23:45.120+0000] {logging_mixin.py:188} INFO - [2025-02-19T06:23:45.119+0000] {dag.py:3036} INFO - Sync 1 DAGs
[2025-02-19T06:23:45.170+0000] {logging_mixin.py:188} INFO - [2025-02-19T06:23:45.170+0000] {dag.py:3823} INFO - Setting next_dagrun for example_dag_decorator to None, run_after=None
[2025-02-19T06:23:46.480+0000] {processor.py:183} INFO - Processing /home/airflow/.local/lib/python3.10/site-packages/airflow/example_dags/example_dag_decorator.py took 2.343 seconds
[2025-02-19T06:25:55.932+0000] {processor.py:161} INFO - Started process (PID=1037) to work on /home/airflow/.local/lib/python3.10/site-packages/airflow/example_dags/example_dag_decorator.py
[2025-02-19T06:25:55.936+0000] {processor.py:830} INFO - Processing file /home/airflow/.local/lib/python3.10/site-packages/airflow/example_dags/example_dag_decorator.py for tasks to queue
[2025-02-19T06:25:55.940+0000] {logging_mixin.py:188} INFO - [2025-02-19T06:25:55.938+0000] {dagbag.py:538} INFO - Filling up the DagBag from /home/airflow/.local/lib/python3.10/site-packages/airflow/example_dags/example_dag_decorator.py
[2025-02-19T06:25:56.444+0000] {processor.py:840} INFO - DAG(s) 'example_dag_decorator' retrieved from /home/airflow/.local/lib/python3.10/site-packages/airflow/example_dags/example_dag_decorator.py
[2025-02-19T06:25:57.177+0000] {logging_mixin.py:188} INFO - [2025-02-19T06:25:57.176+0000] {dag.py:3036} INFO - Sync 1 DAGs
[2025-02-19T06:25:57.275+0000] {logging_mixin.py:188} INFO - [2025-02-19T06:25:57.274+0000] {dag.py:3823} INFO - Setting next_dagrun for example_dag_decorator to None, run_after=None
[2025-02-19T06:25:57.513+0000] {processor.py:183} INFO - Processing /home/airflow/.local/lib/python3.10/site-packages/airflow/example_dags/example_dag_decorator.py took 1.597 seconds
[2025-02-19T06:30:28.265+0000] {processor.py:161} INFO - Started process (PID=52) to work on /home/airflow/.local/lib/python3.10/site-packages/airflow/example_dags/example_dag_decorator.py
[2025-02-19T06:30:28.268+0000] {processor.py:830} INFO - Processing file /home/airflow/.local/lib/python3.10/site-packages/airflow/example_dags/example_dag_decorator.py for tasks to queue
[2025-02-19T06:30:28.271+0000] {logging_mixin.py:188} INFO - [2025-02-19T06:30:28.270+0000] {dagbag.py:538} INFO - Filling up the DagBag from /home/airflow/.local/lib/python3.10/site-packages/airflow/example_dags/example_dag_decorator.py
[2025-02-19T06:30:28.636+0000] {processor.py:840} INFO - DAG(s) 'example_dag_decorator' retrieved from /home/airflow/.local/lib/python3.10/site-packages/airflow/example_dags/example_dag_decorator.py
[2025-02-19T06:30:29.093+0000] {logging_mixin.py:188} INFO - [2025-02-19T06:30:29.092+0000] {dag.py:3036} INFO - Sync 1 DAGs
[2025-02-19T06:30:29.150+0000] {logging_mixin.py:188} INFO - [2025-02-19T06:30:29.149+0000] {dag.py:3823} INFO - Setting next_dagrun for example_dag_decorator to None, run_after=None
[2025-02-19T06:30:29.409+0000] {processor.py:183} INFO - Processing /home/airflow/.local/lib/python3.10/site-packages/airflow/example_dags/example_dag_decorator.py took 1.161 seconds
[2025-02-19T06:32:01.589+0000] {processor.py:161} INFO - Started process (PID=101) to work on /home/airflow/.local/lib/python3.10/site-packages/airflow/example_dags/example_dag_decorator.py
[2025-02-19T06:32:01.597+0000] {processor.py:830} INFO - Processing file /home/airflow/.local/lib/python3.10/site-packages/airflow/example_dags/example_dag_decorator.py for tasks to queue
[2025-02-19T06:32:01.601+0000] {logging_mixin.py:188} INFO - [2025-02-19T06:32:01.600+0000] {dagbag.py:538} INFO - Filling up the DagBag from /home/airflow/.local/lib/python3.10/site-packages/airflow/example_dags/example_dag_decorator.py
[2025-02-19T06:32:02.397+0000] {processor.py:840} INFO - DAG(s) 'example_dag_decorator' retrieved from /home/airflow/.local/lib/python3.10/site-packages/airflow/example_dags/example_dag_decorator.py
[2025-02-19T06:32:03.422+0000] {logging_mixin.py:188} INFO - [2025-02-19T06:32:03.421+0000] {dag.py:3036} INFO - Sync 1 DAGs
[2025-02-19T06:32:03.539+0000] {logging_mixin.py:188} INFO - [2025-02-19T06:32:03.528+0000] {dag.py:3823} INFO - Setting next_dagrun for example_dag_decorator to None, run_after=None
[2025-02-19T06:32:03.822+0000] {processor.py:183} INFO - Processing /home/airflow/.local/lib/python3.10/site-packages/airflow/example_dags/example_dag_decorator.py took 2.245 seconds
[2025-02-19T06:34:14.324+0000] {processor.py:161} INFO - Started process (PID=169) to work on /home/airflow/.local/lib/python3.10/site-packages/airflow/example_dags/example_dag_decorator.py
[2025-02-19T06:34:14.326+0000] {processor.py:830} INFO - Processing file /home/airflow/.local/lib/python3.10/site-packages/airflow/example_dags/example_dag_decorator.py for tasks to queue
[2025-02-19T06:34:14.328+0000] {logging_mixin.py:188} INFO - [2025-02-19T06:34:14.328+0000] {dagbag.py:538} INFO - Filling up the DagBag from /home/airflow/.local/lib/python3.10/site-packages/airflow/example_dags/example_dag_decorator.py
[2025-02-19T06:34:14.546+0000] {processor.py:840} INFO - DAG(s) 'example_dag_decorator' retrieved from /home/airflow/.local/lib/python3.10/site-packages/airflow/example_dags/example_dag_decorator.py
[2025-02-19T06:34:14.770+0000] {logging_mixin.py:188} INFO - [2025-02-19T06:34:14.770+0000] {dag.py:3036} INFO - Sync 1 DAGs
[2025-02-19T06:34:14.794+0000] {logging_mixin.py:188} INFO - [2025-02-19T06:34:14.793+0000] {dag.py:3823} INFO - Setting next_dagrun for example_dag_decorator to None, run_after=None
[2025-02-19T06:34:14.917+0000] {processor.py:183} INFO - Processing /home/airflow/.local/lib/python3.10/site-packages/airflow/example_dags/example_dag_decorator.py took 0.599 seconds
[2025-02-19T06:35:42.341+0000] {processor.py:161} INFO - Started process (PID=228) to work on /home/airflow/.local/lib/python3.10/site-packages/airflow/example_dags/example_dag_decorator.py
[2025-02-19T06:35:42.346+0000] {processor.py:830} INFO - Processing file /home/airflow/.local/lib/python3.10/site-packages/airflow/example_dags/example_dag_decorator.py for tasks to queue
[2025-02-19T06:35:42.354+0000] {logging_mixin.py:188} INFO - [2025-02-19T06:35:42.353+0000] {dagbag.py:538} INFO - Filling up the DagBag from /home/airflow/.local/lib/python3.10/site-packages/airflow/example_dags/example_dag_decorator.py
[2025-02-19T06:35:42.833+0000] {processor.py:840} INFO - DAG(s) 'example_dag_decorator' retrieved from /home/airflow/.local/lib/python3.10/site-packages/airflow/example_dags/example_dag_decorator.py
[2025-02-19T06:35:43.142+0000] {logging_mixin.py:188} INFO - [2025-02-19T06:35:43.142+0000] {dag.py:3036} INFO - Sync 1 DAGs
[2025-02-19T06:35:43.165+0000] {logging_mixin.py:188} INFO - [2025-02-19T06:35:43.164+0000] {dag.py:3823} INFO - Setting next_dagrun for example_dag_decorator to None, run_after=None
[2025-02-19T06:35:43.296+0000] {processor.py:183} INFO - Processing /home/airflow/.local/lib/python3.10/site-packages/airflow/example_dags/example_dag_decorator.py took 0.964 seconds
[2025-02-19T06:37:41.489+0000] {processor.py:161} INFO - Started process (PID=293) to work on /home/airflow/.local/lib/python3.10/site-packages/airflow/example_dags/example_dag_decorator.py
[2025-02-19T06:37:41.491+0000] {processor.py:830} INFO - Processing file /home/airflow/.local/lib/python3.10/site-packages/airflow/example_dags/example_dag_decorator.py for tasks to queue
[2025-02-19T06:37:41.493+0000] {logging_mixin.py:188} INFO - [2025-02-19T06:37:41.492+0000] {dagbag.py:538} INFO - Filling up the DagBag from /home/airflow/.local/lib/python3.10/site-packages/airflow/example_dags/example_dag_decorator.py
[2025-02-19T06:37:41.753+0000] {processor.py:840} INFO - DAG(s) 'example_dag_decorator' retrieved from /home/airflow/.local/lib/python3.10/site-packages/airflow/example_dags/example_dag_decorator.py
[2025-02-19T06:37:42.136+0000] {logging_mixin.py:188} INFO - [2025-02-19T06:37:42.131+0000] {dag.py:3036} INFO - Sync 1 DAGs
[2025-02-19T06:37:42.184+0000] {logging_mixin.py:188} INFO - [2025-02-19T06:37:42.184+0000] {dag.py:3823} INFO - Setting next_dagrun for example_dag_decorator to None, run_after=None
[2025-02-19T06:37:42.344+0000] {processor.py:183} INFO - Processing /home/airflow/.local/lib/python3.10/site-packages/airflow/example_dags/example_dag_decorator.py took 0.860 seconds
[2025-02-19T06:39:07.620+0000] {processor.py:161} INFO - Started process (PID=350) to work on /home/airflow/.local/lib/python3.10/site-packages/airflow/example_dags/example_dag_decorator.py
[2025-02-19T06:39:07.624+0000] {processor.py:830} INFO - Processing file /home/airflow/.local/lib/python3.10/site-packages/airflow/example_dags/example_dag_decorator.py for tasks to queue
[2025-02-19T06:39:07.627+0000] {logging_mixin.py:188} INFO - [2025-02-19T06:39:07.626+0000] {dagbag.py:538} INFO - Filling up the DagBag from /home/airflow/.local/lib/python3.10/site-packages/airflow/example_dags/example_dag_decorator.py
[2025-02-19T06:39:08.041+0000] {processor.py:840} INFO - DAG(s) 'example_dag_decorator' retrieved from /home/airflow/.local/lib/python3.10/site-packages/airflow/example_dags/example_dag_decorator.py
[2025-02-19T06:39:08.640+0000] {logging_mixin.py:188} INFO - [2025-02-19T06:39:08.640+0000] {dag.py:3036} INFO - Sync 1 DAGs
[2025-02-19T06:39:08.728+0000] {logging_mixin.py:188} INFO - [2025-02-19T06:39:08.727+0000] {dag.py:3823} INFO - Setting next_dagrun for example_dag_decorator to None, run_after=None
[2025-02-19T06:39:08.994+0000] {processor.py:183} INFO - Processing /home/airflow/.local/lib/python3.10/site-packages/airflow/example_dags/example_dag_decorator.py took 1.391 seconds
[2025-02-19T06:41:40.669+0000] {processor.py:161} INFO - Started process (PID=419) to work on /home/airflow/.local/lib/python3.10/site-packages/airflow/example_dags/example_dag_decorator.py
[2025-02-19T06:41:40.674+0000] {processor.py:830} INFO - Processing file /home/airflow/.local/lib/python3.10/site-packages/airflow/example_dags/example_dag_decorator.py for tasks to queue
[2025-02-19T06:41:40.677+0000] {logging_mixin.py:188} INFO - [2025-02-19T06:41:40.676+0000] {dagbag.py:538} INFO - Filling up the DagBag from /home/airflow/.local/lib/python3.10/site-packages/airflow/example_dags/example_dag_decorator.py
[2025-02-19T06:41:41.053+0000] {processor.py:840} INFO - DAG(s) 'example_dag_decorator' retrieved from /home/airflow/.local/lib/python3.10/site-packages/airflow/example_dags/example_dag_decorator.py
[2025-02-19T06:41:41.298+0000] {logging_mixin.py:188} INFO - [2025-02-19T06:41:41.297+0000] {dag.py:3036} INFO - Sync 1 DAGs
[2025-02-19T06:41:41.424+0000] {logging_mixin.py:188} INFO - [2025-02-19T06:41:41.424+0000] {dag.py:3823} INFO - Setting next_dagrun for example_dag_decorator to None, run_after=None
[2025-02-19T06:41:41.727+0000] {processor.py:183} INFO - Processing /home/airflow/.local/lib/python3.10/site-packages/airflow/example_dags/example_dag_decorator.py took 1.068 seconds
[2025-02-19T06:43:50.821+0000] {processor.py:161} INFO - Started process (PID=52) to work on /home/airflow/.local/lib/python3.10/site-packages/airflow/example_dags/example_dag_decorator.py
[2025-02-19T06:43:50.823+0000] {processor.py:830} INFO - Processing file /home/airflow/.local/lib/python3.10/site-packages/airflow/example_dags/example_dag_decorator.py for tasks to queue
[2025-02-19T06:43:50.825+0000] {logging_mixin.py:188} INFO - [2025-02-19T06:43:50.824+0000] {dagbag.py:538} INFO - Filling up the DagBag from /home/airflow/.local/lib/python3.10/site-packages/airflow/example_dags/example_dag_decorator.py
[2025-02-19T06:43:51.001+0000] {processor.py:840} INFO - DAG(s) 'example_dag_decorator' retrieved from /home/airflow/.local/lib/python3.10/site-packages/airflow/example_dags/example_dag_decorator.py
[2025-02-19T06:43:51.388+0000] {logging_mixin.py:188} INFO - [2025-02-19T06:43:51.387+0000] {dag.py:3036} INFO - Sync 1 DAGs
[2025-02-19T06:43:51.418+0000] {logging_mixin.py:188} INFO - [2025-02-19T06:43:51.418+0000] {dag.py:3823} INFO - Setting next_dagrun for example_dag_decorator to None, run_after=None
[2025-02-19T06:43:51.567+0000] {processor.py:183} INFO - Processing /home/airflow/.local/lib/python3.10/site-packages/airflow/example_dags/example_dag_decorator.py took 0.752 seconds
[2025-02-19T06:45:14.097+0000] {processor.py:161} INFO - Started process (PID=101) to work on /home/airflow/.local/lib/python3.10/site-packages/airflow/example_dags/example_dag_decorator.py
[2025-02-19T06:45:14.110+0000] {processor.py:830} INFO - Processing file /home/airflow/.local/lib/python3.10/site-packages/airflow/example_dags/example_dag_decorator.py for tasks to queue
[2025-02-19T06:45:14.114+0000] {logging_mixin.py:188} INFO - [2025-02-19T06:45:14.113+0000] {dagbag.py:538} INFO - Filling up the DagBag from /home/airflow/.local/lib/python3.10/site-packages/airflow/example_dags/example_dag_decorator.py
[2025-02-19T06:45:14.706+0000] {processor.py:840} INFO - DAG(s) 'example_dag_decorator' retrieved from /home/airflow/.local/lib/python3.10/site-packages/airflow/example_dags/example_dag_decorator.py
[2025-02-19T06:45:15.269+0000] {logging_mixin.py:188} INFO - [2025-02-19T06:45:15.269+0000] {dag.py:3036} INFO - Sync 1 DAGs
[2025-02-19T06:45:15.298+0000] {logging_mixin.py:188} INFO - [2025-02-19T06:45:15.298+0000] {dag.py:3823} INFO - Setting next_dagrun for example_dag_decorator to None, run_after=None
[2025-02-19T06:45:15.448+0000] {processor.py:183} INFO - Processing /home/airflow/.local/lib/python3.10/site-packages/airflow/example_dags/example_dag_decorator.py took 1.365 seconds
[2025-02-19T06:46:55.721+0000] {processor.py:161} INFO - Started process (PID=164) to work on /home/airflow/.local/lib/python3.10/site-packages/airflow/example_dags/example_dag_decorator.py
[2025-02-19T06:46:55.730+0000] {processor.py:830} INFO - Processing file /home/airflow/.local/lib/python3.10/site-packages/airflow/example_dags/example_dag_decorator.py for tasks to queue
[2025-02-19T06:46:55.741+0000] {logging_mixin.py:188} INFO - [2025-02-19T06:46:55.739+0000] {dagbag.py:538} INFO - Filling up the DagBag from /home/airflow/.local/lib/python3.10/site-packages/airflow/example_dags/example_dag_decorator.py
[2025-02-19T06:46:56.506+0000] {processor.py:840} INFO - DAG(s) 'example_dag_decorator' retrieved from /home/airflow/.local/lib/python3.10/site-packages/airflow/example_dags/example_dag_decorator.py
[2025-02-19T06:46:57.496+0000] {logging_mixin.py:188} INFO - [2025-02-19T06:46:57.495+0000] {dag.py:3036} INFO - Sync 1 DAGs
[2025-02-19T06:46:57.567+0000] {logging_mixin.py:188} INFO - [2025-02-19T06:46:57.559+0000] {dag.py:3823} INFO - Setting next_dagrun for example_dag_decorator to None, run_after=None
[2025-02-19T06:46:57.852+0000] {processor.py:183} INFO - Processing /home/airflow/.local/lib/python3.10/site-packages/airflow/example_dags/example_dag_decorator.py took 2.181 seconds
[2025-02-19T06:48:41.305+0000] {processor.py:161} INFO - Started process (PID=225) to work on /home/airflow/.local/lib/python3.10/site-packages/airflow/example_dags/example_dag_decorator.py
[2025-02-19T06:48:41.307+0000] {processor.py:830} INFO - Processing file /home/airflow/.local/lib/python3.10/site-packages/airflow/example_dags/example_dag_decorator.py for tasks to queue
[2025-02-19T06:48:41.310+0000] {logging_mixin.py:188} INFO - [2025-02-19T06:48:41.309+0000] {dagbag.py:538} INFO - Filling up the DagBag from /home/airflow/.local/lib/python3.10/site-packages/airflow/example_dags/example_dag_decorator.py
[2025-02-19T06:48:41.468+0000] {processor.py:840} INFO - DAG(s) 'example_dag_decorator' retrieved from /home/airflow/.local/lib/python3.10/site-packages/airflow/example_dags/example_dag_decorator.py
[2025-02-19T06:48:41.687+0000] {logging_mixin.py:188} INFO - [2025-02-19T06:48:41.687+0000] {dag.py:3036} INFO - Sync 1 DAGs
[2025-02-19T06:48:41.710+0000] {logging_mixin.py:188} INFO - [2025-02-19T06:48:41.710+0000] {dag.py:3823} INFO - Setting next_dagrun for example_dag_decorator to None, run_after=None
[2025-02-19T06:48:41.825+0000] {processor.py:183} INFO - Processing /home/airflow/.local/lib/python3.10/site-packages/airflow/example_dags/example_dag_decorator.py took 0.525 seconds
[2025-02-19T06:50:26.265+0000] {processor.py:161} INFO - Started process (PID=286) to work on /home/airflow/.local/lib/python3.10/site-packages/airflow/example_dags/example_dag_decorator.py
[2025-02-19T06:50:26.267+0000] {processor.py:830} INFO - Processing file /home/airflow/.local/lib/python3.10/site-packages/airflow/example_dags/example_dag_decorator.py for tasks to queue
[2025-02-19T06:50:26.269+0000] {logging_mixin.py:188} INFO - [2025-02-19T06:50:26.268+0000] {dagbag.py:538} INFO - Filling up the DagBag from /home/airflow/.local/lib/python3.10/site-packages/airflow/example_dags/example_dag_decorator.py
[2025-02-19T06:50:26.524+0000] {processor.py:840} INFO - DAG(s) 'example_dag_decorator' retrieved from /home/airflow/.local/lib/python3.10/site-packages/airflow/example_dags/example_dag_decorator.py
[2025-02-19T06:50:26.969+0000] {logging_mixin.py:188} INFO - [2025-02-19T06:50:26.968+0000] {dag.py:3036} INFO - Sync 1 DAGs
[2025-02-19T06:50:27.001+0000] {logging_mixin.py:188} INFO - [2025-02-19T06:50:27.001+0000] {dag.py:3823} INFO - Setting next_dagrun for example_dag_decorator to None, run_after=None
[2025-02-19T06:50:27.149+0000] {processor.py:183} INFO - Processing /home/airflow/.local/lib/python3.10/site-packages/airflow/example_dags/example_dag_decorator.py took 0.892 seconds
[2025-02-19T06:52:07.786+0000] {processor.py:161} INFO - Started process (PID=348) to work on /home/airflow/.local/lib/python3.10/site-packages/airflow/example_dags/example_dag_decorator.py
[2025-02-19T06:52:07.791+0000] {processor.py:830} INFO - Processing file /home/airflow/.local/lib/python3.10/site-packages/airflow/example_dags/example_dag_decorator.py for tasks to queue
[2025-02-19T06:52:07.794+0000] {logging_mixin.py:188} INFO - [2025-02-19T06:52:07.793+0000] {dagbag.py:538} INFO - Filling up the DagBag from /home/airflow/.local/lib/python3.10/site-packages/airflow/example_dags/example_dag_decorator.py
[2025-02-19T06:52:08.330+0000] {processor.py:840} INFO - DAG(s) 'example_dag_decorator' retrieved from /home/airflow/.local/lib/python3.10/site-packages/airflow/example_dags/example_dag_decorator.py
[2025-02-19T06:52:08.737+0000] {logging_mixin.py:188} INFO - [2025-02-19T06:52:08.736+0000] {dag.py:3036} INFO - Sync 1 DAGs
[2025-02-19T06:52:08.796+0000] {logging_mixin.py:188} INFO - [2025-02-19T06:52:08.795+0000] {dag.py:3823} INFO - Setting next_dagrun for example_dag_decorator to None, run_after=None
[2025-02-19T06:52:09.067+0000] {processor.py:183} INFO - Processing /home/airflow/.local/lib/python3.10/site-packages/airflow/example_dags/example_dag_decorator.py took 1.300 seconds
[2025-02-19T06:53:50.020+0000] {processor.py:161} INFO - Started process (PID=410) to work on /home/airflow/.local/lib/python3.10/site-packages/airflow/example_dags/example_dag_decorator.py
[2025-02-19T06:53:50.022+0000] {processor.py:830} INFO - Processing file /home/airflow/.local/lib/python3.10/site-packages/airflow/example_dags/example_dag_decorator.py for tasks to queue
[2025-02-19T06:53:50.024+0000] {logging_mixin.py:188} INFO - [2025-02-19T06:53:50.024+0000] {dagbag.py:538} INFO - Filling up the DagBag from /home/airflow/.local/lib/python3.10/site-packages/airflow/example_dags/example_dag_decorator.py
[2025-02-19T06:53:50.206+0000] {processor.py:840} INFO - DAG(s) 'example_dag_decorator' retrieved from /home/airflow/.local/lib/python3.10/site-packages/airflow/example_dags/example_dag_decorator.py
[2025-02-19T06:53:50.268+0000] {logging_mixin.py:188} INFO - [2025-02-19T06:53:50.267+0000] {dag.py:3036} INFO - Sync 1 DAGs
[2025-02-19T06:53:50.291+0000] {logging_mixin.py:188} INFO - [2025-02-19T06:53:50.291+0000] {dag.py:3823} INFO - Setting next_dagrun for example_dag_decorator to None, run_after=None
[2025-02-19T06:53:50.406+0000] {processor.py:183} INFO - Processing /home/airflow/.local/lib/python3.10/site-packages/airflow/example_dags/example_dag_decorator.py took 0.393 seconds
[2025-02-19T06:55:12.496+0000] {processor.py:161} INFO - Started process (PID=468) to work on /home/airflow/.local/lib/python3.10/site-packages/airflow/example_dags/example_dag_decorator.py
[2025-02-19T06:55:12.498+0000] {processor.py:830} INFO - Processing file /home/airflow/.local/lib/python3.10/site-packages/airflow/example_dags/example_dag_decorator.py for tasks to queue
[2025-02-19T06:55:12.499+0000] {logging_mixin.py:188} INFO - [2025-02-19T06:55:12.499+0000] {dagbag.py:538} INFO - Filling up the DagBag from /home/airflow/.local/lib/python3.10/site-packages/airflow/example_dags/example_dag_decorator.py
[2025-02-19T06:55:12.684+0000] {processor.py:840} INFO - DAG(s) 'example_dag_decorator' retrieved from /home/airflow/.local/lib/python3.10/site-packages/airflow/example_dags/example_dag_decorator.py
[2025-02-19T06:55:12.740+0000] {logging_mixin.py:188} INFO - [2025-02-19T06:55:12.739+0000] {dag.py:3036} INFO - Sync 1 DAGs
[2025-02-19T06:55:12.768+0000] {logging_mixin.py:188} INFO - [2025-02-19T06:55:12.768+0000] {dag.py:3823} INFO - Setting next_dagrun for example_dag_decorator to None, run_after=None
[2025-02-19T06:55:12.894+0000] {processor.py:183} INFO - Processing /home/airflow/.local/lib/python3.10/site-packages/airflow/example_dags/example_dag_decorator.py took 0.403 seconds
[2025-02-19T06:56:36.395+0000] {processor.py:161} INFO - Started process (PID=524) to work on /home/airflow/.local/lib/python3.10/site-packages/airflow/example_dags/example_dag_decorator.py
[2025-02-19T06:56:36.397+0000] {processor.py:830} INFO - Processing file /home/airflow/.local/lib/python3.10/site-packages/airflow/example_dags/example_dag_decorator.py for tasks to queue
[2025-02-19T06:56:36.399+0000] {logging_mixin.py:188} INFO - [2025-02-19T06:56:36.399+0000] {dagbag.py:538} INFO - Filling up the DagBag from /home/airflow/.local/lib/python3.10/site-packages/airflow/example_dags/example_dag_decorator.py
[2025-02-19T06:56:36.594+0000] {processor.py:840} INFO - DAG(s) 'example_dag_decorator' retrieved from /home/airflow/.local/lib/python3.10/site-packages/airflow/example_dags/example_dag_decorator.py
[2025-02-19T06:56:37.151+0000] {logging_mixin.py:188} INFO - [2025-02-19T06:56:37.150+0000] {dag.py:3036} INFO - Sync 1 DAGs
[2025-02-19T06:56:37.204+0000] {logging_mixin.py:188} INFO - [2025-02-19T06:56:37.201+0000] {dag.py:3823} INFO - Setting next_dagrun for example_dag_decorator to None, run_after=None
[2025-02-19T06:56:37.353+0000] {processor.py:183} INFO - Processing /home/airflow/.local/lib/python3.10/site-packages/airflow/example_dags/example_dag_decorator.py took 0.964 seconds
[2025-02-19T06:58:17.144+0000] {processor.py:161} INFO - Started process (PID=585) to work on /home/airflow/.local/lib/python3.10/site-packages/airflow/example_dags/example_dag_decorator.py
[2025-02-19T06:58:17.146+0000] {processor.py:830} INFO - Processing file /home/airflow/.local/lib/python3.10/site-packages/airflow/example_dags/example_dag_decorator.py for tasks to queue
[2025-02-19T06:58:17.149+0000] {logging_mixin.py:188} INFO - [2025-02-19T06:58:17.148+0000] {dagbag.py:538} INFO - Filling up the DagBag from /home/airflow/.local/lib/python3.10/site-packages/airflow/example_dags/example_dag_decorator.py
[2025-02-19T06:58:17.331+0000] {processor.py:840} INFO - DAG(s) 'example_dag_decorator' retrieved from /home/airflow/.local/lib/python3.10/site-packages/airflow/example_dags/example_dag_decorator.py
[2025-02-19T06:58:17.575+0000] {logging_mixin.py:188} INFO - [2025-02-19T06:58:17.574+0000] {dag.py:3036} INFO - Sync 1 DAGs
[2025-02-19T06:58:17.600+0000] {logging_mixin.py:188} INFO - [2025-02-19T06:58:17.600+0000] {dag.py:3823} INFO - Setting next_dagrun for example_dag_decorator to None, run_after=None
[2025-02-19T06:58:17.737+0000] {processor.py:183} INFO - Processing /home/airflow/.local/lib/python3.10/site-packages/airflow/example_dags/example_dag_decorator.py took 0.597 seconds
[2025-02-19T06:59:52.870+0000] {processor.py:161} INFO - Started process (PID=644) to work on /home/airflow/.local/lib/python3.10/site-packages/airflow/example_dags/example_dag_decorator.py
[2025-02-19T06:59:52.874+0000] {processor.py:830} INFO - Processing file /home/airflow/.local/lib/python3.10/site-packages/airflow/example_dags/example_dag_decorator.py for tasks to queue
[2025-02-19T06:59:52.887+0000] {logging_mixin.py:188} INFO - [2025-02-19T06:59:52.880+0000] {dagbag.py:538} INFO - Filling up the DagBag from /home/airflow/.local/lib/python3.10/site-packages/airflow/example_dags/example_dag_decorator.py
[2025-02-19T06:59:53.816+0000] {processor.py:840} INFO - DAG(s) 'example_dag_decorator' retrieved from /home/airflow/.local/lib/python3.10/site-packages/airflow/example_dags/example_dag_decorator.py
[2025-02-19T06:59:53.973+0000] {logging_mixin.py:188} INFO - [2025-02-19T06:59:53.972+0000] {dag.py:3036} INFO - Sync 1 DAGs
[2025-02-19T06:59:54.081+0000] {logging_mixin.py:188} INFO - [2025-02-19T06:59:54.080+0000] {dag.py:3823} INFO - Setting next_dagrun for example_dag_decorator to None, run_after=None
[2025-02-19T06:59:54.371+0000] {processor.py:183} INFO - Processing /home/airflow/.local/lib/python3.10/site-packages/airflow/example_dags/example_dag_decorator.py took 1.524 seconds
[2025-02-19T07:01:35.992+0000] {processor.py:161} INFO - Started process (PID=708) to work on /home/airflow/.local/lib/python3.10/site-packages/airflow/example_dags/example_dag_decorator.py
[2025-02-19T07:01:35.994+0000] {processor.py:830} INFO - Processing file /home/airflow/.local/lib/python3.10/site-packages/airflow/example_dags/example_dag_decorator.py for tasks to queue
[2025-02-19T07:01:35.997+0000] {logging_mixin.py:188} INFO - [2025-02-19T07:01:35.996+0000] {dagbag.py:538} INFO - Filling up the DagBag from /home/airflow/.local/lib/python3.10/site-packages/airflow/example_dags/example_dag_decorator.py
[2025-02-19T07:01:36.228+0000] {processor.py:840} INFO - DAG(s) 'example_dag_decorator' retrieved from /home/airflow/.local/lib/python3.10/site-packages/airflow/example_dags/example_dag_decorator.py
[2025-02-19T07:01:36.285+0000] {logging_mixin.py:188} INFO - [2025-02-19T07:01:36.285+0000] {dag.py:3036} INFO - Sync 1 DAGs
[2025-02-19T07:01:36.325+0000] {logging_mixin.py:188} INFO - [2025-02-19T07:01:36.324+0000] {dag.py:3823} INFO - Setting next_dagrun for example_dag_decorator to None, run_after=None
[2025-02-19T07:01:36.462+0000] {processor.py:183} INFO - Processing /home/airflow/.local/lib/python3.10/site-packages/airflow/example_dags/example_dag_decorator.py took 0.478 seconds
[2025-02-19T07:03:15.638+0000] {processor.py:161} INFO - Started process (PID=770) to work on /home/airflow/.local/lib/python3.10/site-packages/airflow/example_dags/example_dag_decorator.py
[2025-02-19T07:03:15.641+0000] {processor.py:830} INFO - Processing file /home/airflow/.local/lib/python3.10/site-packages/airflow/example_dags/example_dag_decorator.py for tasks to queue
[2025-02-19T07:03:15.643+0000] {logging_mixin.py:188} INFO - [2025-02-19T07:03:15.642+0000] {dagbag.py:538} INFO - Filling up the DagBag from /home/airflow/.local/lib/python3.10/site-packages/airflow/example_dags/example_dag_decorator.py
[2025-02-19T07:03:15.821+0000] {processor.py:840} INFO - DAG(s) 'example_dag_decorator' retrieved from /home/airflow/.local/lib/python3.10/site-packages/airflow/example_dags/example_dag_decorator.py
[2025-02-19T07:03:15.876+0000] {logging_mixin.py:188} INFO - [2025-02-19T07:03:15.876+0000] {dag.py:3036} INFO - Sync 1 DAGs
[2025-02-19T07:03:15.906+0000] {logging_mixin.py:188} INFO - [2025-02-19T07:03:15.905+0000] {dag.py:3823} INFO - Setting next_dagrun for example_dag_decorator to None, run_after=None
[2025-02-19T07:03:16.038+0000] {processor.py:183} INFO - Processing /home/airflow/.local/lib/python3.10/site-packages/airflow/example_dags/example_dag_decorator.py took 0.404 seconds
[2025-02-19T07:05:39.977+0000] {processor.py:161} INFO - Started process (PID=830) to work on /home/airflow/.local/lib/python3.10/site-packages/airflow/example_dags/example_dag_decorator.py
[2025-02-19T07:05:39.981+0000] {processor.py:830} INFO - Processing file /home/airflow/.local/lib/python3.10/site-packages/airflow/example_dags/example_dag_decorator.py for tasks to queue
[2025-02-19T07:05:39.992+0000] {logging_mixin.py:188} INFO - [2025-02-19T07:05:39.991+0000] {dagbag.py:538} INFO - Filling up the DagBag from /home/airflow/.local/lib/python3.10/site-packages/airflow/example_dags/example_dag_decorator.py
[2025-02-19T07:05:41.076+0000] {processor.py:840} INFO - DAG(s) 'example_dag_decorator' retrieved from /home/airflow/.local/lib/python3.10/site-packages/airflow/example_dags/example_dag_decorator.py
[2025-02-19T07:05:42.336+0000] {logging_mixin.py:188} INFO - [2025-02-19T07:05:42.335+0000] {dag.py:3036} INFO - Sync 1 DAGs
[2025-02-19T07:05:42.473+0000] {logging_mixin.py:188} INFO - [2025-02-19T07:05:42.472+0000] {dag.py:3823} INFO - Setting next_dagrun for example_dag_decorator to None, run_after=None
[2025-02-19T07:05:42.791+0000] {processor.py:183} INFO - Processing /home/airflow/.local/lib/python3.10/site-packages/airflow/example_dags/example_dag_decorator.py took 2.834 seconds
