[2025-02-19T05:54:58.695+0000] {processor.py:161} INFO - Started process (PID=32) to work on /home/airflow/.local/lib/python3.10/site-packages/airflow/example_dags/example_task_group.py
[2025-02-19T05:54:58.699+0000] {processor.py:830} INFO - Processing file /home/airflow/.local/lib/python3.10/site-packages/airflow/example_dags/example_task_group.py for tasks to queue
[2025-02-19T05:54:58.711+0000] {logging_mixin.py:188} INFO - [2025-02-19T05:54:58.710+0000] {dagbag.py:538} INFO - Filling up the DagBag from /home/airflow/.local/lib/python3.10/site-packages/airflow/example_dags/example_task_group.py
[2025-02-19T05:54:58.767+0000] {processor.py:840} INFO - DAG(s) 'example_task_group' retrieved from /home/airflow/.local/lib/python3.10/site-packages/airflow/example_dags/example_task_group.py
[2025-02-19T05:54:58.899+0000] {logging_mixin.py:188} INFO - [2025-02-19T05:54:58.898+0000] {dag.py:3036} INFO - Sync 1 DAGs
[2025-02-19T05:54:59.023+0000] {logging_mixin.py:188} INFO - [2025-02-19T05:54:59.022+0000] {dag.py:3823} INFO - Setting next_dagrun for example_task_group to 2025-02-18 00:00:00+00:00, run_after=2025-02-19 00:00:00+00:00
[2025-02-19T05:54:59.213+0000] {processor.py:183} INFO - Processing /home/airflow/.local/lib/python3.10/site-packages/airflow/example_dags/example_task_group.py took 0.530 seconds
[2025-02-19T05:57:47.793+0000] {processor.py:161} INFO - Started process (PID=81) to work on /home/airflow/.local/lib/python3.10/site-packages/airflow/example_dags/example_task_group.py
[2025-02-19T05:57:47.802+0000] {processor.py:830} INFO - Processing file /home/airflow/.local/lib/python3.10/site-packages/airflow/example_dags/example_task_group.py for tasks to queue
[2025-02-19T05:57:47.805+0000] {logging_mixin.py:188} INFO - [2025-02-19T05:57:47.804+0000] {dagbag.py:538} INFO - Filling up the DagBag from /home/airflow/.local/lib/python3.10/site-packages/airflow/example_dags/example_task_group.py
[2025-02-19T05:57:47.861+0000] {processor.py:840} INFO - DAG(s) 'example_task_group' retrieved from /home/airflow/.local/lib/python3.10/site-packages/airflow/example_dags/example_task_group.py
[2025-02-19T05:57:47.982+0000] {logging_mixin.py:188} INFO - [2025-02-19T05:57:47.981+0000] {dag.py:3036} INFO - Sync 1 DAGs
[2025-02-19T05:57:48.100+0000] {logging_mixin.py:188} INFO - [2025-02-19T05:57:48.099+0000] {dag.py:3823} INFO - Setting next_dagrun for example_task_group to 2025-02-18 00:00:00+00:00, run_after=2025-02-19 00:00:00+00:00
[2025-02-19T05:57:48.319+0000] {processor.py:183} INFO - Processing /home/airflow/.local/lib/python3.10/site-packages/airflow/example_dags/example_task_group.py took 0.534 seconds
[2025-02-19T05:59:21.199+0000] {processor.py:161} INFO - Started process (PID=127) to work on /home/airflow/.local/lib/python3.10/site-packages/airflow/example_dags/example_task_group.py
[2025-02-19T05:59:21.202+0000] {processor.py:830} INFO - Processing file /home/airflow/.local/lib/python3.10/site-packages/airflow/example_dags/example_task_group.py for tasks to queue
[2025-02-19T05:59:21.205+0000] {logging_mixin.py:188} INFO - [2025-02-19T05:59:21.204+0000] {dagbag.py:538} INFO - Filling up the DagBag from /home/airflow/.local/lib/python3.10/site-packages/airflow/example_dags/example_task_group.py
[2025-02-19T05:59:21.248+0000] {processor.py:840} INFO - DAG(s) 'example_task_group' retrieved from /home/airflow/.local/lib/python3.10/site-packages/airflow/example_dags/example_task_group.py
[2025-02-19T05:59:21.373+0000] {logging_mixin.py:188} INFO - [2025-02-19T05:59:21.373+0000] {dag.py:3036} INFO - Sync 1 DAGs
[2025-02-19T05:59:21.484+0000] {logging_mixin.py:188} INFO - [2025-02-19T05:59:21.483+0000] {dag.py:3823} INFO - Setting next_dagrun for example_task_group to 2025-02-18 00:00:00+00:00, run_after=2025-02-19 00:00:00+00:00
[2025-02-19T05:59:21.649+0000] {processor.py:183} INFO - Processing /home/airflow/.local/lib/python3.10/site-packages/airflow/example_dags/example_task_group.py took 0.467 seconds
[2025-02-19T06:00:21.473+0000] {processor.py:161} INFO - Started process (PID=159) to work on /home/airflow/.local/lib/python3.10/site-packages/airflow/example_dags/example_task_group.py
[2025-02-19T06:00:21.475+0000] {processor.py:830} INFO - Processing file /home/airflow/.local/lib/python3.10/site-packages/airflow/example_dags/example_task_group.py for tasks to queue
[2025-02-19T06:00:21.479+0000] {logging_mixin.py:188} INFO - [2025-02-19T06:00:21.478+0000] {dagbag.py:538} INFO - Filling up the DagBag from /home/airflow/.local/lib/python3.10/site-packages/airflow/example_dags/example_task_group.py
[2025-02-19T06:00:21.520+0000] {processor.py:840} INFO - DAG(s) 'example_task_group' retrieved from /home/airflow/.local/lib/python3.10/site-packages/airflow/example_dags/example_task_group.py
[2025-02-19T06:00:21.639+0000] {logging_mixin.py:188} INFO - [2025-02-19T06:00:21.638+0000] {dag.py:3036} INFO - Sync 1 DAGs
[2025-02-19T06:00:21.765+0000] {logging_mixin.py:188} INFO - [2025-02-19T06:00:21.764+0000] {dag.py:3823} INFO - Setting next_dagrun for example_task_group to 2025-02-18 00:00:00+00:00, run_after=2025-02-19 00:00:00+00:00
[2025-02-19T06:00:21.944+0000] {processor.py:183} INFO - Processing /home/airflow/.local/lib/python3.10/site-packages/airflow/example_dags/example_task_group.py took 0.485 seconds
[2025-02-19T06:01:23.590+0000] {processor.py:161} INFO - Started process (PID=193) to work on /home/airflow/.local/lib/python3.10/site-packages/airflow/example_dags/example_task_group.py
[2025-02-19T06:01:23.612+0000] {processor.py:830} INFO - Processing file /home/airflow/.local/lib/python3.10/site-packages/airflow/example_dags/example_task_group.py for tasks to queue
[2025-02-19T06:01:23.615+0000] {logging_mixin.py:188} INFO - [2025-02-19T06:01:23.614+0000] {dagbag.py:538} INFO - Filling up the DagBag from /home/airflow/.local/lib/python3.10/site-packages/airflow/example_dags/example_task_group.py
[2025-02-19T06:01:23.656+0000] {processor.py:840} INFO - DAG(s) 'example_task_group' retrieved from /home/airflow/.local/lib/python3.10/site-packages/airflow/example_dags/example_task_group.py
[2025-02-19T06:01:23.800+0000] {logging_mixin.py:188} INFO - [2025-02-19T06:01:23.800+0000] {dag.py:3036} INFO - Sync 1 DAGs
[2025-02-19T06:01:23.973+0000] {logging_mixin.py:188} INFO - [2025-02-19T06:01:23.972+0000] {dag.py:3823} INFO - Setting next_dagrun for example_task_group to 2025-02-18 00:00:00+00:00, run_after=2025-02-19 00:00:00+00:00
[2025-02-19T06:01:24.139+0000] {processor.py:183} INFO - Processing /home/airflow/.local/lib/python3.10/site-packages/airflow/example_dags/example_task_group.py took 0.567 seconds
[2025-02-19T06:02:20.872+0000] {processor.py:161} INFO - Started process (PID=225) to work on /home/airflow/.local/lib/python3.10/site-packages/airflow/example_dags/example_task_group.py
[2025-02-19T06:02:20.876+0000] {processor.py:830} INFO - Processing file /home/airflow/.local/lib/python3.10/site-packages/airflow/example_dags/example_task_group.py for tasks to queue
[2025-02-19T06:02:20.879+0000] {logging_mixin.py:188} INFO - [2025-02-19T06:02:20.878+0000] {dagbag.py:538} INFO - Filling up the DagBag from /home/airflow/.local/lib/python3.10/site-packages/airflow/example_dags/example_task_group.py
[2025-02-19T06:02:20.896+0000] {processor.py:840} INFO - DAG(s) 'example_task_group' retrieved from /home/airflow/.local/lib/python3.10/site-packages/airflow/example_dags/example_task_group.py
[2025-02-19T06:02:20.956+0000] {logging_mixin.py:188} INFO - [2025-02-19T06:02:20.956+0000] {dag.py:3036} INFO - Sync 1 DAGs
[2025-02-19T06:02:21.014+0000] {logging_mixin.py:188} INFO - [2025-02-19T06:02:21.013+0000] {dag.py:3823} INFO - Setting next_dagrun for example_task_group to 2025-02-18 00:00:00+00:00, run_after=2025-02-19 00:00:00+00:00
[2025-02-19T06:02:21.143+0000] {processor.py:183} INFO - Processing /home/airflow/.local/lib/python3.10/site-packages/airflow/example_dags/example_task_group.py took 0.277 seconds
[2025-02-19T06:03:14.861+0000] {processor.py:161} INFO - Started process (PID=259) to work on /home/airflow/.local/lib/python3.10/site-packages/airflow/example_dags/example_task_group.py
[2025-02-19T06:03:14.863+0000] {processor.py:830} INFO - Processing file /home/airflow/.local/lib/python3.10/site-packages/airflow/example_dags/example_task_group.py for tasks to queue
[2025-02-19T06:03:14.866+0000] {logging_mixin.py:188} INFO - [2025-02-19T06:03:14.865+0000] {dagbag.py:538} INFO - Filling up the DagBag from /home/airflow/.local/lib/python3.10/site-packages/airflow/example_dags/example_task_group.py
[2025-02-19T06:03:14.883+0000] {processor.py:840} INFO - DAG(s) 'example_task_group' retrieved from /home/airflow/.local/lib/python3.10/site-packages/airflow/example_dags/example_task_group.py
[2025-02-19T06:03:14.940+0000] {logging_mixin.py:188} INFO - [2025-02-19T06:03:14.939+0000] {dag.py:3036} INFO - Sync 1 DAGs
[2025-02-19T06:03:15.020+0000] {logging_mixin.py:188} INFO - [2025-02-19T06:03:15.019+0000] {dag.py:3823} INFO - Setting next_dagrun for example_task_group to 2025-02-18 00:00:00+00:00, run_after=2025-02-19 00:00:00+00:00
[2025-02-19T06:03:15.179+0000] {processor.py:183} INFO - Processing /home/airflow/.local/lib/python3.10/site-packages/airflow/example_dags/example_task_group.py took 0.325 seconds
[2025-02-19T06:04:03.130+0000] {processor.py:161} INFO - Started process (PID=289) to work on /home/airflow/.local/lib/python3.10/site-packages/airflow/example_dags/example_task_group.py
[2025-02-19T06:04:03.132+0000] {processor.py:830} INFO - Processing file /home/airflow/.local/lib/python3.10/site-packages/airflow/example_dags/example_task_group.py for tasks to queue
[2025-02-19T06:04:03.136+0000] {logging_mixin.py:188} INFO - [2025-02-19T06:04:03.134+0000] {dagbag.py:538} INFO - Filling up the DagBag from /home/airflow/.local/lib/python3.10/site-packages/airflow/example_dags/example_task_group.py
[2025-02-19T06:04:03.187+0000] {processor.py:840} INFO - DAG(s) 'example_task_group' retrieved from /home/airflow/.local/lib/python3.10/site-packages/airflow/example_dags/example_task_group.py
[2025-02-19T06:04:03.351+0000] {logging_mixin.py:188} INFO - [2025-02-19T06:04:03.348+0000] {dag.py:3036} INFO - Sync 1 DAGs
[2025-02-19T06:04:03.476+0000] {logging_mixin.py:188} INFO - [2025-02-19T06:04:03.476+0000] {dag.py:3823} INFO - Setting next_dagrun for example_task_group to 2025-02-18 00:00:00+00:00, run_after=2025-02-19 00:00:00+00:00
[2025-02-19T06:04:03.702+0000] {processor.py:183} INFO - Processing /home/airflow/.local/lib/python3.10/site-packages/airflow/example_dags/example_task_group.py took 0.581 seconds
[2025-02-19T06:04:56.945+0000] {processor.py:161} INFO - Started process (PID=320) to work on /home/airflow/.local/lib/python3.10/site-packages/airflow/example_dags/example_task_group.py
[2025-02-19T06:04:56.948+0000] {processor.py:830} INFO - Processing file /home/airflow/.local/lib/python3.10/site-packages/airflow/example_dags/example_task_group.py for tasks to queue
[2025-02-19T06:04:56.954+0000] {logging_mixin.py:188} INFO - [2025-02-19T06:04:56.953+0000] {dagbag.py:538} INFO - Filling up the DagBag from /home/airflow/.local/lib/python3.10/site-packages/airflow/example_dags/example_task_group.py
[2025-02-19T06:04:56.975+0000] {processor.py:840} INFO - DAG(s) 'example_task_group' retrieved from /home/airflow/.local/lib/python3.10/site-packages/airflow/example_dags/example_task_group.py
[2025-02-19T06:04:57.033+0000] {logging_mixin.py:188} INFO - [2025-02-19T06:04:57.033+0000] {dag.py:3036} INFO - Sync 1 DAGs
[2025-02-19T06:04:57.103+0000] {logging_mixin.py:188} INFO - [2025-02-19T06:04:57.102+0000] {dag.py:3823} INFO - Setting next_dagrun for example_task_group to 2025-02-18 00:00:00+00:00, run_after=2025-02-19 00:00:00+00:00
[2025-02-19T06:04:57.241+0000] {processor.py:183} INFO - Processing /home/airflow/.local/lib/python3.10/site-packages/airflow/example_dags/example_task_group.py took 0.301 seconds
[2025-02-19T06:05:47.755+0000] {processor.py:161} INFO - Started process (PID=352) to work on /home/airflow/.local/lib/python3.10/site-packages/airflow/example_dags/example_task_group.py
[2025-02-19T06:05:47.760+0000] {processor.py:830} INFO - Processing file /home/airflow/.local/lib/python3.10/site-packages/airflow/example_dags/example_task_group.py for tasks to queue
[2025-02-19T06:05:47.763+0000] {logging_mixin.py:188} INFO - [2025-02-19T06:05:47.762+0000] {dagbag.py:538} INFO - Filling up the DagBag from /home/airflow/.local/lib/python3.10/site-packages/airflow/example_dags/example_task_group.py
[2025-02-19T06:05:47.805+0000] {processor.py:840} INFO - DAG(s) 'example_task_group' retrieved from /home/airflow/.local/lib/python3.10/site-packages/airflow/example_dags/example_task_group.py
[2025-02-19T06:05:47.913+0000] {logging_mixin.py:188} INFO - [2025-02-19T06:05:47.913+0000] {dag.py:3036} INFO - Sync 1 DAGs
[2025-02-19T06:05:48.042+0000] {logging_mixin.py:188} INFO - [2025-02-19T06:05:48.041+0000] {dag.py:3823} INFO - Setting next_dagrun for example_task_group to 2025-02-18 00:00:00+00:00, run_after=2025-02-19 00:00:00+00:00
[2025-02-19T06:05:48.218+0000] {processor.py:183} INFO - Processing /home/airflow/.local/lib/python3.10/site-packages/airflow/example_dags/example_task_group.py took 0.474 seconds
[2025-02-19T06:06:52.965+0000] {processor.py:161} INFO - Started process (PID=384) to work on /home/airflow/.local/lib/python3.10/site-packages/airflow/example_dags/example_task_group.py
[2025-02-19T06:06:52.968+0000] {processor.py:830} INFO - Processing file /home/airflow/.local/lib/python3.10/site-packages/airflow/example_dags/example_task_group.py for tasks to queue
[2025-02-19T06:06:52.979+0000] {logging_mixin.py:188} INFO - [2025-02-19T06:06:52.977+0000] {dagbag.py:538} INFO - Filling up the DagBag from /home/airflow/.local/lib/python3.10/site-packages/airflow/example_dags/example_task_group.py
[2025-02-19T06:06:53.022+0000] {processor.py:840} INFO - DAG(s) 'example_task_group' retrieved from /home/airflow/.local/lib/python3.10/site-packages/airflow/example_dags/example_task_group.py
[2025-02-19T06:06:53.135+0000] {logging_mixin.py:188} INFO - [2025-02-19T06:06:53.134+0000] {dag.py:3036} INFO - Sync 1 DAGs
[2025-02-19T06:06:53.302+0000] {logging_mixin.py:188} INFO - [2025-02-19T06:06:53.301+0000] {dag.py:3823} INFO - Setting next_dagrun for example_task_group to 2025-02-18 00:00:00+00:00, run_after=2025-02-19 00:00:00+00:00
[2025-02-19T06:06:53.482+0000] {processor.py:183} INFO - Processing /home/airflow/.local/lib/python3.10/site-packages/airflow/example_dags/example_task_group.py took 0.525 seconds
[2025-02-19T06:08:05.031+0000] {processor.py:161} INFO - Started process (PID=418) to work on /home/airflow/.local/lib/python3.10/site-packages/airflow/example_dags/example_task_group.py
[2025-02-19T06:08:05.034+0000] {processor.py:830} INFO - Processing file /home/airflow/.local/lib/python3.10/site-packages/airflow/example_dags/example_task_group.py for tasks to queue
[2025-02-19T06:08:05.043+0000] {logging_mixin.py:188} INFO - [2025-02-19T06:08:05.040+0000] {dagbag.py:538} INFO - Filling up the DagBag from /home/airflow/.local/lib/python3.10/site-packages/airflow/example_dags/example_task_group.py
[2025-02-19T06:08:05.083+0000] {processor.py:840} INFO - DAG(s) 'example_task_group' retrieved from /home/airflow/.local/lib/python3.10/site-packages/airflow/example_dags/example_task_group.py
[2025-02-19T06:08:05.251+0000] {logging_mixin.py:188} INFO - [2025-02-19T06:08:05.250+0000] {dag.py:3036} INFO - Sync 1 DAGs
[2025-02-19T06:08:05.405+0000] {logging_mixin.py:188} INFO - [2025-02-19T06:08:05.404+0000] {dag.py:3823} INFO - Setting next_dagrun for example_task_group to 2025-02-18 00:00:00+00:00, run_after=2025-02-19 00:00:00+00:00
[2025-02-19T06:08:05.628+0000] {processor.py:183} INFO - Processing /home/airflow/.local/lib/python3.10/site-packages/airflow/example_dags/example_task_group.py took 0.605 seconds
[2025-02-19T06:08:59.155+0000] {processor.py:161} INFO - Started process (PID=450) to work on /home/airflow/.local/lib/python3.10/site-packages/airflow/example_dags/example_task_group.py
[2025-02-19T06:08:59.157+0000] {processor.py:830} INFO - Processing file /home/airflow/.local/lib/python3.10/site-packages/airflow/example_dags/example_task_group.py for tasks to queue
[2025-02-19T06:08:59.159+0000] {logging_mixin.py:188} INFO - [2025-02-19T06:08:59.159+0000] {dagbag.py:538} INFO - Filling up the DagBag from /home/airflow/.local/lib/python3.10/site-packages/airflow/example_dags/example_task_group.py
[2025-02-19T06:08:59.176+0000] {processor.py:840} INFO - DAG(s) 'example_task_group' retrieved from /home/airflow/.local/lib/python3.10/site-packages/airflow/example_dags/example_task_group.py
[2025-02-19T06:08:59.232+0000] {logging_mixin.py:188} INFO - [2025-02-19T06:08:59.232+0000] {dag.py:3036} INFO - Sync 1 DAGs
[2025-02-19T06:08:59.285+0000] {logging_mixin.py:188} INFO - [2025-02-19T06:08:59.284+0000] {dag.py:3823} INFO - Setting next_dagrun for example_task_group to 2025-02-18 00:00:00+00:00, run_after=2025-02-19 00:00:00+00:00
[2025-02-19T06:08:59.415+0000] {processor.py:183} INFO - Processing /home/airflow/.local/lib/python3.10/site-packages/airflow/example_dags/example_task_group.py took 0.266 seconds
[2025-02-19T06:09:50.840+0000] {processor.py:161} INFO - Started process (PID=481) to work on /home/airflow/.local/lib/python3.10/site-packages/airflow/example_dags/example_task_group.py
[2025-02-19T06:09:50.843+0000] {processor.py:830} INFO - Processing file /home/airflow/.local/lib/python3.10/site-packages/airflow/example_dags/example_task_group.py for tasks to queue
[2025-02-19T06:09:50.845+0000] {logging_mixin.py:188} INFO - [2025-02-19T06:09:50.844+0000] {dagbag.py:538} INFO - Filling up the DagBag from /home/airflow/.local/lib/python3.10/site-packages/airflow/example_dags/example_task_group.py
[2025-02-19T06:09:50.874+0000] {processor.py:840} INFO - DAG(s) 'example_task_group' retrieved from /home/airflow/.local/lib/python3.10/site-packages/airflow/example_dags/example_task_group.py
[2025-02-19T06:09:50.934+0000] {logging_mixin.py:188} INFO - [2025-02-19T06:09:50.934+0000] {dag.py:3036} INFO - Sync 1 DAGs
[2025-02-19T06:09:50.989+0000] {logging_mixin.py:188} INFO - [2025-02-19T06:09:50.988+0000] {dag.py:3823} INFO - Setting next_dagrun for example_task_group to 2025-02-18 00:00:00+00:00, run_after=2025-02-19 00:00:00+00:00
[2025-02-19T06:09:51.168+0000] {processor.py:183} INFO - Processing /home/airflow/.local/lib/python3.10/site-packages/airflow/example_dags/example_task_group.py took 0.336 seconds
[2025-02-19T06:10:43.071+0000] {processor.py:161} INFO - Started process (PID=513) to work on /home/airflow/.local/lib/python3.10/site-packages/airflow/example_dags/example_task_group.py
[2025-02-19T06:10:43.077+0000] {processor.py:830} INFO - Processing file /home/airflow/.local/lib/python3.10/site-packages/airflow/example_dags/example_task_group.py for tasks to queue
[2025-02-19T06:10:43.086+0000] {logging_mixin.py:188} INFO - [2025-02-19T06:10:43.085+0000] {dagbag.py:538} INFO - Filling up the DagBag from /home/airflow/.local/lib/python3.10/site-packages/airflow/example_dags/example_task_group.py
[2025-02-19T06:10:43.117+0000] {processor.py:840} INFO - DAG(s) 'example_task_group' retrieved from /home/airflow/.local/lib/python3.10/site-packages/airflow/example_dags/example_task_group.py
[2025-02-19T06:10:43.220+0000] {logging_mixin.py:188} INFO - [2025-02-19T06:10:43.219+0000] {dag.py:3036} INFO - Sync 1 DAGs
[2025-02-19T06:10:43.333+0000] {logging_mixin.py:188} INFO - [2025-02-19T06:10:43.332+0000] {dag.py:3823} INFO - Setting next_dagrun for example_task_group to 2025-02-18 00:00:00+00:00, run_after=2025-02-19 00:00:00+00:00
[2025-02-19T06:10:43.535+0000] {processor.py:183} INFO - Processing /home/airflow/.local/lib/python3.10/site-packages/airflow/example_dags/example_task_group.py took 0.482 seconds
[2025-02-19T06:11:35.825+0000] {processor.py:161} INFO - Started process (PID=544) to work on /home/airflow/.local/lib/python3.10/site-packages/airflow/example_dags/example_task_group.py
[2025-02-19T06:11:35.828+0000] {processor.py:830} INFO - Processing file /home/airflow/.local/lib/python3.10/site-packages/airflow/example_dags/example_task_group.py for tasks to queue
[2025-02-19T06:11:35.831+0000] {logging_mixin.py:188} INFO - [2025-02-19T06:11:35.830+0000] {dagbag.py:538} INFO - Filling up the DagBag from /home/airflow/.local/lib/python3.10/site-packages/airflow/example_dags/example_task_group.py
[2025-02-19T06:11:35.862+0000] {processor.py:840} INFO - DAG(s) 'example_task_group' retrieved from /home/airflow/.local/lib/python3.10/site-packages/airflow/example_dags/example_task_group.py
[2025-02-19T06:11:35.951+0000] {logging_mixin.py:188} INFO - [2025-02-19T06:11:35.951+0000] {dag.py:3036} INFO - Sync 1 DAGs
[2025-02-19T06:11:36.036+0000] {logging_mixin.py:188} INFO - [2025-02-19T06:11:36.035+0000] {dag.py:3823} INFO - Setting next_dagrun for example_task_group to 2025-02-18 00:00:00+00:00, run_after=2025-02-19 00:00:00+00:00
[2025-02-19T06:11:36.183+0000] {processor.py:183} INFO - Processing /home/airflow/.local/lib/python3.10/site-packages/airflow/example_dags/example_task_group.py took 0.371 seconds
[2025-02-19T06:12:34.539+0000] {processor.py:161} INFO - Started process (PID=575) to work on /home/airflow/.local/lib/python3.10/site-packages/airflow/example_dags/example_task_group.py
[2025-02-19T06:12:34.543+0000] {processor.py:830} INFO - Processing file /home/airflow/.local/lib/python3.10/site-packages/airflow/example_dags/example_task_group.py for tasks to queue
[2025-02-19T06:12:34.546+0000] {logging_mixin.py:188} INFO - [2025-02-19T06:12:34.545+0000] {dagbag.py:538} INFO - Filling up the DagBag from /home/airflow/.local/lib/python3.10/site-packages/airflow/example_dags/example_task_group.py
[2025-02-19T06:12:34.586+0000] {processor.py:840} INFO - DAG(s) 'example_task_group' retrieved from /home/airflow/.local/lib/python3.10/site-packages/airflow/example_dags/example_task_group.py
[2025-02-19T06:12:34.712+0000] {logging_mixin.py:188} INFO - [2025-02-19T06:12:34.705+0000] {dag.py:3036} INFO - Sync 1 DAGs
[2025-02-19T06:12:34.831+0000] {logging_mixin.py:188} INFO - [2025-02-19T06:12:34.830+0000] {dag.py:3823} INFO - Setting next_dagrun for example_task_group to 2025-02-18 00:00:00+00:00, run_after=2025-02-19 00:00:00+00:00
[2025-02-19T06:12:35.024+0000] {processor.py:183} INFO - Processing /home/airflow/.local/lib/python3.10/site-packages/airflow/example_dags/example_task_group.py took 0.501 seconds
[2025-02-19T06:13:31.070+0000] {processor.py:161} INFO - Started process (PID=609) to work on /home/airflow/.local/lib/python3.10/site-packages/airflow/example_dags/example_task_group.py
[2025-02-19T06:13:31.072+0000] {processor.py:830} INFO - Processing file /home/airflow/.local/lib/python3.10/site-packages/airflow/example_dags/example_task_group.py for tasks to queue
[2025-02-19T06:13:31.074+0000] {logging_mixin.py:188} INFO - [2025-02-19T06:13:31.074+0000] {dagbag.py:538} INFO - Filling up the DagBag from /home/airflow/.local/lib/python3.10/site-packages/airflow/example_dags/example_task_group.py
[2025-02-19T06:13:31.095+0000] {processor.py:840} INFO - DAG(s) 'example_task_group' retrieved from /home/airflow/.local/lib/python3.10/site-packages/airflow/example_dags/example_task_group.py
[2025-02-19T06:13:31.159+0000] {logging_mixin.py:188} INFO - [2025-02-19T06:13:31.158+0000] {dag.py:3036} INFO - Sync 1 DAGs
[2025-02-19T06:13:31.215+0000] {logging_mixin.py:188} INFO - [2025-02-19T06:13:31.214+0000] {dag.py:3823} INFO - Setting next_dagrun for example_task_group to 2025-02-18 00:00:00+00:00, run_after=2025-02-19 00:00:00+00:00
[2025-02-19T06:13:31.366+0000] {processor.py:183} INFO - Processing /home/airflow/.local/lib/python3.10/site-packages/airflow/example_dags/example_task_group.py took 0.303 seconds
[2025-02-19T06:14:17.644+0000] {processor.py:161} INFO - Started process (PID=640) to work on /home/airflow/.local/lib/python3.10/site-packages/airflow/example_dags/example_task_group.py
[2025-02-19T06:14:17.648+0000] {processor.py:830} INFO - Processing file /home/airflow/.local/lib/python3.10/site-packages/airflow/example_dags/example_task_group.py for tasks to queue
[2025-02-19T06:14:17.651+0000] {logging_mixin.py:188} INFO - [2025-02-19T06:14:17.650+0000] {dagbag.py:538} INFO - Filling up the DagBag from /home/airflow/.local/lib/python3.10/site-packages/airflow/example_dags/example_task_group.py
[2025-02-19T06:14:17.669+0000] {processor.py:840} INFO - DAG(s) 'example_task_group' retrieved from /home/airflow/.local/lib/python3.10/site-packages/airflow/example_dags/example_task_group.py
[2025-02-19T06:14:17.728+0000] {logging_mixin.py:188} INFO - [2025-02-19T06:14:17.728+0000] {dag.py:3036} INFO - Sync 1 DAGs
[2025-02-19T06:14:17.792+0000] {logging_mixin.py:188} INFO - [2025-02-19T06:14:17.791+0000] {dag.py:3823} INFO - Setting next_dagrun for example_task_group to 2025-02-18 00:00:00+00:00, run_after=2025-02-19 00:00:00+00:00
[2025-02-19T06:14:17.952+0000] {processor.py:183} INFO - Processing /home/airflow/.local/lib/python3.10/site-packages/airflow/example_dags/example_task_group.py took 0.316 seconds
[2025-02-19T06:15:05.600+0000] {processor.py:161} INFO - Started process (PID=670) to work on /home/airflow/.local/lib/python3.10/site-packages/airflow/example_dags/example_task_group.py
[2025-02-19T06:15:05.602+0000] {processor.py:830} INFO - Processing file /home/airflow/.local/lib/python3.10/site-packages/airflow/example_dags/example_task_group.py for tasks to queue
[2025-02-19T06:15:05.604+0000] {logging_mixin.py:188} INFO - [2025-02-19T06:15:05.603+0000] {dagbag.py:538} INFO - Filling up the DagBag from /home/airflow/.local/lib/python3.10/site-packages/airflow/example_dags/example_task_group.py
[2025-02-19T06:15:05.621+0000] {processor.py:840} INFO - DAG(s) 'example_task_group' retrieved from /home/airflow/.local/lib/python3.10/site-packages/airflow/example_dags/example_task_group.py
[2025-02-19T06:15:05.680+0000] {logging_mixin.py:188} INFO - [2025-02-19T06:15:05.680+0000] {dag.py:3036} INFO - Sync 1 DAGs
[2025-02-19T06:15:05.747+0000] {logging_mixin.py:188} INFO - [2025-02-19T06:15:05.746+0000] {dag.py:3823} INFO - Setting next_dagrun for example_task_group to 2025-02-18 00:00:00+00:00, run_after=2025-02-19 00:00:00+00:00
[2025-02-19T06:15:05.881+0000] {processor.py:183} INFO - Processing /home/airflow/.local/lib/python3.10/site-packages/airflow/example_dags/example_task_group.py took 0.286 seconds
[2025-02-19T06:15:51.931+0000] {processor.py:161} INFO - Started process (PID=700) to work on /home/airflow/.local/lib/python3.10/site-packages/airflow/example_dags/example_task_group.py
[2025-02-19T06:15:51.934+0000] {processor.py:830} INFO - Processing file /home/airflow/.local/lib/python3.10/site-packages/airflow/example_dags/example_task_group.py for tasks to queue
[2025-02-19T06:15:51.937+0000] {logging_mixin.py:188} INFO - [2025-02-19T06:15:51.936+0000] {dagbag.py:538} INFO - Filling up the DagBag from /home/airflow/.local/lib/python3.10/site-packages/airflow/example_dags/example_task_group.py
[2025-02-19T06:15:51.963+0000] {processor.py:840} INFO - DAG(s) 'example_task_group' retrieved from /home/airflow/.local/lib/python3.10/site-packages/airflow/example_dags/example_task_group.py
[2025-02-19T06:15:52.029+0000] {logging_mixin.py:188} INFO - [2025-02-19T06:15:52.029+0000] {dag.py:3036} INFO - Sync 1 DAGs
[2025-02-19T06:15:52.091+0000] {logging_mixin.py:188} INFO - [2025-02-19T06:15:52.091+0000] {dag.py:3823} INFO - Setting next_dagrun for example_task_group to 2025-02-18 00:00:00+00:00, run_after=2025-02-19 00:00:00+00:00
[2025-02-19T06:15:52.253+0000] {processor.py:183} INFO - Processing /home/airflow/.local/lib/python3.10/site-packages/airflow/example_dags/example_task_group.py took 0.334 seconds
[2025-02-19T06:16:50.908+0000] {processor.py:161} INFO - Started process (PID=730) to work on /home/airflow/.local/lib/python3.10/site-packages/airflow/example_dags/example_task_group.py
[2025-02-19T06:16:50.911+0000] {processor.py:830} INFO - Processing file /home/airflow/.local/lib/python3.10/site-packages/airflow/example_dags/example_task_group.py for tasks to queue
[2025-02-19T06:16:50.923+0000] {logging_mixin.py:188} INFO - [2025-02-19T06:16:50.913+0000] {dagbag.py:538} INFO - Filling up the DagBag from /home/airflow/.local/lib/python3.10/site-packages/airflow/example_dags/example_task_group.py
[2025-02-19T06:16:50.968+0000] {processor.py:840} INFO - DAG(s) 'example_task_group' retrieved from /home/airflow/.local/lib/python3.10/site-packages/airflow/example_dags/example_task_group.py
[2025-02-19T06:16:51.089+0000] {logging_mixin.py:188} INFO - [2025-02-19T06:16:51.088+0000] {dag.py:3036} INFO - Sync 1 DAGs
[2025-02-19T06:16:51.212+0000] {logging_mixin.py:188} INFO - [2025-02-19T06:16:51.211+0000] {dag.py:3823} INFO - Setting next_dagrun for example_task_group to 2025-02-18 00:00:00+00:00, run_after=2025-02-19 00:00:00+00:00
[2025-02-19T06:16:51.427+0000] {processor.py:183} INFO - Processing /home/airflow/.local/lib/python3.10/site-packages/airflow/example_dags/example_task_group.py took 0.538 seconds
[2025-02-19T06:17:55.041+0000] {processor.py:161} INFO - Started process (PID=767) to work on /home/airflow/.local/lib/python3.10/site-packages/airflow/example_dags/example_task_group.py
[2025-02-19T06:17:55.044+0000] {processor.py:830} INFO - Processing file /home/airflow/.local/lib/python3.10/site-packages/airflow/example_dags/example_task_group.py for tasks to queue
[2025-02-19T06:17:55.047+0000] {logging_mixin.py:188} INFO - [2025-02-19T06:17:55.046+0000] {dagbag.py:538} INFO - Filling up the DagBag from /home/airflow/.local/lib/python3.10/site-packages/airflow/example_dags/example_task_group.py
[2025-02-19T06:17:55.068+0000] {processor.py:840} INFO - DAG(s) 'example_task_group' retrieved from /home/airflow/.local/lib/python3.10/site-packages/airflow/example_dags/example_task_group.py
[2025-02-19T06:17:55.145+0000] {logging_mixin.py:188} INFO - [2025-02-19T06:17:55.144+0000] {dag.py:3036} INFO - Sync 1 DAGs
[2025-02-19T06:17:55.224+0000] {logging_mixin.py:188} INFO - [2025-02-19T06:17:55.224+0000] {dag.py:3823} INFO - Setting next_dagrun for example_task_group to 2025-02-18 00:00:00+00:00, run_after=2025-02-19 00:00:00+00:00
[2025-02-19T06:17:55.354+0000] {processor.py:183} INFO - Processing /home/airflow/.local/lib/python3.10/site-packages/airflow/example_dags/example_task_group.py took 0.322 seconds
[2025-02-19T06:18:43.751+0000] {processor.py:161} INFO - Started process (PID=798) to work on /home/airflow/.local/lib/python3.10/site-packages/airflow/example_dags/example_task_group.py
[2025-02-19T06:18:43.755+0000] {processor.py:830} INFO - Processing file /home/airflow/.local/lib/python3.10/site-packages/airflow/example_dags/example_task_group.py for tasks to queue
[2025-02-19T06:18:43.758+0000] {logging_mixin.py:188} INFO - [2025-02-19T06:18:43.757+0000] {dagbag.py:538} INFO - Filling up the DagBag from /home/airflow/.local/lib/python3.10/site-packages/airflow/example_dags/example_task_group.py
[2025-02-19T06:18:43.784+0000] {processor.py:840} INFO - DAG(s) 'example_task_group' retrieved from /home/airflow/.local/lib/python3.10/site-packages/airflow/example_dags/example_task_group.py
[2025-02-19T06:18:43.896+0000] {logging_mixin.py:188} INFO - [2025-02-19T06:18:43.895+0000] {dag.py:3036} INFO - Sync 1 DAGs
[2025-02-19T06:18:43.980+0000] {logging_mixin.py:188} INFO - [2025-02-19T06:18:43.979+0000] {dag.py:3823} INFO - Setting next_dagrun for example_task_group to 2025-02-18 00:00:00+00:00, run_after=2025-02-19 00:00:00+00:00
[2025-02-19T06:18:44.160+0000] {processor.py:183} INFO - Processing /home/airflow/.local/lib/python3.10/site-packages/airflow/example_dags/example_task_group.py took 0.427 seconds
[2025-02-19T06:19:29.610+0000] {processor.py:161} INFO - Started process (PID=828) to work on /home/airflow/.local/lib/python3.10/site-packages/airflow/example_dags/example_task_group.py
[2025-02-19T06:19:29.615+0000] {processor.py:830} INFO - Processing file /home/airflow/.local/lib/python3.10/site-packages/airflow/example_dags/example_task_group.py for tasks to queue
[2025-02-19T06:19:29.619+0000] {logging_mixin.py:188} INFO - [2025-02-19T06:19:29.617+0000] {dagbag.py:538} INFO - Filling up the DagBag from /home/airflow/.local/lib/python3.10/site-packages/airflow/example_dags/example_task_group.py
[2025-02-19T06:19:29.647+0000] {processor.py:840} INFO - DAG(s) 'example_task_group' retrieved from /home/airflow/.local/lib/python3.10/site-packages/airflow/example_dags/example_task_group.py
[2025-02-19T06:19:29.735+0000] {logging_mixin.py:188} INFO - [2025-02-19T06:19:29.735+0000] {dag.py:3036} INFO - Sync 1 DAGs
[2025-02-19T06:19:29.840+0000] {logging_mixin.py:188} INFO - [2025-02-19T06:19:29.840+0000] {dag.py:3823} INFO - Setting next_dagrun for example_task_group to 2025-02-18 00:00:00+00:00, run_after=2025-02-19 00:00:00+00:00
[2025-02-19T06:19:30.017+0000] {processor.py:183} INFO - Processing /home/airflow/.local/lib/python3.10/site-packages/airflow/example_dags/example_task_group.py took 0.416 seconds
[2025-02-19T06:20:16.095+0000] {processor.py:161} INFO - Started process (PID=857) to work on /home/airflow/.local/lib/python3.10/site-packages/airflow/example_dags/example_task_group.py
[2025-02-19T06:20:16.100+0000] {processor.py:830} INFO - Processing file /home/airflow/.local/lib/python3.10/site-packages/airflow/example_dags/example_task_group.py for tasks to queue
[2025-02-19T06:20:16.103+0000] {logging_mixin.py:188} INFO - [2025-02-19T06:20:16.102+0000] {dagbag.py:538} INFO - Filling up the DagBag from /home/airflow/.local/lib/python3.10/site-packages/airflow/example_dags/example_task_group.py
[2025-02-19T06:20:16.140+0000] {processor.py:840} INFO - DAG(s) 'example_task_group' retrieved from /home/airflow/.local/lib/python3.10/site-packages/airflow/example_dags/example_task_group.py
[2025-02-19T06:20:16.267+0000] {logging_mixin.py:188} INFO - [2025-02-19T06:20:16.266+0000] {dag.py:3036} INFO - Sync 1 DAGs
[2025-02-19T06:20:16.418+0000] {logging_mixin.py:188} INFO - [2025-02-19T06:20:16.418+0000] {dag.py:3823} INFO - Setting next_dagrun for example_task_group to 2025-02-18 00:00:00+00:00, run_after=2025-02-19 00:00:00+00:00
[2025-02-19T06:20:16.608+0000] {processor.py:183} INFO - Processing /home/airflow/.local/lib/python3.10/site-packages/airflow/example_dags/example_task_group.py took 0.522 seconds
[2025-02-19T06:21:07.953+0000] {processor.py:161} INFO - Started process (PID=887) to work on /home/airflow/.local/lib/python3.10/site-packages/airflow/example_dags/example_task_group.py
[2025-02-19T06:21:07.955+0000] {processor.py:830} INFO - Processing file /home/airflow/.local/lib/python3.10/site-packages/airflow/example_dags/example_task_group.py for tasks to queue
[2025-02-19T06:21:07.958+0000] {logging_mixin.py:188} INFO - [2025-02-19T06:21:07.957+0000] {dagbag.py:538} INFO - Filling up the DagBag from /home/airflow/.local/lib/python3.10/site-packages/airflow/example_dags/example_task_group.py
[2025-02-19T06:21:07.979+0000] {processor.py:840} INFO - DAG(s) 'example_task_group' retrieved from /home/airflow/.local/lib/python3.10/site-packages/airflow/example_dags/example_task_group.py
[2025-02-19T06:21:08.035+0000] {logging_mixin.py:188} INFO - [2025-02-19T06:21:08.035+0000] {dag.py:3036} INFO - Sync 1 DAGs
[2025-02-19T06:21:08.093+0000] {logging_mixin.py:188} INFO - [2025-02-19T06:21:08.092+0000] {dag.py:3823} INFO - Setting next_dagrun for example_task_group to 2025-02-18 00:00:00+00:00, run_after=2025-02-19 00:00:00+00:00
[2025-02-19T06:21:08.282+0000] {processor.py:183} INFO - Processing /home/airflow/.local/lib/python3.10/site-packages/airflow/example_dags/example_task_group.py took 0.336 seconds
[2025-02-19T06:22:06.574+0000] {processor.py:161} INFO - Started process (PID=919) to work on /home/airflow/.local/lib/python3.10/site-packages/airflow/example_dags/example_task_group.py
[2025-02-19T06:22:06.587+0000] {processor.py:830} INFO - Processing file /home/airflow/.local/lib/python3.10/site-packages/airflow/example_dags/example_task_group.py for tasks to queue
[2025-02-19T06:22:06.591+0000] {logging_mixin.py:188} INFO - [2025-02-19T06:22:06.590+0000] {dagbag.py:538} INFO - Filling up the DagBag from /home/airflow/.local/lib/python3.10/site-packages/airflow/example_dags/example_task_group.py
[2025-02-19T06:22:06.654+0000] {processor.py:840} INFO - DAG(s) 'example_task_group' retrieved from /home/airflow/.local/lib/python3.10/site-packages/airflow/example_dags/example_task_group.py
[2025-02-19T06:22:06.813+0000] {logging_mixin.py:188} INFO - [2025-02-19T06:22:06.812+0000] {dag.py:3036} INFO - Sync 1 DAGs
[2025-02-19T06:22:06.985+0000] {logging_mixin.py:188} INFO - [2025-02-19T06:22:06.984+0000] {dag.py:3823} INFO - Setting next_dagrun for example_task_group to 2025-02-18 00:00:00+00:00, run_after=2025-02-19 00:00:00+00:00
[2025-02-19T06:22:07.201+0000] {processor.py:183} INFO - Processing /home/airflow/.local/lib/python3.10/site-packages/airflow/example_dags/example_task_group.py took 0.646 seconds
[2025-02-19T06:23:07.924+0000] {processor.py:161} INFO - Started process (PID=952) to work on /home/airflow/.local/lib/python3.10/site-packages/airflow/example_dags/example_task_group.py
[2025-02-19T06:23:07.928+0000] {processor.py:830} INFO - Processing file /home/airflow/.local/lib/python3.10/site-packages/airflow/example_dags/example_task_group.py for tasks to queue
[2025-02-19T06:23:07.931+0000] {logging_mixin.py:188} INFO - [2025-02-19T06:23:07.930+0000] {dagbag.py:538} INFO - Filling up the DagBag from /home/airflow/.local/lib/python3.10/site-packages/airflow/example_dags/example_task_group.py
[2025-02-19T06:23:07.961+0000] {processor.py:840} INFO - DAG(s) 'example_task_group' retrieved from /home/airflow/.local/lib/python3.10/site-packages/airflow/example_dags/example_task_group.py
[2025-02-19T06:23:08.053+0000] {logging_mixin.py:188} INFO - [2025-02-19T06:23:08.052+0000] {dag.py:3036} INFO - Sync 1 DAGs
[2025-02-19T06:23:08.222+0000] {logging_mixin.py:188} INFO - [2025-02-19T06:23:08.221+0000] {dag.py:3823} INFO - Setting next_dagrun for example_task_group to 2025-02-18 00:00:00+00:00, run_after=2025-02-19 00:00:00+00:00
[2025-02-19T06:23:08.439+0000] {processor.py:183} INFO - Processing /home/airflow/.local/lib/python3.10/site-packages/airflow/example_dags/example_task_group.py took 0.532 seconds
[2025-02-19T06:24:16.251+0000] {processor.py:161} INFO - Started process (PID=983) to work on /home/airflow/.local/lib/python3.10/site-packages/airflow/example_dags/example_task_group.py
[2025-02-19T06:24:16.264+0000] {processor.py:830} INFO - Processing file /home/airflow/.local/lib/python3.10/site-packages/airflow/example_dags/example_task_group.py for tasks to queue
[2025-02-19T06:24:16.267+0000] {logging_mixin.py:188} INFO - [2025-02-19T06:24:16.266+0000] {dagbag.py:538} INFO - Filling up the DagBag from /home/airflow/.local/lib/python3.10/site-packages/airflow/example_dags/example_task_group.py
[2025-02-19T06:24:16.330+0000] {processor.py:840} INFO - DAG(s) 'example_task_group' retrieved from /home/airflow/.local/lib/python3.10/site-packages/airflow/example_dags/example_task_group.py
[2025-02-19T06:24:16.462+0000] {logging_mixin.py:188} INFO - [2025-02-19T06:24:16.461+0000] {dag.py:3036} INFO - Sync 1 DAGs
[2025-02-19T06:24:16.646+0000] {logging_mixin.py:188} INFO - [2025-02-19T06:24:16.638+0000] {dag.py:3823} INFO - Setting next_dagrun for example_task_group to 2025-02-18 00:00:00+00:00, run_after=2025-02-19 00:00:00+00:00
[2025-02-19T06:24:17.021+0000] {processor.py:183} INFO - Processing /home/airflow/.local/lib/python3.10/site-packages/airflow/example_dags/example_task_group.py took 0.790 seconds
[2025-02-19T06:25:23.542+0000] {processor.py:161} INFO - Started process (PID=1020) to work on /home/airflow/.local/lib/python3.10/site-packages/airflow/example_dags/example_task_group.py
[2025-02-19T06:25:23.557+0000] {processor.py:830} INFO - Processing file /home/airflow/.local/lib/python3.10/site-packages/airflow/example_dags/example_task_group.py for tasks to queue
[2025-02-19T06:25:23.561+0000] {logging_mixin.py:188} INFO - [2025-02-19T06:25:23.560+0000] {dagbag.py:538} INFO - Filling up the DagBag from /home/airflow/.local/lib/python3.10/site-packages/airflow/example_dags/example_task_group.py
[2025-02-19T06:25:23.607+0000] {processor.py:840} INFO - DAG(s) 'example_task_group' retrieved from /home/airflow/.local/lib/python3.10/site-packages/airflow/example_dags/example_task_group.py
[2025-02-19T06:25:23.793+0000] {logging_mixin.py:188} INFO - [2025-02-19T06:25:23.792+0000] {dag.py:3036} INFO - Sync 1 DAGs
[2025-02-19T06:25:23.966+0000] {logging_mixin.py:188} INFO - [2025-02-19T06:25:23.966+0000] {dag.py:3823} INFO - Setting next_dagrun for example_task_group to 2025-02-18 00:00:00+00:00, run_after=2025-02-19 00:00:00+00:00
[2025-02-19T06:25:24.179+0000] {processor.py:183} INFO - Processing /home/airflow/.local/lib/python3.10/site-packages/airflow/example_dags/example_task_group.py took 0.657 seconds
[2025-02-19T06:26:19.844+0000] {processor.py:161} INFO - Started process (PID=1051) to work on /home/airflow/.local/lib/python3.10/site-packages/airflow/example_dags/example_task_group.py
[2025-02-19T06:26:19.857+0000] {processor.py:830} INFO - Processing file /home/airflow/.local/lib/python3.10/site-packages/airflow/example_dags/example_task_group.py for tasks to queue
[2025-02-19T06:26:19.860+0000] {logging_mixin.py:188} INFO - [2025-02-19T06:26:19.859+0000] {dagbag.py:538} INFO - Filling up the DagBag from /home/airflow/.local/lib/python3.10/site-packages/airflow/example_dags/example_task_group.py
[2025-02-19T06:26:19.924+0000] {processor.py:840} INFO - DAG(s) 'example_task_group' retrieved from /home/airflow/.local/lib/python3.10/site-packages/airflow/example_dags/example_task_group.py
[2025-02-19T06:26:20.104+0000] {logging_mixin.py:188} INFO - [2025-02-19T06:26:20.104+0000] {dag.py:3036} INFO - Sync 1 DAGs
[2025-02-19T06:26:20.235+0000] {logging_mixin.py:188} INFO - [2025-02-19T06:26:20.234+0000] {dag.py:3823} INFO - Setting next_dagrun for example_task_group to 2025-02-18 00:00:00+00:00, run_after=2025-02-19 00:00:00+00:00
[2025-02-19T06:26:20.463+0000] {processor.py:183} INFO - Processing /home/airflow/.local/lib/python3.10/site-packages/airflow/example_dags/example_task_group.py took 0.634 seconds
[2025-02-19T06:28:11.198+0000] {processor.py:161} INFO - Started process (PID=32) to work on /home/airflow/.local/lib/python3.10/site-packages/airflow/example_dags/example_task_group.py
[2025-02-19T06:28:11.201+0000] {processor.py:830} INFO - Processing file /home/airflow/.local/lib/python3.10/site-packages/airflow/example_dags/example_task_group.py for tasks to queue
[2025-02-19T06:28:11.204+0000] {logging_mixin.py:188} INFO - [2025-02-19T06:28:11.203+0000] {dagbag.py:538} INFO - Filling up the DagBag from /home/airflow/.local/lib/python3.10/site-packages/airflow/example_dags/example_task_group.py
[2025-02-19T06:28:11.246+0000] {processor.py:840} INFO - DAG(s) 'example_task_group' retrieved from /home/airflow/.local/lib/python3.10/site-packages/airflow/example_dags/example_task_group.py
[2025-02-19T06:28:11.370+0000] {logging_mixin.py:188} INFO - [2025-02-19T06:28:11.369+0000] {dag.py:3036} INFO - Sync 1 DAGs
[2025-02-19T06:28:11.551+0000] {logging_mixin.py:188} INFO - [2025-02-19T06:28:11.550+0000] {dag.py:3823} INFO - Setting next_dagrun for example_task_group to 2025-02-18 00:00:00+00:00, run_after=2025-02-19 00:00:00+00:00
[2025-02-19T06:28:11.752+0000] {processor.py:183} INFO - Processing /home/airflow/.local/lib/python3.10/site-packages/airflow/example_dags/example_task_group.py took 0.564 seconds
[2025-02-19T06:29:44.358+0000] {processor.py:161} INFO - Started process (PID=32) to work on /home/airflow/.local/lib/python3.10/site-packages/airflow/example_dags/example_task_group.py
[2025-02-19T06:29:44.360+0000] {processor.py:830} INFO - Processing file /home/airflow/.local/lib/python3.10/site-packages/airflow/example_dags/example_task_group.py for tasks to queue
[2025-02-19T06:29:44.364+0000] {logging_mixin.py:188} INFO - [2025-02-19T06:29:44.363+0000] {dagbag.py:538} INFO - Filling up the DagBag from /home/airflow/.local/lib/python3.10/site-packages/airflow/example_dags/example_task_group.py
[2025-02-19T06:29:44.420+0000] {processor.py:840} INFO - DAG(s) 'example_task_group' retrieved from /home/airflow/.local/lib/python3.10/site-packages/airflow/example_dags/example_task_group.py
[2025-02-19T06:29:44.607+0000] {logging_mixin.py:188} INFO - [2025-02-19T06:29:44.606+0000] {dag.py:3036} INFO - Sync 1 DAGs
[2025-02-19T06:29:44.797+0000] {logging_mixin.py:188} INFO - [2025-02-19T06:29:44.796+0000] {dag.py:3823} INFO - Setting next_dagrun for example_task_group to 2025-02-18 00:00:00+00:00, run_after=2025-02-19 00:00:00+00:00
[2025-02-19T06:29:45.036+0000] {processor.py:183} INFO - Processing /home/airflow/.local/lib/python3.10/site-packages/airflow/example_dags/example_task_group.py took 0.687 seconds
[2025-02-19T06:31:21.348+0000] {processor.py:161} INFO - Started process (PID=81) to work on /home/airflow/.local/lib/python3.10/site-packages/airflow/example_dags/example_task_group.py
[2025-02-19T06:31:21.351+0000] {processor.py:830} INFO - Processing file /home/airflow/.local/lib/python3.10/site-packages/airflow/example_dags/example_task_group.py for tasks to queue
[2025-02-19T06:31:21.367+0000] {logging_mixin.py:188} INFO - [2025-02-19T06:31:21.362+0000] {dagbag.py:538} INFO - Filling up the DagBag from /home/airflow/.local/lib/python3.10/site-packages/airflow/example_dags/example_task_group.py
[2025-02-19T06:31:21.432+0000] {processor.py:840} INFO - DAG(s) 'example_task_group' retrieved from /home/airflow/.local/lib/python3.10/site-packages/airflow/example_dags/example_task_group.py
[2025-02-19T06:31:21.574+0000] {logging_mixin.py:188} INFO - [2025-02-19T06:31:21.573+0000] {dag.py:3036} INFO - Sync 1 DAGs
[2025-02-19T06:31:21.702+0000] {logging_mixin.py:188} INFO - [2025-02-19T06:31:21.701+0000] {dag.py:3823} INFO - Setting next_dagrun for example_task_group to 2025-02-18 00:00:00+00:00, run_after=2025-02-19 00:00:00+00:00
[2025-02-19T06:31:21.993+0000] {processor.py:183} INFO - Processing /home/airflow/.local/lib/python3.10/site-packages/airflow/example_dags/example_task_group.py took 0.664 seconds
[2025-02-19T06:32:28.216+0000] {processor.py:161} INFO - Started process (PID=112) to work on /home/airflow/.local/lib/python3.10/site-packages/airflow/example_dags/example_task_group.py
[2025-02-19T06:32:28.220+0000] {processor.py:830} INFO - Processing file /home/airflow/.local/lib/python3.10/site-packages/airflow/example_dags/example_task_group.py for tasks to queue
[2025-02-19T06:32:28.230+0000] {logging_mixin.py:188} INFO - [2025-02-19T06:32:28.222+0000] {dagbag.py:538} INFO - Filling up the DagBag from /home/airflow/.local/lib/python3.10/site-packages/airflow/example_dags/example_task_group.py
[2025-02-19T06:32:28.275+0000] {processor.py:840} INFO - DAG(s) 'example_task_group' retrieved from /home/airflow/.local/lib/python3.10/site-packages/airflow/example_dags/example_task_group.py
[2025-02-19T06:32:28.494+0000] {logging_mixin.py:188} INFO - [2025-02-19T06:32:28.493+0000] {dag.py:3036} INFO - Sync 1 DAGs
[2025-02-19T06:32:28.663+0000] {logging_mixin.py:188} INFO - [2025-02-19T06:32:28.662+0000] {dag.py:3823} INFO - Setting next_dagrun for example_task_group to 2025-02-18 00:00:00+00:00, run_after=2025-02-19 00:00:00+00:00
[2025-02-19T06:32:28.898+0000] {processor.py:183} INFO - Processing /home/airflow/.local/lib/python3.10/site-packages/airflow/example_dags/example_task_group.py took 0.698 seconds
[2025-02-19T06:33:37.718+0000] {processor.py:161} INFO - Started process (PID=149) to work on /home/airflow/.local/lib/python3.10/site-packages/airflow/example_dags/example_task_group.py
[2025-02-19T06:33:37.720+0000] {processor.py:830} INFO - Processing file /home/airflow/.local/lib/python3.10/site-packages/airflow/example_dags/example_task_group.py for tasks to queue
[2025-02-19T06:33:37.725+0000] {logging_mixin.py:188} INFO - [2025-02-19T06:33:37.723+0000] {dagbag.py:538} INFO - Filling up the DagBag from /home/airflow/.local/lib/python3.10/site-packages/airflow/example_dags/example_task_group.py
[2025-02-19T06:33:37.747+0000] {processor.py:840} INFO - DAG(s) 'example_task_group' retrieved from /home/airflow/.local/lib/python3.10/site-packages/airflow/example_dags/example_task_group.py
[2025-02-19T06:33:37.819+0000] {logging_mixin.py:188} INFO - [2025-02-19T06:33:37.819+0000] {dag.py:3036} INFO - Sync 1 DAGs
[2025-02-19T06:33:37.921+0000] {logging_mixin.py:188} INFO - [2025-02-19T06:33:37.920+0000] {dag.py:3823} INFO - Setting next_dagrun for example_task_group to 2025-02-18 00:00:00+00:00, run_after=2025-02-19 00:00:00+00:00
[2025-02-19T06:33:38.103+0000] {processor.py:183} INFO - Processing /home/airflow/.local/lib/python3.10/site-packages/airflow/example_dags/example_task_group.py took 0.392 seconds
[2025-02-19T06:34:34.277+0000] {processor.py:161} INFO - Started process (PID=182) to work on /home/airflow/.local/lib/python3.10/site-packages/airflow/example_dags/example_task_group.py
[2025-02-19T06:34:34.280+0000] {processor.py:830} INFO - Processing file /home/airflow/.local/lib/python3.10/site-packages/airflow/example_dags/example_task_group.py for tasks to queue
[2025-02-19T06:34:34.282+0000] {logging_mixin.py:188} INFO - [2025-02-19T06:34:34.281+0000] {dagbag.py:538} INFO - Filling up the DagBag from /home/airflow/.local/lib/python3.10/site-packages/airflow/example_dags/example_task_group.py
[2025-02-19T06:34:34.306+0000] {processor.py:840} INFO - DAG(s) 'example_task_group' retrieved from /home/airflow/.local/lib/python3.10/site-packages/airflow/example_dags/example_task_group.py
[2025-02-19T06:34:34.376+0000] {logging_mixin.py:188} INFO - [2025-02-19T06:34:34.376+0000] {dag.py:3036} INFO - Sync 1 DAGs
[2025-02-19T06:34:34.441+0000] {logging_mixin.py:188} INFO - [2025-02-19T06:34:34.440+0000] {dag.py:3823} INFO - Setting next_dagrun for example_task_group to 2025-02-18 00:00:00+00:00, run_after=2025-02-19 00:00:00+00:00
[2025-02-19T06:34:34.548+0000] {processor.py:183} INFO - Processing /home/airflow/.local/lib/python3.10/site-packages/airflow/example_dags/example_task_group.py took 0.278 seconds
[2025-02-19T06:35:17.678+0000] {processor.py:161} INFO - Started process (PID=212) to work on /home/airflow/.local/lib/python3.10/site-packages/airflow/example_dags/example_task_group.py
[2025-02-19T06:35:17.682+0000] {processor.py:830} INFO - Processing file /home/airflow/.local/lib/python3.10/site-packages/airflow/example_dags/example_task_group.py for tasks to queue
[2025-02-19T06:35:17.685+0000] {logging_mixin.py:188} INFO - [2025-02-19T06:35:17.684+0000] {dagbag.py:538} INFO - Filling up the DagBag from /home/airflow/.local/lib/python3.10/site-packages/airflow/example_dags/example_task_group.py
[2025-02-19T06:35:17.717+0000] {processor.py:840} INFO - DAG(s) 'example_task_group' retrieved from /home/airflow/.local/lib/python3.10/site-packages/airflow/example_dags/example_task_group.py
[2025-02-19T06:35:17.795+0000] {logging_mixin.py:188} INFO - [2025-02-19T06:35:17.795+0000] {dag.py:3036} INFO - Sync 1 DAGs
[2025-02-19T06:35:17.866+0000] {logging_mixin.py:188} INFO - [2025-02-19T06:35:17.866+0000] {dag.py:3823} INFO - Setting next_dagrun for example_task_group to 2025-02-18 00:00:00+00:00, run_after=2025-02-19 00:00:00+00:00
[2025-02-19T06:35:18.011+0000] {processor.py:183} INFO - Processing /home/airflow/.local/lib/python3.10/site-packages/airflow/example_dags/example_task_group.py took 0.348 seconds
[2025-02-19T06:36:10.196+0000] {processor.py:161} INFO - Started process (PID=241) to work on /home/airflow/.local/lib/python3.10/site-packages/airflow/example_dags/example_task_group.py
[2025-02-19T06:36:10.198+0000] {processor.py:830} INFO - Processing file /home/airflow/.local/lib/python3.10/site-packages/airflow/example_dags/example_task_group.py for tasks to queue
[2025-02-19T06:36:10.200+0000] {logging_mixin.py:188} INFO - [2025-02-19T06:36:10.200+0000] {dagbag.py:538} INFO - Filling up the DagBag from /home/airflow/.local/lib/python3.10/site-packages/airflow/example_dags/example_task_group.py
[2025-02-19T06:36:10.219+0000] {processor.py:840} INFO - DAG(s) 'example_task_group' retrieved from /home/airflow/.local/lib/python3.10/site-packages/airflow/example_dags/example_task_group.py
[2025-02-19T06:36:10.283+0000] {logging_mixin.py:188} INFO - [2025-02-19T06:36:10.282+0000] {dag.py:3036} INFO - Sync 1 DAGs
[2025-02-19T06:36:10.360+0000] {logging_mixin.py:188} INFO - [2025-02-19T06:36:10.359+0000] {dag.py:3823} INFO - Setting next_dagrun for example_task_group to 2025-02-18 00:00:00+00:00, run_after=2025-02-19 00:00:00+00:00
[2025-02-19T06:36:10.526+0000] {processor.py:183} INFO - Processing /home/airflow/.local/lib/python3.10/site-packages/airflow/example_dags/example_task_group.py took 0.337 seconds
[2025-02-19T06:37:10.226+0000] {processor.py:161} INFO - Started process (PID=273) to work on /home/airflow/.local/lib/python3.10/site-packages/airflow/example_dags/example_task_group.py
[2025-02-19T06:37:10.229+0000] {processor.py:830} INFO - Processing file /home/airflow/.local/lib/python3.10/site-packages/airflow/example_dags/example_task_group.py for tasks to queue
[2025-02-19T06:37:10.236+0000] {logging_mixin.py:188} INFO - [2025-02-19T06:37:10.234+0000] {dagbag.py:538} INFO - Filling up the DagBag from /home/airflow/.local/lib/python3.10/site-packages/airflow/example_dags/example_task_group.py
[2025-02-19T06:37:10.282+0000] {processor.py:840} INFO - DAG(s) 'example_task_group' retrieved from /home/airflow/.local/lib/python3.10/site-packages/airflow/example_dags/example_task_group.py
[2025-02-19T06:37:10.414+0000] {logging_mixin.py:188} INFO - [2025-02-19T06:37:10.413+0000] {dag.py:3036} INFO - Sync 1 DAGs
[2025-02-19T06:37:10.573+0000] {logging_mixin.py:188} INFO - [2025-02-19T06:37:10.572+0000] {dag.py:3823} INFO - Setting next_dagrun for example_task_group to 2025-02-18 00:00:00+00:00, run_after=2025-02-19 00:00:00+00:00
[2025-02-19T06:37:10.797+0000] {processor.py:183} INFO - Processing /home/airflow/.local/lib/python3.10/site-packages/airflow/example_dags/example_task_group.py took 0.591 seconds
[2025-02-19T06:38:02.953+0000] {processor.py:161} INFO - Started process (PID=308) to work on /home/airflow/.local/lib/python3.10/site-packages/airflow/example_dags/example_task_group.py
[2025-02-19T06:38:02.959+0000] {processor.py:830} INFO - Processing file /home/airflow/.local/lib/python3.10/site-packages/airflow/example_dags/example_task_group.py for tasks to queue
[2025-02-19T06:38:02.964+0000] {logging_mixin.py:188} INFO - [2025-02-19T06:38:02.963+0000] {dagbag.py:538} INFO - Filling up the DagBag from /home/airflow/.local/lib/python3.10/site-packages/airflow/example_dags/example_task_group.py
[2025-02-19T06:38:02.997+0000] {processor.py:840} INFO - DAG(s) 'example_task_group' retrieved from /home/airflow/.local/lib/python3.10/site-packages/airflow/example_dags/example_task_group.py
[2025-02-19T06:38:03.069+0000] {logging_mixin.py:188} INFO - [2025-02-19T06:38:03.069+0000] {dag.py:3036} INFO - Sync 1 DAGs
[2025-02-19T06:38:03.170+0000] {logging_mixin.py:188} INFO - [2025-02-19T06:38:03.169+0000] {dag.py:3823} INFO - Setting next_dagrun for example_task_group to 2025-02-18 00:00:00+00:00, run_after=2025-02-19 00:00:00+00:00
[2025-02-19T06:38:03.316+0000] {processor.py:183} INFO - Processing /home/airflow/.local/lib/python3.10/site-packages/airflow/example_dags/example_task_group.py took 0.369 seconds
[2025-02-19T06:38:44.674+0000] {processor.py:161} INFO - Started process (PID=337) to work on /home/airflow/.local/lib/python3.10/site-packages/airflow/example_dags/example_task_group.py
[2025-02-19T06:38:44.677+0000] {processor.py:830} INFO - Processing file /home/airflow/.local/lib/python3.10/site-packages/airflow/example_dags/example_task_group.py for tasks to queue
[2025-02-19T06:38:44.681+0000] {logging_mixin.py:188} INFO - [2025-02-19T06:38:44.679+0000] {dagbag.py:538} INFO - Filling up the DagBag from /home/airflow/.local/lib/python3.10/site-packages/airflow/example_dags/example_task_group.py
[2025-02-19T06:38:44.705+0000] {processor.py:840} INFO - DAG(s) 'example_task_group' retrieved from /home/airflow/.local/lib/python3.10/site-packages/airflow/example_dags/example_task_group.py
[2025-02-19T06:38:44.761+0000] {logging_mixin.py:188} INFO - [2025-02-19T06:38:44.761+0000] {dag.py:3036} INFO - Sync 1 DAGs
[2025-02-19T06:38:44.830+0000] {logging_mixin.py:188} INFO - [2025-02-19T06:38:44.829+0000] {dag.py:3823} INFO - Setting next_dagrun for example_task_group to 2025-02-18 00:00:00+00:00, run_after=2025-02-19 00:00:00+00:00
[2025-02-19T06:38:44.970+0000] {processor.py:183} INFO - Processing /home/airflow/.local/lib/python3.10/site-packages/airflow/example_dags/example_task_group.py took 0.303 seconds
[2025-02-19T06:39:54.526+0000] {processor.py:161} INFO - Started process (PID=365) to work on /home/airflow/.local/lib/python3.10/site-packages/airflow/example_dags/example_task_group.py
[2025-02-19T06:39:54.604+0000] {processor.py:830} INFO - Processing file /home/airflow/.local/lib/python3.10/site-packages/airflow/example_dags/example_task_group.py for tasks to queue
[2025-02-19T06:39:54.650+0000] {logging_mixin.py:188} INFO - [2025-02-19T06:39:54.630+0000] {dagbag.py:538} INFO - Filling up the DagBag from /home/airflow/.local/lib/python3.10/site-packages/airflow/example_dags/example_task_group.py
[2025-02-19T06:39:55.165+0000] {processor.py:840} INFO - DAG(s) 'example_task_group' retrieved from /home/airflow/.local/lib/python3.10/site-packages/airflow/example_dags/example_task_group.py
[2025-02-19T06:39:55.513+0000] {logging_mixin.py:188} INFO - [2025-02-19T06:39:55.513+0000] {dag.py:3036} INFO - Sync 1 DAGs
[2025-02-19T06:39:55.807+0000] {logging_mixin.py:188} INFO - [2025-02-19T06:39:55.807+0000] {dag.py:3823} INFO - Setting next_dagrun for example_task_group to 2025-02-18 00:00:00+00:00, run_after=2025-02-19 00:00:00+00:00
[2025-02-19T06:39:55.999+0000] {processor.py:183} INFO - Processing /home/airflow/.local/lib/python3.10/site-packages/airflow/example_dags/example_task_group.py took 1.738 seconds
[2025-02-19T06:41:10.404+0000] {processor.py:161} INFO - Started process (PID=402) to work on /home/airflow/.local/lib/python3.10/site-packages/airflow/example_dags/example_task_group.py
[2025-02-19T06:41:10.407+0000] {processor.py:830} INFO - Processing file /home/airflow/.local/lib/python3.10/site-packages/airflow/example_dags/example_task_group.py for tasks to queue
[2025-02-19T06:41:10.410+0000] {logging_mixin.py:188} INFO - [2025-02-19T06:41:10.409+0000] {dagbag.py:538} INFO - Filling up the DagBag from /home/airflow/.local/lib/python3.10/site-packages/airflow/example_dags/example_task_group.py
[2025-02-19T06:41:10.433+0000] {processor.py:840} INFO - DAG(s) 'example_task_group' retrieved from /home/airflow/.local/lib/python3.10/site-packages/airflow/example_dags/example_task_group.py
[2025-02-19T06:41:10.506+0000] {logging_mixin.py:188} INFO - [2025-02-19T06:41:10.505+0000] {dag.py:3036} INFO - Sync 1 DAGs
[2025-02-19T06:41:10.591+0000] {logging_mixin.py:188} INFO - [2025-02-19T06:41:10.590+0000] {dag.py:3823} INFO - Setting next_dagrun for example_task_group to 2025-02-18 00:00:00+00:00, run_after=2025-02-19 00:00:00+00:00
[2025-02-19T06:41:10.767+0000] {processor.py:183} INFO - Processing /home/airflow/.local/lib/python3.10/site-packages/airflow/example_dags/example_task_group.py took 0.370 seconds
[2025-02-19T06:42:12.075+0000] {processor.py:161} INFO - Started process (PID=434) to work on /home/airflow/.local/lib/python3.10/site-packages/airflow/example_dags/example_task_group.py
[2025-02-19T06:42:12.086+0000] {processor.py:830} INFO - Processing file /home/airflow/.local/lib/python3.10/site-packages/airflow/example_dags/example_task_group.py for tasks to queue
[2025-02-19T06:42:12.094+0000] {logging_mixin.py:188} INFO - [2025-02-19T06:42:12.092+0000] {dagbag.py:538} INFO - Filling up the DagBag from /home/airflow/.local/lib/python3.10/site-packages/airflow/example_dags/example_task_group.py
[2025-02-19T06:42:12.141+0000] {processor.py:840} INFO - DAG(s) 'example_task_group' retrieved from /home/airflow/.local/lib/python3.10/site-packages/airflow/example_dags/example_task_group.py
[2025-02-19T06:42:12.349+0000] {logging_mixin.py:188} INFO - [2025-02-19T06:42:12.349+0000] {dag.py:3036} INFO - Sync 1 DAGs
[2025-02-19T06:42:12.472+0000] {logging_mixin.py:188} INFO - [2025-02-19T06:42:12.472+0000] {dag.py:3823} INFO - Setting next_dagrun for example_task_group to 2025-02-18 00:00:00+00:00, run_after=2025-02-19 00:00:00+00:00
[2025-02-19T06:42:12.695+0000] {processor.py:183} INFO - Processing /home/airflow/.local/lib/python3.10/site-packages/airflow/example_dags/example_task_group.py took 0.633 seconds
[2025-02-19T06:43:15.764+0000] {processor.py:161} INFO - Started process (PID=32) to work on /home/airflow/.local/lib/python3.10/site-packages/airflow/example_dags/example_task_group.py
[2025-02-19T06:43:15.767+0000] {processor.py:830} INFO - Processing file /home/airflow/.local/lib/python3.10/site-packages/airflow/example_dags/example_task_group.py for tasks to queue
[2025-02-19T06:43:15.770+0000] {logging_mixin.py:188} INFO - [2025-02-19T06:43:15.768+0000] {dagbag.py:538} INFO - Filling up the DagBag from /home/airflow/.local/lib/python3.10/site-packages/airflow/example_dags/example_task_group.py
[2025-02-19T06:43:15.796+0000] {processor.py:840} INFO - DAG(s) 'example_task_group' retrieved from /home/airflow/.local/lib/python3.10/site-packages/airflow/example_dags/example_task_group.py
[2025-02-19T06:43:15.945+0000] {logging_mixin.py:188} INFO - [2025-02-19T06:43:15.945+0000] {dag.py:3036} INFO - Sync 1 DAGs
[2025-02-19T06:43:16.026+0000] {logging_mixin.py:188} INFO - [2025-02-19T06:43:16.025+0000] {dag.py:3823} INFO - Setting next_dagrun for example_task_group to 2025-02-18 00:00:00+00:00, run_after=2025-02-19 00:00:00+00:00
[2025-02-19T06:43:16.210+0000] {processor.py:183} INFO - Processing /home/airflow/.local/lib/python3.10/site-packages/airflow/example_dags/example_task_group.py took 0.452 seconds
[2025-02-19T06:44:37.826+0000] {processor.py:161} INFO - Started process (PID=81) to work on /home/airflow/.local/lib/python3.10/site-packages/airflow/example_dags/example_task_group.py
[2025-02-19T06:44:37.829+0000] {processor.py:830} INFO - Processing file /home/airflow/.local/lib/python3.10/site-packages/airflow/example_dags/example_task_group.py for tasks to queue
[2025-02-19T06:44:37.832+0000] {logging_mixin.py:188} INFO - [2025-02-19T06:44:37.831+0000] {dagbag.py:538} INFO - Filling up the DagBag from /home/airflow/.local/lib/python3.10/site-packages/airflow/example_dags/example_task_group.py
[2025-02-19T06:44:37.868+0000] {processor.py:840} INFO - DAG(s) 'example_task_group' retrieved from /home/airflow/.local/lib/python3.10/site-packages/airflow/example_dags/example_task_group.py
[2025-02-19T06:44:37.962+0000] {logging_mixin.py:188} INFO - [2025-02-19T06:44:37.962+0000] {dag.py:3036} INFO - Sync 1 DAGs
[2025-02-19T06:44:38.026+0000] {logging_mixin.py:188} INFO - [2025-02-19T06:44:38.026+0000] {dag.py:3823} INFO - Setting next_dagrun for example_task_group to 2025-02-18 00:00:00+00:00, run_after=2025-02-19 00:00:00+00:00
[2025-02-19T06:44:38.151+0000] {processor.py:183} INFO - Processing /home/airflow/.local/lib/python3.10/site-packages/airflow/example_dags/example_task_group.py took 0.335 seconds
[2025-02-19T06:45:32.771+0000] {processor.py:161} INFO - Started process (PID=110) to work on /home/airflow/.local/lib/python3.10/site-packages/airflow/example_dags/example_task_group.py
[2025-02-19T06:45:32.774+0000] {processor.py:830} INFO - Processing file /home/airflow/.local/lib/python3.10/site-packages/airflow/example_dags/example_task_group.py for tasks to queue
[2025-02-19T06:45:32.777+0000] {logging_mixin.py:188} INFO - [2025-02-19T06:45:32.776+0000] {dagbag.py:538} INFO - Filling up the DagBag from /home/airflow/.local/lib/python3.10/site-packages/airflow/example_dags/example_task_group.py
[2025-02-19T06:45:32.811+0000] {processor.py:840} INFO - DAG(s) 'example_task_group' retrieved from /home/airflow/.local/lib/python3.10/site-packages/airflow/example_dags/example_task_group.py
[2025-02-19T06:45:32.904+0000] {logging_mixin.py:188} INFO - [2025-02-19T06:45:32.904+0000] {dag.py:3036} INFO - Sync 1 DAGs
[2025-02-19T06:45:32.987+0000] {logging_mixin.py:188} INFO - [2025-02-19T06:45:32.986+0000] {dag.py:3823} INFO - Setting next_dagrun for example_task_group to 2025-02-18 00:00:00+00:00, run_after=2025-02-19 00:00:00+00:00
[2025-02-19T06:45:33.146+0000] {processor.py:183} INFO - Processing /home/airflow/.local/lib/python3.10/site-packages/airflow/example_dags/example_task_group.py took 0.381 seconds
[2025-02-19T06:46:25.917+0000] {processor.py:161} INFO - Started process (PID=144) to work on /home/airflow/.local/lib/python3.10/site-packages/airflow/example_dags/example_task_group.py
[2025-02-19T06:46:25.918+0000] {processor.py:830} INFO - Processing file /home/airflow/.local/lib/python3.10/site-packages/airflow/example_dags/example_task_group.py for tasks to queue
[2025-02-19T06:46:25.920+0000] {logging_mixin.py:188} INFO - [2025-02-19T06:46:25.920+0000] {dagbag.py:538} INFO - Filling up the DagBag from /home/airflow/.local/lib/python3.10/site-packages/airflow/example_dags/example_task_group.py
[2025-02-19T06:46:25.938+0000] {processor.py:840} INFO - DAG(s) 'example_task_group' retrieved from /home/airflow/.local/lib/python3.10/site-packages/airflow/example_dags/example_task_group.py
[2025-02-19T06:46:25.984+0000] {logging_mixin.py:188} INFO - [2025-02-19T06:46:25.983+0000] {dag.py:3036} INFO - Sync 1 DAGs
[2025-02-19T06:46:26.032+0000] {logging_mixin.py:188} INFO - [2025-02-19T06:46:26.032+0000] {dag.py:3823} INFO - Setting next_dagrun for example_task_group to 2025-02-18 00:00:00+00:00, run_after=2025-02-19 00:00:00+00:00
[2025-02-19T06:46:26.180+0000] {processor.py:183} INFO - Processing /home/airflow/.local/lib/python3.10/site-packages/airflow/example_dags/example_task_group.py took 0.267 seconds
[2025-02-19T06:47:16.599+0000] {processor.py:161} INFO - Started process (PID=173) to work on /home/airflow/.local/lib/python3.10/site-packages/airflow/example_dags/example_task_group.py
[2025-02-19T06:47:16.602+0000] {processor.py:830} INFO - Processing file /home/airflow/.local/lib/python3.10/site-packages/airflow/example_dags/example_task_group.py for tasks to queue
[2025-02-19T06:47:16.609+0000] {logging_mixin.py:188} INFO - [2025-02-19T06:47:16.608+0000] {dagbag.py:538} INFO - Filling up the DagBag from /home/airflow/.local/lib/python3.10/site-packages/airflow/example_dags/example_task_group.py
[2025-02-19T06:47:16.633+0000] {processor.py:840} INFO - DAG(s) 'example_task_group' retrieved from /home/airflow/.local/lib/python3.10/site-packages/airflow/example_dags/example_task_group.py
[2025-02-19T06:47:16.735+0000] {logging_mixin.py:188} INFO - [2025-02-19T06:47:16.735+0000] {dag.py:3036} INFO - Sync 1 DAGs
[2025-02-19T06:47:16.814+0000] {logging_mixin.py:188} INFO - [2025-02-19T06:47:16.813+0000] {dag.py:3823} INFO - Setting next_dagrun for example_task_group to 2025-02-18 00:00:00+00:00, run_after=2025-02-19 00:00:00+00:00
[2025-02-19T06:47:16.943+0000] {processor.py:183} INFO - Processing /home/airflow/.local/lib/python3.10/site-packages/airflow/example_dags/example_task_group.py took 0.352 seconds
[2025-02-19T06:48:08.876+0000] {processor.py:161} INFO - Started process (PID=205) to work on /home/airflow/.local/lib/python3.10/site-packages/airflow/example_dags/example_task_group.py
[2025-02-19T06:48:08.889+0000] {processor.py:830} INFO - Processing file /home/airflow/.local/lib/python3.10/site-packages/airflow/example_dags/example_task_group.py for tasks to queue
[2025-02-19T06:48:08.892+0000] {logging_mixin.py:188} INFO - [2025-02-19T06:48:08.891+0000] {dagbag.py:538} INFO - Filling up the DagBag from /home/airflow/.local/lib/python3.10/site-packages/airflow/example_dags/example_task_group.py
[2025-02-19T06:48:08.926+0000] {processor.py:840} INFO - DAG(s) 'example_task_group' retrieved from /home/airflow/.local/lib/python3.10/site-packages/airflow/example_dags/example_task_group.py
[2025-02-19T06:48:09.020+0000] {logging_mixin.py:188} INFO - [2025-02-19T06:48:09.019+0000] {dag.py:3036} INFO - Sync 1 DAGs
[2025-02-19T06:48:09.085+0000] {logging_mixin.py:188} INFO - [2025-02-19T06:48:09.084+0000] {dag.py:3823} INFO - Setting next_dagrun for example_task_group to 2025-02-18 00:00:00+00:00, run_after=2025-02-19 00:00:00+00:00
[2025-02-19T06:48:09.236+0000] {processor.py:183} INFO - Processing /home/airflow/.local/lib/python3.10/site-packages/airflow/example_dags/example_task_group.py took 0.367 seconds
[2025-02-19T06:48:57.682+0000] {processor.py:161} INFO - Started process (PID=234) to work on /home/airflow/.local/lib/python3.10/site-packages/airflow/example_dags/example_task_group.py
[2025-02-19T06:48:57.684+0000] {processor.py:830} INFO - Processing file /home/airflow/.local/lib/python3.10/site-packages/airflow/example_dags/example_task_group.py for tasks to queue
[2025-02-19T06:48:57.686+0000] {logging_mixin.py:188} INFO - [2025-02-19T06:48:57.685+0000] {dagbag.py:538} INFO - Filling up the DagBag from /home/airflow/.local/lib/python3.10/site-packages/airflow/example_dags/example_task_group.py
[2025-02-19T06:48:57.700+0000] {processor.py:840} INFO - DAG(s) 'example_task_group' retrieved from /home/airflow/.local/lib/python3.10/site-packages/airflow/example_dags/example_task_group.py
[2025-02-19T06:48:57.747+0000] {logging_mixin.py:188} INFO - [2025-02-19T06:48:57.747+0000] {dag.py:3036} INFO - Sync 1 DAGs
[2025-02-19T06:48:57.814+0000] {logging_mixin.py:188} INFO - [2025-02-19T06:48:57.813+0000] {dag.py:3823} INFO - Setting next_dagrun for example_task_group to 2025-02-18 00:00:00+00:00, run_after=2025-02-19 00:00:00+00:00
[2025-02-19T06:48:57.944+0000] {processor.py:183} INFO - Processing /home/airflow/.local/lib/python3.10/site-packages/airflow/example_dags/example_task_group.py took 0.266 seconds
[2025-02-19T06:49:48.597+0000] {processor.py:161} INFO - Started process (PID=266) to work on /home/airflow/.local/lib/python3.10/site-packages/airflow/example_dags/example_task_group.py
[2025-02-19T06:49:48.609+0000] {processor.py:830} INFO - Processing file /home/airflow/.local/lib/python3.10/site-packages/airflow/example_dags/example_task_group.py for tasks to queue
[2025-02-19T06:49:48.612+0000] {logging_mixin.py:188} INFO - [2025-02-19T06:49:48.611+0000] {dagbag.py:538} INFO - Filling up the DagBag from /home/airflow/.local/lib/python3.10/site-packages/airflow/example_dags/example_task_group.py
[2025-02-19T06:49:48.653+0000] {processor.py:840} INFO - DAG(s) 'example_task_group' retrieved from /home/airflow/.local/lib/python3.10/site-packages/airflow/example_dags/example_task_group.py
[2025-02-19T06:49:48.790+0000] {logging_mixin.py:188} INFO - [2025-02-19T06:49:48.789+0000] {dag.py:3036} INFO - Sync 1 DAGs
[2025-02-19T06:49:48.934+0000] {logging_mixin.py:188} INFO - [2025-02-19T06:49:48.933+0000] {dag.py:3823} INFO - Setting next_dagrun for example_task_group to 2025-02-18 00:00:00+00:00, run_after=2025-02-19 00:00:00+00:00
[2025-02-19T06:49:49.174+0000] {processor.py:183} INFO - Processing /home/airflow/.local/lib/python3.10/site-packages/airflow/example_dags/example_task_group.py took 0.587 seconds
[2025-02-19T06:50:43.209+0000] {processor.py:161} INFO - Started process (PID=297) to work on /home/airflow/.local/lib/python3.10/site-packages/airflow/example_dags/example_task_group.py
[2025-02-19T06:50:43.212+0000] {processor.py:830} INFO - Processing file /home/airflow/.local/lib/python3.10/site-packages/airflow/example_dags/example_task_group.py for tasks to queue
[2025-02-19T06:50:43.215+0000] {logging_mixin.py:188} INFO - [2025-02-19T06:50:43.214+0000] {dagbag.py:538} INFO - Filling up the DagBag from /home/airflow/.local/lib/python3.10/site-packages/airflow/example_dags/example_task_group.py
[2025-02-19T06:50:43.245+0000] {processor.py:840} INFO - DAG(s) 'example_task_group' retrieved from /home/airflow/.local/lib/python3.10/site-packages/airflow/example_dags/example_task_group.py
[2025-02-19T06:50:43.312+0000] {logging_mixin.py:188} INFO - [2025-02-19T06:50:43.312+0000] {dag.py:3036} INFO - Sync 1 DAGs
[2025-02-19T06:50:43.424+0000] {logging_mixin.py:188} INFO - [2025-02-19T06:50:43.423+0000] {dag.py:3823} INFO - Setting next_dagrun for example_task_group to 2025-02-18 00:00:00+00:00, run_after=2025-02-19 00:00:00+00:00
[2025-02-19T06:50:43.606+0000] {processor.py:183} INFO - Processing /home/airflow/.local/lib/python3.10/site-packages/airflow/example_dags/example_task_group.py took 0.407 seconds
[2025-02-19T06:51:32.945+0000] {processor.py:161} INFO - Started process (PID=329) to work on /home/airflow/.local/lib/python3.10/site-packages/airflow/example_dags/example_task_group.py
[2025-02-19T06:51:32.948+0000] {processor.py:830} INFO - Processing file /home/airflow/.local/lib/python3.10/site-packages/airflow/example_dags/example_task_group.py for tasks to queue
[2025-02-19T06:51:32.952+0000] {logging_mixin.py:188} INFO - [2025-02-19T06:51:32.950+0000] {dagbag.py:538} INFO - Filling up the DagBag from /home/airflow/.local/lib/python3.10/site-packages/airflow/example_dags/example_task_group.py
[2025-02-19T06:51:32.987+0000] {processor.py:840} INFO - DAG(s) 'example_task_group' retrieved from /home/airflow/.local/lib/python3.10/site-packages/airflow/example_dags/example_task_group.py
[2025-02-19T06:51:33.087+0000] {logging_mixin.py:188} INFO - [2025-02-19T06:51:33.086+0000] {dag.py:3036} INFO - Sync 1 DAGs
[2025-02-19T06:51:33.218+0000] {logging_mixin.py:188} INFO - [2025-02-19T06:51:33.218+0000] {dag.py:3823} INFO - Setting next_dagrun for example_task_group to 2025-02-18 00:00:00+00:00, run_after=2025-02-19 00:00:00+00:00
[2025-02-19T06:51:33.418+0000] {processor.py:183} INFO - Processing /home/airflow/.local/lib/python3.10/site-packages/airflow/example_dags/example_task_group.py took 0.490 seconds
[2025-02-19T06:52:28.679+0000] {processor.py:161} INFO - Started process (PID=359) to work on /home/airflow/.local/lib/python3.10/site-packages/airflow/example_dags/example_task_group.py
[2025-02-19T06:52:28.681+0000] {processor.py:830} INFO - Processing file /home/airflow/.local/lib/python3.10/site-packages/airflow/example_dags/example_task_group.py for tasks to queue
[2025-02-19T06:52:28.683+0000] {logging_mixin.py:188} INFO - [2025-02-19T06:52:28.683+0000] {dagbag.py:538} INFO - Filling up the DagBag from /home/airflow/.local/lib/python3.10/site-packages/airflow/example_dags/example_task_group.py
[2025-02-19T06:52:28.703+0000] {processor.py:840} INFO - DAG(s) 'example_task_group' retrieved from /home/airflow/.local/lib/python3.10/site-packages/airflow/example_dags/example_task_group.py
[2025-02-19T06:52:28.746+0000] {logging_mixin.py:188} INFO - [2025-02-19T06:52:28.745+0000] {dag.py:3036} INFO - Sync 1 DAGs
[2025-02-19T06:52:28.782+0000] {logging_mixin.py:188} INFO - [2025-02-19T06:52:28.782+0000] {dag.py:3823} INFO - Setting next_dagrun for example_task_group to 2025-02-18 00:00:00+00:00, run_after=2025-02-19 00:00:00+00:00
[2025-02-19T06:52:28.918+0000] {processor.py:183} INFO - Processing /home/airflow/.local/lib/python3.10/site-packages/airflow/example_dags/example_task_group.py took 0.245 seconds
[2025-02-19T06:53:16.481+0000] {processor.py:161} INFO - Started process (PID=394) to work on /home/airflow/.local/lib/python3.10/site-packages/airflow/example_dags/example_task_group.py
[2025-02-19T06:53:16.483+0000] {processor.py:830} INFO - Processing file /home/airflow/.local/lib/python3.10/site-packages/airflow/example_dags/example_task_group.py for tasks to queue
[2025-02-19T06:53:16.485+0000] {logging_mixin.py:188} INFO - [2025-02-19T06:53:16.485+0000] {dagbag.py:538} INFO - Filling up the DagBag from /home/airflow/.local/lib/python3.10/site-packages/airflow/example_dags/example_task_group.py
[2025-02-19T06:53:16.508+0000] {processor.py:840} INFO - DAG(s) 'example_task_group' retrieved from /home/airflow/.local/lib/python3.10/site-packages/airflow/example_dags/example_task_group.py
[2025-02-19T06:53:16.557+0000] {logging_mixin.py:188} INFO - [2025-02-19T06:53:16.556+0000] {dag.py:3036} INFO - Sync 1 DAGs
[2025-02-19T06:53:16.605+0000] {logging_mixin.py:188} INFO - [2025-02-19T06:53:16.605+0000] {dag.py:3823} INFO - Setting next_dagrun for example_task_group to 2025-02-18 00:00:00+00:00, run_after=2025-02-19 00:00:00+00:00
[2025-02-19T06:53:16.718+0000] {processor.py:183} INFO - Processing /home/airflow/.local/lib/python3.10/site-packages/airflow/example_dags/example_task_group.py took 0.244 seconds
[2025-02-19T06:54:06.370+0000] {processor.py:161} INFO - Started process (PID=421) to work on /home/airflow/.local/lib/python3.10/site-packages/airflow/example_dags/example_task_group.py
[2025-02-19T06:54:06.382+0000] {processor.py:830} INFO - Processing file /home/airflow/.local/lib/python3.10/site-packages/airflow/example_dags/example_task_group.py for tasks to queue
[2025-02-19T06:54:06.389+0000] {logging_mixin.py:188} INFO - [2025-02-19T06:54:06.387+0000] {dagbag.py:538} INFO - Filling up the DagBag from /home/airflow/.local/lib/python3.10/site-packages/airflow/example_dags/example_task_group.py
[2025-02-19T06:54:06.446+0000] {processor.py:840} INFO - DAG(s) 'example_task_group' retrieved from /home/airflow/.local/lib/python3.10/site-packages/airflow/example_dags/example_task_group.py
[2025-02-19T06:54:06.557+0000] {logging_mixin.py:188} INFO - [2025-02-19T06:54:06.556+0000] {dag.py:3036} INFO - Sync 1 DAGs
[2025-02-19T06:54:06.651+0000] {logging_mixin.py:188} INFO - [2025-02-19T06:54:06.650+0000] {dag.py:3823} INFO - Setting next_dagrun for example_task_group to 2025-02-18 00:00:00+00:00, run_after=2025-02-19 00:00:00+00:00
[2025-02-19T06:54:06.823+0000] {processor.py:183} INFO - Processing /home/airflow/.local/lib/python3.10/site-packages/airflow/example_dags/example_task_group.py took 0.461 seconds
[2025-02-19T06:54:50.735+0000] {processor.py:161} INFO - Started process (PID=453) to work on /home/airflow/.local/lib/python3.10/site-packages/airflow/example_dags/example_task_group.py
[2025-02-19T06:54:50.737+0000] {processor.py:830} INFO - Processing file /home/airflow/.local/lib/python3.10/site-packages/airflow/example_dags/example_task_group.py for tasks to queue
[2025-02-19T06:54:50.739+0000] {logging_mixin.py:188} INFO - [2025-02-19T06:54:50.738+0000] {dagbag.py:538} INFO - Filling up the DagBag from /home/airflow/.local/lib/python3.10/site-packages/airflow/example_dags/example_task_group.py
[2025-02-19T06:54:50.770+0000] {processor.py:840} INFO - DAG(s) 'example_task_group' retrieved from /home/airflow/.local/lib/python3.10/site-packages/airflow/example_dags/example_task_group.py
[2025-02-19T06:54:50.861+0000] {logging_mixin.py:188} INFO - [2025-02-19T06:54:50.860+0000] {dag.py:3036} INFO - Sync 1 DAGs
[2025-02-19T06:54:50.951+0000] {logging_mixin.py:188} INFO - [2025-02-19T06:54:50.950+0000] {dag.py:3823} INFO - Setting next_dagrun for example_task_group to 2025-02-18 00:00:00+00:00, run_after=2025-02-19 00:00:00+00:00
[2025-02-19T06:54:51.122+0000] {processor.py:183} INFO - Processing /home/airflow/.local/lib/python3.10/site-packages/airflow/example_dags/example_task_group.py took 0.394 seconds
[2025-02-19T06:55:29.533+0000] {processor.py:161} INFO - Started process (PID=479) to work on /home/airflow/.local/lib/python3.10/site-packages/airflow/example_dags/example_task_group.py
[2025-02-19T06:55:29.535+0000] {processor.py:830} INFO - Processing file /home/airflow/.local/lib/python3.10/site-packages/airflow/example_dags/example_task_group.py for tasks to queue
[2025-02-19T06:55:29.538+0000] {logging_mixin.py:188} INFO - [2025-02-19T06:55:29.538+0000] {dagbag.py:538} INFO - Filling up the DagBag from /home/airflow/.local/lib/python3.10/site-packages/airflow/example_dags/example_task_group.py
[2025-02-19T06:55:29.556+0000] {processor.py:840} INFO - DAG(s) 'example_task_group' retrieved from /home/airflow/.local/lib/python3.10/site-packages/airflow/example_dags/example_task_group.py
[2025-02-19T06:55:29.613+0000] {logging_mixin.py:188} INFO - [2025-02-19T06:55:29.613+0000] {dag.py:3036} INFO - Sync 1 DAGs
[2025-02-19T06:55:29.669+0000] {logging_mixin.py:188} INFO - [2025-02-19T06:55:29.668+0000] {dag.py:3823} INFO - Setting next_dagrun for example_task_group to 2025-02-18 00:00:00+00:00, run_after=2025-02-19 00:00:00+00:00
[2025-02-19T06:55:29.793+0000] {processor.py:183} INFO - Processing /home/airflow/.local/lib/python3.10/site-packages/airflow/example_dags/example_task_group.py took 0.266 seconds
[2025-02-19T06:56:11.054+0000] {processor.py:161} INFO - Started process (PID=508) to work on /home/airflow/.local/lib/python3.10/site-packages/airflow/example_dags/example_task_group.py
[2025-02-19T06:56:11.064+0000] {processor.py:830} INFO - Processing file /home/airflow/.local/lib/python3.10/site-packages/airflow/example_dags/example_task_group.py for tasks to queue
[2025-02-19T06:56:11.067+0000] {logging_mixin.py:188} INFO - [2025-02-19T06:56:11.066+0000] {dagbag.py:538} INFO - Filling up the DagBag from /home/airflow/.local/lib/python3.10/site-packages/airflow/example_dags/example_task_group.py
[2025-02-19T06:56:11.100+0000] {processor.py:840} INFO - DAG(s) 'example_task_group' retrieved from /home/airflow/.local/lib/python3.10/site-packages/airflow/example_dags/example_task_group.py
[2025-02-19T06:56:11.150+0000] {logging_mixin.py:188} INFO - [2025-02-19T06:56:11.149+0000] {dag.py:3036} INFO - Sync 1 DAGs
[2025-02-19T06:56:11.206+0000] {logging_mixin.py:188} INFO - [2025-02-19T06:56:11.205+0000] {dag.py:3823} INFO - Setting next_dagrun for example_task_group to 2025-02-18 00:00:00+00:00, run_after=2025-02-19 00:00:00+00:00
[2025-02-19T06:56:11.352+0000] {processor.py:183} INFO - Processing /home/airflow/.local/lib/python3.10/site-packages/airflow/example_dags/example_task_group.py took 0.305 seconds
[2025-02-19T06:56:56.957+0000] {processor.py:161} INFO - Started process (PID=535) to work on /home/airflow/.local/lib/python3.10/site-packages/airflow/example_dags/example_task_group.py
[2025-02-19T06:56:56.960+0000] {processor.py:830} INFO - Processing file /home/airflow/.local/lib/python3.10/site-packages/airflow/example_dags/example_task_group.py for tasks to queue
[2025-02-19T06:56:56.963+0000] {logging_mixin.py:188} INFO - [2025-02-19T06:56:56.962+0000] {dagbag.py:538} INFO - Filling up the DagBag from /home/airflow/.local/lib/python3.10/site-packages/airflow/example_dags/example_task_group.py
[2025-02-19T06:56:56.981+0000] {processor.py:840} INFO - DAG(s) 'example_task_group' retrieved from /home/airflow/.local/lib/python3.10/site-packages/airflow/example_dags/example_task_group.py
[2025-02-19T06:56:57.033+0000] {logging_mixin.py:188} INFO - [2025-02-19T06:56:57.032+0000] {dag.py:3036} INFO - Sync 1 DAGs
[2025-02-19T06:56:57.104+0000] {logging_mixin.py:188} INFO - [2025-02-19T06:56:57.103+0000] {dag.py:3823} INFO - Setting next_dagrun for example_task_group to 2025-02-18 00:00:00+00:00, run_after=2025-02-19 00:00:00+00:00
[2025-02-19T06:56:57.291+0000] {processor.py:183} INFO - Processing /home/airflow/.local/lib/python3.10/site-packages/airflow/example_dags/example_task_group.py took 0.340 seconds
[2025-02-19T06:57:49.071+0000] {processor.py:161} INFO - Started process (PID=567) to work on /home/airflow/.local/lib/python3.10/site-packages/airflow/example_dags/example_task_group.py
[2025-02-19T06:57:49.073+0000] {processor.py:830} INFO - Processing file /home/airflow/.local/lib/python3.10/site-packages/airflow/example_dags/example_task_group.py for tasks to queue
[2025-02-19T06:57:49.075+0000] {logging_mixin.py:188} INFO - [2025-02-19T06:57:49.074+0000] {dagbag.py:538} INFO - Filling up the DagBag from /home/airflow/.local/lib/python3.10/site-packages/airflow/example_dags/example_task_group.py
[2025-02-19T06:57:49.088+0000] {processor.py:840} INFO - DAG(s) 'example_task_group' retrieved from /home/airflow/.local/lib/python3.10/site-packages/airflow/example_dags/example_task_group.py
[2025-02-19T06:57:49.140+0000] {logging_mixin.py:188} INFO - [2025-02-19T06:57:49.139+0000] {dag.py:3036} INFO - Sync 1 DAGs
[2025-02-19T06:57:49.192+0000] {logging_mixin.py:188} INFO - [2025-02-19T06:57:49.189+0000] {dag.py:3823} INFO - Setting next_dagrun for example_task_group to 2025-02-18 00:00:00+00:00, run_after=2025-02-19 00:00:00+00:00
[2025-02-19T06:57:49.332+0000] {processor.py:183} INFO - Processing /home/airflow/.local/lib/python3.10/site-packages/airflow/example_dags/example_task_group.py took 0.266 seconds
[2025-02-19T06:58:32.568+0000] {processor.py:161} INFO - Started process (PID=596) to work on /home/airflow/.local/lib/python3.10/site-packages/airflow/example_dags/example_task_group.py
[2025-02-19T06:58:32.579+0000] {processor.py:830} INFO - Processing file /home/airflow/.local/lib/python3.10/site-packages/airflow/example_dags/example_task_group.py for tasks to queue
[2025-02-19T06:58:32.582+0000] {logging_mixin.py:188} INFO - [2025-02-19T06:58:32.581+0000] {dagbag.py:538} INFO - Filling up the DagBag from /home/airflow/.local/lib/python3.10/site-packages/airflow/example_dags/example_task_group.py
[2025-02-19T06:58:32.605+0000] {processor.py:840} INFO - DAG(s) 'example_task_group' retrieved from /home/airflow/.local/lib/python3.10/site-packages/airflow/example_dags/example_task_group.py
[2025-02-19T06:58:32.666+0000] {logging_mixin.py:188} INFO - [2025-02-19T06:58:32.666+0000] {dag.py:3036} INFO - Sync 1 DAGs
[2025-02-19T06:58:32.740+0000] {logging_mixin.py:188} INFO - [2025-02-19T06:58:32.739+0000] {dag.py:3823} INFO - Setting next_dagrun for example_task_group to 2025-02-18 00:00:00+00:00, run_after=2025-02-19 00:00:00+00:00
[2025-02-19T06:58:32.919+0000] {processor.py:183} INFO - Processing /home/airflow/.local/lib/python3.10/site-packages/airflow/example_dags/example_task_group.py took 0.359 seconds
[2025-02-19T06:59:16.098+0000] {processor.py:161} INFO - Started process (PID=625) to work on /home/airflow/.local/lib/python3.10/site-packages/airflow/example_dags/example_task_group.py
[2025-02-19T06:59:16.101+0000] {processor.py:830} INFO - Processing file /home/airflow/.local/lib/python3.10/site-packages/airflow/example_dags/example_task_group.py for tasks to queue
[2025-02-19T06:59:16.103+0000] {logging_mixin.py:188} INFO - [2025-02-19T06:59:16.102+0000] {dagbag.py:538} INFO - Filling up the DagBag from /home/airflow/.local/lib/python3.10/site-packages/airflow/example_dags/example_task_group.py
[2025-02-19T06:59:16.120+0000] {processor.py:840} INFO - DAG(s) 'example_task_group' retrieved from /home/airflow/.local/lib/python3.10/site-packages/airflow/example_dags/example_task_group.py
[2025-02-19T06:59:16.175+0000] {logging_mixin.py:188} INFO - [2025-02-19T06:59:16.175+0000] {dag.py:3036} INFO - Sync 1 DAGs
[2025-02-19T06:59:16.229+0000] {logging_mixin.py:188} INFO - [2025-02-19T06:59:16.228+0000] {dag.py:3823} INFO - Setting next_dagrun for example_task_group to 2025-02-18 00:00:00+00:00, run_after=2025-02-19 00:00:00+00:00
[2025-02-19T06:59:16.353+0000] {processor.py:183} INFO - Processing /home/airflow/.local/lib/python3.10/site-packages/airflow/example_dags/example_task_group.py took 0.261 seconds
[2025-02-19T07:00:13.295+0000] {processor.py:161} INFO - Started process (PID=655) to work on /home/airflow/.local/lib/python3.10/site-packages/airflow/example_dags/example_task_group.py
[2025-02-19T07:00:13.297+0000] {processor.py:830} INFO - Processing file /home/airflow/.local/lib/python3.10/site-packages/airflow/example_dags/example_task_group.py for tasks to queue
[2025-02-19T07:00:13.300+0000] {logging_mixin.py:188} INFO - [2025-02-19T07:00:13.298+0000] {dagbag.py:538} INFO - Filling up the DagBag from /home/airflow/.local/lib/python3.10/site-packages/airflow/example_dags/example_task_group.py
[2025-02-19T07:00:13.317+0000] {processor.py:840} INFO - DAG(s) 'example_task_group' retrieved from /home/airflow/.local/lib/python3.10/site-packages/airflow/example_dags/example_task_group.py
[2025-02-19T07:00:13.365+0000] {logging_mixin.py:188} INFO - [2025-02-19T07:00:13.365+0000] {dag.py:3036} INFO - Sync 1 DAGs
[2025-02-19T07:00:13.414+0000] {logging_mixin.py:188} INFO - [2025-02-19T07:00:13.414+0000] {dag.py:3823} INFO - Setting next_dagrun for example_task_group to 2025-02-18 00:00:00+00:00, run_after=2025-02-19 00:00:00+00:00
[2025-02-19T07:00:13.534+0000] {processor.py:183} INFO - Processing /home/airflow/.local/lib/python3.10/site-packages/airflow/example_dags/example_task_group.py took 0.244 seconds
[2025-02-19T07:01:07.709+0000] {processor.py:161} INFO - Started process (PID=690) to work on /home/airflow/.local/lib/python3.10/site-packages/airflow/example_dags/example_task_group.py
[2025-02-19T07:01:07.713+0000] {processor.py:830} INFO - Processing file /home/airflow/.local/lib/python3.10/site-packages/airflow/example_dags/example_task_group.py for tasks to queue
[2025-02-19T07:01:07.717+0000] {logging_mixin.py:188} INFO - [2025-02-19T07:01:07.716+0000] {dagbag.py:538} INFO - Filling up the DagBag from /home/airflow/.local/lib/python3.10/site-packages/airflow/example_dags/example_task_group.py
[2025-02-19T07:01:07.750+0000] {processor.py:840} INFO - DAG(s) 'example_task_group' retrieved from /home/airflow/.local/lib/python3.10/site-packages/airflow/example_dags/example_task_group.py
[2025-02-19T07:01:07.844+0000] {logging_mixin.py:188} INFO - [2025-02-19T07:01:07.841+0000] {dag.py:3036} INFO - Sync 1 DAGs
[2025-02-19T07:01:07.918+0000] {logging_mixin.py:188} INFO - [2025-02-19T07:01:07.918+0000] {dag.py:3823} INFO - Setting next_dagrun for example_task_group to 2025-02-18 00:00:00+00:00, run_after=2025-02-19 00:00:00+00:00
[2025-02-19T07:01:08.079+0000] {processor.py:183} INFO - Processing /home/airflow/.local/lib/python3.10/site-packages/airflow/example_dags/example_task_group.py took 0.383 seconds
[2025-02-19T07:01:53.658+0000] {processor.py:161} INFO - Started process (PID=719) to work on /home/airflow/.local/lib/python3.10/site-packages/airflow/example_dags/example_task_group.py
[2025-02-19T07:01:53.661+0000] {processor.py:830} INFO - Processing file /home/airflow/.local/lib/python3.10/site-packages/airflow/example_dags/example_task_group.py for tasks to queue
[2025-02-19T07:01:53.665+0000] {logging_mixin.py:188} INFO - [2025-02-19T07:01:53.664+0000] {dagbag.py:538} INFO - Filling up the DagBag from /home/airflow/.local/lib/python3.10/site-packages/airflow/example_dags/example_task_group.py
[2025-02-19T07:01:53.702+0000] {processor.py:840} INFO - DAG(s) 'example_task_group' retrieved from /home/airflow/.local/lib/python3.10/site-packages/airflow/example_dags/example_task_group.py
[2025-02-19T07:01:53.830+0000] {logging_mixin.py:188} INFO - [2025-02-19T07:01:53.829+0000] {dag.py:3036} INFO - Sync 1 DAGs
[2025-02-19T07:01:54.046+0000] {logging_mixin.py:188} INFO - [2025-02-19T07:01:54.045+0000] {dag.py:3823} INFO - Setting next_dagrun for example_task_group to 2025-02-18 00:00:00+00:00, run_after=2025-02-19 00:00:00+00:00
[2025-02-19T07:01:54.486+0000] {processor.py:183} INFO - Processing /home/airflow/.local/lib/python3.10/site-packages/airflow/example_dags/example_task_group.py took 0.839 seconds
[2025-02-19T07:02:47.660+0000] {processor.py:161} INFO - Started process (PID=750) to work on /home/airflow/.local/lib/python3.10/site-packages/airflow/example_dags/example_task_group.py
[2025-02-19T07:02:47.663+0000] {processor.py:830} INFO - Processing file /home/airflow/.local/lib/python3.10/site-packages/airflow/example_dags/example_task_group.py for tasks to queue
[2025-02-19T07:02:47.666+0000] {logging_mixin.py:188} INFO - [2025-02-19T07:02:47.665+0000] {dagbag.py:538} INFO - Filling up the DagBag from /home/airflow/.local/lib/python3.10/site-packages/airflow/example_dags/example_task_group.py
[2025-02-19T07:02:47.683+0000] {processor.py:840} INFO - DAG(s) 'example_task_group' retrieved from /home/airflow/.local/lib/python3.10/site-packages/airflow/example_dags/example_task_group.py
[2025-02-19T07:02:47.750+0000] {logging_mixin.py:188} INFO - [2025-02-19T07:02:47.750+0000] {dag.py:3036} INFO - Sync 1 DAGs
[2025-02-19T07:02:47.839+0000] {logging_mixin.py:188} INFO - [2025-02-19T07:02:47.839+0000] {dag.py:3823} INFO - Setting next_dagrun for example_task_group to 2025-02-18 00:00:00+00:00, run_after=2025-02-19 00:00:00+00:00
[2025-02-19T07:02:47.999+0000] {processor.py:183} INFO - Processing /home/airflow/.local/lib/python3.10/site-packages/airflow/example_dags/example_task_group.py took 0.343 seconds
[2025-02-19T07:03:36.033+0000] {processor.py:161} INFO - Started process (PID=781) to work on /home/airflow/.local/lib/python3.10/site-packages/airflow/example_dags/example_task_group.py
[2025-02-19T07:03:36.040+0000] {processor.py:830} INFO - Processing file /home/airflow/.local/lib/python3.10/site-packages/airflow/example_dags/example_task_group.py for tasks to queue
[2025-02-19T07:03:36.043+0000] {logging_mixin.py:188} INFO - [2025-02-19T07:03:36.042+0000] {dagbag.py:538} INFO - Filling up the DagBag from /home/airflow/.local/lib/python3.10/site-packages/airflow/example_dags/example_task_group.py
[2025-02-19T07:03:36.082+0000] {processor.py:840} INFO - DAG(s) 'example_task_group' retrieved from /home/airflow/.local/lib/python3.10/site-packages/airflow/example_dags/example_task_group.py
[2025-02-19T07:03:36.233+0000] {logging_mixin.py:188} INFO - [2025-02-19T07:03:36.233+0000] {dag.py:3036} INFO - Sync 1 DAGs
[2025-02-19T07:03:36.347+0000] {logging_mixin.py:188} INFO - [2025-02-19T07:03:36.345+0000] {dag.py:3823} INFO - Setting next_dagrun for example_task_group to 2025-02-18 00:00:00+00:00, run_after=2025-02-19 00:00:00+00:00
[2025-02-19T07:03:36.544+0000] {processor.py:183} INFO - Processing /home/airflow/.local/lib/python3.10/site-packages/airflow/example_dags/example_task_group.py took 0.527 seconds
[2025-02-19T07:04:26.991+0000] {processor.py:161} INFO - Started process (PID=810) to work on /home/airflow/.local/lib/python3.10/site-packages/airflow/example_dags/example_task_group.py
[2025-02-19T07:04:26.996+0000] {processor.py:830} INFO - Processing file /home/airflow/.local/lib/python3.10/site-packages/airflow/example_dags/example_task_group.py for tasks to queue
[2025-02-19T07:04:27.001+0000] {logging_mixin.py:188} INFO - [2025-02-19T07:04:26.999+0000] {dagbag.py:538} INFO - Filling up the DagBag from /home/airflow/.local/lib/python3.10/site-packages/airflow/example_dags/example_task_group.py
[2025-02-19T07:04:27.034+0000] {processor.py:840} INFO - DAG(s) 'example_task_group' retrieved from /home/airflow/.local/lib/python3.10/site-packages/airflow/example_dags/example_task_group.py
[2025-02-19T07:04:27.123+0000] {logging_mixin.py:188} INFO - [2025-02-19T07:04:27.122+0000] {dag.py:3036} INFO - Sync 1 DAGs
[2025-02-19T07:04:27.197+0000] {logging_mixin.py:188} INFO - [2025-02-19T07:04:27.196+0000] {dag.py:3823} INFO - Setting next_dagrun for example_task_group to 2025-02-18 00:00:00+00:00, run_after=2025-02-19 00:00:00+00:00
[2025-02-19T07:04:27.380+0000] {processor.py:183} INFO - Processing /home/airflow/.local/lib/python3.10/site-packages/airflow/example_dags/example_task_group.py took 0.400 seconds
[2025-02-19T07:06:09.373+0000] {processor.py:161} INFO - Started process (PID=842) to work on /home/airflow/.local/lib/python3.10/site-packages/airflow/example_dags/example_task_group.py
[2025-02-19T07:06:09.388+0000] {processor.py:830} INFO - Processing file /home/airflow/.local/lib/python3.10/site-packages/airflow/example_dags/example_task_group.py for tasks to queue
[2025-02-19T07:06:09.393+0000] {logging_mixin.py:188} INFO - [2025-02-19T07:06:09.391+0000] {dagbag.py:538} INFO - Filling up the DagBag from /home/airflow/.local/lib/python3.10/site-packages/airflow/example_dags/example_task_group.py
[2025-02-19T07:06:09.495+0000] {processor.py:840} INFO - DAG(s) 'example_task_group' retrieved from /home/airflow/.local/lib/python3.10/site-packages/airflow/example_dags/example_task_group.py
[2025-02-19T07:06:09.688+0000] {logging_mixin.py:188} INFO - [2025-02-19T07:06:09.687+0000] {dag.py:3036} INFO - Sync 1 DAGs
[2025-02-19T07:06:09.887+0000] {logging_mixin.py:188} INFO - [2025-02-19T07:06:09.886+0000] {dag.py:3823} INFO - Setting next_dagrun for example_task_group to 2025-02-18 00:00:00+00:00, run_after=2025-02-19 00:00:00+00:00
[2025-02-19T07:06:10.355+0000] {processor.py:183} INFO - Processing /home/airflow/.local/lib/python3.10/site-packages/airflow/example_dags/example_task_group.py took 1.034 seconds
[2025-02-19T07:07:40.936+0000] {processor.py:161} INFO - Started process (PID=881) to work on /home/airflow/.local/lib/python3.10/site-packages/airflow/example_dags/example_task_group.py
[2025-02-19T07:07:40.939+0000] {processor.py:830} INFO - Processing file /home/airflow/.local/lib/python3.10/site-packages/airflow/example_dags/example_task_group.py for tasks to queue
[2025-02-19T07:07:40.951+0000] {logging_mixin.py:188} INFO - [2025-02-19T07:07:40.942+0000] {dagbag.py:538} INFO - Filling up the DagBag from /home/airflow/.local/lib/python3.10/site-packages/airflow/example_dags/example_task_group.py
[2025-02-19T07:07:41.020+0000] {processor.py:840} INFO - DAG(s) 'example_task_group' retrieved from /home/airflow/.local/lib/python3.10/site-packages/airflow/example_dags/example_task_group.py
[2025-02-19T07:07:41.233+0000] {logging_mixin.py:188} INFO - [2025-02-19T07:07:41.232+0000] {dag.py:3036} INFO - Sync 1 DAGs
[2025-02-19T07:07:41.406+0000] {logging_mixin.py:188} INFO - [2025-02-19T07:07:41.405+0000] {dag.py:3823} INFO - Setting next_dagrun for example_task_group to 2025-02-18 00:00:00+00:00, run_after=2025-02-19 00:00:00+00:00
[2025-02-19T07:07:41.629+0000] {processor.py:183} INFO - Processing /home/airflow/.local/lib/python3.10/site-packages/airflow/example_dags/example_task_group.py took 0.707 seconds
