[2025-02-19T05:54:49.729+0000] {processor.py:161} INFO - Started process (PID=28) to work on /home/airflow/.local/lib/python3.10/site-packages/airflow/example_dags/example_xcom.py
[2025-02-19T05:54:49.737+0000] {processor.py:830} INFO - Processing file /home/airflow/.local/lib/python3.10/site-packages/airflow/example_dags/example_xcom.py for tasks to queue
[2025-02-19T05:54:49.742+0000] {logging_mixin.py:188} INFO - [2025-02-19T05:54:49.740+0000] {dagbag.py:538} INFO - Filling up the DagBag from /home/airflow/.local/lib/python3.10/site-packages/airflow/example_dags/example_xcom.py
[2025-02-19T05:54:49.850+0000] {processor.py:840} INFO - DAG(s) 'example_xcom' retrieved from /home/airflow/.local/lib/python3.10/site-packages/airflow/example_dags/example_xcom.py
[2025-02-19T05:54:50.132+0000] {logging_mixin.py:188} INFO - [2025-02-19T05:54:50.131+0000] {dag.py:3036} INFO - Sync 1 DAGs
[2025-02-19T05:54:50.532+0000] {logging_mixin.py:188} INFO - [2025-02-19T05:54:50.436+0000] {dag.py:3823} INFO - Setting next_dagrun for example_xcom to 2021-01-01 00:00:00+00:00, run_after=2021-01-01 00:00:00+00:00
[2025-02-19T05:54:51.181+0000] {processor.py:183} INFO - Processing /home/airflow/.local/lib/python3.10/site-packages/airflow/example_dags/example_xcom.py took 1.476 seconds
[2025-02-19T05:57:37.720+0000] {processor.py:161} INFO - Started process (PID=77) to work on /home/airflow/.local/lib/python3.10/site-packages/airflow/example_dags/example_xcom.py
[2025-02-19T05:57:37.723+0000] {processor.py:830} INFO - Processing file /home/airflow/.local/lib/python3.10/site-packages/airflow/example_dags/example_xcom.py for tasks to queue
[2025-02-19T05:57:37.734+0000] {logging_mixin.py:188} INFO - [2025-02-19T05:57:37.733+0000] {dagbag.py:538} INFO - Filling up the DagBag from /home/airflow/.local/lib/python3.10/site-packages/airflow/example_dags/example_xcom.py
[2025-02-19T05:57:37.863+0000] {processor.py:840} INFO - DAG(s) 'example_xcom' retrieved from /home/airflow/.local/lib/python3.10/site-packages/airflow/example_dags/example_xcom.py
[2025-02-19T05:57:38.105+0000] {logging_mixin.py:188} INFO - [2025-02-19T05:57:38.104+0000] {dag.py:3036} INFO - Sync 1 DAGs
[2025-02-19T05:57:38.233+0000] {logging_mixin.py:188} INFO - [2025-02-19T05:57:38.232+0000] {dag.py:3823} INFO - Setting next_dagrun for example_xcom to 2021-01-01 00:00:00+00:00, run_after=2021-01-01 00:00:00+00:00
[2025-02-19T05:57:38.428+0000] {processor.py:183} INFO - Processing /home/airflow/.local/lib/python3.10/site-packages/airflow/example_dags/example_xcom.py took 0.716 seconds
[2025-02-19T05:59:15.136+0000] {processor.py:161} INFO - Started process (PID=123) to work on /home/airflow/.local/lib/python3.10/site-packages/airflow/example_dags/example_xcom.py
[2025-02-19T05:59:15.142+0000] {processor.py:830} INFO - Processing file /home/airflow/.local/lib/python3.10/site-packages/airflow/example_dags/example_xcom.py for tasks to queue
[2025-02-19T05:59:15.148+0000] {logging_mixin.py:188} INFO - [2025-02-19T05:59:15.147+0000] {dagbag.py:538} INFO - Filling up the DagBag from /home/airflow/.local/lib/python3.10/site-packages/airflow/example_dags/example_xcom.py
[2025-02-19T05:59:15.175+0000] {processor.py:840} INFO - DAG(s) 'example_xcom' retrieved from /home/airflow/.local/lib/python3.10/site-packages/airflow/example_dags/example_xcom.py
[2025-02-19T05:59:15.256+0000] {logging_mixin.py:188} INFO - [2025-02-19T05:59:15.256+0000] {dag.py:3036} INFO - Sync 1 DAGs
[2025-02-19T05:59:15.349+0000] {logging_mixin.py:188} INFO - [2025-02-19T05:59:15.348+0000] {dag.py:3823} INFO - Setting next_dagrun for example_xcom to 2021-01-01 00:00:00+00:00, run_after=2021-01-01 00:00:00+00:00
[2025-02-19T05:59:15.504+0000] {processor.py:183} INFO - Processing /home/airflow/.local/lib/python3.10/site-packages/airflow/example_dags/example_xcom.py took 0.375 seconds
[2025-02-19T06:00:14.678+0000] {processor.py:161} INFO - Started process (PID=155) to work on /home/airflow/.local/lib/python3.10/site-packages/airflow/example_dags/example_xcom.py
[2025-02-19T06:00:14.681+0000] {processor.py:830} INFO - Processing file /home/airflow/.local/lib/python3.10/site-packages/airflow/example_dags/example_xcom.py for tasks to queue
[2025-02-19T06:00:14.691+0000] {logging_mixin.py:188} INFO - [2025-02-19T06:00:14.690+0000] {dagbag.py:538} INFO - Filling up the DagBag from /home/airflow/.local/lib/python3.10/site-packages/airflow/example_dags/example_xcom.py
[2025-02-19T06:00:14.722+0000] {processor.py:840} INFO - DAG(s) 'example_xcom' retrieved from /home/airflow/.local/lib/python3.10/site-packages/airflow/example_dags/example_xcom.py
[2025-02-19T06:00:14.840+0000] {logging_mixin.py:188} INFO - [2025-02-19T06:00:14.839+0000] {dag.py:3036} INFO - Sync 1 DAGs
[2025-02-19T06:00:14.958+0000] {logging_mixin.py:188} INFO - [2025-02-19T06:00:14.958+0000] {dag.py:3823} INFO - Setting next_dagrun for example_xcom to 2021-01-01 00:00:00+00:00, run_after=2021-01-01 00:00:00+00:00
[2025-02-19T06:00:15.108+0000] {processor.py:183} INFO - Processing /home/airflow/.local/lib/python3.10/site-packages/airflow/example_dags/example_xcom.py took 0.438 seconds
[2025-02-19T06:01:16.393+0000] {processor.py:161} INFO - Started process (PID=189) to work on /home/airflow/.local/lib/python3.10/site-packages/airflow/example_dags/example_xcom.py
[2025-02-19T06:01:16.396+0000] {processor.py:830} INFO - Processing file /home/airflow/.local/lib/python3.10/site-packages/airflow/example_dags/example_xcom.py for tasks to queue
[2025-02-19T06:01:16.407+0000] {logging_mixin.py:188} INFO - [2025-02-19T06:01:16.406+0000] {dagbag.py:538} INFO - Filling up the DagBag from /home/airflow/.local/lib/python3.10/site-packages/airflow/example_dags/example_xcom.py
[2025-02-19T06:01:16.456+0000] {processor.py:840} INFO - DAG(s) 'example_xcom' retrieved from /home/airflow/.local/lib/python3.10/site-packages/airflow/example_dags/example_xcom.py
[2025-02-19T06:01:16.560+0000] {logging_mixin.py:188} INFO - [2025-02-19T06:01:16.559+0000] {dag.py:3036} INFO - Sync 1 DAGs
[2025-02-19T06:01:16.702+0000] {logging_mixin.py:188} INFO - [2025-02-19T06:01:16.702+0000] {dag.py:3823} INFO - Setting next_dagrun for example_xcom to 2021-01-01 00:00:00+00:00, run_after=2021-01-01 00:00:00+00:00
[2025-02-19T06:01:16.944+0000] {processor.py:183} INFO - Processing /home/airflow/.local/lib/python3.10/site-packages/airflow/example_dags/example_xcom.py took 0.561 seconds
[2025-02-19T06:02:13.359+0000] {processor.py:161} INFO - Started process (PID=221) to work on /home/airflow/.local/lib/python3.10/site-packages/airflow/example_dags/example_xcom.py
[2025-02-19T06:02:13.364+0000] {processor.py:830} INFO - Processing file /home/airflow/.local/lib/python3.10/site-packages/airflow/example_dags/example_xcom.py for tasks to queue
[2025-02-19T06:02:13.366+0000] {logging_mixin.py:188} INFO - [2025-02-19T06:02:13.365+0000] {dagbag.py:538} INFO - Filling up the DagBag from /home/airflow/.local/lib/python3.10/site-packages/airflow/example_dags/example_xcom.py
[2025-02-19T06:02:13.390+0000] {processor.py:840} INFO - DAG(s) 'example_xcom' retrieved from /home/airflow/.local/lib/python3.10/site-packages/airflow/example_dags/example_xcom.py
[2025-02-19T06:02:13.460+0000] {logging_mixin.py:188} INFO - [2025-02-19T06:02:13.459+0000] {dag.py:3036} INFO - Sync 1 DAGs
[2025-02-19T06:02:13.534+0000] {logging_mixin.py:188} INFO - [2025-02-19T06:02:13.533+0000] {dag.py:3823} INFO - Setting next_dagrun for example_xcom to 2021-01-01 00:00:00+00:00, run_after=2021-01-01 00:00:00+00:00
[2025-02-19T06:02:13.703+0000] {processor.py:183} INFO - Processing /home/airflow/.local/lib/python3.10/site-packages/airflow/example_dags/example_xcom.py took 0.351 seconds
[2025-02-19T06:03:08.938+0000] {processor.py:161} INFO - Started process (PID=255) to work on /home/airflow/.local/lib/python3.10/site-packages/airflow/example_dags/example_xcom.py
[2025-02-19T06:03:08.941+0000] {processor.py:830} INFO - Processing file /home/airflow/.local/lib/python3.10/site-packages/airflow/example_dags/example_xcom.py for tasks to queue
[2025-02-19T06:03:08.944+0000] {logging_mixin.py:188} INFO - [2025-02-19T06:03:08.943+0000] {dagbag.py:538} INFO - Filling up the DagBag from /home/airflow/.local/lib/python3.10/site-packages/airflow/example_dags/example_xcom.py
[2025-02-19T06:03:08.977+0000] {processor.py:840} INFO - DAG(s) 'example_xcom' retrieved from /home/airflow/.local/lib/python3.10/site-packages/airflow/example_dags/example_xcom.py
[2025-02-19T06:03:09.041+0000] {logging_mixin.py:188} INFO - [2025-02-19T06:03:09.041+0000] {dag.py:3036} INFO - Sync 1 DAGs
[2025-02-19T06:03:09.097+0000] {logging_mixin.py:188} INFO - [2025-02-19T06:03:09.097+0000] {dag.py:3823} INFO - Setting next_dagrun for example_xcom to 2021-01-01 00:00:00+00:00, run_after=2021-01-01 00:00:00+00:00
[2025-02-19T06:03:09.246+0000] {processor.py:183} INFO - Processing /home/airflow/.local/lib/python3.10/site-packages/airflow/example_dags/example_xcom.py took 0.317 seconds
[2025-02-19T06:03:56.503+0000] {processor.py:161} INFO - Started process (PID=285) to work on /home/airflow/.local/lib/python3.10/site-packages/airflow/example_dags/example_xcom.py
[2025-02-19T06:03:56.506+0000] {processor.py:830} INFO - Processing file /home/airflow/.local/lib/python3.10/site-packages/airflow/example_dags/example_xcom.py for tasks to queue
[2025-02-19T06:03:56.510+0000] {logging_mixin.py:188} INFO - [2025-02-19T06:03:56.509+0000] {dagbag.py:538} INFO - Filling up the DagBag from /home/airflow/.local/lib/python3.10/site-packages/airflow/example_dags/example_xcom.py
[2025-02-19T06:03:56.546+0000] {processor.py:840} INFO - DAG(s) 'example_xcom' retrieved from /home/airflow/.local/lib/python3.10/site-packages/airflow/example_dags/example_xcom.py
[2025-02-19T06:03:56.621+0000] {logging_mixin.py:188} INFO - [2025-02-19T06:03:56.620+0000] {dag.py:3036} INFO - Sync 1 DAGs
[2025-02-19T06:03:56.696+0000] {logging_mixin.py:188} INFO - [2025-02-19T06:03:56.695+0000] {dag.py:3823} INFO - Setting next_dagrun for example_xcom to 2021-01-01 00:00:00+00:00, run_after=2021-01-01 00:00:00+00:00
[2025-02-19T06:03:56.832+0000] {processor.py:183} INFO - Processing /home/airflow/.local/lib/python3.10/site-packages/airflow/example_dags/example_xcom.py took 0.337 seconds
[2025-02-19T06:04:50.046+0000] {processor.py:161} INFO - Started process (PID=316) to work on /home/airflow/.local/lib/python3.10/site-packages/airflow/example_dags/example_xcom.py
[2025-02-19T06:04:50.048+0000] {processor.py:830} INFO - Processing file /home/airflow/.local/lib/python3.10/site-packages/airflow/example_dags/example_xcom.py for tasks to queue
[2025-02-19T06:04:50.050+0000] {logging_mixin.py:188} INFO - [2025-02-19T06:04:50.049+0000] {dagbag.py:538} INFO - Filling up the DagBag from /home/airflow/.local/lib/python3.10/site-packages/airflow/example_dags/example_xcom.py
[2025-02-19T06:04:50.063+0000] {processor.py:840} INFO - DAG(s) 'example_xcom' retrieved from /home/airflow/.local/lib/python3.10/site-packages/airflow/example_dags/example_xcom.py
[2025-02-19T06:04:50.114+0000] {logging_mixin.py:188} INFO - [2025-02-19T06:04:50.113+0000] {dag.py:3036} INFO - Sync 1 DAGs
[2025-02-19T06:04:50.161+0000] {logging_mixin.py:188} INFO - [2025-02-19T06:04:50.160+0000] {dag.py:3823} INFO - Setting next_dagrun for example_xcom to 2021-01-01 00:00:00+00:00, run_after=2021-01-01 00:00:00+00:00
[2025-02-19T06:04:50.295+0000] {processor.py:183} INFO - Processing /home/airflow/.local/lib/python3.10/site-packages/airflow/example_dags/example_xcom.py took 0.254 seconds
[2025-02-19T06:05:42.032+0000] {processor.py:161} INFO - Started process (PID=348) to work on /home/airflow/.local/lib/python3.10/site-packages/airflow/example_dags/example_xcom.py
[2025-02-19T06:05:42.040+0000] {processor.py:830} INFO - Processing file /home/airflow/.local/lib/python3.10/site-packages/airflow/example_dags/example_xcom.py for tasks to queue
[2025-02-19T06:05:42.044+0000] {logging_mixin.py:188} INFO - [2025-02-19T06:05:42.043+0000] {dagbag.py:538} INFO - Filling up the DagBag from /home/airflow/.local/lib/python3.10/site-packages/airflow/example_dags/example_xcom.py
[2025-02-19T06:05:42.074+0000] {processor.py:840} INFO - DAG(s) 'example_xcom' retrieved from /home/airflow/.local/lib/python3.10/site-packages/airflow/example_dags/example_xcom.py
[2025-02-19T06:05:42.160+0000] {logging_mixin.py:188} INFO - [2025-02-19T06:05:42.159+0000] {dag.py:3036} INFO - Sync 1 DAGs
[2025-02-19T06:05:42.260+0000] {logging_mixin.py:188} INFO - [2025-02-19T06:05:42.260+0000] {dag.py:3823} INFO - Setting next_dagrun for example_xcom to 2021-01-01 00:00:00+00:00, run_after=2021-01-01 00:00:00+00:00
[2025-02-19T06:05:42.421+0000] {processor.py:183} INFO - Processing /home/airflow/.local/lib/python3.10/site-packages/airflow/example_dags/example_xcom.py took 0.396 seconds
[2025-02-19T06:06:44.648+0000] {processor.py:161} INFO - Started process (PID=380) to work on /home/airflow/.local/lib/python3.10/site-packages/airflow/example_dags/example_xcom.py
[2025-02-19T06:06:44.661+0000] {processor.py:830} INFO - Processing file /home/airflow/.local/lib/python3.10/site-packages/airflow/example_dags/example_xcom.py for tasks to queue
[2025-02-19T06:06:44.664+0000] {logging_mixin.py:188} INFO - [2025-02-19T06:06:44.663+0000] {dagbag.py:538} INFO - Filling up the DagBag from /home/airflow/.local/lib/python3.10/site-packages/airflow/example_dags/example_xcom.py
[2025-02-19T06:06:44.705+0000] {processor.py:840} INFO - DAG(s) 'example_xcom' retrieved from /home/airflow/.local/lib/python3.10/site-packages/airflow/example_dags/example_xcom.py
[2025-02-19T06:06:44.801+0000] {logging_mixin.py:188} INFO - [2025-02-19T06:06:44.800+0000] {dag.py:3036} INFO - Sync 1 DAGs
[2025-02-19T06:06:44.910+0000] {logging_mixin.py:188} INFO - [2025-02-19T06:06:44.910+0000] {dag.py:3823} INFO - Setting next_dagrun for example_xcom to 2021-01-01 00:00:00+00:00, run_after=2021-01-01 00:00:00+00:00
[2025-02-19T06:06:45.259+0000] {processor.py:183} INFO - Processing /home/airflow/.local/lib/python3.10/site-packages/airflow/example_dags/example_xcom.py took 0.619 seconds
[2025-02-19T06:07:58.811+0000] {processor.py:161} INFO - Started process (PID=414) to work on /home/airflow/.local/lib/python3.10/site-packages/airflow/example_dags/example_xcom.py
[2025-02-19T06:07:58.819+0000] {processor.py:830} INFO - Processing file /home/airflow/.local/lib/python3.10/site-packages/airflow/example_dags/example_xcom.py for tasks to queue
[2025-02-19T06:07:58.822+0000] {logging_mixin.py:188} INFO - [2025-02-19T06:07:58.821+0000] {dagbag.py:538} INFO - Filling up the DagBag from /home/airflow/.local/lib/python3.10/site-packages/airflow/example_dags/example_xcom.py
[2025-02-19T06:07:58.865+0000] {processor.py:840} INFO - DAG(s) 'example_xcom' retrieved from /home/airflow/.local/lib/python3.10/site-packages/airflow/example_dags/example_xcom.py
[2025-02-19T06:07:58.952+0000] {logging_mixin.py:188} INFO - [2025-02-19T06:07:58.951+0000] {dag.py:3036} INFO - Sync 1 DAGs
[2025-02-19T06:07:59.089+0000] {logging_mixin.py:188} INFO - [2025-02-19T06:07:59.088+0000] {dag.py:3823} INFO - Setting next_dagrun for example_xcom to 2021-01-01 00:00:00+00:00, run_after=2021-01-01 00:00:00+00:00
[2025-02-19T06:07:59.321+0000] {processor.py:183} INFO - Processing /home/airflow/.local/lib/python3.10/site-packages/airflow/example_dags/example_xcom.py took 0.537 seconds
[2025-02-19T06:08:52.586+0000] {processor.py:161} INFO - Started process (PID=446) to work on /home/airflow/.local/lib/python3.10/site-packages/airflow/example_dags/example_xcom.py
[2025-02-19T06:08:52.588+0000] {processor.py:830} INFO - Processing file /home/airflow/.local/lib/python3.10/site-packages/airflow/example_dags/example_xcom.py for tasks to queue
[2025-02-19T06:08:52.591+0000] {logging_mixin.py:188} INFO - [2025-02-19T06:08:52.590+0000] {dagbag.py:538} INFO - Filling up the DagBag from /home/airflow/.local/lib/python3.10/site-packages/airflow/example_dags/example_xcom.py
[2025-02-19T06:08:52.630+0000] {processor.py:840} INFO - DAG(s) 'example_xcom' retrieved from /home/airflow/.local/lib/python3.10/site-packages/airflow/example_dags/example_xcom.py
[2025-02-19T06:08:52.708+0000] {logging_mixin.py:188} INFO - [2025-02-19T06:08:52.708+0000] {dag.py:3036} INFO - Sync 1 DAGs
[2025-02-19T06:08:52.781+0000] {logging_mixin.py:188} INFO - [2025-02-19T06:08:52.773+0000] {dag.py:3823} INFO - Setting next_dagrun for example_xcom to 2021-01-01 00:00:00+00:00, run_after=2021-01-01 00:00:00+00:00
[2025-02-19T06:08:53.006+0000] {processor.py:183} INFO - Processing /home/airflow/.local/lib/python3.10/site-packages/airflow/example_dags/example_xcom.py took 0.429 seconds
[2025-02-19T06:09:44.668+0000] {processor.py:161} INFO - Started process (PID=477) to work on /home/airflow/.local/lib/python3.10/site-packages/airflow/example_dags/example_xcom.py
[2025-02-19T06:09:44.672+0000] {processor.py:830} INFO - Processing file /home/airflow/.local/lib/python3.10/site-packages/airflow/example_dags/example_xcom.py for tasks to queue
[2025-02-19T06:09:44.675+0000] {logging_mixin.py:188} INFO - [2025-02-19T06:09:44.674+0000] {dagbag.py:538} INFO - Filling up the DagBag from /home/airflow/.local/lib/python3.10/site-packages/airflow/example_dags/example_xcom.py
[2025-02-19T06:09:44.713+0000] {processor.py:840} INFO - DAG(s) 'example_xcom' retrieved from /home/airflow/.local/lib/python3.10/site-packages/airflow/example_dags/example_xcom.py
[2025-02-19T06:09:44.822+0000] {logging_mixin.py:188} INFO - [2025-02-19T06:09:44.822+0000] {dag.py:3036} INFO - Sync 1 DAGs
[2025-02-19T06:09:44.899+0000] {logging_mixin.py:188} INFO - [2025-02-19T06:09:44.898+0000] {dag.py:3823} INFO - Setting next_dagrun for example_xcom to 2021-01-01 00:00:00+00:00, run_after=2021-01-01 00:00:00+00:00
[2025-02-19T06:09:45.074+0000] {processor.py:183} INFO - Processing /home/airflow/.local/lib/python3.10/site-packages/airflow/example_dags/example_xcom.py took 0.423 seconds
[2025-02-19T06:10:35.069+0000] {processor.py:161} INFO - Started process (PID=509) to work on /home/airflow/.local/lib/python3.10/site-packages/airflow/example_dags/example_xcom.py
[2025-02-19T06:10:35.072+0000] {processor.py:830} INFO - Processing file /home/airflow/.local/lib/python3.10/site-packages/airflow/example_dags/example_xcom.py for tasks to queue
[2025-02-19T06:10:35.075+0000] {logging_mixin.py:188} INFO - [2025-02-19T06:10:35.074+0000] {dagbag.py:538} INFO - Filling up the DagBag from /home/airflow/.local/lib/python3.10/site-packages/airflow/example_dags/example_xcom.py
[2025-02-19T06:10:35.111+0000] {processor.py:840} INFO - DAG(s) 'example_xcom' retrieved from /home/airflow/.local/lib/python3.10/site-packages/airflow/example_dags/example_xcom.py
[2025-02-19T06:10:35.203+0000] {logging_mixin.py:188} INFO - [2025-02-19T06:10:35.203+0000] {dag.py:3036} INFO - Sync 1 DAGs
[2025-02-19T06:10:35.316+0000] {logging_mixin.py:188} INFO - [2025-02-19T06:10:35.316+0000] {dag.py:3823} INFO - Setting next_dagrun for example_xcom to 2021-01-01 00:00:00+00:00, run_after=2021-01-01 00:00:00+00:00
[2025-02-19T06:10:35.559+0000] {processor.py:183} INFO - Processing /home/airflow/.local/lib/python3.10/site-packages/airflow/example_dags/example_xcom.py took 0.499 seconds
[2025-02-19T06:11:29.970+0000] {processor.py:161} INFO - Started process (PID=540) to work on /home/airflow/.local/lib/python3.10/site-packages/airflow/example_dags/example_xcom.py
[2025-02-19T06:11:29.973+0000] {processor.py:830} INFO - Processing file /home/airflow/.local/lib/python3.10/site-packages/airflow/example_dags/example_xcom.py for tasks to queue
[2025-02-19T06:11:29.975+0000] {logging_mixin.py:188} INFO - [2025-02-19T06:11:29.974+0000] {dagbag.py:538} INFO - Filling up the DagBag from /home/airflow/.local/lib/python3.10/site-packages/airflow/example_dags/example_xcom.py
[2025-02-19T06:11:29.993+0000] {processor.py:840} INFO - DAG(s) 'example_xcom' retrieved from /home/airflow/.local/lib/python3.10/site-packages/airflow/example_dags/example_xcom.py
[2025-02-19T06:11:30.051+0000] {logging_mixin.py:188} INFO - [2025-02-19T06:11:30.051+0000] {dag.py:3036} INFO - Sync 1 DAGs
[2025-02-19T06:11:30.107+0000] {logging_mixin.py:188} INFO - [2025-02-19T06:11:30.107+0000] {dag.py:3823} INFO - Setting next_dagrun for example_xcom to 2021-01-01 00:00:00+00:00, run_after=2021-01-01 00:00:00+00:00
[2025-02-19T06:11:30.315+0000] {processor.py:183} INFO - Processing /home/airflow/.local/lib/python3.10/site-packages/airflow/example_dags/example_xcom.py took 0.350 seconds
[2025-02-19T06:12:27.621+0000] {processor.py:161} INFO - Started process (PID=571) to work on /home/airflow/.local/lib/python3.10/site-packages/airflow/example_dags/example_xcom.py
[2025-02-19T06:12:27.623+0000] {processor.py:830} INFO - Processing file /home/airflow/.local/lib/python3.10/site-packages/airflow/example_dags/example_xcom.py for tasks to queue
[2025-02-19T06:12:27.626+0000] {logging_mixin.py:188} INFO - [2025-02-19T06:12:27.625+0000] {dagbag.py:538} INFO - Filling up the DagBag from /home/airflow/.local/lib/python3.10/site-packages/airflow/example_dags/example_xcom.py
[2025-02-19T06:12:27.649+0000] {processor.py:840} INFO - DAG(s) 'example_xcom' retrieved from /home/airflow/.local/lib/python3.10/site-packages/airflow/example_dags/example_xcom.py
[2025-02-19T06:12:27.737+0000] {logging_mixin.py:188} INFO - [2025-02-19T06:12:27.737+0000] {dag.py:3036} INFO - Sync 1 DAGs
[2025-02-19T06:12:27.810+0000] {logging_mixin.py:188} INFO - [2025-02-19T06:12:27.810+0000] {dag.py:3823} INFO - Setting next_dagrun for example_xcom to 2021-01-01 00:00:00+00:00, run_after=2021-01-01 00:00:00+00:00
[2025-02-19T06:12:27.958+0000] {processor.py:183} INFO - Processing /home/airflow/.local/lib/python3.10/site-packages/airflow/example_dags/example_xcom.py took 0.347 seconds
[2025-02-19T06:13:23.494+0000] {processor.py:161} INFO - Started process (PID=605) to work on /home/airflow/.local/lib/python3.10/site-packages/airflow/example_dags/example_xcom.py
[2025-02-19T06:13:23.497+0000] {processor.py:830} INFO - Processing file /home/airflow/.local/lib/python3.10/site-packages/airflow/example_dags/example_xcom.py for tasks to queue
[2025-02-19T06:13:23.508+0000] {logging_mixin.py:188} INFO - [2025-02-19T06:13:23.499+0000] {dagbag.py:538} INFO - Filling up the DagBag from /home/airflow/.local/lib/python3.10/site-packages/airflow/example_dags/example_xcom.py
[2025-02-19T06:13:23.552+0000] {processor.py:840} INFO - DAG(s) 'example_xcom' retrieved from /home/airflow/.local/lib/python3.10/site-packages/airflow/example_dags/example_xcom.py
[2025-02-19T06:13:23.676+0000] {logging_mixin.py:188} INFO - [2025-02-19T06:13:23.675+0000] {dag.py:3036} INFO - Sync 1 DAGs
[2025-02-19T06:13:23.776+0000] {logging_mixin.py:188} INFO - [2025-02-19T06:13:23.775+0000] {dag.py:3823} INFO - Setting next_dagrun for example_xcom to 2021-01-01 00:00:00+00:00, run_after=2021-01-01 00:00:00+00:00
[2025-02-19T06:13:23.986+0000] {processor.py:183} INFO - Processing /home/airflow/.local/lib/python3.10/site-packages/airflow/example_dags/example_xcom.py took 0.508 seconds
[2025-02-19T06:14:11.581+0000] {processor.py:161} INFO - Started process (PID=636) to work on /home/airflow/.local/lib/python3.10/site-packages/airflow/example_dags/example_xcom.py
[2025-02-19T06:14:11.585+0000] {processor.py:830} INFO - Processing file /home/airflow/.local/lib/python3.10/site-packages/airflow/example_dags/example_xcom.py for tasks to queue
[2025-02-19T06:14:11.591+0000] {logging_mixin.py:188} INFO - [2025-02-19T06:14:11.590+0000] {dagbag.py:538} INFO - Filling up the DagBag from /home/airflow/.local/lib/python3.10/site-packages/airflow/example_dags/example_xcom.py
[2025-02-19T06:14:11.609+0000] {processor.py:840} INFO - DAG(s) 'example_xcom' retrieved from /home/airflow/.local/lib/python3.10/site-packages/airflow/example_dags/example_xcom.py
[2025-02-19T06:14:11.670+0000] {logging_mixin.py:188} INFO - [2025-02-19T06:14:11.669+0000] {dag.py:3036} INFO - Sync 1 DAGs
[2025-02-19T06:14:11.733+0000] {logging_mixin.py:188} INFO - [2025-02-19T06:14:11.732+0000] {dag.py:3823} INFO - Setting next_dagrun for example_xcom to 2021-01-01 00:00:00+00:00, run_after=2021-01-01 00:00:00+00:00
[2025-02-19T06:14:11.868+0000] {processor.py:183} INFO - Processing /home/airflow/.local/lib/python3.10/site-packages/airflow/example_dags/example_xcom.py took 0.296 seconds
[2025-02-19T06:14:59.644+0000] {processor.py:161} INFO - Started process (PID=666) to work on /home/airflow/.local/lib/python3.10/site-packages/airflow/example_dags/example_xcom.py
[2025-02-19T06:14:59.647+0000] {processor.py:830} INFO - Processing file /home/airflow/.local/lib/python3.10/site-packages/airflow/example_dags/example_xcom.py for tasks to queue
[2025-02-19T06:14:59.650+0000] {logging_mixin.py:188} INFO - [2025-02-19T06:14:59.649+0000] {dagbag.py:538} INFO - Filling up the DagBag from /home/airflow/.local/lib/python3.10/site-packages/airflow/example_dags/example_xcom.py
[2025-02-19T06:14:59.680+0000] {processor.py:840} INFO - DAG(s) 'example_xcom' retrieved from /home/airflow/.local/lib/python3.10/site-packages/airflow/example_dags/example_xcom.py
[2025-02-19T06:14:59.755+0000] {logging_mixin.py:188} INFO - [2025-02-19T06:14:59.755+0000] {dag.py:3036} INFO - Sync 1 DAGs
[2025-02-19T06:14:59.826+0000] {logging_mixin.py:188} INFO - [2025-02-19T06:14:59.826+0000] {dag.py:3823} INFO - Setting next_dagrun for example_xcom to 2021-01-01 00:00:00+00:00, run_after=2021-01-01 00:00:00+00:00
[2025-02-19T06:14:59.997+0000] {processor.py:183} INFO - Processing /home/airflow/.local/lib/python3.10/site-packages/airflow/example_dags/example_xcom.py took 0.361 seconds
[2025-02-19T06:15:45.621+0000] {processor.py:161} INFO - Started process (PID=696) to work on /home/airflow/.local/lib/python3.10/site-packages/airflow/example_dags/example_xcom.py
[2025-02-19T06:15:45.625+0000] {processor.py:830} INFO - Processing file /home/airflow/.local/lib/python3.10/site-packages/airflow/example_dags/example_xcom.py for tasks to queue
[2025-02-19T06:15:45.628+0000] {logging_mixin.py:188} INFO - [2025-02-19T06:15:45.627+0000] {dagbag.py:538} INFO - Filling up the DagBag from /home/airflow/.local/lib/python3.10/site-packages/airflow/example_dags/example_xcom.py
[2025-02-19T06:15:45.646+0000] {processor.py:840} INFO - DAG(s) 'example_xcom' retrieved from /home/airflow/.local/lib/python3.10/site-packages/airflow/example_dags/example_xcom.py
[2025-02-19T06:15:45.705+0000] {logging_mixin.py:188} INFO - [2025-02-19T06:15:45.705+0000] {dag.py:3036} INFO - Sync 1 DAGs
[2025-02-19T06:15:45.757+0000] {logging_mixin.py:188} INFO - [2025-02-19T06:15:45.756+0000] {dag.py:3823} INFO - Setting next_dagrun for example_xcom to 2021-01-01 00:00:00+00:00, run_after=2021-01-01 00:00:00+00:00
[2025-02-19T06:15:45.903+0000] {processor.py:183} INFO - Processing /home/airflow/.local/lib/python3.10/site-packages/airflow/example_dags/example_xcom.py took 0.290 seconds
[2025-02-19T06:16:42.702+0000] {processor.py:161} INFO - Started process (PID=726) to work on /home/airflow/.local/lib/python3.10/site-packages/airflow/example_dags/example_xcom.py
[2025-02-19T06:16:42.705+0000] {processor.py:830} INFO - Processing file /home/airflow/.local/lib/python3.10/site-packages/airflow/example_dags/example_xcom.py for tasks to queue
[2025-02-19T06:16:42.709+0000] {logging_mixin.py:188} INFO - [2025-02-19T06:16:42.708+0000] {dagbag.py:538} INFO - Filling up the DagBag from /home/airflow/.local/lib/python3.10/site-packages/airflow/example_dags/example_xcom.py
[2025-02-19T06:16:42.734+0000] {processor.py:840} INFO - DAG(s) 'example_xcom' retrieved from /home/airflow/.local/lib/python3.10/site-packages/airflow/example_dags/example_xcom.py
[2025-02-19T06:16:42.818+0000] {logging_mixin.py:188} INFO - [2025-02-19T06:16:42.817+0000] {dag.py:3036} INFO - Sync 1 DAGs
[2025-02-19T06:16:42.986+0000] {logging_mixin.py:188} INFO - [2025-02-19T06:16:42.986+0000] {dag.py:3823} INFO - Setting next_dagrun for example_xcom to 2021-01-01 00:00:00+00:00, run_after=2021-01-01 00:00:00+00:00
[2025-02-19T06:16:43.137+0000] {processor.py:183} INFO - Processing /home/airflow/.local/lib/python3.10/site-packages/airflow/example_dags/example_xcom.py took 0.444 seconds
[2025-02-19T06:17:49.285+0000] {processor.py:161} INFO - Started process (PID=763) to work on /home/airflow/.local/lib/python3.10/site-packages/airflow/example_dags/example_xcom.py
[2025-02-19T06:17:49.300+0000] {processor.py:830} INFO - Processing file /home/airflow/.local/lib/python3.10/site-packages/airflow/example_dags/example_xcom.py for tasks to queue
[2025-02-19T06:17:49.311+0000] {logging_mixin.py:188} INFO - [2025-02-19T06:17:49.310+0000] {dagbag.py:538} INFO - Filling up the DagBag from /home/airflow/.local/lib/python3.10/site-packages/airflow/example_dags/example_xcom.py
[2025-02-19T06:17:49.354+0000] {processor.py:840} INFO - DAG(s) 'example_xcom' retrieved from /home/airflow/.local/lib/python3.10/site-packages/airflow/example_dags/example_xcom.py
[2025-02-19T06:17:49.448+0000] {logging_mixin.py:188} INFO - [2025-02-19T06:17:49.447+0000] {dag.py:3036} INFO - Sync 1 DAGs
[2025-02-19T06:17:49.536+0000] {logging_mixin.py:188} INFO - [2025-02-19T06:17:49.536+0000] {dag.py:3823} INFO - Setting next_dagrun for example_xcom to 2021-01-01 00:00:00+00:00, run_after=2021-01-01 00:00:00+00:00
[2025-02-19T06:17:49.701+0000] {processor.py:183} INFO - Processing /home/airflow/.local/lib/python3.10/site-packages/airflow/example_dags/example_xcom.py took 0.434 seconds
[2025-02-19T06:18:37.661+0000] {processor.py:161} INFO - Started process (PID=794) to work on /home/airflow/.local/lib/python3.10/site-packages/airflow/example_dags/example_xcom.py
[2025-02-19T06:18:37.664+0000] {processor.py:830} INFO - Processing file /home/airflow/.local/lib/python3.10/site-packages/airflow/example_dags/example_xcom.py for tasks to queue
[2025-02-19T06:18:37.666+0000] {logging_mixin.py:188} INFO - [2025-02-19T06:18:37.666+0000] {dagbag.py:538} INFO - Filling up the DagBag from /home/airflow/.local/lib/python3.10/site-packages/airflow/example_dags/example_xcom.py
[2025-02-19T06:18:37.684+0000] {processor.py:840} INFO - DAG(s) 'example_xcom' retrieved from /home/airflow/.local/lib/python3.10/site-packages/airflow/example_dags/example_xcom.py
[2025-02-19T06:18:37.748+0000] {logging_mixin.py:188} INFO - [2025-02-19T06:18:37.747+0000] {dag.py:3036} INFO - Sync 1 DAGs
[2025-02-19T06:18:37.807+0000] {logging_mixin.py:188} INFO - [2025-02-19T06:18:37.807+0000] {dag.py:3823} INFO - Setting next_dagrun for example_xcom to 2021-01-01 00:00:00+00:00, run_after=2021-01-01 00:00:00+00:00
[2025-02-19T06:18:37.963+0000] {processor.py:183} INFO - Processing /home/airflow/.local/lib/python3.10/site-packages/airflow/example_dags/example_xcom.py took 0.310 seconds
[2025-02-19T06:19:23.941+0000] {processor.py:161} INFO - Started process (PID=824) to work on /home/airflow/.local/lib/python3.10/site-packages/airflow/example_dags/example_xcom.py
[2025-02-19T06:19:23.944+0000] {processor.py:830} INFO - Processing file /home/airflow/.local/lib/python3.10/site-packages/airflow/example_dags/example_xcom.py for tasks to queue
[2025-02-19T06:19:23.947+0000] {logging_mixin.py:188} INFO - [2025-02-19T06:19:23.946+0000] {dagbag.py:538} INFO - Filling up the DagBag from /home/airflow/.local/lib/python3.10/site-packages/airflow/example_dags/example_xcom.py
[2025-02-19T06:19:23.968+0000] {processor.py:840} INFO - DAG(s) 'example_xcom' retrieved from /home/airflow/.local/lib/python3.10/site-packages/airflow/example_dags/example_xcom.py
[2025-02-19T06:19:24.031+0000] {logging_mixin.py:188} INFO - [2025-02-19T06:19:24.030+0000] {dag.py:3036} INFO - Sync 1 DAGs
[2025-02-19T06:19:24.094+0000] {logging_mixin.py:188} INFO - [2025-02-19T06:19:24.093+0000] {dag.py:3823} INFO - Setting next_dagrun for example_xcom to 2021-01-01 00:00:00+00:00, run_after=2021-01-01 00:00:00+00:00
[2025-02-19T06:19:24.228+0000] {processor.py:183} INFO - Processing /home/airflow/.local/lib/python3.10/site-packages/airflow/example_dags/example_xcom.py took 0.296 seconds
[2025-02-19T06:20:09.098+0000] {processor.py:161} INFO - Started process (PID=853) to work on /home/airflow/.local/lib/python3.10/site-packages/airflow/example_dags/example_xcom.py
[2025-02-19T06:20:09.103+0000] {processor.py:830} INFO - Processing file /home/airflow/.local/lib/python3.10/site-packages/airflow/example_dags/example_xcom.py for tasks to queue
[2025-02-19T06:20:09.108+0000] {logging_mixin.py:188} INFO - [2025-02-19T06:20:09.107+0000] {dagbag.py:538} INFO - Filling up the DagBag from /home/airflow/.local/lib/python3.10/site-packages/airflow/example_dags/example_xcom.py
[2025-02-19T06:20:09.145+0000] {processor.py:840} INFO - DAG(s) 'example_xcom' retrieved from /home/airflow/.local/lib/python3.10/site-packages/airflow/example_dags/example_xcom.py
[2025-02-19T06:20:09.246+0000] {logging_mixin.py:188} INFO - [2025-02-19T06:20:09.245+0000] {dag.py:3036} INFO - Sync 1 DAGs
[2025-02-19T06:20:09.321+0000] {logging_mixin.py:188} INFO - [2025-02-19T06:20:09.320+0000] {dag.py:3823} INFO - Setting next_dagrun for example_xcom to 2021-01-01 00:00:00+00:00, run_after=2021-01-01 00:00:00+00:00
[2025-02-19T06:20:09.470+0000] {processor.py:183} INFO - Processing /home/airflow/.local/lib/python3.10/site-packages/airflow/example_dags/example_xcom.py took 0.388 seconds
[2025-02-19T06:21:01.983+0000] {processor.py:161} INFO - Started process (PID=883) to work on /home/airflow/.local/lib/python3.10/site-packages/airflow/example_dags/example_xcom.py
[2025-02-19T06:21:01.985+0000] {processor.py:830} INFO - Processing file /home/airflow/.local/lib/python3.10/site-packages/airflow/example_dags/example_xcom.py for tasks to queue
[2025-02-19T06:21:01.988+0000] {logging_mixin.py:188} INFO - [2025-02-19T06:21:01.987+0000] {dagbag.py:538} INFO - Filling up the DagBag from /home/airflow/.local/lib/python3.10/site-packages/airflow/example_dags/example_xcom.py
[2025-02-19T06:21:02.008+0000] {processor.py:840} INFO - DAG(s) 'example_xcom' retrieved from /home/airflow/.local/lib/python3.10/site-packages/airflow/example_dags/example_xcom.py
[2025-02-19T06:21:02.077+0000] {logging_mixin.py:188} INFO - [2025-02-19T06:21:02.076+0000] {dag.py:3036} INFO - Sync 1 DAGs
[2025-02-19T06:21:02.154+0000] {logging_mixin.py:188} INFO - [2025-02-19T06:21:02.153+0000] {dag.py:3823} INFO - Setting next_dagrun for example_xcom to 2021-01-01 00:00:00+00:00, run_after=2021-01-01 00:00:00+00:00
[2025-02-19T06:21:02.289+0000] {processor.py:183} INFO - Processing /home/airflow/.local/lib/python3.10/site-packages/airflow/example_dags/example_xcom.py took 0.312 seconds
[2025-02-19T06:21:58.222+0000] {processor.py:161} INFO - Started process (PID=915) to work on /home/airflow/.local/lib/python3.10/site-packages/airflow/example_dags/example_xcom.py
[2025-02-19T06:21:58.225+0000] {processor.py:830} INFO - Processing file /home/airflow/.local/lib/python3.10/site-packages/airflow/example_dags/example_xcom.py for tasks to queue
[2025-02-19T06:21:58.228+0000] {logging_mixin.py:188} INFO - [2025-02-19T06:21:58.227+0000] {dagbag.py:538} INFO - Filling up the DagBag from /home/airflow/.local/lib/python3.10/site-packages/airflow/example_dags/example_xcom.py
[2025-02-19T06:21:58.266+0000] {processor.py:840} INFO - DAG(s) 'example_xcom' retrieved from /home/airflow/.local/lib/python3.10/site-packages/airflow/example_dags/example_xcom.py
[2025-02-19T06:21:58.482+0000] {logging_mixin.py:188} INFO - [2025-02-19T06:21:58.482+0000] {dag.py:3036} INFO - Sync 1 DAGs
[2025-02-19T06:21:58.631+0000] {logging_mixin.py:188} INFO - [2025-02-19T06:21:58.630+0000] {dag.py:3823} INFO - Setting next_dagrun for example_xcom to 2021-01-01 00:00:00+00:00, run_after=2021-01-01 00:00:00+00:00
[2025-02-19T06:21:58.830+0000] {processor.py:183} INFO - Processing /home/airflow/.local/lib/python3.10/site-packages/airflow/example_dags/example_xcom.py took 0.625 seconds
[2025-02-19T06:23:00.556+0000] {processor.py:161} INFO - Started process (PID=948) to work on /home/airflow/.local/lib/python3.10/site-packages/airflow/example_dags/example_xcom.py
[2025-02-19T06:23:00.560+0000] {processor.py:830} INFO - Processing file /home/airflow/.local/lib/python3.10/site-packages/airflow/example_dags/example_xcom.py for tasks to queue
[2025-02-19T06:23:00.563+0000] {logging_mixin.py:188} INFO - [2025-02-19T06:23:00.562+0000] {dagbag.py:538} INFO - Filling up the DagBag from /home/airflow/.local/lib/python3.10/site-packages/airflow/example_dags/example_xcom.py
[2025-02-19T06:23:00.603+0000] {processor.py:840} INFO - DAG(s) 'example_xcom' retrieved from /home/airflow/.local/lib/python3.10/site-packages/airflow/example_dags/example_xcom.py
[2025-02-19T06:23:00.708+0000] {logging_mixin.py:188} INFO - [2025-02-19T06:23:00.707+0000] {dag.py:3036} INFO - Sync 1 DAGs
[2025-02-19T06:23:00.814+0000] {logging_mixin.py:188} INFO - [2025-02-19T06:23:00.813+0000] {dag.py:3823} INFO - Setting next_dagrun for example_xcom to 2021-01-01 00:00:00+00:00, run_after=2021-01-01 00:00:00+00:00
[2025-02-19T06:23:01.040+0000] {processor.py:183} INFO - Processing /home/airflow/.local/lib/python3.10/site-packages/airflow/example_dags/example_xcom.py took 0.497 seconds
[2025-02-19T06:24:08.840+0000] {processor.py:161} INFO - Started process (PID=979) to work on /home/airflow/.local/lib/python3.10/site-packages/airflow/example_dags/example_xcom.py
[2025-02-19T06:24:08.842+0000] {processor.py:830} INFO - Processing file /home/airflow/.local/lib/python3.10/site-packages/airflow/example_dags/example_xcom.py for tasks to queue
[2025-02-19T06:24:08.845+0000] {logging_mixin.py:188} INFO - [2025-02-19T06:24:08.844+0000] {dagbag.py:538} INFO - Filling up the DagBag from /home/airflow/.local/lib/python3.10/site-packages/airflow/example_dags/example_xcom.py
[2025-02-19T06:24:08.881+0000] {processor.py:840} INFO - DAG(s) 'example_xcom' retrieved from /home/airflow/.local/lib/python3.10/site-packages/airflow/example_dags/example_xcom.py
[2025-02-19T06:24:08.955+0000] {logging_mixin.py:188} INFO - [2025-02-19T06:24:08.955+0000] {dag.py:3036} INFO - Sync 1 DAGs
[2025-02-19T06:24:09.050+0000] {logging_mixin.py:188} INFO - [2025-02-19T06:24:09.049+0000] {dag.py:3823} INFO - Setting next_dagrun for example_xcom to 2021-01-01 00:00:00+00:00, run_after=2021-01-01 00:00:00+00:00
[2025-02-19T06:24:09.406+0000] {processor.py:183} INFO - Processing /home/airflow/.local/lib/python3.10/site-packages/airflow/example_dags/example_xcom.py took 0.576 seconds
[2025-02-19T06:25:15.571+0000] {processor.py:161} INFO - Started process (PID=1016) to work on /home/airflow/.local/lib/python3.10/site-packages/airflow/example_dags/example_xcom.py
[2025-02-19T06:25:15.575+0000] {processor.py:830} INFO - Processing file /home/airflow/.local/lib/python3.10/site-packages/airflow/example_dags/example_xcom.py for tasks to queue
[2025-02-19T06:25:15.579+0000] {logging_mixin.py:188} INFO - [2025-02-19T06:25:15.577+0000] {dagbag.py:538} INFO - Filling up the DagBag from /home/airflow/.local/lib/python3.10/site-packages/airflow/example_dags/example_xcom.py
[2025-02-19T06:25:15.614+0000] {processor.py:840} INFO - DAG(s) 'example_xcom' retrieved from /home/airflow/.local/lib/python3.10/site-packages/airflow/example_dags/example_xcom.py
[2025-02-19T06:25:15.700+0000] {logging_mixin.py:188} INFO - [2025-02-19T06:25:15.699+0000] {dag.py:3036} INFO - Sync 1 DAGs
[2025-02-19T06:25:15.783+0000] {logging_mixin.py:188} INFO - [2025-02-19T06:25:15.783+0000] {dag.py:3823} INFO - Setting next_dagrun for example_xcom to 2021-01-01 00:00:00+00:00, run_after=2021-01-01 00:00:00+00:00
[2025-02-19T06:25:15.954+0000] {processor.py:183} INFO - Processing /home/airflow/.local/lib/python3.10/site-packages/airflow/example_dags/example_xcom.py took 0.394 seconds
[2025-02-19T06:26:12.910+0000] {processor.py:161} INFO - Started process (PID=1047) to work on /home/airflow/.local/lib/python3.10/site-packages/airflow/example_dags/example_xcom.py
[2025-02-19T06:26:12.914+0000] {processor.py:830} INFO - Processing file /home/airflow/.local/lib/python3.10/site-packages/airflow/example_dags/example_xcom.py for tasks to queue
[2025-02-19T06:26:12.918+0000] {logging_mixin.py:188} INFO - [2025-02-19T06:26:12.916+0000] {dagbag.py:538} INFO - Filling up the DagBag from /home/airflow/.local/lib/python3.10/site-packages/airflow/example_dags/example_xcom.py
[2025-02-19T06:26:12.969+0000] {processor.py:840} INFO - DAG(s) 'example_xcom' retrieved from /home/airflow/.local/lib/python3.10/site-packages/airflow/example_dags/example_xcom.py
[2025-02-19T06:26:13.107+0000] {logging_mixin.py:188} INFO - [2025-02-19T06:26:13.107+0000] {dag.py:3036} INFO - Sync 1 DAGs
[2025-02-19T06:26:13.264+0000] {logging_mixin.py:188} INFO - [2025-02-19T06:26:13.263+0000] {dag.py:3823} INFO - Setting next_dagrun for example_xcom to 2021-01-01 00:00:00+00:00, run_after=2021-01-01 00:00:00+00:00
[2025-02-19T06:26:13.543+0000] {processor.py:183} INFO - Processing /home/airflow/.local/lib/python3.10/site-packages/airflow/example_dags/example_xcom.py took 0.653 seconds
[2025-02-19T06:28:05.020+0000] {processor.py:161} INFO - Started process (PID=28) to work on /home/airflow/.local/lib/python3.10/site-packages/airflow/example_dags/example_xcom.py
[2025-02-19T06:28:05.029+0000] {processor.py:830} INFO - Processing file /home/airflow/.local/lib/python3.10/site-packages/airflow/example_dags/example_xcom.py for tasks to queue
[2025-02-19T06:28:05.032+0000] {logging_mixin.py:188} INFO - [2025-02-19T06:28:05.031+0000] {dagbag.py:538} INFO - Filling up the DagBag from /home/airflow/.local/lib/python3.10/site-packages/airflow/example_dags/example_xcom.py
[2025-02-19T06:28:05.079+0000] {processor.py:840} INFO - DAG(s) 'example_xcom' retrieved from /home/airflow/.local/lib/python3.10/site-packages/airflow/example_dags/example_xcom.py
[2025-02-19T06:28:05.201+0000] {logging_mixin.py:188} INFO - [2025-02-19T06:28:05.201+0000] {dag.py:3036} INFO - Sync 1 DAGs
[2025-02-19T06:28:05.290+0000] {logging_mixin.py:188} INFO - [2025-02-19T06:28:05.290+0000] {dag.py:3823} INFO - Setting next_dagrun for example_xcom to 2021-01-01 00:00:00+00:00, run_after=2021-01-01 00:00:00+00:00
[2025-02-19T06:28:05.465+0000] {processor.py:183} INFO - Processing /home/airflow/.local/lib/python3.10/site-packages/airflow/example_dags/example_xcom.py took 0.457 seconds
[2025-02-19T06:29:36.752+0000] {processor.py:161} INFO - Started process (PID=28) to work on /home/airflow/.local/lib/python3.10/site-packages/airflow/example_dags/example_xcom.py
[2025-02-19T06:29:36.762+0000] {processor.py:830} INFO - Processing file /home/airflow/.local/lib/python3.10/site-packages/airflow/example_dags/example_xcom.py for tasks to queue
[2025-02-19T06:29:36.767+0000] {logging_mixin.py:188} INFO - [2025-02-19T06:29:36.767+0000] {dagbag.py:538} INFO - Filling up the DagBag from /home/airflow/.local/lib/python3.10/site-packages/airflow/example_dags/example_xcom.py
[2025-02-19T06:29:36.852+0000] {processor.py:840} INFO - DAG(s) 'example_xcom' retrieved from /home/airflow/.local/lib/python3.10/site-packages/airflow/example_dags/example_xcom.py
[2025-02-19T06:29:37.009+0000] {logging_mixin.py:188} INFO - [2025-02-19T06:29:37.009+0000] {dag.py:3036} INFO - Sync 1 DAGs
[2025-02-19T06:29:37.141+0000] {logging_mixin.py:188} INFO - [2025-02-19T06:29:37.140+0000] {dag.py:3823} INFO - Setting next_dagrun for example_xcom to 2021-01-01 00:00:00+00:00, run_after=2021-01-01 00:00:00+00:00
[2025-02-19T06:29:37.343+0000] {processor.py:183} INFO - Processing /home/airflow/.local/lib/python3.10/site-packages/airflow/example_dags/example_xcom.py took 0.616 seconds
[2025-02-19T06:31:13.163+0000] {processor.py:161} INFO - Started process (PID=77) to work on /home/airflow/.local/lib/python3.10/site-packages/airflow/example_dags/example_xcom.py
[2025-02-19T06:31:13.175+0000] {processor.py:830} INFO - Processing file /home/airflow/.local/lib/python3.10/site-packages/airflow/example_dags/example_xcom.py for tasks to queue
[2025-02-19T06:31:13.179+0000] {logging_mixin.py:188} INFO - [2025-02-19T06:31:13.178+0000] {dagbag.py:538} INFO - Filling up the DagBag from /home/airflow/.local/lib/python3.10/site-packages/airflow/example_dags/example_xcom.py
[2025-02-19T06:31:13.246+0000] {processor.py:840} INFO - DAG(s) 'example_xcom' retrieved from /home/airflow/.local/lib/python3.10/site-packages/airflow/example_dags/example_xcom.py
[2025-02-19T06:31:13.409+0000] {logging_mixin.py:188} INFO - [2025-02-19T06:31:13.408+0000] {dag.py:3036} INFO - Sync 1 DAGs
[2025-02-19T06:31:13.597+0000] {logging_mixin.py:188} INFO - [2025-02-19T06:31:13.596+0000] {dag.py:3823} INFO - Setting next_dagrun for example_xcom to 2021-01-01 00:00:00+00:00, run_after=2021-01-01 00:00:00+00:00
[2025-02-19T06:31:13.916+0000] {processor.py:183} INFO - Processing /home/airflow/.local/lib/python3.10/site-packages/airflow/example_dags/example_xcom.py took 0.774 seconds
[2025-02-19T06:32:19.480+0000] {processor.py:161} INFO - Started process (PID=108) to work on /home/airflow/.local/lib/python3.10/site-packages/airflow/example_dags/example_xcom.py
[2025-02-19T06:32:19.492+0000] {processor.py:830} INFO - Processing file /home/airflow/.local/lib/python3.10/site-packages/airflow/example_dags/example_xcom.py for tasks to queue
[2025-02-19T06:32:19.507+0000] {logging_mixin.py:188} INFO - [2025-02-19T06:32:19.506+0000] {dagbag.py:538} INFO - Filling up the DagBag from /home/airflow/.local/lib/python3.10/site-packages/airflow/example_dags/example_xcom.py
[2025-02-19T06:32:19.564+0000] {processor.py:840} INFO - DAG(s) 'example_xcom' retrieved from /home/airflow/.local/lib/python3.10/site-packages/airflow/example_dags/example_xcom.py
[2025-02-19T06:32:19.734+0000] {logging_mixin.py:188} INFO - [2025-02-19T06:32:19.733+0000] {dag.py:3036} INFO - Sync 1 DAGs
[2025-02-19T06:32:19.911+0000] {logging_mixin.py:188} INFO - [2025-02-19T06:32:19.910+0000] {dag.py:3823} INFO - Setting next_dagrun for example_xcom to 2021-01-01 00:00:00+00:00, run_after=2021-01-01 00:00:00+00:00
[2025-02-19T06:32:20.156+0000] {processor.py:183} INFO - Processing /home/airflow/.local/lib/python3.10/site-packages/airflow/example_dags/example_xcom.py took 0.696 seconds
[2025-02-19T06:33:30.872+0000] {processor.py:161} INFO - Started process (PID=145) to work on /home/airflow/.local/lib/python3.10/site-packages/airflow/example_dags/example_xcom.py
[2025-02-19T06:33:30.876+0000] {processor.py:830} INFO - Processing file /home/airflow/.local/lib/python3.10/site-packages/airflow/example_dags/example_xcom.py for tasks to queue
[2025-02-19T06:33:30.886+0000] {logging_mixin.py:188} INFO - [2025-02-19T06:33:30.885+0000] {dagbag.py:538} INFO - Filling up the DagBag from /home/airflow/.local/lib/python3.10/site-packages/airflow/example_dags/example_xcom.py
[2025-02-19T06:33:30.909+0000] {processor.py:840} INFO - DAG(s) 'example_xcom' retrieved from /home/airflow/.local/lib/python3.10/site-packages/airflow/example_dags/example_xcom.py
[2025-02-19T06:33:30.953+0000] {logging_mixin.py:188} INFO - [2025-02-19T06:33:30.952+0000] {dag.py:3036} INFO - Sync 1 DAGs
[2025-02-19T06:33:30.999+0000] {logging_mixin.py:188} INFO - [2025-02-19T06:33:30.999+0000] {dag.py:3823} INFO - Setting next_dagrun for example_xcom to 2021-01-01 00:00:00+00:00, run_after=2021-01-01 00:00:00+00:00
[2025-02-19T06:33:31.123+0000] {processor.py:183} INFO - Processing /home/airflow/.local/lib/python3.10/site-packages/airflow/example_dags/example_xcom.py took 0.265 seconds
[2025-02-19T06:34:27.509+0000] {processor.py:161} INFO - Started process (PID=178) to work on /home/airflow/.local/lib/python3.10/site-packages/airflow/example_dags/example_xcom.py
[2025-02-19T06:34:27.516+0000] {processor.py:830} INFO - Processing file /home/airflow/.local/lib/python3.10/site-packages/airflow/example_dags/example_xcom.py for tasks to queue
[2025-02-19T06:34:27.519+0000] {logging_mixin.py:188} INFO - [2025-02-19T06:34:27.518+0000] {dagbag.py:538} INFO - Filling up the DagBag from /home/airflow/.local/lib/python3.10/site-packages/airflow/example_dags/example_xcom.py
[2025-02-19T06:34:27.570+0000] {processor.py:840} INFO - DAG(s) 'example_xcom' retrieved from /home/airflow/.local/lib/python3.10/site-packages/airflow/example_dags/example_xcom.py
[2025-02-19T06:34:27.684+0000] {logging_mixin.py:188} INFO - [2025-02-19T06:34:27.684+0000] {dag.py:3036} INFO - Sync 1 DAGs
[2025-02-19T06:34:27.798+0000] {logging_mixin.py:188} INFO - [2025-02-19T06:34:27.797+0000] {dag.py:3823} INFO - Setting next_dagrun for example_xcom to 2021-01-01 00:00:00+00:00, run_after=2021-01-01 00:00:00+00:00
[2025-02-19T06:34:27.995+0000] {processor.py:183} INFO - Processing /home/airflow/.local/lib/python3.10/site-packages/airflow/example_dags/example_xcom.py took 0.503 seconds
[2025-02-19T06:35:11.436+0000] {processor.py:161} INFO - Started process (PID=208) to work on /home/airflow/.local/lib/python3.10/site-packages/airflow/example_dags/example_xcom.py
[2025-02-19T06:35:11.438+0000] {processor.py:830} INFO - Processing file /home/airflow/.local/lib/python3.10/site-packages/airflow/example_dags/example_xcom.py for tasks to queue
[2025-02-19T06:35:11.442+0000] {logging_mixin.py:188} INFO - [2025-02-19T06:35:11.441+0000] {dagbag.py:538} INFO - Filling up the DagBag from /home/airflow/.local/lib/python3.10/site-packages/airflow/example_dags/example_xcom.py
[2025-02-19T06:35:11.477+0000] {processor.py:840} INFO - DAG(s) 'example_xcom' retrieved from /home/airflow/.local/lib/python3.10/site-packages/airflow/example_dags/example_xcom.py
[2025-02-19T06:35:11.558+0000] {logging_mixin.py:188} INFO - [2025-02-19T06:35:11.557+0000] {dag.py:3036} INFO - Sync 1 DAGs
[2025-02-19T06:35:11.648+0000] {logging_mixin.py:188} INFO - [2025-02-19T06:35:11.644+0000] {dag.py:3823} INFO - Setting next_dagrun for example_xcom to 2021-01-01 00:00:00+00:00, run_after=2021-01-01 00:00:00+00:00
[2025-02-19T06:35:11.812+0000] {processor.py:183} INFO - Processing /home/airflow/.local/lib/python3.10/site-packages/airflow/example_dags/example_xcom.py took 0.388 seconds
[2025-02-19T06:36:00.721+0000] {processor.py:161} INFO - Started process (PID=237) to work on /home/airflow/.local/lib/python3.10/site-packages/airflow/example_dags/example_xcom.py
[2025-02-19T06:36:00.733+0000] {processor.py:830} INFO - Processing file /home/airflow/.local/lib/python3.10/site-packages/airflow/example_dags/example_xcom.py for tasks to queue
[2025-02-19T06:36:00.736+0000] {logging_mixin.py:188} INFO - [2025-02-19T06:36:00.735+0000] {dagbag.py:538} INFO - Filling up the DagBag from /home/airflow/.local/lib/python3.10/site-packages/airflow/example_dags/example_xcom.py
[2025-02-19T06:36:00.793+0000] {processor.py:840} INFO - DAG(s) 'example_xcom' retrieved from /home/airflow/.local/lib/python3.10/site-packages/airflow/example_dags/example_xcom.py
[2025-02-19T06:36:00.922+0000] {logging_mixin.py:188} INFO - [2025-02-19T06:36:00.921+0000] {dag.py:3036} INFO - Sync 1 DAGs
[2025-02-19T06:36:01.083+0000] {logging_mixin.py:188} INFO - [2025-02-19T06:36:01.082+0000] {dag.py:3823} INFO - Setting next_dagrun for example_xcom to 2021-01-01 00:00:00+00:00, run_after=2021-01-01 00:00:00+00:00
[2025-02-19T06:36:01.310+0000] {processor.py:183} INFO - Processing /home/airflow/.local/lib/python3.10/site-packages/airflow/example_dags/example_xcom.py took 0.599 seconds
[2025-02-19T06:37:02.847+0000] {processor.py:161} INFO - Started process (PID=269) to work on /home/airflow/.local/lib/python3.10/site-packages/airflow/example_dags/example_xcom.py
[2025-02-19T06:37:02.849+0000] {processor.py:830} INFO - Processing file /home/airflow/.local/lib/python3.10/site-packages/airflow/example_dags/example_xcom.py for tasks to queue
[2025-02-19T06:37:02.862+0000] {logging_mixin.py:188} INFO - [2025-02-19T06:37:02.851+0000] {dagbag.py:538} INFO - Filling up the DagBag from /home/airflow/.local/lib/python3.10/site-packages/airflow/example_dags/example_xcom.py
[2025-02-19T06:37:02.912+0000] {processor.py:840} INFO - DAG(s) 'example_xcom' retrieved from /home/airflow/.local/lib/python3.10/site-packages/airflow/example_dags/example_xcom.py
[2025-02-19T06:37:03.060+0000] {logging_mixin.py:188} INFO - [2025-02-19T06:37:03.060+0000] {dag.py:3036} INFO - Sync 1 DAGs
[2025-02-19T06:37:03.213+0000] {logging_mixin.py:188} INFO - [2025-02-19T06:37:03.213+0000] {dag.py:3823} INFO - Setting next_dagrun for example_xcom to 2021-01-01 00:00:00+00:00, run_after=2021-01-01 00:00:00+00:00
[2025-02-19T06:37:03.421+0000] {processor.py:183} INFO - Processing /home/airflow/.local/lib/python3.10/site-packages/airflow/example_dags/example_xcom.py took 0.591 seconds
[2025-02-19T06:37:57.869+0000] {processor.py:161} INFO - Started process (PID=304) to work on /home/airflow/.local/lib/python3.10/site-packages/airflow/example_dags/example_xcom.py
[2025-02-19T06:37:57.871+0000] {processor.py:830} INFO - Processing file /home/airflow/.local/lib/python3.10/site-packages/airflow/example_dags/example_xcom.py for tasks to queue
[2025-02-19T06:37:57.872+0000] {logging_mixin.py:188} INFO - [2025-02-19T06:37:57.872+0000] {dagbag.py:538} INFO - Filling up the DagBag from /home/airflow/.local/lib/python3.10/site-packages/airflow/example_dags/example_xcom.py
[2025-02-19T06:37:57.888+0000] {processor.py:840} INFO - DAG(s) 'example_xcom' retrieved from /home/airflow/.local/lib/python3.10/site-packages/airflow/example_dags/example_xcom.py
[2025-02-19T06:37:57.937+0000] {logging_mixin.py:188} INFO - [2025-02-19T06:37:57.937+0000] {dag.py:3036} INFO - Sync 1 DAGs
[2025-02-19T06:37:57.990+0000] {logging_mixin.py:188} INFO - [2025-02-19T06:37:57.989+0000] {dag.py:3823} INFO - Setting next_dagrun for example_xcom to 2021-01-01 00:00:00+00:00, run_after=2021-01-01 00:00:00+00:00
[2025-02-19T06:37:58.107+0000] {processor.py:183} INFO - Processing /home/airflow/.local/lib/python3.10/site-packages/airflow/example_dags/example_xcom.py took 0.243 seconds
[2025-02-19T06:38:38.491+0000] {processor.py:161} INFO - Started process (PID=333) to work on /home/airflow/.local/lib/python3.10/site-packages/airflow/example_dags/example_xcom.py
[2025-02-19T06:38:38.493+0000] {processor.py:830} INFO - Processing file /home/airflow/.local/lib/python3.10/site-packages/airflow/example_dags/example_xcom.py for tasks to queue
[2025-02-19T06:38:38.495+0000] {logging_mixin.py:188} INFO - [2025-02-19T06:38:38.494+0000] {dagbag.py:538} INFO - Filling up the DagBag from /home/airflow/.local/lib/python3.10/site-packages/airflow/example_dags/example_xcom.py
[2025-02-19T06:38:38.508+0000] {processor.py:840} INFO - DAG(s) 'example_xcom' retrieved from /home/airflow/.local/lib/python3.10/site-packages/airflow/example_dags/example_xcom.py
[2025-02-19T06:38:38.554+0000] {logging_mixin.py:188} INFO - [2025-02-19T06:38:38.554+0000] {dag.py:3036} INFO - Sync 1 DAGs
[2025-02-19T06:38:38.596+0000] {logging_mixin.py:188} INFO - [2025-02-19T06:38:38.595+0000] {dag.py:3823} INFO - Setting next_dagrun for example_xcom to 2021-01-01 00:00:00+00:00, run_after=2021-01-01 00:00:00+00:00
[2025-02-19T06:38:38.693+0000] {processor.py:183} INFO - Processing /home/airflow/.local/lib/python3.10/site-packages/airflow/example_dags/example_xcom.py took 0.207 seconds
[2025-02-19T06:39:36.507+0000] {processor.py:161} INFO - Started process (PID=361) to work on /home/airflow/.local/lib/python3.10/site-packages/airflow/example_dags/example_xcom.py
[2025-02-19T06:39:36.595+0000] {processor.py:830} INFO - Processing file /home/airflow/.local/lib/python3.10/site-packages/airflow/example_dags/example_xcom.py for tasks to queue
[2025-02-19T06:39:36.604+0000] {logging_mixin.py:188} INFO - [2025-02-19T06:39:36.603+0000] {dagbag.py:538} INFO - Filling up the DagBag from /home/airflow/.local/lib/python3.10/site-packages/airflow/example_dags/example_xcom.py
[2025-02-19T06:39:36.892+0000] {processor.py:840} INFO - DAG(s) 'example_xcom' retrieved from /home/airflow/.local/lib/python3.10/site-packages/airflow/example_dags/example_xcom.py
[2025-02-19T06:39:37.344+0000] {logging_mixin.py:188} INFO - [2025-02-19T06:39:37.343+0000] {dag.py:3036} INFO - Sync 1 DAGs
[2025-02-19T06:39:37.782+0000] {logging_mixin.py:188} INFO - [2025-02-19T06:39:37.765+0000] {dag.py:3823} INFO - Setting next_dagrun for example_xcom to 2021-01-01 00:00:00+00:00, run_after=2021-01-01 00:00:00+00:00
[2025-02-19T06:39:38.376+0000] {processor.py:183} INFO - Processing /home/airflow/.local/lib/python3.10/site-packages/airflow/example_dags/example_xcom.py took 2.110 seconds
[2025-02-19T06:41:03.269+0000] {processor.py:161} INFO - Started process (PID=398) to work on /home/airflow/.local/lib/python3.10/site-packages/airflow/example_dags/example_xcom.py
[2025-02-19T06:41:03.271+0000] {processor.py:830} INFO - Processing file /home/airflow/.local/lib/python3.10/site-packages/airflow/example_dags/example_xcom.py for tasks to queue
[2025-02-19T06:41:03.273+0000] {logging_mixin.py:188} INFO - [2025-02-19T06:41:03.273+0000] {dagbag.py:538} INFO - Filling up the DagBag from /home/airflow/.local/lib/python3.10/site-packages/airflow/example_dags/example_xcom.py
[2025-02-19T06:41:03.286+0000] {processor.py:840} INFO - DAG(s) 'example_xcom' retrieved from /home/airflow/.local/lib/python3.10/site-packages/airflow/example_dags/example_xcom.py
[2025-02-19T06:41:03.329+0000] {logging_mixin.py:188} INFO - [2025-02-19T06:41:03.329+0000] {dag.py:3036} INFO - Sync 1 DAGs
[2025-02-19T06:41:03.371+0000] {logging_mixin.py:188} INFO - [2025-02-19T06:41:03.371+0000] {dag.py:3823} INFO - Setting next_dagrun for example_xcom to 2021-01-01 00:00:00+00:00, run_after=2021-01-01 00:00:00+00:00
[2025-02-19T06:41:04.083+0000] {processor.py:183} INFO - Processing /home/airflow/.local/lib/python3.10/site-packages/airflow/example_dags/example_xcom.py took 0.822 seconds
[2025-02-19T06:42:04.787+0000] {processor.py:161} INFO - Started process (PID=430) to work on /home/airflow/.local/lib/python3.10/site-packages/airflow/example_dags/example_xcom.py
[2025-02-19T06:42:04.790+0000] {processor.py:830} INFO - Processing file /home/airflow/.local/lib/python3.10/site-packages/airflow/example_dags/example_xcom.py for tasks to queue
[2025-02-19T06:42:04.794+0000] {logging_mixin.py:188} INFO - [2025-02-19T06:42:04.793+0000] {dagbag.py:538} INFO - Filling up the DagBag from /home/airflow/.local/lib/python3.10/site-packages/airflow/example_dags/example_xcom.py
[2025-02-19T06:42:04.824+0000] {processor.py:840} INFO - DAG(s) 'example_xcom' retrieved from /home/airflow/.local/lib/python3.10/site-packages/airflow/example_dags/example_xcom.py
[2025-02-19T06:42:04.948+0000] {logging_mixin.py:188} INFO - [2025-02-19T06:42:04.947+0000] {dag.py:3036} INFO - Sync 1 DAGs
[2025-02-19T06:42:05.133+0000] {logging_mixin.py:188} INFO - [2025-02-19T06:42:05.131+0000] {dag.py:3823} INFO - Setting next_dagrun for example_xcom to 2021-01-01 00:00:00+00:00, run_after=2021-01-01 00:00:00+00:00
[2025-02-19T06:42:05.554+0000] {processor.py:183} INFO - Processing /home/airflow/.local/lib/python3.10/site-packages/airflow/example_dags/example_xcom.py took 0.777 seconds
[2025-02-19T06:43:09.683+0000] {processor.py:161} INFO - Started process (PID=28) to work on /home/airflow/.local/lib/python3.10/site-packages/airflow/example_dags/example_xcom.py
[2025-02-19T06:43:09.688+0000] {processor.py:830} INFO - Processing file /home/airflow/.local/lib/python3.10/site-packages/airflow/example_dags/example_xcom.py for tasks to queue
[2025-02-19T06:43:09.694+0000] {logging_mixin.py:188} INFO - [2025-02-19T06:43:09.692+0000] {dagbag.py:538} INFO - Filling up the DagBag from /home/airflow/.local/lib/python3.10/site-packages/airflow/example_dags/example_xcom.py
[2025-02-19T06:43:09.724+0000] {processor.py:840} INFO - DAG(s) 'example_xcom' retrieved from /home/airflow/.local/lib/python3.10/site-packages/airflow/example_dags/example_xcom.py
[2025-02-19T06:43:09.785+0000] {logging_mixin.py:188} INFO - [2025-02-19T06:43:09.785+0000] {dag.py:3036} INFO - Sync 1 DAGs
[2025-02-19T06:43:09.830+0000] {logging_mixin.py:188} INFO - [2025-02-19T06:43:09.830+0000] {dag.py:3823} INFO - Setting next_dagrun for example_xcom to 2021-01-01 00:00:00+00:00, run_after=2021-01-01 00:00:00+00:00
[2025-02-19T06:43:10.018+0000] {processor.py:183} INFO - Processing /home/airflow/.local/lib/python3.10/site-packages/airflow/example_dags/example_xcom.py took 0.364 seconds
[2025-02-19T06:44:30.688+0000] {processor.py:161} INFO - Started process (PID=77) to work on /home/airflow/.local/lib/python3.10/site-packages/airflow/example_dags/example_xcom.py
[2025-02-19T06:44:30.690+0000] {processor.py:830} INFO - Processing file /home/airflow/.local/lib/python3.10/site-packages/airflow/example_dags/example_xcom.py for tasks to queue
[2025-02-19T06:44:30.692+0000] {logging_mixin.py:188} INFO - [2025-02-19T06:44:30.691+0000] {dagbag.py:538} INFO - Filling up the DagBag from /home/airflow/.local/lib/python3.10/site-packages/airflow/example_dags/example_xcom.py
[2025-02-19T06:44:30.706+0000] {processor.py:840} INFO - DAG(s) 'example_xcom' retrieved from /home/airflow/.local/lib/python3.10/site-packages/airflow/example_dags/example_xcom.py
[2025-02-19T06:44:30.752+0000] {logging_mixin.py:188} INFO - [2025-02-19T06:44:30.751+0000] {dag.py:3036} INFO - Sync 1 DAGs
[2025-02-19T06:44:30.793+0000] {logging_mixin.py:188} INFO - [2025-02-19T06:44:30.792+0000] {dag.py:3823} INFO - Setting next_dagrun for example_xcom to 2021-01-01 00:00:00+00:00, run_after=2021-01-01 00:00:00+00:00
[2025-02-19T06:44:30.921+0000] {processor.py:183} INFO - Processing /home/airflow/.local/lib/python3.10/site-packages/airflow/example_dags/example_xcom.py took 0.238 seconds
[2025-02-19T06:45:24.772+0000] {processor.py:161} INFO - Started process (PID=106) to work on /home/airflow/.local/lib/python3.10/site-packages/airflow/example_dags/example_xcom.py
[2025-02-19T06:45:24.776+0000] {processor.py:830} INFO - Processing file /home/airflow/.local/lib/python3.10/site-packages/airflow/example_dags/example_xcom.py for tasks to queue
[2025-02-19T06:45:24.796+0000] {logging_mixin.py:188} INFO - [2025-02-19T06:45:24.795+0000] {dagbag.py:538} INFO - Filling up the DagBag from /home/airflow/.local/lib/python3.10/site-packages/airflow/example_dags/example_xcom.py
[2025-02-19T06:45:24.851+0000] {processor.py:840} INFO - DAG(s) 'example_xcom' retrieved from /home/airflow/.local/lib/python3.10/site-packages/airflow/example_dags/example_xcom.py
[2025-02-19T06:45:24.962+0000] {logging_mixin.py:188} INFO - [2025-02-19T06:45:24.962+0000] {dag.py:3036} INFO - Sync 1 DAGs
[2025-02-19T06:45:25.048+0000] {logging_mixin.py:188} INFO - [2025-02-19T06:45:25.047+0000] {dag.py:3823} INFO - Setting next_dagrun for example_xcom to 2021-01-01 00:00:00+00:00, run_after=2021-01-01 00:00:00+00:00
[2025-02-19T06:45:25.214+0000] {processor.py:183} INFO - Processing /home/airflow/.local/lib/python3.10/site-packages/airflow/example_dags/example_xcom.py took 0.458 seconds
[2025-02-19T06:46:19.977+0000] {processor.py:161} INFO - Started process (PID=140) to work on /home/airflow/.local/lib/python3.10/site-packages/airflow/example_dags/example_xcom.py
[2025-02-19T06:46:19.981+0000] {processor.py:830} INFO - Processing file /home/airflow/.local/lib/python3.10/site-packages/airflow/example_dags/example_xcom.py for tasks to queue
[2025-02-19T06:46:19.984+0000] {logging_mixin.py:188} INFO - [2025-02-19T06:46:19.983+0000] {dagbag.py:538} INFO - Filling up the DagBag from /home/airflow/.local/lib/python3.10/site-packages/airflow/example_dags/example_xcom.py
[2025-02-19T06:46:20.010+0000] {processor.py:840} INFO - DAG(s) 'example_xcom' retrieved from /home/airflow/.local/lib/python3.10/site-packages/airflow/example_dags/example_xcom.py
[2025-02-19T06:46:20.078+0000] {logging_mixin.py:188} INFO - [2025-02-19T06:46:20.078+0000] {dag.py:3036} INFO - Sync 1 DAGs
[2025-02-19T06:46:20.145+0000] {logging_mixin.py:188} INFO - [2025-02-19T06:46:20.145+0000] {dag.py:3823} INFO - Setting next_dagrun for example_xcom to 2021-01-01 00:00:00+00:00, run_after=2021-01-01 00:00:00+00:00
[2025-02-19T06:46:20.281+0000] {processor.py:183} INFO - Processing /home/airflow/.local/lib/python3.10/site-packages/airflow/example_dags/example_xcom.py took 0.317 seconds
[2025-02-19T06:47:08.042+0000] {processor.py:161} INFO - Started process (PID=169) to work on /home/airflow/.local/lib/python3.10/site-packages/airflow/example_dags/example_xcom.py
[2025-02-19T06:47:08.045+0000] {processor.py:830} INFO - Processing file /home/airflow/.local/lib/python3.10/site-packages/airflow/example_dags/example_xcom.py for tasks to queue
[2025-02-19T06:47:08.049+0000] {logging_mixin.py:188} INFO - [2025-02-19T06:47:08.047+0000] {dagbag.py:538} INFO - Filling up the DagBag from /home/airflow/.local/lib/python3.10/site-packages/airflow/example_dags/example_xcom.py
[2025-02-19T06:47:08.082+0000] {processor.py:840} INFO - DAG(s) 'example_xcom' retrieved from /home/airflow/.local/lib/python3.10/site-packages/airflow/example_dags/example_xcom.py
[2025-02-19T06:47:08.171+0000] {logging_mixin.py:188} INFO - [2025-02-19T06:47:08.170+0000] {dag.py:3036} INFO - Sync 1 DAGs
[2025-02-19T06:47:08.280+0000] {logging_mixin.py:188} INFO - [2025-02-19T06:47:08.279+0000] {dag.py:3823} INFO - Setting next_dagrun for example_xcom to 2021-01-01 00:00:00+00:00, run_after=2021-01-01 00:00:00+00:00
[2025-02-19T06:47:08.472+0000] {processor.py:183} INFO - Processing /home/airflow/.local/lib/python3.10/site-packages/airflow/example_dags/example_xcom.py took 0.443 seconds
[2025-02-19T06:48:02.081+0000] {processor.py:161} INFO - Started process (PID=201) to work on /home/airflow/.local/lib/python3.10/site-packages/airflow/example_dags/example_xcom.py
[2025-02-19T06:48:02.083+0000] {processor.py:830} INFO - Processing file /home/airflow/.local/lib/python3.10/site-packages/airflow/example_dags/example_xcom.py for tasks to queue
[2025-02-19T06:48:02.087+0000] {logging_mixin.py:188} INFO - [2025-02-19T06:48:02.085+0000] {dagbag.py:538} INFO - Filling up the DagBag from /home/airflow/.local/lib/python3.10/site-packages/airflow/example_dags/example_xcom.py
[2025-02-19T06:48:02.110+0000] {processor.py:840} INFO - DAG(s) 'example_xcom' retrieved from /home/airflow/.local/lib/python3.10/site-packages/airflow/example_dags/example_xcom.py
[2025-02-19T06:48:02.169+0000] {logging_mixin.py:188} INFO - [2025-02-19T06:48:02.169+0000] {dag.py:3036} INFO - Sync 1 DAGs
[2025-02-19T06:48:02.222+0000] {logging_mixin.py:188} INFO - [2025-02-19T06:48:02.221+0000] {dag.py:3823} INFO - Setting next_dagrun for example_xcom to 2021-01-01 00:00:00+00:00, run_after=2021-01-01 00:00:00+00:00
[2025-02-19T06:48:02.332+0000] {processor.py:183} INFO - Processing /home/airflow/.local/lib/python3.10/site-packages/airflow/example_dags/example_xcom.py took 0.257 seconds
[2025-02-19T06:48:50.302+0000] {processor.py:161} INFO - Started process (PID=230) to work on /home/airflow/.local/lib/python3.10/site-packages/airflow/example_dags/example_xcom.py
[2025-02-19T06:48:50.308+0000] {processor.py:830} INFO - Processing file /home/airflow/.local/lib/python3.10/site-packages/airflow/example_dags/example_xcom.py for tasks to queue
[2025-02-19T06:48:50.313+0000] {logging_mixin.py:188} INFO - [2025-02-19T06:48:50.311+0000] {dagbag.py:538} INFO - Filling up the DagBag from /home/airflow/.local/lib/python3.10/site-packages/airflow/example_dags/example_xcom.py
[2025-02-19T06:48:50.335+0000] {processor.py:840} INFO - DAG(s) 'example_xcom' retrieved from /home/airflow/.local/lib/python3.10/site-packages/airflow/example_dags/example_xcom.py
[2025-02-19T06:48:50.411+0000] {logging_mixin.py:188} INFO - [2025-02-19T06:48:50.410+0000] {dag.py:3036} INFO - Sync 1 DAGs
[2025-02-19T06:48:50.487+0000] {logging_mixin.py:188} INFO - [2025-02-19T06:48:50.486+0000] {dag.py:3823} INFO - Setting next_dagrun for example_xcom to 2021-01-01 00:00:00+00:00, run_after=2021-01-01 00:00:00+00:00
[2025-02-19T06:48:50.652+0000] {processor.py:183} INFO - Processing /home/airflow/.local/lib/python3.10/site-packages/airflow/example_dags/example_xcom.py took 0.359 seconds
[2025-02-19T06:49:42.313+0000] {processor.py:161} INFO - Started process (PID=262) to work on /home/airflow/.local/lib/python3.10/site-packages/airflow/example_dags/example_xcom.py
[2025-02-19T06:49:42.319+0000] {processor.py:830} INFO - Processing file /home/airflow/.local/lib/python3.10/site-packages/airflow/example_dags/example_xcom.py for tasks to queue
[2025-02-19T06:49:42.322+0000] {logging_mixin.py:188} INFO - [2025-02-19T06:49:42.322+0000] {dagbag.py:538} INFO - Filling up the DagBag from /home/airflow/.local/lib/python3.10/site-packages/airflow/example_dags/example_xcom.py
[2025-02-19T06:49:42.355+0000] {processor.py:840} INFO - DAG(s) 'example_xcom' retrieved from /home/airflow/.local/lib/python3.10/site-packages/airflow/example_dags/example_xcom.py
[2025-02-19T06:49:42.442+0000] {logging_mixin.py:188} INFO - [2025-02-19T06:49:42.441+0000] {dag.py:3036} INFO - Sync 1 DAGs
[2025-02-19T06:49:42.521+0000] {logging_mixin.py:188} INFO - [2025-02-19T06:49:42.521+0000] {dag.py:3823} INFO - Setting next_dagrun for example_xcom to 2021-01-01 00:00:00+00:00, run_after=2021-01-01 00:00:00+00:00
[2025-02-19T06:49:42.684+0000] {processor.py:183} INFO - Processing /home/airflow/.local/lib/python3.10/site-packages/airflow/example_dags/example_xcom.py took 0.380 seconds
[2025-02-19T06:50:37.499+0000] {processor.py:161} INFO - Started process (PID=293) to work on /home/airflow/.local/lib/python3.10/site-packages/airflow/example_dags/example_xcom.py
[2025-02-19T06:50:37.501+0000] {processor.py:830} INFO - Processing file /home/airflow/.local/lib/python3.10/site-packages/airflow/example_dags/example_xcom.py for tasks to queue
[2025-02-19T06:50:37.504+0000] {logging_mixin.py:188} INFO - [2025-02-19T06:50:37.503+0000] {dagbag.py:538} INFO - Filling up the DagBag from /home/airflow/.local/lib/python3.10/site-packages/airflow/example_dags/example_xcom.py
[2025-02-19T06:50:37.523+0000] {processor.py:840} INFO - DAG(s) 'example_xcom' retrieved from /home/airflow/.local/lib/python3.10/site-packages/airflow/example_dags/example_xcom.py
[2025-02-19T06:50:37.582+0000] {logging_mixin.py:188} INFO - [2025-02-19T06:50:37.581+0000] {dag.py:3036} INFO - Sync 1 DAGs
[2025-02-19T06:50:37.637+0000] {logging_mixin.py:188} INFO - [2025-02-19T06:50:37.637+0000] {dag.py:3823} INFO - Setting next_dagrun for example_xcom to 2021-01-01 00:00:00+00:00, run_after=2021-01-01 00:00:00+00:00
[2025-02-19T06:50:37.801+0000] {processor.py:183} INFO - Processing /home/airflow/.local/lib/python3.10/site-packages/airflow/example_dags/example_xcom.py took 0.312 seconds
[2025-02-19T06:51:25.982+0000] {processor.py:161} INFO - Started process (PID=325) to work on /home/airflow/.local/lib/python3.10/site-packages/airflow/example_dags/example_xcom.py
[2025-02-19T06:51:25.986+0000] {processor.py:830} INFO - Processing file /home/airflow/.local/lib/python3.10/site-packages/airflow/example_dags/example_xcom.py for tasks to queue
[2025-02-19T06:51:25.990+0000] {logging_mixin.py:188} INFO - [2025-02-19T06:51:25.988+0000] {dagbag.py:538} INFO - Filling up the DagBag from /home/airflow/.local/lib/python3.10/site-packages/airflow/example_dags/example_xcom.py
[2025-02-19T06:51:26.041+0000] {processor.py:840} INFO - DAG(s) 'example_xcom' retrieved from /home/airflow/.local/lib/python3.10/site-packages/airflow/example_dags/example_xcom.py
[2025-02-19T06:51:26.183+0000] {logging_mixin.py:188} INFO - [2025-02-19T06:51:26.183+0000] {dag.py:3036} INFO - Sync 1 DAGs
[2025-02-19T06:51:26.380+0000] {logging_mixin.py:188} INFO - [2025-02-19T06:51:26.379+0000] {dag.py:3823} INFO - Setting next_dagrun for example_xcom to 2021-01-01 00:00:00+00:00, run_after=2021-01-01 00:00:00+00:00
[2025-02-19T06:51:26.671+0000] {processor.py:183} INFO - Processing /home/airflow/.local/lib/python3.10/site-packages/airflow/example_dags/example_xcom.py took 0.706 seconds
[2025-02-19T06:52:21.878+0000] {processor.py:161} INFO - Started process (PID=355) to work on /home/airflow/.local/lib/python3.10/site-packages/airflow/example_dags/example_xcom.py
[2025-02-19T06:52:21.881+0000] {processor.py:830} INFO - Processing file /home/airflow/.local/lib/python3.10/site-packages/airflow/example_dags/example_xcom.py for tasks to queue
[2025-02-19T06:52:21.884+0000] {logging_mixin.py:188} INFO - [2025-02-19T06:52:21.883+0000] {dagbag.py:538} INFO - Filling up the DagBag from /home/airflow/.local/lib/python3.10/site-packages/airflow/example_dags/example_xcom.py
[2025-02-19T06:52:21.930+0000] {processor.py:840} INFO - DAG(s) 'example_xcom' retrieved from /home/airflow/.local/lib/python3.10/site-packages/airflow/example_dags/example_xcom.py
[2025-02-19T06:52:22.022+0000] {logging_mixin.py:188} INFO - [2025-02-19T06:52:22.022+0000] {dag.py:3036} INFO - Sync 1 DAGs
[2025-02-19T06:52:22.102+0000] {logging_mixin.py:188} INFO - [2025-02-19T06:52:22.101+0000] {dag.py:3823} INFO - Setting next_dagrun for example_xcom to 2021-01-01 00:00:00+00:00, run_after=2021-01-01 00:00:00+00:00
[2025-02-19T06:52:22.289+0000] {processor.py:183} INFO - Processing /home/airflow/.local/lib/python3.10/site-packages/airflow/example_dags/example_xcom.py took 0.421 seconds
[2025-02-19T06:53:10.818+0000] {processor.py:161} INFO - Started process (PID=390) to work on /home/airflow/.local/lib/python3.10/site-packages/airflow/example_dags/example_xcom.py
[2025-02-19T06:53:10.819+0000] {processor.py:830} INFO - Processing file /home/airflow/.local/lib/python3.10/site-packages/airflow/example_dags/example_xcom.py for tasks to queue
[2025-02-19T06:53:10.821+0000] {logging_mixin.py:188} INFO - [2025-02-19T06:53:10.821+0000] {dagbag.py:538} INFO - Filling up the DagBag from /home/airflow/.local/lib/python3.10/site-packages/airflow/example_dags/example_xcom.py
[2025-02-19T06:53:10.835+0000] {processor.py:840} INFO - DAG(s) 'example_xcom' retrieved from /home/airflow/.local/lib/python3.10/site-packages/airflow/example_dags/example_xcom.py
[2025-02-19T06:53:10.890+0000] {logging_mixin.py:188} INFO - [2025-02-19T06:53:10.890+0000] {dag.py:3036} INFO - Sync 1 DAGs
[2025-02-19T06:53:10.946+0000] {logging_mixin.py:188} INFO - [2025-02-19T06:53:10.945+0000] {dag.py:3823} INFO - Setting next_dagrun for example_xcom to 2021-01-01 00:00:00+00:00, run_after=2021-01-01 00:00:00+00:00
[2025-02-19T06:53:11.105+0000] {processor.py:183} INFO - Processing /home/airflow/.local/lib/python3.10/site-packages/airflow/example_dags/example_xcom.py took 0.292 seconds
[2025-02-19T06:54:00.455+0000] {processor.py:161} INFO - Started process (PID=417) to work on /home/airflow/.local/lib/python3.10/site-packages/airflow/example_dags/example_xcom.py
[2025-02-19T06:54:00.457+0000] {processor.py:830} INFO - Processing file /home/airflow/.local/lib/python3.10/site-packages/airflow/example_dags/example_xcom.py for tasks to queue
[2025-02-19T06:54:00.464+0000] {logging_mixin.py:188} INFO - [2025-02-19T06:54:00.462+0000] {dagbag.py:538} INFO - Filling up the DagBag from /home/airflow/.local/lib/python3.10/site-packages/airflow/example_dags/example_xcom.py
[2025-02-19T06:54:00.484+0000] {processor.py:840} INFO - DAG(s) 'example_xcom' retrieved from /home/airflow/.local/lib/python3.10/site-packages/airflow/example_dags/example_xcom.py
[2025-02-19T06:54:00.539+0000] {logging_mixin.py:188} INFO - [2025-02-19T06:54:00.538+0000] {dag.py:3036} INFO - Sync 1 DAGs
[2025-02-19T06:54:00.596+0000] {logging_mixin.py:188} INFO - [2025-02-19T06:54:00.595+0000] {dag.py:3823} INFO - Setting next_dagrun for example_xcom to 2021-01-01 00:00:00+00:00, run_after=2021-01-01 00:00:00+00:00
[2025-02-19T06:54:00.751+0000] {processor.py:183} INFO - Processing /home/airflow/.local/lib/python3.10/site-packages/airflow/example_dags/example_xcom.py took 0.302 seconds
[2025-02-19T06:54:44.244+0000] {processor.py:161} INFO - Started process (PID=449) to work on /home/airflow/.local/lib/python3.10/site-packages/airflow/example_dags/example_xcom.py
[2025-02-19T06:54:44.249+0000] {processor.py:830} INFO - Processing file /home/airflow/.local/lib/python3.10/site-packages/airflow/example_dags/example_xcom.py for tasks to queue
[2025-02-19T06:54:44.252+0000] {logging_mixin.py:188} INFO - [2025-02-19T06:54:44.251+0000] {dagbag.py:538} INFO - Filling up the DagBag from /home/airflow/.local/lib/python3.10/site-packages/airflow/example_dags/example_xcom.py
[2025-02-19T06:54:44.272+0000] {processor.py:840} INFO - DAG(s) 'example_xcom' retrieved from /home/airflow/.local/lib/python3.10/site-packages/airflow/example_dags/example_xcom.py
[2025-02-19T06:54:44.336+0000] {logging_mixin.py:188} INFO - [2025-02-19T06:54:44.335+0000] {dag.py:3036} INFO - Sync 1 DAGs
[2025-02-19T06:54:44.418+0000] {logging_mixin.py:188} INFO - [2025-02-19T06:54:44.417+0000] {dag.py:3823} INFO - Setting next_dagrun for example_xcom to 2021-01-01 00:00:00+00:00, run_after=2021-01-01 00:00:00+00:00
[2025-02-19T06:54:44.541+0000] {processor.py:183} INFO - Processing /home/airflow/.local/lib/python3.10/site-packages/airflow/example_dags/example_xcom.py took 0.306 seconds
[2025-02-19T06:55:23.233+0000] {processor.py:161} INFO - Started process (PID=475) to work on /home/airflow/.local/lib/python3.10/site-packages/airflow/example_dags/example_xcom.py
[2025-02-19T06:55:23.237+0000] {processor.py:830} INFO - Processing file /home/airflow/.local/lib/python3.10/site-packages/airflow/example_dags/example_xcom.py for tasks to queue
[2025-02-19T06:55:23.239+0000] {logging_mixin.py:188} INFO - [2025-02-19T06:55:23.239+0000] {dagbag.py:538} INFO - Filling up the DagBag from /home/airflow/.local/lib/python3.10/site-packages/airflow/example_dags/example_xcom.py
[2025-02-19T06:55:23.257+0000] {processor.py:840} INFO - DAG(s) 'example_xcom' retrieved from /home/airflow/.local/lib/python3.10/site-packages/airflow/example_dags/example_xcom.py
[2025-02-19T06:55:23.320+0000] {logging_mixin.py:188} INFO - [2025-02-19T06:55:23.320+0000] {dag.py:3036} INFO - Sync 1 DAGs
[2025-02-19T06:55:23.381+0000] {logging_mixin.py:188} INFO - [2025-02-19T06:55:23.380+0000] {dag.py:3823} INFO - Setting next_dagrun for example_xcom to 2021-01-01 00:00:00+00:00, run_after=2021-01-01 00:00:00+00:00
[2025-02-19T06:55:23.511+0000] {processor.py:183} INFO - Processing /home/airflow/.local/lib/python3.10/site-packages/airflow/example_dags/example_xcom.py took 0.282 seconds
[2025-02-19T06:56:04.051+0000] {processor.py:161} INFO - Started process (PID=504) to work on /home/airflow/.local/lib/python3.10/site-packages/airflow/example_dags/example_xcom.py
[2025-02-19T06:56:04.057+0000] {processor.py:830} INFO - Processing file /home/airflow/.local/lib/python3.10/site-packages/airflow/example_dags/example_xcom.py for tasks to queue
[2025-02-19T06:56:04.060+0000] {logging_mixin.py:188} INFO - [2025-02-19T06:56:04.060+0000] {dagbag.py:538} INFO - Filling up the DagBag from /home/airflow/.local/lib/python3.10/site-packages/airflow/example_dags/example_xcom.py
[2025-02-19T06:56:04.079+0000] {processor.py:840} INFO - DAG(s) 'example_xcom' retrieved from /home/airflow/.local/lib/python3.10/site-packages/airflow/example_dags/example_xcom.py
[2025-02-19T06:56:04.133+0000] {logging_mixin.py:188} INFO - [2025-02-19T06:56:04.133+0000] {dag.py:3036} INFO - Sync 1 DAGs
[2025-02-19T06:56:04.180+0000] {logging_mixin.py:188} INFO - [2025-02-19T06:56:04.180+0000] {dag.py:3823} INFO - Setting next_dagrun for example_xcom to 2021-01-01 00:00:00+00:00, run_after=2021-01-01 00:00:00+00:00
[2025-02-19T06:56:04.321+0000] {processor.py:183} INFO - Processing /home/airflow/.local/lib/python3.10/site-packages/airflow/example_dags/example_xcom.py took 0.277 seconds
[2025-02-19T06:56:48.833+0000] {processor.py:161} INFO - Started process (PID=531) to work on /home/airflow/.local/lib/python3.10/site-packages/airflow/example_dags/example_xcom.py
[2025-02-19T06:56:48.836+0000] {processor.py:830} INFO - Processing file /home/airflow/.local/lib/python3.10/site-packages/airflow/example_dags/example_xcom.py for tasks to queue
[2025-02-19T06:56:48.838+0000] {logging_mixin.py:188} INFO - [2025-02-19T06:56:48.837+0000] {dagbag.py:538} INFO - Filling up the DagBag from /home/airflow/.local/lib/python3.10/site-packages/airflow/example_dags/example_xcom.py
[2025-02-19T06:56:48.866+0000] {processor.py:840} INFO - DAG(s) 'example_xcom' retrieved from /home/airflow/.local/lib/python3.10/site-packages/airflow/example_dags/example_xcom.py
[2025-02-19T06:56:48.938+0000] {logging_mixin.py:188} INFO - [2025-02-19T06:56:48.938+0000] {dag.py:3036} INFO - Sync 1 DAGs
[2025-02-19T06:56:49.003+0000] {logging_mixin.py:188} INFO - [2025-02-19T06:56:49.003+0000] {dag.py:3823} INFO - Setting next_dagrun for example_xcom to 2021-01-01 00:00:00+00:00, run_after=2021-01-01 00:00:00+00:00
[2025-02-19T06:56:49.152+0000] {processor.py:183} INFO - Processing /home/airflow/.local/lib/python3.10/site-packages/airflow/example_dags/example_xcom.py took 0.325 seconds
[2025-02-19T06:57:42.321+0000] {processor.py:161} INFO - Started process (PID=563) to work on /home/airflow/.local/lib/python3.10/site-packages/airflow/example_dags/example_xcom.py
[2025-02-19T06:57:42.326+0000] {processor.py:830} INFO - Processing file /home/airflow/.local/lib/python3.10/site-packages/airflow/example_dags/example_xcom.py for tasks to queue
[2025-02-19T06:57:42.329+0000] {logging_mixin.py:188} INFO - [2025-02-19T06:57:42.328+0000] {dagbag.py:538} INFO - Filling up the DagBag from /home/airflow/.local/lib/python3.10/site-packages/airflow/example_dags/example_xcom.py
[2025-02-19T06:57:42.361+0000] {processor.py:840} INFO - DAG(s) 'example_xcom' retrieved from /home/airflow/.local/lib/python3.10/site-packages/airflow/example_dags/example_xcom.py
[2025-02-19T06:57:42.429+0000] {logging_mixin.py:188} INFO - [2025-02-19T06:57:42.428+0000] {dag.py:3036} INFO - Sync 1 DAGs
[2025-02-19T06:57:42.523+0000] {logging_mixin.py:188} INFO - [2025-02-19T06:57:42.522+0000] {dag.py:3823} INFO - Setting next_dagrun for example_xcom to 2021-01-01 00:00:00+00:00, run_after=2021-01-01 00:00:00+00:00
[2025-02-19T06:57:42.734+0000] {processor.py:183} INFO - Processing /home/airflow/.local/lib/python3.10/site-packages/airflow/example_dags/example_xcom.py took 0.423 seconds
[2025-02-19T06:58:26.666+0000] {processor.py:161} INFO - Started process (PID=592) to work on /home/airflow/.local/lib/python3.10/site-packages/airflow/example_dags/example_xcom.py
[2025-02-19T06:58:26.668+0000] {processor.py:830} INFO - Processing file /home/airflow/.local/lib/python3.10/site-packages/airflow/example_dags/example_xcom.py for tasks to queue
[2025-02-19T06:58:26.670+0000] {logging_mixin.py:188} INFO - [2025-02-19T06:58:26.669+0000] {dagbag.py:538} INFO - Filling up the DagBag from /home/airflow/.local/lib/python3.10/site-packages/airflow/example_dags/example_xcom.py
[2025-02-19T06:58:26.682+0000] {processor.py:840} INFO - DAG(s) 'example_xcom' retrieved from /home/airflow/.local/lib/python3.10/site-packages/airflow/example_dags/example_xcom.py
[2025-02-19T06:58:26.733+0000] {logging_mixin.py:188} INFO - [2025-02-19T06:58:26.733+0000] {dag.py:3036} INFO - Sync 1 DAGs
[2025-02-19T06:58:26.779+0000] {logging_mixin.py:188} INFO - [2025-02-19T06:58:26.775+0000] {dag.py:3823} INFO - Setting next_dagrun for example_xcom to 2021-01-01 00:00:00+00:00, run_after=2021-01-01 00:00:00+00:00
[2025-02-19T06:58:26.911+0000] {processor.py:183} INFO - Processing /home/airflow/.local/lib/python3.10/site-packages/airflow/example_dags/example_xcom.py took 0.251 seconds
[2025-02-19T06:59:10.540+0000] {processor.py:161} INFO - Started process (PID=621) to work on /home/airflow/.local/lib/python3.10/site-packages/airflow/example_dags/example_xcom.py
[2025-02-19T06:59:10.542+0000] {processor.py:830} INFO - Processing file /home/airflow/.local/lib/python3.10/site-packages/airflow/example_dags/example_xcom.py for tasks to queue
[2025-02-19T06:59:10.544+0000] {logging_mixin.py:188} INFO - [2025-02-19T06:59:10.543+0000] {dagbag.py:538} INFO - Filling up the DagBag from /home/airflow/.local/lib/python3.10/site-packages/airflow/example_dags/example_xcom.py
[2025-02-19T06:59:10.557+0000] {processor.py:840} INFO - DAG(s) 'example_xcom' retrieved from /home/airflow/.local/lib/python3.10/site-packages/airflow/example_dags/example_xcom.py
[2025-02-19T06:59:10.607+0000] {logging_mixin.py:188} INFO - [2025-02-19T06:59:10.606+0000] {dag.py:3036} INFO - Sync 1 DAGs
[2025-02-19T06:59:10.655+0000] {logging_mixin.py:188} INFO - [2025-02-19T06:59:10.654+0000] {dag.py:3823} INFO - Setting next_dagrun for example_xcom to 2021-01-01 00:00:00+00:00, run_after=2021-01-01 00:00:00+00:00
[2025-02-19T06:59:10.770+0000] {processor.py:183} INFO - Processing /home/airflow/.local/lib/python3.10/site-packages/airflow/example_dags/example_xcom.py took 0.234 seconds
[2025-02-19T07:00:06.071+0000] {processor.py:161} INFO - Started process (PID=651) to work on /home/airflow/.local/lib/python3.10/site-packages/airflow/example_dags/example_xcom.py
[2025-02-19T07:00:06.079+0000] {processor.py:830} INFO - Processing file /home/airflow/.local/lib/python3.10/site-packages/airflow/example_dags/example_xcom.py for tasks to queue
[2025-02-19T07:00:06.085+0000] {logging_mixin.py:188} INFO - [2025-02-19T07:00:06.082+0000] {dagbag.py:538} INFO - Filling up the DagBag from /home/airflow/.local/lib/python3.10/site-packages/airflow/example_dags/example_xcom.py
[2025-02-19T07:00:06.115+0000] {processor.py:840} INFO - DAG(s) 'example_xcom' retrieved from /home/airflow/.local/lib/python3.10/site-packages/airflow/example_dags/example_xcom.py
[2025-02-19T07:00:06.195+0000] {logging_mixin.py:188} INFO - [2025-02-19T07:00:06.194+0000] {dag.py:3036} INFO - Sync 1 DAGs
[2025-02-19T07:00:06.285+0000] {logging_mixin.py:188} INFO - [2025-02-19T07:00:06.284+0000] {dag.py:3823} INFO - Setting next_dagrun for example_xcom to 2021-01-01 00:00:00+00:00, run_after=2021-01-01 00:00:00+00:00
[2025-02-19T07:00:06.460+0000] {processor.py:183} INFO - Processing /home/airflow/.local/lib/python3.10/site-packages/airflow/example_dags/example_xcom.py took 0.399 seconds
[2025-02-19T07:01:02.364+0000] {processor.py:161} INFO - Started process (PID=686) to work on /home/airflow/.local/lib/python3.10/site-packages/airflow/example_dags/example_xcom.py
[2025-02-19T07:01:02.367+0000] {processor.py:830} INFO - Processing file /home/airflow/.local/lib/python3.10/site-packages/airflow/example_dags/example_xcom.py for tasks to queue
[2025-02-19T07:01:02.369+0000] {logging_mixin.py:188} INFO - [2025-02-19T07:01:02.368+0000] {dagbag.py:538} INFO - Filling up the DagBag from /home/airflow/.local/lib/python3.10/site-packages/airflow/example_dags/example_xcom.py
[2025-02-19T07:01:02.388+0000] {processor.py:840} INFO - DAG(s) 'example_xcom' retrieved from /home/airflow/.local/lib/python3.10/site-packages/airflow/example_dags/example_xcom.py
[2025-02-19T07:01:02.443+0000] {logging_mixin.py:188} INFO - [2025-02-19T07:01:02.442+0000] {dag.py:3036} INFO - Sync 1 DAGs
[2025-02-19T07:01:02.498+0000] {logging_mixin.py:188} INFO - [2025-02-19T07:01:02.498+0000] {dag.py:3823} INFO - Setting next_dagrun for example_xcom to 2021-01-01 00:00:00+00:00, run_after=2021-01-01 00:00:00+00:00
[2025-02-19T07:01:02.626+0000] {processor.py:183} INFO - Processing /home/airflow/.local/lib/python3.10/site-packages/airflow/example_dags/example_xcom.py took 0.268 seconds
[2025-02-19T07:01:47.376+0000] {processor.py:161} INFO - Started process (PID=715) to work on /home/airflow/.local/lib/python3.10/site-packages/airflow/example_dags/example_xcom.py
[2025-02-19T07:01:47.378+0000] {processor.py:830} INFO - Processing file /home/airflow/.local/lib/python3.10/site-packages/airflow/example_dags/example_xcom.py for tasks to queue
[2025-02-19T07:01:47.381+0000] {logging_mixin.py:188} INFO - [2025-02-19T07:01:47.380+0000] {dagbag.py:538} INFO - Filling up the DagBag from /home/airflow/.local/lib/python3.10/site-packages/airflow/example_dags/example_xcom.py
[2025-02-19T07:01:47.398+0000] {processor.py:840} INFO - DAG(s) 'example_xcom' retrieved from /home/airflow/.local/lib/python3.10/site-packages/airflow/example_dags/example_xcom.py
[2025-02-19T07:01:47.464+0000] {logging_mixin.py:188} INFO - [2025-02-19T07:01:47.464+0000] {dag.py:3036} INFO - Sync 1 DAGs
[2025-02-19T07:01:47.517+0000] {logging_mixin.py:188} INFO - [2025-02-19T07:01:47.517+0000] {dag.py:3823} INFO - Setting next_dagrun for example_xcom to 2021-01-01 00:00:00+00:00, run_after=2021-01-01 00:00:00+00:00
[2025-02-19T07:01:47.677+0000] {processor.py:183} INFO - Processing /home/airflow/.local/lib/python3.10/site-packages/airflow/example_dags/example_xcom.py took 0.310 seconds
[2025-02-19T07:02:41.982+0000] {processor.py:161} INFO - Started process (PID=746) to work on /home/airflow/.local/lib/python3.10/site-packages/airflow/example_dags/example_xcom.py
[2025-02-19T07:02:41.989+0000] {processor.py:830} INFO - Processing file /home/airflow/.local/lib/python3.10/site-packages/airflow/example_dags/example_xcom.py for tasks to queue
[2025-02-19T07:02:41.991+0000] {logging_mixin.py:188} INFO - [2025-02-19T07:02:41.990+0000] {dagbag.py:538} INFO - Filling up the DagBag from /home/airflow/.local/lib/python3.10/site-packages/airflow/example_dags/example_xcom.py
[2025-02-19T07:02:42.015+0000] {processor.py:840} INFO - DAG(s) 'example_xcom' retrieved from /home/airflow/.local/lib/python3.10/site-packages/airflow/example_dags/example_xcom.py
[2025-02-19T07:02:42.074+0000] {logging_mixin.py:188} INFO - [2025-02-19T07:02:42.073+0000] {dag.py:3036} INFO - Sync 1 DAGs
[2025-02-19T07:02:42.135+0000] {logging_mixin.py:188} INFO - [2025-02-19T07:02:42.134+0000] {dag.py:3823} INFO - Setting next_dagrun for example_xcom to 2021-01-01 00:00:00+00:00, run_after=2021-01-01 00:00:00+00:00
[2025-02-19T07:02:42.311+0000] {processor.py:183} INFO - Processing /home/airflow/.local/lib/python3.10/site-packages/airflow/example_dags/example_xcom.py took 0.338 seconds
[2025-02-19T07:03:27.527+0000] {processor.py:161} INFO - Started process (PID=777) to work on /home/airflow/.local/lib/python3.10/site-packages/airflow/example_dags/example_xcom.py
[2025-02-19T07:03:27.539+0000] {processor.py:830} INFO - Processing file /home/airflow/.local/lib/python3.10/site-packages/airflow/example_dags/example_xcom.py for tasks to queue
[2025-02-19T07:03:27.542+0000] {logging_mixin.py:188} INFO - [2025-02-19T07:03:27.541+0000] {dagbag.py:538} INFO - Filling up the DagBag from /home/airflow/.local/lib/python3.10/site-packages/airflow/example_dags/example_xcom.py
[2025-02-19T07:03:27.604+0000] {processor.py:840} INFO - DAG(s) 'example_xcom' retrieved from /home/airflow/.local/lib/python3.10/site-packages/airflow/example_dags/example_xcom.py
[2025-02-19T07:03:27.727+0000] {logging_mixin.py:188} INFO - [2025-02-19T07:03:27.726+0000] {dag.py:3036} INFO - Sync 1 DAGs
[2025-02-19T07:03:27.854+0000] {logging_mixin.py:188} INFO - [2025-02-19T07:03:27.853+0000] {dag.py:3823} INFO - Setting next_dagrun for example_xcom to 2021-01-01 00:00:00+00:00, run_after=2021-01-01 00:00:00+00:00
[2025-02-19T07:03:28.065+0000] {processor.py:183} INFO - Processing /home/airflow/.local/lib/python3.10/site-packages/airflow/example_dags/example_xcom.py took 0.556 seconds
[2025-02-19T07:04:19.465+0000] {processor.py:161} INFO - Started process (PID=806) to work on /home/airflow/.local/lib/python3.10/site-packages/airflow/example_dags/example_xcom.py
[2025-02-19T07:04:19.469+0000] {processor.py:830} INFO - Processing file /home/airflow/.local/lib/python3.10/site-packages/airflow/example_dags/example_xcom.py for tasks to queue
[2025-02-19T07:04:19.473+0000] {logging_mixin.py:188} INFO - [2025-02-19T07:04:19.472+0000] {dagbag.py:538} INFO - Filling up the DagBag from /home/airflow/.local/lib/python3.10/site-packages/airflow/example_dags/example_xcom.py
[2025-02-19T07:04:19.519+0000] {processor.py:840} INFO - DAG(s) 'example_xcom' retrieved from /home/airflow/.local/lib/python3.10/site-packages/airflow/example_dags/example_xcom.py
[2025-02-19T07:04:19.663+0000] {logging_mixin.py:188} INFO - [2025-02-19T07:04:19.662+0000] {dag.py:3036} INFO - Sync 1 DAGs
[2025-02-19T07:04:19.822+0000] {logging_mixin.py:188} INFO - [2025-02-19T07:04:19.821+0000] {dag.py:3823} INFO - Setting next_dagrun for example_xcom to 2021-01-01 00:00:00+00:00, run_after=2021-01-01 00:00:00+00:00
[2025-02-19T07:04:20.062+0000] {processor.py:183} INFO - Processing /home/airflow/.local/lib/python3.10/site-packages/airflow/example_dags/example_xcom.py took 0.617 seconds
[2025-02-19T07:06:00.404+0000] {processor.py:161} INFO - Started process (PID=838) to work on /home/airflow/.local/lib/python3.10/site-packages/airflow/example_dags/example_xcom.py
[2025-02-19T07:06:00.414+0000] {processor.py:830} INFO - Processing file /home/airflow/.local/lib/python3.10/site-packages/airflow/example_dags/example_xcom.py for tasks to queue
[2025-02-19T07:06:00.421+0000] {logging_mixin.py:188} INFO - [2025-02-19T07:06:00.419+0000] {dagbag.py:538} INFO - Filling up the DagBag from /home/airflow/.local/lib/python3.10/site-packages/airflow/example_dags/example_xcom.py
[2025-02-19T07:06:00.477+0000] {processor.py:840} INFO - DAG(s) 'example_xcom' retrieved from /home/airflow/.local/lib/python3.10/site-packages/airflow/example_dags/example_xcom.py
[2025-02-19T07:06:00.704+0000] {logging_mixin.py:188} INFO - [2025-02-19T07:06:00.703+0000] {dag.py:3036} INFO - Sync 1 DAGs
[2025-02-19T07:06:00.914+0000] {logging_mixin.py:188} INFO - [2025-02-19T07:06:00.913+0000] {dag.py:3823} INFO - Setting next_dagrun for example_xcom to 2021-01-01 00:00:00+00:00, run_after=2021-01-01 00:00:00+00:00
[2025-02-19T07:06:01.269+0000] {processor.py:183} INFO - Processing /home/airflow/.local/lib/python3.10/site-packages/airflow/example_dags/example_xcom.py took 0.883 seconds
[2025-02-19T07:07:33.169+0000] {processor.py:161} INFO - Started process (PID=877) to work on /home/airflow/.local/lib/python3.10/site-packages/airflow/example_dags/example_xcom.py
[2025-02-19T07:07:33.183+0000] {processor.py:830} INFO - Processing file /home/airflow/.local/lib/python3.10/site-packages/airflow/example_dags/example_xcom.py for tasks to queue
[2025-02-19T07:07:33.198+0000] {logging_mixin.py:188} INFO - [2025-02-19T07:07:33.186+0000] {dagbag.py:538} INFO - Filling up the DagBag from /home/airflow/.local/lib/python3.10/site-packages/airflow/example_dags/example_xcom.py
[2025-02-19T07:07:33.268+0000] {processor.py:840} INFO - DAG(s) 'example_xcom' retrieved from /home/airflow/.local/lib/python3.10/site-packages/airflow/example_dags/example_xcom.py
[2025-02-19T07:07:33.814+0000] {logging_mixin.py:188} INFO - [2025-02-19T07:07:33.813+0000] {dag.py:3036} INFO - Sync 1 DAGs
[2025-02-19T07:07:33.976+0000] {logging_mixin.py:188} INFO - [2025-02-19T07:07:33.975+0000] {dag.py:3823} INFO - Setting next_dagrun for example_xcom to 2021-01-01 00:00:00+00:00, run_after=2021-01-01 00:00:00+00:00
[2025-02-19T07:07:34.185+0000] {processor.py:183} INFO - Processing /home/airflow/.local/lib/python3.10/site-packages/airflow/example_dags/example_xcom.py took 1.039 seconds
[2025-02-19T07:09:25.684+0000] {processor.py:161} INFO - Started process (PID=28) to work on /home/airflow/.local/lib/python3.10/site-packages/airflow/example_dags/example_xcom.py
[2025-02-19T07:09:25.689+0000] {processor.py:830} INFO - Processing file /home/airflow/.local/lib/python3.10/site-packages/airflow/example_dags/example_xcom.py for tasks to queue
[2025-02-19T07:09:25.696+0000] {logging_mixin.py:188} INFO - [2025-02-19T07:09:25.695+0000] {dagbag.py:538} INFO - Filling up the DagBag from /home/airflow/.local/lib/python3.10/site-packages/airflow/example_dags/example_xcom.py
[2025-02-19T07:09:25.772+0000] {processor.py:840} INFO - DAG(s) 'example_xcom' retrieved from /home/airflow/.local/lib/python3.10/site-packages/airflow/example_dags/example_xcom.py
[2025-02-19T07:09:25.922+0000] {logging_mixin.py:188} INFO - [2025-02-19T07:09:25.921+0000] {dag.py:3036} INFO - Sync 1 DAGs
[2025-02-19T07:09:26.081+0000] {logging_mixin.py:188} INFO - [2025-02-19T07:09:26.080+0000] {dag.py:3823} INFO - Setting next_dagrun for example_xcom to 2021-01-01 00:00:00+00:00, run_after=2021-01-01 00:00:00+00:00
[2025-02-19T07:09:26.418+0000] {processor.py:183} INFO - Processing /home/airflow/.local/lib/python3.10/site-packages/airflow/example_dags/example_xcom.py took 0.750 seconds
