[2025-02-19T05:56:25.581+0000] {processor.py:161} INFO - Started process (PID=62) to work on /home/airflow/.local/lib/python3.10/site-packages/airflow/example_dags/example_latest_only.py
[2025-02-19T05:56:25.584+0000] {processor.py:830} INFO - Processing file /home/airflow/.local/lib/python3.10/site-packages/airflow/example_dags/example_latest_only.py for tasks to queue
[2025-02-19T05:56:25.595+0000] {logging_mixin.py:188} INFO - [2025-02-19T05:56:25.594+0000] {dagbag.py:538} INFO - Filling up the DagBag from /home/airflow/.local/lib/python3.10/site-packages/airflow/example_dags/example_latest_only.py
[2025-02-19T05:56:25.620+0000] {processor.py:840} INFO - DAG(s) 'latest_only' retrieved from /home/airflow/.local/lib/python3.10/site-packages/airflow/example_dags/example_latest_only.py
[2025-02-19T05:56:25.735+0000] {logging_mixin.py:188} INFO - [2025-02-19T05:56:25.734+0000] {dag.py:3036} INFO - Sync 1 DAGs
[2025-02-19T05:56:25.850+0000] {logging_mixin.py:188} INFO - [2025-02-19T05:56:25.849+0000] {dag.py:3823} INFO - Setting next_dagrun for latest_only to 2025-02-19 00:00:00+00:00, run_after=2025-02-19 04:00:00+00:00
[2025-02-19T05:56:26.019+0000] {processor.py:183} INFO - Processing /home/airflow/.local/lib/python3.10/site-packages/airflow/example_dags/example_latest_only.py took 0.449 seconds
[2025-02-19T05:58:53.218+0000] {processor.py:161} INFO - Started process (PID=111) to work on /home/airflow/.local/lib/python3.10/site-packages/airflow/example_dags/example_latest_only.py
[2025-02-19T05:58:53.222+0000] {processor.py:830} INFO - Processing file /home/airflow/.local/lib/python3.10/site-packages/airflow/example_dags/example_latest_only.py for tasks to queue
[2025-02-19T05:58:53.240+0000] {logging_mixin.py:188} INFO - [2025-02-19T05:58:53.238+0000] {dagbag.py:538} INFO - Filling up the DagBag from /home/airflow/.local/lib/python3.10/site-packages/airflow/example_dags/example_latest_only.py
[2025-02-19T05:58:53.308+0000] {processor.py:840} INFO - DAG(s) 'latest_only' retrieved from /home/airflow/.local/lib/python3.10/site-packages/airflow/example_dags/example_latest_only.py
[2025-02-19T05:58:53.650+0000] {logging_mixin.py:188} INFO - [2025-02-19T05:58:53.649+0000] {dag.py:3036} INFO - Sync 1 DAGs
[2025-02-19T05:58:53.882+0000] {logging_mixin.py:188} INFO - [2025-02-19T05:58:53.881+0000] {dag.py:3823} INFO - Setting next_dagrun for latest_only to 2025-02-19 00:00:00+00:00, run_after=2025-02-19 04:00:00+00:00
[2025-02-19T05:58:54.072+0000] {processor.py:183} INFO - Processing /home/airflow/.local/lib/python3.10/site-packages/airflow/example_dags/example_latest_only.py took 0.872 seconds
[2025-02-19T06:00:56.705+0000] {processor.py:161} INFO - Started process (PID=177) to work on /home/airflow/.local/lib/python3.10/site-packages/airflow/example_dags/example_latest_only.py
[2025-02-19T06:00:56.709+0000] {processor.py:830} INFO - Processing file /home/airflow/.local/lib/python3.10/site-packages/airflow/example_dags/example_latest_only.py for tasks to queue
[2025-02-19T06:00:56.719+0000] {logging_mixin.py:188} INFO - [2025-02-19T06:00:56.711+0000] {dagbag.py:538} INFO - Filling up the DagBag from /home/airflow/.local/lib/python3.10/site-packages/airflow/example_dags/example_latest_only.py
[2025-02-19T06:00:56.759+0000] {processor.py:840} INFO - DAG(s) 'latest_only' retrieved from /home/airflow/.local/lib/python3.10/site-packages/airflow/example_dags/example_latest_only.py
[2025-02-19T06:00:56.901+0000] {logging_mixin.py:188} INFO - [2025-02-19T06:00:56.900+0000] {dag.py:3036} INFO - Sync 1 DAGs
[2025-02-19T06:00:57.046+0000] {logging_mixin.py:188} INFO - [2025-02-19T06:00:57.045+0000] {dag.py:3823} INFO - Setting next_dagrun for latest_only to 2025-02-19 00:00:00+00:00, run_after=2025-02-19 04:00:00+00:00
[2025-02-19T06:00:57.300+0000] {processor.py:183} INFO - Processing /home/airflow/.local/lib/python3.10/site-packages/airflow/example_dags/example_latest_only.py took 0.613 seconds
[2025-02-19T06:02:50.280+0000] {processor.py:161} INFO - Started process (PID=243) to work on /home/airflow/.local/lib/python3.10/site-packages/airflow/example_dags/example_latest_only.py
[2025-02-19T06:02:50.283+0000] {processor.py:830} INFO - Processing file /home/airflow/.local/lib/python3.10/site-packages/airflow/example_dags/example_latest_only.py for tasks to queue
[2025-02-19T06:02:50.286+0000] {logging_mixin.py:188} INFO - [2025-02-19T06:02:50.285+0000] {dagbag.py:538} INFO - Filling up the DagBag from /home/airflow/.local/lib/python3.10/site-packages/airflow/example_dags/example_latest_only.py
[2025-02-19T06:02:50.298+0000] {processor.py:840} INFO - DAG(s) 'latest_only' retrieved from /home/airflow/.local/lib/python3.10/site-packages/airflow/example_dags/example_latest_only.py
[2025-02-19T06:02:50.345+0000] {logging_mixin.py:188} INFO - [2025-02-19T06:02:50.345+0000] {dag.py:3036} INFO - Sync 1 DAGs
[2025-02-19T06:02:50.416+0000] {logging_mixin.py:188} INFO - [2025-02-19T06:02:50.416+0000] {dag.py:3823} INFO - Setting next_dagrun for latest_only to 2025-02-19 00:00:00+00:00, run_after=2025-02-19 04:00:00+00:00
[2025-02-19T06:02:50.547+0000] {processor.py:183} INFO - Processing /home/airflow/.local/lib/python3.10/site-packages/airflow/example_dags/example_latest_only.py took 0.273 seconds
[2025-02-19T06:04:30.258+0000] {processor.py:161} INFO - Started process (PID=304) to work on /home/airflow/.local/lib/python3.10/site-packages/airflow/example_dags/example_latest_only.py
[2025-02-19T06:04:30.269+0000] {processor.py:830} INFO - Processing file /home/airflow/.local/lib/python3.10/site-packages/airflow/example_dags/example_latest_only.py for tasks to queue
[2025-02-19T06:04:30.272+0000] {logging_mixin.py:188} INFO - [2025-02-19T06:04:30.271+0000] {dagbag.py:538} INFO - Filling up the DagBag from /home/airflow/.local/lib/python3.10/site-packages/airflow/example_dags/example_latest_only.py
[2025-02-19T06:04:30.295+0000] {processor.py:840} INFO - DAG(s) 'latest_only' retrieved from /home/airflow/.local/lib/python3.10/site-packages/airflow/example_dags/example_latest_only.py
[2025-02-19T06:04:30.423+0000] {logging_mixin.py:188} INFO - [2025-02-19T06:04:30.422+0000] {dag.py:3036} INFO - Sync 1 DAGs
[2025-02-19T06:04:30.548+0000] {logging_mixin.py:188} INFO - [2025-02-19T06:04:30.547+0000] {dag.py:3823} INFO - Setting next_dagrun for latest_only to 2025-02-19 00:00:00+00:00, run_after=2025-02-19 04:00:00+00:00
[2025-02-19T06:04:30.740+0000] {processor.py:183} INFO - Processing /home/airflow/.local/lib/python3.10/site-packages/airflow/example_dags/example_latest_only.py took 0.489 seconds
[2025-02-19T06:06:22.150+0000] {processor.py:161} INFO - Started process (PID=368) to work on /home/airflow/.local/lib/python3.10/site-packages/airflow/example_dags/example_latest_only.py
[2025-02-19T06:06:22.153+0000] {processor.py:830} INFO - Processing file /home/airflow/.local/lib/python3.10/site-packages/airflow/example_dags/example_latest_only.py for tasks to queue
[2025-02-19T06:06:22.156+0000] {logging_mixin.py:188} INFO - [2025-02-19T06:06:22.155+0000] {dagbag.py:538} INFO - Filling up the DagBag from /home/airflow/.local/lib/python3.10/site-packages/airflow/example_dags/example_latest_only.py
[2025-02-19T06:06:22.189+0000] {processor.py:840} INFO - DAG(s) 'latest_only' retrieved from /home/airflow/.local/lib/python3.10/site-packages/airflow/example_dags/example_latest_only.py
[2025-02-19T06:06:22.322+0000] {logging_mixin.py:188} INFO - [2025-02-19T06:06:22.321+0000] {dag.py:3036} INFO - Sync 1 DAGs
[2025-02-19T06:06:22.519+0000] {logging_mixin.py:188} INFO - [2025-02-19T06:06:22.519+0000] {dag.py:3823} INFO - Setting next_dagrun for latest_only to 2025-02-19 00:00:00+00:00, run_after=2025-02-19 04:00:00+00:00
[2025-02-19T06:06:22.749+0000] {processor.py:183} INFO - Processing /home/airflow/.local/lib/python3.10/site-packages/airflow/example_dags/example_latest_only.py took 0.616 seconds
[2025-02-19T06:08:33.536+0000] {processor.py:161} INFO - Started process (PID=434) to work on /home/airflow/.local/lib/python3.10/site-packages/airflow/example_dags/example_latest_only.py
[2025-02-19T06:08:33.539+0000] {processor.py:830} INFO - Processing file /home/airflow/.local/lib/python3.10/site-packages/airflow/example_dags/example_latest_only.py for tasks to queue
[2025-02-19T06:08:33.543+0000] {logging_mixin.py:188} INFO - [2025-02-19T06:08:33.542+0000] {dagbag.py:538} INFO - Filling up the DagBag from /home/airflow/.local/lib/python3.10/site-packages/airflow/example_dags/example_latest_only.py
[2025-02-19T06:08:33.565+0000] {processor.py:840} INFO - DAG(s) 'latest_only' retrieved from /home/airflow/.local/lib/python3.10/site-packages/airflow/example_dags/example_latest_only.py
[2025-02-19T06:08:33.648+0000] {logging_mixin.py:188} INFO - [2025-02-19T06:08:33.647+0000] {dag.py:3036} INFO - Sync 1 DAGs
[2025-02-19T06:08:33.752+0000] {logging_mixin.py:188} INFO - [2025-02-19T06:08:33.752+0000] {dag.py:3823} INFO - Setting next_dagrun for latest_only to 2025-02-19 00:00:00+00:00, run_after=2025-02-19 04:00:00+00:00
[2025-02-19T06:08:33.949+0000] {processor.py:183} INFO - Processing /home/airflow/.local/lib/python3.10/site-packages/airflow/example_dags/example_latest_only.py took 0.429 seconds
[2025-02-19T06:10:15.134+0000] {processor.py:161} INFO - Started process (PID=497) to work on /home/airflow/.local/lib/python3.10/site-packages/airflow/example_dags/example_latest_only.py
[2025-02-19T06:10:15.147+0000] {processor.py:830} INFO - Processing file /home/airflow/.local/lib/python3.10/site-packages/airflow/example_dags/example_latest_only.py for tasks to queue
[2025-02-19T06:10:15.152+0000] {logging_mixin.py:188} INFO - [2025-02-19T06:10:15.151+0000] {dagbag.py:538} INFO - Filling up the DagBag from /home/airflow/.local/lib/python3.10/site-packages/airflow/example_dags/example_latest_only.py
[2025-02-19T06:10:15.180+0000] {processor.py:840} INFO - DAG(s) 'latest_only' retrieved from /home/airflow/.local/lib/python3.10/site-packages/airflow/example_dags/example_latest_only.py
[2025-02-19T06:10:15.309+0000] {logging_mixin.py:188} INFO - [2025-02-19T06:10:15.309+0000] {dag.py:3036} INFO - Sync 1 DAGs
[2025-02-19T06:10:15.439+0000] {logging_mixin.py:188} INFO - [2025-02-19T06:10:15.438+0000] {dag.py:3823} INFO - Setting next_dagrun for latest_only to 2025-02-19 00:00:00+00:00, run_after=2025-02-19 04:00:00+00:00
[2025-02-19T06:10:15.636+0000] {processor.py:183} INFO - Processing /home/airflow/.local/lib/python3.10/site-packages/airflow/example_dags/example_latest_only.py took 0.510 seconds
[2025-02-19T06:12:04.068+0000] {processor.py:161} INFO - Started process (PID=559) to work on /home/airflow/.local/lib/python3.10/site-packages/airflow/example_dags/example_latest_only.py
[2025-02-19T06:12:04.082+0000] {processor.py:830} INFO - Processing file /home/airflow/.local/lib/python3.10/site-packages/airflow/example_dags/example_latest_only.py for tasks to queue
[2025-02-19T06:12:04.085+0000] {logging_mixin.py:188} INFO - [2025-02-19T06:12:04.084+0000] {dagbag.py:538} INFO - Filling up the DagBag from /home/airflow/.local/lib/python3.10/site-packages/airflow/example_dags/example_latest_only.py
[2025-02-19T06:12:04.117+0000] {processor.py:840} INFO - DAG(s) 'latest_only' retrieved from /home/airflow/.local/lib/python3.10/site-packages/airflow/example_dags/example_latest_only.py
[2025-02-19T06:12:04.246+0000] {logging_mixin.py:188} INFO - [2025-02-19T06:12:04.246+0000] {dag.py:3036} INFO - Sync 1 DAGs
[2025-02-19T06:12:04.441+0000] {logging_mixin.py:188} INFO - [2025-02-19T06:12:04.440+0000] {dag.py:3823} INFO - Setting next_dagrun for latest_only to 2025-02-19 00:00:00+00:00, run_after=2025-02-19 04:00:00+00:00
[2025-02-19T06:12:04.751+0000] {processor.py:183} INFO - Processing /home/airflow/.local/lib/python3.10/site-packages/airflow/example_dags/example_latest_only.py took 0.691 seconds
[2025-02-19T06:13:53.358+0000] {processor.py:161} INFO - Started process (PID=624) to work on /home/airflow/.local/lib/python3.10/site-packages/airflow/example_dags/example_latest_only.py
[2025-02-19T06:13:53.362+0000] {processor.py:830} INFO - Processing file /home/airflow/.local/lib/python3.10/site-packages/airflow/example_dags/example_latest_only.py for tasks to queue
[2025-02-19T06:13:53.366+0000] {logging_mixin.py:188} INFO - [2025-02-19T06:13:53.364+0000] {dagbag.py:538} INFO - Filling up the DagBag from /home/airflow/.local/lib/python3.10/site-packages/airflow/example_dags/example_latest_only.py
[2025-02-19T06:13:53.391+0000] {processor.py:840} INFO - DAG(s) 'latest_only' retrieved from /home/airflow/.local/lib/python3.10/site-packages/airflow/example_dags/example_latest_only.py
[2025-02-19T06:13:53.450+0000] {logging_mixin.py:188} INFO - [2025-02-19T06:13:53.450+0000] {dag.py:3036} INFO - Sync 1 DAGs
[2025-02-19T06:13:53.534+0000] {logging_mixin.py:188} INFO - [2025-02-19T06:13:53.533+0000] {dag.py:3823} INFO - Setting next_dagrun for latest_only to 2025-02-19 00:00:00+00:00, run_after=2025-02-19 04:00:00+00:00
[2025-02-19T06:13:53.682+0000] {processor.py:183} INFO - Processing /home/airflow/.local/lib/python3.10/site-packages/airflow/example_dags/example_latest_only.py took 0.344 seconds
[2025-02-19T06:15:26.813+0000] {processor.py:161} INFO - Started process (PID=684) to work on /home/airflow/.local/lib/python3.10/site-packages/airflow/example_dags/example_latest_only.py
[2025-02-19T06:15:26.821+0000] {processor.py:830} INFO - Processing file /home/airflow/.local/lib/python3.10/site-packages/airflow/example_dags/example_latest_only.py for tasks to queue
[2025-02-19T06:15:26.826+0000] {logging_mixin.py:188} INFO - [2025-02-19T06:15:26.824+0000] {dagbag.py:538} INFO - Filling up the DagBag from /home/airflow/.local/lib/python3.10/site-packages/airflow/example_dags/example_latest_only.py
[2025-02-19T06:15:26.861+0000] {processor.py:840} INFO - DAG(s) 'latest_only' retrieved from /home/airflow/.local/lib/python3.10/site-packages/airflow/example_dags/example_latest_only.py
[2025-02-19T06:15:26.961+0000] {logging_mixin.py:188} INFO - [2025-02-19T06:15:26.961+0000] {dag.py:3036} INFO - Sync 1 DAGs
[2025-02-19T06:15:27.030+0000] {logging_mixin.py:188} INFO - [2025-02-19T06:15:27.029+0000] {dag.py:3823} INFO - Setting next_dagrun for latest_only to 2025-02-19 00:00:00+00:00, run_after=2025-02-19 04:00:00+00:00
[2025-02-19T06:15:27.181+0000] {processor.py:183} INFO - Processing /home/airflow/.local/lib/python3.10/site-packages/airflow/example_dags/example_latest_only.py took 0.376 seconds
[2025-02-19T06:17:30.922+0000] {processor.py:161} INFO - Started process (PID=751) to work on /home/airflow/.local/lib/python3.10/site-packages/airflow/example_dags/example_latest_only.py
[2025-02-19T06:17:30.926+0000] {processor.py:830} INFO - Processing file /home/airflow/.local/lib/python3.10/site-packages/airflow/example_dags/example_latest_only.py for tasks to queue
[2025-02-19T06:17:30.928+0000] {logging_mixin.py:188} INFO - [2025-02-19T06:17:30.927+0000] {dagbag.py:538} INFO - Filling up the DagBag from /home/airflow/.local/lib/python3.10/site-packages/airflow/example_dags/example_latest_only.py
[2025-02-19T06:17:30.953+0000] {processor.py:840} INFO - DAG(s) 'latest_only' retrieved from /home/airflow/.local/lib/python3.10/site-packages/airflow/example_dags/example_latest_only.py
[2025-02-19T06:17:31.016+0000] {logging_mixin.py:188} INFO - [2025-02-19T06:17:31.016+0000] {dag.py:3036} INFO - Sync 1 DAGs
[2025-02-19T06:17:31.082+0000] {logging_mixin.py:188} INFO - [2025-02-19T06:17:31.081+0000] {dag.py:3823} INFO - Setting next_dagrun for latest_only to 2025-02-19 00:00:00+00:00, run_after=2025-02-19 04:00:00+00:00
[2025-02-19T06:17:31.214+0000] {processor.py:183} INFO - Processing /home/airflow/.local/lib/python3.10/site-packages/airflow/example_dags/example_latest_only.py took 0.302 seconds
[2025-02-19T06:19:05.565+0000] {processor.py:161} INFO - Started process (PID=812) to work on /home/airflow/.local/lib/python3.10/site-packages/airflow/example_dags/example_latest_only.py
[2025-02-19T06:19:05.569+0000] {processor.py:830} INFO - Processing file /home/airflow/.local/lib/python3.10/site-packages/airflow/example_dags/example_latest_only.py for tasks to queue
[2025-02-19T06:19:05.572+0000] {logging_mixin.py:188} INFO - [2025-02-19T06:19:05.571+0000] {dagbag.py:538} INFO - Filling up the DagBag from /home/airflow/.local/lib/python3.10/site-packages/airflow/example_dags/example_latest_only.py
[2025-02-19T06:19:05.592+0000] {processor.py:840} INFO - DAG(s) 'latest_only' retrieved from /home/airflow/.local/lib/python3.10/site-packages/airflow/example_dags/example_latest_only.py
[2025-02-19T06:19:05.643+0000] {logging_mixin.py:188} INFO - [2025-02-19T06:19:05.642+0000] {dag.py:3036} INFO - Sync 1 DAGs
[2025-02-19T06:19:05.701+0000] {logging_mixin.py:188} INFO - [2025-02-19T06:19:05.701+0000] {dag.py:3823} INFO - Setting next_dagrun for latest_only to 2025-02-19 00:00:00+00:00, run_after=2025-02-19 04:00:00+00:00
[2025-02-19T06:19:05.848+0000] {processor.py:183} INFO - Processing /home/airflow/.local/lib/python3.10/site-packages/airflow/example_dags/example_latest_only.py took 0.301 seconds
[2025-02-19T06:20:41.008+0000] {processor.py:161} INFO - Started process (PID=871) to work on /home/airflow/.local/lib/python3.10/site-packages/airflow/example_dags/example_latest_only.py
[2025-02-19T06:20:41.011+0000] {processor.py:830} INFO - Processing file /home/airflow/.local/lib/python3.10/site-packages/airflow/example_dags/example_latest_only.py for tasks to queue
[2025-02-19T06:20:41.024+0000] {logging_mixin.py:188} INFO - [2025-02-19T06:20:41.014+0000] {dagbag.py:538} INFO - Filling up the DagBag from /home/airflow/.local/lib/python3.10/site-packages/airflow/example_dags/example_latest_only.py
[2025-02-19T06:20:41.062+0000] {processor.py:840} INFO - DAG(s) 'latest_only' retrieved from /home/airflow/.local/lib/python3.10/site-packages/airflow/example_dags/example_latest_only.py
[2025-02-19T06:20:41.340+0000] {logging_mixin.py:188} INFO - [2025-02-19T06:20:41.340+0000] {dag.py:3036} INFO - Sync 1 DAGs
[2025-02-19T06:20:41.542+0000] {logging_mixin.py:188} INFO - [2025-02-19T06:20:41.541+0000] {dag.py:3823} INFO - Setting next_dagrun for latest_only to 2025-02-19 00:00:00+00:00, run_after=2025-02-19 04:00:00+00:00
[2025-02-19T06:20:41.747+0000] {processor.py:183} INFO - Processing /home/airflow/.local/lib/python3.10/site-packages/airflow/example_dags/example_latest_only.py took 0.751 seconds
[2025-02-19T06:22:41.947+0000] {processor.py:161} INFO - Started process (PID=936) to work on /home/airflow/.local/lib/python3.10/site-packages/airflow/example_dags/example_latest_only.py
[2025-02-19T06:22:41.950+0000] {processor.py:830} INFO - Processing file /home/airflow/.local/lib/python3.10/site-packages/airflow/example_dags/example_latest_only.py for tasks to queue
[2025-02-19T06:22:41.959+0000] {logging_mixin.py:188} INFO - [2025-02-19T06:22:41.956+0000] {dagbag.py:538} INFO - Filling up the DagBag from /home/airflow/.local/lib/python3.10/site-packages/airflow/example_dags/example_latest_only.py
[2025-02-19T06:22:41.983+0000] {processor.py:840} INFO - DAG(s) 'latest_only' retrieved from /home/airflow/.local/lib/python3.10/site-packages/airflow/example_dags/example_latest_only.py
[2025-02-19T06:22:42.049+0000] {logging_mixin.py:188} INFO - [2025-02-19T06:22:42.049+0000] {dag.py:3036} INFO - Sync 1 DAGs
[2025-02-19T06:22:42.104+0000] {logging_mixin.py:188} INFO - [2025-02-19T06:22:42.104+0000] {dag.py:3823} INFO - Setting next_dagrun for latest_only to 2025-02-19 00:00:00+00:00, run_after=2025-02-19 04:00:00+00:00
[2025-02-19T06:22:42.243+0000] {processor.py:183} INFO - Processing /home/airflow/.local/lib/python3.10/site-packages/airflow/example_dags/example_latest_only.py took 0.305 seconds
[2025-02-19T06:24:54.573+0000] {processor.py:161} INFO - Started process (PID=1004) to work on /home/airflow/.local/lib/python3.10/site-packages/airflow/example_dags/example_latest_only.py
[2025-02-19T06:24:54.583+0000] {processor.py:830} INFO - Processing file /home/airflow/.local/lib/python3.10/site-packages/airflow/example_dags/example_latest_only.py for tasks to queue
[2025-02-19T06:24:54.587+0000] {logging_mixin.py:188} INFO - [2025-02-19T06:24:54.586+0000] {dagbag.py:538} INFO - Filling up the DagBag from /home/airflow/.local/lib/python3.10/site-packages/airflow/example_dags/example_latest_only.py
[2025-02-19T06:24:54.648+0000] {processor.py:840} INFO - DAG(s) 'latest_only' retrieved from /home/airflow/.local/lib/python3.10/site-packages/airflow/example_dags/example_latest_only.py
[2025-02-19T06:24:54.808+0000] {logging_mixin.py:188} INFO - [2025-02-19T06:24:54.805+0000] {dag.py:3036} INFO - Sync 1 DAGs
[2025-02-19T06:24:54.961+0000] {logging_mixin.py:188} INFO - [2025-02-19T06:24:54.961+0000] {dag.py:3823} INFO - Setting next_dagrun for latest_only to 2025-02-19 00:00:00+00:00, run_after=2025-02-19 04:00:00+00:00
[2025-02-19T06:24:55.150+0000] {processor.py:183} INFO - Processing /home/airflow/.local/lib/python3.10/site-packages/airflow/example_dags/example_latest_only.py took 0.590 seconds
[2025-02-19T06:26:52.656+0000] {processor.py:161} INFO - Started process (PID=1068) to work on /home/airflow/.local/lib/python3.10/site-packages/airflow/example_dags/example_latest_only.py
[2025-02-19T06:26:52.659+0000] {processor.py:830} INFO - Processing file /home/airflow/.local/lib/python3.10/site-packages/airflow/example_dags/example_latest_only.py for tasks to queue
[2025-02-19T06:26:52.670+0000] {logging_mixin.py:188} INFO - [2025-02-19T06:26:52.669+0000] {dagbag.py:538} INFO - Filling up the DagBag from /home/airflow/.local/lib/python3.10/site-packages/airflow/example_dags/example_latest_only.py
[2025-02-19T06:26:52.705+0000] {processor.py:840} INFO - DAG(s) 'latest_only' retrieved from /home/airflow/.local/lib/python3.10/site-packages/airflow/example_dags/example_latest_only.py
[2025-02-19T06:26:52.840+0000] {logging_mixin.py:188} INFO - [2025-02-19T06:26:52.839+0000] {dag.py:3036} INFO - Sync 1 DAGs
[2025-02-19T06:26:53.010+0000] {logging_mixin.py:188} INFO - [2025-02-19T06:26:53.010+0000] {dag.py:3823} INFO - Setting next_dagrun for latest_only to 2025-02-19 00:00:00+00:00, run_after=2025-02-19 04:00:00+00:00
[2025-02-19T06:26:53.246+0000] {processor.py:183} INFO - Processing /home/airflow/.local/lib/python3.10/site-packages/airflow/example_dags/example_latest_only.py took 0.607 seconds
[2025-02-19T06:30:48.122+0000] {processor.py:161} INFO - Started process (PID=62) to work on /home/airflow/.local/lib/python3.10/site-packages/airflow/example_dags/example_latest_only.py
[2025-02-19T06:30:48.125+0000] {processor.py:830} INFO - Processing file /home/airflow/.local/lib/python3.10/site-packages/airflow/example_dags/example_latest_only.py for tasks to queue
[2025-02-19T06:30:48.128+0000] {logging_mixin.py:188} INFO - [2025-02-19T06:30:48.127+0000] {dagbag.py:538} INFO - Filling up the DagBag from /home/airflow/.local/lib/python3.10/site-packages/airflow/example_dags/example_latest_only.py
[2025-02-19T06:30:48.142+0000] {processor.py:840} INFO - DAG(s) 'latest_only' retrieved from /home/airflow/.local/lib/python3.10/site-packages/airflow/example_dags/example_latest_only.py
[2025-02-19T06:30:48.214+0000] {logging_mixin.py:188} INFO - [2025-02-19T06:30:48.213+0000] {dag.py:3036} INFO - Sync 1 DAGs
[2025-02-19T06:30:48.304+0000] {logging_mixin.py:188} INFO - [2025-02-19T06:30:48.304+0000] {dag.py:3823} INFO - Setting next_dagrun for latest_only to 2025-02-19 00:00:00+00:00, run_after=2025-02-19 04:00:00+00:00
[2025-02-19T06:30:48.447+0000] {processor.py:183} INFO - Processing /home/airflow/.local/lib/python3.10/site-packages/airflow/example_dags/example_latest_only.py took 0.333 seconds
[2025-02-19T06:33:02.619+0000] {processor.py:161} INFO - Started process (PID=130) to work on /home/airflow/.local/lib/python3.10/site-packages/airflow/example_dags/example_latest_only.py
[2025-02-19T06:33:02.626+0000] {processor.py:830} INFO - Processing file /home/airflow/.local/lib/python3.10/site-packages/airflow/example_dags/example_latest_only.py for tasks to queue
[2025-02-19T06:33:02.630+0000] {logging_mixin.py:188} INFO - [2025-02-19T06:33:02.629+0000] {dagbag.py:538} INFO - Filling up the DagBag from /home/airflow/.local/lib/python3.10/site-packages/airflow/example_dags/example_latest_only.py
[2025-02-19T06:33:02.667+0000] {processor.py:840} INFO - DAG(s) 'latest_only' retrieved from /home/airflow/.local/lib/python3.10/site-packages/airflow/example_dags/example_latest_only.py
[2025-02-19T06:33:02.815+0000] {logging_mixin.py:188} INFO - [2025-02-19T06:33:02.814+0000] {dag.py:3036} INFO - Sync 1 DAGs
[2025-02-19T06:33:02.961+0000] {logging_mixin.py:188} INFO - [2025-02-19T06:33:02.960+0000] {dag.py:3823} INFO - Setting next_dagrun for latest_only to 2025-02-19 00:00:00+00:00, run_after=2025-02-19 04:00:00+00:00
[2025-02-19T06:33:03.212+0000] {processor.py:183} INFO - Processing /home/airflow/.local/lib/python3.10/site-packages/airflow/example_dags/example_latest_only.py took 0.611 seconds
[2025-02-19T06:34:50.213+0000] {processor.py:161} INFO - Started process (PID=193) to work on /home/airflow/.local/lib/python3.10/site-packages/airflow/example_dags/example_latest_only.py
[2025-02-19T06:34:50.216+0000] {processor.py:830} INFO - Processing file /home/airflow/.local/lib/python3.10/site-packages/airflow/example_dags/example_latest_only.py for tasks to queue
[2025-02-19T06:34:50.220+0000] {logging_mixin.py:188} INFO - [2025-02-19T06:34:50.218+0000] {dagbag.py:538} INFO - Filling up the DagBag from /home/airflow/.local/lib/python3.10/site-packages/airflow/example_dags/example_latest_only.py
[2025-02-19T06:34:50.239+0000] {processor.py:840} INFO - DAG(s) 'latest_only' retrieved from /home/airflow/.local/lib/python3.10/site-packages/airflow/example_dags/example_latest_only.py
[2025-02-19T06:34:50.313+0000] {logging_mixin.py:188} INFO - [2025-02-19T06:34:50.312+0000] {dag.py:3036} INFO - Sync 1 DAGs
[2025-02-19T06:34:50.371+0000] {logging_mixin.py:188} INFO - [2025-02-19T06:34:50.371+0000] {dag.py:3823} INFO - Setting next_dagrun for latest_only to 2025-02-19 00:00:00+00:00, run_after=2025-02-19 04:00:00+00:00
[2025-02-19T06:34:50.503+0000] {processor.py:183} INFO - Processing /home/airflow/.local/lib/python3.10/site-packages/airflow/example_dags/example_latest_only.py took 0.299 seconds
[2025-02-19T06:36:30.263+0000] {processor.py:161} INFO - Started process (PID=254) to work on /home/airflow/.local/lib/python3.10/site-packages/airflow/example_dags/example_latest_only.py
[2025-02-19T06:36:30.266+0000] {processor.py:830} INFO - Processing file /home/airflow/.local/lib/python3.10/site-packages/airflow/example_dags/example_latest_only.py for tasks to queue
[2025-02-19T06:36:30.269+0000] {logging_mixin.py:188} INFO - [2025-02-19T06:36:30.267+0000] {dagbag.py:538} INFO - Filling up the DagBag from /home/airflow/.local/lib/python3.10/site-packages/airflow/example_dags/example_latest_only.py
[2025-02-19T06:36:30.295+0000] {processor.py:840} INFO - DAG(s) 'latest_only' retrieved from /home/airflow/.local/lib/python3.10/site-packages/airflow/example_dags/example_latest_only.py
[2025-02-19T06:36:30.356+0000] {logging_mixin.py:188} INFO - [2025-02-19T06:36:30.355+0000] {dag.py:3036} INFO - Sync 1 DAGs
[2025-02-19T06:36:30.478+0000] {logging_mixin.py:188} INFO - [2025-02-19T06:36:30.470+0000] {dag.py:3823} INFO - Setting next_dagrun for latest_only to 2025-02-19 00:00:00+00:00, run_after=2025-02-19 04:00:00+00:00
[2025-02-19T06:36:30.667+0000] {processor.py:183} INFO - Processing /home/airflow/.local/lib/python3.10/site-packages/airflow/example_dags/example_latest_only.py took 0.415 seconds
[2025-02-19T06:37:56.267+0000] {processor.py:161} INFO - Started process (PID=303) to work on /home/airflow/.local/lib/python3.10/site-packages/airflow/example_dags/example_latest_only.py
[2025-02-19T06:37:56.276+0000] {processor.py:830} INFO - Processing file /home/airflow/.local/lib/python3.10/site-packages/airflow/example_dags/example_latest_only.py for tasks to queue
[2025-02-19T06:37:56.280+0000] {logging_mixin.py:188} INFO - [2025-02-19T06:37:56.279+0000] {dagbag.py:538} INFO - Filling up the DagBag from /home/airflow/.local/lib/python3.10/site-packages/airflow/example_dags/example_latest_only.py
[2025-02-19T06:37:56.301+0000] {processor.py:840} INFO - DAG(s) 'latest_only' retrieved from /home/airflow/.local/lib/python3.10/site-packages/airflow/example_dags/example_latest_only.py
[2025-02-19T06:37:56.361+0000] {logging_mixin.py:188} INFO - [2025-02-19T06:37:56.361+0000] {dag.py:3036} INFO - Sync 1 DAGs
[2025-02-19T06:37:56.437+0000] {logging_mixin.py:188} INFO - [2025-02-19T06:37:56.436+0000] {dag.py:3823} INFO - Setting next_dagrun for latest_only to 2025-02-19 00:00:00+00:00, run_after=2025-02-19 04:00:00+00:00
[2025-02-19T06:37:56.577+0000] {processor.py:183} INFO - Processing /home/airflow/.local/lib/python3.10/site-packages/airflow/example_dags/example_latest_only.py took 0.317 seconds
[2025-02-19T06:39:32.955+0000] {processor.py:161} INFO - Started process (PID=360) to work on /home/airflow/.local/lib/python3.10/site-packages/airflow/example_dags/example_latest_only.py
[2025-02-19T06:39:32.964+0000] {processor.py:830} INFO - Processing file /home/airflow/.local/lib/python3.10/site-packages/airflow/example_dags/example_latest_only.py for tasks to queue
[2025-02-19T06:39:33.014+0000] {logging_mixin.py:188} INFO - [2025-02-19T06:39:32.984+0000] {dagbag.py:538} INFO - Filling up the DagBag from /home/airflow/.local/lib/python3.10/site-packages/airflow/example_dags/example_latest_only.py
[2025-02-19T06:39:33.614+0000] {processor.py:840} INFO - DAG(s) 'latest_only' retrieved from /home/airflow/.local/lib/python3.10/site-packages/airflow/example_dags/example_latest_only.py
[2025-02-19T06:39:34.097+0000] {logging_mixin.py:188} INFO - [2025-02-19T06:39:34.096+0000] {dag.py:3036} INFO - Sync 1 DAGs
[2025-02-19T06:39:34.299+0000] {logging_mixin.py:188} INFO - [2025-02-19T06:39:34.297+0000] {dag.py:3823} INFO - Setting next_dagrun for latest_only to 2025-02-19 00:00:00+00:00, run_after=2025-02-19 04:00:00+00:00
[2025-02-19T06:39:34.660+0000] {processor.py:183} INFO - Processing /home/airflow/.local/lib/python3.10/site-packages/airflow/example_dags/example_latest_only.py took 1.759 seconds
[2025-02-19T06:42:02.522+0000] {processor.py:161} INFO - Started process (PID=429) to work on /home/airflow/.local/lib/python3.10/site-packages/airflow/example_dags/example_latest_only.py
[2025-02-19T06:42:02.526+0000] {processor.py:830} INFO - Processing file /home/airflow/.local/lib/python3.10/site-packages/airflow/example_dags/example_latest_only.py for tasks to queue
[2025-02-19T06:42:02.530+0000] {logging_mixin.py:188} INFO - [2025-02-19T06:42:02.528+0000] {dagbag.py:538} INFO - Filling up the DagBag from /home/airflow/.local/lib/python3.10/site-packages/airflow/example_dags/example_latest_only.py
[2025-02-19T06:42:02.568+0000] {processor.py:840} INFO - DAG(s) 'latest_only' retrieved from /home/airflow/.local/lib/python3.10/site-packages/airflow/example_dags/example_latest_only.py
[2025-02-19T06:42:02.743+0000] {logging_mixin.py:188} INFO - [2025-02-19T06:42:02.742+0000] {dag.py:3036} INFO - Sync 1 DAGs
[2025-02-19T06:42:02.893+0000] {logging_mixin.py:188} INFO - [2025-02-19T06:42:02.893+0000] {dag.py:3823} INFO - Setting next_dagrun for latest_only to 2025-02-19 00:00:00+00:00, run_after=2025-02-19 04:00:00+00:00
[2025-02-19T06:42:03.161+0000] {processor.py:183} INFO - Processing /home/airflow/.local/lib/python3.10/site-packages/airflow/example_dags/example_latest_only.py took 0.657 seconds
[2025-02-19T06:44:09.228+0000] {processor.py:161} INFO - Started process (PID=62) to work on /home/airflow/.local/lib/python3.10/site-packages/airflow/example_dags/example_latest_only.py
[2025-02-19T06:44:09.231+0000] {processor.py:830} INFO - Processing file /home/airflow/.local/lib/python3.10/site-packages/airflow/example_dags/example_latest_only.py for tasks to queue
[2025-02-19T06:44:09.234+0000] {logging_mixin.py:188} INFO - [2025-02-19T06:44:09.233+0000] {dagbag.py:538} INFO - Filling up the DagBag from /home/airflow/.local/lib/python3.10/site-packages/airflow/example_dags/example_latest_only.py
[2025-02-19T06:44:09.257+0000] {processor.py:840} INFO - DAG(s) 'latest_only' retrieved from /home/airflow/.local/lib/python3.10/site-packages/airflow/example_dags/example_latest_only.py
[2025-02-19T06:44:09.352+0000] {logging_mixin.py:188} INFO - [2025-02-19T06:44:09.352+0000] {dag.py:3036} INFO - Sync 1 DAGs
[2025-02-19T06:44:09.430+0000] {logging_mixin.py:188} INFO - [2025-02-19T06:44:09.429+0000] {dag.py:3823} INFO - Setting next_dagrun for latest_only to 2025-02-19 00:00:00+00:00, run_after=2025-02-19 04:00:00+00:00
[2025-02-19T06:44:09.596+0000] {processor.py:183} INFO - Processing /home/airflow/.local/lib/python3.10/site-packages/airflow/example_dags/example_latest_only.py took 0.376 seconds
[2025-02-19T06:45:57.595+0000] {processor.py:161} INFO - Started process (PID=125) to work on /home/airflow/.local/lib/python3.10/site-packages/airflow/example_dags/example_latest_only.py
[2025-02-19T06:45:57.599+0000] {processor.py:830} INFO - Processing file /home/airflow/.local/lib/python3.10/site-packages/airflow/example_dags/example_latest_only.py for tasks to queue
[2025-02-19T06:45:57.601+0000] {logging_mixin.py:188} INFO - [2025-02-19T06:45:57.600+0000] {dagbag.py:538} INFO - Filling up the DagBag from /home/airflow/.local/lib/python3.10/site-packages/airflow/example_dags/example_latest_only.py
[2025-02-19T06:45:57.611+0000] {processor.py:840} INFO - DAG(s) 'latest_only' retrieved from /home/airflow/.local/lib/python3.10/site-packages/airflow/example_dags/example_latest_only.py
[2025-02-19T06:45:57.660+0000] {logging_mixin.py:188} INFO - [2025-02-19T06:45:57.660+0000] {dag.py:3036} INFO - Sync 1 DAGs
[2025-02-19T06:45:57.714+0000] {logging_mixin.py:188} INFO - [2025-02-19T06:45:57.714+0000] {dag.py:3823} INFO - Setting next_dagrun for latest_only to 2025-02-19 00:00:00+00:00, run_after=2025-02-19 04:00:00+00:00
[2025-02-19T06:45:57.821+0000] {processor.py:183} INFO - Processing /home/airflow/.local/lib/python3.10/site-packages/airflow/example_dags/example_latest_only.py took 0.231 seconds
[2025-02-19T06:47:41.578+0000] {processor.py:161} INFO - Started process (PID=186) to work on /home/airflow/.local/lib/python3.10/site-packages/airflow/example_dags/example_latest_only.py
[2025-02-19T06:47:41.581+0000] {processor.py:830} INFO - Processing file /home/airflow/.local/lib/python3.10/site-packages/airflow/example_dags/example_latest_only.py for tasks to queue
[2025-02-19T06:47:41.597+0000] {logging_mixin.py:188} INFO - [2025-02-19T06:47:41.596+0000] {dagbag.py:538} INFO - Filling up the DagBag from /home/airflow/.local/lib/python3.10/site-packages/airflow/example_dags/example_latest_only.py
[2025-02-19T06:47:41.631+0000] {processor.py:840} INFO - DAG(s) 'latest_only' retrieved from /home/airflow/.local/lib/python3.10/site-packages/airflow/example_dags/example_latest_only.py
[2025-02-19T06:47:41.738+0000] {logging_mixin.py:188} INFO - [2025-02-19T06:47:41.738+0000] {dag.py:3036} INFO - Sync 1 DAGs
[2025-02-19T06:47:41.871+0000] {logging_mixin.py:188} INFO - [2025-02-19T06:47:41.870+0000] {dag.py:3823} INFO - Setting next_dagrun for latest_only to 2025-02-19 00:00:00+00:00, run_after=2025-02-19 04:00:00+00:00
[2025-02-19T06:47:42.048+0000] {processor.py:183} INFO - Processing /home/airflow/.local/lib/python3.10/site-packages/airflow/example_dags/example_latest_only.py took 0.476 seconds
[2025-02-19T06:49:18.310+0000] {processor.py:161} INFO - Started process (PID=247) to work on /home/airflow/.local/lib/python3.10/site-packages/airflow/example_dags/example_latest_only.py
[2025-02-19T06:49:18.313+0000] {processor.py:830} INFO - Processing file /home/airflow/.local/lib/python3.10/site-packages/airflow/example_dags/example_latest_only.py for tasks to queue
[2025-02-19T06:49:18.317+0000] {logging_mixin.py:188} INFO - [2025-02-19T06:49:18.316+0000] {dagbag.py:538} INFO - Filling up the DagBag from /home/airflow/.local/lib/python3.10/site-packages/airflow/example_dags/example_latest_only.py
[2025-02-19T06:49:18.330+0000] {processor.py:840} INFO - DAG(s) 'latest_only' retrieved from /home/airflow/.local/lib/python3.10/site-packages/airflow/example_dags/example_latest_only.py
[2025-02-19T06:49:18.391+0000] {logging_mixin.py:188} INFO - [2025-02-19T06:49:18.390+0000] {dag.py:3036} INFO - Sync 1 DAGs
[2025-02-19T06:49:18.473+0000] {logging_mixin.py:188} INFO - [2025-02-19T06:49:18.472+0000] {dag.py:3823} INFO - Setting next_dagrun for latest_only to 2025-02-19 00:00:00+00:00, run_after=2025-02-19 04:00:00+00:00
[2025-02-19T06:49:18.654+0000] {processor.py:183} INFO - Processing /home/airflow/.local/lib/python3.10/site-packages/airflow/example_dags/example_latest_only.py took 0.348 seconds
[2025-02-19T06:51:02.143+0000] {processor.py:161} INFO - Started process (PID=310) to work on /home/airflow/.local/lib/python3.10/site-packages/airflow/example_dags/example_latest_only.py
[2025-02-19T06:51:02.146+0000] {processor.py:830} INFO - Processing file /home/airflow/.local/lib/python3.10/site-packages/airflow/example_dags/example_latest_only.py for tasks to queue
[2025-02-19T06:51:02.149+0000] {logging_mixin.py:188} INFO - [2025-02-19T06:51:02.148+0000] {dagbag.py:538} INFO - Filling up the DagBag from /home/airflow/.local/lib/python3.10/site-packages/airflow/example_dags/example_latest_only.py
[2025-02-19T06:51:02.158+0000] {processor.py:840} INFO - DAG(s) 'latest_only' retrieved from /home/airflow/.local/lib/python3.10/site-packages/airflow/example_dags/example_latest_only.py
[2025-02-19T06:51:02.202+0000] {logging_mixin.py:188} INFO - [2025-02-19T06:51:02.201+0000] {dag.py:3036} INFO - Sync 1 DAGs
[2025-02-19T06:51:02.245+0000] {logging_mixin.py:188} INFO - [2025-02-19T06:51:02.245+0000] {dag.py:3823} INFO - Setting next_dagrun for latest_only to 2025-02-19 00:00:00+00:00, run_after=2025-02-19 04:00:00+00:00
[2025-02-19T06:51:02.354+0000] {processor.py:183} INFO - Processing /home/airflow/.local/lib/python3.10/site-packages/airflow/example_dags/example_latest_only.py took 0.216 seconds
[2025-02-19T06:52:51.288+0000] {processor.py:161} INFO - Started process (PID=375) to work on /home/airflow/.local/lib/python3.10/site-packages/airflow/example_dags/example_latest_only.py
[2025-02-19T06:52:51.290+0000] {processor.py:830} INFO - Processing file /home/airflow/.local/lib/python3.10/site-packages/airflow/example_dags/example_latest_only.py for tasks to queue
[2025-02-19T06:52:51.291+0000] {logging_mixin.py:188} INFO - [2025-02-19T06:52:51.291+0000] {dagbag.py:538} INFO - Filling up the DagBag from /home/airflow/.local/lib/python3.10/site-packages/airflow/example_dags/example_latest_only.py
[2025-02-19T06:52:51.303+0000] {processor.py:840} INFO - DAG(s) 'latest_only' retrieved from /home/airflow/.local/lib/python3.10/site-packages/airflow/example_dags/example_latest_only.py
[2025-02-19T06:52:51.348+0000] {logging_mixin.py:188} INFO - [2025-02-19T06:52:51.348+0000] {dag.py:3036} INFO - Sync 1 DAGs
[2025-02-19T06:52:51.394+0000] {logging_mixin.py:188} INFO - [2025-02-19T06:52:51.394+0000] {dag.py:3823} INFO - Setting next_dagrun for latest_only to 2025-02-19 00:00:00+00:00, run_after=2025-02-19 04:00:00+00:00
[2025-02-19T06:52:51.509+0000] {processor.py:183} INFO - Processing /home/airflow/.local/lib/python3.10/site-packages/airflow/example_dags/example_latest_only.py took 0.228 seconds
[2025-02-19T06:54:24.747+0000] {processor.py:161} INFO - Started process (PID=434) to work on /home/airflow/.local/lib/python3.10/site-packages/airflow/example_dags/example_latest_only.py
[2025-02-19T06:54:24.749+0000] {processor.py:830} INFO - Processing file /home/airflow/.local/lib/python3.10/site-packages/airflow/example_dags/example_latest_only.py for tasks to queue
[2025-02-19T06:54:24.750+0000] {logging_mixin.py:188} INFO - [2025-02-19T06:54:24.750+0000] {dagbag.py:538} INFO - Filling up the DagBag from /home/airflow/.local/lib/python3.10/site-packages/airflow/example_dags/example_latest_only.py
[2025-02-19T06:54:24.762+0000] {processor.py:840} INFO - DAG(s) 'latest_only' retrieved from /home/airflow/.local/lib/python3.10/site-packages/airflow/example_dags/example_latest_only.py
[2025-02-19T06:54:24.802+0000] {logging_mixin.py:188} INFO - [2025-02-19T06:54:24.801+0000] {dag.py:3036} INFO - Sync 1 DAGs
[2025-02-19T06:54:24.846+0000] {logging_mixin.py:188} INFO - [2025-02-19T06:54:24.846+0000] {dag.py:3823} INFO - Setting next_dagrun for latest_only to 2025-02-19 00:00:00+00:00, run_after=2025-02-19 04:00:00+00:00
[2025-02-19T06:54:24.967+0000] {processor.py:183} INFO - Processing /home/airflow/.local/lib/python3.10/site-packages/airflow/example_dags/example_latest_only.py took 0.225 seconds
[2025-02-19T06:55:43.537+0000] {processor.py:161} INFO - Started process (PID=489) to work on /home/airflow/.local/lib/python3.10/site-packages/airflow/example_dags/example_latest_only.py
[2025-02-19T06:55:43.543+0000] {processor.py:830} INFO - Processing file /home/airflow/.local/lib/python3.10/site-packages/airflow/example_dags/example_latest_only.py for tasks to queue
[2025-02-19T06:55:43.546+0000] {logging_mixin.py:188} INFO - [2025-02-19T06:55:43.545+0000] {dagbag.py:538} INFO - Filling up the DagBag from /home/airflow/.local/lib/python3.10/site-packages/airflow/example_dags/example_latest_only.py
[2025-02-19T06:55:43.560+0000] {processor.py:840} INFO - DAG(s) 'latest_only' retrieved from /home/airflow/.local/lib/python3.10/site-packages/airflow/example_dags/example_latest_only.py
[2025-02-19T06:55:43.621+0000] {logging_mixin.py:188} INFO - [2025-02-19T06:55:43.621+0000] {dag.py:3036} INFO - Sync 1 DAGs
[2025-02-19T06:55:43.684+0000] {logging_mixin.py:188} INFO - [2025-02-19T06:55:43.684+0000] {dag.py:3823} INFO - Setting next_dagrun for latest_only to 2025-02-19 00:00:00+00:00, run_after=2025-02-19 04:00:00+00:00
[2025-02-19T06:55:43.798+0000] {processor.py:183} INFO - Processing /home/airflow/.local/lib/python3.10/site-packages/airflow/example_dags/example_latest_only.py took 0.269 seconds
[2025-02-19T06:57:20.020+0000] {processor.py:161} INFO - Started process (PID=548) to work on /home/airflow/.local/lib/python3.10/site-packages/airflow/example_dags/example_latest_only.py
[2025-02-19T06:57:20.023+0000] {processor.py:830} INFO - Processing file /home/airflow/.local/lib/python3.10/site-packages/airflow/example_dags/example_latest_only.py for tasks to queue
[2025-02-19T06:57:20.025+0000] {logging_mixin.py:188} INFO - [2025-02-19T06:57:20.025+0000] {dagbag.py:538} INFO - Filling up the DagBag from /home/airflow/.local/lib/python3.10/site-packages/airflow/example_dags/example_latest_only.py
[2025-02-19T06:57:20.039+0000] {processor.py:840} INFO - DAG(s) 'latest_only' retrieved from /home/airflow/.local/lib/python3.10/site-packages/airflow/example_dags/example_latest_only.py
[2025-02-19T06:57:20.105+0000] {logging_mixin.py:188} INFO - [2025-02-19T06:57:20.105+0000] {dag.py:3036} INFO - Sync 1 DAGs
[2025-02-19T06:57:20.188+0000] {logging_mixin.py:188} INFO - [2025-02-19T06:57:20.188+0000] {dag.py:3823} INFO - Setting next_dagrun for latest_only to 2025-02-19 00:00:00+00:00, run_after=2025-02-19 04:00:00+00:00
[2025-02-19T06:57:20.358+0000] {processor.py:183} INFO - Processing /home/airflow/.local/lib/python3.10/site-packages/airflow/example_dags/example_latest_only.py took 0.345 seconds
[2025-02-19T06:58:47.950+0000] {processor.py:161} INFO - Started process (PID=606) to work on /home/airflow/.local/lib/python3.10/site-packages/airflow/example_dags/example_latest_only.py
[2025-02-19T06:58:47.953+0000] {processor.py:830} INFO - Processing file /home/airflow/.local/lib/python3.10/site-packages/airflow/example_dags/example_latest_only.py for tasks to queue
[2025-02-19T06:58:47.957+0000] {logging_mixin.py:188} INFO - [2025-02-19T06:58:47.956+0000] {dagbag.py:538} INFO - Filling up the DagBag from /home/airflow/.local/lib/python3.10/site-packages/airflow/example_dags/example_latest_only.py
[2025-02-19T06:58:47.967+0000] {processor.py:840} INFO - DAG(s) 'latest_only' retrieved from /home/airflow/.local/lib/python3.10/site-packages/airflow/example_dags/example_latest_only.py
[2025-02-19T06:58:48.023+0000] {logging_mixin.py:188} INFO - [2025-02-19T06:58:48.022+0000] {dag.py:3036} INFO - Sync 1 DAGs
[2025-02-19T06:58:48.082+0000] {logging_mixin.py:188} INFO - [2025-02-19T06:58:48.081+0000] {dag.py:3823} INFO - Setting next_dagrun for latest_only to 2025-02-19 00:00:00+00:00, run_after=2025-02-19 04:00:00+00:00
[2025-02-19T06:58:48.202+0000] {processor.py:183} INFO - Processing /home/airflow/.local/lib/python3.10/site-packages/airflow/example_dags/example_latest_only.py took 0.260 seconds
[2025-02-19T07:00:39.584+0000] {processor.py:161} INFO - Started process (PID=671) to work on /home/airflow/.local/lib/python3.10/site-packages/airflow/example_dags/example_latest_only.py
[2025-02-19T07:00:39.586+0000] {processor.py:830} INFO - Processing file /home/airflow/.local/lib/python3.10/site-packages/airflow/example_dags/example_latest_only.py for tasks to queue
[2025-02-19T07:00:39.590+0000] {logging_mixin.py:188} INFO - [2025-02-19T07:00:39.589+0000] {dagbag.py:538} INFO - Filling up the DagBag from /home/airflow/.local/lib/python3.10/site-packages/airflow/example_dags/example_latest_only.py
[2025-02-19T07:00:39.601+0000] {processor.py:840} INFO - DAG(s) 'latest_only' retrieved from /home/airflow/.local/lib/python3.10/site-packages/airflow/example_dags/example_latest_only.py
[2025-02-19T07:00:39.649+0000] {logging_mixin.py:188} INFO - [2025-02-19T07:00:39.649+0000] {dag.py:3036} INFO - Sync 1 DAGs
[2025-02-19T07:00:39.698+0000] {logging_mixin.py:188} INFO - [2025-02-19T07:00:39.697+0000] {dag.py:3823} INFO - Setting next_dagrun for latest_only to 2025-02-19 00:00:00+00:00, run_after=2025-02-19 04:00:00+00:00
[2025-02-19T07:00:39.885+0000] {processor.py:183} INFO - Processing /home/airflow/.local/lib/python3.10/site-packages/airflow/example_dags/example_latest_only.py took 0.305 seconds
[2025-02-19T07:02:18.915+0000] {processor.py:161} INFO - Started process (PID=731) to work on /home/airflow/.local/lib/python3.10/site-packages/airflow/example_dags/example_latest_only.py
[2025-02-19T07:02:18.919+0000] {processor.py:830} INFO - Processing file /home/airflow/.local/lib/python3.10/site-packages/airflow/example_dags/example_latest_only.py for tasks to queue
[2025-02-19T07:02:18.923+0000] {logging_mixin.py:188} INFO - [2025-02-19T07:02:18.921+0000] {dagbag.py:538} INFO - Filling up the DagBag from /home/airflow/.local/lib/python3.10/site-packages/airflow/example_dags/example_latest_only.py
[2025-02-19T07:02:18.956+0000] {processor.py:840} INFO - DAG(s) 'latest_only' retrieved from /home/airflow/.local/lib/python3.10/site-packages/airflow/example_dags/example_latest_only.py
[2025-02-19T07:02:19.067+0000] {logging_mixin.py:188} INFO - [2025-02-19T07:02:19.067+0000] {dag.py:3036} INFO - Sync 1 DAGs
[2025-02-19T07:02:19.207+0000] {logging_mixin.py:188} INFO - [2025-02-19T07:02:19.206+0000] {dag.py:3823} INFO - Setting next_dagrun for latest_only to 2025-02-19 00:00:00+00:00, run_after=2025-02-19 04:00:00+00:00
[2025-02-19T07:02:19.405+0000] {processor.py:183} INFO - Processing /home/airflow/.local/lib/python3.10/site-packages/airflow/example_dags/example_latest_only.py took 0.508 seconds
[2025-02-19T07:03:54.098+0000] {processor.py:161} INFO - Started process (PID=791) to work on /home/airflow/.local/lib/python3.10/site-packages/airflow/example_dags/example_latest_only.py
[2025-02-19T07:03:54.101+0000] {processor.py:830} INFO - Processing file /home/airflow/.local/lib/python3.10/site-packages/airflow/example_dags/example_latest_only.py for tasks to queue
[2025-02-19T07:03:54.105+0000] {logging_mixin.py:188} INFO - [2025-02-19T07:03:54.103+0000] {dagbag.py:538} INFO - Filling up the DagBag from /home/airflow/.local/lib/python3.10/site-packages/airflow/example_dags/example_latest_only.py
[2025-02-19T07:03:54.141+0000] {processor.py:840} INFO - DAG(s) 'latest_only' retrieved from /home/airflow/.local/lib/python3.10/site-packages/airflow/example_dags/example_latest_only.py
[2025-02-19T07:03:54.256+0000] {logging_mixin.py:188} INFO - [2025-02-19T07:03:54.255+0000] {dag.py:3036} INFO - Sync 1 DAGs
[2025-02-19T07:03:54.421+0000] {logging_mixin.py:188} INFO - [2025-02-19T07:03:54.421+0000] {dag.py:3823} INFO - Setting next_dagrun for latest_only to 2025-02-19 00:00:00+00:00, run_after=2025-02-19 04:00:00+00:00
[2025-02-19T07:03:54.667+0000] {processor.py:183} INFO - Processing /home/airflow/.local/lib/python3.10/site-packages/airflow/example_dags/example_latest_only.py took 0.588 seconds
[2025-02-19T07:06:55.688+0000] {processor.py:161} INFO - Started process (PID=862) to work on /home/airflow/.local/lib/python3.10/site-packages/airflow/example_dags/example_latest_only.py
[2025-02-19T07:06:55.692+0000] {processor.py:830} INFO - Processing file /home/airflow/.local/lib/python3.10/site-packages/airflow/example_dags/example_latest_only.py for tasks to queue
[2025-02-19T07:06:55.705+0000] {logging_mixin.py:188} INFO - [2025-02-19T07:06:55.703+0000] {dagbag.py:538} INFO - Filling up the DagBag from /home/airflow/.local/lib/python3.10/site-packages/airflow/example_dags/example_latest_only.py
[2025-02-19T07:06:55.814+0000] {processor.py:840} INFO - DAG(s) 'latest_only' retrieved from /home/airflow/.local/lib/python3.10/site-packages/airflow/example_dags/example_latest_only.py
[2025-02-19T07:06:55.971+0000] {logging_mixin.py:188} INFO - [2025-02-19T07:06:55.970+0000] {dag.py:3036} INFO - Sync 1 DAGs
[2025-02-19T07:06:56.166+0000] {logging_mixin.py:188} INFO - [2025-02-19T07:06:56.164+0000] {dag.py:3823} INFO - Setting next_dagrun for latest_only to 2025-02-19 00:00:00+00:00, run_after=2025-02-19 04:00:00+00:00
[2025-02-19T07:06:56.412+0000] {processor.py:183} INFO - Processing /home/airflow/.local/lib/python3.10/site-packages/airflow/example_dags/example_latest_only.py took 0.745 seconds
