[2025-02-19T05:55:41.471+0000] {processor.py:161} INFO - Started process (PID=43) to work on /home/airflow/.local/lib/python3.10/site-packages/airflow/example_dags/example_python_operator.py
[2025-02-19T05:55:41.475+0000] {processor.py:830} INFO - Processing file /home/airflow/.local/lib/python3.10/site-packages/airflow/example_dags/example_python_operator.py for tasks to queue
[2025-02-19T05:55:41.480+0000] {logging_mixin.py:188} INFO - [2025-02-19T05:55:41.479+0000] {dagbag.py:538} INFO - Filling up the DagBag from /home/airflow/.local/lib/python3.10/site-packages/airflow/example_dags/example_python_operator.py
[2025-02-19T05:55:41.553+0000] {processor.py:840} INFO - DAG(s) 'example_python_operator' retrieved from /home/airflow/.local/lib/python3.10/site-packages/airflow/example_dags/example_python_operator.py
[2025-02-19T05:55:42.439+0000] {logging_mixin.py:188} INFO - [2025-02-19T05:55:42.438+0000] {dag.py:3036} INFO - Sync 1 DAGs
[2025-02-19T05:55:42.516+0000] {logging_mixin.py:188} INFO - [2025-02-19T05:55:42.515+0000] {dag.py:3823} INFO - Setting next_dagrun for example_python_operator to None, run_after=None
[2025-02-19T05:55:42.822+0000] {processor.py:183} INFO - Processing /home/airflow/.local/lib/python3.10/site-packages/airflow/example_dags/example_python_operator.py took 1.367 seconds
[2025-02-19T05:58:11.829+0000] {processor.py:161} INFO - Started process (PID=92) to work on /home/airflow/.local/lib/python3.10/site-packages/airflow/example_dags/example_python_operator.py
[2025-02-19T05:58:11.841+0000] {processor.py:830} INFO - Processing file /home/airflow/.local/lib/python3.10/site-packages/airflow/example_dags/example_python_operator.py for tasks to queue
[2025-02-19T05:58:11.845+0000] {logging_mixin.py:188} INFO - [2025-02-19T05:58:11.844+0000] {dagbag.py:538} INFO - Filling up the DagBag from /home/airflow/.local/lib/python3.10/site-packages/airflow/example_dags/example_python_operator.py
[2025-02-19T05:58:11.925+0000] {processor.py:840} INFO - DAG(s) 'example_python_operator' retrieved from /home/airflow/.local/lib/python3.10/site-packages/airflow/example_dags/example_python_operator.py
[2025-02-19T05:58:12.045+0000] {logging_mixin.py:188} INFO - [2025-02-19T05:58:12.045+0000] {dag.py:3036} INFO - Sync 1 DAGs
[2025-02-19T05:58:12.109+0000] {logging_mixin.py:188} INFO - [2025-02-19T05:58:12.108+0000] {dag.py:3823} INFO - Setting next_dagrun for example_python_operator to None, run_after=None
[2025-02-19T05:58:12.299+0000] {processor.py:183} INFO - Processing /home/airflow/.local/lib/python3.10/site-packages/airflow/example_dags/example_python_operator.py took 0.478 seconds
[2025-02-19T05:59:41.976+0000] {processor.py:161} INFO - Started process (PID=138) to work on /home/airflow/.local/lib/python3.10/site-packages/airflow/example_dags/example_python_operator.py
[2025-02-19T05:59:41.979+0000] {processor.py:830} INFO - Processing file /home/airflow/.local/lib/python3.10/site-packages/airflow/example_dags/example_python_operator.py for tasks to queue
[2025-02-19T05:59:41.982+0000] {logging_mixin.py:188} INFO - [2025-02-19T05:59:41.982+0000] {dagbag.py:538} INFO - Filling up the DagBag from /home/airflow/.local/lib/python3.10/site-packages/airflow/example_dags/example_python_operator.py
[2025-02-19T05:59:42.030+0000] {processor.py:840} INFO - DAG(s) 'example_python_operator' retrieved from /home/airflow/.local/lib/python3.10/site-packages/airflow/example_dags/example_python_operator.py
[2025-02-19T05:59:42.126+0000] {logging_mixin.py:188} INFO - [2025-02-19T05:59:42.126+0000] {dag.py:3036} INFO - Sync 1 DAGs
[2025-02-19T05:59:42.173+0000] {logging_mixin.py:188} INFO - [2025-02-19T05:59:42.173+0000] {dag.py:3823} INFO - Setting next_dagrun for example_python_operator to None, run_after=None
[2025-02-19T05:59:42.518+0000] {processor.py:183} INFO - Processing /home/airflow/.local/lib/python3.10/site-packages/airflow/example_dags/example_python_operator.py took 0.555 seconds
[2025-02-19T06:00:42.266+0000] {processor.py:161} INFO - Started process (PID=170) to work on /home/airflow/.local/lib/python3.10/site-packages/airflow/example_dags/example_python_operator.py
[2025-02-19T06:00:42.269+0000] {processor.py:830} INFO - Processing file /home/airflow/.local/lib/python3.10/site-packages/airflow/example_dags/example_python_operator.py for tasks to queue
[2025-02-19T06:00:42.281+0000] {logging_mixin.py:188} INFO - [2025-02-19T06:00:42.280+0000] {dagbag.py:538} INFO - Filling up the DagBag from /home/airflow/.local/lib/python3.10/site-packages/airflow/example_dags/example_python_operator.py
[2025-02-19T06:00:42.349+0000] {processor.py:840} INFO - DAG(s) 'example_python_operator' retrieved from /home/airflow/.local/lib/python3.10/site-packages/airflow/example_dags/example_python_operator.py
[2025-02-19T06:00:42.558+0000] {logging_mixin.py:188} INFO - [2025-02-19T06:00:42.550+0000] {dag.py:3036} INFO - Sync 1 DAGs
[2025-02-19T06:00:42.630+0000] {logging_mixin.py:188} INFO - [2025-02-19T06:00:42.629+0000] {dag.py:3823} INFO - Setting next_dagrun for example_python_operator to None, run_after=None
[2025-02-19T06:00:42.797+0000] {processor.py:183} INFO - Processing /home/airflow/.local/lib/python3.10/site-packages/airflow/example_dags/example_python_operator.py took 0.549 seconds
[2025-02-19T06:01:40.597+0000] {processor.py:161} INFO - Started process (PID=204) to work on /home/airflow/.local/lib/python3.10/site-packages/airflow/example_dags/example_python_operator.py
[2025-02-19T06:01:40.600+0000] {processor.py:830} INFO - Processing file /home/airflow/.local/lib/python3.10/site-packages/airflow/example_dags/example_python_operator.py for tasks to queue
[2025-02-19T06:01:40.603+0000] {logging_mixin.py:188} INFO - [2025-02-19T06:01:40.602+0000] {dagbag.py:538} INFO - Filling up the DagBag from /home/airflow/.local/lib/python3.10/site-packages/airflow/example_dags/example_python_operator.py
[2025-02-19T06:01:40.627+0000] {processor.py:840} INFO - DAG(s) 'example_python_operator' retrieved from /home/airflow/.local/lib/python3.10/site-packages/airflow/example_dags/example_python_operator.py
[2025-02-19T06:01:40.685+0000] {logging_mixin.py:188} INFO - [2025-02-19T06:01:40.684+0000] {dag.py:3036} INFO - Sync 1 DAGs
[2025-02-19T06:01:40.720+0000] {logging_mixin.py:188} INFO - [2025-02-19T06:01:40.719+0000] {dag.py:3823} INFO - Setting next_dagrun for example_python_operator to None, run_after=None
[2025-02-19T06:01:40.888+0000] {processor.py:183} INFO - Processing /home/airflow/.local/lib/python3.10/site-packages/airflow/example_dags/example_python_operator.py took 0.299 seconds
[2025-02-19T06:02:39.149+0000] {processor.py:161} INFO - Started process (PID=236) to work on /home/airflow/.local/lib/python3.10/site-packages/airflow/example_dags/example_python_operator.py
[2025-02-19T06:02:39.153+0000] {processor.py:830} INFO - Processing file /home/airflow/.local/lib/python3.10/site-packages/airflow/example_dags/example_python_operator.py for tasks to queue
[2025-02-19T06:02:39.162+0000] {logging_mixin.py:188} INFO - [2025-02-19T06:02:39.155+0000] {dagbag.py:538} INFO - Filling up the DagBag from /home/airflow/.local/lib/python3.10/site-packages/airflow/example_dags/example_python_operator.py
[2025-02-19T06:02:39.223+0000] {processor.py:840} INFO - DAG(s) 'example_python_operator' retrieved from /home/airflow/.local/lib/python3.10/site-packages/airflow/example_dags/example_python_operator.py
[2025-02-19T06:02:39.363+0000] {logging_mixin.py:188} INFO - [2025-02-19T06:02:39.363+0000] {dag.py:3036} INFO - Sync 1 DAGs
[2025-02-19T06:02:39.437+0000] {logging_mixin.py:188} INFO - [2025-02-19T06:02:39.437+0000] {dag.py:3823} INFO - Setting next_dagrun for example_python_operator to None, run_after=None
[2025-02-19T06:02:39.630+0000] {processor.py:183} INFO - Processing /home/airflow/.local/lib/python3.10/site-packages/airflow/example_dags/example_python_operator.py took 0.494 seconds
[2025-02-19T06:04:17.526+0000] {processor.py:161} INFO - Started process (PID=297) to work on /home/airflow/.local/lib/python3.10/site-packages/airflow/example_dags/example_python_operator.py
[2025-02-19T06:04:17.531+0000] {processor.py:830} INFO - Processing file /home/airflow/.local/lib/python3.10/site-packages/airflow/example_dags/example_python_operator.py for tasks to queue
[2025-02-19T06:04:17.541+0000] {logging_mixin.py:188} INFO - [2025-02-19T06:04:17.540+0000] {dagbag.py:538} INFO - Filling up the DagBag from /home/airflow/.local/lib/python3.10/site-packages/airflow/example_dags/example_python_operator.py
[2025-02-19T06:04:17.599+0000] {processor.py:840} INFO - DAG(s) 'example_python_operator' retrieved from /home/airflow/.local/lib/python3.10/site-packages/airflow/example_dags/example_python_operator.py
[2025-02-19T06:04:17.702+0000] {logging_mixin.py:188} INFO - [2025-02-19T06:04:17.702+0000] {dag.py:3036} INFO - Sync 1 DAGs
[2025-02-19T06:04:17.779+0000] {logging_mixin.py:188} INFO - [2025-02-19T06:04:17.779+0000] {dag.py:3823} INFO - Setting next_dagrun for example_python_operator to None, run_after=None
[2025-02-19T06:04:17.992+0000] {processor.py:183} INFO - Processing /home/airflow/.local/lib/python3.10/site-packages/airflow/example_dags/example_python_operator.py took 0.478 seconds
[2025-02-19T06:05:12.597+0000] {processor.py:161} INFO - Started process (PID=331) to work on /home/airflow/.local/lib/python3.10/site-packages/airflow/example_dags/example_python_operator.py
[2025-02-19T06:05:12.603+0000] {processor.py:830} INFO - Processing file /home/airflow/.local/lib/python3.10/site-packages/airflow/example_dags/example_python_operator.py for tasks to queue
[2025-02-19T06:05:12.611+0000] {logging_mixin.py:188} INFO - [2025-02-19T06:05:12.610+0000] {dagbag.py:538} INFO - Filling up the DagBag from /home/airflow/.local/lib/python3.10/site-packages/airflow/example_dags/example_python_operator.py
[2025-02-19T06:05:12.675+0000] {processor.py:840} INFO - DAG(s) 'example_python_operator' retrieved from /home/airflow/.local/lib/python3.10/site-packages/airflow/example_dags/example_python_operator.py
[2025-02-19T06:05:12.800+0000] {logging_mixin.py:188} INFO - [2025-02-19T06:05:12.799+0000] {dag.py:3036} INFO - Sync 1 DAGs
[2025-02-19T06:05:12.971+0000] {logging_mixin.py:188} INFO - [2025-02-19T06:05:12.970+0000] {dag.py:3823} INFO - Setting next_dagrun for example_python_operator to None, run_after=None
[2025-02-19T06:05:13.225+0000] {processor.py:183} INFO - Processing /home/airflow/.local/lib/python3.10/site-packages/airflow/example_dags/example_python_operator.py took 0.638 seconds
[2025-02-19T06:07:24.410+0000] {processor.py:161} INFO - Started process (PID=395) to work on /home/airflow/.local/lib/python3.10/site-packages/airflow/example_dags/example_python_operator.py
[2025-02-19T06:07:24.414+0000] {processor.py:830} INFO - Processing file /home/airflow/.local/lib/python3.10/site-packages/airflow/example_dags/example_python_operator.py for tasks to queue
[2025-02-19T06:07:24.426+0000] {logging_mixin.py:188} INFO - [2025-02-19T06:07:24.424+0000] {dagbag.py:538} INFO - Filling up the DagBag from /home/airflow/.local/lib/python3.10/site-packages/airflow/example_dags/example_python_operator.py
[2025-02-19T06:07:24.505+0000] {processor.py:840} INFO - DAG(s) 'example_python_operator' retrieved from /home/airflow/.local/lib/python3.10/site-packages/airflow/example_dags/example_python_operator.py
[2025-02-19T06:07:24.843+0000] {logging_mixin.py:188} INFO - [2025-02-19T06:07:24.842+0000] {dag.py:3036} INFO - Sync 1 DAGs
[2025-02-19T06:07:24.919+0000] {logging_mixin.py:188} INFO - [2025-02-19T06:07:24.918+0000] {dag.py:3823} INFO - Setting next_dagrun for example_python_operator to None, run_after=None
[2025-02-19T06:07:25.172+0000] {processor.py:183} INFO - Processing /home/airflow/.local/lib/python3.10/site-packages/airflow/example_dags/example_python_operator.py took 0.780 seconds
[2025-02-19T06:08:24.076+0000] {processor.py:161} INFO - Started process (PID=429) to work on /home/airflow/.local/lib/python3.10/site-packages/airflow/example_dags/example_python_operator.py
[2025-02-19T06:08:24.078+0000] {processor.py:830} INFO - Processing file /home/airflow/.local/lib/python3.10/site-packages/airflow/example_dags/example_python_operator.py for tasks to queue
[2025-02-19T06:08:24.081+0000] {logging_mixin.py:188} INFO - [2025-02-19T06:08:24.080+0000] {dagbag.py:538} INFO - Filling up the DagBag from /home/airflow/.local/lib/python3.10/site-packages/airflow/example_dags/example_python_operator.py
[2025-02-19T06:08:24.116+0000] {processor.py:840} INFO - DAG(s) 'example_python_operator' retrieved from /home/airflow/.local/lib/python3.10/site-packages/airflow/example_dags/example_python_operator.py
[2025-02-19T06:08:24.187+0000] {logging_mixin.py:188} INFO - [2025-02-19T06:08:24.186+0000] {dag.py:3036} INFO - Sync 1 DAGs
[2025-02-19T06:08:24.228+0000] {logging_mixin.py:188} INFO - [2025-02-19T06:08:24.227+0000] {dag.py:3823} INFO - Setting next_dagrun for example_python_operator to None, run_after=None
[2025-02-19T06:08:24.398+0000] {processor.py:183} INFO - Processing /home/airflow/.local/lib/python3.10/site-packages/airflow/example_dags/example_python_operator.py took 0.329 seconds
[2025-02-19T06:10:07.491+0000] {processor.py:161} INFO - Started process (PID=492) to work on /home/airflow/.local/lib/python3.10/site-packages/airflow/example_dags/example_python_operator.py
[2025-02-19T06:10:07.503+0000] {processor.py:830} INFO - Processing file /home/airflow/.local/lib/python3.10/site-packages/airflow/example_dags/example_python_operator.py for tasks to queue
[2025-02-19T06:10:07.506+0000] {logging_mixin.py:188} INFO - [2025-02-19T06:10:07.505+0000] {dagbag.py:538} INFO - Filling up the DagBag from /home/airflow/.local/lib/python3.10/site-packages/airflow/example_dags/example_python_operator.py
[2025-02-19T06:10:07.556+0000] {processor.py:840} INFO - DAG(s) 'example_python_operator' retrieved from /home/airflow/.local/lib/python3.10/site-packages/airflow/example_dags/example_python_operator.py
[2025-02-19T06:10:07.703+0000] {logging_mixin.py:188} INFO - [2025-02-19T06:10:07.703+0000] {dag.py:3036} INFO - Sync 1 DAGs
[2025-02-19T06:10:07.772+0000] {logging_mixin.py:188} INFO - [2025-02-19T06:10:07.771+0000] {dag.py:3823} INFO - Setting next_dagrun for example_python_operator to None, run_after=None
[2025-02-19T06:10:07.944+0000] {processor.py:183} INFO - Processing /home/airflow/.local/lib/python3.10/site-packages/airflow/example_dags/example_python_operator.py took 0.465 seconds
[2025-02-19T06:11:54.328+0000] {processor.py:161} INFO - Started process (PID=554) to work on /home/airflow/.local/lib/python3.10/site-packages/airflow/example_dags/example_python_operator.py
[2025-02-19T06:11:54.341+0000] {processor.py:830} INFO - Processing file /home/airflow/.local/lib/python3.10/site-packages/airflow/example_dags/example_python_operator.py for tasks to queue
[2025-02-19T06:11:54.355+0000] {logging_mixin.py:188} INFO - [2025-02-19T06:11:54.344+0000] {dagbag.py:538} INFO - Filling up the DagBag from /home/airflow/.local/lib/python3.10/site-packages/airflow/example_dags/example_python_operator.py
[2025-02-19T06:11:54.437+0000] {processor.py:840} INFO - DAG(s) 'example_python_operator' retrieved from /home/airflow/.local/lib/python3.10/site-packages/airflow/example_dags/example_python_operator.py
[2025-02-19T06:11:54.603+0000] {logging_mixin.py:188} INFO - [2025-02-19T06:11:54.602+0000] {dag.py:3036} INFO - Sync 1 DAGs
[2025-02-19T06:11:54.726+0000] {logging_mixin.py:188} INFO - [2025-02-19T06:11:54.726+0000] {dag.py:3823} INFO - Setting next_dagrun for example_python_operator to None, run_after=None
[2025-02-19T06:11:55.078+0000] {processor.py:183} INFO - Processing /home/airflow/.local/lib/python3.10/site-packages/airflow/example_dags/example_python_operator.py took 0.765 seconds
[2025-02-19T06:12:52.911+0000] {processor.py:161} INFO - Started process (PID=586) to work on /home/airflow/.local/lib/python3.10/site-packages/airflow/example_dags/example_python_operator.py
[2025-02-19T06:12:52.916+0000] {processor.py:830} INFO - Processing file /home/airflow/.local/lib/python3.10/site-packages/airflow/example_dags/example_python_operator.py for tasks to queue
[2025-02-19T06:12:52.918+0000] {logging_mixin.py:188} INFO - [2025-02-19T06:12:52.918+0000] {dagbag.py:538} INFO - Filling up the DagBag from /home/airflow/.local/lib/python3.10/site-packages/airflow/example_dags/example_python_operator.py
[2025-02-19T06:12:52.946+0000] {processor.py:840} INFO - DAG(s) 'example_python_operator' retrieved from /home/airflow/.local/lib/python3.10/site-packages/airflow/example_dags/example_python_operator.py
[2025-02-19T06:12:53.012+0000] {logging_mixin.py:188} INFO - [2025-02-19T06:12:53.011+0000] {dag.py:3036} INFO - Sync 1 DAGs
[2025-02-19T06:12:53.049+0000] {logging_mixin.py:188} INFO - [2025-02-19T06:12:53.049+0000] {dag.py:3823} INFO - Setting next_dagrun for example_python_operator to None, run_after=None
[2025-02-19T06:12:53.192+0000] {processor.py:183} INFO - Processing /home/airflow/.local/lib/python3.10/site-packages/airflow/example_dags/example_python_operator.py took 0.291 seconds
[2025-02-19T06:13:47.039+0000] {processor.py:161} INFO - Started process (PID=620) to work on /home/airflow/.local/lib/python3.10/site-packages/airflow/example_dags/example_python_operator.py
[2025-02-19T06:13:47.042+0000] {processor.py:830} INFO - Processing file /home/airflow/.local/lib/python3.10/site-packages/airflow/example_dags/example_python_operator.py for tasks to queue
[2025-02-19T06:13:47.045+0000] {logging_mixin.py:188} INFO - [2025-02-19T06:13:47.044+0000] {dagbag.py:538} INFO - Filling up the DagBag from /home/airflow/.local/lib/python3.10/site-packages/airflow/example_dags/example_python_operator.py
[2025-02-19T06:13:47.072+0000] {processor.py:840} INFO - DAG(s) 'example_python_operator' retrieved from /home/airflow/.local/lib/python3.10/site-packages/airflow/example_dags/example_python_operator.py
[2025-02-19T06:13:47.145+0000] {logging_mixin.py:188} INFO - [2025-02-19T06:13:47.145+0000] {dag.py:3036} INFO - Sync 1 DAGs
[2025-02-19T06:13:47.176+0000] {logging_mixin.py:188} INFO - [2025-02-19T06:13:47.176+0000] {dag.py:3823} INFO - Setting next_dagrun for example_python_operator to None, run_after=None
[2025-02-19T06:13:47.325+0000] {processor.py:183} INFO - Processing /home/airflow/.local/lib/python3.10/site-packages/airflow/example_dags/example_python_operator.py took 0.293 seconds
[2025-02-19T06:15:20.895+0000] {processor.py:161} INFO - Started process (PID=680) to work on /home/airflow/.local/lib/python3.10/site-packages/airflow/example_dags/example_python_operator.py
[2025-02-19T06:15:20.898+0000] {processor.py:830} INFO - Processing file /home/airflow/.local/lib/python3.10/site-packages/airflow/example_dags/example_python_operator.py for tasks to queue
[2025-02-19T06:15:20.902+0000] {logging_mixin.py:188} INFO - [2025-02-19T06:15:20.901+0000] {dagbag.py:538} INFO - Filling up the DagBag from /home/airflow/.local/lib/python3.10/site-packages/airflow/example_dags/example_python_operator.py
[2025-02-19T06:15:20.953+0000] {processor.py:840} INFO - DAG(s) 'example_python_operator' retrieved from /home/airflow/.local/lib/python3.10/site-packages/airflow/example_dags/example_python_operator.py
[2025-02-19T06:15:21.051+0000] {logging_mixin.py:188} INFO - [2025-02-19T06:15:21.050+0000] {dag.py:3036} INFO - Sync 1 DAGs
[2025-02-19T06:15:21.085+0000] {logging_mixin.py:188} INFO - [2025-02-19T06:15:21.084+0000] {dag.py:3823} INFO - Setting next_dagrun for example_python_operator to None, run_after=None
[2025-02-19T06:15:21.230+0000] {processor.py:183} INFO - Processing /home/airflow/.local/lib/python3.10/site-packages/airflow/example_dags/example_python_operator.py took 0.345 seconds
[2025-02-19T06:17:13.188+0000] {processor.py:161} INFO - Started process (PID=741) to work on /home/airflow/.local/lib/python3.10/site-packages/airflow/example_dags/example_python_operator.py
[2025-02-19T06:17:13.191+0000] {processor.py:830} INFO - Processing file /home/airflow/.local/lib/python3.10/site-packages/airflow/example_dags/example_python_operator.py for tasks to queue
[2025-02-19T06:17:13.200+0000] {logging_mixin.py:188} INFO - [2025-02-19T06:17:13.199+0000] {dagbag.py:538} INFO - Filling up the DagBag from /home/airflow/.local/lib/python3.10/site-packages/airflow/example_dags/example_python_operator.py
[2025-02-19T06:17:13.294+0000] {processor.py:840} INFO - DAG(s) 'example_python_operator' retrieved from /home/airflow/.local/lib/python3.10/site-packages/airflow/example_dags/example_python_operator.py
[2025-02-19T06:17:13.477+0000] {logging_mixin.py:188} INFO - [2025-02-19T06:17:13.473+0000] {dag.py:3036} INFO - Sync 1 DAGs
[2025-02-19T06:17:13.552+0000] {logging_mixin.py:188} INFO - [2025-02-19T06:17:13.552+0000] {dag.py:3823} INFO - Setting next_dagrun for example_python_operator to None, run_after=None
[2025-02-19T06:17:13.729+0000] {processor.py:183} INFO - Processing /home/airflow/.local/lib/python3.10/site-packages/airflow/example_dags/example_python_operator.py took 0.557 seconds
[2025-02-19T06:18:12.125+0000] {processor.py:161} INFO - Started process (PID=778) to work on /home/airflow/.local/lib/python3.10/site-packages/airflow/example_dags/example_python_operator.py
[2025-02-19T06:18:12.128+0000] {processor.py:830} INFO - Processing file /home/airflow/.local/lib/python3.10/site-packages/airflow/example_dags/example_python_operator.py for tasks to queue
[2025-02-19T06:18:12.137+0000] {logging_mixin.py:188} INFO - [2025-02-19T06:18:12.135+0000] {dagbag.py:538} INFO - Filling up the DagBag from /home/airflow/.local/lib/python3.10/site-packages/airflow/example_dags/example_python_operator.py
[2025-02-19T06:18:12.168+0000] {processor.py:840} INFO - DAG(s) 'example_python_operator' retrieved from /home/airflow/.local/lib/python3.10/site-packages/airflow/example_dags/example_python_operator.py
[2025-02-19T06:18:12.245+0000] {logging_mixin.py:188} INFO - [2025-02-19T06:18:12.245+0000] {dag.py:3036} INFO - Sync 1 DAGs
[2025-02-19T06:18:12.281+0000] {logging_mixin.py:188} INFO - [2025-02-19T06:18:12.281+0000] {dag.py:3823} INFO - Setting next_dagrun for example_python_operator to None, run_after=None
[2025-02-19T06:18:12.413+0000] {processor.py:183} INFO - Processing /home/airflow/.local/lib/python3.10/site-packages/airflow/example_dags/example_python_operator.py took 0.295 seconds
[2025-02-19T06:19:44.280+0000] {processor.py:161} INFO - Started process (PID=837) to work on /home/airflow/.local/lib/python3.10/site-packages/airflow/example_dags/example_python_operator.py
[2025-02-19T06:19:44.283+0000] {processor.py:830} INFO - Processing file /home/airflow/.local/lib/python3.10/site-packages/airflow/example_dags/example_python_operator.py for tasks to queue
[2025-02-19T06:19:44.286+0000] {logging_mixin.py:188} INFO - [2025-02-19T06:19:44.285+0000] {dagbag.py:538} INFO - Filling up the DagBag from /home/airflow/.local/lib/python3.10/site-packages/airflow/example_dags/example_python_operator.py
[2025-02-19T06:19:44.340+0000] {processor.py:840} INFO - DAG(s) 'example_python_operator' retrieved from /home/airflow/.local/lib/python3.10/site-packages/airflow/example_dags/example_python_operator.py
[2025-02-19T06:19:44.436+0000] {logging_mixin.py:188} INFO - [2025-02-19T06:19:44.435+0000] {dag.py:3036} INFO - Sync 1 DAGs
[2025-02-19T06:19:44.482+0000] {logging_mixin.py:188} INFO - [2025-02-19T06:19:44.481+0000] {dag.py:3823} INFO - Setting next_dagrun for example_python_operator to None, run_after=None
[2025-02-19T06:19:44.610+0000] {processor.py:183} INFO - Processing /home/airflow/.local/lib/python3.10/site-packages/airflow/example_dags/example_python_operator.py took 0.345 seconds
[2025-02-19T06:21:26.828+0000] {processor.py:161} INFO - Started process (PID=898) to work on /home/airflow/.local/lib/python3.10/site-packages/airflow/example_dags/example_python_operator.py
[2025-02-19T06:21:26.830+0000] {processor.py:830} INFO - Processing file /home/airflow/.local/lib/python3.10/site-packages/airflow/example_dags/example_python_operator.py for tasks to queue
[2025-02-19T06:21:26.838+0000] {logging_mixin.py:188} INFO - [2025-02-19T06:21:26.833+0000] {dagbag.py:538} INFO - Filling up the DagBag from /home/airflow/.local/lib/python3.10/site-packages/airflow/example_dags/example_python_operator.py
[2025-02-19T06:21:26.874+0000] {processor.py:840} INFO - DAG(s) 'example_python_operator' retrieved from /home/airflow/.local/lib/python3.10/site-packages/airflow/example_dags/example_python_operator.py
[2025-02-19T06:21:26.970+0000] {logging_mixin.py:188} INFO - [2025-02-19T06:21:26.969+0000] {dag.py:3036} INFO - Sync 1 DAGs
[2025-02-19T06:21:27.012+0000] {logging_mixin.py:188} INFO - [2025-02-19T06:21:27.012+0000] {dag.py:3823} INFO - Setting next_dagrun for example_python_operator to None, run_after=None
[2025-02-19T06:21:27.214+0000] {processor.py:183} INFO - Processing /home/airflow/.local/lib/python3.10/site-packages/airflow/example_dags/example_python_operator.py took 0.393 seconds
[2025-02-19T06:22:30.576+0000] {processor.py:161} INFO - Started process (PID=930) to work on /home/airflow/.local/lib/python3.10/site-packages/airflow/example_dags/example_python_operator.py
[2025-02-19T06:22:30.580+0000] {processor.py:830} INFO - Processing file /home/airflow/.local/lib/python3.10/site-packages/airflow/example_dags/example_python_operator.py for tasks to queue
[2025-02-19T06:22:30.592+0000] {logging_mixin.py:188} INFO - [2025-02-19T06:22:30.591+0000] {dagbag.py:538} INFO - Filling up the DagBag from /home/airflow/.local/lib/python3.10/site-packages/airflow/example_dags/example_python_operator.py
[2025-02-19T06:22:30.675+0000] {processor.py:840} INFO - DAG(s) 'example_python_operator' retrieved from /home/airflow/.local/lib/python3.10/site-packages/airflow/example_dags/example_python_operator.py
[2025-02-19T06:22:30.822+0000] {logging_mixin.py:188} INFO - [2025-02-19T06:22:30.822+0000] {dag.py:3036} INFO - Sync 1 DAGs
[2025-02-19T06:22:30.911+0000] {logging_mixin.py:188} INFO - [2025-02-19T06:22:30.911+0000] {dag.py:3823} INFO - Setting next_dagrun for example_python_operator to None, run_after=None
[2025-02-19T06:22:31.147+0000] {processor.py:183} INFO - Processing /home/airflow/.local/lib/python3.10/site-packages/airflow/example_dags/example_python_operator.py took 0.591 seconds
[2025-02-19T06:24:36.585+0000] {processor.py:161} INFO - Started process (PID=994) to work on /home/airflow/.local/lib/python3.10/site-packages/airflow/example_dags/example_python_operator.py
[2025-02-19T06:24:36.588+0000] {processor.py:830} INFO - Processing file /home/airflow/.local/lib/python3.10/site-packages/airflow/example_dags/example_python_operator.py for tasks to queue
[2025-02-19T06:24:36.592+0000] {logging_mixin.py:188} INFO - [2025-02-19T06:24:36.590+0000] {dagbag.py:538} INFO - Filling up the DagBag from /home/airflow/.local/lib/python3.10/site-packages/airflow/example_dags/example_python_operator.py
[2025-02-19T06:24:36.624+0000] {processor.py:840} INFO - DAG(s) 'example_python_operator' retrieved from /home/airflow/.local/lib/python3.10/site-packages/airflow/example_dags/example_python_operator.py
[2025-02-19T06:24:36.739+0000] {logging_mixin.py:188} INFO - [2025-02-19T06:24:36.737+0000] {dag.py:3036} INFO - Sync 1 DAGs
[2025-02-19T06:24:36.796+0000] {logging_mixin.py:188} INFO - [2025-02-19T06:24:36.795+0000] {dag.py:3823} INFO - Setting next_dagrun for example_python_operator to None, run_after=None
[2025-02-19T06:24:36.972+0000] {processor.py:183} INFO - Processing /home/airflow/.local/lib/python3.10/site-packages/airflow/example_dags/example_python_operator.py took 0.393 seconds
[2025-02-19T06:25:43.535+0000] {processor.py:161} INFO - Started process (PID=1031) to work on /home/airflow/.local/lib/python3.10/site-packages/airflow/example_dags/example_python_operator.py
[2025-02-19T06:25:43.547+0000] {processor.py:830} INFO - Processing file /home/airflow/.local/lib/python3.10/site-packages/airflow/example_dags/example_python_operator.py for tasks to queue
[2025-02-19T06:25:43.550+0000] {logging_mixin.py:188} INFO - [2025-02-19T06:25:43.549+0000] {dagbag.py:538} INFO - Filling up the DagBag from /home/airflow/.local/lib/python3.10/site-packages/airflow/example_dags/example_python_operator.py
[2025-02-19T06:25:43.614+0000] {processor.py:840} INFO - DAG(s) 'example_python_operator' retrieved from /home/airflow/.local/lib/python3.10/site-packages/airflow/example_dags/example_python_operator.py
[2025-02-19T06:25:43.753+0000] {logging_mixin.py:188} INFO - [2025-02-19T06:25:43.753+0000] {dag.py:3036} INFO - Sync 1 DAGs
[2025-02-19T06:25:43.829+0000] {logging_mixin.py:188} INFO - [2025-02-19T06:25:43.828+0000] {dag.py:3823} INFO - Setting next_dagrun for example_python_operator to None, run_after=None
[2025-02-19T06:25:44.100+0000] {processor.py:183} INFO - Processing /home/airflow/.local/lib/python3.10/site-packages/airflow/example_dags/example_python_operator.py took 0.582 seconds
[2025-02-19T06:30:06.877+0000] {processor.py:161} INFO - Started process (PID=43) to work on /home/airflow/.local/lib/python3.10/site-packages/airflow/example_dags/example_python_operator.py
[2025-02-19T06:30:06.889+0000] {processor.py:830} INFO - Processing file /home/airflow/.local/lib/python3.10/site-packages/airflow/example_dags/example_python_operator.py for tasks to queue
[2025-02-19T06:30:06.915+0000] {logging_mixin.py:188} INFO - [2025-02-19T06:30:06.914+0000] {dagbag.py:538} INFO - Filling up the DagBag from /home/airflow/.local/lib/python3.10/site-packages/airflow/example_dags/example_python_operator.py
[2025-02-19T06:30:07.009+0000] {processor.py:840} INFO - DAG(s) 'example_python_operator' retrieved from /home/airflow/.local/lib/python3.10/site-packages/airflow/example_dags/example_python_operator.py
[2025-02-19T06:30:07.748+0000] {logging_mixin.py:188} INFO - [2025-02-19T06:30:07.747+0000] {dag.py:3036} INFO - Sync 1 DAGs
[2025-02-19T06:30:07.826+0000] {logging_mixin.py:188} INFO - [2025-02-19T06:30:07.825+0000] {dag.py:3823} INFO - Setting next_dagrun for example_python_operator to None, run_after=None
[2025-02-19T06:30:08.123+0000] {processor.py:183} INFO - Processing /home/airflow/.local/lib/python3.10/site-packages/airflow/example_dags/example_python_operator.py took 1.262 seconds
[2025-02-19T06:31:42.621+0000] {processor.py:161} INFO - Started process (PID=92) to work on /home/airflow/.local/lib/python3.10/site-packages/airflow/example_dags/example_python_operator.py
[2025-02-19T06:31:42.624+0000] {processor.py:830} INFO - Processing file /home/airflow/.local/lib/python3.10/site-packages/airflow/example_dags/example_python_operator.py for tasks to queue
[2025-02-19T06:31:42.629+0000] {logging_mixin.py:188} INFO - [2025-02-19T06:31:42.627+0000] {dagbag.py:538} INFO - Filling up the DagBag from /home/airflow/.local/lib/python3.10/site-packages/airflow/example_dags/example_python_operator.py
[2025-02-19T06:31:42.656+0000] {processor.py:840} INFO - DAG(s) 'example_python_operator' retrieved from /home/airflow/.local/lib/python3.10/site-packages/airflow/example_dags/example_python_operator.py
[2025-02-19T06:31:42.734+0000] {logging_mixin.py:188} INFO - [2025-02-19T06:31:42.734+0000] {dag.py:3036} INFO - Sync 1 DAGs
[2025-02-19T06:31:42.785+0000] {logging_mixin.py:188} INFO - [2025-02-19T06:31:42.784+0000] {dag.py:3823} INFO - Setting next_dagrun for example_python_operator to None, run_after=None
[2025-02-19T06:31:42.924+0000] {processor.py:183} INFO - Processing /home/airflow/.local/lib/python3.10/site-packages/airflow/example_dags/example_python_operator.py took 0.311 seconds
[2025-02-19T06:32:50.319+0000] {processor.py:161} INFO - Started process (PID=123) to work on /home/airflow/.local/lib/python3.10/site-packages/airflow/example_dags/example_python_operator.py
[2025-02-19T06:32:50.320+0000] {processor.py:830} INFO - Processing file /home/airflow/.local/lib/python3.10/site-packages/airflow/example_dags/example_python_operator.py for tasks to queue
[2025-02-19T06:32:50.325+0000] {logging_mixin.py:188} INFO - [2025-02-19T06:32:50.323+0000] {dagbag.py:538} INFO - Filling up the DagBag from /home/airflow/.local/lib/python3.10/site-packages/airflow/example_dags/example_python_operator.py
[2025-02-19T06:32:50.349+0000] {processor.py:840} INFO - DAG(s) 'example_python_operator' retrieved from /home/airflow/.local/lib/python3.10/site-packages/airflow/example_dags/example_python_operator.py
[2025-02-19T06:32:50.412+0000] {logging_mixin.py:188} INFO - [2025-02-19T06:32:50.411+0000] {dag.py:3036} INFO - Sync 1 DAGs
[2025-02-19T06:32:50.440+0000] {logging_mixin.py:188} INFO - [2025-02-19T06:32:50.439+0000] {dag.py:3823} INFO - Setting next_dagrun for example_python_operator to None, run_after=None
[2025-02-19T06:32:50.592+0000] {processor.py:183} INFO - Processing /home/airflow/.local/lib/python3.10/site-packages/airflow/example_dags/example_python_operator.py took 0.278 seconds
[2025-02-19T06:33:59.490+0000] {processor.py:161} INFO - Started process (PID=160) to work on /home/airflow/.local/lib/python3.10/site-packages/airflow/example_dags/example_python_operator.py
[2025-02-19T06:33:59.493+0000] {processor.py:830} INFO - Processing file /home/airflow/.local/lib/python3.10/site-packages/airflow/example_dags/example_python_operator.py for tasks to queue
[2025-02-19T06:33:59.496+0000] {logging_mixin.py:188} INFO - [2025-02-19T06:33:59.495+0000] {dagbag.py:538} INFO - Filling up the DagBag from /home/airflow/.local/lib/python3.10/site-packages/airflow/example_dags/example_python_operator.py
[2025-02-19T06:33:59.531+0000] {processor.py:840} INFO - DAG(s) 'example_python_operator' retrieved from /home/airflow/.local/lib/python3.10/site-packages/airflow/example_dags/example_python_operator.py
[2025-02-19T06:33:59.620+0000] {logging_mixin.py:188} INFO - [2025-02-19T06:33:59.620+0000] {dag.py:3036} INFO - Sync 1 DAGs
[2025-02-19T06:33:59.681+0000] {logging_mixin.py:188} INFO - [2025-02-19T06:33:59.680+0000] {dag.py:3823} INFO - Setting next_dagrun for example_python_operator to None, run_after=None
[2025-02-19T06:33:59.899+0000] {processor.py:183} INFO - Processing /home/airflow/.local/lib/python3.10/site-packages/airflow/example_dags/example_python_operator.py took 0.422 seconds
[2025-02-19T06:35:28.901+0000] {processor.py:161} INFO - Started process (PID=219) to work on /home/airflow/.local/lib/python3.10/site-packages/airflow/example_dags/example_python_operator.py
[2025-02-19T06:35:28.905+0000] {processor.py:830} INFO - Processing file /home/airflow/.local/lib/python3.10/site-packages/airflow/example_dags/example_python_operator.py for tasks to queue
[2025-02-19T06:35:28.908+0000] {logging_mixin.py:188} INFO - [2025-02-19T06:35:28.907+0000] {dagbag.py:538} INFO - Filling up the DagBag from /home/airflow/.local/lib/python3.10/site-packages/airflow/example_dags/example_python_operator.py
[2025-02-19T06:35:28.943+0000] {processor.py:840} INFO - DAG(s) 'example_python_operator' retrieved from /home/airflow/.local/lib/python3.10/site-packages/airflow/example_dags/example_python_operator.py
[2025-02-19T06:35:29.047+0000] {logging_mixin.py:188} INFO - [2025-02-19T06:35:29.047+0000] {dag.py:3036} INFO - Sync 1 DAGs
[2025-02-19T06:35:29.094+0000] {logging_mixin.py:188} INFO - [2025-02-19T06:35:29.093+0000] {dag.py:3823} INFO - Setting next_dagrun for example_python_operator to None, run_after=None
[2025-02-19T06:35:29.253+0000] {processor.py:183} INFO - Processing /home/airflow/.local/lib/python3.10/site-packages/airflow/example_dags/example_python_operator.py took 0.363 seconds
[2025-02-19T06:36:27.829+0000] {processor.py:161} INFO - Started process (PID=252) to work on /home/airflow/.local/lib/python3.10/site-packages/airflow/example_dags/example_python_operator.py
[2025-02-19T06:36:27.832+0000] {processor.py:830} INFO - Processing file /home/airflow/.local/lib/python3.10/site-packages/airflow/example_dags/example_python_operator.py for tasks to queue
[2025-02-19T06:36:27.834+0000] {logging_mixin.py:188} INFO - [2025-02-19T06:36:27.833+0000] {dagbag.py:538} INFO - Filling up the DagBag from /home/airflow/.local/lib/python3.10/site-packages/airflow/example_dags/example_python_operator.py
[2025-02-19T06:36:27.886+0000] {processor.py:840} INFO - DAG(s) 'example_python_operator' retrieved from /home/airflow/.local/lib/python3.10/site-packages/airflow/example_dags/example_python_operator.py
[2025-02-19T06:36:27.958+0000] {logging_mixin.py:188} INFO - [2025-02-19T06:36:27.957+0000] {dag.py:3036} INFO - Sync 1 DAGs
[2025-02-19T06:36:28.004+0000] {logging_mixin.py:188} INFO - [2025-02-19T06:36:28.004+0000] {dag.py:3823} INFO - Setting next_dagrun for example_python_operator to None, run_after=None
[2025-02-19T06:36:28.157+0000] {processor.py:183} INFO - Processing /home/airflow/.local/lib/python3.10/site-packages/airflow/example_dags/example_python_operator.py took 0.344 seconds
[2025-02-19T06:37:28.648+0000] {processor.py:161} INFO - Started process (PID=284) to work on /home/airflow/.local/lib/python3.10/site-packages/airflow/example_dags/example_python_operator.py
[2025-02-19T06:37:28.660+0000] {processor.py:830} INFO - Processing file /home/airflow/.local/lib/python3.10/site-packages/airflow/example_dags/example_python_operator.py for tasks to queue
[2025-02-19T06:37:28.664+0000] {logging_mixin.py:188} INFO - [2025-02-19T06:37:28.662+0000] {dagbag.py:538} INFO - Filling up the DagBag from /home/airflow/.local/lib/python3.10/site-packages/airflow/example_dags/example_python_operator.py
[2025-02-19T06:37:28.719+0000] {processor.py:840} INFO - DAG(s) 'example_python_operator' retrieved from /home/airflow/.local/lib/python3.10/site-packages/airflow/example_dags/example_python_operator.py
[2025-02-19T06:37:28.808+0000] {logging_mixin.py:188} INFO - [2025-02-19T06:37:28.808+0000] {dag.py:3036} INFO - Sync 1 DAGs
[2025-02-19T06:37:28.845+0000] {logging_mixin.py:188} INFO - [2025-02-19T06:37:28.844+0000] {dag.py:3823} INFO - Setting next_dagrun for example_python_operator to None, run_after=None
[2025-02-19T06:37:29.015+0000] {processor.py:183} INFO - Processing /home/airflow/.local/lib/python3.10/site-packages/airflow/example_dags/example_python_operator.py took 0.376 seconds
[2025-02-19T06:38:50.317+0000] {processor.py:161} INFO - Started process (PID=341) to work on /home/airflow/.local/lib/python3.10/site-packages/airflow/example_dags/example_python_operator.py
[2025-02-19T06:38:50.325+0000] {processor.py:830} INFO - Processing file /home/airflow/.local/lib/python3.10/site-packages/airflow/example_dags/example_python_operator.py for tasks to queue
[2025-02-19T06:38:50.328+0000] {logging_mixin.py:188} INFO - [2025-02-19T06:38:50.327+0000] {dagbag.py:538} INFO - Filling up the DagBag from /home/airflow/.local/lib/python3.10/site-packages/airflow/example_dags/example_python_operator.py
[2025-02-19T06:38:50.393+0000] {processor.py:840} INFO - DAG(s) 'example_python_operator' retrieved from /home/airflow/.local/lib/python3.10/site-packages/airflow/example_dags/example_python_operator.py
[2025-02-19T06:38:50.481+0000] {logging_mixin.py:188} INFO - [2025-02-19T06:38:50.480+0000] {dag.py:3036} INFO - Sync 1 DAGs
[2025-02-19T06:38:50.530+0000] {logging_mixin.py:188} INFO - [2025-02-19T06:38:50.529+0000] {dag.py:3823} INFO - Setting next_dagrun for example_python_operator to None, run_after=None
[2025-02-19T06:38:50.672+0000] {processor.py:183} INFO - Processing /home/airflow/.local/lib/python3.10/site-packages/airflow/example_dags/example_python_operator.py took 0.365 seconds
[2025-02-19T06:40:22.083+0000] {processor.py:161} INFO - Started process (PID=376) to work on /home/airflow/.local/lib/python3.10/site-packages/airflow/example_dags/example_python_operator.py
[2025-02-19T06:40:22.095+0000] {processor.py:830} INFO - Processing file /home/airflow/.local/lib/python3.10/site-packages/airflow/example_dags/example_python_operator.py for tasks to queue
[2025-02-19T06:40:22.100+0000] {logging_mixin.py:188} INFO - [2025-02-19T06:40:22.098+0000] {dagbag.py:538} INFO - Filling up the DagBag from /home/airflow/.local/lib/python3.10/site-packages/airflow/example_dags/example_python_operator.py
[2025-02-19T06:40:22.203+0000] {processor.py:840} INFO - DAG(s) 'example_python_operator' retrieved from /home/airflow/.local/lib/python3.10/site-packages/airflow/example_dags/example_python_operator.py
[2025-02-19T06:40:22.366+0000] {logging_mixin.py:188} INFO - [2025-02-19T06:40:22.362+0000] {dag.py:3036} INFO - Sync 1 DAGs
[2025-02-19T06:40:22.445+0000] {logging_mixin.py:188} INFO - [2025-02-19T06:40:22.444+0000] {dag.py:3823} INFO - Setting next_dagrun for example_python_operator to None, run_after=None
[2025-02-19T06:40:22.719+0000] {processor.py:183} INFO - Processing /home/airflow/.local/lib/python3.10/site-packages/airflow/example_dags/example_python_operator.py took 0.650 seconds
[2025-02-19T06:41:31.263+0000] {processor.py:161} INFO - Started process (PID=413) to work on /home/airflow/.local/lib/python3.10/site-packages/airflow/example_dags/example_python_operator.py
[2025-02-19T06:41:31.274+0000] {processor.py:830} INFO - Processing file /home/airflow/.local/lib/python3.10/site-packages/airflow/example_dags/example_python_operator.py for tasks to queue
[2025-02-19T06:41:31.278+0000] {logging_mixin.py:188} INFO - [2025-02-19T06:41:31.277+0000] {dagbag.py:538} INFO - Filling up the DagBag from /home/airflow/.local/lib/python3.10/site-packages/airflow/example_dags/example_python_operator.py
[2025-02-19T06:41:31.326+0000] {processor.py:840} INFO - DAG(s) 'example_python_operator' retrieved from /home/airflow/.local/lib/python3.10/site-packages/airflow/example_dags/example_python_operator.py
[2025-02-19T06:41:31.448+0000] {logging_mixin.py:188} INFO - [2025-02-19T06:41:31.448+0000] {dag.py:3036} INFO - Sync 1 DAGs
[2025-02-19T06:41:31.556+0000] {logging_mixin.py:188} INFO - [2025-02-19T06:41:31.556+0000] {dag.py:3823} INFO - Setting next_dagrun for example_python_operator to None, run_after=None
[2025-02-19T06:41:31.796+0000] {processor.py:183} INFO - Processing /home/airflow/.local/lib/python3.10/site-packages/airflow/example_dags/example_python_operator.py took 0.552 seconds
[2025-02-19T06:42:32.485+0000] {processor.py:161} INFO - Started process (PID=445) to work on /home/airflow/.local/lib/python3.10/site-packages/airflow/example_dags/example_python_operator.py
[2025-02-19T06:42:32.493+0000] {processor.py:830} INFO - Processing file /home/airflow/.local/lib/python3.10/site-packages/airflow/example_dags/example_python_operator.py for tasks to queue
[2025-02-19T06:42:32.504+0000] {logging_mixin.py:188} INFO - [2025-02-19T06:42:32.502+0000] {dagbag.py:538} INFO - Filling up the DagBag from /home/airflow/.local/lib/python3.10/site-packages/airflow/example_dags/example_python_operator.py
[2025-02-19T06:42:32.604+0000] {processor.py:840} INFO - DAG(s) 'example_python_operator' retrieved from /home/airflow/.local/lib/python3.10/site-packages/airflow/example_dags/example_python_operator.py
[2025-02-19T06:42:32.892+0000] {logging_mixin.py:188} INFO - [2025-02-19T06:42:32.892+0000] {dag.py:3036} INFO - Sync 1 DAGs
[2025-02-19T06:42:32.927+0000] {logging_mixin.py:188} INFO - [2025-02-19T06:42:32.927+0000] {dag.py:3823} INFO - Setting next_dagrun for example_python_operator to None, run_after=None
[2025-02-19T06:42:33.113+0000] {processor.py:183} INFO - Processing /home/airflow/.local/lib/python3.10/site-packages/airflow/example_dags/example_python_operator.py took 0.649 seconds
[2025-02-19T06:43:35.856+0000] {processor.py:161} INFO - Started process (PID=43) to work on /home/airflow/.local/lib/python3.10/site-packages/airflow/example_dags/example_python_operator.py
[2025-02-19T06:43:35.860+0000] {processor.py:830} INFO - Processing file /home/airflow/.local/lib/python3.10/site-packages/airflow/example_dags/example_python_operator.py for tasks to queue
[2025-02-19T06:43:35.863+0000] {logging_mixin.py:188} INFO - [2025-02-19T06:43:35.862+0000] {dagbag.py:538} INFO - Filling up the DagBag from /home/airflow/.local/lib/python3.10/site-packages/airflow/example_dags/example_python_operator.py
[2025-02-19T06:43:35.921+0000] {processor.py:840} INFO - DAG(s) 'example_python_operator' retrieved from /home/airflow/.local/lib/python3.10/site-packages/airflow/example_dags/example_python_operator.py
[2025-02-19T06:43:36.497+0000] {logging_mixin.py:188} INFO - [2025-02-19T06:43:36.497+0000] {dag.py:3036} INFO - Sync 1 DAGs
[2025-02-19T06:43:36.556+0000] {logging_mixin.py:188} INFO - [2025-02-19T06:43:36.556+0000] {dag.py:3823} INFO - Setting next_dagrun for example_python_operator to None, run_after=None
[2025-02-19T06:43:36.789+0000] {processor.py:183} INFO - Processing /home/airflow/.local/lib/python3.10/site-packages/airflow/example_dags/example_python_operator.py took 0.941 seconds
[2025-02-19T06:44:58.456+0000] {processor.py:161} INFO - Started process (PID=92) to work on /home/airflow/.local/lib/python3.10/site-packages/airflow/example_dags/example_python_operator.py
[2025-02-19T06:44:58.460+0000] {processor.py:830} INFO - Processing file /home/airflow/.local/lib/python3.10/site-packages/airflow/example_dags/example_python_operator.py for tasks to queue
[2025-02-19T06:44:58.467+0000] {logging_mixin.py:188} INFO - [2025-02-19T06:44:58.466+0000] {dagbag.py:538} INFO - Filling up the DagBag from /home/airflow/.local/lib/python3.10/site-packages/airflow/example_dags/example_python_operator.py
[2025-02-19T06:44:58.517+0000] {processor.py:840} INFO - DAG(s) 'example_python_operator' retrieved from /home/airflow/.local/lib/python3.10/site-packages/airflow/example_dags/example_python_operator.py
[2025-02-19T06:44:58.611+0000] {logging_mixin.py:188} INFO - [2025-02-19T06:44:58.611+0000] {dag.py:3036} INFO - Sync 1 DAGs
[2025-02-19T06:44:58.665+0000] {logging_mixin.py:188} INFO - [2025-02-19T06:44:58.664+0000] {dag.py:3823} INFO - Setting next_dagrun for example_python_operator to None, run_after=None
[2025-02-19T06:44:58.846+0000] {processor.py:183} INFO - Processing /home/airflow/.local/lib/python3.10/site-packages/airflow/example_dags/example_python_operator.py took 0.399 seconds
[2025-02-19T06:46:41.973+0000] {processor.py:161} INFO - Started process (PID=155) to work on /home/airflow/.local/lib/python3.10/site-packages/airflow/example_dags/example_python_operator.py
[2025-02-19T06:46:41.975+0000] {processor.py:830} INFO - Processing file /home/airflow/.local/lib/python3.10/site-packages/airflow/example_dags/example_python_operator.py for tasks to queue
[2025-02-19T06:46:41.978+0000] {logging_mixin.py:188} INFO - [2025-02-19T06:46:41.977+0000] {dagbag.py:538} INFO - Filling up the DagBag from /home/airflow/.local/lib/python3.10/site-packages/airflow/example_dags/example_python_operator.py
[2025-02-19T06:46:42.008+0000] {processor.py:840} INFO - DAG(s) 'example_python_operator' retrieved from /home/airflow/.local/lib/python3.10/site-packages/airflow/example_dags/example_python_operator.py
[2025-02-19T06:46:42.083+0000] {logging_mixin.py:188} INFO - [2025-02-19T06:46:42.082+0000] {dag.py:3036} INFO - Sync 1 DAGs
[2025-02-19T06:46:42.120+0000] {logging_mixin.py:188} INFO - [2025-02-19T06:46:42.119+0000] {dag.py:3823} INFO - Setting next_dagrun for example_python_operator to None, run_after=None
[2025-02-19T06:46:42.247+0000] {processor.py:183} INFO - Processing /home/airflow/.local/lib/python3.10/site-packages/airflow/example_dags/example_python_operator.py took 0.282 seconds
[2025-02-19T06:48:26.208+0000] {processor.py:161} INFO - Started process (PID=216) to work on /home/airflow/.local/lib/python3.10/site-packages/airflow/example_dags/example_python_operator.py
[2025-02-19T06:48:26.210+0000] {processor.py:830} INFO - Processing file /home/airflow/.local/lib/python3.10/site-packages/airflow/example_dags/example_python_operator.py for tasks to queue
[2025-02-19T06:48:26.211+0000] {logging_mixin.py:188} INFO - [2025-02-19T06:48:26.211+0000] {dagbag.py:538} INFO - Filling up the DagBag from /home/airflow/.local/lib/python3.10/site-packages/airflow/example_dags/example_python_operator.py
[2025-02-19T06:48:26.230+0000] {processor.py:840} INFO - DAG(s) 'example_python_operator' retrieved from /home/airflow/.local/lib/python3.10/site-packages/airflow/example_dags/example_python_operator.py
[2025-02-19T06:48:26.278+0000] {logging_mixin.py:188} INFO - [2025-02-19T06:48:26.277+0000] {dag.py:3036} INFO - Sync 1 DAGs
[2025-02-19T06:48:26.303+0000] {logging_mixin.py:188} INFO - [2025-02-19T06:48:26.303+0000] {dag.py:3823} INFO - Setting next_dagrun for example_python_operator to None, run_after=None
[2025-02-19T06:48:26.427+0000] {processor.py:183} INFO - Processing /home/airflow/.local/lib/python3.10/site-packages/airflow/example_dags/example_python_operator.py took 0.223 seconds
[2025-02-19T06:50:09.103+0000] {processor.py:161} INFO - Started process (PID=277) to work on /home/airflow/.local/lib/python3.10/site-packages/airflow/example_dags/example_python_operator.py
[2025-02-19T06:50:09.122+0000] {processor.py:830} INFO - Processing file /home/airflow/.local/lib/python3.10/site-packages/airflow/example_dags/example_python_operator.py for tasks to queue
[2025-02-19T06:50:09.138+0000] {logging_mixin.py:188} INFO - [2025-02-19T06:50:09.137+0000] {dagbag.py:538} INFO - Filling up the DagBag from /home/airflow/.local/lib/python3.10/site-packages/airflow/example_dags/example_python_operator.py
[2025-02-19T06:50:09.196+0000] {processor.py:840} INFO - DAG(s) 'example_python_operator' retrieved from /home/airflow/.local/lib/python3.10/site-packages/airflow/example_dags/example_python_operator.py
[2025-02-19T06:50:09.361+0000] {logging_mixin.py:188} INFO - [2025-02-19T06:50:09.360+0000] {dag.py:3036} INFO - Sync 1 DAGs
[2025-02-19T06:50:09.425+0000] {logging_mixin.py:188} INFO - [2025-02-19T06:50:09.425+0000] {dag.py:3823} INFO - Setting next_dagrun for example_python_operator to None, run_after=None
[2025-02-19T06:50:09.626+0000] {processor.py:183} INFO - Processing /home/airflow/.local/lib/python3.10/site-packages/airflow/example_dags/example_python_operator.py took 0.539 seconds
[2025-02-19T06:51:48.944+0000] {processor.py:161} INFO - Started process (PID=339) to work on /home/airflow/.local/lib/python3.10/site-packages/airflow/example_dags/example_python_operator.py
[2025-02-19T06:51:48.946+0000] {processor.py:830} INFO - Processing file /home/airflow/.local/lib/python3.10/site-packages/airflow/example_dags/example_python_operator.py for tasks to queue
[2025-02-19T06:51:48.948+0000] {logging_mixin.py:188} INFO - [2025-02-19T06:51:48.947+0000] {dagbag.py:538} INFO - Filling up the DagBag from /home/airflow/.local/lib/python3.10/site-packages/airflow/example_dags/example_python_operator.py
[2025-02-19T06:51:48.974+0000] {processor.py:840} INFO - DAG(s) 'example_python_operator' retrieved from /home/airflow/.local/lib/python3.10/site-packages/airflow/example_dags/example_python_operator.py
[2025-02-19T06:51:49.041+0000] {logging_mixin.py:188} INFO - [2025-02-19T06:51:49.041+0000] {dag.py:3036} INFO - Sync 1 DAGs
[2025-02-19T06:51:49.077+0000] {logging_mixin.py:188} INFO - [2025-02-19T06:51:49.077+0000] {dag.py:3823} INFO - Setting next_dagrun for example_python_operator to None, run_after=None
[2025-02-19T06:51:49.263+0000] {processor.py:183} INFO - Processing /home/airflow/.local/lib/python3.10/site-packages/airflow/example_dags/example_python_operator.py took 0.328 seconds
[2025-02-19T06:52:44.052+0000] {processor.py:161} INFO - Started process (PID=370) to work on /home/airflow/.local/lib/python3.10/site-packages/airflow/example_dags/example_python_operator.py
[2025-02-19T06:52:44.054+0000] {processor.py:830} INFO - Processing file /home/airflow/.local/lib/python3.10/site-packages/airflow/example_dags/example_python_operator.py for tasks to queue
[2025-02-19T06:52:44.056+0000] {logging_mixin.py:188} INFO - [2025-02-19T06:52:44.056+0000] {dagbag.py:538} INFO - Filling up the DagBag from /home/airflow/.local/lib/python3.10/site-packages/airflow/example_dags/example_python_operator.py
[2025-02-19T06:52:44.078+0000] {processor.py:840} INFO - DAG(s) 'example_python_operator' retrieved from /home/airflow/.local/lib/python3.10/site-packages/airflow/example_dags/example_python_operator.py
[2025-02-19T06:52:44.132+0000] {logging_mixin.py:188} INFO - [2025-02-19T06:52:44.132+0000] {dag.py:3036} INFO - Sync 1 DAGs
[2025-02-19T06:52:44.164+0000] {logging_mixin.py:188} INFO - [2025-02-19T06:52:44.163+0000] {dag.py:3823} INFO - Setting next_dagrun for example_python_operator to None, run_after=None
[2025-02-19T06:52:44.282+0000] {processor.py:183} INFO - Processing /home/airflow/.local/lib/python3.10/site-packages/airflow/example_dags/example_python_operator.py took 0.237 seconds
[2025-02-19T06:54:17.625+0000] {processor.py:161} INFO - Started process (PID=429) to work on /home/airflow/.local/lib/python3.10/site-packages/airflow/example_dags/example_python_operator.py
[2025-02-19T06:54:17.627+0000] {processor.py:830} INFO - Processing file /home/airflow/.local/lib/python3.10/site-packages/airflow/example_dags/example_python_operator.py for tasks to queue
[2025-02-19T06:54:17.629+0000] {logging_mixin.py:188} INFO - [2025-02-19T06:54:17.629+0000] {dagbag.py:538} INFO - Filling up the DagBag from /home/airflow/.local/lib/python3.10/site-packages/airflow/example_dags/example_python_operator.py
[2025-02-19T06:54:17.649+0000] {processor.py:840} INFO - DAG(s) 'example_python_operator' retrieved from /home/airflow/.local/lib/python3.10/site-packages/airflow/example_dags/example_python_operator.py
[2025-02-19T06:54:17.699+0000] {logging_mixin.py:188} INFO - [2025-02-19T06:54:17.699+0000] {dag.py:3036} INFO - Sync 1 DAGs
[2025-02-19T06:54:17.724+0000] {logging_mixin.py:188} INFO - [2025-02-19T06:54:17.724+0000] {dag.py:3823} INFO - Setting next_dagrun for example_python_operator to None, run_after=None
[2025-02-19T06:54:17.841+0000] {processor.py:183} INFO - Processing /home/airflow/.local/lib/python3.10/site-packages/airflow/example_dags/example_python_operator.py took 0.223 seconds
[2025-02-19T06:55:36.222+0000] {processor.py:161} INFO - Started process (PID=484) to work on /home/airflow/.local/lib/python3.10/site-packages/airflow/example_dags/example_python_operator.py
[2025-02-19T06:55:36.223+0000] {processor.py:830} INFO - Processing file /home/airflow/.local/lib/python3.10/site-packages/airflow/example_dags/example_python_operator.py for tasks to queue
[2025-02-19T06:55:36.225+0000] {logging_mixin.py:188} INFO - [2025-02-19T06:55:36.224+0000] {dagbag.py:538} INFO - Filling up the DagBag from /home/airflow/.local/lib/python3.10/site-packages/airflow/example_dags/example_python_operator.py
[2025-02-19T06:55:36.248+0000] {processor.py:840} INFO - DAG(s) 'example_python_operator' retrieved from /home/airflow/.local/lib/python3.10/site-packages/airflow/example_dags/example_python_operator.py
[2025-02-19T06:55:36.316+0000] {logging_mixin.py:188} INFO - [2025-02-19T06:55:36.315+0000] {dag.py:3036} INFO - Sync 1 DAGs
[2025-02-19T06:55:36.352+0000] {logging_mixin.py:188} INFO - [2025-02-19T06:55:36.352+0000] {dag.py:3823} INFO - Setting next_dagrun for example_python_operator to None, run_after=None
[2025-02-19T06:55:36.479+0000] {processor.py:183} INFO - Processing /home/airflow/.local/lib/python3.10/site-packages/airflow/example_dags/example_python_operator.py took 0.262 seconds
[2025-02-19T06:57:12.602+0000] {processor.py:161} INFO - Started process (PID=543) to work on /home/airflow/.local/lib/python3.10/site-packages/airflow/example_dags/example_python_operator.py
[2025-02-19T06:57:12.613+0000] {processor.py:830} INFO - Processing file /home/airflow/.local/lib/python3.10/site-packages/airflow/example_dags/example_python_operator.py for tasks to queue
[2025-02-19T06:57:12.615+0000] {logging_mixin.py:188} INFO - [2025-02-19T06:57:12.614+0000] {dagbag.py:538} INFO - Filling up the DagBag from /home/airflow/.local/lib/python3.10/site-packages/airflow/example_dags/example_python_operator.py
[2025-02-19T06:57:12.660+0000] {processor.py:840} INFO - DAG(s) 'example_python_operator' retrieved from /home/airflow/.local/lib/python3.10/site-packages/airflow/example_dags/example_python_operator.py
[2025-02-19T06:57:12.733+0000] {logging_mixin.py:188} INFO - [2025-02-19T06:57:12.732+0000] {dag.py:3036} INFO - Sync 1 DAGs
[2025-02-19T06:57:12.775+0000] {logging_mixin.py:188} INFO - [2025-02-19T06:57:12.774+0000] {dag.py:3823} INFO - Setting next_dagrun for example_python_operator to None, run_after=None
[2025-02-19T06:57:12.909+0000] {processor.py:183} INFO - Processing /home/airflow/.local/lib/python3.10/site-packages/airflow/example_dags/example_python_operator.py took 0.315 seconds
[2025-02-19T06:58:38.995+0000] {processor.py:161} INFO - Started process (PID=601) to work on /home/airflow/.local/lib/python3.10/site-packages/airflow/example_dags/example_python_operator.py
[2025-02-19T06:58:38.997+0000] {processor.py:830} INFO - Processing file /home/airflow/.local/lib/python3.10/site-packages/airflow/example_dags/example_python_operator.py for tasks to queue
[2025-02-19T06:58:39.001+0000] {logging_mixin.py:188} INFO - [2025-02-19T06:58:39.000+0000] {dagbag.py:538} INFO - Filling up the DagBag from /home/airflow/.local/lib/python3.10/site-packages/airflow/example_dags/example_python_operator.py
[2025-02-19T06:58:39.031+0000] {processor.py:840} INFO - DAG(s) 'example_python_operator' retrieved from /home/airflow/.local/lib/python3.10/site-packages/airflow/example_dags/example_python_operator.py
[2025-02-19T06:58:39.089+0000] {logging_mixin.py:188} INFO - [2025-02-19T06:58:39.088+0000] {dag.py:3036} INFO - Sync 1 DAGs
[2025-02-19T06:58:39.115+0000] {logging_mixin.py:188} INFO - [2025-02-19T06:58:39.115+0000] {dag.py:3823} INFO - Setting next_dagrun for example_python_operator to None, run_after=None
[2025-02-19T06:58:39.315+0000] {processor.py:183} INFO - Processing /home/airflow/.local/lib/python3.10/site-packages/airflow/example_dags/example_python_operator.py took 0.329 seconds
[2025-02-19T06:59:33.287+0000] {processor.py:161} INFO - Started process (PID=636) to work on /home/airflow/.local/lib/python3.10/site-packages/airflow/example_dags/example_python_operator.py
[2025-02-19T06:59:33.290+0000] {processor.py:830} INFO - Processing file /home/airflow/.local/lib/python3.10/site-packages/airflow/example_dags/example_python_operator.py for tasks to queue
[2025-02-19T06:59:33.292+0000] {logging_mixin.py:188} INFO - [2025-02-19T06:59:33.291+0000] {dagbag.py:538} INFO - Filling up the DagBag from /home/airflow/.local/lib/python3.10/site-packages/airflow/example_dags/example_python_operator.py
[2025-02-19T06:59:33.314+0000] {processor.py:840} INFO - DAG(s) 'example_python_operator' retrieved from /home/airflow/.local/lib/python3.10/site-packages/airflow/example_dags/example_python_operator.py
[2025-02-19T06:59:33.373+0000] {logging_mixin.py:188} INFO - [2025-02-19T06:59:33.372+0000] {dag.py:3036} INFO - Sync 1 DAGs
[2025-02-19T06:59:33.406+0000] {logging_mixin.py:188} INFO - [2025-02-19T06:59:33.405+0000] {dag.py:3823} INFO - Setting next_dagrun for example_python_operator to None, run_after=None
[2025-02-19T06:59:33.552+0000] {processor.py:183} INFO - Processing /home/airflow/.local/lib/python3.10/site-packages/airflow/example_dags/example_python_operator.py took 0.271 seconds
[2025-02-19T07:00:32.139+0000] {processor.py:161} INFO - Started process (PID=666) to work on /home/airflow/.local/lib/python3.10/site-packages/airflow/example_dags/example_python_operator.py
[2025-02-19T07:00:32.143+0000] {processor.py:830} INFO - Processing file /home/airflow/.local/lib/python3.10/site-packages/airflow/example_dags/example_python_operator.py for tasks to queue
[2025-02-19T07:00:32.147+0000] {logging_mixin.py:188} INFO - [2025-02-19T07:00:32.145+0000] {dagbag.py:538} INFO - Filling up the DagBag from /home/airflow/.local/lib/python3.10/site-packages/airflow/example_dags/example_python_operator.py
[2025-02-19T07:00:32.184+0000] {processor.py:840} INFO - DAG(s) 'example_python_operator' retrieved from /home/airflow/.local/lib/python3.10/site-packages/airflow/example_dags/example_python_operator.py
[2025-02-19T07:00:32.252+0000] {logging_mixin.py:188} INFO - [2025-02-19T07:00:32.251+0000] {dag.py:3036} INFO - Sync 1 DAGs
[2025-02-19T07:00:32.283+0000] {logging_mixin.py:188} INFO - [2025-02-19T07:00:32.283+0000] {dag.py:3823} INFO - Setting next_dagrun for example_python_operator to None, run_after=None
[2025-02-19T07:00:32.471+0000] {processor.py:183} INFO - Processing /home/airflow/.local/lib/python3.10/site-packages/airflow/example_dags/example_python_operator.py took 0.353 seconds
[2025-02-19T07:02:09.232+0000] {processor.py:161} INFO - Started process (PID=726) to work on /home/airflow/.local/lib/python3.10/site-packages/airflow/example_dags/example_python_operator.py
[2025-02-19T07:02:09.234+0000] {processor.py:830} INFO - Processing file /home/airflow/.local/lib/python3.10/site-packages/airflow/example_dags/example_python_operator.py for tasks to queue
[2025-02-19T07:02:09.236+0000] {logging_mixin.py:188} INFO - [2025-02-19T07:02:09.235+0000] {dagbag.py:538} INFO - Filling up the DagBag from /home/airflow/.local/lib/python3.10/site-packages/airflow/example_dags/example_python_operator.py
[2025-02-19T07:02:09.265+0000] {processor.py:840} INFO - DAG(s) 'example_python_operator' retrieved from /home/airflow/.local/lib/python3.10/site-packages/airflow/example_dags/example_python_operator.py
[2025-02-19T07:02:09.319+0000] {logging_mixin.py:188} INFO - [2025-02-19T07:02:09.319+0000] {dag.py:3036} INFO - Sync 1 DAGs
[2025-02-19T07:02:09.346+0000] {logging_mixin.py:188} INFO - [2025-02-19T07:02:09.345+0000] {dag.py:3823} INFO - Setting next_dagrun for example_python_operator to None, run_after=None
[2025-02-19T07:02:09.481+0000] {processor.py:183} INFO - Processing /home/airflow/.local/lib/python3.10/site-packages/airflow/example_dags/example_python_operator.py took 0.256 seconds
[2025-02-19T07:03:03.253+0000] {processor.py:161} INFO - Started process (PID=761) to work on /home/airflow/.local/lib/python3.10/site-packages/airflow/example_dags/example_python_operator.py
[2025-02-19T07:03:03.254+0000] {processor.py:830} INFO - Processing file /home/airflow/.local/lib/python3.10/site-packages/airflow/example_dags/example_python_operator.py for tasks to queue
[2025-02-19T07:03:03.256+0000] {logging_mixin.py:188} INFO - [2025-02-19T07:03:03.256+0000] {dagbag.py:538} INFO - Filling up the DagBag from /home/airflow/.local/lib/python3.10/site-packages/airflow/example_dags/example_python_operator.py
[2025-02-19T07:03:03.278+0000] {processor.py:840} INFO - DAG(s) 'example_python_operator' retrieved from /home/airflow/.local/lib/python3.10/site-packages/airflow/example_dags/example_python_operator.py
[2025-02-19T07:03:03.331+0000] {logging_mixin.py:188} INFO - [2025-02-19T07:03:03.330+0000] {dag.py:3036} INFO - Sync 1 DAGs
[2025-02-19T07:03:03.359+0000] {logging_mixin.py:188} INFO - [2025-02-19T07:03:03.358+0000] {dag.py:3823} INFO - Setting next_dagrun for example_python_operator to None, run_after=None
[2025-02-19T07:03:03.472+0000] {processor.py:183} INFO - Processing /home/airflow/.local/lib/python3.10/site-packages/airflow/example_dags/example_python_operator.py took 0.225 seconds
[2025-02-19T07:05:13.214+0000] {processor.py:161} INFO - Started process (PID=821) to work on /home/airflow/.local/lib/python3.10/site-packages/airflow/example_dags/example_python_operator.py
[2025-02-19T07:05:13.227+0000] {processor.py:830} INFO - Processing file /home/airflow/.local/lib/python3.10/site-packages/airflow/example_dags/example_python_operator.py for tasks to queue
[2025-02-19T07:05:13.237+0000] {logging_mixin.py:188} INFO - [2025-02-19T07:05:13.234+0000] {dagbag.py:538} INFO - Filling up the DagBag from /home/airflow/.local/lib/python3.10/site-packages/airflow/example_dags/example_python_operator.py
[2025-02-19T07:05:13.325+0000] {processor.py:840} INFO - DAG(s) 'example_python_operator' retrieved from /home/airflow/.local/lib/python3.10/site-packages/airflow/example_dags/example_python_operator.py
[2025-02-19T07:05:13.841+0000] {logging_mixin.py:188} INFO - [2025-02-19T07:05:13.840+0000] {dag.py:3036} INFO - Sync 1 DAGs
[2025-02-19T07:05:14.115+0000] {logging_mixin.py:188} INFO - [2025-02-19T07:05:14.114+0000] {dag.py:3823} INFO - Setting next_dagrun for example_python_operator to None, run_after=None
[2025-02-19T07:05:14.586+0000] {processor.py:183} INFO - Processing /home/airflow/.local/lib/python3.10/site-packages/airflow/example_dags/example_python_operator.py took 1.392 seconds
[2025-02-19T07:06:39.111+0000] {processor.py:161} INFO - Started process (PID=853) to work on /home/airflow/.local/lib/python3.10/site-packages/airflow/example_dags/example_python_operator.py
[2025-02-19T07:06:39.113+0000] {processor.py:830} INFO - Processing file /home/airflow/.local/lib/python3.10/site-packages/airflow/example_dags/example_python_operator.py for tasks to queue
[2025-02-19T07:06:39.115+0000] {logging_mixin.py:188} INFO - [2025-02-19T07:06:39.114+0000] {dagbag.py:538} INFO - Filling up the DagBag from /home/airflow/.local/lib/python3.10/site-packages/airflow/example_dags/example_python_operator.py
[2025-02-19T07:06:39.147+0000] {processor.py:840} INFO - DAG(s) 'example_python_operator' retrieved from /home/airflow/.local/lib/python3.10/site-packages/airflow/example_dags/example_python_operator.py
[2025-02-19T07:06:39.218+0000] {logging_mixin.py:188} INFO - [2025-02-19T07:06:39.218+0000] {dag.py:3036} INFO - Sync 1 DAGs
[2025-02-19T07:06:39.267+0000] {logging_mixin.py:188} INFO - [2025-02-19T07:06:39.266+0000] {dag.py:3823} INFO - Setting next_dagrun for example_python_operator to None, run_after=None
[2025-02-19T07:06:39.676+0000] {processor.py:183} INFO - Processing /home/airflow/.local/lib/python3.10/site-packages/airflow/example_dags/example_python_operator.py took 0.573 seconds
[2025-02-19T07:08:05.229+0000] {processor.py:161} INFO - Started process (PID=892) to work on /home/airflow/.local/lib/python3.10/site-packages/airflow/example_dags/example_python_operator.py
[2025-02-19T07:08:05.233+0000] {processor.py:830} INFO - Processing file /home/airflow/.local/lib/python3.10/site-packages/airflow/example_dags/example_python_operator.py for tasks to queue
[2025-02-19T07:08:05.237+0000] {logging_mixin.py:188} INFO - [2025-02-19T07:08:05.236+0000] {dagbag.py:538} INFO - Filling up the DagBag from /home/airflow/.local/lib/python3.10/site-packages/airflow/example_dags/example_python_operator.py
[2025-02-19T07:08:05.289+0000] {processor.py:840} INFO - DAG(s) 'example_python_operator' retrieved from /home/airflow/.local/lib/python3.10/site-packages/airflow/example_dags/example_python_operator.py
[2025-02-19T07:08:05.395+0000] {logging_mixin.py:188} INFO - [2025-02-19T07:08:05.395+0000] {dag.py:3036} INFO - Sync 1 DAGs
[2025-02-19T07:08:05.472+0000] {logging_mixin.py:188} INFO - [2025-02-19T07:08:05.471+0000] {dag.py:3823} INFO - Setting next_dagrun for example_python_operator to None, run_after=None
[2025-02-19T07:08:05.697+0000] {processor.py:183} INFO - Processing /home/airflow/.local/lib/python3.10/site-packages/airflow/example_dags/example_python_operator.py took 0.479 seconds
