[2025-02-19T05:56:29.271+0000] {processor.py:161} INFO - Started process (PID=64) to work on /home/airflow/.local/lib/python3.10/site-packages/airflow/example_dags/example_local_kubernetes_executor.py
[2025-02-19T05:56:29.274+0000] {processor.py:830} INFO - Processing file /home/airflow/.local/lib/python3.10/site-packages/airflow/example_dags/example_local_kubernetes_executor.py for tasks to queue
[2025-02-19T05:56:29.277+0000] {logging_mixin.py:188} INFO - [2025-02-19T05:56:29.276+0000] {dagbag.py:538} INFO - Filling up the DagBag from /home/airflow/.local/lib/python3.10/site-packages/airflow/example_dags/example_local_kubernetes_executor.py
[2025-02-19T05:56:29.335+0000] {processor.py:840} INFO - DAG(s) 'example_local_kubernetes_executor' retrieved from /home/airflow/.local/lib/python3.10/site-packages/airflow/example_dags/example_local_kubernetes_executor.py
[2025-02-19T05:56:29.569+0000] {logging_mixin.py:188} INFO - [2025-02-19T05:56:29.569+0000] {dag.py:3036} INFO - Sync 1 DAGs
[2025-02-19T05:56:29.638+0000] {logging_mixin.py:188} INFO - [2025-02-19T05:56:29.638+0000] {dag.py:3823} INFO - Setting next_dagrun for example_local_kubernetes_executor to None, run_after=None
[2025-02-19T05:56:29.862+0000] {processor.py:183} INFO - Processing /home/airflow/.local/lib/python3.10/site-packages/airflow/example_dags/example_local_kubernetes_executor.py took 0.604 seconds
[2025-02-19T05:58:57.644+0000] {processor.py:161} INFO - Started process (PID=113) to work on /home/airflow/.local/lib/python3.10/site-packages/airflow/example_dags/example_local_kubernetes_executor.py
[2025-02-19T05:58:57.647+0000] {processor.py:830} INFO - Processing file /home/airflow/.local/lib/python3.10/site-packages/airflow/example_dags/example_local_kubernetes_executor.py for tasks to queue
[2025-02-19T05:58:57.650+0000] {logging_mixin.py:188} INFO - [2025-02-19T05:58:57.649+0000] {dagbag.py:538} INFO - Filling up the DagBag from /home/airflow/.local/lib/python3.10/site-packages/airflow/example_dags/example_local_kubernetes_executor.py
[2025-02-19T05:58:57.693+0000] {processor.py:840} INFO - DAG(s) 'example_local_kubernetes_executor' retrieved from /home/airflow/.local/lib/python3.10/site-packages/airflow/example_dags/example_local_kubernetes_executor.py
[2025-02-19T05:58:57.867+0000] {logging_mixin.py:188} INFO - [2025-02-19T05:58:57.866+0000] {dag.py:3036} INFO - Sync 1 DAGs
[2025-02-19T05:58:57.931+0000] {logging_mixin.py:188} INFO - [2025-02-19T05:58:57.931+0000] {dag.py:3823} INFO - Setting next_dagrun for example_local_kubernetes_executor to None, run_after=None
[2025-02-19T05:58:58.108+0000] {processor.py:183} INFO - Processing /home/airflow/.local/lib/python3.10/site-packages/airflow/example_dags/example_local_kubernetes_executor.py took 0.483 seconds
[2025-02-19T06:01:01.064+0000] {processor.py:161} INFO - Started process (PID=179) to work on /home/airflow/.local/lib/python3.10/site-packages/airflow/example_dags/example_local_kubernetes_executor.py
[2025-02-19T06:01:01.080+0000] {processor.py:830} INFO - Processing file /home/airflow/.local/lib/python3.10/site-packages/airflow/example_dags/example_local_kubernetes_executor.py for tasks to queue
[2025-02-19T06:01:01.083+0000] {logging_mixin.py:188} INFO - [2025-02-19T06:01:01.082+0000] {dagbag.py:538} INFO - Filling up the DagBag from /home/airflow/.local/lib/python3.10/site-packages/airflow/example_dags/example_local_kubernetes_executor.py
[2025-02-19T06:01:01.138+0000] {processor.py:840} INFO - DAG(s) 'example_local_kubernetes_executor' retrieved from /home/airflow/.local/lib/python3.10/site-packages/airflow/example_dags/example_local_kubernetes_executor.py
[2025-02-19T06:01:01.388+0000] {logging_mixin.py:188} INFO - [2025-02-19T06:01:01.387+0000] {dag.py:3036} INFO - Sync 1 DAGs
[2025-02-19T06:01:01.457+0000] {logging_mixin.py:188} INFO - [2025-02-19T06:01:01.456+0000] {dag.py:3823} INFO - Setting next_dagrun for example_local_kubernetes_executor to None, run_after=None
[2025-02-19T06:01:02.010+0000] {processor.py:183} INFO - Processing /home/airflow/.local/lib/python3.10/site-packages/airflow/example_dags/example_local_kubernetes_executor.py took 0.955 seconds
[2025-02-19T06:02:52.760+0000] {processor.py:161} INFO - Started process (PID=245) to work on /home/airflow/.local/lib/python3.10/site-packages/airflow/example_dags/example_local_kubernetes_executor.py
[2025-02-19T06:02:52.763+0000] {processor.py:830} INFO - Processing file /home/airflow/.local/lib/python3.10/site-packages/airflow/example_dags/example_local_kubernetes_executor.py for tasks to queue
[2025-02-19T06:02:52.767+0000] {logging_mixin.py:188} INFO - [2025-02-19T06:02:52.766+0000] {dagbag.py:538} INFO - Filling up the DagBag from /home/airflow/.local/lib/python3.10/site-packages/airflow/example_dags/example_local_kubernetes_executor.py
[2025-02-19T06:02:52.799+0000] {processor.py:840} INFO - DAG(s) 'example_local_kubernetes_executor' retrieved from /home/airflow/.local/lib/python3.10/site-packages/airflow/example_dags/example_local_kubernetes_executor.py
[2025-02-19T06:02:52.942+0000] {logging_mixin.py:188} INFO - [2025-02-19T06:02:52.941+0000] {dag.py:3036} INFO - Sync 1 DAGs
[2025-02-19T06:02:52.984+0000] {logging_mixin.py:188} INFO - [2025-02-19T06:02:52.984+0000] {dag.py:3823} INFO - Setting next_dagrun for example_local_kubernetes_executor to None, run_after=None
[2025-02-19T06:02:53.121+0000] {processor.py:183} INFO - Processing /home/airflow/.local/lib/python3.10/site-packages/airflow/example_dags/example_local_kubernetes_executor.py took 0.369 seconds
[2025-02-19T06:04:34.088+0000] {processor.py:161} INFO - Started process (PID=306) to work on /home/airflow/.local/lib/python3.10/site-packages/airflow/example_dags/example_local_kubernetes_executor.py
[2025-02-19T06:04:34.093+0000] {processor.py:830} INFO - Processing file /home/airflow/.local/lib/python3.10/site-packages/airflow/example_dags/example_local_kubernetes_executor.py for tasks to queue
[2025-02-19T06:04:34.097+0000] {logging_mixin.py:188} INFO - [2025-02-19T06:04:34.095+0000] {dagbag.py:538} INFO - Filling up the DagBag from /home/airflow/.local/lib/python3.10/site-packages/airflow/example_dags/example_local_kubernetes_executor.py
[2025-02-19T06:04:34.132+0000] {processor.py:840} INFO - DAG(s) 'example_local_kubernetes_executor' retrieved from /home/airflow/.local/lib/python3.10/site-packages/airflow/example_dags/example_local_kubernetes_executor.py
[2025-02-19T06:04:34.291+0000] {logging_mixin.py:188} INFO - [2025-02-19T06:04:34.291+0000] {dag.py:3036} INFO - Sync 1 DAGs
[2025-02-19T06:04:34.341+0000] {logging_mixin.py:188} INFO - [2025-02-19T06:04:34.340+0000] {dag.py:3823} INFO - Setting next_dagrun for example_local_kubernetes_executor to None, run_after=None
[2025-02-19T06:04:34.565+0000] {processor.py:183} INFO - Processing /home/airflow/.local/lib/python3.10/site-packages/airflow/example_dags/example_local_kubernetes_executor.py took 0.493 seconds
[2025-02-19T06:06:25.837+0000] {processor.py:161} INFO - Started process (PID=370) to work on /home/airflow/.local/lib/python3.10/site-packages/airflow/example_dags/example_local_kubernetes_executor.py
[2025-02-19T06:06:25.850+0000] {processor.py:830} INFO - Processing file /home/airflow/.local/lib/python3.10/site-packages/airflow/example_dags/example_local_kubernetes_executor.py for tasks to queue
[2025-02-19T06:06:25.854+0000] {logging_mixin.py:188} INFO - [2025-02-19T06:06:25.852+0000] {dagbag.py:538} INFO - Filling up the DagBag from /home/airflow/.local/lib/python3.10/site-packages/airflow/example_dags/example_local_kubernetes_executor.py
[2025-02-19T06:06:25.892+0000] {processor.py:840} INFO - DAG(s) 'example_local_kubernetes_executor' retrieved from /home/airflow/.local/lib/python3.10/site-packages/airflow/example_dags/example_local_kubernetes_executor.py
[2025-02-19T06:06:26.064+0000] {logging_mixin.py:188} INFO - [2025-02-19T06:06:26.064+0000] {dag.py:3036} INFO - Sync 1 DAGs
[2025-02-19T06:06:26.122+0000] {logging_mixin.py:188} INFO - [2025-02-19T06:06:26.122+0000] {dag.py:3823} INFO - Setting next_dagrun for example_local_kubernetes_executor to None, run_after=None
[2025-02-19T06:06:26.386+0000] {processor.py:183} INFO - Processing /home/airflow/.local/lib/python3.10/site-packages/airflow/example_dags/example_local_kubernetes_executor.py took 0.566 seconds
[2025-02-19T06:08:37.188+0000] {processor.py:161} INFO - Started process (PID=436) to work on /home/airflow/.local/lib/python3.10/site-packages/airflow/example_dags/example_local_kubernetes_executor.py
[2025-02-19T06:08:37.199+0000] {processor.py:830} INFO - Processing file /home/airflow/.local/lib/python3.10/site-packages/airflow/example_dags/example_local_kubernetes_executor.py for tasks to queue
[2025-02-19T06:08:37.203+0000] {logging_mixin.py:188} INFO - [2025-02-19T06:08:37.202+0000] {dagbag.py:538} INFO - Filling up the DagBag from /home/airflow/.local/lib/python3.10/site-packages/airflow/example_dags/example_local_kubernetes_executor.py
[2025-02-19T06:08:37.241+0000] {processor.py:840} INFO - DAG(s) 'example_local_kubernetes_executor' retrieved from /home/airflow/.local/lib/python3.10/site-packages/airflow/example_dags/example_local_kubernetes_executor.py
[2025-02-19T06:08:37.432+0000] {logging_mixin.py:188} INFO - [2025-02-19T06:08:37.431+0000] {dag.py:3036} INFO - Sync 1 DAGs
[2025-02-19T06:08:37.628+0000] {logging_mixin.py:188} INFO - [2025-02-19T06:08:37.628+0000] {dag.py:3823} INFO - Setting next_dagrun for example_local_kubernetes_executor to None, run_after=None
[2025-02-19T06:08:37.859+0000] {processor.py:183} INFO - Processing /home/airflow/.local/lib/python3.10/site-packages/airflow/example_dags/example_local_kubernetes_executor.py took 0.686 seconds
[2025-02-19T06:10:18.715+0000] {processor.py:161} INFO - Started process (PID=499) to work on /home/airflow/.local/lib/python3.10/site-packages/airflow/example_dags/example_local_kubernetes_executor.py
[2025-02-19T06:10:18.718+0000] {processor.py:830} INFO - Processing file /home/airflow/.local/lib/python3.10/site-packages/airflow/example_dags/example_local_kubernetes_executor.py for tasks to queue
[2025-02-19T06:10:18.721+0000] {logging_mixin.py:188} INFO - [2025-02-19T06:10:18.720+0000] {dagbag.py:538} INFO - Filling up the DagBag from /home/airflow/.local/lib/python3.10/site-packages/airflow/example_dags/example_local_kubernetes_executor.py
[2025-02-19T06:10:18.739+0000] {processor.py:840} INFO - DAG(s) 'example_local_kubernetes_executor' retrieved from /home/airflow/.local/lib/python3.10/site-packages/airflow/example_dags/example_local_kubernetes_executor.py
[2025-02-19T06:10:18.863+0000] {logging_mixin.py:188} INFO - [2025-02-19T06:10:18.862+0000] {dag.py:3036} INFO - Sync 1 DAGs
[2025-02-19T06:10:18.946+0000] {logging_mixin.py:188} INFO - [2025-02-19T06:10:18.945+0000] {dag.py:3823} INFO - Setting next_dagrun for example_local_kubernetes_executor to None, run_after=None
[2025-02-19T06:10:19.169+0000] {processor.py:183} INFO - Processing /home/airflow/.local/lib/python3.10/site-packages/airflow/example_dags/example_local_kubernetes_executor.py took 0.460 seconds
[2025-02-19T06:12:08.637+0000] {processor.py:161} INFO - Started process (PID=561) to work on /home/airflow/.local/lib/python3.10/site-packages/airflow/example_dags/example_local_kubernetes_executor.py
[2025-02-19T06:12:08.639+0000] {processor.py:830} INFO - Processing file /home/airflow/.local/lib/python3.10/site-packages/airflow/example_dags/example_local_kubernetes_executor.py for tasks to queue
[2025-02-19T06:12:08.652+0000] {logging_mixin.py:188} INFO - [2025-02-19T06:12:08.651+0000] {dagbag.py:538} INFO - Filling up the DagBag from /home/airflow/.local/lib/python3.10/site-packages/airflow/example_dags/example_local_kubernetes_executor.py
[2025-02-19T06:12:08.706+0000] {processor.py:840} INFO - DAG(s) 'example_local_kubernetes_executor' retrieved from /home/airflow/.local/lib/python3.10/site-packages/airflow/example_dags/example_local_kubernetes_executor.py
[2025-02-19T06:12:09.020+0000] {logging_mixin.py:188} INFO - [2025-02-19T06:12:09.019+0000] {dag.py:3036} INFO - Sync 1 DAGs
[2025-02-19T06:12:09.119+0000] {logging_mixin.py:188} INFO - [2025-02-19T06:12:09.118+0000] {dag.py:3823} INFO - Setting next_dagrun for example_local_kubernetes_executor to None, run_after=None
[2025-02-19T06:12:09.337+0000] {processor.py:183} INFO - Processing /home/airflow/.local/lib/python3.10/site-packages/airflow/example_dags/example_local_kubernetes_executor.py took 0.727 seconds
[2025-02-19T06:13:57.075+0000] {processor.py:161} INFO - Started process (PID=626) to work on /home/airflow/.local/lib/python3.10/site-packages/airflow/example_dags/example_local_kubernetes_executor.py
[2025-02-19T06:13:57.082+0000] {processor.py:830} INFO - Processing file /home/airflow/.local/lib/python3.10/site-packages/airflow/example_dags/example_local_kubernetes_executor.py for tasks to queue
[2025-02-19T06:13:57.085+0000] {logging_mixin.py:188} INFO - [2025-02-19T06:13:57.084+0000] {dagbag.py:538} INFO - Filling up the DagBag from /home/airflow/.local/lib/python3.10/site-packages/airflow/example_dags/example_local_kubernetes_executor.py
[2025-02-19T06:13:57.127+0000] {processor.py:840} INFO - DAG(s) 'example_local_kubernetes_executor' retrieved from /home/airflow/.local/lib/python3.10/site-packages/airflow/example_dags/example_local_kubernetes_executor.py
[2025-02-19T06:13:57.296+0000] {logging_mixin.py:188} INFO - [2025-02-19T06:13:57.293+0000] {dag.py:3036} INFO - Sync 1 DAGs
[2025-02-19T06:13:57.364+0000] {logging_mixin.py:188} INFO - [2025-02-19T06:13:57.355+0000] {dag.py:3823} INFO - Setting next_dagrun for example_local_kubernetes_executor to None, run_after=None
[2025-02-19T06:13:57.542+0000] {processor.py:183} INFO - Processing /home/airflow/.local/lib/python3.10/site-packages/airflow/example_dags/example_local_kubernetes_executor.py took 0.478 seconds
[2025-02-19T06:15:30.509+0000] {processor.py:161} INFO - Started process (PID=686) to work on /home/airflow/.local/lib/python3.10/site-packages/airflow/example_dags/example_local_kubernetes_executor.py
[2025-02-19T06:15:30.512+0000] {processor.py:830} INFO - Processing file /home/airflow/.local/lib/python3.10/site-packages/airflow/example_dags/example_local_kubernetes_executor.py for tasks to queue
[2025-02-19T06:15:30.515+0000] {logging_mixin.py:188} INFO - [2025-02-19T06:15:30.514+0000] {dagbag.py:538} INFO - Filling up the DagBag from /home/airflow/.local/lib/python3.10/site-packages/airflow/example_dags/example_local_kubernetes_executor.py
[2025-02-19T06:15:30.555+0000] {processor.py:840} INFO - DAG(s) 'example_local_kubernetes_executor' retrieved from /home/airflow/.local/lib/python3.10/site-packages/airflow/example_dags/example_local_kubernetes_executor.py
[2025-02-19T06:15:30.720+0000] {logging_mixin.py:188} INFO - [2025-02-19T06:15:30.719+0000] {dag.py:3036} INFO - Sync 1 DAGs
[2025-02-19T06:15:30.785+0000] {logging_mixin.py:188} INFO - [2025-02-19T06:15:30.784+0000] {dag.py:3823} INFO - Setting next_dagrun for example_local_kubernetes_executor to None, run_after=None
[2025-02-19T06:15:30.968+0000] {processor.py:183} INFO - Processing /home/airflow/.local/lib/python3.10/site-packages/airflow/example_dags/example_local_kubernetes_executor.py took 0.469 seconds
[2025-02-19T06:17:33.396+0000] {processor.py:161} INFO - Started process (PID=753) to work on /home/airflow/.local/lib/python3.10/site-packages/airflow/example_dags/example_local_kubernetes_executor.py
[2025-02-19T06:17:33.398+0000] {processor.py:830} INFO - Processing file /home/airflow/.local/lib/python3.10/site-packages/airflow/example_dags/example_local_kubernetes_executor.py for tasks to queue
[2025-02-19T06:17:33.405+0000] {logging_mixin.py:188} INFO - [2025-02-19T06:17:33.402+0000] {dagbag.py:538} INFO - Filling up the DagBag from /home/airflow/.local/lib/python3.10/site-packages/airflow/example_dags/example_local_kubernetes_executor.py
[2025-02-19T06:17:33.427+0000] {processor.py:840} INFO - DAG(s) 'example_local_kubernetes_executor' retrieved from /home/airflow/.local/lib/python3.10/site-packages/airflow/example_dags/example_local_kubernetes_executor.py
[2025-02-19T06:17:33.511+0000] {logging_mixin.py:188} INFO - [2025-02-19T06:17:33.511+0000] {dag.py:3036} INFO - Sync 1 DAGs
[2025-02-19T06:17:33.550+0000] {logging_mixin.py:188} INFO - [2025-02-19T06:17:33.550+0000] {dag.py:3823} INFO - Setting next_dagrun for example_local_kubernetes_executor to None, run_after=None
[2025-02-19T06:17:33.701+0000] {processor.py:183} INFO - Processing /home/airflow/.local/lib/python3.10/site-packages/airflow/example_dags/example_local_kubernetes_executor.py took 0.311 seconds
[2025-02-19T06:19:07.160+0000] {processor.py:161} INFO - Started process (PID=814) to work on /home/airflow/.local/lib/python3.10/site-packages/airflow/example_dags/example_local_kubernetes_executor.py
[2025-02-19T06:19:07.163+0000] {processor.py:830} INFO - Processing file /home/airflow/.local/lib/python3.10/site-packages/airflow/example_dags/example_local_kubernetes_executor.py for tasks to queue
[2025-02-19T06:19:07.165+0000] {logging_mixin.py:188} INFO - [2025-02-19T06:19:07.164+0000] {dagbag.py:538} INFO - Filling up the DagBag from /home/airflow/.local/lib/python3.10/site-packages/airflow/example_dags/example_local_kubernetes_executor.py
[2025-02-19T06:19:07.184+0000] {processor.py:840} INFO - DAG(s) 'example_local_kubernetes_executor' retrieved from /home/airflow/.local/lib/python3.10/site-packages/airflow/example_dags/example_local_kubernetes_executor.py
[2025-02-19T06:19:07.337+0000] {logging_mixin.py:188} INFO - [2025-02-19T06:19:07.336+0000] {dag.py:3036} INFO - Sync 1 DAGs
[2025-02-19T06:19:07.412+0000] {logging_mixin.py:188} INFO - [2025-02-19T06:19:07.411+0000] {dag.py:3823} INFO - Setting next_dagrun for example_local_kubernetes_executor to None, run_after=None
[2025-02-19T06:19:07.581+0000] {processor.py:183} INFO - Processing /home/airflow/.local/lib/python3.10/site-packages/airflow/example_dags/example_local_kubernetes_executor.py took 0.429 seconds
[2025-02-19T06:20:44.993+0000] {processor.py:161} INFO - Started process (PID=873) to work on /home/airflow/.local/lib/python3.10/site-packages/airflow/example_dags/example_local_kubernetes_executor.py
[2025-02-19T06:20:44.995+0000] {processor.py:830} INFO - Processing file /home/airflow/.local/lib/python3.10/site-packages/airflow/example_dags/example_local_kubernetes_executor.py for tasks to queue
[2025-02-19T06:20:44.999+0000] {logging_mixin.py:188} INFO - [2025-02-19T06:20:44.998+0000] {dagbag.py:538} INFO - Filling up the DagBag from /home/airflow/.local/lib/python3.10/site-packages/airflow/example_dags/example_local_kubernetes_executor.py
[2025-02-19T06:20:45.026+0000] {processor.py:840} INFO - DAG(s) 'example_local_kubernetes_executor' retrieved from /home/airflow/.local/lib/python3.10/site-packages/airflow/example_dags/example_local_kubernetes_executor.py
[2025-02-19T06:20:45.136+0000] {logging_mixin.py:188} INFO - [2025-02-19T06:20:45.135+0000] {dag.py:3036} INFO - Sync 1 DAGs
[2025-02-19T06:20:45.181+0000] {logging_mixin.py:188} INFO - [2025-02-19T06:20:45.180+0000] {dag.py:3823} INFO - Setting next_dagrun for example_local_kubernetes_executor to None, run_after=None
[2025-02-19T06:20:45.318+0000] {processor.py:183} INFO - Processing /home/airflow/.local/lib/python3.10/site-packages/airflow/example_dags/example_local_kubernetes_executor.py took 0.332 seconds
[2025-02-19T06:22:44.534+0000] {processor.py:161} INFO - Started process (PID=938) to work on /home/airflow/.local/lib/python3.10/site-packages/airflow/example_dags/example_local_kubernetes_executor.py
[2025-02-19T06:22:44.546+0000] {processor.py:830} INFO - Processing file /home/airflow/.local/lib/python3.10/site-packages/airflow/example_dags/example_local_kubernetes_executor.py for tasks to queue
[2025-02-19T06:22:44.550+0000] {logging_mixin.py:188} INFO - [2025-02-19T06:22:44.549+0000] {dagbag.py:538} INFO - Filling up the DagBag from /home/airflow/.local/lib/python3.10/site-packages/airflow/example_dags/example_local_kubernetes_executor.py
[2025-02-19T06:22:44.609+0000] {processor.py:840} INFO - DAG(s) 'example_local_kubernetes_executor' retrieved from /home/airflow/.local/lib/python3.10/site-packages/airflow/example_dags/example_local_kubernetes_executor.py
[2025-02-19T06:22:44.883+0000] {logging_mixin.py:188} INFO - [2025-02-19T06:22:44.876+0000] {dag.py:3036} INFO - Sync 1 DAGs
[2025-02-19T06:22:44.972+0000] {logging_mixin.py:188} INFO - [2025-02-19T06:22:44.972+0000] {dag.py:3823} INFO - Setting next_dagrun for example_local_kubernetes_executor to None, run_after=None
[2025-02-19T06:22:45.205+0000] {processor.py:183} INFO - Processing /home/airflow/.local/lib/python3.10/site-packages/airflow/example_dags/example_local_kubernetes_executor.py took 0.683 seconds
[2025-02-19T06:24:58.505+0000] {processor.py:161} INFO - Started process (PID=1006) to work on /home/airflow/.local/lib/python3.10/site-packages/airflow/example_dags/example_local_kubernetes_executor.py
[2025-02-19T06:24:58.508+0000] {processor.py:830} INFO - Processing file /home/airflow/.local/lib/python3.10/site-packages/airflow/example_dags/example_local_kubernetes_executor.py for tasks to queue
[2025-02-19T06:24:58.519+0000] {logging_mixin.py:188} INFO - [2025-02-19T06:24:58.510+0000] {dagbag.py:538} INFO - Filling up the DagBag from /home/airflow/.local/lib/python3.10/site-packages/airflow/example_dags/example_local_kubernetes_executor.py
[2025-02-19T06:24:58.559+0000] {processor.py:840} INFO - DAG(s) 'example_local_kubernetes_executor' retrieved from /home/airflow/.local/lib/python3.10/site-packages/airflow/example_dags/example_local_kubernetes_executor.py
[2025-02-19T06:24:58.740+0000] {logging_mixin.py:188} INFO - [2025-02-19T06:24:58.739+0000] {dag.py:3036} INFO - Sync 1 DAGs
[2025-02-19T06:24:58.782+0000] {logging_mixin.py:188} INFO - [2025-02-19T06:24:58.782+0000] {dag.py:3823} INFO - Setting next_dagrun for example_local_kubernetes_executor to None, run_after=None
[2025-02-19T06:24:58.923+0000] {processor.py:183} INFO - Processing /home/airflow/.local/lib/python3.10/site-packages/airflow/example_dags/example_local_kubernetes_executor.py took 0.435 seconds
[2025-02-19T06:26:57.262+0000] {processor.py:161} INFO - Started process (PID=1070) to work on /home/airflow/.local/lib/python3.10/site-packages/airflow/example_dags/example_local_kubernetes_executor.py
[2025-02-19T06:26:57.265+0000] {processor.py:830} INFO - Processing file /home/airflow/.local/lib/python3.10/site-packages/airflow/example_dags/example_local_kubernetes_executor.py for tasks to queue
[2025-02-19T06:26:57.269+0000] {logging_mixin.py:188} INFO - [2025-02-19T06:26:57.268+0000] {dagbag.py:538} INFO - Filling up the DagBag from /home/airflow/.local/lib/python3.10/site-packages/airflow/example_dags/example_local_kubernetes_executor.py
[2025-02-19T06:26:57.322+0000] {processor.py:840} INFO - DAG(s) 'example_local_kubernetes_executor' retrieved from /home/airflow/.local/lib/python3.10/site-packages/airflow/example_dags/example_local_kubernetes_executor.py
[2025-02-19T06:26:57.566+0000] {logging_mixin.py:188} INFO - [2025-02-19T06:26:57.565+0000] {dag.py:3036} INFO - Sync 1 DAGs
[2025-02-19T06:26:57.673+0000] {logging_mixin.py:188} INFO - [2025-02-19T06:26:57.673+0000] {dag.py:3823} INFO - Setting next_dagrun for example_local_kubernetes_executor to None, run_after=None
[2025-02-19T06:26:57.891+0000] {processor.py:183} INFO - Processing /home/airflow/.local/lib/python3.10/site-packages/airflow/example_dags/example_local_kubernetes_executor.py took 0.645 seconds
[2025-02-19T06:30:50.684+0000] {processor.py:161} INFO - Started process (PID=64) to work on /home/airflow/.local/lib/python3.10/site-packages/airflow/example_dags/example_local_kubernetes_executor.py
[2025-02-19T06:30:50.686+0000] {processor.py:830} INFO - Processing file /home/airflow/.local/lib/python3.10/site-packages/airflow/example_dags/example_local_kubernetes_executor.py for tasks to queue
[2025-02-19T06:30:50.688+0000] {logging_mixin.py:188} INFO - [2025-02-19T06:30:50.687+0000] {dagbag.py:538} INFO - Filling up the DagBag from /home/airflow/.local/lib/python3.10/site-packages/airflow/example_dags/example_local_kubernetes_executor.py
[2025-02-19T06:30:50.701+0000] {processor.py:840} INFO - DAG(s) 'example_local_kubernetes_executor' retrieved from /home/airflow/.local/lib/python3.10/site-packages/airflow/example_dags/example_local_kubernetes_executor.py
[2025-02-19T06:30:50.784+0000] {logging_mixin.py:188} INFO - [2025-02-19T06:30:50.784+0000] {dag.py:3036} INFO - Sync 1 DAGs
[2025-02-19T06:30:50.818+0000] {logging_mixin.py:188} INFO - [2025-02-19T06:30:50.818+0000] {dag.py:3823} INFO - Setting next_dagrun for example_local_kubernetes_executor to None, run_after=None
[2025-02-19T06:30:50.950+0000] {processor.py:183} INFO - Processing /home/airflow/.local/lib/python3.10/site-packages/airflow/example_dags/example_local_kubernetes_executor.py took 0.270 seconds
[2025-02-19T06:33:06.902+0000] {processor.py:161} INFO - Started process (PID=132) to work on /home/airflow/.local/lib/python3.10/site-packages/airflow/example_dags/example_local_kubernetes_executor.py
[2025-02-19T06:33:06.912+0000] {processor.py:830} INFO - Processing file /home/airflow/.local/lib/python3.10/site-packages/airflow/example_dags/example_local_kubernetes_executor.py for tasks to queue
[2025-02-19T06:33:06.915+0000] {logging_mixin.py:188} INFO - [2025-02-19T06:33:06.914+0000] {dagbag.py:538} INFO - Filling up the DagBag from /home/airflow/.local/lib/python3.10/site-packages/airflow/example_dags/example_local_kubernetes_executor.py
[2025-02-19T06:33:06.985+0000] {processor.py:840} INFO - DAG(s) 'example_local_kubernetes_executor' retrieved from /home/airflow/.local/lib/python3.10/site-packages/airflow/example_dags/example_local_kubernetes_executor.py
[2025-02-19T06:33:07.269+0000] {logging_mixin.py:188} INFO - [2025-02-19T06:33:07.268+0000] {dag.py:3036} INFO - Sync 1 DAGs
[2025-02-19T06:33:07.352+0000] {logging_mixin.py:188} INFO - [2025-02-19T06:33:07.351+0000] {dag.py:3823} INFO - Setting next_dagrun for example_local_kubernetes_executor to None, run_after=None
[2025-02-19T06:33:07.543+0000] {processor.py:183} INFO - Processing /home/airflow/.local/lib/python3.10/site-packages/airflow/example_dags/example_local_kubernetes_executor.py took 0.651 seconds
[2025-02-19T06:34:53.140+0000] {processor.py:161} INFO - Started process (PID=195) to work on /home/airflow/.local/lib/python3.10/site-packages/airflow/example_dags/example_local_kubernetes_executor.py
[2025-02-19T06:34:53.142+0000] {processor.py:830} INFO - Processing file /home/airflow/.local/lib/python3.10/site-packages/airflow/example_dags/example_local_kubernetes_executor.py for tasks to queue
[2025-02-19T06:34:53.144+0000] {logging_mixin.py:188} INFO - [2025-02-19T06:34:53.144+0000] {dagbag.py:538} INFO - Filling up the DagBag from /home/airflow/.local/lib/python3.10/site-packages/airflow/example_dags/example_local_kubernetes_executor.py
[2025-02-19T06:34:53.161+0000] {processor.py:840} INFO - DAG(s) 'example_local_kubernetes_executor' retrieved from /home/airflow/.local/lib/python3.10/site-packages/airflow/example_dags/example_local_kubernetes_executor.py
[2025-02-19T06:34:53.276+0000] {logging_mixin.py:188} INFO - [2025-02-19T06:34:53.276+0000] {dag.py:3036} INFO - Sync 1 DAGs
[2025-02-19T06:34:53.324+0000] {logging_mixin.py:188} INFO - [2025-02-19T06:34:53.323+0000] {dag.py:3823} INFO - Setting next_dagrun for example_local_kubernetes_executor to None, run_after=None
[2025-02-19T06:34:53.473+0000] {processor.py:183} INFO - Processing /home/airflow/.local/lib/python3.10/site-packages/airflow/example_dags/example_local_kubernetes_executor.py took 0.341 seconds
[2025-02-19T06:36:34.281+0000] {processor.py:161} INFO - Started process (PID=256) to work on /home/airflow/.local/lib/python3.10/site-packages/airflow/example_dags/example_local_kubernetes_executor.py
[2025-02-19T06:36:34.373+0000] {processor.py:830} INFO - Processing file /home/airflow/.local/lib/python3.10/site-packages/airflow/example_dags/example_local_kubernetes_executor.py for tasks to queue
[2025-02-19T06:36:34.435+0000] {logging_mixin.py:188} INFO - [2025-02-19T06:36:34.433+0000] {dagbag.py:538} INFO - Filling up the DagBag from /home/airflow/.local/lib/python3.10/site-packages/airflow/example_dags/example_local_kubernetes_executor.py
[2025-02-19T06:36:34.489+0000] {processor.py:840} INFO - DAG(s) 'example_local_kubernetes_executor' retrieved from /home/airflow/.local/lib/python3.10/site-packages/airflow/example_dags/example_local_kubernetes_executor.py
[2025-02-19T06:36:34.766+0000] {logging_mixin.py:188} INFO - [2025-02-19T06:36:34.763+0000] {dag.py:3036} INFO - Sync 1 DAGs
[2025-02-19T06:36:34.923+0000] {logging_mixin.py:188} INFO - [2025-02-19T06:36:34.923+0000] {dag.py:3823} INFO - Setting next_dagrun for example_local_kubernetes_executor to None, run_after=None
[2025-02-19T06:36:35.320+0000] {processor.py:183} INFO - Processing /home/airflow/.local/lib/python3.10/site-packages/airflow/example_dags/example_local_kubernetes_executor.py took 1.058 seconds
[2025-02-19T06:38:21.920+0000] {processor.py:161} INFO - Started process (PID=320) to work on /home/airflow/.local/lib/python3.10/site-packages/airflow/example_dags/example_local_kubernetes_executor.py
[2025-02-19T06:38:21.926+0000] {processor.py:830} INFO - Processing file /home/airflow/.local/lib/python3.10/site-packages/airflow/example_dags/example_local_kubernetes_executor.py for tasks to queue
[2025-02-19T06:38:21.929+0000] {logging_mixin.py:188} INFO - [2025-02-19T06:38:21.928+0000] {dagbag.py:538} INFO - Filling up the DagBag from /home/airflow/.local/lib/python3.10/site-packages/airflow/example_dags/example_local_kubernetes_executor.py
[2025-02-19T06:38:21.967+0000] {processor.py:840} INFO - DAG(s) 'example_local_kubernetes_executor' retrieved from /home/airflow/.local/lib/python3.10/site-packages/airflow/example_dags/example_local_kubernetes_executor.py
[2025-02-19T06:38:22.073+0000] {logging_mixin.py:188} INFO - [2025-02-19T06:38:22.072+0000] {dag.py:3036} INFO - Sync 1 DAGs
[2025-02-19T06:38:22.103+0000] {logging_mixin.py:188} INFO - [2025-02-19T06:38:22.102+0000] {dag.py:3823} INFO - Setting next_dagrun for example_local_kubernetes_executor to None, run_after=None
[2025-02-19T06:38:22.225+0000] {processor.py:183} INFO - Processing /home/airflow/.local/lib/python3.10/site-packages/airflow/example_dags/example_local_kubernetes_executor.py took 0.318 seconds
[2025-02-19T06:40:40.593+0000] {processor.py:161} INFO - Started process (PID=385) to work on /home/airflow/.local/lib/python3.10/site-packages/airflow/example_dags/example_local_kubernetes_executor.py
[2025-02-19T06:40:40.595+0000] {processor.py:830} INFO - Processing file /home/airflow/.local/lib/python3.10/site-packages/airflow/example_dags/example_local_kubernetes_executor.py for tasks to queue
[2025-02-19T06:40:40.600+0000] {logging_mixin.py:188} INFO - [2025-02-19T06:40:40.599+0000] {dagbag.py:538} INFO - Filling up the DagBag from /home/airflow/.local/lib/python3.10/site-packages/airflow/example_dags/example_local_kubernetes_executor.py
[2025-02-19T06:40:40.626+0000] {processor.py:840} INFO - DAG(s) 'example_local_kubernetes_executor' retrieved from /home/airflow/.local/lib/python3.10/site-packages/airflow/example_dags/example_local_kubernetes_executor.py
[2025-02-19T06:40:40.772+0000] {logging_mixin.py:188} INFO - [2025-02-19T06:40:40.771+0000] {dag.py:3036} INFO - Sync 1 DAGs
[2025-02-19T06:40:40.855+0000] {logging_mixin.py:188} INFO - [2025-02-19T06:40:40.855+0000] {dag.py:3823} INFO - Setting next_dagrun for example_local_kubernetes_executor to None, run_after=None
[2025-02-19T06:40:41.039+0000] {processor.py:183} INFO - Processing /home/airflow/.local/lib/python3.10/site-packages/airflow/example_dags/example_local_kubernetes_executor.py took 0.453 seconds
[2025-02-19T06:44:12.568+0000] {processor.py:161} INFO - Started process (PID=64) to work on /home/airflow/.local/lib/python3.10/site-packages/airflow/example_dags/example_local_kubernetes_executor.py
[2025-02-19T06:44:12.570+0000] {processor.py:830} INFO - Processing file /home/airflow/.local/lib/python3.10/site-packages/airflow/example_dags/example_local_kubernetes_executor.py for tasks to queue
[2025-02-19T06:44:12.572+0000] {logging_mixin.py:188} INFO - [2025-02-19T06:44:12.571+0000] {dagbag.py:538} INFO - Filling up the DagBag from /home/airflow/.local/lib/python3.10/site-packages/airflow/example_dags/example_local_kubernetes_executor.py
[2025-02-19T06:44:12.590+0000] {processor.py:840} INFO - DAG(s) 'example_local_kubernetes_executor' retrieved from /home/airflow/.local/lib/python3.10/site-packages/airflow/example_dags/example_local_kubernetes_executor.py
[2025-02-19T06:44:12.677+0000] {logging_mixin.py:188} INFO - [2025-02-19T06:44:12.676+0000] {dag.py:3036} INFO - Sync 1 DAGs
[2025-02-19T06:44:12.722+0000] {logging_mixin.py:188} INFO - [2025-02-19T06:44:12.721+0000] {dag.py:3823} INFO - Setting next_dagrun for example_local_kubernetes_executor to None, run_after=None
[2025-02-19T06:44:12.873+0000] {processor.py:183} INFO - Processing /home/airflow/.local/lib/python3.10/site-packages/airflow/example_dags/example_local_kubernetes_executor.py took 0.311 seconds
[2025-02-19T06:46:00.507+0000] {processor.py:161} INFO - Started process (PID=127) to work on /home/airflow/.local/lib/python3.10/site-packages/airflow/example_dags/example_local_kubernetes_executor.py
[2025-02-19T06:46:00.511+0000] {processor.py:830} INFO - Processing file /home/airflow/.local/lib/python3.10/site-packages/airflow/example_dags/example_local_kubernetes_executor.py for tasks to queue
[2025-02-19T06:46:00.514+0000] {logging_mixin.py:188} INFO - [2025-02-19T06:46:00.513+0000] {dagbag.py:538} INFO - Filling up the DagBag from /home/airflow/.local/lib/python3.10/site-packages/airflow/example_dags/example_local_kubernetes_executor.py
[2025-02-19T06:46:00.535+0000] {processor.py:840} INFO - DAG(s) 'example_local_kubernetes_executor' retrieved from /home/airflow/.local/lib/python3.10/site-packages/airflow/example_dags/example_local_kubernetes_executor.py
[2025-02-19T06:46:00.642+0000] {logging_mixin.py:188} INFO - [2025-02-19T06:46:00.642+0000] {dag.py:3036} INFO - Sync 1 DAGs
[2025-02-19T06:46:00.685+0000] {logging_mixin.py:188} INFO - [2025-02-19T06:46:00.684+0000] {dag.py:3823} INFO - Setting next_dagrun for example_local_kubernetes_executor to None, run_after=None
[2025-02-19T06:46:00.831+0000] {processor.py:183} INFO - Processing /home/airflow/.local/lib/python3.10/site-packages/airflow/example_dags/example_local_kubernetes_executor.py took 0.331 seconds
[2025-02-19T06:47:45.085+0000] {processor.py:161} INFO - Started process (PID=188) to work on /home/airflow/.local/lib/python3.10/site-packages/airflow/example_dags/example_local_kubernetes_executor.py
[2025-02-19T06:47:45.089+0000] {processor.py:830} INFO - Processing file /home/airflow/.local/lib/python3.10/site-packages/airflow/example_dags/example_local_kubernetes_executor.py for tasks to queue
[2025-02-19T06:47:45.092+0000] {logging_mixin.py:188} INFO - [2025-02-19T06:47:45.091+0000] {dagbag.py:538} INFO - Filling up the DagBag from /home/airflow/.local/lib/python3.10/site-packages/airflow/example_dags/example_local_kubernetes_executor.py
[2025-02-19T06:47:45.115+0000] {processor.py:840} INFO - DAG(s) 'example_local_kubernetes_executor' retrieved from /home/airflow/.local/lib/python3.10/site-packages/airflow/example_dags/example_local_kubernetes_executor.py
[2025-02-19T06:47:45.209+0000] {logging_mixin.py:188} INFO - [2025-02-19T06:47:45.208+0000] {dag.py:3036} INFO - Sync 1 DAGs
[2025-02-19T06:47:45.266+0000] {logging_mixin.py:188} INFO - [2025-02-19T06:47:45.265+0000] {dag.py:3823} INFO - Setting next_dagrun for example_local_kubernetes_executor to None, run_after=None
[2025-02-19T06:47:45.432+0000] {processor.py:183} INFO - Processing /home/airflow/.local/lib/python3.10/site-packages/airflow/example_dags/example_local_kubernetes_executor.py took 0.357 seconds
[2025-02-19T06:49:21.726+0000] {processor.py:161} INFO - Started process (PID=249) to work on /home/airflow/.local/lib/python3.10/site-packages/airflow/example_dags/example_local_kubernetes_executor.py
[2025-02-19T06:49:21.736+0000] {processor.py:830} INFO - Processing file /home/airflow/.local/lib/python3.10/site-packages/airflow/example_dags/example_local_kubernetes_executor.py for tasks to queue
[2025-02-19T06:49:21.738+0000] {logging_mixin.py:188} INFO - [2025-02-19T06:49:21.737+0000] {dagbag.py:538} INFO - Filling up the DagBag from /home/airflow/.local/lib/python3.10/site-packages/airflow/example_dags/example_local_kubernetes_executor.py
[2025-02-19T06:49:21.764+0000] {processor.py:840} INFO - DAG(s) 'example_local_kubernetes_executor' retrieved from /home/airflow/.local/lib/python3.10/site-packages/airflow/example_dags/example_local_kubernetes_executor.py
[2025-02-19T06:49:21.906+0000] {logging_mixin.py:188} INFO - [2025-02-19T06:49:21.906+0000] {dag.py:3036} INFO - Sync 1 DAGs
[2025-02-19T06:49:21.996+0000] {logging_mixin.py:188} INFO - [2025-02-19T06:49:21.995+0000] {dag.py:3823} INFO - Setting next_dagrun for example_local_kubernetes_executor to None, run_after=None
[2025-02-19T06:49:22.203+0000] {processor.py:183} INFO - Processing /home/airflow/.local/lib/python3.10/site-packages/airflow/example_dags/example_local_kubernetes_executor.py took 0.484 seconds
[2025-02-19T06:51:05.130+0000] {processor.py:161} INFO - Started process (PID=312) to work on /home/airflow/.local/lib/python3.10/site-packages/airflow/example_dags/example_local_kubernetes_executor.py
[2025-02-19T06:51:05.134+0000] {processor.py:830} INFO - Processing file /home/airflow/.local/lib/python3.10/site-packages/airflow/example_dags/example_local_kubernetes_executor.py for tasks to queue
[2025-02-19T06:51:05.136+0000] {logging_mixin.py:188} INFO - [2025-02-19T06:51:05.135+0000] {dagbag.py:538} INFO - Filling up the DagBag from /home/airflow/.local/lib/python3.10/site-packages/airflow/example_dags/example_local_kubernetes_executor.py
[2025-02-19T06:51:05.149+0000] {processor.py:840} INFO - DAG(s) 'example_local_kubernetes_executor' retrieved from /home/airflow/.local/lib/python3.10/site-packages/airflow/example_dags/example_local_kubernetes_executor.py
[2025-02-19T06:51:05.220+0000] {logging_mixin.py:188} INFO - [2025-02-19T06:51:05.219+0000] {dag.py:3036} INFO - Sync 1 DAGs
[2025-02-19T06:51:05.256+0000] {logging_mixin.py:188} INFO - [2025-02-19T06:51:05.255+0000] {dag.py:3823} INFO - Setting next_dagrun for example_local_kubernetes_executor to None, run_after=None
[2025-02-19T06:51:05.406+0000] {processor.py:183} INFO - Processing /home/airflow/.local/lib/python3.10/site-packages/airflow/example_dags/example_local_kubernetes_executor.py took 0.280 seconds
[2025-02-19T06:52:53.814+0000] {processor.py:161} INFO - Started process (PID=377) to work on /home/airflow/.local/lib/python3.10/site-packages/airflow/example_dags/example_local_kubernetes_executor.py
[2025-02-19T06:52:53.818+0000] {processor.py:830} INFO - Processing file /home/airflow/.local/lib/python3.10/site-packages/airflow/example_dags/example_local_kubernetes_executor.py for tasks to queue
[2025-02-19T06:52:53.820+0000] {logging_mixin.py:188} INFO - [2025-02-19T06:52:53.820+0000] {dagbag.py:538} INFO - Filling up the DagBag from /home/airflow/.local/lib/python3.10/site-packages/airflow/example_dags/example_local_kubernetes_executor.py
[2025-02-19T06:52:53.838+0000] {processor.py:840} INFO - DAG(s) 'example_local_kubernetes_executor' retrieved from /home/airflow/.local/lib/python3.10/site-packages/airflow/example_dags/example_local_kubernetes_executor.py
[2025-02-19T06:52:53.928+0000] {logging_mixin.py:188} INFO - [2025-02-19T06:52:53.927+0000] {dag.py:3036} INFO - Sync 1 DAGs
[2025-02-19T06:52:53.970+0000] {logging_mixin.py:188} INFO - [2025-02-19T06:52:53.969+0000] {dag.py:3823} INFO - Setting next_dagrun for example_local_kubernetes_executor to None, run_after=None
[2025-02-19T06:52:54.097+0000] {processor.py:183} INFO - Processing /home/airflow/.local/lib/python3.10/site-packages/airflow/example_dags/example_local_kubernetes_executor.py took 0.289 seconds
[2025-02-19T06:54:27.251+0000] {processor.py:161} INFO - Started process (PID=436) to work on /home/airflow/.local/lib/python3.10/site-packages/airflow/example_dags/example_local_kubernetes_executor.py
[2025-02-19T06:54:27.253+0000] {processor.py:830} INFO - Processing file /home/airflow/.local/lib/python3.10/site-packages/airflow/example_dags/example_local_kubernetes_executor.py for tasks to queue
[2025-02-19T06:54:27.257+0000] {logging_mixin.py:188} INFO - [2025-02-19T06:54:27.255+0000] {dagbag.py:538} INFO - Filling up the DagBag from /home/airflow/.local/lib/python3.10/site-packages/airflow/example_dags/example_local_kubernetes_executor.py
[2025-02-19T06:54:27.278+0000] {processor.py:840} INFO - DAG(s) 'example_local_kubernetes_executor' retrieved from /home/airflow/.local/lib/python3.10/site-packages/airflow/example_dags/example_local_kubernetes_executor.py
[2025-02-19T06:54:27.351+0000] {logging_mixin.py:188} INFO - [2025-02-19T06:54:27.351+0000] {dag.py:3036} INFO - Sync 1 DAGs
[2025-02-19T06:54:27.379+0000] {logging_mixin.py:188} INFO - [2025-02-19T06:54:27.379+0000] {dag.py:3823} INFO - Setting next_dagrun for example_local_kubernetes_executor to None, run_after=None
[2025-02-19T06:54:27.524+0000] {processor.py:183} INFO - Processing /home/airflow/.local/lib/python3.10/site-packages/airflow/example_dags/example_local_kubernetes_executor.py took 0.278 seconds
[2025-02-19T06:55:46.702+0000] {processor.py:161} INFO - Started process (PID=491) to work on /home/airflow/.local/lib/python3.10/site-packages/airflow/example_dags/example_local_kubernetes_executor.py
[2025-02-19T06:55:46.704+0000] {processor.py:830} INFO - Processing file /home/airflow/.local/lib/python3.10/site-packages/airflow/example_dags/example_local_kubernetes_executor.py for tasks to queue
[2025-02-19T06:55:46.705+0000] {logging_mixin.py:188} INFO - [2025-02-19T06:55:46.705+0000] {dagbag.py:538} INFO - Filling up the DagBag from /home/airflow/.local/lib/python3.10/site-packages/airflow/example_dags/example_local_kubernetes_executor.py
[2025-02-19T06:55:46.717+0000] {processor.py:840} INFO - DAG(s) 'example_local_kubernetes_executor' retrieved from /home/airflow/.local/lib/python3.10/site-packages/airflow/example_dags/example_local_kubernetes_executor.py
[2025-02-19T06:55:46.788+0000] {logging_mixin.py:188} INFO - [2025-02-19T06:55:46.788+0000] {dag.py:3036} INFO - Sync 1 DAGs
[2025-02-19T06:55:46.814+0000] {logging_mixin.py:188} INFO - [2025-02-19T06:55:46.814+0000] {dag.py:3823} INFO - Setting next_dagrun for example_local_kubernetes_executor to None, run_after=None
[2025-02-19T06:55:46.924+0000] {processor.py:183} INFO - Processing /home/airflow/.local/lib/python3.10/site-packages/airflow/example_dags/example_local_kubernetes_executor.py took 0.227 seconds
[2025-02-19T06:57:23.895+0000] {processor.py:161} INFO - Started process (PID=550) to work on /home/airflow/.local/lib/python3.10/site-packages/airflow/example_dags/example_local_kubernetes_executor.py
[2025-02-19T06:57:23.908+0000] {processor.py:830} INFO - Processing file /home/airflow/.local/lib/python3.10/site-packages/airflow/example_dags/example_local_kubernetes_executor.py for tasks to queue
[2025-02-19T06:57:23.912+0000] {logging_mixin.py:188} INFO - [2025-02-19T06:57:23.910+0000] {dagbag.py:538} INFO - Filling up the DagBag from /home/airflow/.local/lib/python3.10/site-packages/airflow/example_dags/example_local_kubernetes_executor.py
[2025-02-19T06:57:23.971+0000] {processor.py:840} INFO - DAG(s) 'example_local_kubernetes_executor' retrieved from /home/airflow/.local/lib/python3.10/site-packages/airflow/example_dags/example_local_kubernetes_executor.py
[2025-02-19T06:57:24.165+0000] {logging_mixin.py:188} INFO - [2025-02-19T06:57:24.165+0000] {dag.py:3036} INFO - Sync 1 DAGs
[2025-02-19T06:57:24.230+0000] {logging_mixin.py:188} INFO - [2025-02-19T06:57:24.229+0000] {dag.py:3823} INFO - Setting next_dagrun for example_local_kubernetes_executor to None, run_after=None
[2025-02-19T06:57:24.462+0000] {processor.py:183} INFO - Processing /home/airflow/.local/lib/python3.10/site-packages/airflow/example_dags/example_local_kubernetes_executor.py took 0.585 seconds
[2025-02-19T06:58:51.675+0000] {processor.py:161} INFO - Started process (PID=608) to work on /home/airflow/.local/lib/python3.10/site-packages/airflow/example_dags/example_local_kubernetes_executor.py
[2025-02-19T06:58:51.678+0000] {processor.py:830} INFO - Processing file /home/airflow/.local/lib/python3.10/site-packages/airflow/example_dags/example_local_kubernetes_executor.py for tasks to queue
[2025-02-19T06:58:51.685+0000] {logging_mixin.py:188} INFO - [2025-02-19T06:58:51.679+0000] {dagbag.py:538} INFO - Filling up the DagBag from /home/airflow/.local/lib/python3.10/site-packages/airflow/example_dags/example_local_kubernetes_executor.py
[2025-02-19T06:58:51.726+0000] {processor.py:840} INFO - DAG(s) 'example_local_kubernetes_executor' retrieved from /home/airflow/.local/lib/python3.10/site-packages/airflow/example_dags/example_local_kubernetes_executor.py
[2025-02-19T06:58:51.819+0000] {logging_mixin.py:188} INFO - [2025-02-19T06:58:51.819+0000] {dag.py:3036} INFO - Sync 1 DAGs
[2025-02-19T06:58:51.846+0000] {logging_mixin.py:188} INFO - [2025-02-19T06:58:51.846+0000] {dag.py:3823} INFO - Setting next_dagrun for example_local_kubernetes_executor to None, run_after=None
[2025-02-19T06:58:51.970+0000] {processor.py:183} INFO - Processing /home/airflow/.local/lib/python3.10/site-packages/airflow/example_dags/example_local_kubernetes_executor.py took 0.301 seconds
[2025-02-19T07:00:43.168+0000] {processor.py:161} INFO - Started process (PID=673) to work on /home/airflow/.local/lib/python3.10/site-packages/airflow/example_dags/example_local_kubernetes_executor.py
[2025-02-19T07:00:43.172+0000] {processor.py:830} INFO - Processing file /home/airflow/.local/lib/python3.10/site-packages/airflow/example_dags/example_local_kubernetes_executor.py for tasks to queue
[2025-02-19T07:00:43.176+0000] {logging_mixin.py:188} INFO - [2025-02-19T07:00:43.175+0000] {dagbag.py:538} INFO - Filling up the DagBag from /home/airflow/.local/lib/python3.10/site-packages/airflow/example_dags/example_local_kubernetes_executor.py
[2025-02-19T07:00:43.199+0000] {processor.py:840} INFO - DAG(s) 'example_local_kubernetes_executor' retrieved from /home/airflow/.local/lib/python3.10/site-packages/airflow/example_dags/example_local_kubernetes_executor.py
[2025-02-19T07:00:43.291+0000] {logging_mixin.py:188} INFO - [2025-02-19T07:00:43.291+0000] {dag.py:3036} INFO - Sync 1 DAGs
[2025-02-19T07:00:43.324+0000] {logging_mixin.py:188} INFO - [2025-02-19T07:00:43.324+0000] {dag.py:3823} INFO - Setting next_dagrun for example_local_kubernetes_executor to None, run_after=None
[2025-02-19T07:00:43.548+0000] {processor.py:183} INFO - Processing /home/airflow/.local/lib/python3.10/site-packages/airflow/example_dags/example_local_kubernetes_executor.py took 0.387 seconds
[2025-02-19T07:02:23.064+0000] {processor.py:161} INFO - Started process (PID=733) to work on /home/airflow/.local/lib/python3.10/site-packages/airflow/example_dags/example_local_kubernetes_executor.py
[2025-02-19T07:02:23.069+0000] {processor.py:830} INFO - Processing file /home/airflow/.local/lib/python3.10/site-packages/airflow/example_dags/example_local_kubernetes_executor.py for tasks to queue
[2025-02-19T07:02:23.072+0000] {logging_mixin.py:188} INFO - [2025-02-19T07:02:23.071+0000] {dagbag.py:538} INFO - Filling up the DagBag from /home/airflow/.local/lib/python3.10/site-packages/airflow/example_dags/example_local_kubernetes_executor.py
[2025-02-19T07:02:23.097+0000] {processor.py:840} INFO - DAG(s) 'example_local_kubernetes_executor' retrieved from /home/airflow/.local/lib/python3.10/site-packages/airflow/example_dags/example_local_kubernetes_executor.py
[2025-02-19T07:02:23.211+0000] {logging_mixin.py:188} INFO - [2025-02-19T07:02:23.211+0000] {dag.py:3036} INFO - Sync 1 DAGs
[2025-02-19T07:02:23.250+0000] {logging_mixin.py:188} INFO - [2025-02-19T07:02:23.249+0000] {dag.py:3823} INFO - Setting next_dagrun for example_local_kubernetes_executor to None, run_after=None
[2025-02-19T07:02:23.389+0000] {processor.py:183} INFO - Processing /home/airflow/.local/lib/python3.10/site-packages/airflow/example_dags/example_local_kubernetes_executor.py took 0.334 seconds
[2025-02-19T07:03:57.768+0000] {processor.py:161} INFO - Started process (PID=793) to work on /home/airflow/.local/lib/python3.10/site-packages/airflow/example_dags/example_local_kubernetes_executor.py
[2025-02-19T07:03:57.772+0000] {processor.py:830} INFO - Processing file /home/airflow/.local/lib/python3.10/site-packages/airflow/example_dags/example_local_kubernetes_executor.py for tasks to queue
[2025-02-19T07:03:57.776+0000] {logging_mixin.py:188} INFO - [2025-02-19T07:03:57.775+0000] {dagbag.py:538} INFO - Filling up the DagBag from /home/airflow/.local/lib/python3.10/site-packages/airflow/example_dags/example_local_kubernetes_executor.py
[2025-02-19T07:03:57.811+0000] {processor.py:840} INFO - DAG(s) 'example_local_kubernetes_executor' retrieved from /home/airflow/.local/lib/python3.10/site-packages/airflow/example_dags/example_local_kubernetes_executor.py
[2025-02-19T07:03:57.957+0000] {logging_mixin.py:188} INFO - [2025-02-19T07:03:57.957+0000] {dag.py:3036} INFO - Sync 1 DAGs
[2025-02-19T07:03:57.999+0000] {logging_mixin.py:188} INFO - [2025-02-19T07:03:57.998+0000] {dag.py:3823} INFO - Setting next_dagrun for example_local_kubernetes_executor to None, run_after=None
[2025-02-19T07:03:58.168+0000] {processor.py:183} INFO - Processing /home/airflow/.local/lib/python3.10/site-packages/airflow/example_dags/example_local_kubernetes_executor.py took 0.410 seconds
[2025-02-19T07:07:01.145+0000] {processor.py:161} INFO - Started process (PID=864) to work on /home/airflow/.local/lib/python3.10/site-packages/airflow/example_dags/example_local_kubernetes_executor.py
[2025-02-19T07:07:01.150+0000] {processor.py:830} INFO - Processing file /home/airflow/.local/lib/python3.10/site-packages/airflow/example_dags/example_local_kubernetes_executor.py for tasks to queue
[2025-02-19T07:07:01.154+0000] {logging_mixin.py:188} INFO - [2025-02-19T07:07:01.152+0000] {dagbag.py:538} INFO - Filling up the DagBag from /home/airflow/.local/lib/python3.10/site-packages/airflow/example_dags/example_local_kubernetes_executor.py
[2025-02-19T07:07:01.221+0000] {processor.py:840} INFO - DAG(s) 'example_local_kubernetes_executor' retrieved from /home/airflow/.local/lib/python3.10/site-packages/airflow/example_dags/example_local_kubernetes_executor.py
[2025-02-19T07:07:01.529+0000] {logging_mixin.py:188} INFO - [2025-02-19T07:07:01.529+0000] {dag.py:3036} INFO - Sync 1 DAGs
[2025-02-19T07:07:01.698+0000] {logging_mixin.py:188} INFO - [2025-02-19T07:07:01.697+0000] {dag.py:3823} INFO - Setting next_dagrun for example_local_kubernetes_executor to None, run_after=None
[2025-02-19T07:07:02.064+0000] {processor.py:183} INFO - Processing /home/airflow/.local/lib/python3.10/site-packages/airflow/example_dags/example_local_kubernetes_executor.py took 0.938 seconds
