[2025-02-19T05:56:33.521+0000] {processor.py:161} INFO - Started process (PID=66) to work on /home/airflow/.local/lib/python3.10/site-packages/airflow/example_dags/example_complex.py
[2025-02-19T05:56:33.523+0000] {processor.py:830} INFO - Processing file /home/airflow/.local/lib/python3.10/site-packages/airflow/example_dags/example_complex.py for tasks to queue
[2025-02-19T05:56:33.536+0000] {logging_mixin.py:188} INFO - [2025-02-19T05:56:33.534+0000] {dagbag.py:538} INFO - Filling up the DagBag from /home/airflow/.local/lib/python3.10/site-packages/airflow/example_dags/example_complex.py
[2025-02-19T05:56:33.613+0000] {processor.py:840} INFO - DAG(s) 'example_complex' retrieved from /home/airflow/.local/lib/python3.10/site-packages/airflow/example_dags/example_complex.py
[2025-02-19T05:56:33.781+0000] {logging_mixin.py:188} INFO - [2025-02-19T05:56:33.780+0000] {dag.py:3036} INFO - Sync 1 DAGs
[2025-02-19T05:56:33.857+0000] {logging_mixin.py:188} INFO - [2025-02-19T05:56:33.857+0000] {dag.py:3823} INFO - Setting next_dagrun for example_complex to None, run_after=None
[2025-02-19T05:56:34.197+0000] {processor.py:183} INFO - Processing /home/airflow/.local/lib/python3.10/site-packages/airflow/example_dags/example_complex.py took 0.684 seconds
[2025-02-19T05:59:01.384+0000] {processor.py:161} INFO - Started process (PID=115) to work on /home/airflow/.local/lib/python3.10/site-packages/airflow/example_dags/example_complex.py
[2025-02-19T05:59:01.388+0000] {processor.py:830} INFO - Processing file /home/airflow/.local/lib/python3.10/site-packages/airflow/example_dags/example_complex.py for tasks to queue
[2025-02-19T05:59:01.390+0000] {logging_mixin.py:188} INFO - [2025-02-19T05:59:01.389+0000] {dagbag.py:538} INFO - Filling up the DagBag from /home/airflow/.local/lib/python3.10/site-packages/airflow/example_dags/example_complex.py
[2025-02-19T05:59:01.416+0000] {processor.py:840} INFO - DAG(s) 'example_complex' retrieved from /home/airflow/.local/lib/python3.10/site-packages/airflow/example_dags/example_complex.py
[2025-02-19T05:59:01.494+0000] {logging_mixin.py:188} INFO - [2025-02-19T05:59:01.494+0000] {dag.py:3036} INFO - Sync 1 DAGs
[2025-02-19T05:59:01.530+0000] {logging_mixin.py:188} INFO - [2025-02-19T05:59:01.529+0000] {dag.py:3823} INFO - Setting next_dagrun for example_complex to None, run_after=None
[2025-02-19T05:59:01.706+0000] {processor.py:183} INFO - Processing /home/airflow/.local/lib/python3.10/site-packages/airflow/example_dags/example_complex.py took 0.328 seconds
[2025-02-19T06:01:04.968+0000] {processor.py:161} INFO - Started process (PID=181) to work on /home/airflow/.local/lib/python3.10/site-packages/airflow/example_dags/example_complex.py
[2025-02-19T06:01:04.983+0000] {processor.py:830} INFO - Processing file /home/airflow/.local/lib/python3.10/site-packages/airflow/example_dags/example_complex.py for tasks to queue
[2025-02-19T06:01:04.988+0000] {logging_mixin.py:188} INFO - [2025-02-19T06:01:04.987+0000] {dagbag.py:538} INFO - Filling up the DagBag from /home/airflow/.local/lib/python3.10/site-packages/airflow/example_dags/example_complex.py
[2025-02-19T06:01:05.056+0000] {processor.py:840} INFO - DAG(s) 'example_complex' retrieved from /home/airflow/.local/lib/python3.10/site-packages/airflow/example_dags/example_complex.py
[2025-02-19T06:01:05.237+0000] {logging_mixin.py:188} INFO - [2025-02-19T06:01:05.237+0000] {dag.py:3036} INFO - Sync 1 DAGs
[2025-02-19T06:01:05.303+0000] {logging_mixin.py:188} INFO - [2025-02-19T06:01:05.302+0000] {dag.py:3823} INFO - Setting next_dagrun for example_complex to None, run_after=None
[2025-02-19T06:01:05.474+0000] {processor.py:183} INFO - Processing /home/airflow/.local/lib/python3.10/site-packages/airflow/example_dags/example_complex.py took 0.515 seconds
[2025-02-19T06:02:55.919+0000] {processor.py:161} INFO - Started process (PID=247) to work on /home/airflow/.local/lib/python3.10/site-packages/airflow/example_dags/example_complex.py
[2025-02-19T06:02:55.922+0000] {processor.py:830} INFO - Processing file /home/airflow/.local/lib/python3.10/site-packages/airflow/example_dags/example_complex.py for tasks to queue
[2025-02-19T06:02:55.924+0000] {logging_mixin.py:188} INFO - [2025-02-19T06:02:55.924+0000] {dagbag.py:538} INFO - Filling up the DagBag from /home/airflow/.local/lib/python3.10/site-packages/airflow/example_dags/example_complex.py
[2025-02-19T06:02:55.961+0000] {processor.py:840} INFO - DAG(s) 'example_complex' retrieved from /home/airflow/.local/lib/python3.10/site-packages/airflow/example_dags/example_complex.py
[2025-02-19T06:02:56.049+0000] {logging_mixin.py:188} INFO - [2025-02-19T06:02:56.049+0000] {dag.py:3036} INFO - Sync 1 DAGs
[2025-02-19T06:02:56.087+0000] {logging_mixin.py:188} INFO - [2025-02-19T06:02:56.086+0000] {dag.py:3823} INFO - Setting next_dagrun for example_complex to None, run_after=None
[2025-02-19T06:02:56.296+0000] {processor.py:183} INFO - Processing /home/airflow/.local/lib/python3.10/site-packages/airflow/example_dags/example_complex.py took 0.386 seconds
[2025-02-19T06:04:37.504+0000] {processor.py:161} INFO - Started process (PID=308) to work on /home/airflow/.local/lib/python3.10/site-packages/airflow/example_dags/example_complex.py
[2025-02-19T06:04:37.511+0000] {processor.py:830} INFO - Processing file /home/airflow/.local/lib/python3.10/site-packages/airflow/example_dags/example_complex.py for tasks to queue
[2025-02-19T06:04:37.514+0000] {logging_mixin.py:188} INFO - [2025-02-19T06:04:37.513+0000] {dagbag.py:538} INFO - Filling up the DagBag from /home/airflow/.local/lib/python3.10/site-packages/airflow/example_dags/example_complex.py
[2025-02-19T06:04:37.574+0000] {processor.py:840} INFO - DAG(s) 'example_complex' retrieved from /home/airflow/.local/lib/python3.10/site-packages/airflow/example_dags/example_complex.py
[2025-02-19T06:04:37.747+0000] {logging_mixin.py:188} INFO - [2025-02-19T06:04:37.746+0000] {dag.py:3036} INFO - Sync 1 DAGs
[2025-02-19T06:04:37.827+0000] {logging_mixin.py:188} INFO - [2025-02-19T06:04:37.826+0000] {dag.py:3823} INFO - Setting next_dagrun for example_complex to None, run_after=None
[2025-02-19T06:04:38.012+0000] {processor.py:183} INFO - Processing /home/airflow/.local/lib/python3.10/site-packages/airflow/example_dags/example_complex.py took 0.520 seconds
[2025-02-19T06:06:29.246+0000] {processor.py:161} INFO - Started process (PID=372) to work on /home/airflow/.local/lib/python3.10/site-packages/airflow/example_dags/example_complex.py
[2025-02-19T06:06:29.259+0000] {processor.py:830} INFO - Processing file /home/airflow/.local/lib/python3.10/site-packages/airflow/example_dags/example_complex.py for tasks to queue
[2025-02-19T06:06:29.263+0000] {logging_mixin.py:188} INFO - [2025-02-19T06:06:29.261+0000] {dagbag.py:538} INFO - Filling up the DagBag from /home/airflow/.local/lib/python3.10/site-packages/airflow/example_dags/example_complex.py
[2025-02-19T06:06:29.359+0000] {processor.py:840} INFO - DAG(s) 'example_complex' retrieved from /home/airflow/.local/lib/python3.10/site-packages/airflow/example_dags/example_complex.py
[2025-02-19T06:06:29.627+0000] {logging_mixin.py:188} INFO - [2025-02-19T06:06:29.627+0000] {dag.py:3036} INFO - Sync 1 DAGs
[2025-02-19T06:06:29.726+0000] {logging_mixin.py:188} INFO - [2025-02-19T06:06:29.726+0000] {dag.py:3823} INFO - Setting next_dagrun for example_complex to None, run_after=None
[2025-02-19T06:06:30.010+0000] {processor.py:183} INFO - Processing /home/airflow/.local/lib/python3.10/site-packages/airflow/example_dags/example_complex.py took 0.778 seconds
[2025-02-19T06:08:40.480+0000] {processor.py:161} INFO - Started process (PID=438) to work on /home/airflow/.local/lib/python3.10/site-packages/airflow/example_dags/example_complex.py
[2025-02-19T06:08:40.483+0000] {processor.py:830} INFO - Processing file /home/airflow/.local/lib/python3.10/site-packages/airflow/example_dags/example_complex.py for tasks to queue
[2025-02-19T06:08:40.486+0000] {logging_mixin.py:188} INFO - [2025-02-19T06:08:40.485+0000] {dagbag.py:538} INFO - Filling up the DagBag from /home/airflow/.local/lib/python3.10/site-packages/airflow/example_dags/example_complex.py
[2025-02-19T06:08:40.530+0000] {processor.py:840} INFO - DAG(s) 'example_complex' retrieved from /home/airflow/.local/lib/python3.10/site-packages/airflow/example_dags/example_complex.py
[2025-02-19T06:08:40.691+0000] {logging_mixin.py:188} INFO - [2025-02-19T06:08:40.691+0000] {dag.py:3036} INFO - Sync 1 DAGs
[2025-02-19T06:08:40.755+0000] {logging_mixin.py:188} INFO - [2025-02-19T06:08:40.754+0000] {dag.py:3823} INFO - Setting next_dagrun for example_complex to None, run_after=None
[2025-02-19T06:08:40.930+0000] {processor.py:183} INFO - Processing /home/airflow/.local/lib/python3.10/site-packages/airflow/example_dags/example_complex.py took 0.457 seconds
[2025-02-19T06:10:22.418+0000] {processor.py:161} INFO - Started process (PID=501) to work on /home/airflow/.local/lib/python3.10/site-packages/airflow/example_dags/example_complex.py
[2025-02-19T06:10:22.424+0000] {processor.py:830} INFO - Processing file /home/airflow/.local/lib/python3.10/site-packages/airflow/example_dags/example_complex.py for tasks to queue
[2025-02-19T06:10:22.427+0000] {logging_mixin.py:188} INFO - [2025-02-19T06:10:22.426+0000] {dagbag.py:538} INFO - Filling up the DagBag from /home/airflow/.local/lib/python3.10/site-packages/airflow/example_dags/example_complex.py
[2025-02-19T06:10:22.480+0000] {processor.py:840} INFO - DAG(s) 'example_complex' retrieved from /home/airflow/.local/lib/python3.10/site-packages/airflow/example_dags/example_complex.py
[2025-02-19T06:10:22.627+0000] {logging_mixin.py:188} INFO - [2025-02-19T06:10:22.626+0000] {dag.py:3036} INFO - Sync 1 DAGs
[2025-02-19T06:10:22.678+0000] {logging_mixin.py:188} INFO - [2025-02-19T06:10:22.677+0000] {dag.py:3823} INFO - Setting next_dagrun for example_complex to None, run_after=None
[2025-02-19T06:10:22.854+0000] {processor.py:183} INFO - Processing /home/airflow/.local/lib/python3.10/site-packages/airflow/example_dags/example_complex.py took 0.447 seconds
[2025-02-19T06:12:12.651+0000] {processor.py:161} INFO - Started process (PID=563) to work on /home/airflow/.local/lib/python3.10/site-packages/airflow/example_dags/example_complex.py
[2025-02-19T06:12:12.699+0000] {processor.py:830} INFO - Processing file /home/airflow/.local/lib/python3.10/site-packages/airflow/example_dags/example_complex.py for tasks to queue
[2025-02-19T06:12:12.724+0000] {logging_mixin.py:188} INFO - [2025-02-19T06:12:12.723+0000] {dagbag.py:538} INFO - Filling up the DagBag from /home/airflow/.local/lib/python3.10/site-packages/airflow/example_dags/example_complex.py
[2025-02-19T06:12:12.854+0000] {processor.py:840} INFO - DAG(s) 'example_complex' retrieved from /home/airflow/.local/lib/python3.10/site-packages/airflow/example_dags/example_complex.py
[2025-02-19T06:12:13.343+0000] {logging_mixin.py:188} INFO - [2025-02-19T06:12:13.343+0000] {dag.py:3036} INFO - Sync 1 DAGs
[2025-02-19T06:12:13.442+0000] {logging_mixin.py:188} INFO - [2025-02-19T06:12:13.441+0000] {dag.py:3823} INFO - Setting next_dagrun for example_complex to None, run_after=None
[2025-02-19T06:12:13.727+0000] {processor.py:183} INFO - Processing /home/airflow/.local/lib/python3.10/site-packages/airflow/example_dags/example_complex.py took 1.136 seconds
[2025-02-19T06:14:00.590+0000] {processor.py:161} INFO - Started process (PID=628) to work on /home/airflow/.local/lib/python3.10/site-packages/airflow/example_dags/example_complex.py
[2025-02-19T06:14:00.592+0000] {processor.py:830} INFO - Processing file /home/airflow/.local/lib/python3.10/site-packages/airflow/example_dags/example_complex.py for tasks to queue
[2025-02-19T06:14:00.595+0000] {logging_mixin.py:188} INFO - [2025-02-19T06:14:00.594+0000] {dagbag.py:538} INFO - Filling up the DagBag from /home/airflow/.local/lib/python3.10/site-packages/airflow/example_dags/example_complex.py
[2025-02-19T06:14:00.625+0000] {processor.py:840} INFO - DAG(s) 'example_complex' retrieved from /home/airflow/.local/lib/python3.10/site-packages/airflow/example_dags/example_complex.py
[2025-02-19T06:14:00.715+0000] {logging_mixin.py:188} INFO - [2025-02-19T06:14:00.715+0000] {dag.py:3036} INFO - Sync 1 DAGs
[2025-02-19T06:14:00.759+0000] {logging_mixin.py:188} INFO - [2025-02-19T06:14:00.759+0000] {dag.py:3823} INFO - Setting next_dagrun for example_complex to None, run_after=None
[2025-02-19T06:14:00.920+0000] {processor.py:183} INFO - Processing /home/airflow/.local/lib/python3.10/site-packages/airflow/example_dags/example_complex.py took 0.336 seconds
[2025-02-19T06:15:33.706+0000] {processor.py:161} INFO - Started process (PID=688) to work on /home/airflow/.local/lib/python3.10/site-packages/airflow/example_dags/example_complex.py
[2025-02-19T06:15:33.718+0000] {processor.py:830} INFO - Processing file /home/airflow/.local/lib/python3.10/site-packages/airflow/example_dags/example_complex.py for tasks to queue
[2025-02-19T06:15:33.721+0000] {logging_mixin.py:188} INFO - [2025-02-19T06:15:33.720+0000] {dagbag.py:538} INFO - Filling up the DagBag from /home/airflow/.local/lib/python3.10/site-packages/airflow/example_dags/example_complex.py
[2025-02-19T06:15:33.767+0000] {processor.py:840} INFO - DAG(s) 'example_complex' retrieved from /home/airflow/.local/lib/python3.10/site-packages/airflow/example_dags/example_complex.py
[2025-02-19T06:15:33.869+0000] {logging_mixin.py:188} INFO - [2025-02-19T06:15:33.869+0000] {dag.py:3036} INFO - Sync 1 DAGs
[2025-02-19T06:15:33.899+0000] {logging_mixin.py:188} INFO - [2025-02-19T06:15:33.899+0000] {dag.py:3823} INFO - Setting next_dagrun for example_complex to None, run_after=None
[2025-02-19T06:15:34.035+0000] {processor.py:183} INFO - Processing /home/airflow/.local/lib/python3.10/site-packages/airflow/example_dags/example_complex.py took 0.339 seconds
[2025-02-19T06:17:36.706+0000] {processor.py:161} INFO - Started process (PID=755) to work on /home/airflow/.local/lib/python3.10/site-packages/airflow/example_dags/example_complex.py
[2025-02-19T06:17:36.709+0000] {processor.py:830} INFO - Processing file /home/airflow/.local/lib/python3.10/site-packages/airflow/example_dags/example_complex.py for tasks to queue
[2025-02-19T06:17:36.712+0000] {logging_mixin.py:188} INFO - [2025-02-19T06:17:36.711+0000] {dagbag.py:538} INFO - Filling up the DagBag from /home/airflow/.local/lib/python3.10/site-packages/airflow/example_dags/example_complex.py
[2025-02-19T06:17:36.748+0000] {processor.py:840} INFO - DAG(s) 'example_complex' retrieved from /home/airflow/.local/lib/python3.10/site-packages/airflow/example_dags/example_complex.py
[2025-02-19T06:17:36.864+0000] {logging_mixin.py:188} INFO - [2025-02-19T06:17:36.863+0000] {dag.py:3036} INFO - Sync 1 DAGs
[2025-02-19T06:17:36.903+0000] {logging_mixin.py:188} INFO - [2025-02-19T06:17:36.902+0000] {dag.py:3823} INFO - Setting next_dagrun for example_complex to None, run_after=None
[2025-02-19T06:17:37.077+0000] {processor.py:183} INFO - Processing /home/airflow/.local/lib/python3.10/site-packages/airflow/example_dags/example_complex.py took 0.378 seconds
[2025-02-19T06:19:10.909+0000] {processor.py:161} INFO - Started process (PID=816) to work on /home/airflow/.local/lib/python3.10/site-packages/airflow/example_dags/example_complex.py
[2025-02-19T06:19:10.912+0000] {processor.py:830} INFO - Processing file /home/airflow/.local/lib/python3.10/site-packages/airflow/example_dags/example_complex.py for tasks to queue
[2025-02-19T06:19:10.914+0000] {logging_mixin.py:188} INFO - [2025-02-19T06:19:10.913+0000] {dagbag.py:538} INFO - Filling up the DagBag from /home/airflow/.local/lib/python3.10/site-packages/airflow/example_dags/example_complex.py
[2025-02-19T06:19:10.940+0000] {processor.py:840} INFO - DAG(s) 'example_complex' retrieved from /home/airflow/.local/lib/python3.10/site-packages/airflow/example_dags/example_complex.py
[2025-02-19T06:19:11.032+0000] {logging_mixin.py:188} INFO - [2025-02-19T06:19:11.031+0000] {dag.py:3036} INFO - Sync 1 DAGs
[2025-02-19T06:19:11.065+0000] {logging_mixin.py:188} INFO - [2025-02-19T06:19:11.065+0000] {dag.py:3823} INFO - Setting next_dagrun for example_complex to None, run_after=None
[2025-02-19T06:19:11.208+0000] {processor.py:183} INFO - Processing /home/airflow/.local/lib/python3.10/site-packages/airflow/example_dags/example_complex.py took 0.306 seconds
[2025-02-19T06:20:48.558+0000] {processor.py:161} INFO - Started process (PID=875) to work on /home/airflow/.local/lib/python3.10/site-packages/airflow/example_dags/example_complex.py
[2025-02-19T06:20:48.561+0000] {processor.py:830} INFO - Processing file /home/airflow/.local/lib/python3.10/site-packages/airflow/example_dags/example_complex.py for tasks to queue
[2025-02-19T06:20:48.564+0000] {logging_mixin.py:188} INFO - [2025-02-19T06:20:48.563+0000] {dagbag.py:538} INFO - Filling up the DagBag from /home/airflow/.local/lib/python3.10/site-packages/airflow/example_dags/example_complex.py
[2025-02-19T06:20:48.607+0000] {processor.py:840} INFO - DAG(s) 'example_complex' retrieved from /home/airflow/.local/lib/python3.10/site-packages/airflow/example_dags/example_complex.py
[2025-02-19T06:20:48.752+0000] {logging_mixin.py:188} INFO - [2025-02-19T06:20:48.751+0000] {dag.py:3036} INFO - Sync 1 DAGs
[2025-02-19T06:20:48.840+0000] {logging_mixin.py:188} INFO - [2025-02-19T06:20:48.840+0000] {dag.py:3823} INFO - Setting next_dagrun for example_complex to None, run_after=None
[2025-02-19T06:20:49.025+0000] {processor.py:183} INFO - Processing /home/airflow/.local/lib/python3.10/site-packages/airflow/example_dags/example_complex.py took 0.475 seconds
[2025-02-19T06:22:47.707+0000] {processor.py:161} INFO - Started process (PID=940) to work on /home/airflow/.local/lib/python3.10/site-packages/airflow/example_dags/example_complex.py
[2025-02-19T06:22:47.710+0000] {processor.py:830} INFO - Processing file /home/airflow/.local/lib/python3.10/site-packages/airflow/example_dags/example_complex.py for tasks to queue
[2025-02-19T06:22:47.721+0000] {logging_mixin.py:188} INFO - [2025-02-19T06:22:47.720+0000] {dagbag.py:538} INFO - Filling up the DagBag from /home/airflow/.local/lib/python3.10/site-packages/airflow/example_dags/example_complex.py
[2025-02-19T06:22:47.775+0000] {processor.py:840} INFO - DAG(s) 'example_complex' retrieved from /home/airflow/.local/lib/python3.10/site-packages/airflow/example_dags/example_complex.py
[2025-02-19T06:22:47.885+0000] {logging_mixin.py:188} INFO - [2025-02-19T06:22:47.884+0000] {dag.py:3036} INFO - Sync 1 DAGs
[2025-02-19T06:22:47.919+0000] {logging_mixin.py:188} INFO - [2025-02-19T06:22:47.918+0000] {dag.py:3823} INFO - Setting next_dagrun for example_complex to None, run_after=None
[2025-02-19T06:22:48.072+0000] {processor.py:183} INFO - Processing /home/airflow/.local/lib/python3.10/site-packages/airflow/example_dags/example_complex.py took 0.374 seconds
[2025-02-19T06:25:02.135+0000] {processor.py:161} INFO - Started process (PID=1008) to work on /home/airflow/.local/lib/python3.10/site-packages/airflow/example_dags/example_complex.py
[2025-02-19T06:25:02.138+0000] {processor.py:830} INFO - Processing file /home/airflow/.local/lib/python3.10/site-packages/airflow/example_dags/example_complex.py for tasks to queue
[2025-02-19T06:25:02.143+0000] {logging_mixin.py:188} INFO - [2025-02-19T06:25:02.141+0000] {dagbag.py:538} INFO - Filling up the DagBag from /home/airflow/.local/lib/python3.10/site-packages/airflow/example_dags/example_complex.py
[2025-02-19T06:25:02.170+0000] {processor.py:840} INFO - DAG(s) 'example_complex' retrieved from /home/airflow/.local/lib/python3.10/site-packages/airflow/example_dags/example_complex.py
[2025-02-19T06:25:02.247+0000] {logging_mixin.py:188} INFO - [2025-02-19T06:25:02.246+0000] {dag.py:3036} INFO - Sync 1 DAGs
[2025-02-19T06:25:02.307+0000] {logging_mixin.py:188} INFO - [2025-02-19T06:25:02.305+0000] {dag.py:3823} INFO - Setting next_dagrun for example_complex to None, run_after=None
[2025-02-19T06:25:02.518+0000] {processor.py:183} INFO - Processing /home/airflow/.local/lib/python3.10/site-packages/airflow/example_dags/example_complex.py took 0.391 seconds
[2025-02-19T06:30:53.770+0000] {processor.py:161} INFO - Started process (PID=66) to work on /home/airflow/.local/lib/python3.10/site-packages/airflow/example_dags/example_complex.py
[2025-02-19T06:30:53.774+0000] {processor.py:830} INFO - Processing file /home/airflow/.local/lib/python3.10/site-packages/airflow/example_dags/example_complex.py for tasks to queue
[2025-02-19T06:30:53.778+0000] {logging_mixin.py:188} INFO - [2025-02-19T06:30:53.776+0000] {dagbag.py:538} INFO - Filling up the DagBag from /home/airflow/.local/lib/python3.10/site-packages/airflow/example_dags/example_complex.py
[2025-02-19T06:30:53.824+0000] {processor.py:840} INFO - DAG(s) 'example_complex' retrieved from /home/airflow/.local/lib/python3.10/site-packages/airflow/example_dags/example_complex.py
[2025-02-19T06:30:53.971+0000] {logging_mixin.py:188} INFO - [2025-02-19T06:30:53.970+0000] {dag.py:3036} INFO - Sync 1 DAGs
[2025-02-19T06:30:54.049+0000] {logging_mixin.py:188} INFO - [2025-02-19T06:30:54.048+0000] {dag.py:3823} INFO - Setting next_dagrun for example_complex to None, run_after=None
[2025-02-19T06:30:54.288+0000] {processor.py:183} INFO - Processing /home/airflow/.local/lib/python3.10/site-packages/airflow/example_dags/example_complex.py took 0.525 seconds
[2025-02-19T06:33:10.868+0000] {processor.py:161} INFO - Started process (PID=134) to work on /home/airflow/.local/lib/python3.10/site-packages/airflow/example_dags/example_complex.py
[2025-02-19T06:33:10.872+0000] {processor.py:830} INFO - Processing file /home/airflow/.local/lib/python3.10/site-packages/airflow/example_dags/example_complex.py for tasks to queue
[2025-02-19T06:33:10.875+0000] {logging_mixin.py:188} INFO - [2025-02-19T06:33:10.874+0000] {dagbag.py:538} INFO - Filling up the DagBag from /home/airflow/.local/lib/python3.10/site-packages/airflow/example_dags/example_complex.py
[2025-02-19T06:33:10.915+0000] {processor.py:840} INFO - DAG(s) 'example_complex' retrieved from /home/airflow/.local/lib/python3.10/site-packages/airflow/example_dags/example_complex.py
[2025-02-19T06:33:11.090+0000] {logging_mixin.py:188} INFO - [2025-02-19T06:33:11.089+0000] {dag.py:3036} INFO - Sync 1 DAGs
[2025-02-19T06:33:11.170+0000] {logging_mixin.py:188} INFO - [2025-02-19T06:33:11.170+0000] {dag.py:3823} INFO - Setting next_dagrun for example_complex to None, run_after=None
[2025-02-19T06:33:11.390+0000] {processor.py:183} INFO - Processing /home/airflow/.local/lib/python3.10/site-packages/airflow/example_dags/example_complex.py took 0.530 seconds
[2025-02-19T06:34:56.525+0000] {processor.py:161} INFO - Started process (PID=197) to work on /home/airflow/.local/lib/python3.10/site-packages/airflow/example_dags/example_complex.py
[2025-02-19T06:34:56.530+0000] {processor.py:830} INFO - Processing file /home/airflow/.local/lib/python3.10/site-packages/airflow/example_dags/example_complex.py for tasks to queue
[2025-02-19T06:34:56.533+0000] {logging_mixin.py:188} INFO - [2025-02-19T06:34:56.532+0000] {dagbag.py:538} INFO - Filling up the DagBag from /home/airflow/.local/lib/python3.10/site-packages/airflow/example_dags/example_complex.py
[2025-02-19T06:34:56.577+0000] {processor.py:840} INFO - DAG(s) 'example_complex' retrieved from /home/airflow/.local/lib/python3.10/site-packages/airflow/example_dags/example_complex.py
[2025-02-19T06:34:56.714+0000] {logging_mixin.py:188} INFO - [2025-02-19T06:34:56.712+0000] {dag.py:3036} INFO - Sync 1 DAGs
[2025-02-19T06:34:56.748+0000] {logging_mixin.py:188} INFO - [2025-02-19T06:34:56.748+0000] {dag.py:3823} INFO - Setting next_dagrun for example_complex to None, run_after=None
[2025-02-19T06:34:56.883+0000] {processor.py:183} INFO - Processing /home/airflow/.local/lib/python3.10/site-packages/airflow/example_dags/example_complex.py took 0.367 seconds
[2025-02-19T06:36:39.506+0000] {processor.py:161} INFO - Started process (PID=258) to work on /home/airflow/.local/lib/python3.10/site-packages/airflow/example_dags/example_complex.py
[2025-02-19T06:36:39.512+0000] {processor.py:830} INFO - Processing file /home/airflow/.local/lib/python3.10/site-packages/airflow/example_dags/example_complex.py for tasks to queue
[2025-02-19T06:36:39.528+0000] {logging_mixin.py:188} INFO - [2025-02-19T06:36:39.527+0000] {dagbag.py:538} INFO - Filling up the DagBag from /home/airflow/.local/lib/python3.10/site-packages/airflow/example_dags/example_complex.py
[2025-02-19T06:36:39.631+0000] {processor.py:840} INFO - DAG(s) 'example_complex' retrieved from /home/airflow/.local/lib/python3.10/site-packages/airflow/example_dags/example_complex.py
[2025-02-19T06:36:39.826+0000] {logging_mixin.py:188} INFO - [2025-02-19T06:36:39.825+0000] {dag.py:3036} INFO - Sync 1 DAGs
[2025-02-19T06:36:39.929+0000] {logging_mixin.py:188} INFO - [2025-02-19T06:36:39.929+0000] {dag.py:3823} INFO - Setting next_dagrun for example_complex to None, run_after=None
[2025-02-19T06:36:40.537+0000] {processor.py:183} INFO - Processing /home/airflow/.local/lib/python3.10/site-packages/airflow/example_dags/example_complex.py took 1.050 seconds
[2025-02-19T06:38:23.922+0000] {processor.py:161} INFO - Started process (PID=322) to work on /home/airflow/.local/lib/python3.10/site-packages/airflow/example_dags/example_complex.py
[2025-02-19T06:38:23.934+0000] {processor.py:830} INFO - Processing file /home/airflow/.local/lib/python3.10/site-packages/airflow/example_dags/example_complex.py for tasks to queue
[2025-02-19T06:38:23.938+0000] {logging_mixin.py:188} INFO - [2025-02-19T06:38:23.936+0000] {dagbag.py:538} INFO - Filling up the DagBag from /home/airflow/.local/lib/python3.10/site-packages/airflow/example_dags/example_complex.py
[2025-02-19T06:38:24.014+0000] {processor.py:840} INFO - DAG(s) 'example_complex' retrieved from /home/airflow/.local/lib/python3.10/site-packages/airflow/example_dags/example_complex.py
[2025-02-19T06:38:24.189+0000] {logging_mixin.py:188} INFO - [2025-02-19T06:38:24.188+0000] {dag.py:3036} INFO - Sync 1 DAGs
[2025-02-19T06:38:24.251+0000] {logging_mixin.py:188} INFO - [2025-02-19T06:38:24.251+0000] {dag.py:3823} INFO - Setting next_dagrun for example_complex to None, run_after=None
[2025-02-19T06:38:24.403+0000] {processor.py:183} INFO - Processing /home/airflow/.local/lib/python3.10/site-packages/airflow/example_dags/example_complex.py took 0.492 seconds
[2025-02-19T06:40:43.444+0000] {processor.py:161} INFO - Started process (PID=387) to work on /home/airflow/.local/lib/python3.10/site-packages/airflow/example_dags/example_complex.py
[2025-02-19T06:40:43.447+0000] {processor.py:830} INFO - Processing file /home/airflow/.local/lib/python3.10/site-packages/airflow/example_dags/example_complex.py for tasks to queue
[2025-02-19T06:40:43.451+0000] {logging_mixin.py:188} INFO - [2025-02-19T06:40:43.450+0000] {dagbag.py:538} INFO - Filling up the DagBag from /home/airflow/.local/lib/python3.10/site-packages/airflow/example_dags/example_complex.py
[2025-02-19T06:40:43.485+0000] {processor.py:840} INFO - DAG(s) 'example_complex' retrieved from /home/airflow/.local/lib/python3.10/site-packages/airflow/example_dags/example_complex.py
[2025-02-19T06:40:43.582+0000] {logging_mixin.py:188} INFO - [2025-02-19T06:40:43.582+0000] {dag.py:3036} INFO - Sync 1 DAGs
[2025-02-19T06:40:43.618+0000] {logging_mixin.py:188} INFO - [2025-02-19T06:40:43.617+0000] {dag.py:3823} INFO - Setting next_dagrun for example_complex to None, run_after=None
[2025-02-19T06:40:43.784+0000] {processor.py:183} INFO - Processing /home/airflow/.local/lib/python3.10/site-packages/airflow/example_dags/example_complex.py took 0.346 seconds
[2025-02-19T06:44:15.107+0000] {processor.py:161} INFO - Started process (PID=66) to work on /home/airflow/.local/lib/python3.10/site-packages/airflow/example_dags/example_complex.py
[2025-02-19T06:44:15.112+0000] {processor.py:830} INFO - Processing file /home/airflow/.local/lib/python3.10/site-packages/airflow/example_dags/example_complex.py for tasks to queue
[2025-02-19T06:44:15.117+0000] {logging_mixin.py:188} INFO - [2025-02-19T06:44:15.116+0000] {dagbag.py:538} INFO - Filling up the DagBag from /home/airflow/.local/lib/python3.10/site-packages/airflow/example_dags/example_complex.py
[2025-02-19T06:44:15.165+0000] {processor.py:840} INFO - DAG(s) 'example_complex' retrieved from /home/airflow/.local/lib/python3.10/site-packages/airflow/example_dags/example_complex.py
[2025-02-19T06:44:15.298+0000] {logging_mixin.py:188} INFO - [2025-02-19T06:44:15.297+0000] {dag.py:3036} INFO - Sync 1 DAGs
[2025-02-19T06:44:15.339+0000] {logging_mixin.py:188} INFO - [2025-02-19T06:44:15.339+0000] {dag.py:3823} INFO - Setting next_dagrun for example_complex to None, run_after=None
[2025-02-19T06:44:15.537+0000] {processor.py:183} INFO - Processing /home/airflow/.local/lib/python3.10/site-packages/airflow/example_dags/example_complex.py took 0.440 seconds
[2025-02-19T06:46:02.789+0000] {processor.py:161} INFO - Started process (PID=129) to work on /home/airflow/.local/lib/python3.10/site-packages/airflow/example_dags/example_complex.py
[2025-02-19T06:46:02.792+0000] {processor.py:830} INFO - Processing file /home/airflow/.local/lib/python3.10/site-packages/airflow/example_dags/example_complex.py for tasks to queue
[2025-02-19T06:46:02.805+0000] {logging_mixin.py:188} INFO - [2025-02-19T06:46:02.804+0000] {dagbag.py:538} INFO - Filling up the DagBag from /home/airflow/.local/lib/python3.10/site-packages/airflow/example_dags/example_complex.py
[2025-02-19T06:46:02.867+0000] {processor.py:840} INFO - DAG(s) 'example_complex' retrieved from /home/airflow/.local/lib/python3.10/site-packages/airflow/example_dags/example_complex.py
[2025-02-19T06:46:03.118+0000] {logging_mixin.py:188} INFO - [2025-02-19T06:46:03.117+0000] {dag.py:3036} INFO - Sync 1 DAGs
[2025-02-19T06:46:03.234+0000] {logging_mixin.py:188} INFO - [2025-02-19T06:46:03.234+0000] {dag.py:3823} INFO - Setting next_dagrun for example_complex to None, run_after=None
[2025-02-19T06:46:03.426+0000] {processor.py:183} INFO - Processing /home/airflow/.local/lib/python3.10/site-packages/airflow/example_dags/example_complex.py took 0.649 seconds
[2025-02-19T06:47:48.455+0000] {processor.py:161} INFO - Started process (PID=190) to work on /home/airflow/.local/lib/python3.10/site-packages/airflow/example_dags/example_complex.py
[2025-02-19T06:47:48.457+0000] {processor.py:830} INFO - Processing file /home/airflow/.local/lib/python3.10/site-packages/airflow/example_dags/example_complex.py for tasks to queue
[2025-02-19T06:47:48.459+0000] {logging_mixin.py:188} INFO - [2025-02-19T06:47:48.458+0000] {dagbag.py:538} INFO - Filling up the DagBag from /home/airflow/.local/lib/python3.10/site-packages/airflow/example_dags/example_complex.py
[2025-02-19T06:47:48.483+0000] {processor.py:840} INFO - DAG(s) 'example_complex' retrieved from /home/airflow/.local/lib/python3.10/site-packages/airflow/example_dags/example_complex.py
[2025-02-19T06:47:48.547+0000] {logging_mixin.py:188} INFO - [2025-02-19T06:47:48.546+0000] {dag.py:3036} INFO - Sync 1 DAGs
[2025-02-19T06:47:48.570+0000] {logging_mixin.py:188} INFO - [2025-02-19T06:47:48.570+0000] {dag.py:3823} INFO - Setting next_dagrun for example_complex to None, run_after=None
[2025-02-19T06:47:48.671+0000] {processor.py:183} INFO - Processing /home/airflow/.local/lib/python3.10/site-packages/airflow/example_dags/example_complex.py took 0.220 seconds
[2025-02-19T06:49:25.786+0000] {processor.py:161} INFO - Started process (PID=251) to work on /home/airflow/.local/lib/python3.10/site-packages/airflow/example_dags/example_complex.py
[2025-02-19T06:49:25.802+0000] {processor.py:830} INFO - Processing file /home/airflow/.local/lib/python3.10/site-packages/airflow/example_dags/example_complex.py for tasks to queue
[2025-02-19T06:49:25.806+0000] {logging_mixin.py:188} INFO - [2025-02-19T06:49:25.805+0000] {dagbag.py:538} INFO - Filling up the DagBag from /home/airflow/.local/lib/python3.10/site-packages/airflow/example_dags/example_complex.py
[2025-02-19T06:49:25.899+0000] {processor.py:840} INFO - DAG(s) 'example_complex' retrieved from /home/airflow/.local/lib/python3.10/site-packages/airflow/example_dags/example_complex.py
[2025-02-19T06:49:26.138+0000] {logging_mixin.py:188} INFO - [2025-02-19T06:49:26.138+0000] {dag.py:3036} INFO - Sync 1 DAGs
[2025-02-19T06:49:26.224+0000] {logging_mixin.py:188} INFO - [2025-02-19T06:49:26.224+0000] {dag.py:3823} INFO - Setting next_dagrun for example_complex to None, run_after=None
[2025-02-19T06:49:26.447+0000] {processor.py:183} INFO - Processing /home/airflow/.local/lib/python3.10/site-packages/airflow/example_dags/example_complex.py took 0.669 seconds
[2025-02-19T06:51:07.976+0000] {processor.py:161} INFO - Started process (PID=314) to work on /home/airflow/.local/lib/python3.10/site-packages/airflow/example_dags/example_complex.py
[2025-02-19T06:51:07.977+0000] {processor.py:830} INFO - Processing file /home/airflow/.local/lib/python3.10/site-packages/airflow/example_dags/example_complex.py for tasks to queue
[2025-02-19T06:51:07.979+0000] {logging_mixin.py:188} INFO - [2025-02-19T06:51:07.979+0000] {dagbag.py:538} INFO - Filling up the DagBag from /home/airflow/.local/lib/python3.10/site-packages/airflow/example_dags/example_complex.py
[2025-02-19T06:51:08.003+0000] {processor.py:840} INFO - DAG(s) 'example_complex' retrieved from /home/airflow/.local/lib/python3.10/site-packages/airflow/example_dags/example_complex.py
[2025-02-19T06:51:08.077+0000] {logging_mixin.py:188} INFO - [2025-02-19T06:51:08.077+0000] {dag.py:3036} INFO - Sync 1 DAGs
[2025-02-19T06:51:08.124+0000] {logging_mixin.py:188} INFO - [2025-02-19T06:51:08.123+0000] {dag.py:3823} INFO - Setting next_dagrun for example_complex to None, run_after=None
[2025-02-19T06:51:08.277+0000] {processor.py:183} INFO - Processing /home/airflow/.local/lib/python3.10/site-packages/airflow/example_dags/example_complex.py took 0.305 seconds
[2025-02-19T06:52:56.930+0000] {processor.py:161} INFO - Started process (PID=379) to work on /home/airflow/.local/lib/python3.10/site-packages/airflow/example_dags/example_complex.py
[2025-02-19T06:52:56.933+0000] {processor.py:830} INFO - Processing file /home/airflow/.local/lib/python3.10/site-packages/airflow/example_dags/example_complex.py for tasks to queue
[2025-02-19T06:52:56.935+0000] {logging_mixin.py:188} INFO - [2025-02-19T06:52:56.935+0000] {dagbag.py:538} INFO - Filling up the DagBag from /home/airflow/.local/lib/python3.10/site-packages/airflow/example_dags/example_complex.py
[2025-02-19T06:52:56.961+0000] {processor.py:840} INFO - DAG(s) 'example_complex' retrieved from /home/airflow/.local/lib/python3.10/site-packages/airflow/example_dags/example_complex.py
[2025-02-19T06:52:57.044+0000] {logging_mixin.py:188} INFO - [2025-02-19T06:52:57.044+0000] {dag.py:3036} INFO - Sync 1 DAGs
[2025-02-19T06:52:57.072+0000] {logging_mixin.py:188} INFO - [2025-02-19T06:52:57.071+0000] {dag.py:3823} INFO - Setting next_dagrun for example_complex to None, run_after=None
[2025-02-19T06:52:57.208+0000] {processor.py:183} INFO - Processing /home/airflow/.local/lib/python3.10/site-packages/airflow/example_dags/example_complex.py took 0.283 seconds
[2025-02-19T06:54:30.329+0000] {processor.py:161} INFO - Started process (PID=438) to work on /home/airflow/.local/lib/python3.10/site-packages/airflow/example_dags/example_complex.py
[2025-02-19T06:54:30.338+0000] {processor.py:830} INFO - Processing file /home/airflow/.local/lib/python3.10/site-packages/airflow/example_dags/example_complex.py for tasks to queue
[2025-02-19T06:54:30.341+0000] {logging_mixin.py:188} INFO - [2025-02-19T06:54:30.340+0000] {dagbag.py:538} INFO - Filling up the DagBag from /home/airflow/.local/lib/python3.10/site-packages/airflow/example_dags/example_complex.py
[2025-02-19T06:54:30.379+0000] {processor.py:840} INFO - DAG(s) 'example_complex' retrieved from /home/airflow/.local/lib/python3.10/site-packages/airflow/example_dags/example_complex.py
[2025-02-19T06:54:30.490+0000] {logging_mixin.py:188} INFO - [2025-02-19T06:54:30.490+0000] {dag.py:3036} INFO - Sync 1 DAGs
[2025-02-19T06:54:30.519+0000] {logging_mixin.py:188} INFO - [2025-02-19T06:54:30.519+0000] {dag.py:3823} INFO - Setting next_dagrun for example_complex to None, run_after=None
[2025-02-19T06:54:30.660+0000] {processor.py:183} INFO - Processing /home/airflow/.local/lib/python3.10/site-packages/airflow/example_dags/example_complex.py took 0.340 seconds
[2025-02-19T06:55:49.292+0000] {processor.py:161} INFO - Started process (PID=493) to work on /home/airflow/.local/lib/python3.10/site-packages/airflow/example_dags/example_complex.py
[2025-02-19T06:55:49.293+0000] {processor.py:830} INFO - Processing file /home/airflow/.local/lib/python3.10/site-packages/airflow/example_dags/example_complex.py for tasks to queue
[2025-02-19T06:55:49.297+0000] {logging_mixin.py:188} INFO - [2025-02-19T06:55:49.296+0000] {dagbag.py:538} INFO - Filling up the DagBag from /home/airflow/.local/lib/python3.10/site-packages/airflow/example_dags/example_complex.py
[2025-02-19T06:55:49.317+0000] {processor.py:840} INFO - DAG(s) 'example_complex' retrieved from /home/airflow/.local/lib/python3.10/site-packages/airflow/example_dags/example_complex.py
[2025-02-19T06:55:49.389+0000] {logging_mixin.py:188} INFO - [2025-02-19T06:55:49.389+0000] {dag.py:3036} INFO - Sync 1 DAGs
[2025-02-19T06:55:49.416+0000] {logging_mixin.py:188} INFO - [2025-02-19T06:55:49.416+0000] {dag.py:3823} INFO - Setting next_dagrun for example_complex to None, run_after=None
[2025-02-19T06:55:49.550+0000] {processor.py:183} INFO - Processing /home/airflow/.local/lib/python3.10/site-packages/airflow/example_dags/example_complex.py took 0.264 seconds
[2025-02-19T06:57:26.904+0000] {processor.py:161} INFO - Started process (PID=552) to work on /home/airflow/.local/lib/python3.10/site-packages/airflow/example_dags/example_complex.py
[2025-02-19T06:57:26.922+0000] {processor.py:830} INFO - Processing file /home/airflow/.local/lib/python3.10/site-packages/airflow/example_dags/example_complex.py for tasks to queue
[2025-02-19T06:57:26.931+0000] {logging_mixin.py:188} INFO - [2025-02-19T06:57:26.930+0000] {dagbag.py:538} INFO - Filling up the DagBag from /home/airflow/.local/lib/python3.10/site-packages/airflow/example_dags/example_complex.py
[2025-02-19T06:57:27.028+0000] {processor.py:840} INFO - DAG(s) 'example_complex' retrieved from /home/airflow/.local/lib/python3.10/site-packages/airflow/example_dags/example_complex.py
[2025-02-19T06:57:27.292+0000] {logging_mixin.py:188} INFO - [2025-02-19T06:57:27.291+0000] {dag.py:3036} INFO - Sync 1 DAGs
[2025-02-19T06:57:27.436+0000] {logging_mixin.py:188} INFO - [2025-02-19T06:57:27.435+0000] {dag.py:3823} INFO - Setting next_dagrun for example_complex to None, run_after=None
[2025-02-19T06:57:27.815+0000] {processor.py:183} INFO - Processing /home/airflow/.local/lib/python3.10/site-packages/airflow/example_dags/example_complex.py took 0.922 seconds
[2025-02-19T06:58:54.925+0000] {processor.py:161} INFO - Started process (PID=610) to work on /home/airflow/.local/lib/python3.10/site-packages/airflow/example_dags/example_complex.py
[2025-02-19T06:58:54.927+0000] {processor.py:830} INFO - Processing file /home/airflow/.local/lib/python3.10/site-packages/airflow/example_dags/example_complex.py for tasks to queue
[2025-02-19T06:58:54.929+0000] {logging_mixin.py:188} INFO - [2025-02-19T06:58:54.928+0000] {dagbag.py:538} INFO - Filling up the DagBag from /home/airflow/.local/lib/python3.10/site-packages/airflow/example_dags/example_complex.py
[2025-02-19T06:58:54.949+0000] {processor.py:840} INFO - DAG(s) 'example_complex' retrieved from /home/airflow/.local/lib/python3.10/site-packages/airflow/example_dags/example_complex.py
[2025-02-19T06:58:55.028+0000] {logging_mixin.py:188} INFO - [2025-02-19T06:58:55.027+0000] {dag.py:3036} INFO - Sync 1 DAGs
[2025-02-19T06:58:55.056+0000] {logging_mixin.py:188} INFO - [2025-02-19T06:58:55.056+0000] {dag.py:3823} INFO - Setting next_dagrun for example_complex to None, run_after=None
[2025-02-19T06:58:55.169+0000] {processor.py:183} INFO - Processing /home/airflow/.local/lib/python3.10/site-packages/airflow/example_dags/example_complex.py took 0.250 seconds
[2025-02-19T07:00:46.499+0000] {processor.py:161} INFO - Started process (PID=675) to work on /home/airflow/.local/lib/python3.10/site-packages/airflow/example_dags/example_complex.py
[2025-02-19T07:00:46.501+0000] {processor.py:830} INFO - Processing file /home/airflow/.local/lib/python3.10/site-packages/airflow/example_dags/example_complex.py for tasks to queue
[2025-02-19T07:00:46.506+0000] {logging_mixin.py:188} INFO - [2025-02-19T07:00:46.504+0000] {dagbag.py:538} INFO - Filling up the DagBag from /home/airflow/.local/lib/python3.10/site-packages/airflow/example_dags/example_complex.py
[2025-02-19T07:00:46.542+0000] {processor.py:840} INFO - DAG(s) 'example_complex' retrieved from /home/airflow/.local/lib/python3.10/site-packages/airflow/example_dags/example_complex.py
[2025-02-19T07:00:46.639+0000] {logging_mixin.py:188} INFO - [2025-02-19T07:00:46.639+0000] {dag.py:3036} INFO - Sync 1 DAGs
[2025-02-19T07:00:46.674+0000] {logging_mixin.py:188} INFO - [2025-02-19T07:00:46.674+0000] {dag.py:3823} INFO - Setting next_dagrun for example_complex to None, run_after=None
[2025-02-19T07:00:46.863+0000] {processor.py:183} INFO - Processing /home/airflow/.local/lib/python3.10/site-packages/airflow/example_dags/example_complex.py took 0.373 seconds
[2025-02-19T07:02:26.616+0000] {processor.py:161} INFO - Started process (PID=735) to work on /home/airflow/.local/lib/python3.10/site-packages/airflow/example_dags/example_complex.py
[2025-02-19T07:02:26.619+0000] {processor.py:830} INFO - Processing file /home/airflow/.local/lib/python3.10/site-packages/airflow/example_dags/example_complex.py for tasks to queue
[2025-02-19T07:02:26.624+0000] {logging_mixin.py:188} INFO - [2025-02-19T07:02:26.621+0000] {dagbag.py:538} INFO - Filling up the DagBag from /home/airflow/.local/lib/python3.10/site-packages/airflow/example_dags/example_complex.py
[2025-02-19T07:02:26.659+0000] {processor.py:840} INFO - DAG(s) 'example_complex' retrieved from /home/airflow/.local/lib/python3.10/site-packages/airflow/example_dags/example_complex.py
[2025-02-19T07:02:26.784+0000] {logging_mixin.py:188} INFO - [2025-02-19T07:02:26.783+0000] {dag.py:3036} INFO - Sync 1 DAGs
[2025-02-19T07:02:26.828+0000] {logging_mixin.py:188} INFO - [2025-02-19T07:02:26.827+0000] {dag.py:3823} INFO - Setting next_dagrun for example_complex to None, run_after=None
[2025-02-19T07:02:26.959+0000] {processor.py:183} INFO - Processing /home/airflow/.local/lib/python3.10/site-packages/airflow/example_dags/example_complex.py took 0.351 seconds
[2025-02-19T07:04:01.658+0000] {processor.py:161} INFO - Started process (PID=795) to work on /home/airflow/.local/lib/python3.10/site-packages/airflow/example_dags/example_complex.py
[2025-02-19T07:04:01.670+0000] {processor.py:830} INFO - Processing file /home/airflow/.local/lib/python3.10/site-packages/airflow/example_dags/example_complex.py for tasks to queue
[2025-02-19T07:04:01.674+0000] {logging_mixin.py:188} INFO - [2025-02-19T07:04:01.673+0000] {dagbag.py:538} INFO - Filling up the DagBag from /home/airflow/.local/lib/python3.10/site-packages/airflow/example_dags/example_complex.py
[2025-02-19T07:04:01.741+0000] {processor.py:840} INFO - DAG(s) 'example_complex' retrieved from /home/airflow/.local/lib/python3.10/site-packages/airflow/example_dags/example_complex.py
[2025-02-19T07:04:01.945+0000] {logging_mixin.py:188} INFO - [2025-02-19T07:04:01.944+0000] {dag.py:3036} INFO - Sync 1 DAGs
[2025-02-19T07:04:02.021+0000] {logging_mixin.py:188} INFO - [2025-02-19T07:04:02.020+0000] {dag.py:3823} INFO - Setting next_dagrun for example_complex to None, run_after=None
[2025-02-19T07:04:02.220+0000] {processor.py:183} INFO - Processing /home/airflow/.local/lib/python3.10/site-packages/airflow/example_dags/example_complex.py took 0.586 seconds
[2025-02-19T07:07:05.142+0000] {processor.py:161} INFO - Started process (PID=866) to work on /home/airflow/.local/lib/python3.10/site-packages/airflow/example_dags/example_complex.py
[2025-02-19T07:07:05.156+0000] {processor.py:830} INFO - Processing file /home/airflow/.local/lib/python3.10/site-packages/airflow/example_dags/example_complex.py for tasks to queue
[2025-02-19T07:07:05.159+0000] {logging_mixin.py:188} INFO - [2025-02-19T07:07:05.158+0000] {dagbag.py:538} INFO - Filling up the DagBag from /home/airflow/.local/lib/python3.10/site-packages/airflow/example_dags/example_complex.py
[2025-02-19T07:07:05.267+0000] {processor.py:840} INFO - DAG(s) 'example_complex' retrieved from /home/airflow/.local/lib/python3.10/site-packages/airflow/example_dags/example_complex.py
[2025-02-19T07:07:05.582+0000] {logging_mixin.py:188} INFO - [2025-02-19T07:07:05.581+0000] {dag.py:3036} INFO - Sync 1 DAGs
[2025-02-19T07:07:05.769+0000] {logging_mixin.py:188} INFO - [2025-02-19T07:07:05.769+0000] {dag.py:3823} INFO - Setting next_dagrun for example_complex to None, run_after=None
[2025-02-19T07:07:06.410+0000] {processor.py:183} INFO - Processing /home/airflow/.local/lib/python3.10/site-packages/airflow/example_dags/example_complex.py took 1.284 seconds
