[2025-02-19T05:56:31.622+0000] {processor.py:161} INFO - Started process (PID=65) to work on /home/airflow/.local/lib/python3.10/site-packages/airflow/example_dags/example_dynamic_task_mapping.py
[2025-02-19T05:56:31.632+0000] {processor.py:830} INFO - Processing file /home/airflow/.local/lib/python3.10/site-packages/airflow/example_dags/example_dynamic_task_mapping.py for tasks to queue
[2025-02-19T05:56:31.640+0000] {logging_mixin.py:188} INFO - [2025-02-19T05:56:31.637+0000] {dagbag.py:538} INFO - Filling up the DagBag from /home/airflow/.local/lib/python3.10/site-packages/airflow/example_dags/example_dynamic_task_mapping.py
[2025-02-19T05:56:31.667+0000] {processor.py:840} INFO - DAG(s) 'example_dynamic_task_mapping' retrieved from /home/airflow/.local/lib/python3.10/site-packages/airflow/example_dags/example_dynamic_task_mapping.py
[2025-02-19T05:56:31.790+0000] {logging_mixin.py:188} INFO - [2025-02-19T05:56:31.789+0000] {dag.py:3036} INFO - Sync 1 DAGs
[2025-02-19T05:56:31.900+0000] {logging_mixin.py:188} INFO - [2025-02-19T05:56:31.900+0000] {dag.py:3823} INFO - Setting next_dagrun for example_dynamic_task_mapping to 2022-03-04 00:00:00+00:00, run_after=2022-03-05 00:00:00+00:00
[2025-02-19T05:56:32.134+0000] {processor.py:183} INFO - Processing /home/airflow/.local/lib/python3.10/site-packages/airflow/example_dags/example_dynamic_task_mapping.py took 0.520 seconds
[2025-02-19T05:58:59.442+0000] {processor.py:161} INFO - Started process (PID=114) to work on /home/airflow/.local/lib/python3.10/site-packages/airflow/example_dags/example_dynamic_task_mapping.py
[2025-02-19T05:58:59.446+0000] {processor.py:830} INFO - Processing file /home/airflow/.local/lib/python3.10/site-packages/airflow/example_dags/example_dynamic_task_mapping.py for tasks to queue
[2025-02-19T05:58:59.449+0000] {logging_mixin.py:188} INFO - [2025-02-19T05:58:59.448+0000] {dagbag.py:538} INFO - Filling up the DagBag from /home/airflow/.local/lib/python3.10/site-packages/airflow/example_dags/example_dynamic_task_mapping.py
[2025-02-19T05:58:59.488+0000] {processor.py:840} INFO - DAG(s) 'example_dynamic_task_mapping' retrieved from /home/airflow/.local/lib/python3.10/site-packages/airflow/example_dags/example_dynamic_task_mapping.py
[2025-02-19T05:58:59.571+0000] {logging_mixin.py:188} INFO - [2025-02-19T05:58:59.570+0000] {dag.py:3036} INFO - Sync 1 DAGs
[2025-02-19T05:58:59.677+0000] {logging_mixin.py:188} INFO - [2025-02-19T05:58:59.676+0000] {dag.py:3823} INFO - Setting next_dagrun for example_dynamic_task_mapping to 2022-03-04 00:00:00+00:00, run_after=2022-03-05 00:00:00+00:00
[2025-02-19T05:58:59.866+0000] {processor.py:183} INFO - Processing /home/airflow/.local/lib/python3.10/site-packages/airflow/example_dags/example_dynamic_task_mapping.py took 0.443 seconds
[2025-02-19T06:01:03.508+0000] {processor.py:161} INFO - Started process (PID=180) to work on /home/airflow/.local/lib/python3.10/site-packages/airflow/example_dags/example_dynamic_task_mapping.py
[2025-02-19T06:01:03.511+0000] {processor.py:830} INFO - Processing file /home/airflow/.local/lib/python3.10/site-packages/airflow/example_dags/example_dynamic_task_mapping.py for tasks to queue
[2025-02-19T06:01:03.553+0000] {logging_mixin.py:188} INFO - [2025-02-19T06:01:03.552+0000] {dagbag.py:538} INFO - Filling up the DagBag from /home/airflow/.local/lib/python3.10/site-packages/airflow/example_dags/example_dynamic_task_mapping.py
[2025-02-19T06:01:03.620+0000] {processor.py:840} INFO - DAG(s) 'example_dynamic_task_mapping' retrieved from /home/airflow/.local/lib/python3.10/site-packages/airflow/example_dags/example_dynamic_task_mapping.py
[2025-02-19T06:01:03.707+0000] {logging_mixin.py:188} INFO - [2025-02-19T06:01:03.706+0000] {dag.py:3036} INFO - Sync 1 DAGs
[2025-02-19T06:01:03.838+0000] {logging_mixin.py:188} INFO - [2025-02-19T06:01:03.838+0000] {dag.py:3823} INFO - Setting next_dagrun for example_dynamic_task_mapping to 2022-03-04 00:00:00+00:00, run_after=2022-03-05 00:00:00+00:00
[2025-02-19T06:01:04.172+0000] {processor.py:183} INFO - Processing /home/airflow/.local/lib/python3.10/site-packages/airflow/example_dags/example_dynamic_task_mapping.py took 0.681 seconds
[2025-02-19T06:02:54.226+0000] {processor.py:161} INFO - Started process (PID=246) to work on /home/airflow/.local/lib/python3.10/site-packages/airflow/example_dags/example_dynamic_task_mapping.py
[2025-02-19T06:02:54.231+0000] {processor.py:830} INFO - Processing file /home/airflow/.local/lib/python3.10/site-packages/airflow/example_dags/example_dynamic_task_mapping.py for tasks to queue
[2025-02-19T06:02:54.239+0000] {logging_mixin.py:188} INFO - [2025-02-19T06:02:54.238+0000] {dagbag.py:538} INFO - Filling up the DagBag from /home/airflow/.local/lib/python3.10/site-packages/airflow/example_dags/example_dynamic_task_mapping.py
[2025-02-19T06:02:54.277+0000] {processor.py:840} INFO - DAG(s) 'example_dynamic_task_mapping' retrieved from /home/airflow/.local/lib/python3.10/site-packages/airflow/example_dags/example_dynamic_task_mapping.py
[2025-02-19T06:02:54.370+0000] {logging_mixin.py:188} INFO - [2025-02-19T06:02:54.370+0000] {dag.py:3036} INFO - Sync 1 DAGs
[2025-02-19T06:02:54.419+0000] {logging_mixin.py:188} INFO - [2025-02-19T06:02:54.418+0000] {dag.py:3823} INFO - Setting next_dagrun for example_dynamic_task_mapping to 2022-03-04 00:00:00+00:00, run_after=2022-03-05 00:00:00+00:00
[2025-02-19T06:02:54.544+0000] {processor.py:183} INFO - Processing /home/airflow/.local/lib/python3.10/site-packages/airflow/example_dags/example_dynamic_task_mapping.py took 0.325 seconds
[2025-02-19T06:04:35.867+0000] {processor.py:161} INFO - Started process (PID=307) to work on /home/airflow/.local/lib/python3.10/site-packages/airflow/example_dags/example_dynamic_task_mapping.py
[2025-02-19T06:04:35.870+0000] {processor.py:830} INFO - Processing file /home/airflow/.local/lib/python3.10/site-packages/airflow/example_dags/example_dynamic_task_mapping.py for tasks to queue
[2025-02-19T06:04:35.872+0000] {logging_mixin.py:188} INFO - [2025-02-19T06:04:35.872+0000] {dagbag.py:538} INFO - Filling up the DagBag from /home/airflow/.local/lib/python3.10/site-packages/airflow/example_dags/example_dynamic_task_mapping.py
[2025-02-19T06:04:35.894+0000] {processor.py:840} INFO - DAG(s) 'example_dynamic_task_mapping' retrieved from /home/airflow/.local/lib/python3.10/site-packages/airflow/example_dags/example_dynamic_task_mapping.py
[2025-02-19T06:04:35.951+0000] {logging_mixin.py:188} INFO - [2025-02-19T06:04:35.951+0000] {dag.py:3036} INFO - Sync 1 DAGs
[2025-02-19T06:04:36.033+0000] {logging_mixin.py:188} INFO - [2025-02-19T06:04:36.032+0000] {dag.py:3823} INFO - Setting next_dagrun for example_dynamic_task_mapping to 2022-03-04 00:00:00+00:00, run_after=2022-03-05 00:00:00+00:00
[2025-02-19T06:04:36.175+0000] {processor.py:183} INFO - Processing /home/airflow/.local/lib/python3.10/site-packages/airflow/example_dags/example_dynamic_task_mapping.py took 0.316 seconds
[2025-02-19T06:06:27.990+0000] {processor.py:161} INFO - Started process (PID=371) to work on /home/airflow/.local/lib/python3.10/site-packages/airflow/example_dags/example_dynamic_task_mapping.py
[2025-02-19T06:06:28.001+0000] {processor.py:830} INFO - Processing file /home/airflow/.local/lib/python3.10/site-packages/airflow/example_dags/example_dynamic_task_mapping.py for tasks to queue
[2025-02-19T06:06:28.004+0000] {logging_mixin.py:188} INFO - [2025-02-19T06:06:28.003+0000] {dagbag.py:538} INFO - Filling up the DagBag from /home/airflow/.local/lib/python3.10/site-packages/airflow/example_dags/example_dynamic_task_mapping.py
[2025-02-19T06:06:28.034+0000] {processor.py:840} INFO - DAG(s) 'example_dynamic_task_mapping' retrieved from /home/airflow/.local/lib/python3.10/site-packages/airflow/example_dags/example_dynamic_task_mapping.py
[2025-02-19T06:06:28.129+0000] {logging_mixin.py:188} INFO - [2025-02-19T06:06:28.128+0000] {dag.py:3036} INFO - Sync 1 DAGs
[2025-02-19T06:06:28.241+0000] {logging_mixin.py:188} INFO - [2025-02-19T06:06:28.241+0000] {dag.py:3823} INFO - Setting next_dagrun for example_dynamic_task_mapping to 2022-03-04 00:00:00+00:00, run_after=2022-03-05 00:00:00+00:00
[2025-02-19T06:06:28.458+0000] {processor.py:183} INFO - Processing /home/airflow/.local/lib/python3.10/site-packages/airflow/example_dags/example_dynamic_task_mapping.py took 0.480 seconds
[2025-02-19T06:08:38.765+0000] {processor.py:161} INFO - Started process (PID=437) to work on /home/airflow/.local/lib/python3.10/site-packages/airflow/example_dags/example_dynamic_task_mapping.py
[2025-02-19T06:08:38.768+0000] {processor.py:830} INFO - Processing file /home/airflow/.local/lib/python3.10/site-packages/airflow/example_dags/example_dynamic_task_mapping.py for tasks to queue
[2025-02-19T06:08:38.777+0000] {logging_mixin.py:188} INFO - [2025-02-19T06:08:38.771+0000] {dagbag.py:538} INFO - Filling up the DagBag from /home/airflow/.local/lib/python3.10/site-packages/airflow/example_dags/example_dynamic_task_mapping.py
[2025-02-19T06:08:38.805+0000] {processor.py:840} INFO - DAG(s) 'example_dynamic_task_mapping' retrieved from /home/airflow/.local/lib/python3.10/site-packages/airflow/example_dags/example_dynamic_task_mapping.py
[2025-02-19T06:08:38.895+0000] {logging_mixin.py:188} INFO - [2025-02-19T06:08:38.894+0000] {dag.py:3036} INFO - Sync 1 DAGs
[2025-02-19T06:08:39.003+0000] {logging_mixin.py:188} INFO - [2025-02-19T06:08:39.003+0000] {dag.py:3823} INFO - Setting next_dagrun for example_dynamic_task_mapping to 2022-03-04 00:00:00+00:00, run_after=2022-03-05 00:00:00+00:00
[2025-02-19T06:08:39.176+0000] {processor.py:183} INFO - Processing /home/airflow/.local/lib/python3.10/site-packages/airflow/example_dags/example_dynamic_task_mapping.py took 0.419 seconds
[2025-02-19T06:10:20.510+0000] {processor.py:161} INFO - Started process (PID=500) to work on /home/airflow/.local/lib/python3.10/site-packages/airflow/example_dags/example_dynamic_task_mapping.py
[2025-02-19T06:10:20.535+0000] {processor.py:830} INFO - Processing file /home/airflow/.local/lib/python3.10/site-packages/airflow/example_dags/example_dynamic_task_mapping.py for tasks to queue
[2025-02-19T06:10:20.556+0000] {logging_mixin.py:188} INFO - [2025-02-19T06:10:20.555+0000] {dagbag.py:538} INFO - Filling up the DagBag from /home/airflow/.local/lib/python3.10/site-packages/airflow/example_dags/example_dynamic_task_mapping.py
[2025-02-19T06:10:20.602+0000] {processor.py:840} INFO - DAG(s) 'example_dynamic_task_mapping' retrieved from /home/airflow/.local/lib/python3.10/site-packages/airflow/example_dags/example_dynamic_task_mapping.py
[2025-02-19T06:10:20.737+0000] {logging_mixin.py:188} INFO - [2025-02-19T06:10:20.736+0000] {dag.py:3036} INFO - Sync 1 DAGs
[2025-02-19T06:10:20.851+0000] {logging_mixin.py:188} INFO - [2025-02-19T06:10:20.851+0000] {dag.py:3823} INFO - Setting next_dagrun for example_dynamic_task_mapping to 2022-03-04 00:00:00+00:00, run_after=2022-03-05 00:00:00+00:00
[2025-02-19T06:10:20.993+0000] {processor.py:183} INFO - Processing /home/airflow/.local/lib/python3.10/site-packages/airflow/example_dags/example_dynamic_task_mapping.py took 0.503 seconds
[2025-02-19T06:12:10.291+0000] {processor.py:161} INFO - Started process (PID=562) to work on /home/airflow/.local/lib/python3.10/site-packages/airflow/example_dags/example_dynamic_task_mapping.py
[2025-02-19T06:12:10.308+0000] {processor.py:830} INFO - Processing file /home/airflow/.local/lib/python3.10/site-packages/airflow/example_dags/example_dynamic_task_mapping.py for tasks to queue
[2025-02-19T06:12:10.311+0000] {logging_mixin.py:188} INFO - [2025-02-19T06:12:10.310+0000] {dagbag.py:538} INFO - Filling up the DagBag from /home/airflow/.local/lib/python3.10/site-packages/airflow/example_dags/example_dynamic_task_mapping.py
[2025-02-19T06:12:10.364+0000] {processor.py:840} INFO - DAG(s) 'example_dynamic_task_mapping' retrieved from /home/airflow/.local/lib/python3.10/site-packages/airflow/example_dags/example_dynamic_task_mapping.py
[2025-02-19T06:12:10.532+0000] {logging_mixin.py:188} INFO - [2025-02-19T06:12:10.531+0000] {dag.py:3036} INFO - Sync 1 DAGs
[2025-02-19T06:12:10.690+0000] {logging_mixin.py:188} INFO - [2025-02-19T06:12:10.690+0000] {dag.py:3823} INFO - Setting next_dagrun for example_dynamic_task_mapping to 2022-03-04 00:00:00+00:00, run_after=2022-03-05 00:00:00+00:00
[2025-02-19T06:12:10.900+0000] {processor.py:183} INFO - Processing /home/airflow/.local/lib/python3.10/site-packages/airflow/example_dags/example_dynamic_task_mapping.py took 0.646 seconds
[2025-02-19T06:13:58.946+0000] {processor.py:161} INFO - Started process (PID=627) to work on /home/airflow/.local/lib/python3.10/site-packages/airflow/example_dags/example_dynamic_task_mapping.py
[2025-02-19T06:13:58.949+0000] {processor.py:830} INFO - Processing file /home/airflow/.local/lib/python3.10/site-packages/airflow/example_dags/example_dynamic_task_mapping.py for tasks to queue
[2025-02-19T06:13:58.951+0000] {logging_mixin.py:188} INFO - [2025-02-19T06:13:58.951+0000] {dagbag.py:538} INFO - Filling up the DagBag from /home/airflow/.local/lib/python3.10/site-packages/airflow/example_dags/example_dynamic_task_mapping.py
[2025-02-19T06:13:58.968+0000] {processor.py:840} INFO - DAG(s) 'example_dynamic_task_mapping' retrieved from /home/airflow/.local/lib/python3.10/site-packages/airflow/example_dags/example_dynamic_task_mapping.py
[2025-02-19T06:13:59.021+0000] {logging_mixin.py:188} INFO - [2025-02-19T06:13:59.020+0000] {dag.py:3036} INFO - Sync 1 DAGs
[2025-02-19T06:13:59.097+0000] {logging_mixin.py:188} INFO - [2025-02-19T06:13:59.097+0000] {dag.py:3823} INFO - Setting next_dagrun for example_dynamic_task_mapping to 2022-03-04 00:00:00+00:00, run_after=2022-03-05 00:00:00+00:00
[2025-02-19T06:13:59.234+0000] {processor.py:183} INFO - Processing /home/airflow/.local/lib/python3.10/site-packages/airflow/example_dags/example_dynamic_task_mapping.py took 0.298 seconds
[2025-02-19T06:15:31.736+0000] {processor.py:161} INFO - Started process (PID=687) to work on /home/airflow/.local/lib/python3.10/site-packages/airflow/example_dags/example_dynamic_task_mapping.py
[2025-02-19T06:15:31.741+0000] {processor.py:830} INFO - Processing file /home/airflow/.local/lib/python3.10/site-packages/airflow/example_dags/example_dynamic_task_mapping.py for tasks to queue
[2025-02-19T06:15:31.747+0000] {logging_mixin.py:188} INFO - [2025-02-19T06:15:31.746+0000] {dagbag.py:538} INFO - Filling up the DagBag from /home/airflow/.local/lib/python3.10/site-packages/airflow/example_dags/example_dynamic_task_mapping.py
[2025-02-19T06:15:31.776+0000] {processor.py:840} INFO - DAG(s) 'example_dynamic_task_mapping' retrieved from /home/airflow/.local/lib/python3.10/site-packages/airflow/example_dags/example_dynamic_task_mapping.py
[2025-02-19T06:15:31.907+0000] {logging_mixin.py:188} INFO - [2025-02-19T06:15:31.906+0000] {dag.py:3036} INFO - Sync 1 DAGs
[2025-02-19T06:15:32.095+0000] {logging_mixin.py:188} INFO - [2025-02-19T06:15:32.094+0000] {dag.py:3823} INFO - Setting next_dagrun for example_dynamic_task_mapping to 2022-03-04 00:00:00+00:00, run_after=2022-03-05 00:00:00+00:00
[2025-02-19T06:15:32.321+0000] {processor.py:183} INFO - Processing /home/airflow/.local/lib/python3.10/site-packages/airflow/example_dags/example_dynamic_task_mapping.py took 0.594 seconds
[2025-02-19T06:17:35.092+0000] {processor.py:161} INFO - Started process (PID=754) to work on /home/airflow/.local/lib/python3.10/site-packages/airflow/example_dags/example_dynamic_task_mapping.py
[2025-02-19T06:17:35.095+0000] {processor.py:830} INFO - Processing file /home/airflow/.local/lib/python3.10/site-packages/airflow/example_dags/example_dynamic_task_mapping.py for tasks to queue
[2025-02-19T06:17:35.099+0000] {logging_mixin.py:188} INFO - [2025-02-19T06:17:35.098+0000] {dagbag.py:538} INFO - Filling up the DagBag from /home/airflow/.local/lib/python3.10/site-packages/airflow/example_dags/example_dynamic_task_mapping.py
[2025-02-19T06:17:35.122+0000] {processor.py:840} INFO - DAG(s) 'example_dynamic_task_mapping' retrieved from /home/airflow/.local/lib/python3.10/site-packages/airflow/example_dags/example_dynamic_task_mapping.py
[2025-02-19T06:17:35.208+0000] {logging_mixin.py:188} INFO - [2025-02-19T06:17:35.208+0000] {dag.py:3036} INFO - Sync 1 DAGs
[2025-02-19T06:17:35.280+0000] {logging_mixin.py:188} INFO - [2025-02-19T06:17:35.279+0000] {dag.py:3823} INFO - Setting next_dagrun for example_dynamic_task_mapping to 2022-03-04 00:00:00+00:00, run_after=2022-03-05 00:00:00+00:00
[2025-02-19T06:17:35.414+0000] {processor.py:183} INFO - Processing /home/airflow/.local/lib/python3.10/site-packages/airflow/example_dags/example_dynamic_task_mapping.py took 0.333 seconds
[2025-02-19T06:19:09.015+0000] {processor.py:161} INFO - Started process (PID=815) to work on /home/airflow/.local/lib/python3.10/site-packages/airflow/example_dags/example_dynamic_task_mapping.py
[2025-02-19T06:19:09.018+0000] {processor.py:830} INFO - Processing file /home/airflow/.local/lib/python3.10/site-packages/airflow/example_dags/example_dynamic_task_mapping.py for tasks to queue
[2025-02-19T06:19:09.025+0000] {logging_mixin.py:188} INFO - [2025-02-19T06:19:09.024+0000] {dagbag.py:538} INFO - Filling up the DagBag from /home/airflow/.local/lib/python3.10/site-packages/airflow/example_dags/example_dynamic_task_mapping.py
[2025-02-19T06:19:09.049+0000] {processor.py:840} INFO - DAG(s) 'example_dynamic_task_mapping' retrieved from /home/airflow/.local/lib/python3.10/site-packages/airflow/example_dags/example_dynamic_task_mapping.py
[2025-02-19T06:19:09.150+0000] {logging_mixin.py:188} INFO - [2025-02-19T06:19:09.149+0000] {dag.py:3036} INFO - Sync 1 DAGs
[2025-02-19T06:19:09.258+0000] {logging_mixin.py:188} INFO - [2025-02-19T06:19:09.257+0000] {dag.py:3823} INFO - Setting next_dagrun for example_dynamic_task_mapping to 2022-03-04 00:00:00+00:00, run_after=2022-03-05 00:00:00+00:00
[2025-02-19T06:19:09.473+0000] {processor.py:183} INFO - Processing /home/airflow/.local/lib/python3.10/site-packages/airflow/example_dags/example_dynamic_task_mapping.py took 0.465 seconds
[2025-02-19T06:20:46.654+0000] {processor.py:161} INFO - Started process (PID=874) to work on /home/airflow/.local/lib/python3.10/site-packages/airflow/example_dags/example_dynamic_task_mapping.py
[2025-02-19T06:20:46.657+0000] {processor.py:830} INFO - Processing file /home/airflow/.local/lib/python3.10/site-packages/airflow/example_dags/example_dynamic_task_mapping.py for tasks to queue
[2025-02-19T06:20:46.660+0000] {logging_mixin.py:188} INFO - [2025-02-19T06:20:46.659+0000] {dagbag.py:538} INFO - Filling up the DagBag from /home/airflow/.local/lib/python3.10/site-packages/airflow/example_dags/example_dynamic_task_mapping.py
[2025-02-19T06:20:46.697+0000] {processor.py:840} INFO - DAG(s) 'example_dynamic_task_mapping' retrieved from /home/airflow/.local/lib/python3.10/site-packages/airflow/example_dags/example_dynamic_task_mapping.py
[2025-02-19T06:20:46.788+0000] {logging_mixin.py:188} INFO - [2025-02-19T06:20:46.787+0000] {dag.py:3036} INFO - Sync 1 DAGs
[2025-02-19T06:20:46.865+0000] {logging_mixin.py:188} INFO - [2025-02-19T06:20:46.865+0000] {dag.py:3823} INFO - Setting next_dagrun for example_dynamic_task_mapping to 2022-03-04 00:00:00+00:00, run_after=2022-03-05 00:00:00+00:00
[2025-02-19T06:20:47.093+0000] {processor.py:183} INFO - Processing /home/airflow/.local/lib/python3.10/site-packages/airflow/example_dags/example_dynamic_task_mapping.py took 0.466 seconds
[2025-02-19T06:22:46.525+0000] {processor.py:161} INFO - Started process (PID=939) to work on /home/airflow/.local/lib/python3.10/site-packages/airflow/example_dags/example_dynamic_task_mapping.py
[2025-02-19T06:22:46.528+0000] {processor.py:830} INFO - Processing file /home/airflow/.local/lib/python3.10/site-packages/airflow/example_dags/example_dynamic_task_mapping.py for tasks to queue
[2025-02-19T06:22:46.531+0000] {logging_mixin.py:188} INFO - [2025-02-19T06:22:46.530+0000] {dagbag.py:538} INFO - Filling up the DagBag from /home/airflow/.local/lib/python3.10/site-packages/airflow/example_dags/example_dynamic_task_mapping.py
[2025-02-19T06:22:46.557+0000] {processor.py:840} INFO - DAG(s) 'example_dynamic_task_mapping' retrieved from /home/airflow/.local/lib/python3.10/site-packages/airflow/example_dags/example_dynamic_task_mapping.py
[2025-02-19T06:22:46.625+0000] {logging_mixin.py:188} INFO - [2025-02-19T06:22:46.625+0000] {dag.py:3036} INFO - Sync 1 DAGs
[2025-02-19T06:22:46.702+0000] {logging_mixin.py:188} INFO - [2025-02-19T06:22:46.701+0000] {dag.py:3823} INFO - Setting next_dagrun for example_dynamic_task_mapping to 2022-03-04 00:00:00+00:00, run_after=2022-03-05 00:00:00+00:00
[2025-02-19T06:22:46.885+0000] {processor.py:183} INFO - Processing /home/airflow/.local/lib/python3.10/site-packages/airflow/example_dags/example_dynamic_task_mapping.py took 0.369 seconds
[2025-02-19T06:25:00.225+0000] {processor.py:161} INFO - Started process (PID=1007) to work on /home/airflow/.local/lib/python3.10/site-packages/airflow/example_dags/example_dynamic_task_mapping.py
[2025-02-19T06:25:00.228+0000] {processor.py:830} INFO - Processing file /home/airflow/.local/lib/python3.10/site-packages/airflow/example_dags/example_dynamic_task_mapping.py for tasks to queue
[2025-02-19T06:25:00.230+0000] {logging_mixin.py:188} INFO - [2025-02-19T06:25:00.229+0000] {dagbag.py:538} INFO - Filling up the DagBag from /home/airflow/.local/lib/python3.10/site-packages/airflow/example_dags/example_dynamic_task_mapping.py
[2025-02-19T06:25:00.255+0000] {processor.py:840} INFO - DAG(s) 'example_dynamic_task_mapping' retrieved from /home/airflow/.local/lib/python3.10/site-packages/airflow/example_dags/example_dynamic_task_mapping.py
[2025-02-19T06:25:00.333+0000] {logging_mixin.py:188} INFO - [2025-02-19T06:25:00.332+0000] {dag.py:3036} INFO - Sync 1 DAGs
[2025-02-19T06:25:00.468+0000] {logging_mixin.py:188} INFO - [2025-02-19T06:25:00.466+0000] {dag.py:3823} INFO - Setting next_dagrun for example_dynamic_task_mapping to 2022-03-04 00:00:00+00:00, run_after=2022-03-05 00:00:00+00:00
[2025-02-19T06:25:00.685+0000] {processor.py:183} INFO - Processing /home/airflow/.local/lib/python3.10/site-packages/airflow/example_dags/example_dynamic_task_mapping.py took 0.467 seconds
[2025-02-19T06:26:59.024+0000] {processor.py:161} INFO - Started process (PID=1071) to work on /home/airflow/.local/lib/python3.10/site-packages/airflow/example_dags/example_dynamic_task_mapping.py
[2025-02-19T06:26:59.062+0000] {processor.py:830} INFO - Processing file /home/airflow/.local/lib/python3.10/site-packages/airflow/example_dags/example_dynamic_task_mapping.py for tasks to queue
[2025-02-19T06:26:59.066+0000] {logging_mixin.py:188} INFO - [2025-02-19T06:26:59.065+0000] {dagbag.py:538} INFO - Filling up the DagBag from /home/airflow/.local/lib/python3.10/site-packages/airflow/example_dags/example_dynamic_task_mapping.py
[2025-02-19T06:26:59.108+0000] {processor.py:840} INFO - DAG(s) 'example_dynamic_task_mapping' retrieved from /home/airflow/.local/lib/python3.10/site-packages/airflow/example_dags/example_dynamic_task_mapping.py
[2025-02-19T06:26:59.256+0000] {logging_mixin.py:188} INFO - [2025-02-19T06:26:59.255+0000] {dag.py:3036} INFO - Sync 1 DAGs
[2025-02-19T06:26:59.459+0000] {logging_mixin.py:188} INFO - [2025-02-19T06:26:59.453+0000] {dag.py:3823} INFO - Setting next_dagrun for example_dynamic_task_mapping to 2022-03-04 00:00:00+00:00, run_after=2022-03-05 00:00:00+00:00
[2025-02-19T06:26:59.747+0000] {processor.py:183} INFO - Processing /home/airflow/.local/lib/python3.10/site-packages/airflow/example_dags/example_dynamic_task_mapping.py took 0.747 seconds
[2025-02-19T06:30:52.297+0000] {processor.py:161} INFO - Started process (PID=65) to work on /home/airflow/.local/lib/python3.10/site-packages/airflow/example_dags/example_dynamic_task_mapping.py
[2025-02-19T06:30:52.299+0000] {processor.py:830} INFO - Processing file /home/airflow/.local/lib/python3.10/site-packages/airflow/example_dags/example_dynamic_task_mapping.py for tasks to queue
[2025-02-19T06:30:52.302+0000] {logging_mixin.py:188} INFO - [2025-02-19T06:30:52.301+0000] {dagbag.py:538} INFO - Filling up the DagBag from /home/airflow/.local/lib/python3.10/site-packages/airflow/example_dags/example_dynamic_task_mapping.py
[2025-02-19T06:30:52.320+0000] {processor.py:840} INFO - DAG(s) 'example_dynamic_task_mapping' retrieved from /home/airflow/.local/lib/python3.10/site-packages/airflow/example_dags/example_dynamic_task_mapping.py
[2025-02-19T06:30:52.373+0000] {logging_mixin.py:188} INFO - [2025-02-19T06:30:52.372+0000] {dag.py:3036} INFO - Sync 1 DAGs
[2025-02-19T06:30:52.425+0000] {logging_mixin.py:188} INFO - [2025-02-19T06:30:52.424+0000] {dag.py:3823} INFO - Setting next_dagrun for example_dynamic_task_mapping to 2022-03-04 00:00:00+00:00, run_after=2022-03-05 00:00:00+00:00
[2025-02-19T06:30:52.550+0000] {processor.py:183} INFO - Processing /home/airflow/.local/lib/python3.10/site-packages/airflow/example_dags/example_dynamic_task_mapping.py took 0.262 seconds
[2025-02-19T06:33:08.830+0000] {processor.py:161} INFO - Started process (PID=133) to work on /home/airflow/.local/lib/python3.10/site-packages/airflow/example_dags/example_dynamic_task_mapping.py
[2025-02-19T06:33:08.835+0000] {processor.py:830} INFO - Processing file /home/airflow/.local/lib/python3.10/site-packages/airflow/example_dags/example_dynamic_task_mapping.py for tasks to queue
[2025-02-19T06:33:08.838+0000] {logging_mixin.py:188} INFO - [2025-02-19T06:33:08.837+0000] {dagbag.py:538} INFO - Filling up the DagBag from /home/airflow/.local/lib/python3.10/site-packages/airflow/example_dags/example_dynamic_task_mapping.py
[2025-02-19T06:33:08.862+0000] {processor.py:840} INFO - DAG(s) 'example_dynamic_task_mapping' retrieved from /home/airflow/.local/lib/python3.10/site-packages/airflow/example_dags/example_dynamic_task_mapping.py
[2025-02-19T06:33:08.957+0000] {logging_mixin.py:188} INFO - [2025-02-19T06:33:08.956+0000] {dag.py:3036} INFO - Sync 1 DAGs
[2025-02-19T06:33:09.107+0000] {logging_mixin.py:188} INFO - [2025-02-19T06:33:09.107+0000] {dag.py:3823} INFO - Setting next_dagrun for example_dynamic_task_mapping to 2022-03-04 00:00:00+00:00, run_after=2022-03-05 00:00:00+00:00
[2025-02-19T06:33:09.350+0000] {processor.py:183} INFO - Processing /home/airflow/.local/lib/python3.10/site-packages/airflow/example_dags/example_dynamic_task_mapping.py took 0.528 seconds
[2025-02-19T06:34:54.791+0000] {processor.py:161} INFO - Started process (PID=196) to work on /home/airflow/.local/lib/python3.10/site-packages/airflow/example_dags/example_dynamic_task_mapping.py
[2025-02-19T06:34:54.793+0000] {processor.py:830} INFO - Processing file /home/airflow/.local/lib/python3.10/site-packages/airflow/example_dags/example_dynamic_task_mapping.py for tasks to queue
[2025-02-19T06:34:54.795+0000] {logging_mixin.py:188} INFO - [2025-02-19T06:34:54.795+0000] {dagbag.py:538} INFO - Filling up the DagBag from /home/airflow/.local/lib/python3.10/site-packages/airflow/example_dags/example_dynamic_task_mapping.py
[2025-02-19T06:34:54.817+0000] {processor.py:840} INFO - DAG(s) 'example_dynamic_task_mapping' retrieved from /home/airflow/.local/lib/python3.10/site-packages/airflow/example_dags/example_dynamic_task_mapping.py
[2025-02-19T06:34:54.892+0000] {logging_mixin.py:188} INFO - [2025-02-19T06:34:54.891+0000] {dag.py:3036} INFO - Sync 1 DAGs
[2025-02-19T06:34:54.975+0000] {logging_mixin.py:188} INFO - [2025-02-19T06:34:54.974+0000] {dag.py:3823} INFO - Setting next_dagrun for example_dynamic_task_mapping to 2022-03-04 00:00:00+00:00, run_after=2022-03-05 00:00:00+00:00
[2025-02-19T06:34:55.147+0000] {processor.py:183} INFO - Processing /home/airflow/.local/lib/python3.10/site-packages/airflow/example_dags/example_dynamic_task_mapping.py took 0.366 seconds
[2025-02-19T06:36:37.484+0000] {processor.py:161} INFO - Started process (PID=257) to work on /home/airflow/.local/lib/python3.10/site-packages/airflow/example_dags/example_dynamic_task_mapping.py
[2025-02-19T06:36:37.494+0000] {processor.py:830} INFO - Processing file /home/airflow/.local/lib/python3.10/site-packages/airflow/example_dags/example_dynamic_task_mapping.py for tasks to queue
[2025-02-19T06:36:37.501+0000] {logging_mixin.py:188} INFO - [2025-02-19T06:36:37.500+0000] {dagbag.py:538} INFO - Filling up the DagBag from /home/airflow/.local/lib/python3.10/site-packages/airflow/example_dags/example_dynamic_task_mapping.py
[2025-02-19T06:36:37.550+0000] {processor.py:840} INFO - DAG(s) 'example_dynamic_task_mapping' retrieved from /home/airflow/.local/lib/python3.10/site-packages/airflow/example_dags/example_dynamic_task_mapping.py
[2025-02-19T06:36:37.662+0000] {logging_mixin.py:188} INFO - [2025-02-19T06:36:37.661+0000] {dag.py:3036} INFO - Sync 1 DAGs
[2025-02-19T06:36:37.846+0000] {logging_mixin.py:188} INFO - [2025-02-19T06:36:37.846+0000] {dag.py:3823} INFO - Setting next_dagrun for example_dynamic_task_mapping to 2022-03-04 00:00:00+00:00, run_after=2022-03-05 00:00:00+00:00
[2025-02-19T06:36:38.076+0000] {processor.py:183} INFO - Processing /home/airflow/.local/lib/python3.10/site-packages/airflow/example_dags/example_dynamic_task_mapping.py took 0.601 seconds
[2025-02-19T06:38:22.645+0000] {processor.py:161} INFO - Started process (PID=321) to work on /home/airflow/.local/lib/python3.10/site-packages/airflow/example_dags/example_dynamic_task_mapping.py
[2025-02-19T06:38:22.656+0000] {processor.py:830} INFO - Processing file /home/airflow/.local/lib/python3.10/site-packages/airflow/example_dags/example_dynamic_task_mapping.py for tasks to queue
[2025-02-19T06:38:22.659+0000] {logging_mixin.py:188} INFO - [2025-02-19T06:38:22.658+0000] {dagbag.py:538} INFO - Filling up the DagBag from /home/airflow/.local/lib/python3.10/site-packages/airflow/example_dags/example_dynamic_task_mapping.py
[2025-02-19T06:38:22.705+0000] {processor.py:840} INFO - DAG(s) 'example_dynamic_task_mapping' retrieved from /home/airflow/.local/lib/python3.10/site-packages/airflow/example_dags/example_dynamic_task_mapping.py
[2025-02-19T06:38:22.804+0000] {logging_mixin.py:188} INFO - [2025-02-19T06:38:22.803+0000] {dag.py:3036} INFO - Sync 1 DAGs
[2025-02-19T06:38:22.899+0000] {logging_mixin.py:188} INFO - [2025-02-19T06:38:22.898+0000] {dag.py:3823} INFO - Setting next_dagrun for example_dynamic_task_mapping to 2022-03-04 00:00:00+00:00, run_after=2022-03-05 00:00:00+00:00
[2025-02-19T06:38:23.026+0000] {processor.py:183} INFO - Processing /home/airflow/.local/lib/python3.10/site-packages/airflow/example_dags/example_dynamic_task_mapping.py took 0.389 seconds
[2025-02-19T06:40:42.455+0000] {processor.py:161} INFO - Started process (PID=386) to work on /home/airflow/.local/lib/python3.10/site-packages/airflow/example_dags/example_dynamic_task_mapping.py
[2025-02-19T06:40:42.458+0000] {processor.py:830} INFO - Processing file /home/airflow/.local/lib/python3.10/site-packages/airflow/example_dags/example_dynamic_task_mapping.py for tasks to queue
[2025-02-19T06:40:42.460+0000] {logging_mixin.py:188} INFO - [2025-02-19T06:40:42.459+0000] {dagbag.py:538} INFO - Filling up the DagBag from /home/airflow/.local/lib/python3.10/site-packages/airflow/example_dags/example_dynamic_task_mapping.py
[2025-02-19T06:40:42.477+0000] {processor.py:840} INFO - DAG(s) 'example_dynamic_task_mapping' retrieved from /home/airflow/.local/lib/python3.10/site-packages/airflow/example_dags/example_dynamic_task_mapping.py
[2025-02-19T06:40:42.525+0000] {logging_mixin.py:188} INFO - [2025-02-19T06:40:42.525+0000] {dag.py:3036} INFO - Sync 1 DAGs
[2025-02-19T06:40:42.587+0000] {logging_mixin.py:188} INFO - [2025-02-19T06:40:42.586+0000] {dag.py:3823} INFO - Setting next_dagrun for example_dynamic_task_mapping to 2022-03-04 00:00:00+00:00, run_after=2022-03-05 00:00:00+00:00
[2025-02-19T06:40:42.753+0000] {processor.py:183} INFO - Processing /home/airflow/.local/lib/python3.10/site-packages/airflow/example_dags/example_dynamic_task_mapping.py took 0.304 seconds
[2025-02-19T06:44:14.179+0000] {processor.py:161} INFO - Started process (PID=65) to work on /home/airflow/.local/lib/python3.10/site-packages/airflow/example_dags/example_dynamic_task_mapping.py
[2025-02-19T06:44:14.183+0000] {processor.py:830} INFO - Processing file /home/airflow/.local/lib/python3.10/site-packages/airflow/example_dags/example_dynamic_task_mapping.py for tasks to queue
[2025-02-19T06:44:14.187+0000] {logging_mixin.py:188} INFO - [2025-02-19T06:44:14.186+0000] {dagbag.py:538} INFO - Filling up the DagBag from /home/airflow/.local/lib/python3.10/site-packages/airflow/example_dags/example_dynamic_task_mapping.py
[2025-02-19T06:44:14.208+0000] {processor.py:840} INFO - DAG(s) 'example_dynamic_task_mapping' retrieved from /home/airflow/.local/lib/python3.10/site-packages/airflow/example_dags/example_dynamic_task_mapping.py
[2025-02-19T06:44:14.288+0000] {logging_mixin.py:188} INFO - [2025-02-19T06:44:14.287+0000] {dag.py:3036} INFO - Sync 1 DAGs
[2025-02-19T06:44:14.381+0000] {logging_mixin.py:188} INFO - [2025-02-19T06:44:14.380+0000] {dag.py:3823} INFO - Setting next_dagrun for example_dynamic_task_mapping to 2022-03-04 00:00:00+00:00, run_after=2022-03-05 00:00:00+00:00
[2025-02-19T06:44:14.533+0000] {processor.py:183} INFO - Processing /home/airflow/.local/lib/python3.10/site-packages/airflow/example_dags/example_dynamic_task_mapping.py took 0.363 seconds
[2025-02-19T06:46:01.295+0000] {processor.py:161} INFO - Started process (PID=128) to work on /home/airflow/.local/lib/python3.10/site-packages/airflow/example_dags/example_dynamic_task_mapping.py
[2025-02-19T06:46:01.298+0000] {processor.py:830} INFO - Processing file /home/airflow/.local/lib/python3.10/site-packages/airflow/example_dags/example_dynamic_task_mapping.py for tasks to queue
[2025-02-19T06:46:01.300+0000] {logging_mixin.py:188} INFO - [2025-02-19T06:46:01.299+0000] {dagbag.py:538} INFO - Filling up the DagBag from /home/airflow/.local/lib/python3.10/site-packages/airflow/example_dags/example_dynamic_task_mapping.py
[2025-02-19T06:46:01.316+0000] {processor.py:840} INFO - DAG(s) 'example_dynamic_task_mapping' retrieved from /home/airflow/.local/lib/python3.10/site-packages/airflow/example_dags/example_dynamic_task_mapping.py
[2025-02-19T06:46:01.370+0000] {logging_mixin.py:188} INFO - [2025-02-19T06:46:01.369+0000] {dag.py:3036} INFO - Sync 1 DAGs
[2025-02-19T06:46:01.420+0000] {logging_mixin.py:188} INFO - [2025-02-19T06:46:01.420+0000] {dag.py:3823} INFO - Setting next_dagrun for example_dynamic_task_mapping to 2022-03-04 00:00:00+00:00, run_after=2022-03-05 00:00:00+00:00
[2025-02-19T06:46:01.546+0000] {processor.py:183} INFO - Processing /home/airflow/.local/lib/python3.10/site-packages/airflow/example_dags/example_dynamic_task_mapping.py took 0.258 seconds
[2025-02-19T06:47:46.715+0000] {processor.py:161} INFO - Started process (PID=189) to work on /home/airflow/.local/lib/python3.10/site-packages/airflow/example_dags/example_dynamic_task_mapping.py
[2025-02-19T06:47:46.721+0000] {processor.py:830} INFO - Processing file /home/airflow/.local/lib/python3.10/site-packages/airflow/example_dags/example_dynamic_task_mapping.py for tasks to queue
[2025-02-19T06:47:46.726+0000] {logging_mixin.py:188} INFO - [2025-02-19T06:47:46.723+0000] {dagbag.py:538} INFO - Filling up the DagBag from /home/airflow/.local/lib/python3.10/site-packages/airflow/example_dags/example_dynamic_task_mapping.py
[2025-02-19T06:47:46.752+0000] {processor.py:840} INFO - DAG(s) 'example_dynamic_task_mapping' retrieved from /home/airflow/.local/lib/python3.10/site-packages/airflow/example_dags/example_dynamic_task_mapping.py
[2025-02-19T06:47:46.834+0000] {logging_mixin.py:188} INFO - [2025-02-19T06:47:46.833+0000] {dag.py:3036} INFO - Sync 1 DAGs
[2025-02-19T06:47:46.950+0000] {logging_mixin.py:188} INFO - [2025-02-19T06:47:46.949+0000] {dag.py:3823} INFO - Setting next_dagrun for example_dynamic_task_mapping to 2022-03-04 00:00:00+00:00, run_after=2022-03-05 00:00:00+00:00
[2025-02-19T06:47:47.124+0000] {processor.py:183} INFO - Processing /home/airflow/.local/lib/python3.10/site-packages/airflow/example_dags/example_dynamic_task_mapping.py took 0.420 seconds
[2025-02-19T06:49:23.614+0000] {processor.py:161} INFO - Started process (PID=250) to work on /home/airflow/.local/lib/python3.10/site-packages/airflow/example_dags/example_dynamic_task_mapping.py
[2025-02-19T06:49:23.630+0000] {processor.py:830} INFO - Processing file /home/airflow/.local/lib/python3.10/site-packages/airflow/example_dags/example_dynamic_task_mapping.py for tasks to queue
[2025-02-19T06:49:23.636+0000] {logging_mixin.py:188} INFO - [2025-02-19T06:49:23.635+0000] {dagbag.py:538} INFO - Filling up the DagBag from /home/airflow/.local/lib/python3.10/site-packages/airflow/example_dags/example_dynamic_task_mapping.py
[2025-02-19T06:49:23.694+0000] {processor.py:840} INFO - DAG(s) 'example_dynamic_task_mapping' retrieved from /home/airflow/.local/lib/python3.10/site-packages/airflow/example_dags/example_dynamic_task_mapping.py
[2025-02-19T06:49:23.843+0000] {logging_mixin.py:188} INFO - [2025-02-19T06:49:23.843+0000] {dag.py:3036} INFO - Sync 1 DAGs
[2025-02-19T06:49:24.051+0000] {logging_mixin.py:188} INFO - [2025-02-19T06:49:24.051+0000] {dag.py:3823} INFO - Setting next_dagrun for example_dynamic_task_mapping to 2022-03-04 00:00:00+00:00, run_after=2022-03-05 00:00:00+00:00
[2025-02-19T06:49:24.274+0000] {processor.py:183} INFO - Processing /home/airflow/.local/lib/python3.10/site-packages/airflow/example_dags/example_dynamic_task_mapping.py took 0.680 seconds
[2025-02-19T06:51:06.169+0000] {processor.py:161} INFO - Started process (PID=313) to work on /home/airflow/.local/lib/python3.10/site-packages/airflow/example_dags/example_dynamic_task_mapping.py
[2025-02-19T06:51:06.172+0000] {processor.py:830} INFO - Processing file /home/airflow/.local/lib/python3.10/site-packages/airflow/example_dags/example_dynamic_task_mapping.py for tasks to queue
[2025-02-19T06:51:06.175+0000] {logging_mixin.py:188} INFO - [2025-02-19T06:51:06.174+0000] {dagbag.py:538} INFO - Filling up the DagBag from /home/airflow/.local/lib/python3.10/site-packages/airflow/example_dags/example_dynamic_task_mapping.py
[2025-02-19T06:51:06.192+0000] {processor.py:840} INFO - DAG(s) 'example_dynamic_task_mapping' retrieved from /home/airflow/.local/lib/python3.10/site-packages/airflow/example_dags/example_dynamic_task_mapping.py
[2025-02-19T06:51:06.258+0000] {logging_mixin.py:188} INFO - [2025-02-19T06:51:06.258+0000] {dag.py:3036} INFO - Sync 1 DAGs
[2025-02-19T06:51:06.345+0000] {logging_mixin.py:188} INFO - [2025-02-19T06:51:06.344+0000] {dag.py:3823} INFO - Setting next_dagrun for example_dynamic_task_mapping to 2022-03-04 00:00:00+00:00, run_after=2022-03-05 00:00:00+00:00
[2025-02-19T06:51:06.507+0000] {processor.py:183} INFO - Processing /home/airflow/.local/lib/python3.10/site-packages/airflow/example_dags/example_dynamic_task_mapping.py took 0.348 seconds
[2025-02-19T06:52:55.436+0000] {processor.py:161} INFO - Started process (PID=378) to work on /home/airflow/.local/lib/python3.10/site-packages/airflow/example_dags/example_dynamic_task_mapping.py
[2025-02-19T06:52:55.438+0000] {processor.py:830} INFO - Processing file /home/airflow/.local/lib/python3.10/site-packages/airflow/example_dags/example_dynamic_task_mapping.py for tasks to queue
[2025-02-19T06:52:55.439+0000] {logging_mixin.py:188} INFO - [2025-02-19T06:52:55.439+0000] {dagbag.py:538} INFO - Filling up the DagBag from /home/airflow/.local/lib/python3.10/site-packages/airflow/example_dags/example_dynamic_task_mapping.py
[2025-02-19T06:52:55.453+0000] {processor.py:840} INFO - DAG(s) 'example_dynamic_task_mapping' retrieved from /home/airflow/.local/lib/python3.10/site-packages/airflow/example_dags/example_dynamic_task_mapping.py
[2025-02-19T06:52:55.496+0000] {logging_mixin.py:188} INFO - [2025-02-19T06:52:55.496+0000] {dag.py:3036} INFO - Sync 1 DAGs
[2025-02-19T06:52:55.538+0000] {logging_mixin.py:188} INFO - [2025-02-19T06:52:55.538+0000] {dag.py:3823} INFO - Setting next_dagrun for example_dynamic_task_mapping to 2022-03-04 00:00:00+00:00, run_after=2022-03-05 00:00:00+00:00
[2025-02-19T06:52:55.632+0000] {processor.py:183} INFO - Processing /home/airflow/.local/lib/python3.10/site-packages/airflow/example_dags/example_dynamic_task_mapping.py took 0.202 seconds
[2025-02-19T06:54:28.838+0000] {processor.py:161} INFO - Started process (PID=437) to work on /home/airflow/.local/lib/python3.10/site-packages/airflow/example_dags/example_dynamic_task_mapping.py
[2025-02-19T06:54:28.840+0000] {processor.py:830} INFO - Processing file /home/airflow/.local/lib/python3.10/site-packages/airflow/example_dags/example_dynamic_task_mapping.py for tasks to queue
[2025-02-19T06:54:28.842+0000] {logging_mixin.py:188} INFO - [2025-02-19T06:54:28.841+0000] {dagbag.py:538} INFO - Filling up the DagBag from /home/airflow/.local/lib/python3.10/site-packages/airflow/example_dags/example_dynamic_task_mapping.py
[2025-02-19T06:54:28.856+0000] {processor.py:840} INFO - DAG(s) 'example_dynamic_task_mapping' retrieved from /home/airflow/.local/lib/python3.10/site-packages/airflow/example_dags/example_dynamic_task_mapping.py
[2025-02-19T06:54:28.901+0000] {logging_mixin.py:188} INFO - [2025-02-19T06:54:28.900+0000] {dag.py:3036} INFO - Sync 1 DAGs
[2025-02-19T06:54:28.948+0000] {logging_mixin.py:188} INFO - [2025-02-19T06:54:28.948+0000] {dag.py:3823} INFO - Setting next_dagrun for example_dynamic_task_mapping to 2022-03-04 00:00:00+00:00, run_after=2022-03-05 00:00:00+00:00
[2025-02-19T06:54:29.072+0000] {processor.py:183} INFO - Processing /home/airflow/.local/lib/python3.10/site-packages/airflow/example_dags/example_dynamic_task_mapping.py took 0.240 seconds
[2025-02-19T06:55:47.636+0000] {processor.py:161} INFO - Started process (PID=492) to work on /home/airflow/.local/lib/python3.10/site-packages/airflow/example_dags/example_dynamic_task_mapping.py
[2025-02-19T06:55:47.638+0000] {processor.py:830} INFO - Processing file /home/airflow/.local/lib/python3.10/site-packages/airflow/example_dags/example_dynamic_task_mapping.py for tasks to queue
[2025-02-19T06:55:47.640+0000] {logging_mixin.py:188} INFO - [2025-02-19T06:55:47.640+0000] {dagbag.py:538} INFO - Filling up the DagBag from /home/airflow/.local/lib/python3.10/site-packages/airflow/example_dags/example_dynamic_task_mapping.py
[2025-02-19T06:55:47.664+0000] {processor.py:840} INFO - DAG(s) 'example_dynamic_task_mapping' retrieved from /home/airflow/.local/lib/python3.10/site-packages/airflow/example_dags/example_dynamic_task_mapping.py
[2025-02-19T06:55:47.720+0000] {logging_mixin.py:188} INFO - [2025-02-19T06:55:47.719+0000] {dag.py:3036} INFO - Sync 1 DAGs
[2025-02-19T06:55:47.772+0000] {logging_mixin.py:188} INFO - [2025-02-19T06:55:47.771+0000] {dag.py:3823} INFO - Setting next_dagrun for example_dynamic_task_mapping to 2022-03-04 00:00:00+00:00, run_after=2022-03-05 00:00:00+00:00
[2025-02-19T06:55:47.926+0000] {processor.py:183} INFO - Processing /home/airflow/.local/lib/python3.10/site-packages/airflow/example_dags/example_dynamic_task_mapping.py took 0.297 seconds
[2025-02-19T06:57:25.171+0000] {processor.py:161} INFO - Started process (PID=551) to work on /home/airflow/.local/lib/python3.10/site-packages/airflow/example_dags/example_dynamic_task_mapping.py
[2025-02-19T06:57:25.173+0000] {processor.py:830} INFO - Processing file /home/airflow/.local/lib/python3.10/site-packages/airflow/example_dags/example_dynamic_task_mapping.py for tasks to queue
[2025-02-19T06:57:25.176+0000] {logging_mixin.py:188} INFO - [2025-02-19T06:57:25.175+0000] {dagbag.py:538} INFO - Filling up the DagBag from /home/airflow/.local/lib/python3.10/site-packages/airflow/example_dags/example_dynamic_task_mapping.py
[2025-02-19T06:57:25.204+0000] {processor.py:840} INFO - DAG(s) 'example_dynamic_task_mapping' retrieved from /home/airflow/.local/lib/python3.10/site-packages/airflow/example_dags/example_dynamic_task_mapping.py
[2025-02-19T06:57:25.271+0000] {logging_mixin.py:188} INFO - [2025-02-19T06:57:25.270+0000] {dag.py:3036} INFO - Sync 1 DAGs
[2025-02-19T06:57:25.359+0000] {logging_mixin.py:188} INFO - [2025-02-19T06:57:25.358+0000] {dag.py:3823} INFO - Setting next_dagrun for example_dynamic_task_mapping to 2022-03-04 00:00:00+00:00, run_after=2022-03-05 00:00:00+00:00
[2025-02-19T06:57:25.514+0000] {processor.py:183} INFO - Processing /home/airflow/.local/lib/python3.10/site-packages/airflow/example_dags/example_dynamic_task_mapping.py took 0.358 seconds
[2025-02-19T06:58:53.273+0000] {processor.py:161} INFO - Started process (PID=609) to work on /home/airflow/.local/lib/python3.10/site-packages/airflow/example_dags/example_dynamic_task_mapping.py
[2025-02-19T06:58:53.275+0000] {processor.py:830} INFO - Processing file /home/airflow/.local/lib/python3.10/site-packages/airflow/example_dags/example_dynamic_task_mapping.py for tasks to queue
[2025-02-19T06:58:53.277+0000] {logging_mixin.py:188} INFO - [2025-02-19T06:58:53.277+0000] {dagbag.py:538} INFO - Filling up the DagBag from /home/airflow/.local/lib/python3.10/site-packages/airflow/example_dags/example_dynamic_task_mapping.py
[2025-02-19T06:58:53.292+0000] {processor.py:840} INFO - DAG(s) 'example_dynamic_task_mapping' retrieved from /home/airflow/.local/lib/python3.10/site-packages/airflow/example_dags/example_dynamic_task_mapping.py
[2025-02-19T06:58:53.334+0000] {logging_mixin.py:188} INFO - [2025-02-19T06:58:53.334+0000] {dag.py:3036} INFO - Sync 1 DAGs
[2025-02-19T06:58:53.393+0000] {logging_mixin.py:188} INFO - [2025-02-19T06:58:53.392+0000] {dag.py:3823} INFO - Setting next_dagrun for example_dynamic_task_mapping to 2022-03-04 00:00:00+00:00, run_after=2022-03-05 00:00:00+00:00
[2025-02-19T06:58:53.520+0000] {processor.py:183} INFO - Processing /home/airflow/.local/lib/python3.10/site-packages/airflow/example_dags/example_dynamic_task_mapping.py took 0.252 seconds
[2025-02-19T07:00:44.894+0000] {processor.py:161} INFO - Started process (PID=674) to work on /home/airflow/.local/lib/python3.10/site-packages/airflow/example_dags/example_dynamic_task_mapping.py
[2025-02-19T07:00:44.896+0000] {processor.py:830} INFO - Processing file /home/airflow/.local/lib/python3.10/site-packages/airflow/example_dags/example_dynamic_task_mapping.py for tasks to queue
[2025-02-19T07:00:44.899+0000] {logging_mixin.py:188} INFO - [2025-02-19T07:00:44.898+0000] {dagbag.py:538} INFO - Filling up the DagBag from /home/airflow/.local/lib/python3.10/site-packages/airflow/example_dags/example_dynamic_task_mapping.py
[2025-02-19T07:00:44.917+0000] {processor.py:840} INFO - DAG(s) 'example_dynamic_task_mapping' retrieved from /home/airflow/.local/lib/python3.10/site-packages/airflow/example_dags/example_dynamic_task_mapping.py
[2025-02-19T07:00:44.972+0000] {logging_mixin.py:188} INFO - [2025-02-19T07:00:44.972+0000] {dag.py:3036} INFO - Sync 1 DAGs
[2025-02-19T07:00:45.023+0000] {logging_mixin.py:188} INFO - [2025-02-19T07:00:45.023+0000] {dag.py:3823} INFO - Setting next_dagrun for example_dynamic_task_mapping to 2022-03-04 00:00:00+00:00, run_after=2022-03-05 00:00:00+00:00
[2025-02-19T07:00:45.157+0000] {processor.py:183} INFO - Processing /home/airflow/.local/lib/python3.10/site-packages/airflow/example_dags/example_dynamic_task_mapping.py took 0.272 seconds
[2025-02-19T07:02:24.714+0000] {processor.py:161} INFO - Started process (PID=734) to work on /home/airflow/.local/lib/python3.10/site-packages/airflow/example_dags/example_dynamic_task_mapping.py
[2025-02-19T07:02:24.717+0000] {processor.py:830} INFO - Processing file /home/airflow/.local/lib/python3.10/site-packages/airflow/example_dags/example_dynamic_task_mapping.py for tasks to queue
[2025-02-19T07:02:24.720+0000] {logging_mixin.py:188} INFO - [2025-02-19T07:02:24.719+0000] {dagbag.py:538} INFO - Filling up the DagBag from /home/airflow/.local/lib/python3.10/site-packages/airflow/example_dags/example_dynamic_task_mapping.py
[2025-02-19T07:02:24.743+0000] {processor.py:840} INFO - DAG(s) 'example_dynamic_task_mapping' retrieved from /home/airflow/.local/lib/python3.10/site-packages/airflow/example_dags/example_dynamic_task_mapping.py
[2025-02-19T07:02:24.820+0000] {logging_mixin.py:188} INFO - [2025-02-19T07:02:24.819+0000] {dag.py:3036} INFO - Sync 1 DAGs
[2025-02-19T07:02:24.898+0000] {logging_mixin.py:188} INFO - [2025-02-19T07:02:24.897+0000] {dag.py:3823} INFO - Setting next_dagrun for example_dynamic_task_mapping to 2022-03-04 00:00:00+00:00, run_after=2022-03-05 00:00:00+00:00
[2025-02-19T07:02:25.097+0000] {processor.py:183} INFO - Processing /home/airflow/.local/lib/python3.10/site-packages/airflow/example_dags/example_dynamic_task_mapping.py took 0.394 seconds
[2025-02-19T07:03:59.655+0000] {processor.py:161} INFO - Started process (PID=794) to work on /home/airflow/.local/lib/python3.10/site-packages/airflow/example_dags/example_dynamic_task_mapping.py
[2025-02-19T07:03:59.661+0000] {processor.py:830} INFO - Processing file /home/airflow/.local/lib/python3.10/site-packages/airflow/example_dags/example_dynamic_task_mapping.py for tasks to queue
[2025-02-19T07:03:59.664+0000] {logging_mixin.py:188} INFO - [2025-02-19T07:03:59.663+0000] {dagbag.py:538} INFO - Filling up the DagBag from /home/airflow/.local/lib/python3.10/site-packages/airflow/example_dags/example_dynamic_task_mapping.py
[2025-02-19T07:03:59.691+0000] {processor.py:840} INFO - DAG(s) 'example_dynamic_task_mapping' retrieved from /home/airflow/.local/lib/python3.10/site-packages/airflow/example_dags/example_dynamic_task_mapping.py
[2025-02-19T07:03:59.787+0000] {logging_mixin.py:188} INFO - [2025-02-19T07:03:59.787+0000] {dag.py:3036} INFO - Sync 1 DAGs
[2025-02-19T07:03:59.929+0000] {logging_mixin.py:188} INFO - [2025-02-19T07:03:59.929+0000] {dag.py:3823} INFO - Setting next_dagrun for example_dynamic_task_mapping to 2022-03-04 00:00:00+00:00, run_after=2022-03-05 00:00:00+00:00
[2025-02-19T07:04:00.210+0000] {processor.py:183} INFO - Processing /home/airflow/.local/lib/python3.10/site-packages/airflow/example_dags/example_dynamic_task_mapping.py took 0.564 seconds
[2025-02-19T07:07:03.098+0000] {processor.py:161} INFO - Started process (PID=865) to work on /home/airflow/.local/lib/python3.10/site-packages/airflow/example_dags/example_dynamic_task_mapping.py
[2025-02-19T07:07:03.111+0000] {processor.py:830} INFO - Processing file /home/airflow/.local/lib/python3.10/site-packages/airflow/example_dags/example_dynamic_task_mapping.py for tasks to queue
[2025-02-19T07:07:03.115+0000] {logging_mixin.py:188} INFO - [2025-02-19T07:07:03.114+0000] {dagbag.py:538} INFO - Filling up the DagBag from /home/airflow/.local/lib/python3.10/site-packages/airflow/example_dags/example_dynamic_task_mapping.py
[2025-02-19T07:07:03.157+0000] {processor.py:840} INFO - DAG(s) 'example_dynamic_task_mapping' retrieved from /home/airflow/.local/lib/python3.10/site-packages/airflow/example_dags/example_dynamic_task_mapping.py
[2025-02-19T07:07:03.323+0000] {logging_mixin.py:188} INFO - [2025-02-19T07:07:03.322+0000] {dag.py:3036} INFO - Sync 1 DAGs
[2025-02-19T07:07:03.534+0000] {logging_mixin.py:188} INFO - [2025-02-19T07:07:03.532+0000] {dag.py:3823} INFO - Setting next_dagrun for example_dynamic_task_mapping to 2022-03-04 00:00:00+00:00, run_after=2022-03-05 00:00:00+00:00
[2025-02-19T07:07:03.825+0000] {processor.py:183} INFO - Processing /home/airflow/.local/lib/python3.10/site-packages/airflow/example_dags/example_dynamic_task_mapping.py took 0.737 seconds
