[2025-02-19T05:55:56.572+0000] {processor.py:161} INFO - Started process (PID=50) to work on /home/airflow/.local/lib/python3.10/site-packages/airflow/example_dags/example_datasets.py
[2025-02-19T05:55:56.585+0000] {processor.py:830} INFO - Processing file /home/airflow/.local/lib/python3.10/site-packages/airflow/example_dags/example_datasets.py for tasks to queue
[2025-02-19T05:55:56.590+0000] {logging_mixin.py:188} INFO - [2025-02-19T05:55:56.589+0000] {dagbag.py:538} INFO - Filling up the DagBag from /home/airflow/.local/lib/python3.10/site-packages/airflow/example_dags/example_datasets.py
[2025-02-19T05:55:56.681+0000] {processor.py:840} INFO - DAG(s) 'dataset_consumes_1_never_scheduled', 'dataset_consumes_unknown_never_scheduled', 'dataset_consumes_1_and_2', 'dataset_consumes_1', 'dataset_produces_2', 'dataset_produces_1' retrieved from /home/airflow/.local/lib/python3.10/site-packages/airflow/example_dags/example_datasets.py
[2025-02-19T05:55:56.990+0000] {logging_mixin.py:188} INFO - [2025-02-19T05:55:56.990+0000] {dag.py:3036} INFO - Sync 6 DAGs
[2025-02-19T05:55:57.199+0000] {logging_mixin.py:188} INFO - [2025-02-19T05:55:57.198+0000] {dag.py:3823} INFO - Setting next_dagrun for dataset_consumes_1 to None, run_after=None
[2025-02-19T05:55:57.226+0000] {logging_mixin.py:188} INFO - [2025-02-19T05:55:57.225+0000] {dag.py:3823} INFO - Setting next_dagrun for dataset_consumes_1_and_2 to None, run_after=None
[2025-02-19T05:55:57.237+0000] {logging_mixin.py:188} INFO - [2025-02-19T05:55:57.236+0000] {dag.py:3823} INFO - Setting next_dagrun for dataset_consumes_1_never_scheduled to None, run_after=None
[2025-02-19T05:55:57.249+0000] {logging_mixin.py:188} INFO - [2025-02-19T05:55:57.249+0000] {dag.py:3823} INFO - Setting next_dagrun for dataset_consumes_unknown_never_scheduled to None, run_after=None
[2025-02-19T05:55:57.276+0000] {logging_mixin.py:188} INFO - [2025-02-19T05:55:57.276+0000] {dag.py:3823} INFO - Setting next_dagrun for dataset_produces_1 to 2025-02-18 00:00:00+00:00, run_after=2025-02-19 00:00:00+00:00
[2025-02-19T05:55:57.287+0000] {logging_mixin.py:188} INFO - [2025-02-19T05:55:57.287+0000] {dag.py:3823} INFO - Setting next_dagrun for dataset_produces_2 to None, run_after=None
[2025-02-19T05:55:57.610+0000] {processor.py:183} INFO - Processing /home/airflow/.local/lib/python3.10/site-packages/airflow/example_dags/example_datasets.py took 1.056 seconds
[2025-02-19T05:58:27.649+0000] {processor.py:161} INFO - Started process (PID=99) to work on /home/airflow/.local/lib/python3.10/site-packages/airflow/example_dags/example_datasets.py
[2025-02-19T05:58:27.654+0000] {processor.py:830} INFO - Processing file /home/airflow/.local/lib/python3.10/site-packages/airflow/example_dags/example_datasets.py for tasks to queue
[2025-02-19T05:58:27.657+0000] {logging_mixin.py:188} INFO - [2025-02-19T05:58:27.656+0000] {dagbag.py:538} INFO - Filling up the DagBag from /home/airflow/.local/lib/python3.10/site-packages/airflow/example_dags/example_datasets.py
[2025-02-19T05:58:27.702+0000] {processor.py:840} INFO - DAG(s) 'dataset_produces_1', 'dataset_produces_2', 'dataset_consumes_1', 'dataset_consumes_unknown_never_scheduled', 'dataset_consumes_1_never_scheduled', 'dataset_consumes_1_and_2' retrieved from /home/airflow/.local/lib/python3.10/site-packages/airflow/example_dags/example_datasets.py
[2025-02-19T05:58:27.900+0000] {logging_mixin.py:188} INFO - [2025-02-19T05:58:27.899+0000] {dag.py:3036} INFO - Sync 6 DAGs
[2025-02-19T05:58:28.023+0000] {logging_mixin.py:188} INFO - [2025-02-19T05:58:28.022+0000] {dag.py:3823} INFO - Setting next_dagrun for dataset_consumes_1 to None, run_after=None
[2025-02-19T05:58:28.043+0000] {logging_mixin.py:188} INFO - [2025-02-19T05:58:28.042+0000] {dag.py:3823} INFO - Setting next_dagrun for dataset_consumes_1_and_2 to None, run_after=None
[2025-02-19T05:58:28.054+0000] {logging_mixin.py:188} INFO - [2025-02-19T05:58:28.049+0000] {dag.py:3823} INFO - Setting next_dagrun for dataset_consumes_1_never_scheduled to None, run_after=None
[2025-02-19T05:58:28.060+0000] {logging_mixin.py:188} INFO - [2025-02-19T05:58:28.059+0000] {dag.py:3823} INFO - Setting next_dagrun for dataset_consumes_unknown_never_scheduled to None, run_after=None
[2025-02-19T05:58:28.076+0000] {logging_mixin.py:188} INFO - [2025-02-19T05:58:28.075+0000] {dag.py:3823} INFO - Setting next_dagrun for dataset_produces_1 to 2025-02-18 00:00:00+00:00, run_after=2025-02-19 00:00:00+00:00
[2025-02-19T05:58:28.091+0000] {logging_mixin.py:188} INFO - [2025-02-19T05:58:28.091+0000] {dag.py:3823} INFO - Setting next_dagrun for dataset_produces_2 to None, run_after=None
[2025-02-19T05:58:28.534+0000] {processor.py:183} INFO - Processing /home/airflow/.local/lib/python3.10/site-packages/airflow/example_dags/example_datasets.py took 0.897 seconds
[2025-02-19T05:59:53.790+0000] {processor.py:161} INFO - Started process (PID=145) to work on /home/airflow/.local/lib/python3.10/site-packages/airflow/example_dags/example_datasets.py
[2025-02-19T05:59:53.793+0000] {processor.py:830} INFO - Processing file /home/airflow/.local/lib/python3.10/site-packages/airflow/example_dags/example_datasets.py for tasks to queue
[2025-02-19T05:59:53.797+0000] {logging_mixin.py:188} INFO - [2025-02-19T05:59:53.795+0000] {dagbag.py:538} INFO - Filling up the DagBag from /home/airflow/.local/lib/python3.10/site-packages/airflow/example_dags/example_datasets.py
[2025-02-19T05:59:53.833+0000] {processor.py:840} INFO - DAG(s) 'dataset_consumes_1_and_2', 'dataset_consumes_1_never_scheduled', 'dataset_consumes_1', 'dataset_produces_1', 'dataset_produces_2', 'dataset_consumes_unknown_never_scheduled' retrieved from /home/airflow/.local/lib/python3.10/site-packages/airflow/example_dags/example_datasets.py
[2025-02-19T05:59:53.984+0000] {logging_mixin.py:188} INFO - [2025-02-19T05:59:53.984+0000] {dag.py:3036} INFO - Sync 6 DAGs
[2025-02-19T05:59:54.066+0000] {logging_mixin.py:188} INFO - [2025-02-19T05:59:54.065+0000] {dag.py:3823} INFO - Setting next_dagrun for dataset_consumes_1 to None, run_after=None
[2025-02-19T05:59:54.077+0000] {logging_mixin.py:188} INFO - [2025-02-19T05:59:54.076+0000] {dag.py:3823} INFO - Setting next_dagrun for dataset_consumes_1_and_2 to None, run_after=None
[2025-02-19T05:59:54.084+0000] {logging_mixin.py:188} INFO - [2025-02-19T05:59:54.083+0000] {dag.py:3823} INFO - Setting next_dagrun for dataset_consumes_1_never_scheduled to None, run_after=None
[2025-02-19T05:59:54.089+0000] {logging_mixin.py:188} INFO - [2025-02-19T05:59:54.089+0000] {dag.py:3823} INFO - Setting next_dagrun for dataset_consumes_unknown_never_scheduled to None, run_after=None
[2025-02-19T05:59:54.100+0000] {logging_mixin.py:188} INFO - [2025-02-19T05:59:54.100+0000] {dag.py:3823} INFO - Setting next_dagrun for dataset_produces_1 to 2025-02-18 00:00:00+00:00, run_after=2025-02-19 00:00:00+00:00
[2025-02-19T05:59:54.108+0000] {logging_mixin.py:188} INFO - [2025-02-19T05:59:54.107+0000] {dag.py:3823} INFO - Setting next_dagrun for dataset_produces_2 to None, run_after=None
[2025-02-19T05:59:54.337+0000] {processor.py:183} INFO - Processing /home/airflow/.local/lib/python3.10/site-packages/airflow/example_dags/example_datasets.py took 0.564 seconds
[2025-02-19T06:01:53.248+0000] {processor.py:161} INFO - Started process (PID=211) to work on /home/airflow/.local/lib/python3.10/site-packages/airflow/example_dags/example_datasets.py
[2025-02-19T06:01:53.252+0000] {processor.py:830} INFO - Processing file /home/airflow/.local/lib/python3.10/site-packages/airflow/example_dags/example_datasets.py for tasks to queue
[2025-02-19T06:01:53.263+0000] {logging_mixin.py:188} INFO - [2025-02-19T06:01:53.254+0000] {dagbag.py:538} INFO - Filling up the DagBag from /home/airflow/.local/lib/python3.10/site-packages/airflow/example_dags/example_datasets.py
[2025-02-19T06:01:53.347+0000] {processor.py:840} INFO - DAG(s) 'dataset_consumes_1_never_scheduled', 'dataset_produces_1', 'dataset_consumes_unknown_never_scheduled', 'dataset_consumes_1_and_2', 'dataset_consumes_1', 'dataset_produces_2' retrieved from /home/airflow/.local/lib/python3.10/site-packages/airflow/example_dags/example_datasets.py
[2025-02-19T06:01:53.590+0000] {logging_mixin.py:188} INFO - [2025-02-19T06:01:53.590+0000] {dag.py:3036} INFO - Sync 6 DAGs
[2025-02-19T06:01:53.735+0000] {logging_mixin.py:188} INFO - [2025-02-19T06:01:53.734+0000] {dag.py:3823} INFO - Setting next_dagrun for dataset_consumes_1 to None, run_after=None
[2025-02-19T06:01:53.784+0000] {logging_mixin.py:188} INFO - [2025-02-19T06:01:53.783+0000] {dag.py:3823} INFO - Setting next_dagrun for dataset_consumes_1_and_2 to None, run_after=None
[2025-02-19T06:01:53.804+0000] {logging_mixin.py:188} INFO - [2025-02-19T06:01:53.803+0000] {dag.py:3823} INFO - Setting next_dagrun for dataset_consumes_1_never_scheduled to None, run_after=None
[2025-02-19T06:01:53.820+0000] {logging_mixin.py:188} INFO - [2025-02-19T06:01:53.820+0000] {dag.py:3823} INFO - Setting next_dagrun for dataset_consumes_unknown_never_scheduled to None, run_after=None
[2025-02-19T06:01:53.841+0000] {logging_mixin.py:188} INFO - [2025-02-19T06:01:53.840+0000] {dag.py:3823} INFO - Setting next_dagrun for dataset_produces_1 to 2025-02-18 00:00:00+00:00, run_after=2025-02-19 00:00:00+00:00
[2025-02-19T06:01:53.861+0000] {logging_mixin.py:188} INFO - [2025-02-19T06:01:53.860+0000] {dag.py:3823} INFO - Setting next_dagrun for dataset_produces_2 to None, run_after=None
[2025-02-19T06:01:54.240+0000] {processor.py:183} INFO - Processing /home/airflow/.local/lib/python3.10/site-packages/airflow/example_dags/example_datasets.py took 1.010 seconds
[2025-02-19T06:03:39.959+0000] {processor.py:161} INFO - Started process (PID=275) to work on /home/airflow/.local/lib/python3.10/site-packages/airflow/example_dags/example_datasets.py
[2025-02-19T06:03:39.962+0000] {processor.py:830} INFO - Processing file /home/airflow/.local/lib/python3.10/site-packages/airflow/example_dags/example_datasets.py for tasks to queue
[2025-02-19T06:03:39.965+0000] {logging_mixin.py:188} INFO - [2025-02-19T06:03:39.964+0000] {dagbag.py:538} INFO - Filling up the DagBag from /home/airflow/.local/lib/python3.10/site-packages/airflow/example_dags/example_datasets.py
[2025-02-19T06:03:39.989+0000] {processor.py:840} INFO - DAG(s) 'dataset_produces_1', 'dataset_consumes_1', 'dataset_consumes_unknown_never_scheduled', 'dataset_produces_2', 'dataset_consumes_1_and_2', 'dataset_consumes_1_never_scheduled' retrieved from /home/airflow/.local/lib/python3.10/site-packages/airflow/example_dags/example_datasets.py
[2025-02-19T06:03:40.107+0000] {logging_mixin.py:188} INFO - [2025-02-19T06:03:40.106+0000] {dag.py:3036} INFO - Sync 6 DAGs
[2025-02-19T06:03:40.175+0000] {logging_mixin.py:188} INFO - [2025-02-19T06:03:40.174+0000] {dag.py:3823} INFO - Setting next_dagrun for dataset_consumes_1 to None, run_after=None
[2025-02-19T06:03:40.187+0000] {logging_mixin.py:188} INFO - [2025-02-19T06:03:40.186+0000] {dag.py:3823} INFO - Setting next_dagrun for dataset_consumes_1_and_2 to None, run_after=None
[2025-02-19T06:03:40.194+0000] {logging_mixin.py:188} INFO - [2025-02-19T06:03:40.193+0000] {dag.py:3823} INFO - Setting next_dagrun for dataset_consumes_1_never_scheduled to None, run_after=None
[2025-02-19T06:03:40.202+0000] {logging_mixin.py:188} INFO - [2025-02-19T06:03:40.201+0000] {dag.py:3823} INFO - Setting next_dagrun for dataset_consumes_unknown_never_scheduled to None, run_after=None
[2025-02-19T06:03:40.212+0000] {logging_mixin.py:188} INFO - [2025-02-19T06:03:40.211+0000] {dag.py:3823} INFO - Setting next_dagrun for dataset_produces_1 to 2025-02-18 00:00:00+00:00, run_after=2025-02-19 00:00:00+00:00
[2025-02-19T06:03:40.218+0000] {logging_mixin.py:188} INFO - [2025-02-19T06:03:40.218+0000] {dag.py:3823} INFO - Setting next_dagrun for dataset_produces_2 to None, run_after=None
[2025-02-19T06:03:40.422+0000] {processor.py:183} INFO - Processing /home/airflow/.local/lib/python3.10/site-packages/airflow/example_dags/example_datasets.py took 0.470 seconds
[2025-02-19T06:05:24.827+0000] {processor.py:161} INFO - Started process (PID=338) to work on /home/airflow/.local/lib/python3.10/site-packages/airflow/example_dags/example_datasets.py
[2025-02-19T06:05:24.830+0000] {processor.py:830} INFO - Processing file /home/airflow/.local/lib/python3.10/site-packages/airflow/example_dags/example_datasets.py for tasks to queue
[2025-02-19T06:05:24.832+0000] {logging_mixin.py:188} INFO - [2025-02-19T06:05:24.831+0000] {dagbag.py:538} INFO - Filling up the DagBag from /home/airflow/.local/lib/python3.10/site-packages/airflow/example_dags/example_datasets.py
[2025-02-19T06:05:24.864+0000] {processor.py:840} INFO - DAG(s) 'dataset_produces_2', 'dataset_consumes_1_and_2', 'dataset_consumes_unknown_never_scheduled', 'dataset_produces_1', 'dataset_consumes_1', 'dataset_consumes_1_never_scheduled' retrieved from /home/airflow/.local/lib/python3.10/site-packages/airflow/example_dags/example_datasets.py
[2025-02-19T06:05:25.049+0000] {logging_mixin.py:188} INFO - [2025-02-19T06:05:25.048+0000] {dag.py:3036} INFO - Sync 6 DAGs
[2025-02-19T06:05:25.125+0000] {logging_mixin.py:188} INFO - [2025-02-19T06:05:25.125+0000] {dag.py:3823} INFO - Setting next_dagrun for dataset_consumes_1 to None, run_after=None
[2025-02-19T06:05:25.140+0000] {logging_mixin.py:188} INFO - [2025-02-19T06:05:25.138+0000] {dag.py:3823} INFO - Setting next_dagrun for dataset_consumes_1_and_2 to None, run_after=None
[2025-02-19T06:05:25.148+0000] {logging_mixin.py:188} INFO - [2025-02-19T06:05:25.147+0000] {dag.py:3823} INFO - Setting next_dagrun for dataset_consumes_1_never_scheduled to None, run_after=None
[2025-02-19T06:05:25.154+0000] {logging_mixin.py:188} INFO - [2025-02-19T06:05:25.153+0000] {dag.py:3823} INFO - Setting next_dagrun for dataset_consumes_unknown_never_scheduled to None, run_after=None
[2025-02-19T06:05:25.168+0000] {logging_mixin.py:188} INFO - [2025-02-19T06:05:25.168+0000] {dag.py:3823} INFO - Setting next_dagrun for dataset_produces_1 to 2025-02-18 00:00:00+00:00, run_after=2025-02-19 00:00:00+00:00
[2025-02-19T06:05:25.176+0000] {logging_mixin.py:188} INFO - [2025-02-19T06:05:25.175+0000] {dag.py:3823} INFO - Setting next_dagrun for dataset_produces_2 to None, run_after=None
[2025-02-19T06:05:25.372+0000] {processor.py:183} INFO - Processing /home/airflow/.local/lib/python3.10/site-packages/airflow/example_dags/example_datasets.py took 0.553 seconds
[2025-02-19T06:07:37.554+0000] {processor.py:161} INFO - Started process (PID=402) to work on /home/airflow/.local/lib/python3.10/site-packages/airflow/example_dags/example_datasets.py
[2025-02-19T06:07:37.589+0000] {processor.py:830} INFO - Processing file /home/airflow/.local/lib/python3.10/site-packages/airflow/example_dags/example_datasets.py for tasks to queue
[2025-02-19T06:07:37.593+0000] {logging_mixin.py:188} INFO - [2025-02-19T06:07:37.591+0000] {dagbag.py:538} INFO - Filling up the DagBag from /home/airflow/.local/lib/python3.10/site-packages/airflow/example_dags/example_datasets.py
[2025-02-19T06:07:37.704+0000] {processor.py:840} INFO - DAG(s) 'dataset_produces_2', 'dataset_consumes_1_and_2', 'dataset_consumes_unknown_never_scheduled', 'dataset_consumes_1', 'dataset_produces_1', 'dataset_consumes_1_never_scheduled' retrieved from /home/airflow/.local/lib/python3.10/site-packages/airflow/example_dags/example_datasets.py
[2025-02-19T06:07:38.056+0000] {logging_mixin.py:188} INFO - [2025-02-19T06:07:38.055+0000] {dag.py:3036} INFO - Sync 6 DAGs
[2025-02-19T06:07:38.248+0000] {logging_mixin.py:188} INFO - [2025-02-19T06:07:38.247+0000] {dag.py:3823} INFO - Setting next_dagrun for dataset_consumes_1 to None, run_after=None
[2025-02-19T06:07:38.288+0000] {logging_mixin.py:188} INFO - [2025-02-19T06:07:38.280+0000] {dag.py:3823} INFO - Setting next_dagrun for dataset_consumes_1_and_2 to None, run_after=None
[2025-02-19T06:07:38.295+0000] {logging_mixin.py:188} INFO - [2025-02-19T06:07:38.294+0000] {dag.py:3823} INFO - Setting next_dagrun for dataset_consumes_1_never_scheduled to None, run_after=None
[2025-02-19T06:07:38.310+0000] {logging_mixin.py:188} INFO - [2025-02-19T06:07:38.309+0000] {dag.py:3823} INFO - Setting next_dagrun for dataset_consumes_unknown_never_scheduled to None, run_after=None
[2025-02-19T06:07:38.336+0000] {logging_mixin.py:188} INFO - [2025-02-19T06:07:38.336+0000] {dag.py:3823} INFO - Setting next_dagrun for dataset_produces_1 to 2025-02-18 00:00:00+00:00, run_after=2025-02-19 00:00:00+00:00
[2025-02-19T06:07:38.345+0000] {logging_mixin.py:188} INFO - [2025-02-19T06:07:38.345+0000] {dag.py:3823} INFO - Setting next_dagrun for dataset_produces_2 to None, run_after=None
[2025-02-19T06:07:38.690+0000] {processor.py:183} INFO - Processing /home/airflow/.local/lib/python3.10/site-packages/airflow/example_dags/example_datasets.py took 1.180 seconds
[2025-02-19T06:09:24.447+0000] {processor.py:161} INFO - Started process (PID=465) to work on /home/airflow/.local/lib/python3.10/site-packages/airflow/example_dags/example_datasets.py
[2025-02-19T06:09:24.452+0000] {processor.py:830} INFO - Processing file /home/airflow/.local/lib/python3.10/site-packages/airflow/example_dags/example_datasets.py for tasks to queue
[2025-02-19T06:09:24.457+0000] {logging_mixin.py:188} INFO - [2025-02-19T06:09:24.455+0000] {dagbag.py:538} INFO - Filling up the DagBag from /home/airflow/.local/lib/python3.10/site-packages/airflow/example_dags/example_datasets.py
[2025-02-19T06:09:24.510+0000] {processor.py:840} INFO - DAG(s) 'dataset_consumes_unknown_never_scheduled', 'dataset_consumes_1_and_2', 'dataset_consumes_1', 'dataset_produces_2', 'dataset_produces_1', 'dataset_consumes_1_never_scheduled' retrieved from /home/airflow/.local/lib/python3.10/site-packages/airflow/example_dags/example_datasets.py
[2025-02-19T06:09:24.765+0000] {logging_mixin.py:188} INFO - [2025-02-19T06:09:24.757+0000] {dag.py:3036} INFO - Sync 6 DAGs
[2025-02-19T06:09:24.918+0000] {logging_mixin.py:188} INFO - [2025-02-19T06:09:24.918+0000] {dag.py:3823} INFO - Setting next_dagrun for dataset_consumes_1 to None, run_after=None
[2025-02-19T06:09:24.935+0000] {logging_mixin.py:188} INFO - [2025-02-19T06:09:24.935+0000] {dag.py:3823} INFO - Setting next_dagrun for dataset_consumes_1_and_2 to None, run_after=None
[2025-02-19T06:09:24.948+0000] {logging_mixin.py:188} INFO - [2025-02-19T06:09:24.948+0000] {dag.py:3823} INFO - Setting next_dagrun for dataset_consumes_1_never_scheduled to None, run_after=None
[2025-02-19T06:09:24.958+0000] {logging_mixin.py:188} INFO - [2025-02-19T06:09:24.958+0000] {dag.py:3823} INFO - Setting next_dagrun for dataset_consumes_unknown_never_scheduled to None, run_after=None
[2025-02-19T06:09:24.970+0000] {logging_mixin.py:188} INFO - [2025-02-19T06:09:24.970+0000] {dag.py:3823} INFO - Setting next_dagrun for dataset_produces_1 to 2025-02-18 00:00:00+00:00, run_after=2025-02-19 00:00:00+00:00
[2025-02-19T06:09:24.983+0000] {logging_mixin.py:188} INFO - [2025-02-19T06:09:24.982+0000] {dag.py:3823} INFO - Setting next_dagrun for dataset_produces_2 to None, run_after=None
[2025-02-19T06:09:25.345+0000] {processor.py:183} INFO - Processing /home/airflow/.local/lib/python3.10/site-packages/airflow/example_dags/example_datasets.py took 0.921 seconds
[2025-02-19T06:11:10.020+0000] {processor.py:161} INFO - Started process (PID=528) to work on /home/airflow/.local/lib/python3.10/site-packages/airflow/example_dags/example_datasets.py
[2025-02-19T06:11:10.022+0000] {processor.py:830} INFO - Processing file /home/airflow/.local/lib/python3.10/site-packages/airflow/example_dags/example_datasets.py for tasks to queue
[2025-02-19T06:11:10.024+0000] {logging_mixin.py:188} INFO - [2025-02-19T06:11:10.024+0000] {dagbag.py:538} INFO - Filling up the DagBag from /home/airflow/.local/lib/python3.10/site-packages/airflow/example_dags/example_datasets.py
[2025-02-19T06:11:10.050+0000] {processor.py:840} INFO - DAG(s) 'dataset_produces_1', 'dataset_consumes_1', 'dataset_consumes_1_never_scheduled', 'dataset_consumes_unknown_never_scheduled', 'dataset_produces_2', 'dataset_consumes_1_and_2' retrieved from /home/airflow/.local/lib/python3.10/site-packages/airflow/example_dags/example_datasets.py
[2025-02-19T06:11:10.246+0000] {logging_mixin.py:188} INFO - [2025-02-19T06:11:10.245+0000] {dag.py:3036} INFO - Sync 6 DAGs
[2025-02-19T06:11:10.416+0000] {logging_mixin.py:188} INFO - [2025-02-19T06:11:10.415+0000] {dag.py:3823} INFO - Setting next_dagrun for dataset_consumes_1 to None, run_after=None
[2025-02-19T06:11:10.438+0000] {logging_mixin.py:188} INFO - [2025-02-19T06:11:10.438+0000] {dag.py:3823} INFO - Setting next_dagrun for dataset_consumes_1_and_2 to None, run_after=None
[2025-02-19T06:11:10.452+0000] {logging_mixin.py:188} INFO - [2025-02-19T06:11:10.451+0000] {dag.py:3823} INFO - Setting next_dagrun for dataset_consumes_1_never_scheduled to None, run_after=None
[2025-02-19T06:11:10.464+0000] {logging_mixin.py:188} INFO - [2025-02-19T06:11:10.463+0000] {dag.py:3823} INFO - Setting next_dagrun for dataset_consumes_unknown_never_scheduled to None, run_after=None
[2025-02-19T06:11:10.482+0000] {logging_mixin.py:188} INFO - [2025-02-19T06:11:10.482+0000] {dag.py:3823} INFO - Setting next_dagrun for dataset_produces_1 to 2025-02-18 00:00:00+00:00, run_after=2025-02-19 00:00:00+00:00
[2025-02-19T06:11:10.496+0000] {logging_mixin.py:188} INFO - [2025-02-19T06:11:10.495+0000] {dag.py:3823} INFO - Setting next_dagrun for dataset_produces_2 to None, run_after=None
[2025-02-19T06:11:10.790+0000] {processor.py:183} INFO - Processing /home/airflow/.local/lib/python3.10/site-packages/airflow/example_dags/example_datasets.py took 0.780 seconds
[2025-02-19T06:13:04.656+0000] {processor.py:161} INFO - Started process (PID=593) to work on /home/airflow/.local/lib/python3.10/site-packages/airflow/example_dags/example_datasets.py
[2025-02-19T06:13:04.658+0000] {processor.py:830} INFO - Processing file /home/airflow/.local/lib/python3.10/site-packages/airflow/example_dags/example_datasets.py for tasks to queue
[2025-02-19T06:13:04.661+0000] {logging_mixin.py:188} INFO - [2025-02-19T06:13:04.660+0000] {dagbag.py:538} INFO - Filling up the DagBag from /home/airflow/.local/lib/python3.10/site-packages/airflow/example_dags/example_datasets.py
[2025-02-19T06:13:04.685+0000] {processor.py:840} INFO - DAG(s) 'dataset_consumes_1_and_2', 'dataset_consumes_1', 'dataset_produces_2', 'dataset_consumes_1_never_scheduled', 'dataset_consumes_unknown_never_scheduled', 'dataset_produces_1' retrieved from /home/airflow/.local/lib/python3.10/site-packages/airflow/example_dags/example_datasets.py
[2025-02-19T06:13:04.814+0000] {logging_mixin.py:188} INFO - [2025-02-19T06:13:04.813+0000] {dag.py:3036} INFO - Sync 6 DAGs
[2025-02-19T06:13:04.888+0000] {logging_mixin.py:188} INFO - [2025-02-19T06:13:04.888+0000] {dag.py:3823} INFO - Setting next_dagrun for dataset_consumes_1 to None, run_after=None
[2025-02-19T06:13:04.902+0000] {logging_mixin.py:188} INFO - [2025-02-19T06:13:04.901+0000] {dag.py:3823} INFO - Setting next_dagrun for dataset_consumes_1_and_2 to None, run_after=None
[2025-02-19T06:13:04.908+0000] {logging_mixin.py:188} INFO - [2025-02-19T06:13:04.908+0000] {dag.py:3823} INFO - Setting next_dagrun for dataset_consumes_1_never_scheduled to None, run_after=None
[2025-02-19T06:13:04.914+0000] {logging_mixin.py:188} INFO - [2025-02-19T06:13:04.913+0000] {dag.py:3823} INFO - Setting next_dagrun for dataset_consumes_unknown_never_scheduled to None, run_after=None
[2025-02-19T06:13:04.924+0000] {logging_mixin.py:188} INFO - [2025-02-19T06:13:04.924+0000] {dag.py:3823} INFO - Setting next_dagrun for dataset_produces_1 to 2025-02-18 00:00:00+00:00, run_after=2025-02-19 00:00:00+00:00
[2025-02-19T06:13:04.931+0000] {logging_mixin.py:188} INFO - [2025-02-19T06:13:04.930+0000] {dag.py:3823} INFO - Setting next_dagrun for dataset_produces_2 to None, run_after=None
[2025-02-19T06:13:05.121+0000] {processor.py:183} INFO - Processing /home/airflow/.local/lib/python3.10/site-packages/airflow/example_dags/example_datasets.py took 0.473 seconds
[2025-02-19T06:14:42.356+0000] {processor.py:161} INFO - Started process (PID=654) to work on /home/airflow/.local/lib/python3.10/site-packages/airflow/example_dags/example_datasets.py
[2025-02-19T06:14:42.359+0000] {processor.py:830} INFO - Processing file /home/airflow/.local/lib/python3.10/site-packages/airflow/example_dags/example_datasets.py for tasks to queue
[2025-02-19T06:14:42.362+0000] {logging_mixin.py:188} INFO - [2025-02-19T06:14:42.361+0000] {dagbag.py:538} INFO - Filling up the DagBag from /home/airflow/.local/lib/python3.10/site-packages/airflow/example_dags/example_datasets.py
[2025-02-19T06:14:42.418+0000] {processor.py:840} INFO - DAG(s) 'dataset_produces_2', 'dataset_consumes_1', 'dataset_consumes_1_never_scheduled', 'dataset_consumes_unknown_never_scheduled', 'dataset_produces_1', 'dataset_consumes_1_and_2' retrieved from /home/airflow/.local/lib/python3.10/site-packages/airflow/example_dags/example_datasets.py
[2025-02-19T06:14:42.603+0000] {logging_mixin.py:188} INFO - [2025-02-19T06:14:42.602+0000] {dag.py:3036} INFO - Sync 6 DAGs
[2025-02-19T06:14:42.708+0000] {logging_mixin.py:188} INFO - [2025-02-19T06:14:42.707+0000] {dag.py:3823} INFO - Setting next_dagrun for dataset_consumes_1 to None, run_after=None
[2025-02-19T06:14:42.723+0000] {logging_mixin.py:188} INFO - [2025-02-19T06:14:42.723+0000] {dag.py:3823} INFO - Setting next_dagrun for dataset_consumes_1_and_2 to None, run_after=None
[2025-02-19T06:14:42.732+0000] {logging_mixin.py:188} INFO - [2025-02-19T06:14:42.731+0000] {dag.py:3823} INFO - Setting next_dagrun for dataset_consumes_1_never_scheduled to None, run_after=None
[2025-02-19T06:14:42.744+0000] {logging_mixin.py:188} INFO - [2025-02-19T06:14:42.743+0000] {dag.py:3823} INFO - Setting next_dagrun for dataset_consumes_unknown_never_scheduled to None, run_after=None
[2025-02-19T06:14:42.761+0000] {logging_mixin.py:188} INFO - [2025-02-19T06:14:42.759+0000] {dag.py:3823} INFO - Setting next_dagrun for dataset_produces_1 to 2025-02-18 00:00:00+00:00, run_after=2025-02-19 00:00:00+00:00
[2025-02-19T06:14:42.771+0000] {logging_mixin.py:188} INFO - [2025-02-19T06:14:42.770+0000] {dag.py:3823} INFO - Setting next_dagrun for dataset_produces_2 to None, run_after=None
[2025-02-19T06:14:43.020+0000] {processor.py:183} INFO - Processing /home/airflow/.local/lib/python3.10/site-packages/airflow/example_dags/example_datasets.py took 0.680 seconds
[2025-02-19T06:16:13.021+0000] {processor.py:161} INFO - Started process (PID=714) to work on /home/airflow/.local/lib/python3.10/site-packages/airflow/example_dags/example_datasets.py
[2025-02-19T06:16:13.023+0000] {processor.py:830} INFO - Processing file /home/airflow/.local/lib/python3.10/site-packages/airflow/example_dags/example_datasets.py for tasks to queue
[2025-02-19T06:16:13.025+0000] {logging_mixin.py:188} INFO - [2025-02-19T06:16:13.024+0000] {dagbag.py:538} INFO - Filling up the DagBag from /home/airflow/.local/lib/python3.10/site-packages/airflow/example_dags/example_datasets.py
[2025-02-19T06:16:13.054+0000] {processor.py:840} INFO - DAG(s) 'dataset_consumes_unknown_never_scheduled', 'dataset_produces_2', 'dataset_consumes_1_never_scheduled', 'dataset_consumes_1', 'dataset_produces_1', 'dataset_consumes_1_and_2' retrieved from /home/airflow/.local/lib/python3.10/site-packages/airflow/example_dags/example_datasets.py
[2025-02-19T06:16:13.193+0000] {logging_mixin.py:188} INFO - [2025-02-19T06:16:13.193+0000] {dag.py:3036} INFO - Sync 6 DAGs
[2025-02-19T06:16:13.253+0000] {logging_mixin.py:188} INFO - [2025-02-19T06:16:13.253+0000] {dag.py:3823} INFO - Setting next_dagrun for dataset_consumes_1 to None, run_after=None
[2025-02-19T06:16:13.265+0000] {logging_mixin.py:188} INFO - [2025-02-19T06:16:13.264+0000] {dag.py:3823} INFO - Setting next_dagrun for dataset_consumes_1_and_2 to None, run_after=None
[2025-02-19T06:16:13.271+0000] {logging_mixin.py:188} INFO - [2025-02-19T06:16:13.270+0000] {dag.py:3823} INFO - Setting next_dagrun for dataset_consumes_1_never_scheduled to None, run_after=None
[2025-02-19T06:16:13.276+0000] {logging_mixin.py:188} INFO - [2025-02-19T06:16:13.276+0000] {dag.py:3823} INFO - Setting next_dagrun for dataset_consumes_unknown_never_scheduled to None, run_after=None
[2025-02-19T06:16:13.286+0000] {logging_mixin.py:188} INFO - [2025-02-19T06:16:13.285+0000] {dag.py:3823} INFO - Setting next_dagrun for dataset_produces_1 to 2025-02-18 00:00:00+00:00, run_after=2025-02-19 00:00:00+00:00
[2025-02-19T06:16:13.292+0000] {logging_mixin.py:188} INFO - [2025-02-19T06:16:13.292+0000] {dag.py:3823} INFO - Setting next_dagrun for dataset_produces_2 to None, run_after=None
[2025-02-19T06:16:13.539+0000] {processor.py:183} INFO - Processing /home/airflow/.local/lib/python3.10/site-packages/airflow/example_dags/example_datasets.py took 0.527 seconds
[2025-02-19T06:18:18.587+0000] {processor.py:161} INFO - Started process (PID=782) to work on /home/airflow/.local/lib/python3.10/site-packages/airflow/example_dags/example_datasets.py
[2025-02-19T06:18:18.589+0000] {processor.py:830} INFO - Processing file /home/airflow/.local/lib/python3.10/site-packages/airflow/example_dags/example_datasets.py for tasks to queue
[2025-02-19T06:18:18.593+0000] {logging_mixin.py:188} INFO - [2025-02-19T06:18:18.592+0000] {dagbag.py:538} INFO - Filling up the DagBag from /home/airflow/.local/lib/python3.10/site-packages/airflow/example_dags/example_datasets.py
[2025-02-19T06:18:18.617+0000] {processor.py:840} INFO - DAG(s) 'dataset_consumes_1_and_2', 'dataset_consumes_unknown_never_scheduled', 'dataset_produces_1', 'dataset_consumes_1', 'dataset_produces_2', 'dataset_consumes_1_never_scheduled' retrieved from /home/airflow/.local/lib/python3.10/site-packages/airflow/example_dags/example_datasets.py
[2025-02-19T06:18:18.747+0000] {logging_mixin.py:188} INFO - [2025-02-19T06:18:18.746+0000] {dag.py:3036} INFO - Sync 6 DAGs
[2025-02-19T06:18:18.838+0000] {logging_mixin.py:188} INFO - [2025-02-19T06:18:18.837+0000] {dag.py:3823} INFO - Setting next_dagrun for dataset_consumes_1 to None, run_after=None
[2025-02-19T06:18:18.854+0000] {logging_mixin.py:188} INFO - [2025-02-19T06:18:18.854+0000] {dag.py:3823} INFO - Setting next_dagrun for dataset_consumes_1_and_2 to None, run_after=None
[2025-02-19T06:18:18.862+0000] {logging_mixin.py:188} INFO - [2025-02-19T06:18:18.861+0000] {dag.py:3823} INFO - Setting next_dagrun for dataset_consumes_1_never_scheduled to None, run_after=None
[2025-02-19T06:18:18.870+0000] {logging_mixin.py:188} INFO - [2025-02-19T06:18:18.869+0000] {dag.py:3823} INFO - Setting next_dagrun for dataset_consumes_unknown_never_scheduled to None, run_after=None
[2025-02-19T06:18:18.882+0000] {logging_mixin.py:188} INFO - [2025-02-19T06:18:18.881+0000] {dag.py:3823} INFO - Setting next_dagrun for dataset_produces_1 to 2025-02-18 00:00:00+00:00, run_after=2025-02-19 00:00:00+00:00
[2025-02-19T06:18:18.890+0000] {logging_mixin.py:188} INFO - [2025-02-19T06:18:18.889+0000] {dag.py:3823} INFO - Setting next_dagrun for dataset_produces_2 to None, run_after=None
[2025-02-19T06:18:19.187+0000] {processor.py:183} INFO - Processing /home/airflow/.local/lib/python3.10/site-packages/airflow/example_dags/example_datasets.py took 0.607 seconds
[2025-02-19T06:19:50.340+0000] {processor.py:161} INFO - Started process (PID=841) to work on /home/airflow/.local/lib/python3.10/site-packages/airflow/example_dags/example_datasets.py
[2025-02-19T06:19:50.342+0000] {processor.py:830} INFO - Processing file /home/airflow/.local/lib/python3.10/site-packages/airflow/example_dags/example_datasets.py for tasks to queue
[2025-02-19T06:19:50.345+0000] {logging_mixin.py:188} INFO - [2025-02-19T06:19:50.344+0000] {dagbag.py:538} INFO - Filling up the DagBag from /home/airflow/.local/lib/python3.10/site-packages/airflow/example_dags/example_datasets.py
[2025-02-19T06:19:50.391+0000] {processor.py:840} INFO - DAG(s) 'dataset_consumes_1_never_scheduled', 'dataset_produces_1', 'dataset_consumes_1_and_2', 'dataset_produces_2', 'dataset_consumes_unknown_never_scheduled', 'dataset_consumes_1' retrieved from /home/airflow/.local/lib/python3.10/site-packages/airflow/example_dags/example_datasets.py
[2025-02-19T06:19:50.549+0000] {logging_mixin.py:188} INFO - [2025-02-19T06:19:50.548+0000] {dag.py:3036} INFO - Sync 6 DAGs
[2025-02-19T06:19:50.651+0000] {logging_mixin.py:188} INFO - [2025-02-19T06:19:50.651+0000] {dag.py:3823} INFO - Setting next_dagrun for dataset_consumes_1 to None, run_after=None
[2025-02-19T06:19:50.676+0000] {logging_mixin.py:188} INFO - [2025-02-19T06:19:50.676+0000] {dag.py:3823} INFO - Setting next_dagrun for dataset_consumes_1_and_2 to None, run_after=None
[2025-02-19T06:19:50.690+0000] {logging_mixin.py:188} INFO - [2025-02-19T06:19:50.685+0000] {dag.py:3823} INFO - Setting next_dagrun for dataset_consumes_1_never_scheduled to None, run_after=None
[2025-02-19T06:19:50.699+0000] {logging_mixin.py:188} INFO - [2025-02-19T06:19:50.698+0000] {dag.py:3823} INFO - Setting next_dagrun for dataset_consumes_unknown_never_scheduled to None, run_after=None
[2025-02-19T06:19:50.724+0000] {logging_mixin.py:188} INFO - [2025-02-19T06:19:50.723+0000] {dag.py:3823} INFO - Setting next_dagrun for dataset_produces_1 to 2025-02-18 00:00:00+00:00, run_after=2025-02-19 00:00:00+00:00
[2025-02-19T06:19:50.738+0000] {logging_mixin.py:188} INFO - [2025-02-19T06:19:50.738+0000] {dag.py:3823} INFO - Setting next_dagrun for dataset_produces_2 to None, run_after=None
[2025-02-19T06:19:51.143+0000] {processor.py:183} INFO - Processing /home/airflow/.local/lib/python3.10/site-packages/airflow/example_dags/example_datasets.py took 0.820 seconds
[2025-02-19T06:21:35.812+0000] {processor.py:161} INFO - Started process (PID=903) to work on /home/airflow/.local/lib/python3.10/site-packages/airflow/example_dags/example_datasets.py
[2025-02-19T06:21:35.815+0000] {processor.py:830} INFO - Processing file /home/airflow/.local/lib/python3.10/site-packages/airflow/example_dags/example_datasets.py for tasks to queue
[2025-02-19T06:21:35.818+0000] {logging_mixin.py:188} INFO - [2025-02-19T06:21:35.817+0000] {dagbag.py:538} INFO - Filling up the DagBag from /home/airflow/.local/lib/python3.10/site-packages/airflow/example_dags/example_datasets.py
[2025-02-19T06:21:35.853+0000] {processor.py:840} INFO - DAG(s) 'dataset_consumes_1', 'dataset_consumes_1_and_2', 'dataset_consumes_unknown_never_scheduled', 'dataset_produces_1', 'dataset_consumes_1_never_scheduled', 'dataset_produces_2' retrieved from /home/airflow/.local/lib/python3.10/site-packages/airflow/example_dags/example_datasets.py
[2025-02-19T06:21:36.001+0000] {logging_mixin.py:188} INFO - [2025-02-19T06:21:36.000+0000] {dag.py:3036} INFO - Sync 6 DAGs
[2025-02-19T06:21:36.117+0000] {logging_mixin.py:188} INFO - [2025-02-19T06:21:36.116+0000] {dag.py:3823} INFO - Setting next_dagrun for dataset_consumes_1 to None, run_after=None
[2025-02-19T06:21:36.132+0000] {logging_mixin.py:188} INFO - [2025-02-19T06:21:36.131+0000] {dag.py:3823} INFO - Setting next_dagrun for dataset_consumes_1_and_2 to None, run_after=None
[2025-02-19T06:21:36.147+0000] {logging_mixin.py:188} INFO - [2025-02-19T06:21:36.147+0000] {dag.py:3823} INFO - Setting next_dagrun for dataset_consumes_1_never_scheduled to None, run_after=None
[2025-02-19T06:21:36.155+0000] {logging_mixin.py:188} INFO - [2025-02-19T06:21:36.155+0000] {dag.py:3823} INFO - Setting next_dagrun for dataset_consumes_unknown_never_scheduled to None, run_after=None
[2025-02-19T06:21:36.172+0000] {logging_mixin.py:188} INFO - [2025-02-19T06:21:36.171+0000] {dag.py:3823} INFO - Setting next_dagrun for dataset_produces_1 to 2025-02-18 00:00:00+00:00, run_after=2025-02-19 00:00:00+00:00
[2025-02-19T06:21:36.185+0000] {logging_mixin.py:188} INFO - [2025-02-19T06:21:36.185+0000] {dag.py:3823} INFO - Setting next_dagrun for dataset_produces_2 to None, run_after=None
[2025-02-19T06:21:36.450+0000] {processor.py:183} INFO - Processing /home/airflow/.local/lib/python3.10/site-packages/airflow/example_dags/example_datasets.py took 0.645 seconds
[2025-02-19T06:23:39.153+0000] {processor.py:161} INFO - Started process (PID=967) to work on /home/airflow/.local/lib/python3.10/site-packages/airflow/example_dags/example_datasets.py
[2025-02-19T06:23:39.157+0000] {processor.py:830} INFO - Processing file /home/airflow/.local/lib/python3.10/site-packages/airflow/example_dags/example_datasets.py for tasks to queue
[2025-02-19T06:23:39.159+0000] {logging_mixin.py:188} INFO - [2025-02-19T06:23:39.158+0000] {dagbag.py:538} INFO - Filling up the DagBag from /home/airflow/.local/lib/python3.10/site-packages/airflow/example_dags/example_datasets.py
[2025-02-19T06:23:39.226+0000] {processor.py:840} INFO - DAG(s) 'dataset_consumes_1_and_2', 'dataset_consumes_unknown_never_scheduled', 'dataset_produces_2', 'dataset_consumes_1', 'dataset_produces_1', 'dataset_consumes_1_never_scheduled' retrieved from /home/airflow/.local/lib/python3.10/site-packages/airflow/example_dags/example_datasets.py
[2025-02-19T06:23:39.557+0000] {logging_mixin.py:188} INFO - [2025-02-19T06:23:39.556+0000] {dag.py:3036} INFO - Sync 6 DAGs
[2025-02-19T06:23:39.723+0000] {logging_mixin.py:188} INFO - [2025-02-19T06:23:39.722+0000] {dag.py:3823} INFO - Setting next_dagrun for dataset_consumes_1 to None, run_after=None
[2025-02-19T06:23:39.778+0000] {logging_mixin.py:188} INFO - [2025-02-19T06:23:39.777+0000] {dag.py:3823} INFO - Setting next_dagrun for dataset_consumes_1_and_2 to None, run_after=None
[2025-02-19T06:23:39.786+0000] {logging_mixin.py:188} INFO - [2025-02-19T06:23:39.786+0000] {dag.py:3823} INFO - Setting next_dagrun for dataset_consumes_1_never_scheduled to None, run_after=None
[2025-02-19T06:23:39.800+0000] {logging_mixin.py:188} INFO - [2025-02-19T06:23:39.800+0000] {dag.py:3823} INFO - Setting next_dagrun for dataset_consumes_unknown_never_scheduled to None, run_after=None
[2025-02-19T06:23:39.829+0000] {logging_mixin.py:188} INFO - [2025-02-19T06:23:39.828+0000] {dag.py:3823} INFO - Setting next_dagrun for dataset_produces_1 to 2025-02-18 00:00:00+00:00, run_after=2025-02-19 00:00:00+00:00
[2025-02-19T06:23:39.844+0000] {logging_mixin.py:188} INFO - [2025-02-19T06:23:39.843+0000] {dag.py:3823} INFO - Setting next_dagrun for dataset_produces_2 to None, run_after=None
[2025-02-19T06:23:40.282+0000] {processor.py:183} INFO - Processing /home/airflow/.local/lib/python3.10/site-packages/airflow/example_dags/example_datasets.py took 1.143 seconds
[2025-02-19T06:25:52.376+0000] {processor.py:161} INFO - Started process (PID=1035) to work on /home/airflow/.local/lib/python3.10/site-packages/airflow/example_dags/example_datasets.py
[2025-02-19T06:25:52.379+0000] {processor.py:830} INFO - Processing file /home/airflow/.local/lib/python3.10/site-packages/airflow/example_dags/example_datasets.py for tasks to queue
[2025-02-19T06:25:52.384+0000] {logging_mixin.py:188} INFO - [2025-02-19T06:25:52.383+0000] {dagbag.py:538} INFO - Filling up the DagBag from /home/airflow/.local/lib/python3.10/site-packages/airflow/example_dags/example_datasets.py
[2025-02-19T06:25:52.462+0000] {processor.py:840} INFO - DAG(s) 'dataset_produces_1', 'dataset_consumes_unknown_never_scheduled', 'dataset_consumes_1_never_scheduled', 'dataset_produces_2', 'dataset_consumes_1_and_2', 'dataset_consumes_1' retrieved from /home/airflow/.local/lib/python3.10/site-packages/airflow/example_dags/example_datasets.py
[2025-02-19T06:25:52.694+0000] {logging_mixin.py:188} INFO - [2025-02-19T06:25:52.693+0000] {dag.py:3036} INFO - Sync 6 DAGs
[2025-02-19T06:25:52.876+0000] {logging_mixin.py:188} INFO - [2025-02-19T06:25:52.875+0000] {dag.py:3823} INFO - Setting next_dagrun for dataset_consumes_1 to None, run_after=None
[2025-02-19T06:25:52.906+0000] {logging_mixin.py:188} INFO - [2025-02-19T06:25:52.906+0000] {dag.py:3823} INFO - Setting next_dagrun for dataset_consumes_1_and_2 to None, run_after=None
[2025-02-19T06:25:52.922+0000] {logging_mixin.py:188} INFO - [2025-02-19T06:25:52.921+0000] {dag.py:3823} INFO - Setting next_dagrun for dataset_consumes_1_never_scheduled to None, run_after=None
[2025-02-19T06:25:52.931+0000] {logging_mixin.py:188} INFO - [2025-02-19T06:25:52.930+0000] {dag.py:3823} INFO - Setting next_dagrun for dataset_consumes_unknown_never_scheduled to None, run_after=None
[2025-02-19T06:25:53.034+0000] {logging_mixin.py:188} INFO - [2025-02-19T06:25:53.033+0000] {dag.py:3823} INFO - Setting next_dagrun for dataset_produces_1 to 2025-02-18 00:00:00+00:00, run_after=2025-02-19 00:00:00+00:00
[2025-02-19T06:25:53.047+0000] {logging_mixin.py:188} INFO - [2025-02-19T06:25:53.046+0000] {dag.py:3823} INFO - Setting next_dagrun for dataset_produces_2 to None, run_after=None
[2025-02-19T06:25:53.402+0000] {processor.py:183} INFO - Processing /home/airflow/.local/lib/python3.10/site-packages/airflow/example_dags/example_datasets.py took 1.029 seconds
[2025-02-19T06:30:22.922+0000] {processor.py:161} INFO - Started process (PID=50) to work on /home/airflow/.local/lib/python3.10/site-packages/airflow/example_dags/example_datasets.py
[2025-02-19T06:30:22.936+0000] {processor.py:830} INFO - Processing file /home/airflow/.local/lib/python3.10/site-packages/airflow/example_dags/example_datasets.py for tasks to queue
[2025-02-19T06:30:22.942+0000] {logging_mixin.py:188} INFO - [2025-02-19T06:30:22.941+0000] {dagbag.py:538} INFO - Filling up the DagBag from /home/airflow/.local/lib/python3.10/site-packages/airflow/example_dags/example_datasets.py
[2025-02-19T06:30:23.039+0000] {processor.py:840} INFO - DAG(s) 'dataset_consumes_1', 'dataset_produces_2', 'dataset_consumes_1_and_2', 'dataset_consumes_unknown_never_scheduled', 'dataset_consumes_1_never_scheduled', 'dataset_produces_1' retrieved from /home/airflow/.local/lib/python3.10/site-packages/airflow/example_dags/example_datasets.py
[2025-02-19T06:30:23.524+0000] {logging_mixin.py:188} INFO - [2025-02-19T06:30:23.524+0000] {dag.py:3036} INFO - Sync 6 DAGs
[2025-02-19T06:30:23.684+0000] {logging_mixin.py:188} INFO - [2025-02-19T06:30:23.683+0000] {dag.py:3823} INFO - Setting next_dagrun for dataset_consumes_1 to None, run_after=None
[2025-02-19T06:30:23.704+0000] {logging_mixin.py:188} INFO - [2025-02-19T06:30:23.703+0000] {dag.py:3823} INFO - Setting next_dagrun for dataset_consumes_1_and_2 to None, run_after=None
[2025-02-19T06:30:23.714+0000] {logging_mixin.py:188} INFO - [2025-02-19T06:30:23.710+0000] {dag.py:3823} INFO - Setting next_dagrun for dataset_consumes_1_never_scheduled to None, run_after=None
[2025-02-19T06:30:23.721+0000] {logging_mixin.py:188} INFO - [2025-02-19T06:30:23.720+0000] {dag.py:3823} INFO - Setting next_dagrun for dataset_consumes_unknown_never_scheduled to None, run_after=None
[2025-02-19T06:30:23.741+0000] {logging_mixin.py:188} INFO - [2025-02-19T06:30:23.741+0000] {dag.py:3823} INFO - Setting next_dagrun for dataset_produces_1 to 2025-02-18 00:00:00+00:00, run_after=2025-02-19 00:00:00+00:00
[2025-02-19T06:30:23.748+0000] {logging_mixin.py:188} INFO - [2025-02-19T06:30:23.748+0000] {dag.py:3823} INFO - Setting next_dagrun for dataset_produces_2 to None, run_after=None
[2025-02-19T06:30:24.076+0000] {processor.py:183} INFO - Processing /home/airflow/.local/lib/python3.10/site-packages/airflow/example_dags/example_datasets.py took 1.176 seconds
[2025-02-19T06:31:56.246+0000] {processor.py:161} INFO - Started process (PID=99) to work on /home/airflow/.local/lib/python3.10/site-packages/airflow/example_dags/example_datasets.py
[2025-02-19T06:31:56.260+0000] {processor.py:830} INFO - Processing file /home/airflow/.local/lib/python3.10/site-packages/airflow/example_dags/example_datasets.py for tasks to queue
[2025-02-19T06:31:56.265+0000] {logging_mixin.py:188} INFO - [2025-02-19T06:31:56.264+0000] {dagbag.py:538} INFO - Filling up the DagBag from /home/airflow/.local/lib/python3.10/site-packages/airflow/example_dags/example_datasets.py
[2025-02-19T06:31:56.363+0000] {processor.py:840} INFO - DAG(s) 'dataset_produces_1', 'dataset_consumes_1_and_2', 'dataset_consumes_1', 'dataset_produces_2', 'dataset_consumes_1_never_scheduled', 'dataset_consumes_unknown_never_scheduled' retrieved from /home/airflow/.local/lib/python3.10/site-packages/airflow/example_dags/example_datasets.py
[2025-02-19T06:31:56.599+0000] {logging_mixin.py:188} INFO - [2025-02-19T06:31:56.599+0000] {dag.py:3036} INFO - Sync 6 DAGs
[2025-02-19T06:31:56.720+0000] {logging_mixin.py:188} INFO - [2025-02-19T06:31:56.719+0000] {dag.py:3823} INFO - Setting next_dagrun for dataset_consumes_1 to None, run_after=None
[2025-02-19T06:31:56.741+0000] {logging_mixin.py:188} INFO - [2025-02-19T06:31:56.734+0000] {dag.py:3823} INFO - Setting next_dagrun for dataset_consumes_1_and_2 to None, run_after=None
[2025-02-19T06:31:56.752+0000] {logging_mixin.py:188} INFO - [2025-02-19T06:31:56.751+0000] {dag.py:3823} INFO - Setting next_dagrun for dataset_consumes_1_never_scheduled to None, run_after=None
[2025-02-19T06:31:56.760+0000] {logging_mixin.py:188} INFO - [2025-02-19T06:31:56.759+0000] {dag.py:3823} INFO - Setting next_dagrun for dataset_consumes_unknown_never_scheduled to None, run_after=None
[2025-02-19T06:31:56.779+0000] {logging_mixin.py:188} INFO - [2025-02-19T06:31:56.778+0000] {dag.py:3823} INFO - Setting next_dagrun for dataset_produces_1 to 2025-02-18 00:00:00+00:00, run_after=2025-02-19 00:00:00+00:00
[2025-02-19T06:31:56.788+0000] {logging_mixin.py:188} INFO - [2025-02-19T06:31:56.786+0000] {dag.py:3823} INFO - Setting next_dagrun for dataset_produces_2 to None, run_after=None
[2025-02-19T06:31:57.062+0000] {processor.py:183} INFO - Processing /home/airflow/.local/lib/python3.10/site-packages/airflow/example_dags/example_datasets.py took 0.841 seconds
[2025-02-19T06:34:11.395+0000] {processor.py:161} INFO - Started process (PID=167) to work on /home/airflow/.local/lib/python3.10/site-packages/airflow/example_dags/example_datasets.py
[2025-02-19T06:34:11.396+0000] {processor.py:830} INFO - Processing file /home/airflow/.local/lib/python3.10/site-packages/airflow/example_dags/example_datasets.py for tasks to queue
[2025-02-19T06:34:11.398+0000] {logging_mixin.py:188} INFO - [2025-02-19T06:34:11.397+0000] {dagbag.py:538} INFO - Filling up the DagBag from /home/airflow/.local/lib/python3.10/site-packages/airflow/example_dags/example_datasets.py
[2025-02-19T06:34:11.416+0000] {processor.py:840} INFO - DAG(s) 'dataset_consumes_unknown_never_scheduled', 'dataset_consumes_1_and_2', 'dataset_produces_1', 'dataset_produces_2', 'dataset_consumes_1_never_scheduled', 'dataset_consumes_1' retrieved from /home/airflow/.local/lib/python3.10/site-packages/airflow/example_dags/example_datasets.py
[2025-02-19T06:34:11.508+0000] {logging_mixin.py:188} INFO - [2025-02-19T06:34:11.508+0000] {dag.py:3036} INFO - Sync 6 DAGs
[2025-02-19T06:34:11.571+0000] {logging_mixin.py:188} INFO - [2025-02-19T06:34:11.571+0000] {dag.py:3823} INFO - Setting next_dagrun for dataset_consumes_1 to None, run_after=None
[2025-02-19T06:34:11.584+0000] {logging_mixin.py:188} INFO - [2025-02-19T06:34:11.583+0000] {dag.py:3823} INFO - Setting next_dagrun for dataset_consumes_1_and_2 to None, run_after=None
[2025-02-19T06:34:11.590+0000] {logging_mixin.py:188} INFO - [2025-02-19T06:34:11.589+0000] {dag.py:3823} INFO - Setting next_dagrun for dataset_consumes_1_never_scheduled to None, run_after=None
[2025-02-19T06:34:11.596+0000] {logging_mixin.py:188} INFO - [2025-02-19T06:34:11.595+0000] {dag.py:3823} INFO - Setting next_dagrun for dataset_consumes_unknown_never_scheduled to None, run_after=None
[2025-02-19T06:34:11.607+0000] {logging_mixin.py:188} INFO - [2025-02-19T06:34:11.606+0000] {dag.py:3823} INFO - Setting next_dagrun for dataset_produces_1 to 2025-02-18 00:00:00+00:00, run_after=2025-02-19 00:00:00+00:00
[2025-02-19T06:34:11.612+0000] {logging_mixin.py:188} INFO - [2025-02-19T06:34:11.612+0000] {dag.py:3823} INFO - Setting next_dagrun for dataset_produces_2 to None, run_after=None
[2025-02-19T06:34:11.795+0000] {processor.py:183} INFO - Processing /home/airflow/.local/lib/python3.10/site-packages/airflow/example_dags/example_datasets.py took 0.405 seconds
[2025-02-19T06:35:39.118+0000] {processor.py:161} INFO - Started process (PID=226) to work on /home/airflow/.local/lib/python3.10/site-packages/airflow/example_dags/example_datasets.py
[2025-02-19T06:35:39.120+0000] {processor.py:830} INFO - Processing file /home/airflow/.local/lib/python3.10/site-packages/airflow/example_dags/example_datasets.py for tasks to queue
[2025-02-19T06:35:39.124+0000] {logging_mixin.py:188} INFO - [2025-02-19T06:35:39.122+0000] {dagbag.py:538} INFO - Filling up the DagBag from /home/airflow/.local/lib/python3.10/site-packages/airflow/example_dags/example_datasets.py
[2025-02-19T06:35:39.156+0000] {processor.py:840} INFO - DAG(s) 'dataset_produces_1', 'dataset_produces_2', 'dataset_consumes_1', 'dataset_consumes_unknown_never_scheduled', 'dataset_consumes_1_and_2', 'dataset_consumes_1_never_scheduled' retrieved from /home/airflow/.local/lib/python3.10/site-packages/airflow/example_dags/example_datasets.py
[2025-02-19T06:35:39.278+0000] {logging_mixin.py:188} INFO - [2025-02-19T06:35:39.278+0000] {dag.py:3036} INFO - Sync 6 DAGs
[2025-02-19T06:35:39.377+0000] {logging_mixin.py:188} INFO - [2025-02-19T06:35:39.376+0000] {dag.py:3823} INFO - Setting next_dagrun for dataset_consumes_1 to None, run_after=None
[2025-02-19T06:35:39.396+0000] {logging_mixin.py:188} INFO - [2025-02-19T06:35:39.395+0000] {dag.py:3823} INFO - Setting next_dagrun for dataset_consumes_1_and_2 to None, run_after=None
[2025-02-19T06:35:39.404+0000] {logging_mixin.py:188} INFO - [2025-02-19T06:35:39.403+0000] {dag.py:3823} INFO - Setting next_dagrun for dataset_consumes_1_never_scheduled to None, run_after=None
[2025-02-19T06:35:39.412+0000] {logging_mixin.py:188} INFO - [2025-02-19T06:35:39.411+0000] {dag.py:3823} INFO - Setting next_dagrun for dataset_consumes_unknown_never_scheduled to None, run_after=None
[2025-02-19T06:35:39.427+0000] {logging_mixin.py:188} INFO - [2025-02-19T06:35:39.427+0000] {dag.py:3823} INFO - Setting next_dagrun for dataset_produces_1 to 2025-02-18 00:00:00+00:00, run_after=2025-02-19 00:00:00+00:00
[2025-02-19T06:35:39.434+0000] {logging_mixin.py:188} INFO - [2025-02-19T06:35:39.434+0000] {dag.py:3823} INFO - Setting next_dagrun for dataset_produces_2 to None, run_after=None
[2025-02-19T06:35:39.681+0000] {processor.py:183} INFO - Processing /home/airflow/.local/lib/python3.10/site-packages/airflow/example_dags/example_datasets.py took 0.568 seconds
[2025-02-19T06:37:38.306+0000] {processor.py:161} INFO - Started process (PID=291) to work on /home/airflow/.local/lib/python3.10/site-packages/airflow/example_dags/example_datasets.py
[2025-02-19T06:37:38.308+0000] {processor.py:830} INFO - Processing file /home/airflow/.local/lib/python3.10/site-packages/airflow/example_dags/example_datasets.py for tasks to queue
[2025-02-19T06:37:38.309+0000] {logging_mixin.py:188} INFO - [2025-02-19T06:37:38.309+0000] {dagbag.py:538} INFO - Filling up the DagBag from /home/airflow/.local/lib/python3.10/site-packages/airflow/example_dags/example_datasets.py
[2025-02-19T06:37:38.329+0000] {processor.py:840} INFO - DAG(s) 'dataset_consumes_1_never_scheduled', 'dataset_consumes_1_and_2', 'dataset_consumes_1', 'dataset_consumes_unknown_never_scheduled', 'dataset_produces_1', 'dataset_produces_2' retrieved from /home/airflow/.local/lib/python3.10/site-packages/airflow/example_dags/example_datasets.py
[2025-02-19T06:37:38.421+0000] {logging_mixin.py:188} INFO - [2025-02-19T06:37:38.421+0000] {dag.py:3036} INFO - Sync 6 DAGs
[2025-02-19T06:37:38.470+0000] {logging_mixin.py:188} INFO - [2025-02-19T06:37:38.470+0000] {dag.py:3823} INFO - Setting next_dagrun for dataset_consumes_1 to None, run_after=None
[2025-02-19T06:37:38.478+0000] {logging_mixin.py:188} INFO - [2025-02-19T06:37:38.477+0000] {dag.py:3823} INFO - Setting next_dagrun for dataset_consumes_1_and_2 to None, run_after=None
[2025-02-19T06:37:38.483+0000] {logging_mixin.py:188} INFO - [2025-02-19T06:37:38.482+0000] {dag.py:3823} INFO - Setting next_dagrun for dataset_consumes_1_never_scheduled to None, run_after=None
[2025-02-19T06:37:38.488+0000] {logging_mixin.py:188} INFO - [2025-02-19T06:37:38.488+0000] {dag.py:3823} INFO - Setting next_dagrun for dataset_consumes_unknown_never_scheduled to None, run_after=None
[2025-02-19T06:37:38.494+0000] {logging_mixin.py:188} INFO - [2025-02-19T06:37:38.494+0000] {dag.py:3823} INFO - Setting next_dagrun for dataset_produces_1 to 2025-02-18 00:00:00+00:00, run_after=2025-02-19 00:00:00+00:00
[2025-02-19T06:37:38.499+0000] {logging_mixin.py:188} INFO - [2025-02-19T06:37:38.498+0000] {dag.py:3823} INFO - Setting next_dagrun for dataset_produces_2 to None, run_after=None
[2025-02-19T06:37:38.644+0000] {processor.py:183} INFO - Processing /home/airflow/.local/lib/python3.10/site-packages/airflow/example_dags/example_datasets.py took 0.343 seconds
[2025-02-19T06:39:03.571+0000] {processor.py:161} INFO - Started process (PID=348) to work on /home/airflow/.local/lib/python3.10/site-packages/airflow/example_dags/example_datasets.py
[2025-02-19T06:39:03.577+0000] {processor.py:830} INFO - Processing file /home/airflow/.local/lib/python3.10/site-packages/airflow/example_dags/example_datasets.py for tasks to queue
[2025-02-19T06:39:03.579+0000] {logging_mixin.py:188} INFO - [2025-02-19T06:39:03.578+0000] {dagbag.py:538} INFO - Filling up the DagBag from /home/airflow/.local/lib/python3.10/site-packages/airflow/example_dags/example_datasets.py
[2025-02-19T06:39:03.621+0000] {processor.py:840} INFO - DAG(s) 'dataset_produces_2', 'dataset_consumes_1_never_scheduled', 'dataset_produces_1', 'dataset_consumes_1', 'dataset_consumes_1_and_2', 'dataset_consumes_unknown_never_scheduled' retrieved from /home/airflow/.local/lib/python3.10/site-packages/airflow/example_dags/example_datasets.py
[2025-02-19T06:39:03.802+0000] {logging_mixin.py:188} INFO - [2025-02-19T06:39:03.801+0000] {dag.py:3036} INFO - Sync 6 DAGs
[2025-02-19T06:39:03.908+0000] {logging_mixin.py:188} INFO - [2025-02-19T06:39:03.907+0000] {dag.py:3823} INFO - Setting next_dagrun for dataset_consumes_1 to None, run_after=None
[2025-02-19T06:39:03.922+0000] {logging_mixin.py:188} INFO - [2025-02-19T06:39:03.922+0000] {dag.py:3823} INFO - Setting next_dagrun for dataset_consumes_1_and_2 to None, run_after=None
[2025-02-19T06:39:03.929+0000] {logging_mixin.py:188} INFO - [2025-02-19T06:39:03.929+0000] {dag.py:3823} INFO - Setting next_dagrun for dataset_consumes_1_never_scheduled to None, run_after=None
[2025-02-19T06:39:03.936+0000] {logging_mixin.py:188} INFO - [2025-02-19T06:39:03.935+0000] {dag.py:3823} INFO - Setting next_dagrun for dataset_consumes_unknown_never_scheduled to None, run_after=None
[2025-02-19T06:39:03.952+0000] {logging_mixin.py:188} INFO - [2025-02-19T06:39:03.951+0000] {dag.py:3823} INFO - Setting next_dagrun for dataset_produces_1 to 2025-02-18 00:00:00+00:00, run_after=2025-02-19 00:00:00+00:00
[2025-02-19T06:39:03.962+0000] {logging_mixin.py:188} INFO - [2025-02-19T06:39:03.959+0000] {dag.py:3823} INFO - Setting next_dagrun for dataset_produces_2 to None, run_after=None
[2025-02-19T06:39:04.190+0000] {processor.py:183} INFO - Processing /home/airflow/.local/lib/python3.10/site-packages/airflow/example_dags/example_datasets.py took 0.627 seconds
[2025-02-19T06:40:37.426+0000] {processor.py:161} INFO - Started process (PID=383) to work on /home/airflow/.local/lib/python3.10/site-packages/airflow/example_dags/example_datasets.py
[2025-02-19T06:40:37.429+0000] {processor.py:830} INFO - Processing file /home/airflow/.local/lib/python3.10/site-packages/airflow/example_dags/example_datasets.py for tasks to queue
[2025-02-19T06:40:37.440+0000] {logging_mixin.py:188} INFO - [2025-02-19T06:40:37.439+0000] {dagbag.py:538} INFO - Filling up the DagBag from /home/airflow/.local/lib/python3.10/site-packages/airflow/example_dags/example_datasets.py
[2025-02-19T06:40:37.501+0000] {processor.py:840} INFO - DAG(s) 'dataset_consumes_unknown_never_scheduled', 'dataset_consumes_1_and_2', 'dataset_produces_1', 'dataset_consumes_1', 'dataset_produces_2', 'dataset_consumes_1_never_scheduled' retrieved from /home/airflow/.local/lib/python3.10/site-packages/airflow/example_dags/example_datasets.py
[2025-02-19T06:40:37.643+0000] {logging_mixin.py:188} INFO - [2025-02-19T06:40:37.642+0000] {dag.py:3036} INFO - Sync 6 DAGs
[2025-02-19T06:40:37.717+0000] {logging_mixin.py:188} INFO - [2025-02-19T06:40:37.717+0000] {dag.py:3823} INFO - Setting next_dagrun for dataset_consumes_1 to None, run_after=None
[2025-02-19T06:40:37.728+0000] {logging_mixin.py:188} INFO - [2025-02-19T06:40:37.728+0000] {dag.py:3823} INFO - Setting next_dagrun for dataset_consumes_1_and_2 to None, run_after=None
[2025-02-19T06:40:37.734+0000] {logging_mixin.py:188} INFO - [2025-02-19T06:40:37.734+0000] {dag.py:3823} INFO - Setting next_dagrun for dataset_consumes_1_never_scheduled to None, run_after=None
[2025-02-19T06:40:37.740+0000] {logging_mixin.py:188} INFO - [2025-02-19T06:40:37.740+0000] {dag.py:3823} INFO - Setting next_dagrun for dataset_consumes_unknown_never_scheduled to None, run_after=None
[2025-02-19T06:40:37.751+0000] {logging_mixin.py:188} INFO - [2025-02-19T06:40:37.750+0000] {dag.py:3823} INFO - Setting next_dagrun for dataset_produces_1 to 2025-02-18 00:00:00+00:00, run_after=2025-02-19 00:00:00+00:00
[2025-02-19T06:40:37.757+0000] {logging_mixin.py:188} INFO - [2025-02-19T06:40:37.757+0000] {dag.py:3823} INFO - Setting next_dagrun for dataset_produces_2 to None, run_after=None
[2025-02-19T06:40:37.988+0000] {processor.py:183} INFO - Processing /home/airflow/.local/lib/python3.10/site-packages/airflow/example_dags/example_datasets.py took 0.580 seconds
[2025-02-19T06:43:47.255+0000] {processor.py:161} INFO - Started process (PID=50) to work on /home/airflow/.local/lib/python3.10/site-packages/airflow/example_dags/example_datasets.py
[2025-02-19T06:43:47.257+0000] {processor.py:830} INFO - Processing file /home/airflow/.local/lib/python3.10/site-packages/airflow/example_dags/example_datasets.py for tasks to queue
[2025-02-19T06:43:47.258+0000] {logging_mixin.py:188} INFO - [2025-02-19T06:43:47.258+0000] {dagbag.py:538} INFO - Filling up the DagBag from /home/airflow/.local/lib/python3.10/site-packages/airflow/example_dags/example_datasets.py
[2025-02-19T06:43:47.278+0000] {processor.py:840} INFO - DAG(s) 'dataset_produces_2', 'dataset_consumes_1_never_scheduled', 'dataset_consumes_unknown_never_scheduled', 'dataset_consumes_1', 'dataset_consumes_1_and_2', 'dataset_produces_1' retrieved from /home/airflow/.local/lib/python3.10/site-packages/airflow/example_dags/example_datasets.py
[2025-02-19T06:43:47.387+0000] {logging_mixin.py:188} INFO - [2025-02-19T06:43:47.386+0000] {dag.py:3036} INFO - Sync 6 DAGs
[2025-02-19T06:43:47.478+0000] {logging_mixin.py:188} INFO - [2025-02-19T06:43:47.477+0000] {dag.py:3823} INFO - Setting next_dagrun for dataset_consumes_1 to None, run_after=None
[2025-02-19T06:43:47.493+0000] {logging_mixin.py:188} INFO - [2025-02-19T06:43:47.492+0000] {dag.py:3823} INFO - Setting next_dagrun for dataset_consumes_1_and_2 to None, run_after=None
[2025-02-19T06:43:47.501+0000] {logging_mixin.py:188} INFO - [2025-02-19T06:43:47.500+0000] {dag.py:3823} INFO - Setting next_dagrun for dataset_consumes_1_never_scheduled to None, run_after=None
[2025-02-19T06:43:47.507+0000] {logging_mixin.py:188} INFO - [2025-02-19T06:43:47.507+0000] {dag.py:3823} INFO - Setting next_dagrun for dataset_consumes_unknown_never_scheduled to None, run_after=None
[2025-02-19T06:43:47.524+0000] {logging_mixin.py:188} INFO - [2025-02-19T06:43:47.523+0000] {dag.py:3823} INFO - Setting next_dagrun for dataset_produces_1 to 2025-02-18 00:00:00+00:00, run_after=2025-02-19 00:00:00+00:00
[2025-02-19T06:43:47.531+0000] {logging_mixin.py:188} INFO - [2025-02-19T06:43:47.530+0000] {dag.py:3823} INFO - Setting next_dagrun for dataset_produces_2 to None, run_after=None
[2025-02-19T06:43:47.743+0000] {processor.py:183} INFO - Processing /home/airflow/.local/lib/python3.10/site-packages/airflow/example_dags/example_datasets.py took 0.494 seconds
[2025-02-19T06:45:10.059+0000] {processor.py:161} INFO - Started process (PID=99) to work on /home/airflow/.local/lib/python3.10/site-packages/airflow/example_dags/example_datasets.py
[2025-02-19T06:45:10.071+0000] {processor.py:830} INFO - Processing file /home/airflow/.local/lib/python3.10/site-packages/airflow/example_dags/example_datasets.py for tasks to queue
[2025-02-19T06:45:10.075+0000] {logging_mixin.py:188} INFO - [2025-02-19T06:45:10.073+0000] {dagbag.py:538} INFO - Filling up the DagBag from /home/airflow/.local/lib/python3.10/site-packages/airflow/example_dags/example_datasets.py
[2025-02-19T06:45:10.150+0000] {processor.py:840} INFO - DAG(s) 'dataset_consumes_1_never_scheduled', 'dataset_consumes_unknown_never_scheduled', 'dataset_produces_2', 'dataset_produces_1', 'dataset_consumes_1', 'dataset_consumes_1_and_2' retrieved from /home/airflow/.local/lib/python3.10/site-packages/airflow/example_dags/example_datasets.py
[2025-02-19T06:45:10.336+0000] {logging_mixin.py:188} INFO - [2025-02-19T06:45:10.335+0000] {dag.py:3036} INFO - Sync 6 DAGs
[2025-02-19T06:45:10.428+0000] {logging_mixin.py:188} INFO - [2025-02-19T06:45:10.428+0000] {dag.py:3823} INFO - Setting next_dagrun for dataset_consumes_1 to None, run_after=None
[2025-02-19T06:45:10.443+0000] {logging_mixin.py:188} INFO - [2025-02-19T06:45:10.443+0000] {dag.py:3823} INFO - Setting next_dagrun for dataset_consumes_1_and_2 to None, run_after=None
[2025-02-19T06:45:10.451+0000] {logging_mixin.py:188} INFO - [2025-02-19T06:45:10.450+0000] {dag.py:3823} INFO - Setting next_dagrun for dataset_consumes_1_never_scheduled to None, run_after=None
[2025-02-19T06:45:10.458+0000] {logging_mixin.py:188} INFO - [2025-02-19T06:45:10.457+0000] {dag.py:3823} INFO - Setting next_dagrun for dataset_consumes_unknown_never_scheduled to None, run_after=None
[2025-02-19T06:45:10.477+0000] {logging_mixin.py:188} INFO - [2025-02-19T06:45:10.476+0000] {dag.py:3823} INFO - Setting next_dagrun for dataset_produces_1 to 2025-02-18 00:00:00+00:00, run_after=2025-02-19 00:00:00+00:00
[2025-02-19T06:45:10.486+0000] {logging_mixin.py:188} INFO - [2025-02-19T06:45:10.485+0000] {dag.py:3823} INFO - Setting next_dagrun for dataset_produces_2 to None, run_after=None
[2025-02-19T06:45:10.713+0000] {processor.py:183} INFO - Processing /home/airflow/.local/lib/python3.10/site-packages/airflow/example_dags/example_datasets.py took 0.668 seconds
[2025-02-19T06:46:51.577+0000] {processor.py:161} INFO - Started process (PID=162) to work on /home/airflow/.local/lib/python3.10/site-packages/airflow/example_dags/example_datasets.py
[2025-02-19T06:46:51.585+0000] {processor.py:830} INFO - Processing file /home/airflow/.local/lib/python3.10/site-packages/airflow/example_dags/example_datasets.py for tasks to queue
[2025-02-19T06:46:51.590+0000] {logging_mixin.py:188} INFO - [2025-02-19T06:46:51.589+0000] {dagbag.py:538} INFO - Filling up the DagBag from /home/airflow/.local/lib/python3.10/site-packages/airflow/example_dags/example_datasets.py
[2025-02-19T06:46:51.624+0000] {processor.py:840} INFO - DAG(s) 'dataset_produces_1', 'dataset_consumes_unknown_never_scheduled', 'dataset_consumes_1_and_2', 'dataset_produces_2', 'dataset_consumes_1_never_scheduled', 'dataset_consumes_1' retrieved from /home/airflow/.local/lib/python3.10/site-packages/airflow/example_dags/example_datasets.py
[2025-02-19T06:46:51.743+0000] {logging_mixin.py:188} INFO - [2025-02-19T06:46:51.743+0000] {dag.py:3036} INFO - Sync 6 DAGs
[2025-02-19T06:46:51.805+0000] {logging_mixin.py:188} INFO - [2025-02-19T06:46:51.804+0000] {dag.py:3823} INFO - Setting next_dagrun for dataset_consumes_1 to None, run_after=None
[2025-02-19T06:46:51.814+0000] {logging_mixin.py:188} INFO - [2025-02-19T06:46:51.813+0000] {dag.py:3823} INFO - Setting next_dagrun for dataset_consumes_1_and_2 to None, run_after=None
[2025-02-19T06:46:51.820+0000] {logging_mixin.py:188} INFO - [2025-02-19T06:46:51.819+0000] {dag.py:3823} INFO - Setting next_dagrun for dataset_consumes_1_never_scheduled to None, run_after=None
[2025-02-19T06:46:51.824+0000] {logging_mixin.py:188} INFO - [2025-02-19T06:46:51.824+0000] {dag.py:3823} INFO - Setting next_dagrun for dataset_consumes_unknown_never_scheduled to None, run_after=None
[2025-02-19T06:46:51.832+0000] {logging_mixin.py:188} INFO - [2025-02-19T06:46:51.831+0000] {dag.py:3823} INFO - Setting next_dagrun for dataset_produces_1 to 2025-02-18 00:00:00+00:00, run_after=2025-02-19 00:00:00+00:00
[2025-02-19T06:46:51.838+0000] {logging_mixin.py:188} INFO - [2025-02-19T06:46:51.837+0000] {dag.py:3823} INFO - Setting next_dagrun for dataset_produces_2 to None, run_after=None
[2025-02-19T06:46:52.013+0000] {processor.py:183} INFO - Processing /home/airflow/.local/lib/python3.10/site-packages/airflow/example_dags/example_datasets.py took 0.445 seconds
[2025-02-19T06:48:37.572+0000] {processor.py:161} INFO - Started process (PID=223) to work on /home/airflow/.local/lib/python3.10/site-packages/airflow/example_dags/example_datasets.py
[2025-02-19T06:48:37.575+0000] {processor.py:830} INFO - Processing file /home/airflow/.local/lib/python3.10/site-packages/airflow/example_dags/example_datasets.py for tasks to queue
[2025-02-19T06:48:37.579+0000] {logging_mixin.py:188} INFO - [2025-02-19T06:48:37.578+0000] {dagbag.py:538} INFO - Filling up the DagBag from /home/airflow/.local/lib/python3.10/site-packages/airflow/example_dags/example_datasets.py
[2025-02-19T06:48:37.598+0000] {processor.py:840} INFO - DAG(s) 'dataset_produces_2', 'dataset_consumes_1_and_2', 'dataset_consumes_1', 'dataset_consumes_unknown_never_scheduled', 'dataset_produces_1', 'dataset_consumes_1_never_scheduled' retrieved from /home/airflow/.local/lib/python3.10/site-packages/airflow/example_dags/example_datasets.py
[2025-02-19T06:48:37.713+0000] {logging_mixin.py:188} INFO - [2025-02-19T06:48:37.713+0000] {dag.py:3036} INFO - Sync 6 DAGs
[2025-02-19T06:48:37.782+0000] {logging_mixin.py:188} INFO - [2025-02-19T06:48:37.782+0000] {dag.py:3823} INFO - Setting next_dagrun for dataset_consumes_1 to None, run_after=None
[2025-02-19T06:48:37.793+0000] {logging_mixin.py:188} INFO - [2025-02-19T06:48:37.793+0000] {dag.py:3823} INFO - Setting next_dagrun for dataset_consumes_1_and_2 to None, run_after=None
[2025-02-19T06:48:37.800+0000] {logging_mixin.py:188} INFO - [2025-02-19T06:48:37.800+0000] {dag.py:3823} INFO - Setting next_dagrun for dataset_consumes_1_never_scheduled to None, run_after=None
[2025-02-19T06:48:37.806+0000] {logging_mixin.py:188} INFO - [2025-02-19T06:48:37.805+0000] {dag.py:3823} INFO - Setting next_dagrun for dataset_consumes_unknown_never_scheduled to None, run_after=None
[2025-02-19T06:48:37.820+0000] {logging_mixin.py:188} INFO - [2025-02-19T06:48:37.819+0000] {dag.py:3823} INFO - Setting next_dagrun for dataset_produces_1 to 2025-02-18 00:00:00+00:00, run_after=2025-02-19 00:00:00+00:00
[2025-02-19T06:48:37.827+0000] {logging_mixin.py:188} INFO - [2025-02-19T06:48:37.826+0000] {dag.py:3823} INFO - Setting next_dagrun for dataset_produces_2 to None, run_after=None
[2025-02-19T06:48:38.057+0000] {processor.py:183} INFO - Processing /home/airflow/.local/lib/python3.10/site-packages/airflow/example_dags/example_datasets.py took 0.491 seconds
[2025-02-19T06:50:22.542+0000] {processor.py:161} INFO - Started process (PID=284) to work on /home/airflow/.local/lib/python3.10/site-packages/airflow/example_dags/example_datasets.py
[2025-02-19T06:50:22.554+0000] {processor.py:830} INFO - Processing file /home/airflow/.local/lib/python3.10/site-packages/airflow/example_dags/example_datasets.py for tasks to queue
[2025-02-19T06:50:22.557+0000] {logging_mixin.py:188} INFO - [2025-02-19T06:50:22.556+0000] {dagbag.py:538} INFO - Filling up the DagBag from /home/airflow/.local/lib/python3.10/site-packages/airflow/example_dags/example_datasets.py
[2025-02-19T06:50:22.623+0000] {processor.py:840} INFO - DAG(s) 'dataset_consumes_1', 'dataset_consumes_unknown_never_scheduled', 'dataset_consumes_1_never_scheduled', 'dataset_produces_2', 'dataset_produces_1', 'dataset_consumes_1_and_2' retrieved from /home/airflow/.local/lib/python3.10/site-packages/airflow/example_dags/example_datasets.py
[2025-02-19T06:50:22.899+0000] {logging_mixin.py:188} INFO - [2025-02-19T06:50:22.890+0000] {dag.py:3036} INFO - Sync 6 DAGs
[2025-02-19T06:50:23.039+0000] {logging_mixin.py:188} INFO - [2025-02-19T06:50:23.038+0000] {dag.py:3823} INFO - Setting next_dagrun for dataset_consumes_1 to None, run_after=None
[2025-02-19T06:50:23.055+0000] {logging_mixin.py:188} INFO - [2025-02-19T06:50:23.054+0000] {dag.py:3823} INFO - Setting next_dagrun for dataset_consumes_1_and_2 to None, run_after=None
[2025-02-19T06:50:23.061+0000] {logging_mixin.py:188} INFO - [2025-02-19T06:50:23.061+0000] {dag.py:3823} INFO - Setting next_dagrun for dataset_consumes_1_never_scheduled to None, run_after=None
[2025-02-19T06:50:23.071+0000] {logging_mixin.py:188} INFO - [2025-02-19T06:50:23.070+0000] {dag.py:3823} INFO - Setting next_dagrun for dataset_consumes_unknown_never_scheduled to None, run_after=None
[2025-02-19T06:50:23.083+0000] {logging_mixin.py:188} INFO - [2025-02-19T06:50:23.082+0000] {dag.py:3823} INFO - Setting next_dagrun for dataset_produces_1 to 2025-02-18 00:00:00+00:00, run_after=2025-02-19 00:00:00+00:00
[2025-02-19T06:50:23.090+0000] {logging_mixin.py:188} INFO - [2025-02-19T06:50:23.090+0000] {dag.py:3823} INFO - Setting next_dagrun for dataset_produces_2 to None, run_after=None
[2025-02-19T06:50:23.311+0000] {processor.py:183} INFO - Processing /home/airflow/.local/lib/python3.10/site-packages/airflow/example_dags/example_datasets.py took 0.785 seconds
[2025-02-19T06:52:03.027+0000] {processor.py:161} INFO - Started process (PID=346) to work on /home/airflow/.local/lib/python3.10/site-packages/airflow/example_dags/example_datasets.py
[2025-02-19T06:52:03.040+0000] {processor.py:830} INFO - Processing file /home/airflow/.local/lib/python3.10/site-packages/airflow/example_dags/example_datasets.py for tasks to queue
[2025-02-19T06:52:03.044+0000] {logging_mixin.py:188} INFO - [2025-02-19T06:52:03.043+0000] {dagbag.py:538} INFO - Filling up the DagBag from /home/airflow/.local/lib/python3.10/site-packages/airflow/example_dags/example_datasets.py
[2025-02-19T06:52:03.134+0000] {processor.py:840} INFO - DAG(s) 'dataset_consumes_unknown_never_scheduled', 'dataset_produces_1', 'dataset_consumes_1_never_scheduled', 'dataset_consumes_1_and_2', 'dataset_produces_2', 'dataset_consumes_1' retrieved from /home/airflow/.local/lib/python3.10/site-packages/airflow/example_dags/example_datasets.py
[2025-02-19T06:52:03.435+0000] {logging_mixin.py:188} INFO - [2025-02-19T06:52:03.435+0000] {dag.py:3036} INFO - Sync 6 DAGs
[2025-02-19T06:52:03.649+0000] {logging_mixin.py:188} INFO - [2025-02-19T06:52:03.641+0000] {dag.py:3823} INFO - Setting next_dagrun for dataset_consumes_1 to None, run_after=None
[2025-02-19T06:52:03.696+0000] {logging_mixin.py:188} INFO - [2025-02-19T06:52:03.695+0000] {dag.py:3823} INFO - Setting next_dagrun for dataset_consumes_1_and_2 to None, run_after=None
[2025-02-19T06:52:03.710+0000] {logging_mixin.py:188} INFO - [2025-02-19T06:52:03.703+0000] {dag.py:3823} INFO - Setting next_dagrun for dataset_consumes_1_never_scheduled to None, run_after=None
[2025-02-19T06:52:03.718+0000] {logging_mixin.py:188} INFO - [2025-02-19T06:52:03.717+0000] {dag.py:3823} INFO - Setting next_dagrun for dataset_consumes_unknown_never_scheduled to None, run_after=None
[2025-02-19T06:52:03.769+0000] {logging_mixin.py:188} INFO - [2025-02-19T06:52:03.768+0000] {dag.py:3823} INFO - Setting next_dagrun for dataset_produces_1 to 2025-02-18 00:00:00+00:00, run_after=2025-02-19 00:00:00+00:00
[2025-02-19T06:52:03.776+0000] {logging_mixin.py:188} INFO - [2025-02-19T06:52:03.776+0000] {dag.py:3823} INFO - Setting next_dagrun for dataset_produces_2 to None, run_after=None
[2025-02-19T06:52:04.114+0000] {processor.py:183} INFO - Processing /home/airflow/.local/lib/python3.10/site-packages/airflow/example_dags/example_datasets.py took 1.099 seconds
[2025-02-19T06:53:46.056+0000] {processor.py:161} INFO - Started process (PID=408) to work on /home/airflow/.local/lib/python3.10/site-packages/airflow/example_dags/example_datasets.py
[2025-02-19T06:53:46.058+0000] {processor.py:830} INFO - Processing file /home/airflow/.local/lib/python3.10/site-packages/airflow/example_dags/example_datasets.py for tasks to queue
[2025-02-19T06:53:46.060+0000] {logging_mixin.py:188} INFO - [2025-02-19T06:53:46.059+0000] {dagbag.py:538} INFO - Filling up the DagBag from /home/airflow/.local/lib/python3.10/site-packages/airflow/example_dags/example_datasets.py
[2025-02-19T06:53:46.085+0000] {processor.py:840} INFO - DAG(s) 'dataset_produces_2', 'dataset_consumes_1_and_2', 'dataset_consumes_1_never_scheduled', 'dataset_consumes_unknown_never_scheduled', 'dataset_produces_1', 'dataset_consumes_1' retrieved from /home/airflow/.local/lib/python3.10/site-packages/airflow/example_dags/example_datasets.py
[2025-02-19T06:53:46.188+0000] {logging_mixin.py:188} INFO - [2025-02-19T06:53:46.187+0000] {dag.py:3036} INFO - Sync 6 DAGs
[2025-02-19T06:53:46.242+0000] {logging_mixin.py:188} INFO - [2025-02-19T06:53:46.241+0000] {dag.py:3823} INFO - Setting next_dagrun for dataset_consumes_1 to None, run_after=None
[2025-02-19T06:53:46.253+0000] {logging_mixin.py:188} INFO - [2025-02-19T06:53:46.252+0000] {dag.py:3823} INFO - Setting next_dagrun for dataset_consumes_1_and_2 to None, run_after=None
[2025-02-19T06:53:46.257+0000] {logging_mixin.py:188} INFO - [2025-02-19T06:53:46.257+0000] {dag.py:3823} INFO - Setting next_dagrun for dataset_consumes_1_never_scheduled to None, run_after=None
[2025-02-19T06:53:46.262+0000] {logging_mixin.py:188} INFO - [2025-02-19T06:53:46.262+0000] {dag.py:3823} INFO - Setting next_dagrun for dataset_consumes_unknown_never_scheduled to None, run_after=None
[2025-02-19T06:53:46.271+0000] {logging_mixin.py:188} INFO - [2025-02-19T06:53:46.270+0000] {dag.py:3823} INFO - Setting next_dagrun for dataset_produces_1 to 2025-02-18 00:00:00+00:00, run_after=2025-02-19 00:00:00+00:00
[2025-02-19T06:53:46.277+0000] {logging_mixin.py:188} INFO - [2025-02-19T06:53:46.275+0000] {dag.py:3823} INFO - Setting next_dagrun for dataset_produces_2 to None, run_after=None
[2025-02-19T06:53:46.465+0000] {processor.py:183} INFO - Processing /home/airflow/.local/lib/python3.10/site-packages/airflow/example_dags/example_datasets.py took 0.414 seconds
[2025-02-19T06:55:09.251+0000] {processor.py:161} INFO - Started process (PID=466) to work on /home/airflow/.local/lib/python3.10/site-packages/airflow/example_dags/example_datasets.py
[2025-02-19T06:55:09.252+0000] {processor.py:830} INFO - Processing file /home/airflow/.local/lib/python3.10/site-packages/airflow/example_dags/example_datasets.py for tasks to queue
[2025-02-19T06:55:09.255+0000] {logging_mixin.py:188} INFO - [2025-02-19T06:55:09.254+0000] {dagbag.py:538} INFO - Filling up the DagBag from /home/airflow/.local/lib/python3.10/site-packages/airflow/example_dags/example_datasets.py
[2025-02-19T06:55:09.271+0000] {processor.py:840} INFO - DAG(s) 'dataset_consumes_1', 'dataset_consumes_1_and_2', 'dataset_produces_1', 'dataset_consumes_1_never_scheduled', 'dataset_produces_2', 'dataset_consumes_unknown_never_scheduled' retrieved from /home/airflow/.local/lib/python3.10/site-packages/airflow/example_dags/example_datasets.py
[2025-02-19T06:55:09.365+0000] {logging_mixin.py:188} INFO - [2025-02-19T06:55:09.365+0000] {dag.py:3036} INFO - Sync 6 DAGs
[2025-02-19T06:55:09.407+0000] {logging_mixin.py:188} INFO - [2025-02-19T06:55:09.406+0000] {dag.py:3823} INFO - Setting next_dagrun for dataset_consumes_1 to None, run_after=None
[2025-02-19T06:55:09.415+0000] {logging_mixin.py:188} INFO - [2025-02-19T06:55:09.415+0000] {dag.py:3823} INFO - Setting next_dagrun for dataset_consumes_1_and_2 to None, run_after=None
[2025-02-19T06:55:09.419+0000] {logging_mixin.py:188} INFO - [2025-02-19T06:55:09.419+0000] {dag.py:3823} INFO - Setting next_dagrun for dataset_consumes_1_never_scheduled to None, run_after=None
[2025-02-19T06:55:09.424+0000] {logging_mixin.py:188} INFO - [2025-02-19T06:55:09.424+0000] {dag.py:3823} INFO - Setting next_dagrun for dataset_consumes_unknown_never_scheduled to None, run_after=None
[2025-02-19T06:55:09.431+0000] {logging_mixin.py:188} INFO - [2025-02-19T06:55:09.430+0000] {dag.py:3823} INFO - Setting next_dagrun for dataset_produces_1 to 2025-02-18 00:00:00+00:00, run_after=2025-02-19 00:00:00+00:00
[2025-02-19T06:55:09.434+0000] {logging_mixin.py:188} INFO - [2025-02-19T06:55:09.434+0000] {dag.py:3823} INFO - Setting next_dagrun for dataset_produces_2 to None, run_after=None
[2025-02-19T06:55:09.562+0000] {processor.py:183} INFO - Processing /home/airflow/.local/lib/python3.10/site-packages/airflow/example_dags/example_datasets.py took 0.316 seconds
[2025-02-19T06:56:32.821+0000] {processor.py:161} INFO - Started process (PID=522) to work on /home/airflow/.local/lib/python3.10/site-packages/airflow/example_dags/example_datasets.py
[2025-02-19T06:56:32.824+0000] {processor.py:830} INFO - Processing file /home/airflow/.local/lib/python3.10/site-packages/airflow/example_dags/example_datasets.py for tasks to queue
[2025-02-19T06:56:32.827+0000] {logging_mixin.py:188} INFO - [2025-02-19T06:56:32.826+0000] {dagbag.py:538} INFO - Filling up the DagBag from /home/airflow/.local/lib/python3.10/site-packages/airflow/example_dags/example_datasets.py
[2025-02-19T06:56:32.865+0000] {processor.py:840} INFO - DAG(s) 'dataset_consumes_1_never_scheduled', 'dataset_produces_2', 'dataset_consumes_1', 'dataset_consumes_unknown_never_scheduled', 'dataset_consumes_1_and_2', 'dataset_produces_1' retrieved from /home/airflow/.local/lib/python3.10/site-packages/airflow/example_dags/example_datasets.py
[2025-02-19T06:56:33.009+0000] {logging_mixin.py:188} INFO - [2025-02-19T06:56:33.009+0000] {dag.py:3036} INFO - Sync 6 DAGs
[2025-02-19T06:56:33.083+0000] {logging_mixin.py:188} INFO - [2025-02-19T06:56:33.082+0000] {dag.py:3823} INFO - Setting next_dagrun for dataset_consumes_1 to None, run_after=None
[2025-02-19T06:56:33.095+0000] {logging_mixin.py:188} INFO - [2025-02-19T06:56:33.092+0000] {dag.py:3823} INFO - Setting next_dagrun for dataset_consumes_1_and_2 to None, run_after=None
[2025-02-19T06:56:33.100+0000] {logging_mixin.py:188} INFO - [2025-02-19T06:56:33.100+0000] {dag.py:3823} INFO - Setting next_dagrun for dataset_consumes_1_never_scheduled to None, run_after=None
[2025-02-19T06:56:33.105+0000] {logging_mixin.py:188} INFO - [2025-02-19T06:56:33.104+0000] {dag.py:3823} INFO - Setting next_dagrun for dataset_consumes_unknown_never_scheduled to None, run_after=None
[2025-02-19T06:56:33.117+0000] {logging_mixin.py:188} INFO - [2025-02-19T06:56:33.116+0000] {dag.py:3823} INFO - Setting next_dagrun for dataset_produces_1 to 2025-02-18 00:00:00+00:00, run_after=2025-02-19 00:00:00+00:00
[2025-02-19T06:56:33.130+0000] {logging_mixin.py:188} INFO - [2025-02-19T06:56:33.129+0000] {dag.py:3823} INFO - Setting next_dagrun for dataset_produces_2 to None, run_after=None
[2025-02-19T06:56:33.314+0000] {processor.py:183} INFO - Processing /home/airflow/.local/lib/python3.10/site-packages/airflow/example_dags/example_datasets.py took 0.502 seconds
[2025-02-19T06:58:13.407+0000] {processor.py:161} INFO - Started process (PID=583) to work on /home/airflow/.local/lib/python3.10/site-packages/airflow/example_dags/example_datasets.py
[2025-02-19T06:58:13.410+0000] {processor.py:830} INFO - Processing file /home/airflow/.local/lib/python3.10/site-packages/airflow/example_dags/example_datasets.py for tasks to queue
[2025-02-19T06:58:13.413+0000] {logging_mixin.py:188} INFO - [2025-02-19T06:58:13.412+0000] {dagbag.py:538} INFO - Filling up the DagBag from /home/airflow/.local/lib/python3.10/site-packages/airflow/example_dags/example_datasets.py
[2025-02-19T06:58:13.439+0000] {processor.py:840} INFO - DAG(s) 'dataset_consumes_unknown_never_scheduled', 'dataset_consumes_1_never_scheduled', 'dataset_consumes_1_and_2', 'dataset_consumes_1', 'dataset_produces_1', 'dataset_produces_2' retrieved from /home/airflow/.local/lib/python3.10/site-packages/airflow/example_dags/example_datasets.py
[2025-02-19T06:58:13.716+0000] {logging_mixin.py:188} INFO - [2025-02-19T06:58:13.716+0000] {dag.py:3036} INFO - Sync 6 DAGs
[2025-02-19T06:58:13.835+0000] {logging_mixin.py:188} INFO - [2025-02-19T06:58:13.835+0000] {dag.py:3823} INFO - Setting next_dagrun for dataset_consumes_1 to None, run_after=None
[2025-02-19T06:58:13.847+0000] {logging_mixin.py:188} INFO - [2025-02-19T06:58:13.847+0000] {dag.py:3823} INFO - Setting next_dagrun for dataset_consumes_1_and_2 to None, run_after=None
[2025-02-19T06:58:13.854+0000] {logging_mixin.py:188} INFO - [2025-02-19T06:58:13.854+0000] {dag.py:3823} INFO - Setting next_dagrun for dataset_consumes_1_never_scheduled to None, run_after=None
[2025-02-19T06:58:13.861+0000] {logging_mixin.py:188} INFO - [2025-02-19T06:58:13.860+0000] {dag.py:3823} INFO - Setting next_dagrun for dataset_consumes_unknown_never_scheduled to None, run_after=None
[2025-02-19T06:58:13.873+0000] {logging_mixin.py:188} INFO - [2025-02-19T06:58:13.873+0000] {dag.py:3823} INFO - Setting next_dagrun for dataset_produces_1 to 2025-02-18 00:00:00+00:00, run_after=2025-02-19 00:00:00+00:00
[2025-02-19T06:58:13.880+0000] {logging_mixin.py:188} INFO - [2025-02-19T06:58:13.880+0000] {dag.py:3823} INFO - Setting next_dagrun for dataset_produces_2 to None, run_after=None
[2025-02-19T06:58:14.079+0000] {processor.py:183} INFO - Processing /home/airflow/.local/lib/python3.10/site-packages/airflow/example_dags/example_datasets.py took 0.681 seconds
[2025-02-19T06:59:48.482+0000] {processor.py:161} INFO - Started process (PID=642) to work on /home/airflow/.local/lib/python3.10/site-packages/airflow/example_dags/example_datasets.py
[2025-02-19T06:59:48.486+0000] {processor.py:830} INFO - Processing file /home/airflow/.local/lib/python3.10/site-packages/airflow/example_dags/example_datasets.py for tasks to queue
[2025-02-19T06:59:48.491+0000] {logging_mixin.py:188} INFO - [2025-02-19T06:59:48.489+0000] {dagbag.py:538} INFO - Filling up the DagBag from /home/airflow/.local/lib/python3.10/site-packages/airflow/example_dags/example_datasets.py
[2025-02-19T06:59:48.558+0000] {processor.py:840} INFO - DAG(s) 'dataset_consumes_unknown_never_scheduled', 'dataset_consumes_1_never_scheduled', 'dataset_produces_1', 'dataset_produces_2', 'dataset_consumes_1', 'dataset_consumes_1_and_2' retrieved from /home/airflow/.local/lib/python3.10/site-packages/airflow/example_dags/example_datasets.py
[2025-02-19T06:59:48.836+0000] {logging_mixin.py:188} INFO - [2025-02-19T06:59:48.836+0000] {dag.py:3036} INFO - Sync 6 DAGs
[2025-02-19T06:59:49.059+0000] {logging_mixin.py:188} INFO - [2025-02-19T06:59:49.059+0000] {dag.py:3823} INFO - Setting next_dagrun for dataset_consumes_1 to None, run_after=None
[2025-02-19T06:59:49.096+0000] {logging_mixin.py:188} INFO - [2025-02-19T06:59:49.095+0000] {dag.py:3823} INFO - Setting next_dagrun for dataset_consumes_1_and_2 to None, run_after=None
[2025-02-19T06:59:49.110+0000] {logging_mixin.py:188} INFO - [2025-02-19T06:59:49.109+0000] {dag.py:3823} INFO - Setting next_dagrun for dataset_consumes_1_never_scheduled to None, run_after=None
[2025-02-19T06:59:49.126+0000] {logging_mixin.py:188} INFO - [2025-02-19T06:59:49.126+0000] {dag.py:3823} INFO - Setting next_dagrun for dataset_consumes_unknown_never_scheduled to None, run_after=None
[2025-02-19T06:59:49.156+0000] {logging_mixin.py:188} INFO - [2025-02-19T06:59:49.155+0000] {dag.py:3823} INFO - Setting next_dagrun for dataset_produces_1 to 2025-02-18 00:00:00+00:00, run_after=2025-02-19 00:00:00+00:00
[2025-02-19T06:59:49.170+0000] {logging_mixin.py:188} INFO - [2025-02-19T06:59:49.164+0000] {dag.py:3823} INFO - Setting next_dagrun for dataset_produces_2 to None, run_after=None
[2025-02-19T06:59:49.547+0000] {processor.py:183} INFO - Processing /home/airflow/.local/lib/python3.10/site-packages/airflow/example_dags/example_datasets.py took 1.084 seconds
[2025-02-19T07:01:32.314+0000] {processor.py:161} INFO - Started process (PID=706) to work on /home/airflow/.local/lib/python3.10/site-packages/airflow/example_dags/example_datasets.py
[2025-02-19T07:01:32.317+0000] {processor.py:830} INFO - Processing file /home/airflow/.local/lib/python3.10/site-packages/airflow/example_dags/example_datasets.py for tasks to queue
[2025-02-19T07:01:32.320+0000] {logging_mixin.py:188} INFO - [2025-02-19T07:01:32.319+0000] {dagbag.py:538} INFO - Filling up the DagBag from /home/airflow/.local/lib/python3.10/site-packages/airflow/example_dags/example_datasets.py
[2025-02-19T07:01:32.351+0000] {processor.py:840} INFO - DAG(s) 'dataset_consumes_unknown_never_scheduled', 'dataset_consumes_1_and_2', 'dataset_consumes_1_never_scheduled', 'dataset_produces_1', 'dataset_produces_2', 'dataset_consumes_1' retrieved from /home/airflow/.local/lib/python3.10/site-packages/airflow/example_dags/example_datasets.py
[2025-02-19T07:01:32.502+0000] {logging_mixin.py:188} INFO - [2025-02-19T07:01:32.502+0000] {dag.py:3036} INFO - Sync 6 DAGs
[2025-02-19T07:01:32.578+0000] {logging_mixin.py:188} INFO - [2025-02-19T07:01:32.577+0000] {dag.py:3823} INFO - Setting next_dagrun for dataset_consumes_1 to None, run_after=None
[2025-02-19T07:01:32.591+0000] {logging_mixin.py:188} INFO - [2025-02-19T07:01:32.590+0000] {dag.py:3823} INFO - Setting next_dagrun for dataset_consumes_1_and_2 to None, run_after=None
[2025-02-19T07:01:32.598+0000] {logging_mixin.py:188} INFO - [2025-02-19T07:01:32.598+0000] {dag.py:3823} INFO - Setting next_dagrun for dataset_consumes_1_never_scheduled to None, run_after=None
[2025-02-19T07:01:32.607+0000] {logging_mixin.py:188} INFO - [2025-02-19T07:01:32.606+0000] {dag.py:3823} INFO - Setting next_dagrun for dataset_consumes_unknown_never_scheduled to None, run_after=None
[2025-02-19T07:01:32.618+0000] {logging_mixin.py:188} INFO - [2025-02-19T07:01:32.617+0000] {dag.py:3823} INFO - Setting next_dagrun for dataset_produces_1 to 2025-02-18 00:00:00+00:00, run_after=2025-02-19 00:00:00+00:00
[2025-02-19T07:01:32.626+0000] {logging_mixin.py:188} INFO - [2025-02-19T07:01:32.625+0000] {dag.py:3823} INFO - Setting next_dagrun for dataset_produces_2 to None, run_after=None
[2025-02-19T07:01:32.859+0000] {processor.py:183} INFO - Processing /home/airflow/.local/lib/python3.10/site-packages/airflow/example_dags/example_datasets.py took 0.552 seconds
[2025-02-19T07:03:13.529+0000] {processor.py:161} INFO - Started process (PID=768) to work on /home/airflow/.local/lib/python3.10/site-packages/airflow/example_dags/example_datasets.py
[2025-02-19T07:03:13.531+0000] {processor.py:830} INFO - Processing file /home/airflow/.local/lib/python3.10/site-packages/airflow/example_dags/example_datasets.py for tasks to queue
[2025-02-19T07:03:13.534+0000] {logging_mixin.py:188} INFO - [2025-02-19T07:03:13.533+0000] {dagbag.py:538} INFO - Filling up the DagBag from /home/airflow/.local/lib/python3.10/site-packages/airflow/example_dags/example_datasets.py
[2025-02-19T07:03:13.561+0000] {processor.py:840} INFO - DAG(s) 'dataset_produces_2', 'dataset_consumes_1_never_scheduled', 'dataset_produces_1', 'dataset_consumes_1_and_2', 'dataset_consumes_1', 'dataset_consumes_unknown_never_scheduled' retrieved from /home/airflow/.local/lib/python3.10/site-packages/airflow/example_dags/example_datasets.py
[2025-02-19T07:03:13.713+0000] {logging_mixin.py:188} INFO - [2025-02-19T07:03:13.713+0000] {dag.py:3036} INFO - Sync 6 DAGs
[2025-02-19T07:03:13.796+0000] {logging_mixin.py:188} INFO - [2025-02-19T07:03:13.795+0000] {dag.py:3823} INFO - Setting next_dagrun for dataset_consumes_1 to None, run_after=None
[2025-02-19T07:03:13.812+0000] {logging_mixin.py:188} INFO - [2025-02-19T07:03:13.811+0000] {dag.py:3823} INFO - Setting next_dagrun for dataset_consumes_1_and_2 to None, run_after=None
[2025-02-19T07:03:13.818+0000] {logging_mixin.py:188} INFO - [2025-02-19T07:03:13.818+0000] {dag.py:3823} INFO - Setting next_dagrun for dataset_consumes_1_never_scheduled to None, run_after=None
[2025-02-19T07:03:13.825+0000] {logging_mixin.py:188} INFO - [2025-02-19T07:03:13.824+0000] {dag.py:3823} INFO - Setting next_dagrun for dataset_consumes_unknown_never_scheduled to None, run_after=None
[2025-02-19T07:03:13.836+0000] {logging_mixin.py:188} INFO - [2025-02-19T07:03:13.835+0000] {dag.py:3823} INFO - Setting next_dagrun for dataset_produces_1 to 2025-02-18 00:00:00+00:00, run_after=2025-02-19 00:00:00+00:00
[2025-02-19T07:03:13.844+0000] {logging_mixin.py:188} INFO - [2025-02-19T07:03:13.844+0000] {dag.py:3823} INFO - Setting next_dagrun for dataset_produces_2 to None, run_after=None
[2025-02-19T07:03:14.072+0000] {processor.py:183} INFO - Processing /home/airflow/.local/lib/python3.10/site-packages/airflow/example_dags/example_datasets.py took 0.552 seconds
[2025-02-19T07:05:30.953+0000] {processor.py:161} INFO - Started process (PID=828) to work on /home/airflow/.local/lib/python3.10/site-packages/airflow/example_dags/example_datasets.py
[2025-02-19T07:05:30.970+0000] {processor.py:830} INFO - Processing file /home/airflow/.local/lib/python3.10/site-packages/airflow/example_dags/example_datasets.py for tasks to queue
[2025-02-19T07:05:30.984+0000] {logging_mixin.py:188} INFO - [2025-02-19T07:05:30.979+0000] {dagbag.py:538} INFO - Filling up the DagBag from /home/airflow/.local/lib/python3.10/site-packages/airflow/example_dags/example_datasets.py
[2025-02-19T07:05:31.056+0000] {processor.py:840} INFO - DAG(s) 'dataset_produces_1', 'dataset_consumes_1_never_scheduled', 'dataset_produces_2', 'dataset_consumes_1_and_2', 'dataset_consumes_1', 'dataset_consumes_unknown_never_scheduled' retrieved from /home/airflow/.local/lib/python3.10/site-packages/airflow/example_dags/example_datasets.py
[2025-02-19T07:05:31.273+0000] {logging_mixin.py:188} INFO - [2025-02-19T07:05:31.272+0000] {dag.py:3036} INFO - Sync 6 DAGs
[2025-02-19T07:05:31.378+0000] {logging_mixin.py:188} INFO - [2025-02-19T07:05:31.378+0000] {dag.py:3823} INFO - Setting next_dagrun for dataset_consumes_1 to None, run_after=None
[2025-02-19T07:05:31.391+0000] {logging_mixin.py:188} INFO - [2025-02-19T07:05:31.391+0000] {dag.py:3823} INFO - Setting next_dagrun for dataset_consumes_1_and_2 to None, run_after=None
[2025-02-19T07:05:31.401+0000] {logging_mixin.py:188} INFO - [2025-02-19T07:05:31.400+0000] {dag.py:3823} INFO - Setting next_dagrun for dataset_consumes_1_never_scheduled to None, run_after=None
[2025-02-19T07:05:31.409+0000] {logging_mixin.py:188} INFO - [2025-02-19T07:05:31.409+0000] {dag.py:3823} INFO - Setting next_dagrun for dataset_consumes_unknown_never_scheduled to None, run_after=None
[2025-02-19T07:05:31.424+0000] {logging_mixin.py:188} INFO - [2025-02-19T07:05:31.424+0000] {dag.py:3823} INFO - Setting next_dagrun for dataset_produces_1 to 2025-02-18 00:00:00+00:00, run_after=2025-02-19 00:00:00+00:00
[2025-02-19T07:05:31.433+0000] {logging_mixin.py:188} INFO - [2025-02-19T07:05:31.432+0000] {dag.py:3823} INFO - Setting next_dagrun for dataset_produces_2 to None, run_after=None
[2025-02-19T07:05:33.654+0000] {processor.py:183} INFO - Processing /home/airflow/.local/lib/python3.10/site-packages/airflow/example_dags/example_datasets.py took 2.731 seconds
