[2025-02-19T05:56:27.429+0000] {processor.py:161} INFO - Started process (PID=63) to work on /home/airflow/.local/lib/python3.10/site-packages/airflow/example_dags/example_skip_dag.py
[2025-02-19T05:56:27.435+0000] {processor.py:830} INFO - Processing file /home/airflow/.local/lib/python3.10/site-packages/airflow/example_dags/example_skip_dag.py for tasks to queue
[2025-02-19T05:56:27.438+0000] {logging_mixin.py:188} INFO - [2025-02-19T05:56:27.437+0000] {dagbag.py:538} INFO - Filling up the DagBag from /home/airflow/.local/lib/python3.10/site-packages/airflow/example_dags/example_skip_dag.py
[2025-02-19T05:56:27.462+0000] {processor.py:840} INFO - DAG(s) 'example_skip_dag' retrieved from /home/airflow/.local/lib/python3.10/site-packages/airflow/example_dags/example_skip_dag.py
[2025-02-19T05:56:27.553+0000] {logging_mixin.py:188} INFO - [2025-02-19T05:56:27.552+0000] {dag.py:3036} INFO - Sync 1 DAGs
[2025-02-19T05:56:27.628+0000] {logging_mixin.py:188} INFO - [2025-02-19T05:56:27.628+0000] {dag.py:3823} INFO - Setting next_dagrun for example_skip_dag to 2025-02-18 00:00:00+00:00, run_after=2025-02-19 00:00:00+00:00
[2025-02-19T05:56:27.780+0000] {processor.py:183} INFO - Processing /home/airflow/.local/lib/python3.10/site-packages/airflow/example_dags/example_skip_dag.py took 0.360 seconds
[2025-02-19T05:58:55.664+0000] {processor.py:161} INFO - Started process (PID=112) to work on /home/airflow/.local/lib/python3.10/site-packages/airflow/example_dags/example_skip_dag.py
[2025-02-19T05:58:55.677+0000] {processor.py:830} INFO - Processing file /home/airflow/.local/lib/python3.10/site-packages/airflow/example_dags/example_skip_dag.py for tasks to queue
[2025-02-19T05:58:55.680+0000] {logging_mixin.py:188} INFO - [2025-02-19T05:58:55.679+0000] {dagbag.py:538} INFO - Filling up the DagBag from /home/airflow/.local/lib/python3.10/site-packages/airflow/example_dags/example_skip_dag.py
[2025-02-19T05:58:55.720+0000] {processor.py:840} INFO - DAG(s) 'example_skip_dag' retrieved from /home/airflow/.local/lib/python3.10/site-packages/airflow/example_dags/example_skip_dag.py
[2025-02-19T05:58:56.046+0000] {logging_mixin.py:188} INFO - [2025-02-19T05:58:56.046+0000] {dag.py:3036} INFO - Sync 1 DAGs
[2025-02-19T05:58:56.143+0000] {logging_mixin.py:188} INFO - [2025-02-19T05:58:56.143+0000] {dag.py:3823} INFO - Setting next_dagrun for example_skip_dag to 2025-02-18 00:00:00+00:00, run_after=2025-02-19 00:00:00+00:00
[2025-02-19T05:58:56.298+0000] {processor.py:183} INFO - Processing /home/airflow/.local/lib/python3.10/site-packages/airflow/example_dags/example_skip_dag.py took 0.641 seconds
[2025-02-19T06:00:58.226+0000] {processor.py:161} INFO - Started process (PID=178) to work on /home/airflow/.local/lib/python3.10/site-packages/airflow/example_dags/example_skip_dag.py
[2025-02-19T06:00:58.234+0000] {processor.py:830} INFO - Processing file /home/airflow/.local/lib/python3.10/site-packages/airflow/example_dags/example_skip_dag.py for tasks to queue
[2025-02-19T06:00:58.237+0000] {logging_mixin.py:188} INFO - [2025-02-19T06:00:58.236+0000] {dagbag.py:538} INFO - Filling up the DagBag from /home/airflow/.local/lib/python3.10/site-packages/airflow/example_dags/example_skip_dag.py
[2025-02-19T06:00:58.273+0000] {processor.py:840} INFO - DAG(s) 'example_skip_dag' retrieved from /home/airflow/.local/lib/python3.10/site-packages/airflow/example_dags/example_skip_dag.py
[2025-02-19T06:00:58.400+0000] {logging_mixin.py:188} INFO - [2025-02-19T06:00:58.393+0000] {dag.py:3036} INFO - Sync 1 DAGs
[2025-02-19T06:00:58.508+0000] {logging_mixin.py:188} INFO - [2025-02-19T06:00:58.507+0000] {dag.py:3823} INFO - Setting next_dagrun for example_skip_dag to 2025-02-18 00:00:00+00:00, run_after=2025-02-19 00:00:00+00:00
[2025-02-19T06:00:59.055+0000] {processor.py:183} INFO - Processing /home/airflow/.local/lib/python3.10/site-packages/airflow/example_dags/example_skip_dag.py took 0.867 seconds
[2025-02-19T06:02:51.482+0000] {processor.py:161} INFO - Started process (PID=244) to work on /home/airflow/.local/lib/python3.10/site-packages/airflow/example_dags/example_skip_dag.py
[2025-02-19T06:02:51.485+0000] {processor.py:830} INFO - Processing file /home/airflow/.local/lib/python3.10/site-packages/airflow/example_dags/example_skip_dag.py for tasks to queue
[2025-02-19T06:02:51.488+0000] {logging_mixin.py:188} INFO - [2025-02-19T06:02:51.487+0000] {dagbag.py:538} INFO - Filling up the DagBag from /home/airflow/.local/lib/python3.10/site-packages/airflow/example_dags/example_skip_dag.py
[2025-02-19T06:02:51.508+0000] {processor.py:840} INFO - DAG(s) 'example_skip_dag' retrieved from /home/airflow/.local/lib/python3.10/site-packages/airflow/example_dags/example_skip_dag.py
[2025-02-19T06:02:51.588+0000] {logging_mixin.py:188} INFO - [2025-02-19T06:02:51.588+0000] {dag.py:3036} INFO - Sync 1 DAGs
[2025-02-19T06:02:51.659+0000] {logging_mixin.py:188} INFO - [2025-02-19T06:02:51.658+0000] {dag.py:3823} INFO - Setting next_dagrun for example_skip_dag to 2025-02-18 00:00:00+00:00, run_after=2025-02-19 00:00:00+00:00
[2025-02-19T06:02:51.809+0000] {processor.py:183} INFO - Processing /home/airflow/.local/lib/python3.10/site-packages/airflow/example_dags/example_skip_dag.py took 0.344 seconds
[2025-02-19T06:04:32.140+0000] {processor.py:161} INFO - Started process (PID=305) to work on /home/airflow/.local/lib/python3.10/site-packages/airflow/example_dags/example_skip_dag.py
[2025-02-19T06:04:32.143+0000] {processor.py:830} INFO - Processing file /home/airflow/.local/lib/python3.10/site-packages/airflow/example_dags/example_skip_dag.py for tasks to queue
[2025-02-19T06:04:32.146+0000] {logging_mixin.py:188} INFO - [2025-02-19T06:04:32.145+0000] {dagbag.py:538} INFO - Filling up the DagBag from /home/airflow/.local/lib/python3.10/site-packages/airflow/example_dags/example_skip_dag.py
[2025-02-19T06:04:32.184+0000] {processor.py:840} INFO - DAG(s) 'example_skip_dag' retrieved from /home/airflow/.local/lib/python3.10/site-packages/airflow/example_dags/example_skip_dag.py
[2025-02-19T06:04:32.306+0000] {logging_mixin.py:188} INFO - [2025-02-19T06:04:32.306+0000] {dag.py:3036} INFO - Sync 1 DAGs
[2025-02-19T06:04:32.448+0000] {logging_mixin.py:188} INFO - [2025-02-19T06:04:32.447+0000] {dag.py:3823} INFO - Setting next_dagrun for example_skip_dag to 2025-02-18 00:00:00+00:00, run_after=2025-02-19 00:00:00+00:00
[2025-02-19T06:04:32.639+0000] {processor.py:183} INFO - Processing /home/airflow/.local/lib/python3.10/site-packages/airflow/example_dags/example_skip_dag.py took 0.512 seconds
[2025-02-19T06:06:23.914+0000] {processor.py:161} INFO - Started process (PID=369) to work on /home/airflow/.local/lib/python3.10/site-packages/airflow/example_dags/example_skip_dag.py
[2025-02-19T06:06:23.917+0000] {processor.py:830} INFO - Processing file /home/airflow/.local/lib/python3.10/site-packages/airflow/example_dags/example_skip_dag.py for tasks to queue
[2025-02-19T06:06:23.920+0000] {logging_mixin.py:188} INFO - [2025-02-19T06:06:23.919+0000] {dagbag.py:538} INFO - Filling up the DagBag from /home/airflow/.local/lib/python3.10/site-packages/airflow/example_dags/example_skip_dag.py
[2025-02-19T06:06:23.957+0000] {processor.py:840} INFO - DAG(s) 'example_skip_dag' retrieved from /home/airflow/.local/lib/python3.10/site-packages/airflow/example_dags/example_skip_dag.py
[2025-02-19T06:06:24.081+0000] {logging_mixin.py:188} INFO - [2025-02-19T06:06:24.080+0000] {dag.py:3036} INFO - Sync 1 DAGs
[2025-02-19T06:06:24.218+0000] {logging_mixin.py:188} INFO - [2025-02-19T06:06:24.217+0000] {dag.py:3823} INFO - Setting next_dagrun for example_skip_dag to 2025-02-18 00:00:00+00:00, run_after=2025-02-19 00:00:00+00:00
[2025-02-19T06:06:24.408+0000] {processor.py:183} INFO - Processing /home/airflow/.local/lib/python3.10/site-packages/airflow/example_dags/example_skip_dag.py took 0.511 seconds
[2025-02-19T06:08:35.322+0000] {processor.py:161} INFO - Started process (PID=435) to work on /home/airflow/.local/lib/python3.10/site-packages/airflow/example_dags/example_skip_dag.py
[2025-02-19T06:08:35.330+0000] {processor.py:830} INFO - Processing file /home/airflow/.local/lib/python3.10/site-packages/airflow/example_dags/example_skip_dag.py for tasks to queue
[2025-02-19T06:08:35.334+0000] {logging_mixin.py:188} INFO - [2025-02-19T06:08:35.333+0000] {dagbag.py:538} INFO - Filling up the DagBag from /home/airflow/.local/lib/python3.10/site-packages/airflow/example_dags/example_skip_dag.py
[2025-02-19T06:08:35.372+0000] {processor.py:840} INFO - DAG(s) 'example_skip_dag' retrieved from /home/airflow/.local/lib/python3.10/site-packages/airflow/example_dags/example_skip_dag.py
[2025-02-19T06:08:35.456+0000] {logging_mixin.py:188} INFO - [2025-02-19T06:08:35.456+0000] {dag.py:3036} INFO - Sync 1 DAGs
[2025-02-19T06:08:35.585+0000] {logging_mixin.py:188} INFO - [2025-02-19T06:08:35.585+0000] {dag.py:3823} INFO - Setting next_dagrun for example_skip_dag to 2025-02-18 00:00:00+00:00, run_after=2025-02-19 00:00:00+00:00
[2025-02-19T06:08:35.783+0000] {processor.py:183} INFO - Processing /home/airflow/.local/lib/python3.10/site-packages/airflow/example_dags/example_skip_dag.py took 0.469 seconds
[2025-02-19T06:10:17.046+0000] {processor.py:161} INFO - Started process (PID=498) to work on /home/airflow/.local/lib/python3.10/site-packages/airflow/example_dags/example_skip_dag.py
[2025-02-19T06:10:17.049+0000] {processor.py:830} INFO - Processing file /home/airflow/.local/lib/python3.10/site-packages/airflow/example_dags/example_skip_dag.py for tasks to queue
[2025-02-19T06:10:17.054+0000] {logging_mixin.py:188} INFO - [2025-02-19T06:10:17.052+0000] {dagbag.py:538} INFO - Filling up the DagBag from /home/airflow/.local/lib/python3.10/site-packages/airflow/example_dags/example_skip_dag.py
[2025-02-19T06:10:17.096+0000] {processor.py:840} INFO - DAG(s) 'example_skip_dag' retrieved from /home/airflow/.local/lib/python3.10/site-packages/airflow/example_dags/example_skip_dag.py
[2025-02-19T06:10:17.161+0000] {logging_mixin.py:188} INFO - [2025-02-19T06:10:17.160+0000] {dag.py:3036} INFO - Sync 1 DAGs
[2025-02-19T06:10:17.229+0000] {logging_mixin.py:188} INFO - [2025-02-19T06:10:17.228+0000] {dag.py:3823} INFO - Setting next_dagrun for example_skip_dag to 2025-02-18 00:00:00+00:00, run_after=2025-02-19 00:00:00+00:00
[2025-02-19T06:10:17.384+0000] {processor.py:183} INFO - Processing /home/airflow/.local/lib/python3.10/site-packages/airflow/example_dags/example_skip_dag.py took 0.357 seconds
[2025-02-19T06:12:06.306+0000] {processor.py:161} INFO - Started process (PID=560) to work on /home/airflow/.local/lib/python3.10/site-packages/airflow/example_dags/example_skip_dag.py
[2025-02-19T06:12:06.310+0000] {processor.py:830} INFO - Processing file /home/airflow/.local/lib/python3.10/site-packages/airflow/example_dags/example_skip_dag.py for tasks to queue
[2025-02-19T06:12:06.323+0000] {logging_mixin.py:188} INFO - [2025-02-19T06:12:06.322+0000] {dagbag.py:538} INFO - Filling up the DagBag from /home/airflow/.local/lib/python3.10/site-packages/airflow/example_dags/example_skip_dag.py
[2025-02-19T06:12:06.370+0000] {processor.py:840} INFO - DAG(s) 'example_skip_dag' retrieved from /home/airflow/.local/lib/python3.10/site-packages/airflow/example_dags/example_skip_dag.py
[2025-02-19T06:12:06.501+0000] {logging_mixin.py:188} INFO - [2025-02-19T06:12:06.501+0000] {dag.py:3036} INFO - Sync 1 DAGs
[2025-02-19T06:12:06.740+0000] {logging_mixin.py:188} INFO - [2025-02-19T06:12:06.739+0000] {dag.py:3823} INFO - Setting next_dagrun for example_skip_dag to 2025-02-18 00:00:00+00:00, run_after=2025-02-19 00:00:00+00:00
[2025-02-19T06:12:07.128+0000] {processor.py:183} INFO - Processing /home/airflow/.local/lib/python3.10/site-packages/airflow/example_dags/example_skip_dag.py took 0.850 seconds
[2025-02-19T06:13:55.144+0000] {processor.py:161} INFO - Started process (PID=625) to work on /home/airflow/.local/lib/python3.10/site-packages/airflow/example_dags/example_skip_dag.py
[2025-02-19T06:13:55.149+0000] {processor.py:830} INFO - Processing file /home/airflow/.local/lib/python3.10/site-packages/airflow/example_dags/example_skip_dag.py for tasks to queue
[2025-02-19T06:13:55.159+0000] {logging_mixin.py:188} INFO - [2025-02-19T06:13:55.158+0000] {dagbag.py:538} INFO - Filling up the DagBag from /home/airflow/.local/lib/python3.10/site-packages/airflow/example_dags/example_skip_dag.py
[2025-02-19T06:13:55.190+0000] {processor.py:840} INFO - DAG(s) 'example_skip_dag' retrieved from /home/airflow/.local/lib/python3.10/site-packages/airflow/example_dags/example_skip_dag.py
[2025-02-19T06:13:55.301+0000] {logging_mixin.py:188} INFO - [2025-02-19T06:13:55.300+0000] {dag.py:3036} INFO - Sync 1 DAGs
[2025-02-19T06:13:55.494+0000] {logging_mixin.py:188} INFO - [2025-02-19T06:13:55.487+0000] {dag.py:3823} INFO - Setting next_dagrun for example_skip_dag to 2025-02-18 00:00:00+00:00, run_after=2025-02-19 00:00:00+00:00
[2025-02-19T06:13:55.704+0000] {processor.py:183} INFO - Processing /home/airflow/.local/lib/python3.10/site-packages/airflow/example_dags/example_skip_dag.py took 0.578 seconds
[2025-02-19T06:15:28.634+0000] {processor.py:161} INFO - Started process (PID=685) to work on /home/airflow/.local/lib/python3.10/site-packages/airflow/example_dags/example_skip_dag.py
[2025-02-19T06:15:28.637+0000] {processor.py:830} INFO - Processing file /home/airflow/.local/lib/python3.10/site-packages/airflow/example_dags/example_skip_dag.py for tasks to queue
[2025-02-19T06:15:28.640+0000] {logging_mixin.py:188} INFO - [2025-02-19T06:15:28.639+0000] {dagbag.py:538} INFO - Filling up the DagBag from /home/airflow/.local/lib/python3.10/site-packages/airflow/example_dags/example_skip_dag.py
[2025-02-19T06:15:28.662+0000] {processor.py:840} INFO - DAG(s) 'example_skip_dag' retrieved from /home/airflow/.local/lib/python3.10/site-packages/airflow/example_dags/example_skip_dag.py
[2025-02-19T06:15:28.796+0000] {logging_mixin.py:188} INFO - [2025-02-19T06:15:28.796+0000] {dag.py:3036} INFO - Sync 1 DAGs
[2025-02-19T06:15:28.932+0000] {logging_mixin.py:188} INFO - [2025-02-19T06:15:28.932+0000] {dag.py:3823} INFO - Setting next_dagrun for example_skip_dag to 2025-02-18 00:00:00+00:00, run_after=2025-02-19 00:00:00+00:00
[2025-02-19T06:15:29.118+0000] {processor.py:183} INFO - Processing /home/airflow/.local/lib/python3.10/site-packages/airflow/example_dags/example_skip_dag.py took 0.491 seconds
[2025-02-19T06:17:32.601+0000] {processor.py:161} INFO - Started process (PID=752) to work on /home/airflow/.local/lib/python3.10/site-packages/airflow/example_dags/example_skip_dag.py
[2025-02-19T06:17:32.605+0000] {processor.py:830} INFO - Processing file /home/airflow/.local/lib/python3.10/site-packages/airflow/example_dags/example_skip_dag.py for tasks to queue
[2025-02-19T06:17:32.610+0000] {logging_mixin.py:188} INFO - [2025-02-19T06:17:32.608+0000] {dagbag.py:538} INFO - Filling up the DagBag from /home/airflow/.local/lib/python3.10/site-packages/airflow/example_dags/example_skip_dag.py
[2025-02-19T06:17:32.640+0000] {processor.py:840} INFO - DAG(s) 'example_skip_dag' retrieved from /home/airflow/.local/lib/python3.10/site-packages/airflow/example_dags/example_skip_dag.py
[2025-02-19T06:17:32.717+0000] {logging_mixin.py:188} INFO - [2025-02-19T06:17:32.717+0000] {dag.py:3036} INFO - Sync 1 DAGs
[2025-02-19T06:17:32.777+0000] {logging_mixin.py:188} INFO - [2025-02-19T06:17:32.777+0000] {dag.py:3823} INFO - Setting next_dagrun for example_skip_dag to 2025-02-18 00:00:00+00:00, run_after=2025-02-19 00:00:00+00:00
[2025-02-19T06:17:32.952+0000] {processor.py:183} INFO - Processing /home/airflow/.local/lib/python3.10/site-packages/airflow/example_dags/example_skip_dag.py took 0.358 seconds
[2025-02-19T06:19:06.326+0000] {processor.py:161} INFO - Started process (PID=813) to work on /home/airflow/.local/lib/python3.10/site-packages/airflow/example_dags/example_skip_dag.py
[2025-02-19T06:19:06.329+0000] {processor.py:830} INFO - Processing file /home/airflow/.local/lib/python3.10/site-packages/airflow/example_dags/example_skip_dag.py for tasks to queue
[2025-02-19T06:19:06.332+0000] {logging_mixin.py:188} INFO - [2025-02-19T06:19:06.331+0000] {dagbag.py:538} INFO - Filling up the DagBag from /home/airflow/.local/lib/python3.10/site-packages/airflow/example_dags/example_skip_dag.py
[2025-02-19T06:19:06.353+0000] {processor.py:840} INFO - DAG(s) 'example_skip_dag' retrieved from /home/airflow/.local/lib/python3.10/site-packages/airflow/example_dags/example_skip_dag.py
[2025-02-19T06:19:06.426+0000] {logging_mixin.py:188} INFO - [2025-02-19T06:19:06.425+0000] {dag.py:3036} INFO - Sync 1 DAGs
[2025-02-19T06:19:06.523+0000] {logging_mixin.py:188} INFO - [2025-02-19T06:19:06.523+0000] {dag.py:3823} INFO - Setting next_dagrun for example_skip_dag to 2025-02-18 00:00:00+00:00, run_after=2025-02-19 00:00:00+00:00
[2025-02-19T06:19:06.648+0000] {processor.py:183} INFO - Processing /home/airflow/.local/lib/python3.10/site-packages/airflow/example_dags/example_skip_dag.py took 0.331 seconds
[2025-02-19T06:20:43.269+0000] {processor.py:161} INFO - Started process (PID=872) to work on /home/airflow/.local/lib/python3.10/site-packages/airflow/example_dags/example_skip_dag.py
[2025-02-19T06:20:43.271+0000] {processor.py:830} INFO - Processing file /home/airflow/.local/lib/python3.10/site-packages/airflow/example_dags/example_skip_dag.py for tasks to queue
[2025-02-19T06:20:43.275+0000] {logging_mixin.py:188} INFO - [2025-02-19T06:20:43.274+0000] {dagbag.py:538} INFO - Filling up the DagBag from /home/airflow/.local/lib/python3.10/site-packages/airflow/example_dags/example_skip_dag.py
[2025-02-19T06:20:43.308+0000] {processor.py:840} INFO - DAG(s) 'example_skip_dag' retrieved from /home/airflow/.local/lib/python3.10/site-packages/airflow/example_dags/example_skip_dag.py
[2025-02-19T06:20:43.386+0000] {logging_mixin.py:188} INFO - [2025-02-19T06:20:43.385+0000] {dag.py:3036} INFO - Sync 1 DAGs
[2025-02-19T06:20:43.477+0000] {logging_mixin.py:188} INFO - [2025-02-19T06:20:43.476+0000] {dag.py:3823} INFO - Setting next_dagrun for example_skip_dag to 2025-02-18 00:00:00+00:00, run_after=2025-02-19 00:00:00+00:00
[2025-02-19T06:20:43.629+0000] {processor.py:183} INFO - Processing /home/airflow/.local/lib/python3.10/site-packages/airflow/example_dags/example_skip_dag.py took 0.368 seconds
[2025-02-19T06:22:43.169+0000] {processor.py:161} INFO - Started process (PID=937) to work on /home/airflow/.local/lib/python3.10/site-packages/airflow/example_dags/example_skip_dag.py
[2025-02-19T06:22:43.180+0000] {processor.py:830} INFO - Processing file /home/airflow/.local/lib/python3.10/site-packages/airflow/example_dags/example_skip_dag.py for tasks to queue
[2025-02-19T06:22:43.184+0000] {logging_mixin.py:188} INFO - [2025-02-19T06:22:43.183+0000] {dagbag.py:538} INFO - Filling up the DagBag from /home/airflow/.local/lib/python3.10/site-packages/airflow/example_dags/example_skip_dag.py
[2025-02-19T06:22:43.237+0000] {processor.py:840} INFO - DAG(s) 'example_skip_dag' retrieved from /home/airflow/.local/lib/python3.10/site-packages/airflow/example_dags/example_skip_dag.py
[2025-02-19T06:22:43.347+0000] {logging_mixin.py:188} INFO - [2025-02-19T06:22:43.347+0000] {dag.py:3036} INFO - Sync 1 DAGs
[2025-02-19T06:22:43.464+0000] {logging_mixin.py:188} INFO - [2025-02-19T06:22:43.463+0000] {dag.py:3823} INFO - Setting next_dagrun for example_skip_dag to 2025-02-18 00:00:00+00:00, run_after=2025-02-19 00:00:00+00:00
[2025-02-19T06:22:43.660+0000] {processor.py:183} INFO - Processing /home/airflow/.local/lib/python3.10/site-packages/airflow/example_dags/example_skip_dag.py took 0.507 seconds
[2025-02-19T06:24:56.475+0000] {processor.py:161} INFO - Started process (PID=1005) to work on /home/airflow/.local/lib/python3.10/site-packages/airflow/example_dags/example_skip_dag.py
[2025-02-19T06:24:56.479+0000] {processor.py:830} INFO - Processing file /home/airflow/.local/lib/python3.10/site-packages/airflow/example_dags/example_skip_dag.py for tasks to queue
[2025-02-19T06:24:56.483+0000] {logging_mixin.py:188} INFO - [2025-02-19T06:24:56.482+0000] {dagbag.py:538} INFO - Filling up the DagBag from /home/airflow/.local/lib/python3.10/site-packages/airflow/example_dags/example_skip_dag.py
[2025-02-19T06:24:56.518+0000] {processor.py:840} INFO - DAG(s) 'example_skip_dag' retrieved from /home/airflow/.local/lib/python3.10/site-packages/airflow/example_dags/example_skip_dag.py
[2025-02-19T06:24:56.620+0000] {logging_mixin.py:188} INFO - [2025-02-19T06:24:56.619+0000] {dag.py:3036} INFO - Sync 1 DAGs
[2025-02-19T06:24:56.724+0000] {logging_mixin.py:188} INFO - [2025-02-19T06:24:56.724+0000] {dag.py:3823} INFO - Setting next_dagrun for example_skip_dag to 2025-02-18 00:00:00+00:00, run_after=2025-02-19 00:00:00+00:00
[2025-02-19T06:24:56.940+0000] {processor.py:183} INFO - Processing /home/airflow/.local/lib/python3.10/site-packages/airflow/example_dags/example_skip_dag.py took 0.475 seconds
[2025-02-19T06:26:55.022+0000] {processor.py:161} INFO - Started process (PID=1069) to work on /home/airflow/.local/lib/python3.10/site-packages/airflow/example_dags/example_skip_dag.py
[2025-02-19T06:26:55.035+0000] {processor.py:830} INFO - Processing file /home/airflow/.local/lib/python3.10/site-packages/airflow/example_dags/example_skip_dag.py for tasks to queue
[2025-02-19T06:26:55.039+0000] {logging_mixin.py:188} INFO - [2025-02-19T06:26:55.037+0000] {dagbag.py:538} INFO - Filling up the DagBag from /home/airflow/.local/lib/python3.10/site-packages/airflow/example_dags/example_skip_dag.py
[2025-02-19T06:26:55.097+0000] {processor.py:840} INFO - DAG(s) 'example_skip_dag' retrieved from /home/airflow/.local/lib/python3.10/site-packages/airflow/example_dags/example_skip_dag.py
[2025-02-19T06:26:55.305+0000] {logging_mixin.py:188} INFO - [2025-02-19T06:26:55.304+0000] {dag.py:3036} INFO - Sync 1 DAGs
[2025-02-19T06:26:55.494+0000] {logging_mixin.py:188} INFO - [2025-02-19T06:26:55.488+0000] {dag.py:3823} INFO - Setting next_dagrun for example_skip_dag to 2025-02-18 00:00:00+00:00, run_after=2025-02-19 00:00:00+00:00
[2025-02-19T06:26:55.739+0000] {processor.py:183} INFO - Processing /home/airflow/.local/lib/python3.10/site-packages/airflow/example_dags/example_skip_dag.py took 0.726 seconds
[2025-02-19T06:30:49.758+0000] {processor.py:161} INFO - Started process (PID=63) to work on /home/airflow/.local/lib/python3.10/site-packages/airflow/example_dags/example_skip_dag.py
[2025-02-19T06:30:49.762+0000] {processor.py:830} INFO - Processing file /home/airflow/.local/lib/python3.10/site-packages/airflow/example_dags/example_skip_dag.py for tasks to queue
[2025-02-19T06:30:49.765+0000] {logging_mixin.py:188} INFO - [2025-02-19T06:30:49.763+0000] {dagbag.py:538} INFO - Filling up the DagBag from /home/airflow/.local/lib/python3.10/site-packages/airflow/example_dags/example_skip_dag.py
[2025-02-19T06:30:49.788+0000] {processor.py:840} INFO - DAG(s) 'example_skip_dag' retrieved from /home/airflow/.local/lib/python3.10/site-packages/airflow/example_dags/example_skip_dag.py
[2025-02-19T06:30:49.844+0000] {logging_mixin.py:188} INFO - [2025-02-19T06:30:49.844+0000] {dag.py:3036} INFO - Sync 1 DAGs
[2025-02-19T06:30:49.903+0000] {logging_mixin.py:188} INFO - [2025-02-19T06:30:49.903+0000] {dag.py:3823} INFO - Setting next_dagrun for example_skip_dag to 2025-02-18 00:00:00+00:00, run_after=2025-02-19 00:00:00+00:00
[2025-02-19T06:30:50.045+0000] {processor.py:183} INFO - Processing /home/airflow/.local/lib/python3.10/site-packages/airflow/example_dags/example_skip_dag.py took 0.296 seconds
[2025-02-19T06:33:04.833+0000] {processor.py:161} INFO - Started process (PID=131) to work on /home/airflow/.local/lib/python3.10/site-packages/airflow/example_dags/example_skip_dag.py
[2025-02-19T06:33:04.837+0000] {processor.py:830} INFO - Processing file /home/airflow/.local/lib/python3.10/site-packages/airflow/example_dags/example_skip_dag.py for tasks to queue
[2025-02-19T06:33:04.841+0000] {logging_mixin.py:188} INFO - [2025-02-19T06:33:04.839+0000] {dagbag.py:538} INFO - Filling up the DagBag from /home/airflow/.local/lib/python3.10/site-packages/airflow/example_dags/example_skip_dag.py
[2025-02-19T06:33:04.878+0000] {processor.py:840} INFO - DAG(s) 'example_skip_dag' retrieved from /home/airflow/.local/lib/python3.10/site-packages/airflow/example_dags/example_skip_dag.py
[2025-02-19T06:33:04.960+0000] {logging_mixin.py:188} INFO - [2025-02-19T06:33:04.959+0000] {dag.py:3036} INFO - Sync 1 DAGs
[2025-02-19T06:33:05.048+0000] {logging_mixin.py:188} INFO - [2025-02-19T06:33:05.047+0000] {dag.py:3823} INFO - Setting next_dagrun for example_skip_dag to 2025-02-18 00:00:00+00:00, run_after=2025-02-19 00:00:00+00:00
[2025-02-19T06:33:05.288+0000] {processor.py:183} INFO - Processing /home/airflow/.local/lib/python3.10/site-packages/airflow/example_dags/example_skip_dag.py took 0.464 seconds
[2025-02-19T06:34:51.151+0000] {processor.py:161} INFO - Started process (PID=194) to work on /home/airflow/.local/lib/python3.10/site-packages/airflow/example_dags/example_skip_dag.py
[2025-02-19T06:34:51.155+0000] {processor.py:830} INFO - Processing file /home/airflow/.local/lib/python3.10/site-packages/airflow/example_dags/example_skip_dag.py for tasks to queue
[2025-02-19T06:34:51.159+0000] {logging_mixin.py:188} INFO - [2025-02-19T06:34:51.158+0000] {dagbag.py:538} INFO - Filling up the DagBag from /home/airflow/.local/lib/python3.10/site-packages/airflow/example_dags/example_skip_dag.py
[2025-02-19T06:34:51.200+0000] {processor.py:840} INFO - DAG(s) 'example_skip_dag' retrieved from /home/airflow/.local/lib/python3.10/site-packages/airflow/example_dags/example_skip_dag.py
[2025-02-19T06:34:51.325+0000] {logging_mixin.py:188} INFO - [2025-02-19T06:34:51.324+0000] {dag.py:3036} INFO - Sync 1 DAGs
[2025-02-19T06:34:51.477+0000] {logging_mixin.py:188} INFO - [2025-02-19T06:34:51.476+0000] {dag.py:3823} INFO - Setting next_dagrun for example_skip_dag to 2025-02-18 00:00:00+00:00, run_after=2025-02-19 00:00:00+00:00
[2025-02-19T06:34:51.685+0000] {processor.py:183} INFO - Processing /home/airflow/.local/lib/python3.10/site-packages/airflow/example_dags/example_skip_dag.py took 0.552 seconds
[2025-02-19T06:36:32.029+0000] {processor.py:161} INFO - Started process (PID=255) to work on /home/airflow/.local/lib/python3.10/site-packages/airflow/example_dags/example_skip_dag.py
[2025-02-19T06:36:32.036+0000] {processor.py:830} INFO - Processing file /home/airflow/.local/lib/python3.10/site-packages/airflow/example_dags/example_skip_dag.py for tasks to queue
[2025-02-19T06:36:32.039+0000] {logging_mixin.py:188} INFO - [2025-02-19T06:36:32.038+0000] {dagbag.py:538} INFO - Filling up the DagBag from /home/airflow/.local/lib/python3.10/site-packages/airflow/example_dags/example_skip_dag.py
[2025-02-19T06:36:32.066+0000] {processor.py:840} INFO - DAG(s) 'example_skip_dag' retrieved from /home/airflow/.local/lib/python3.10/site-packages/airflow/example_dags/example_skip_dag.py
[2025-02-19T06:36:32.203+0000] {logging_mixin.py:188} INFO - [2025-02-19T06:36:32.202+0000] {dag.py:3036} INFO - Sync 1 DAGs
[2025-02-19T06:36:32.435+0000] {logging_mixin.py:188} INFO - [2025-02-19T06:36:32.434+0000] {dag.py:3823} INFO - Setting next_dagrun for example_skip_dag to 2025-02-18 00:00:00+00:00, run_after=2025-02-19 00:00:00+00:00
[2025-02-19T06:36:32.735+0000] {processor.py:183} INFO - Processing /home/airflow/.local/lib/python3.10/site-packages/airflow/example_dags/example_skip_dag.py took 0.714 seconds
[2025-02-19T06:38:20.376+0000] {processor.py:161} INFO - Started process (PID=319) to work on /home/airflow/.local/lib/python3.10/site-packages/airflow/example_dags/example_skip_dag.py
[2025-02-19T06:38:20.378+0000] {processor.py:830} INFO - Processing file /home/airflow/.local/lib/python3.10/site-packages/airflow/example_dags/example_skip_dag.py for tasks to queue
[2025-02-19T06:38:20.380+0000] {logging_mixin.py:188} INFO - [2025-02-19T06:38:20.379+0000] {dagbag.py:538} INFO - Filling up the DagBag from /home/airflow/.local/lib/python3.10/site-packages/airflow/example_dags/example_skip_dag.py
[2025-02-19T06:38:20.395+0000] {processor.py:840} INFO - DAG(s) 'example_skip_dag' retrieved from /home/airflow/.local/lib/python3.10/site-packages/airflow/example_dags/example_skip_dag.py
[2025-02-19T06:38:20.439+0000] {logging_mixin.py:188} INFO - [2025-02-19T06:38:20.438+0000] {dag.py:3036} INFO - Sync 1 DAGs
[2025-02-19T06:38:20.496+0000] {logging_mixin.py:188} INFO - [2025-02-19T06:38:20.495+0000] {dag.py:3823} INFO - Setting next_dagrun for example_skip_dag to 2025-02-18 00:00:00+00:00, run_after=2025-02-19 00:00:00+00:00
[2025-02-19T06:38:20.613+0000] {processor.py:183} INFO - Processing /home/airflow/.local/lib/python3.10/site-packages/airflow/example_dags/example_skip_dag.py took 0.243 seconds
[2025-02-19T06:40:39.397+0000] {processor.py:161} INFO - Started process (PID=384) to work on /home/airflow/.local/lib/python3.10/site-packages/airflow/example_dags/example_skip_dag.py
[2025-02-19T06:40:39.400+0000] {processor.py:830} INFO - Processing file /home/airflow/.local/lib/python3.10/site-packages/airflow/example_dags/example_skip_dag.py for tasks to queue
[2025-02-19T06:40:39.402+0000] {logging_mixin.py:188} INFO - [2025-02-19T06:40:39.401+0000] {dagbag.py:538} INFO - Filling up the DagBag from /home/airflow/.local/lib/python3.10/site-packages/airflow/example_dags/example_skip_dag.py
[2025-02-19T06:40:39.421+0000] {processor.py:840} INFO - DAG(s) 'example_skip_dag' retrieved from /home/airflow/.local/lib/python3.10/site-packages/airflow/example_dags/example_skip_dag.py
[2025-02-19T06:40:39.500+0000] {logging_mixin.py:188} INFO - [2025-02-19T06:40:39.499+0000] {dag.py:3036} INFO - Sync 1 DAGs
[2025-02-19T06:40:39.555+0000] {logging_mixin.py:188} INFO - [2025-02-19T06:40:39.554+0000] {dag.py:3823} INFO - Setting next_dagrun for example_skip_dag to 2025-02-18 00:00:00+00:00, run_after=2025-02-19 00:00:00+00:00
[2025-02-19T06:40:39.692+0000] {processor.py:183} INFO - Processing /home/airflow/.local/lib/python3.10/site-packages/airflow/example_dags/example_skip_dag.py took 0.300 seconds
[2025-02-19T06:44:10.659+0000] {processor.py:161} INFO - Started process (PID=63) to work on /home/airflow/.local/lib/python3.10/site-packages/airflow/example_dags/example_skip_dag.py
[2025-02-19T06:44:10.663+0000] {processor.py:830} INFO - Processing file /home/airflow/.local/lib/python3.10/site-packages/airflow/example_dags/example_skip_dag.py for tasks to queue
[2025-02-19T06:44:10.685+0000] {logging_mixin.py:188} INFO - [2025-02-19T06:44:10.684+0000] {dagbag.py:538} INFO - Filling up the DagBag from /home/airflow/.local/lib/python3.10/site-packages/airflow/example_dags/example_skip_dag.py
[2025-02-19T06:44:10.766+0000] {processor.py:840} INFO - DAG(s) 'example_skip_dag' retrieved from /home/airflow/.local/lib/python3.10/site-packages/airflow/example_dags/example_skip_dag.py
[2025-02-19T06:44:10.956+0000] {logging_mixin.py:188} INFO - [2025-02-19T06:44:10.949+0000] {dag.py:3036} INFO - Sync 1 DAGs
[2025-02-19T06:44:11.259+0000] {logging_mixin.py:188} INFO - [2025-02-19T06:44:11.258+0000] {dag.py:3823} INFO - Setting next_dagrun for example_skip_dag to 2025-02-18 00:00:00+00:00, run_after=2025-02-19 00:00:00+00:00
[2025-02-19T06:44:11.469+0000] {processor.py:183} INFO - Processing /home/airflow/.local/lib/python3.10/site-packages/airflow/example_dags/example_skip_dag.py took 0.831 seconds
[2025-02-19T06:45:59.046+0000] {processor.py:161} INFO - Started process (PID=126) to work on /home/airflow/.local/lib/python3.10/site-packages/airflow/example_dags/example_skip_dag.py
[2025-02-19T06:45:59.049+0000] {processor.py:830} INFO - Processing file /home/airflow/.local/lib/python3.10/site-packages/airflow/example_dags/example_skip_dag.py for tasks to queue
[2025-02-19T06:45:59.052+0000] {logging_mixin.py:188} INFO - [2025-02-19T06:45:59.051+0000] {dagbag.py:538} INFO - Filling up the DagBag from /home/airflow/.local/lib/python3.10/site-packages/airflow/example_dags/example_skip_dag.py
[2025-02-19T06:45:59.064+0000] {processor.py:840} INFO - DAG(s) 'example_skip_dag' retrieved from /home/airflow/.local/lib/python3.10/site-packages/airflow/example_dags/example_skip_dag.py
[2025-02-19T06:45:59.109+0000] {logging_mixin.py:188} INFO - [2025-02-19T06:45:59.108+0000] {dag.py:3036} INFO - Sync 1 DAGs
[2025-02-19T06:45:59.166+0000] {logging_mixin.py:188} INFO - [2025-02-19T06:45:59.165+0000] {dag.py:3823} INFO - Setting next_dagrun for example_skip_dag to 2025-02-18 00:00:00+00:00, run_after=2025-02-19 00:00:00+00:00
[2025-02-19T06:45:59.267+0000] {processor.py:183} INFO - Processing /home/airflow/.local/lib/python3.10/site-packages/airflow/example_dags/example_skip_dag.py took 0.226 seconds
[2025-02-19T06:47:43.393+0000] {processor.py:161} INFO - Started process (PID=187) to work on /home/airflow/.local/lib/python3.10/site-packages/airflow/example_dags/example_skip_dag.py
[2025-02-19T06:47:43.397+0000] {processor.py:830} INFO - Processing file /home/airflow/.local/lib/python3.10/site-packages/airflow/example_dags/example_skip_dag.py for tasks to queue
[2025-02-19T06:47:43.400+0000] {logging_mixin.py:188} INFO - [2025-02-19T06:47:43.399+0000] {dagbag.py:538} INFO - Filling up the DagBag from /home/airflow/.local/lib/python3.10/site-packages/airflow/example_dags/example_skip_dag.py
[2025-02-19T06:47:43.437+0000] {processor.py:840} INFO - DAG(s) 'example_skip_dag' retrieved from /home/airflow/.local/lib/python3.10/site-packages/airflow/example_dags/example_skip_dag.py
[2025-02-19T06:47:43.521+0000] {logging_mixin.py:188} INFO - [2025-02-19T06:47:43.521+0000] {dag.py:3036} INFO - Sync 1 DAGs
[2025-02-19T06:47:43.605+0000] {logging_mixin.py:188} INFO - [2025-02-19T06:47:43.605+0000] {dag.py:3823} INFO - Setting next_dagrun for example_skip_dag to 2025-02-18 00:00:00+00:00, run_after=2025-02-19 00:00:00+00:00
[2025-02-19T06:47:43.769+0000] {processor.py:183} INFO - Processing /home/airflow/.local/lib/python3.10/site-packages/airflow/example_dags/example_skip_dag.py took 0.386 seconds
[2025-02-19T06:49:19.990+0000] {processor.py:161} INFO - Started process (PID=248) to work on /home/airflow/.local/lib/python3.10/site-packages/airflow/example_dags/example_skip_dag.py
[2025-02-19T06:49:19.992+0000] {processor.py:830} INFO - Processing file /home/airflow/.local/lib/python3.10/site-packages/airflow/example_dags/example_skip_dag.py for tasks to queue
[2025-02-19T06:49:19.993+0000] {logging_mixin.py:188} INFO - [2025-02-19T06:49:19.993+0000] {dagbag.py:538} INFO - Filling up the DagBag from /home/airflow/.local/lib/python3.10/site-packages/airflow/example_dags/example_skip_dag.py
[2025-02-19T06:49:20.009+0000] {processor.py:840} INFO - DAG(s) 'example_skip_dag' retrieved from /home/airflow/.local/lib/python3.10/site-packages/airflow/example_dags/example_skip_dag.py
[2025-02-19T06:49:20.068+0000] {logging_mixin.py:188} INFO - [2025-02-19T06:49:20.068+0000] {dag.py:3036} INFO - Sync 1 DAGs
[2025-02-19T06:49:20.126+0000] {logging_mixin.py:188} INFO - [2025-02-19T06:49:20.125+0000] {dag.py:3823} INFO - Setting next_dagrun for example_skip_dag to 2025-02-18 00:00:00+00:00, run_after=2025-02-19 00:00:00+00:00
[2025-02-19T06:49:20.281+0000] {processor.py:183} INFO - Processing /home/airflow/.local/lib/python3.10/site-packages/airflow/example_dags/example_skip_dag.py took 0.296 seconds
[2025-02-19T06:51:03.657+0000] {processor.py:161} INFO - Started process (PID=311) to work on /home/airflow/.local/lib/python3.10/site-packages/airflow/example_dags/example_skip_dag.py
[2025-02-19T06:51:03.659+0000] {processor.py:830} INFO - Processing file /home/airflow/.local/lib/python3.10/site-packages/airflow/example_dags/example_skip_dag.py for tasks to queue
[2025-02-19T06:51:03.661+0000] {logging_mixin.py:188} INFO - [2025-02-19T06:51:03.660+0000] {dagbag.py:538} INFO - Filling up the DagBag from /home/airflow/.local/lib/python3.10/site-packages/airflow/example_dags/example_skip_dag.py
[2025-02-19T06:51:03.676+0000] {processor.py:840} INFO - DAG(s) 'example_skip_dag' retrieved from /home/airflow/.local/lib/python3.10/site-packages/airflow/example_dags/example_skip_dag.py
[2025-02-19T06:51:03.723+0000] {logging_mixin.py:188} INFO - [2025-02-19T06:51:03.723+0000] {dag.py:3036} INFO - Sync 1 DAGs
[2025-02-19T06:51:03.770+0000] {logging_mixin.py:188} INFO - [2025-02-19T06:51:03.769+0000] {dag.py:3823} INFO - Setting next_dagrun for example_skip_dag to 2025-02-18 00:00:00+00:00, run_after=2025-02-19 00:00:00+00:00
[2025-02-19T06:51:03.880+0000] {processor.py:183} INFO - Processing /home/airflow/.local/lib/python3.10/site-packages/airflow/example_dags/example_skip_dag.py took 0.228 seconds
[2025-02-19T06:52:52.787+0000] {processor.py:161} INFO - Started process (PID=376) to work on /home/airflow/.local/lib/python3.10/site-packages/airflow/example_dags/example_skip_dag.py
[2025-02-19T06:52:52.791+0000] {processor.py:830} INFO - Processing file /home/airflow/.local/lib/python3.10/site-packages/airflow/example_dags/example_skip_dag.py for tasks to queue
[2025-02-19T06:52:52.793+0000] {logging_mixin.py:188} INFO - [2025-02-19T06:52:52.792+0000] {dagbag.py:538} INFO - Filling up the DagBag from /home/airflow/.local/lib/python3.10/site-packages/airflow/example_dags/example_skip_dag.py
[2025-02-19T06:52:52.816+0000] {processor.py:840} INFO - DAG(s) 'example_skip_dag' retrieved from /home/airflow/.local/lib/python3.10/site-packages/airflow/example_dags/example_skip_dag.py
[2025-02-19T06:52:52.890+0000] {logging_mixin.py:188} INFO - [2025-02-19T06:52:52.890+0000] {dag.py:3036} INFO - Sync 1 DAGs
[2025-02-19T06:52:52.939+0000] {logging_mixin.py:188} INFO - [2025-02-19T06:52:52.939+0000] {dag.py:3823} INFO - Setting next_dagrun for example_skip_dag to 2025-02-18 00:00:00+00:00, run_after=2025-02-19 00:00:00+00:00
[2025-02-19T06:52:53.075+0000] {processor.py:183} INFO - Processing /home/airflow/.local/lib/python3.10/site-packages/airflow/example_dags/example_skip_dag.py took 0.297 seconds
[2025-02-19T06:54:25.664+0000] {processor.py:161} INFO - Started process (PID=435) to work on /home/airflow/.local/lib/python3.10/site-packages/airflow/example_dags/example_skip_dag.py
[2025-02-19T06:54:25.667+0000] {processor.py:830} INFO - Processing file /home/airflow/.local/lib/python3.10/site-packages/airflow/example_dags/example_skip_dag.py for tasks to queue
[2025-02-19T06:54:25.669+0000] {logging_mixin.py:188} INFO - [2025-02-19T06:54:25.668+0000] {dagbag.py:538} INFO - Filling up the DagBag from /home/airflow/.local/lib/python3.10/site-packages/airflow/example_dags/example_skip_dag.py
[2025-02-19T06:54:25.691+0000] {processor.py:840} INFO - DAG(s) 'example_skip_dag' retrieved from /home/airflow/.local/lib/python3.10/site-packages/airflow/example_dags/example_skip_dag.py
[2025-02-19T06:54:25.754+0000] {logging_mixin.py:188} INFO - [2025-02-19T06:54:25.753+0000] {dag.py:3036} INFO - Sync 1 DAGs
[2025-02-19T06:54:25.819+0000] {logging_mixin.py:188} INFO - [2025-02-19T06:54:25.819+0000] {dag.py:3823} INFO - Setting next_dagrun for example_skip_dag to 2025-02-18 00:00:00+00:00, run_after=2025-02-19 00:00:00+00:00
[2025-02-19T06:54:25.966+0000] {processor.py:183} INFO - Processing /home/airflow/.local/lib/python3.10/site-packages/airflow/example_dags/example_skip_dag.py took 0.307 seconds
[2025-02-19T06:55:45.130+0000] {processor.py:161} INFO - Started process (PID=490) to work on /home/airflow/.local/lib/python3.10/site-packages/airflow/example_dags/example_skip_dag.py
[2025-02-19T06:55:45.134+0000] {processor.py:830} INFO - Processing file /home/airflow/.local/lib/python3.10/site-packages/airflow/example_dags/example_skip_dag.py for tasks to queue
[2025-02-19T06:55:45.137+0000] {logging_mixin.py:188} INFO - [2025-02-19T06:55:45.136+0000] {dagbag.py:538} INFO - Filling up the DagBag from /home/airflow/.local/lib/python3.10/site-packages/airflow/example_dags/example_skip_dag.py
[2025-02-19T06:55:45.153+0000] {processor.py:840} INFO - DAG(s) 'example_skip_dag' retrieved from /home/airflow/.local/lib/python3.10/site-packages/airflow/example_dags/example_skip_dag.py
[2025-02-19T06:55:45.210+0000] {logging_mixin.py:188} INFO - [2025-02-19T06:55:45.209+0000] {dag.py:3036} INFO - Sync 1 DAGs
[2025-02-19T06:55:45.267+0000] {logging_mixin.py:188} INFO - [2025-02-19T06:55:45.267+0000] {dag.py:3823} INFO - Setting next_dagrun for example_skip_dag to 2025-02-18 00:00:00+00:00, run_after=2025-02-19 00:00:00+00:00
[2025-02-19T06:55:45.393+0000] {processor.py:183} INFO - Processing /home/airflow/.local/lib/python3.10/site-packages/airflow/example_dags/example_skip_dag.py took 0.271 seconds
[2025-02-19T06:57:21.933+0000] {processor.py:161} INFO - Started process (PID=549) to work on /home/airflow/.local/lib/python3.10/site-packages/airflow/example_dags/example_skip_dag.py
[2025-02-19T06:57:21.941+0000] {processor.py:830} INFO - Processing file /home/airflow/.local/lib/python3.10/site-packages/airflow/example_dags/example_skip_dag.py for tasks to queue
[2025-02-19T06:57:21.948+0000] {logging_mixin.py:188} INFO - [2025-02-19T06:57:21.947+0000] {dagbag.py:538} INFO - Filling up the DagBag from /home/airflow/.local/lib/python3.10/site-packages/airflow/example_dags/example_skip_dag.py
[2025-02-19T06:57:21.999+0000] {processor.py:840} INFO - DAG(s) 'example_skip_dag' retrieved from /home/airflow/.local/lib/python3.10/site-packages/airflow/example_dags/example_skip_dag.py
[2025-02-19T06:57:22.141+0000] {logging_mixin.py:188} INFO - [2025-02-19T06:57:22.141+0000] {dag.py:3036} INFO - Sync 1 DAGs
[2025-02-19T06:57:22.312+0000] {logging_mixin.py:188} INFO - [2025-02-19T06:57:22.311+0000] {dag.py:3823} INFO - Setting next_dagrun for example_skip_dag to 2025-02-18 00:00:00+00:00, run_after=2025-02-19 00:00:00+00:00
[2025-02-19T06:57:22.527+0000] {processor.py:183} INFO - Processing /home/airflow/.local/lib/python3.10/site-packages/airflow/example_dags/example_skip_dag.py took 0.613 seconds
[2025-02-19T06:58:49.560+0000] {processor.py:161} INFO - Started process (PID=607) to work on /home/airflow/.local/lib/python3.10/site-packages/airflow/example_dags/example_skip_dag.py
[2025-02-19T06:58:49.563+0000] {processor.py:830} INFO - Processing file /home/airflow/.local/lib/python3.10/site-packages/airflow/example_dags/example_skip_dag.py for tasks to queue
[2025-02-19T06:58:49.567+0000] {logging_mixin.py:188} INFO - [2025-02-19T06:58:49.566+0000] {dagbag.py:538} INFO - Filling up the DagBag from /home/airflow/.local/lib/python3.10/site-packages/airflow/example_dags/example_skip_dag.py
[2025-02-19T06:58:49.617+0000] {processor.py:840} INFO - DAG(s) 'example_skip_dag' retrieved from /home/airflow/.local/lib/python3.10/site-packages/airflow/example_dags/example_skip_dag.py
[2025-02-19T06:58:49.747+0000] {logging_mixin.py:188} INFO - [2025-02-19T06:58:49.747+0000] {dag.py:3036} INFO - Sync 1 DAGs
[2025-02-19T06:58:49.936+0000] {logging_mixin.py:188} INFO - [2025-02-19T06:58:49.936+0000] {dag.py:3823} INFO - Setting next_dagrun for example_skip_dag to 2025-02-18 00:00:00+00:00, run_after=2025-02-19 00:00:00+00:00
[2025-02-19T06:58:50.153+0000] {processor.py:183} INFO - Processing /home/airflow/.local/lib/python3.10/site-packages/airflow/example_dags/example_skip_dag.py took 0.612 seconds
[2025-02-19T07:00:41.266+0000] {processor.py:161} INFO - Started process (PID=672) to work on /home/airflow/.local/lib/python3.10/site-packages/airflow/example_dags/example_skip_dag.py
[2025-02-19T07:00:41.271+0000] {processor.py:830} INFO - Processing file /home/airflow/.local/lib/python3.10/site-packages/airflow/example_dags/example_skip_dag.py for tasks to queue
[2025-02-19T07:00:41.276+0000] {logging_mixin.py:188} INFO - [2025-02-19T07:00:41.274+0000] {dagbag.py:538} INFO - Filling up the DagBag from /home/airflow/.local/lib/python3.10/site-packages/airflow/example_dags/example_skip_dag.py
[2025-02-19T07:00:41.305+0000] {processor.py:840} INFO - DAG(s) 'example_skip_dag' retrieved from /home/airflow/.local/lib/python3.10/site-packages/airflow/example_dags/example_skip_dag.py
[2025-02-19T07:00:41.407+0000] {logging_mixin.py:188} INFO - [2025-02-19T07:00:41.407+0000] {dag.py:3036} INFO - Sync 1 DAGs
[2025-02-19T07:00:41.509+0000] {logging_mixin.py:188} INFO - [2025-02-19T07:00:41.508+0000] {dag.py:3823} INFO - Setting next_dagrun for example_skip_dag to 2025-02-18 00:00:00+00:00, run_after=2025-02-19 00:00:00+00:00
[2025-02-19T07:00:41.699+0000] {processor.py:183} INFO - Processing /home/airflow/.local/lib/python3.10/site-packages/airflow/example_dags/example_skip_dag.py took 0.445 seconds
[2025-02-19T07:02:21.118+0000] {processor.py:161} INFO - Started process (PID=732) to work on /home/airflow/.local/lib/python3.10/site-packages/airflow/example_dags/example_skip_dag.py
[2025-02-19T07:02:21.122+0000] {processor.py:830} INFO - Processing file /home/airflow/.local/lib/python3.10/site-packages/airflow/example_dags/example_skip_dag.py for tasks to queue
[2025-02-19T07:02:21.136+0000] {logging_mixin.py:188} INFO - [2025-02-19T07:02:21.134+0000] {dagbag.py:538} INFO - Filling up the DagBag from /home/airflow/.local/lib/python3.10/site-packages/airflow/example_dags/example_skip_dag.py
[2025-02-19T07:02:21.180+0000] {processor.py:840} INFO - DAG(s) 'example_skip_dag' retrieved from /home/airflow/.local/lib/python3.10/site-packages/airflow/example_dags/example_skip_dag.py
[2025-02-19T07:02:21.324+0000] {logging_mixin.py:188} INFO - [2025-02-19T07:02:21.324+0000] {dag.py:3036} INFO - Sync 1 DAGs
[2025-02-19T07:02:21.496+0000] {logging_mixin.py:188} INFO - [2025-02-19T07:02:21.495+0000] {dag.py:3823} INFO - Setting next_dagrun for example_skip_dag to 2025-02-18 00:00:00+00:00, run_after=2025-02-19 00:00:00+00:00
[2025-02-19T07:02:21.701+0000] {processor.py:183} INFO - Processing /home/airflow/.local/lib/python3.10/site-packages/airflow/example_dags/example_skip_dag.py took 0.601 seconds
[2025-02-19T07:03:56.026+0000] {processor.py:161} INFO - Started process (PID=792) to work on /home/airflow/.local/lib/python3.10/site-packages/airflow/example_dags/example_skip_dag.py
[2025-02-19T07:03:56.030+0000] {processor.py:830} INFO - Processing file /home/airflow/.local/lib/python3.10/site-packages/airflow/example_dags/example_skip_dag.py for tasks to queue
[2025-02-19T07:03:56.034+0000] {logging_mixin.py:188} INFO - [2025-02-19T07:03:56.032+0000] {dagbag.py:538} INFO - Filling up the DagBag from /home/airflow/.local/lib/python3.10/site-packages/airflow/example_dags/example_skip_dag.py
[2025-02-19T07:03:56.069+0000] {processor.py:840} INFO - DAG(s) 'example_skip_dag' retrieved from /home/airflow/.local/lib/python3.10/site-packages/airflow/example_dags/example_skip_dag.py
[2025-02-19T07:03:56.151+0000] {logging_mixin.py:188} INFO - [2025-02-19T07:03:56.151+0000] {dag.py:3036} INFO - Sync 1 DAGs
[2025-02-19T07:03:56.237+0000] {logging_mixin.py:188} INFO - [2025-02-19T07:03:56.235+0000] {dag.py:3823} INFO - Setting next_dagrun for example_skip_dag to 2025-02-18 00:00:00+00:00, run_after=2025-02-19 00:00:00+00:00
[2025-02-19T07:03:56.409+0000] {processor.py:183} INFO - Processing /home/airflow/.local/lib/python3.10/site-packages/airflow/example_dags/example_skip_dag.py took 0.391 seconds
[2025-02-19T07:06:58.089+0000] {processor.py:161} INFO - Started process (PID=863) to work on /home/airflow/.local/lib/python3.10/site-packages/airflow/example_dags/example_skip_dag.py
[2025-02-19T07:06:58.093+0000] {processor.py:830} INFO - Processing file /home/airflow/.local/lib/python3.10/site-packages/airflow/example_dags/example_skip_dag.py for tasks to queue
[2025-02-19T07:06:58.103+0000] {logging_mixin.py:188} INFO - [2025-02-19T07:06:58.095+0000] {dagbag.py:538} INFO - Filling up the DagBag from /home/airflow/.local/lib/python3.10/site-packages/airflow/example_dags/example_skip_dag.py
[2025-02-19T07:06:58.155+0000] {processor.py:840} INFO - DAG(s) 'example_skip_dag' retrieved from /home/airflow/.local/lib/python3.10/site-packages/airflow/example_dags/example_skip_dag.py
[2025-02-19T07:06:58.619+0000] {logging_mixin.py:188} INFO - [2025-02-19T07:06:58.618+0000] {dag.py:3036} INFO - Sync 1 DAGs
[2025-02-19T07:06:58.984+0000] {logging_mixin.py:188} INFO - [2025-02-19T07:06:58.983+0000] {dag.py:3823} INFO - Setting next_dagrun for example_skip_dag to 2025-02-18 00:00:00+00:00, run_after=2025-02-19 00:00:00+00:00
[2025-02-19T07:06:59.675+0000] {processor.py:183} INFO - Processing /home/airflow/.local/lib/python3.10/site-packages/airflow/example_dags/example_skip_dag.py took 1.604 seconds
