[2025-02-19T05:56:21.134+0000] {processor.py:161} INFO - Started process (PID=60) to work on /home/airflow/.local/lib/python3.10/site-packages/airflow/example_dags/example_branch_python_dop_operator_3.py
[2025-02-19T05:56:21.138+0000] {processor.py:830} INFO - Processing file /home/airflow/.local/lib/python3.10/site-packages/airflow/example_dags/example_branch_python_dop_operator_3.py for tasks to queue
[2025-02-19T05:56:21.141+0000] {logging_mixin.py:188} INFO - [2025-02-19T05:56:21.140+0000] {dagbag.py:538} INFO - Filling up the DagBag from /home/airflow/.local/lib/python3.10/site-packages/airflow/example_dags/example_branch_python_dop_operator_3.py
[2025-02-19T05:56:21.188+0000] {processor.py:840} INFO - DAG(s) 'example_branch_dop_operator_v3' retrieved from /home/airflow/.local/lib/python3.10/site-packages/airflow/example_dags/example_branch_python_dop_operator_3.py
[2025-02-19T05:56:21.299+0000] {logging_mixin.py:188} INFO - [2025-02-19T05:56:21.299+0000] {dag.py:3036} INFO - Sync 1 DAGs
[2025-02-19T05:56:21.469+0000] {logging_mixin.py:188} INFO - [2025-02-19T05:56:21.468+0000] {dag.py:3823} INFO - Setting next_dagrun for example_branch_dop_operator_v3 to 2025-02-19 05:55:00+00:00, run_after=2025-02-19 05:56:00+00:00
[2025-02-19T05:56:21.699+0000] {processor.py:183} INFO - Processing /home/airflow/.local/lib/python3.10/site-packages/airflow/example_dags/example_branch_python_dop_operator_3.py took 0.582 seconds
[2025-02-19T05:58:50.542+0000] {processor.py:161} INFO - Started process (PID=109) to work on /home/airflow/.local/lib/python3.10/site-packages/airflow/example_dags/example_branch_python_dop_operator_3.py
[2025-02-19T05:58:50.555+0000] {processor.py:830} INFO - Processing file /home/airflow/.local/lib/python3.10/site-packages/airflow/example_dags/example_branch_python_dop_operator_3.py for tasks to queue
[2025-02-19T05:58:50.558+0000] {logging_mixin.py:188} INFO - [2025-02-19T05:58:50.557+0000] {dagbag.py:538} INFO - Filling up the DagBag from /home/airflow/.local/lib/python3.10/site-packages/airflow/example_dags/example_branch_python_dop_operator_3.py
[2025-02-19T05:58:50.622+0000] {processor.py:840} INFO - DAG(s) 'example_branch_dop_operator_v3' retrieved from /home/airflow/.local/lib/python3.10/site-packages/airflow/example_dags/example_branch_python_dop_operator_3.py
[2025-02-19T05:58:50.739+0000] {logging_mixin.py:188} INFO - [2025-02-19T05:58:50.739+0000] {dag.py:3036} INFO - Sync 1 DAGs
[2025-02-19T05:58:50.909+0000] {logging_mixin.py:188} INFO - [2025-02-19T05:58:50.909+0000] {dag.py:3823} INFO - Setting next_dagrun for example_branch_dop_operator_v3 to 2025-02-19 05:57:00+00:00, run_after=2025-02-19 05:58:00+00:00
[2025-02-19T05:58:51.073+0000] {processor.py:183} INFO - Processing /home/airflow/.local/lib/python3.10/site-packages/airflow/example_dags/example_branch_python_dop_operator_3.py took 0.541 seconds
[2025-02-19T06:00:52.330+0000] {processor.py:161} INFO - Started process (PID=175) to work on /home/airflow/.local/lib/python3.10/site-packages/airflow/example_dags/example_branch_python_dop_operator_3.py
[2025-02-19T06:00:52.337+0000] {processor.py:830} INFO - Processing file /home/airflow/.local/lib/python3.10/site-packages/airflow/example_dags/example_branch_python_dop_operator_3.py for tasks to queue
[2025-02-19T06:00:52.340+0000] {logging_mixin.py:188} INFO - [2025-02-19T06:00:52.339+0000] {dagbag.py:538} INFO - Filling up the DagBag from /home/airflow/.local/lib/python3.10/site-packages/airflow/example_dags/example_branch_python_dop_operator_3.py
[2025-02-19T06:00:52.373+0000] {processor.py:840} INFO - DAG(s) 'example_branch_dop_operator_v3' retrieved from /home/airflow/.local/lib/python3.10/site-packages/airflow/example_dags/example_branch_python_dop_operator_3.py
[2025-02-19T06:00:52.438+0000] {logging_mixin.py:188} INFO - [2025-02-19T06:00:52.438+0000] {dag.py:3036} INFO - Sync 1 DAGs
[2025-02-19T06:00:52.547+0000] {logging_mixin.py:188} INFO - [2025-02-19T06:00:52.546+0000] {dag.py:3823} INFO - Setting next_dagrun for example_branch_dop_operator_v3 to 2025-02-19 05:59:00+00:00, run_after=2025-02-19 06:00:00+00:00
[2025-02-19T06:00:52.780+0000] {processor.py:183} INFO - Processing /home/airflow/.local/lib/python3.10/site-packages/airflow/example_dags/example_branch_python_dop_operator_3.py took 0.458 seconds
[2025-02-19T06:02:46.882+0000] {processor.py:161} INFO - Started process (PID=241) to work on /home/airflow/.local/lib/python3.10/site-packages/airflow/example_dags/example_branch_python_dop_operator_3.py
[2025-02-19T06:02:46.888+0000] {processor.py:830} INFO - Processing file /home/airflow/.local/lib/python3.10/site-packages/airflow/example_dags/example_branch_python_dop_operator_3.py for tasks to queue
[2025-02-19T06:02:46.898+0000] {logging_mixin.py:188} INFO - [2025-02-19T06:02:46.897+0000] {dagbag.py:538} INFO - Filling up the DagBag from /home/airflow/.local/lib/python3.10/site-packages/airflow/example_dags/example_branch_python_dop_operator_3.py
[2025-02-19T06:02:46.992+0000] {processor.py:840} INFO - DAG(s) 'example_branch_dop_operator_v3' retrieved from /home/airflow/.local/lib/python3.10/site-packages/airflow/example_dags/example_branch_python_dop_operator_3.py
[2025-02-19T06:02:47.110+0000] {logging_mixin.py:188} INFO - [2025-02-19T06:02:47.109+0000] {dag.py:3036} INFO - Sync 1 DAGs
[2025-02-19T06:02:47.227+0000] {logging_mixin.py:188} INFO - [2025-02-19T06:02:47.218+0000] {dag.py:3823} INFO - Setting next_dagrun for example_branch_dop_operator_v3 to 2025-02-19 06:01:00+00:00, run_after=2025-02-19 06:02:00+00:00
[2025-02-19T06:02:47.386+0000] {processor.py:183} INFO - Processing /home/airflow/.local/lib/python3.10/site-packages/airflow/example_dags/example_branch_python_dop_operator_3.py took 0.518 seconds
[2025-02-19T06:04:26.489+0000] {processor.py:161} INFO - Started process (PID=302) to work on /home/airflow/.local/lib/python3.10/site-packages/airflow/example_dags/example_branch_python_dop_operator_3.py
[2025-02-19T06:04:26.493+0000] {processor.py:830} INFO - Processing file /home/airflow/.local/lib/python3.10/site-packages/airflow/example_dags/example_branch_python_dop_operator_3.py for tasks to queue
[2025-02-19T06:04:26.515+0000] {logging_mixin.py:188} INFO - [2025-02-19T06:04:26.514+0000] {dagbag.py:538} INFO - Filling up the DagBag from /home/airflow/.local/lib/python3.10/site-packages/airflow/example_dags/example_branch_python_dop_operator_3.py
[2025-02-19T06:04:26.582+0000] {processor.py:840} INFO - DAG(s) 'example_branch_dop_operator_v3' retrieved from /home/airflow/.local/lib/python3.10/site-packages/airflow/example_dags/example_branch_python_dop_operator_3.py
[2025-02-19T06:04:26.699+0000] {logging_mixin.py:188} INFO - [2025-02-19T06:04:26.698+0000] {dag.py:3036} INFO - Sync 1 DAGs
[2025-02-19T06:04:26.889+0000] {logging_mixin.py:188} INFO - [2025-02-19T06:04:26.889+0000] {dag.py:3823} INFO - Setting next_dagrun for example_branch_dop_operator_v3 to 2025-02-19 06:03:00+00:00, run_after=2025-02-19 06:04:00+00:00
[2025-02-19T06:04:27.103+0000] {processor.py:183} INFO - Processing /home/airflow/.local/lib/python3.10/site-packages/airflow/example_dags/example_branch_python_dop_operator_3.py took 0.629 seconds
[2025-02-19T06:06:17.293+0000] {processor.py:161} INFO - Started process (PID=366) to work on /home/airflow/.local/lib/python3.10/site-packages/airflow/example_dags/example_branch_python_dop_operator_3.py
[2025-02-19T06:06:17.305+0000] {processor.py:830} INFO - Processing file /home/airflow/.local/lib/python3.10/site-packages/airflow/example_dags/example_branch_python_dop_operator_3.py for tasks to queue
[2025-02-19T06:06:17.308+0000] {logging_mixin.py:188} INFO - [2025-02-19T06:06:17.307+0000] {dagbag.py:538} INFO - Filling up the DagBag from /home/airflow/.local/lib/python3.10/site-packages/airflow/example_dags/example_branch_python_dop_operator_3.py
[2025-02-19T06:06:17.373+0000] {processor.py:840} INFO - DAG(s) 'example_branch_dop_operator_v3' retrieved from /home/airflow/.local/lib/python3.10/site-packages/airflow/example_dags/example_branch_python_dop_operator_3.py
[2025-02-19T06:06:17.668+0000] {logging_mixin.py:188} INFO - [2025-02-19T06:06:17.668+0000] {dag.py:3036} INFO - Sync 1 DAGs
[2025-02-19T06:06:17.899+0000] {logging_mixin.py:188} INFO - [2025-02-19T06:06:17.898+0000] {dag.py:3823} INFO - Setting next_dagrun for example_branch_dop_operator_v3 to 2025-02-19 06:05:00+00:00, run_after=2025-02-19 06:06:00+00:00
[2025-02-19T06:06:18.126+0000] {processor.py:183} INFO - Processing /home/airflow/.local/lib/python3.10/site-packages/airflow/example_dags/example_branch_python_dop_operator_3.py took 0.840 seconds
[2025-02-19T06:08:29.762+0000] {processor.py:161} INFO - Started process (PID=432) to work on /home/airflow/.local/lib/python3.10/site-packages/airflow/example_dags/example_branch_python_dop_operator_3.py
[2025-02-19T06:08:29.766+0000] {processor.py:830} INFO - Processing file /home/airflow/.local/lib/python3.10/site-packages/airflow/example_dags/example_branch_python_dop_operator_3.py for tasks to queue
[2025-02-19T06:08:29.777+0000] {logging_mixin.py:188} INFO - [2025-02-19T06:08:29.768+0000] {dagbag.py:538} INFO - Filling up the DagBag from /home/airflow/.local/lib/python3.10/site-packages/airflow/example_dags/example_branch_python_dop_operator_3.py
[2025-02-19T06:08:29.844+0000] {processor.py:840} INFO - DAG(s) 'example_branch_dop_operator_v3' retrieved from /home/airflow/.local/lib/python3.10/site-packages/airflow/example_dags/example_branch_python_dop_operator_3.py
[2025-02-19T06:08:29.964+0000] {logging_mixin.py:188} INFO - [2025-02-19T06:08:29.963+0000] {dag.py:3036} INFO - Sync 1 DAGs
[2025-02-19T06:08:30.181+0000] {logging_mixin.py:188} INFO - [2025-02-19T06:08:30.181+0000] {dag.py:3823} INFO - Setting next_dagrun for example_branch_dop_operator_v3 to 2025-02-19 06:07:00+00:00, run_after=2025-02-19 06:08:00+00:00
[2025-02-19T06:08:30.401+0000] {processor.py:183} INFO - Processing /home/airflow/.local/lib/python3.10/site-packages/airflow/example_dags/example_branch_python_dop_operator_3.py took 0.656 seconds
[2025-02-19T06:10:12.620+0000] {processor.py:161} INFO - Started process (PID=495) to work on /home/airflow/.local/lib/python3.10/site-packages/airflow/example_dags/example_branch_python_dop_operator_3.py
[2025-02-19T06:10:12.622+0000] {processor.py:830} INFO - Processing file /home/airflow/.local/lib/python3.10/site-packages/airflow/example_dags/example_branch_python_dop_operator_3.py for tasks to queue
[2025-02-19T06:10:12.623+0000] {logging_mixin.py:188} INFO - [2025-02-19T06:10:12.623+0000] {dagbag.py:538} INFO - Filling up the DagBag from /home/airflow/.local/lib/python3.10/site-packages/airflow/example_dags/example_branch_python_dop_operator_3.py
[2025-02-19T06:10:12.653+0000] {processor.py:840} INFO - DAG(s) 'example_branch_dop_operator_v3' retrieved from /home/airflow/.local/lib/python3.10/site-packages/airflow/example_dags/example_branch_python_dop_operator_3.py
[2025-02-19T06:10:12.715+0000] {logging_mixin.py:188} INFO - [2025-02-19T06:10:12.714+0000] {dag.py:3036} INFO - Sync 1 DAGs
[2025-02-19T06:10:12.824+0000] {logging_mixin.py:188} INFO - [2025-02-19T06:10:12.824+0000] {dag.py:3823} INFO - Setting next_dagrun for example_branch_dop_operator_v3 to 2025-02-19 06:09:00+00:00, run_after=2025-02-19 06:10:00+00:00
[2025-02-19T06:10:13.001+0000] {processor.py:183} INFO - Processing /home/airflow/.local/lib/python3.10/site-packages/airflow/example_dags/example_branch_python_dop_operator_3.py took 0.387 seconds
[2025-02-19T06:12:00.004+0000] {processor.py:161} INFO - Started process (PID=557) to work on /home/airflow/.local/lib/python3.10/site-packages/airflow/example_dags/example_branch_python_dop_operator_3.py
[2025-02-19T06:12:00.007+0000] {processor.py:830} INFO - Processing file /home/airflow/.local/lib/python3.10/site-packages/airflow/example_dags/example_branch_python_dop_operator_3.py for tasks to queue
[2025-02-19T06:12:00.013+0000] {logging_mixin.py:188} INFO - [2025-02-19T06:12:00.012+0000] {dagbag.py:538} INFO - Filling up the DagBag from /home/airflow/.local/lib/python3.10/site-packages/airflow/example_dags/example_branch_python_dop_operator_3.py
[2025-02-19T06:12:00.067+0000] {processor.py:840} INFO - DAG(s) 'example_branch_dop_operator_v3' retrieved from /home/airflow/.local/lib/python3.10/site-packages/airflow/example_dags/example_branch_python_dop_operator_3.py
[2025-02-19T06:12:00.176+0000] {logging_mixin.py:188} INFO - [2025-02-19T06:12:00.175+0000] {dag.py:3036} INFO - Sync 1 DAGs
[2025-02-19T06:12:00.303+0000] {logging_mixin.py:188} INFO - [2025-02-19T06:12:00.303+0000] {dag.py:3823} INFO - Setting next_dagrun for example_branch_dop_operator_v3 to 2025-02-19 06:11:00+00:00, run_after=2025-02-19 06:12:00+00:00
[2025-02-19T06:12:00.512+0000] {processor.py:183} INFO - Processing /home/airflow/.local/lib/python3.10/site-packages/airflow/example_dags/example_branch_python_dop_operator_3.py took 0.517 seconds
[2025-02-19T06:13:49.898+0000] {processor.py:161} INFO - Started process (PID=622) to work on /home/airflow/.local/lib/python3.10/site-packages/airflow/example_dags/example_branch_python_dop_operator_3.py
[2025-02-19T06:13:49.901+0000] {processor.py:830} INFO - Processing file /home/airflow/.local/lib/python3.10/site-packages/airflow/example_dags/example_branch_python_dop_operator_3.py for tasks to queue
[2025-02-19T06:13:49.906+0000] {logging_mixin.py:188} INFO - [2025-02-19T06:13:49.905+0000] {dagbag.py:538} INFO - Filling up the DagBag from /home/airflow/.local/lib/python3.10/site-packages/airflow/example_dags/example_branch_python_dop_operator_3.py
[2025-02-19T06:13:49.957+0000] {processor.py:840} INFO - DAG(s) 'example_branch_dop_operator_v3' retrieved from /home/airflow/.local/lib/python3.10/site-packages/airflow/example_dags/example_branch_python_dop_operator_3.py
[2025-02-19T06:13:50.057+0000] {logging_mixin.py:188} INFO - [2025-02-19T06:13:50.056+0000] {dag.py:3036} INFO - Sync 1 DAGs
[2025-02-19T06:13:50.214+0000] {logging_mixin.py:188} INFO - [2025-02-19T06:13:50.214+0000] {dag.py:3823} INFO - Setting next_dagrun for example_branch_dop_operator_v3 to 2025-02-19 06:12:00+00:00, run_after=2025-02-19 06:13:00+00:00
[2025-02-19T06:13:50.390+0000] {processor.py:183} INFO - Processing /home/airflow/.local/lib/python3.10/site-packages/airflow/example_dags/example_branch_python_dop_operator_3.py took 0.513 seconds
[2025-02-19T06:15:24.019+0000] {processor.py:161} INFO - Started process (PID=682) to work on /home/airflow/.local/lib/python3.10/site-packages/airflow/example_dags/example_branch_python_dop_operator_3.py
[2025-02-19T06:15:24.022+0000] {processor.py:830} INFO - Processing file /home/airflow/.local/lib/python3.10/site-packages/airflow/example_dags/example_branch_python_dop_operator_3.py for tasks to queue
[2025-02-19T06:15:24.025+0000] {logging_mixin.py:188} INFO - [2025-02-19T06:15:24.024+0000] {dagbag.py:538} INFO - Filling up the DagBag from /home/airflow/.local/lib/python3.10/site-packages/airflow/example_dags/example_branch_python_dop_operator_3.py
[2025-02-19T06:15:24.043+0000] {processor.py:840} INFO - DAG(s) 'example_branch_dop_operator_v3' retrieved from /home/airflow/.local/lib/python3.10/site-packages/airflow/example_dags/example_branch_python_dop_operator_3.py
[2025-02-19T06:15:24.097+0000] {logging_mixin.py:188} INFO - [2025-02-19T06:15:24.097+0000] {dag.py:3036} INFO - Sync 1 DAGs
[2025-02-19T06:15:24.169+0000] {logging_mixin.py:188} INFO - [2025-02-19T06:15:24.168+0000] {dag.py:3823} INFO - Setting next_dagrun for example_branch_dop_operator_v3 to 2025-02-19 06:14:00+00:00, run_after=2025-02-19 06:15:00+00:00
[2025-02-19T06:15:24.360+0000] {processor.py:183} INFO - Processing /home/airflow/.local/lib/python3.10/site-packages/airflow/example_dags/example_branch_python_dop_operator_3.py took 0.347 seconds
[2025-02-19T06:17:27.652+0000] {processor.py:161} INFO - Started process (PID=749) to work on /home/airflow/.local/lib/python3.10/site-packages/airflow/example_dags/example_branch_python_dop_operator_3.py
[2025-02-19T06:17:27.654+0000] {processor.py:830} INFO - Processing file /home/airflow/.local/lib/python3.10/site-packages/airflow/example_dags/example_branch_python_dop_operator_3.py for tasks to queue
[2025-02-19T06:17:27.657+0000] {logging_mixin.py:188} INFO - [2025-02-19T06:17:27.656+0000] {dagbag.py:538} INFO - Filling up the DagBag from /home/airflow/.local/lib/python3.10/site-packages/airflow/example_dags/example_branch_python_dop_operator_3.py
[2025-02-19T06:17:27.682+0000] {processor.py:840} INFO - DAG(s) 'example_branch_dop_operator_v3' retrieved from /home/airflow/.local/lib/python3.10/site-packages/airflow/example_dags/example_branch_python_dop_operator_3.py
[2025-02-19T06:17:27.764+0000] {logging_mixin.py:188} INFO - [2025-02-19T06:17:27.763+0000] {dag.py:3036} INFO - Sync 1 DAGs
[2025-02-19T06:17:27.898+0000] {logging_mixin.py:188} INFO - [2025-02-19T06:17:27.898+0000] {dag.py:3823} INFO - Setting next_dagrun for example_branch_dop_operator_v3 to 2025-02-19 06:16:00+00:00, run_after=2025-02-19 06:17:00+00:00
[2025-02-19T06:17:28.078+0000] {processor.py:183} INFO - Processing /home/airflow/.local/lib/python3.10/site-packages/airflow/example_dags/example_branch_python_dop_operator_3.py took 0.434 seconds
[2025-02-19T06:19:02.629+0000] {processor.py:161} INFO - Started process (PID=810) to work on /home/airflow/.local/lib/python3.10/site-packages/airflow/example_dags/example_branch_python_dop_operator_3.py
[2025-02-19T06:19:02.632+0000] {processor.py:830} INFO - Processing file /home/airflow/.local/lib/python3.10/site-packages/airflow/example_dags/example_branch_python_dop_operator_3.py for tasks to queue
[2025-02-19T06:19:02.635+0000] {logging_mixin.py:188} INFO - [2025-02-19T06:19:02.635+0000] {dagbag.py:538} INFO - Filling up the DagBag from /home/airflow/.local/lib/python3.10/site-packages/airflow/example_dags/example_branch_python_dop_operator_3.py
[2025-02-19T06:19:02.694+0000] {processor.py:840} INFO - DAG(s) 'example_branch_dop_operator_v3' retrieved from /home/airflow/.local/lib/python3.10/site-packages/airflow/example_dags/example_branch_python_dop_operator_3.py
[2025-02-19T06:19:02.796+0000] {logging_mixin.py:188} INFO - [2025-02-19T06:19:02.796+0000] {dag.py:3036} INFO - Sync 1 DAGs
[2025-02-19T06:19:02.986+0000] {logging_mixin.py:188} INFO - [2025-02-19T06:19:02.985+0000] {dag.py:3823} INFO - Setting next_dagrun for example_branch_dop_operator_v3 to 2025-02-19 06:18:00+00:00, run_after=2025-02-19 06:19:00+00:00
[2025-02-19T06:19:03.159+0000] {processor.py:183} INFO - Processing /home/airflow/.local/lib/python3.10/site-packages/airflow/example_dags/example_branch_python_dop_operator_3.py took 0.548 seconds
[2025-02-19T06:20:37.221+0000] {processor.py:161} INFO - Started process (PID=869) to work on /home/airflow/.local/lib/python3.10/site-packages/airflow/example_dags/example_branch_python_dop_operator_3.py
[2025-02-19T06:20:37.224+0000] {processor.py:830} INFO - Processing file /home/airflow/.local/lib/python3.10/site-packages/airflow/example_dags/example_branch_python_dop_operator_3.py for tasks to queue
[2025-02-19T06:20:37.227+0000] {logging_mixin.py:188} INFO - [2025-02-19T06:20:37.226+0000] {dagbag.py:538} INFO - Filling up the DagBag from /home/airflow/.local/lib/python3.10/site-packages/airflow/example_dags/example_branch_python_dop_operator_3.py
[2025-02-19T06:20:37.259+0000] {processor.py:840} INFO - DAG(s) 'example_branch_dop_operator_v3' retrieved from /home/airflow/.local/lib/python3.10/site-packages/airflow/example_dags/example_branch_python_dop_operator_3.py
[2025-02-19T06:20:37.329+0000] {logging_mixin.py:188} INFO - [2025-02-19T06:20:37.329+0000] {dag.py:3036} INFO - Sync 1 DAGs
[2025-02-19T06:20:37.425+0000] {logging_mixin.py:188} INFO - [2025-02-19T06:20:37.424+0000] {dag.py:3823} INFO - Setting next_dagrun for example_branch_dop_operator_v3 to 2025-02-19 06:19:00+00:00, run_after=2025-02-19 06:20:00+00:00
[2025-02-19T06:20:37.565+0000] {processor.py:183} INFO - Processing /home/airflow/.local/lib/python3.10/site-packages/airflow/example_dags/example_branch_python_dop_operator_3.py took 0.359 seconds
[2025-02-19T06:22:38.274+0000] {processor.py:161} INFO - Started process (PID=934) to work on /home/airflow/.local/lib/python3.10/site-packages/airflow/example_dags/example_branch_python_dop_operator_3.py
[2025-02-19T06:22:38.277+0000] {processor.py:830} INFO - Processing file /home/airflow/.local/lib/python3.10/site-packages/airflow/example_dags/example_branch_python_dop_operator_3.py for tasks to queue
[2025-02-19T06:22:38.280+0000] {logging_mixin.py:188} INFO - [2025-02-19T06:22:38.279+0000] {dagbag.py:538} INFO - Filling up the DagBag from /home/airflow/.local/lib/python3.10/site-packages/airflow/example_dags/example_branch_python_dop_operator_3.py
[2025-02-19T06:22:38.346+0000] {processor.py:840} INFO - DAG(s) 'example_branch_dop_operator_v3' retrieved from /home/airflow/.local/lib/python3.10/site-packages/airflow/example_dags/example_branch_python_dop_operator_3.py
[2025-02-19T06:22:38.476+0000] {logging_mixin.py:188} INFO - [2025-02-19T06:22:38.471+0000] {dag.py:3036} INFO - Sync 1 DAGs
[2025-02-19T06:22:38.562+0000] {logging_mixin.py:188} INFO - [2025-02-19T06:22:38.562+0000] {dag.py:3823} INFO - Setting next_dagrun for example_branch_dop_operator_v3 to 2025-02-19 06:21:00+00:00, run_after=2025-02-19 06:22:00+00:00
[2025-02-19T06:22:38.802+0000] {processor.py:183} INFO - Processing /home/airflow/.local/lib/python3.10/site-packages/airflow/example_dags/example_branch_python_dop_operator_3.py took 0.546 seconds
[2025-02-19T06:24:51.074+0000] {processor.py:161} INFO - Started process (PID=1002) to work on /home/airflow/.local/lib/python3.10/site-packages/airflow/example_dags/example_branch_python_dop_operator_3.py
[2025-02-19T06:24:51.086+0000] {processor.py:830} INFO - Processing file /home/airflow/.local/lib/python3.10/site-packages/airflow/example_dags/example_branch_python_dop_operator_3.py for tasks to queue
[2025-02-19T06:24:51.088+0000] {logging_mixin.py:188} INFO - [2025-02-19T06:24:51.087+0000] {dagbag.py:538} INFO - Filling up the DagBag from /home/airflow/.local/lib/python3.10/site-packages/airflow/example_dags/example_branch_python_dop_operator_3.py
[2025-02-19T06:24:51.119+0000] {processor.py:840} INFO - DAG(s) 'example_branch_dop_operator_v3' retrieved from /home/airflow/.local/lib/python3.10/site-packages/airflow/example_dags/example_branch_python_dop_operator_3.py
[2025-02-19T06:24:51.229+0000] {logging_mixin.py:188} INFO - [2025-02-19T06:24:51.229+0000] {dag.py:3036} INFO - Sync 1 DAGs
[2025-02-19T06:24:51.396+0000] {logging_mixin.py:188} INFO - [2025-02-19T06:24:51.395+0000] {dag.py:3823} INFO - Setting next_dagrun for example_branch_dop_operator_v3 to 2025-02-19 06:23:00+00:00, run_after=2025-02-19 06:24:00+00:00
[2025-02-19T06:24:51.608+0000] {processor.py:183} INFO - Processing /home/airflow/.local/lib/python3.10/site-packages/airflow/example_dags/example_branch_python_dop_operator_3.py took 0.542 seconds
[2025-02-19T06:26:48.430+0000] {processor.py:161} INFO - Started process (PID=1066) to work on /home/airflow/.local/lib/python3.10/site-packages/airflow/example_dags/example_branch_python_dop_operator_3.py
[2025-02-19T06:26:48.458+0000] {processor.py:830} INFO - Processing file /home/airflow/.local/lib/python3.10/site-packages/airflow/example_dags/example_branch_python_dop_operator_3.py for tasks to queue
[2025-02-19T06:26:48.466+0000] {logging_mixin.py:188} INFO - [2025-02-19T06:26:48.465+0000] {dagbag.py:538} INFO - Filling up the DagBag from /home/airflow/.local/lib/python3.10/site-packages/airflow/example_dags/example_branch_python_dop_operator_3.py
[2025-02-19T06:26:48.511+0000] {processor.py:840} INFO - DAG(s) 'example_branch_dop_operator_v3' retrieved from /home/airflow/.local/lib/python3.10/site-packages/airflow/example_dags/example_branch_python_dop_operator_3.py
[2025-02-19T06:26:48.638+0000] {logging_mixin.py:188} INFO - [2025-02-19T06:26:48.638+0000] {dag.py:3036} INFO - Sync 1 DAGs
[2025-02-19T06:26:48.792+0000] {logging_mixin.py:188} INFO - [2025-02-19T06:26:48.791+0000] {dag.py:3823} INFO - Setting next_dagrun for example_branch_dop_operator_v3 to 2025-02-19 06:25:00+00:00, run_after=2025-02-19 06:26:00+00:00
[2025-02-19T06:26:49.014+0000] {processor.py:183} INFO - Processing /home/airflow/.local/lib/python3.10/site-packages/airflow/example_dags/example_branch_python_dop_operator_3.py took 0.595 seconds
[2025-02-19T06:30:45.774+0000] {processor.py:161} INFO - Started process (PID=60) to work on /home/airflow/.local/lib/python3.10/site-packages/airflow/example_dags/example_branch_python_dop_operator_3.py
[2025-02-19T06:30:45.777+0000] {processor.py:830} INFO - Processing file /home/airflow/.local/lib/python3.10/site-packages/airflow/example_dags/example_branch_python_dop_operator_3.py for tasks to queue
[2025-02-19T06:30:45.780+0000] {logging_mixin.py:188} INFO - [2025-02-19T06:30:45.779+0000] {dagbag.py:538} INFO - Filling up the DagBag from /home/airflow/.local/lib/python3.10/site-packages/airflow/example_dags/example_branch_python_dop_operator_3.py
[2025-02-19T06:30:45.810+0000] {processor.py:840} INFO - DAG(s) 'example_branch_dop_operator_v3' retrieved from /home/airflow/.local/lib/python3.10/site-packages/airflow/example_dags/example_branch_python_dop_operator_3.py
[2025-02-19T06:30:45.889+0000] {logging_mixin.py:188} INFO - [2025-02-19T06:30:45.888+0000] {dag.py:3036} INFO - Sync 1 DAGs
[2025-02-19T06:30:46.007+0000] {logging_mixin.py:188} INFO - [2025-02-19T06:30:46.006+0000] {dag.py:3823} INFO - Setting next_dagrun for example_branch_dop_operator_v3 to 2025-02-19 06:29:00+00:00, run_after=2025-02-19 06:30:00+00:00
[2025-02-19T06:30:46.194+0000] {processor.py:183} INFO - Processing /home/airflow/.local/lib/python3.10/site-packages/airflow/example_dags/example_branch_python_dop_operator_3.py took 0.427 seconds
[2025-02-19T06:32:59.601+0000] {processor.py:161} INFO - Started process (PID=128) to work on /home/airflow/.local/lib/python3.10/site-packages/airflow/example_dags/example_branch_python_dop_operator_3.py
[2025-02-19T06:32:59.604+0000] {processor.py:830} INFO - Processing file /home/airflow/.local/lib/python3.10/site-packages/airflow/example_dags/example_branch_python_dop_operator_3.py for tasks to queue
[2025-02-19T06:32:59.609+0000] {logging_mixin.py:188} INFO - [2025-02-19T06:32:59.608+0000] {dagbag.py:538} INFO - Filling up the DagBag from /home/airflow/.local/lib/python3.10/site-packages/airflow/example_dags/example_branch_python_dop_operator_3.py
[2025-02-19T06:32:59.648+0000] {processor.py:840} INFO - DAG(s) 'example_branch_dop_operator_v3' retrieved from /home/airflow/.local/lib/python3.10/site-packages/airflow/example_dags/example_branch_python_dop_operator_3.py
[2025-02-19T06:32:59.780+0000] {logging_mixin.py:188} INFO - [2025-02-19T06:32:59.779+0000] {dag.py:3036} INFO - Sync 1 DAGs
[2025-02-19T06:32:59.950+0000] {logging_mixin.py:188} INFO - [2025-02-19T06:32:59.949+0000] {dag.py:3823} INFO - Setting next_dagrun for example_branch_dop_operator_v3 to 2025-02-19 06:31:00+00:00, run_after=2025-02-19 06:32:00+00:00
[2025-02-19T06:33:00.139+0000] {processor.py:183} INFO - Processing /home/airflow/.local/lib/python3.10/site-packages/airflow/example_dags/example_branch_python_dop_operator_3.py took 0.547 seconds
[2025-02-19T06:34:25.859+0000] {processor.py:161} INFO - Started process (PID=177) to work on /home/airflow/.local/lib/python3.10/site-packages/airflow/example_dags/example_branch_python_dop_operator_3.py
[2025-02-19T06:34:25.861+0000] {processor.py:830} INFO - Processing file /home/airflow/.local/lib/python3.10/site-packages/airflow/example_dags/example_branch_python_dop_operator_3.py for tasks to queue
[2025-02-19T06:34:25.863+0000] {logging_mixin.py:188} INFO - [2025-02-19T06:34:25.862+0000] {dagbag.py:538} INFO - Filling up the DagBag from /home/airflow/.local/lib/python3.10/site-packages/airflow/example_dags/example_branch_python_dop_operator_3.py
[2025-02-19T06:34:25.884+0000] {processor.py:840} INFO - DAG(s) 'example_branch_dop_operator_v3' retrieved from /home/airflow/.local/lib/python3.10/site-packages/airflow/example_dags/example_branch_python_dop_operator_3.py
[2025-02-19T06:34:25.939+0000] {logging_mixin.py:188} INFO - [2025-02-19T06:34:25.939+0000] {dag.py:3036} INFO - Sync 1 DAGs
[2025-02-19T06:34:26.018+0000] {logging_mixin.py:188} INFO - [2025-02-19T06:34:26.017+0000] {dag.py:3823} INFO - Setting next_dagrun for example_branch_dop_operator_v3 to 2025-02-19 06:33:00+00:00, run_after=2025-02-19 06:34:00+00:00
[2025-02-19T06:34:26.157+0000] {processor.py:183} INFO - Processing /home/airflow/.local/lib/python3.10/site-packages/airflow/example_dags/example_branch_python_dop_operator_3.py took 0.307 seconds
[2025-02-19T06:35:58.507+0000] {processor.py:161} INFO - Started process (PID=236) to work on /home/airflow/.local/lib/python3.10/site-packages/airflow/example_dags/example_branch_python_dop_operator_3.py
[2025-02-19T06:35:58.511+0000] {processor.py:830} INFO - Processing file /home/airflow/.local/lib/python3.10/site-packages/airflow/example_dags/example_branch_python_dop_operator_3.py for tasks to queue
[2025-02-19T06:35:58.513+0000] {logging_mixin.py:188} INFO - [2025-02-19T06:35:58.513+0000] {dagbag.py:538} INFO - Filling up the DagBag from /home/airflow/.local/lib/python3.10/site-packages/airflow/example_dags/example_branch_python_dop_operator_3.py
[2025-02-19T06:35:58.558+0000] {processor.py:840} INFO - DAG(s) 'example_branch_dop_operator_v3' retrieved from /home/airflow/.local/lib/python3.10/site-packages/airflow/example_dags/example_branch_python_dop_operator_3.py
[2025-02-19T06:35:58.747+0000] {logging_mixin.py:188} INFO - [2025-02-19T06:35:58.746+0000] {dag.py:3036} INFO - Sync 1 DAGs
[2025-02-19T06:35:58.866+0000] {logging_mixin.py:188} INFO - [2025-02-19T06:35:58.866+0000] {dag.py:3823} INFO - Setting next_dagrun for example_branch_dop_operator_v3 to 2025-02-19 06:34:00+00:00, run_after=2025-02-19 06:35:00+00:00
[2025-02-19T06:35:59.072+0000] {processor.py:183} INFO - Processing /home/airflow/.local/lib/python3.10/site-packages/airflow/example_dags/example_branch_python_dop_operator_3.py took 0.581 seconds
[2025-02-19T06:37:53.922+0000] {processor.py:161} INFO - Started process (PID=301) to work on /home/airflow/.local/lib/python3.10/site-packages/airflow/example_dags/example_branch_python_dop_operator_3.py
[2025-02-19T06:37:53.923+0000] {processor.py:830} INFO - Processing file /home/airflow/.local/lib/python3.10/site-packages/airflow/example_dags/example_branch_python_dop_operator_3.py for tasks to queue
[2025-02-19T06:37:53.925+0000] {logging_mixin.py:188} INFO - [2025-02-19T06:37:53.924+0000] {dagbag.py:538} INFO - Filling up the DagBag from /home/airflow/.local/lib/python3.10/site-packages/airflow/example_dags/example_branch_python_dop_operator_3.py
[2025-02-19T06:37:53.940+0000] {processor.py:840} INFO - DAG(s) 'example_branch_dop_operator_v3' retrieved from /home/airflow/.local/lib/python3.10/site-packages/airflow/example_dags/example_branch_python_dop_operator_3.py
[2025-02-19T06:37:53.978+0000] {logging_mixin.py:188} INFO - [2025-02-19T06:37:53.977+0000] {dag.py:3036} INFO - Sync 1 DAGs
[2025-02-19T06:37:54.031+0000] {logging_mixin.py:188} INFO - [2025-02-19T06:37:54.031+0000] {dag.py:3823} INFO - Setting next_dagrun for example_branch_dop_operator_v3 to 2025-02-19 06:36:00+00:00, run_after=2025-02-19 06:37:00+00:00
[2025-02-19T06:37:54.144+0000] {processor.py:183} INFO - Processing /home/airflow/.local/lib/python3.10/site-packages/airflow/example_dags/example_branch_python_dop_operator_3.py took 0.228 seconds
[2025-02-19T06:39:26.545+0000] {processor.py:161} INFO - Started process (PID=358) to work on /home/airflow/.local/lib/python3.10/site-packages/airflow/example_dags/example_branch_python_dop_operator_3.py
[2025-02-19T06:39:26.549+0000] {processor.py:830} INFO - Processing file /home/airflow/.local/lib/python3.10/site-packages/airflow/example_dags/example_branch_python_dop_operator_3.py for tasks to queue
[2025-02-19T06:39:26.560+0000] {logging_mixin.py:188} INFO - [2025-02-19T06:39:26.558+0000] {dagbag.py:538} INFO - Filling up the DagBag from /home/airflow/.local/lib/python3.10/site-packages/airflow/example_dags/example_branch_python_dop_operator_3.py
[2025-02-19T06:39:26.605+0000] {processor.py:840} INFO - DAG(s) 'example_branch_dop_operator_v3' retrieved from /home/airflow/.local/lib/python3.10/site-packages/airflow/example_dags/example_branch_python_dop_operator_3.py
[2025-02-19T06:39:26.698+0000] {logging_mixin.py:188} INFO - [2025-02-19T06:39:26.698+0000] {dag.py:3036} INFO - Sync 1 DAGs
[2025-02-19T06:39:26.847+0000] {logging_mixin.py:188} INFO - [2025-02-19T06:39:26.846+0000] {dag.py:3823} INFO - Setting next_dagrun for example_branch_dop_operator_v3 to 2025-02-19 06:38:00+00:00, run_after=2025-02-19 06:39:00+00:00
[2025-02-19T06:39:27.112+0000] {processor.py:183} INFO - Processing /home/airflow/.local/lib/python3.10/site-packages/airflow/example_dags/example_branch_python_dop_operator_3.py took 0.591 seconds
[2025-02-19T06:41:58.344+0000] {processor.py:161} INFO - Started process (PID=427) to work on /home/airflow/.local/lib/python3.10/site-packages/airflow/example_dags/example_branch_python_dop_operator_3.py
[2025-02-19T06:41:58.347+0000] {processor.py:830} INFO - Processing file /home/airflow/.local/lib/python3.10/site-packages/airflow/example_dags/example_branch_python_dop_operator_3.py for tasks to queue
[2025-02-19T06:41:58.360+0000] {logging_mixin.py:188} INFO - [2025-02-19T06:41:58.357+0000] {dagbag.py:538} INFO - Filling up the DagBag from /home/airflow/.local/lib/python3.10/site-packages/airflow/example_dags/example_branch_python_dop_operator_3.py
[2025-02-19T06:41:58.427+0000] {processor.py:840} INFO - DAG(s) 'example_branch_dop_operator_v3' retrieved from /home/airflow/.local/lib/python3.10/site-packages/airflow/example_dags/example_branch_python_dop_operator_3.py
[2025-02-19T06:41:58.587+0000] {logging_mixin.py:188} INFO - [2025-02-19T06:41:58.586+0000] {dag.py:3036} INFO - Sync 1 DAGs
[2025-02-19T06:41:58.808+0000] {logging_mixin.py:188} INFO - [2025-02-19T06:41:58.808+0000] {dag.py:3823} INFO - Setting next_dagrun for example_branch_dop_operator_v3 to 2025-02-19 06:40:00+00:00, run_after=2025-02-19 06:41:00+00:00
[2025-02-19T06:41:59.088+0000] {processor.py:183} INFO - Processing /home/airflow/.local/lib/python3.10/site-packages/airflow/example_dags/example_branch_python_dop_operator_3.py took 0.762 seconds
[2025-02-19T06:44:05.546+0000] {processor.py:161} INFO - Started process (PID=60) to work on /home/airflow/.local/lib/python3.10/site-packages/airflow/example_dags/example_branch_python_dop_operator_3.py
[2025-02-19T06:44:05.550+0000] {processor.py:830} INFO - Processing file /home/airflow/.local/lib/python3.10/site-packages/airflow/example_dags/example_branch_python_dop_operator_3.py for tasks to queue
[2025-02-19T06:44:05.552+0000] {logging_mixin.py:188} INFO - [2025-02-19T06:44:05.551+0000] {dagbag.py:538} INFO - Filling up the DagBag from /home/airflow/.local/lib/python3.10/site-packages/airflow/example_dags/example_branch_python_dop_operator_3.py
[2025-02-19T06:44:05.573+0000] {processor.py:840} INFO - DAG(s) 'example_branch_dop_operator_v3' retrieved from /home/airflow/.local/lib/python3.10/site-packages/airflow/example_dags/example_branch_python_dop_operator_3.py
[2025-02-19T06:44:05.642+0000] {logging_mixin.py:188} INFO - [2025-02-19T06:44:05.642+0000] {dag.py:3036} INFO - Sync 1 DAGs
[2025-02-19T06:44:05.719+0000] {logging_mixin.py:188} INFO - [2025-02-19T06:44:05.718+0000] {dag.py:3823} INFO - Setting next_dagrun for example_branch_dop_operator_v3 to 2025-02-19 06:43:00+00:00, run_after=2025-02-19 06:44:00+00:00
[2025-02-19T06:44:05.836+0000] {processor.py:183} INFO - Processing /home/airflow/.local/lib/python3.10/site-packages/airflow/example_dags/example_branch_python_dop_operator_3.py took 0.296 seconds
[2025-02-19T06:45:54.186+0000] {processor.py:161} INFO - Started process (PID=123) to work on /home/airflow/.local/lib/python3.10/site-packages/airflow/example_dags/example_branch_python_dop_operator_3.py
[2025-02-19T06:45:54.194+0000] {processor.py:830} INFO - Processing file /home/airflow/.local/lib/python3.10/site-packages/airflow/example_dags/example_branch_python_dop_operator_3.py for tasks to queue
[2025-02-19T06:45:54.197+0000] {logging_mixin.py:188} INFO - [2025-02-19T06:45:54.196+0000] {dagbag.py:538} INFO - Filling up the DagBag from /home/airflow/.local/lib/python3.10/site-packages/airflow/example_dags/example_branch_python_dop_operator_3.py
[2025-02-19T06:45:54.222+0000] {processor.py:840} INFO - DAG(s) 'example_branch_dop_operator_v3' retrieved from /home/airflow/.local/lib/python3.10/site-packages/airflow/example_dags/example_branch_python_dop_operator_3.py
[2025-02-19T06:45:54.287+0000] {logging_mixin.py:188} INFO - [2025-02-19T06:45:54.286+0000] {dag.py:3036} INFO - Sync 1 DAGs
[2025-02-19T06:45:54.374+0000] {logging_mixin.py:188} INFO - [2025-02-19T06:45:54.374+0000] {dag.py:3823} INFO - Setting next_dagrun for example_branch_dop_operator_v3 to 2025-02-19 06:44:00+00:00, run_after=2025-02-19 06:45:00+00:00
[2025-02-19T06:45:54.545+0000] {processor.py:183} INFO - Processing /home/airflow/.local/lib/python3.10/site-packages/airflow/example_dags/example_branch_python_dop_operator_3.py took 0.367 seconds
[2025-02-19T06:47:37.737+0000] {processor.py:161} INFO - Started process (PID=184) to work on /home/airflow/.local/lib/python3.10/site-packages/airflow/example_dags/example_branch_python_dop_operator_3.py
[2025-02-19T06:47:37.746+0000] {processor.py:830} INFO - Processing file /home/airflow/.local/lib/python3.10/site-packages/airflow/example_dags/example_branch_python_dop_operator_3.py for tasks to queue
[2025-02-19T06:47:37.751+0000] {logging_mixin.py:188} INFO - [2025-02-19T06:47:37.750+0000] {dagbag.py:538} INFO - Filling up the DagBag from /home/airflow/.local/lib/python3.10/site-packages/airflow/example_dags/example_branch_python_dop_operator_3.py
[2025-02-19T06:47:37.823+0000] {processor.py:840} INFO - DAG(s) 'example_branch_dop_operator_v3' retrieved from /home/airflow/.local/lib/python3.10/site-packages/airflow/example_dags/example_branch_python_dop_operator_3.py
[2025-02-19T06:47:37.959+0000] {logging_mixin.py:188} INFO - [2025-02-19T06:47:37.959+0000] {dag.py:3036} INFO - Sync 1 DAGs
[2025-02-19T06:47:38.110+0000] {logging_mixin.py:188} INFO - [2025-02-19T06:47:38.109+0000] {dag.py:3823} INFO - Setting next_dagrun for example_branch_dop_operator_v3 to 2025-02-19 06:46:00+00:00, run_after=2025-02-19 06:47:00+00:00
[2025-02-19T06:47:38.337+0000] {processor.py:183} INFO - Processing /home/airflow/.local/lib/python3.10/site-packages/airflow/example_dags/example_branch_python_dop_operator_3.py took 0.613 seconds
[2025-02-19T06:49:14.761+0000] {processor.py:161} INFO - Started process (PID=245) to work on /home/airflow/.local/lib/python3.10/site-packages/airflow/example_dags/example_branch_python_dop_operator_3.py
[2025-02-19T06:49:14.773+0000] {processor.py:830} INFO - Processing file /home/airflow/.local/lib/python3.10/site-packages/airflow/example_dags/example_branch_python_dop_operator_3.py for tasks to queue
[2025-02-19T06:49:14.776+0000] {logging_mixin.py:188} INFO - [2025-02-19T06:49:14.775+0000] {dagbag.py:538} INFO - Filling up the DagBag from /home/airflow/.local/lib/python3.10/site-packages/airflow/example_dags/example_branch_python_dop_operator_3.py
[2025-02-19T06:49:14.819+0000] {processor.py:840} INFO - DAG(s) 'example_branch_dop_operator_v3' retrieved from /home/airflow/.local/lib/python3.10/site-packages/airflow/example_dags/example_branch_python_dop_operator_3.py
[2025-02-19T06:49:14.889+0000] {logging_mixin.py:188} INFO - [2025-02-19T06:49:14.888+0000] {dag.py:3036} INFO - Sync 1 DAGs
[2025-02-19T06:49:15.045+0000] {logging_mixin.py:188} INFO - [2025-02-19T06:49:15.045+0000] {dag.py:3823} INFO - Setting next_dagrun for example_branch_dop_operator_v3 to 2025-02-19 06:48:00+00:00, run_after=2025-02-19 06:49:00+00:00
[2025-02-19T06:49:15.313+0000] {processor.py:183} INFO - Processing /home/airflow/.local/lib/python3.10/site-packages/airflow/example_dags/example_branch_python_dop_operator_3.py took 0.559 seconds
[2025-02-19T06:50:58.964+0000] {processor.py:161} INFO - Started process (PID=308) to work on /home/airflow/.local/lib/python3.10/site-packages/airflow/example_dags/example_branch_python_dop_operator_3.py
[2025-02-19T06:50:58.968+0000] {processor.py:830} INFO - Processing file /home/airflow/.local/lib/python3.10/site-packages/airflow/example_dags/example_branch_python_dop_operator_3.py for tasks to queue
[2025-02-19T06:50:58.972+0000] {logging_mixin.py:188} INFO - [2025-02-19T06:50:58.971+0000] {dagbag.py:538} INFO - Filling up the DagBag from /home/airflow/.local/lib/python3.10/site-packages/airflow/example_dags/example_branch_python_dop_operator_3.py
[2025-02-19T06:50:59.020+0000] {processor.py:840} INFO - DAG(s) 'example_branch_dop_operator_v3' retrieved from /home/airflow/.local/lib/python3.10/site-packages/airflow/example_dags/example_branch_python_dop_operator_3.py
[2025-02-19T06:50:59.128+0000] {logging_mixin.py:188} INFO - [2025-02-19T06:50:59.128+0000] {dag.py:3036} INFO - Sync 1 DAGs
[2025-02-19T06:50:59.250+0000] {logging_mixin.py:188} INFO - [2025-02-19T06:50:59.249+0000] {dag.py:3823} INFO - Setting next_dagrun for example_branch_dop_operator_v3 to 2025-02-19 06:49:00+00:00, run_after=2025-02-19 06:50:00+00:00
[2025-02-19T06:50:59.427+0000] {processor.py:183} INFO - Processing /home/airflow/.local/lib/python3.10/site-packages/airflow/example_dags/example_branch_python_dop_operator_3.py took 0.483 seconds
[2025-02-19T06:52:48.074+0000] {processor.py:161} INFO - Started process (PID=373) to work on /home/airflow/.local/lib/python3.10/site-packages/airflow/example_dags/example_branch_python_dop_operator_3.py
[2025-02-19T06:52:48.079+0000] {processor.py:830} INFO - Processing file /home/airflow/.local/lib/python3.10/site-packages/airflow/example_dags/example_branch_python_dop_operator_3.py for tasks to queue
[2025-02-19T06:52:48.082+0000] {logging_mixin.py:188} INFO - [2025-02-19T06:52:48.081+0000] {dagbag.py:538} INFO - Filling up the DagBag from /home/airflow/.local/lib/python3.10/site-packages/airflow/example_dags/example_branch_python_dop_operator_3.py
[2025-02-19T06:52:48.117+0000] {processor.py:840} INFO - DAG(s) 'example_branch_dop_operator_v3' retrieved from /home/airflow/.local/lib/python3.10/site-packages/airflow/example_dags/example_branch_python_dop_operator_3.py
[2025-02-19T06:52:48.196+0000] {logging_mixin.py:188} INFO - [2025-02-19T06:52:48.195+0000] {dag.py:3036} INFO - Sync 1 DAGs
[2025-02-19T06:52:48.318+0000] {logging_mixin.py:188} INFO - [2025-02-19T06:52:48.317+0000] {dag.py:3823} INFO - Setting next_dagrun for example_branch_dop_operator_v3 to 2025-02-19 06:51:00+00:00, run_after=2025-02-19 06:52:00+00:00
[2025-02-19T06:52:48.470+0000] {processor.py:183} INFO - Processing /home/airflow/.local/lib/python3.10/site-packages/airflow/example_dags/example_branch_python_dop_operator_3.py took 0.406 seconds
[2025-02-19T06:54:22.222+0000] {processor.py:161} INFO - Started process (PID=432) to work on /home/airflow/.local/lib/python3.10/site-packages/airflow/example_dags/example_branch_python_dop_operator_3.py
[2025-02-19T06:54:22.224+0000] {processor.py:830} INFO - Processing file /home/airflow/.local/lib/python3.10/site-packages/airflow/example_dags/example_branch_python_dop_operator_3.py for tasks to queue
[2025-02-19T06:54:22.226+0000] {logging_mixin.py:188} INFO - [2025-02-19T06:54:22.225+0000] {dagbag.py:538} INFO - Filling up the DagBag from /home/airflow/.local/lib/python3.10/site-packages/airflow/example_dags/example_branch_python_dop_operator_3.py
[2025-02-19T06:54:22.242+0000] {processor.py:840} INFO - DAG(s) 'example_branch_dop_operator_v3' retrieved from /home/airflow/.local/lib/python3.10/site-packages/airflow/example_dags/example_branch_python_dop_operator_3.py
[2025-02-19T06:54:22.300+0000] {logging_mixin.py:188} INFO - [2025-02-19T06:54:22.300+0000] {dag.py:3036} INFO - Sync 1 DAGs
[2025-02-19T06:54:22.382+0000] {logging_mixin.py:188} INFO - [2025-02-19T06:54:22.382+0000] {dag.py:3823} INFO - Setting next_dagrun for example_branch_dop_operator_v3 to 2025-02-19 06:53:00+00:00, run_after=2025-02-19 06:54:00+00:00
[2025-02-19T06:54:22.536+0000] {processor.py:183} INFO - Processing /home/airflow/.local/lib/python3.10/site-packages/airflow/example_dags/example_branch_python_dop_operator_3.py took 0.320 seconds
[2025-02-19T06:55:40.139+0000] {processor.py:161} INFO - Started process (PID=487) to work on /home/airflow/.local/lib/python3.10/site-packages/airflow/example_dags/example_branch_python_dop_operator_3.py
[2025-02-19T06:55:40.143+0000] {processor.py:830} INFO - Processing file /home/airflow/.local/lib/python3.10/site-packages/airflow/example_dags/example_branch_python_dop_operator_3.py for tasks to queue
[2025-02-19T06:55:40.146+0000] {logging_mixin.py:188} INFO - [2025-02-19T06:55:40.145+0000] {dagbag.py:538} INFO - Filling up the DagBag from /home/airflow/.local/lib/python3.10/site-packages/airflow/example_dags/example_branch_python_dop_operator_3.py
[2025-02-19T06:55:40.173+0000] {processor.py:840} INFO - DAG(s) 'example_branch_dop_operator_v3' retrieved from /home/airflow/.local/lib/python3.10/site-packages/airflow/example_dags/example_branch_python_dop_operator_3.py
[2025-02-19T06:55:40.223+0000] {logging_mixin.py:188} INFO - [2025-02-19T06:55:40.223+0000] {dag.py:3036} INFO - Sync 1 DAGs
[2025-02-19T06:55:40.288+0000] {logging_mixin.py:188} INFO - [2025-02-19T06:55:40.287+0000] {dag.py:3823} INFO - Setting next_dagrun for example_branch_dop_operator_v3 to 2025-02-19 06:54:00+00:00, run_after=2025-02-19 06:55:00+00:00
[2025-02-19T06:55:40.439+0000] {processor.py:183} INFO - Processing /home/airflow/.local/lib/python3.10/site-packages/airflow/example_dags/example_branch_python_dop_operator_3.py took 0.312 seconds
[2025-02-19T06:57:17.128+0000] {processor.py:161} INFO - Started process (PID=546) to work on /home/airflow/.local/lib/python3.10/site-packages/airflow/example_dags/example_branch_python_dop_operator_3.py
[2025-02-19T06:57:17.131+0000] {processor.py:830} INFO - Processing file /home/airflow/.local/lib/python3.10/site-packages/airflow/example_dags/example_branch_python_dop_operator_3.py for tasks to queue
[2025-02-19T06:57:17.134+0000] {logging_mixin.py:188} INFO - [2025-02-19T06:57:17.132+0000] {dagbag.py:538} INFO - Filling up the DagBag from /home/airflow/.local/lib/python3.10/site-packages/airflow/example_dags/example_branch_python_dop_operator_3.py
[2025-02-19T06:57:17.158+0000] {processor.py:840} INFO - DAG(s) 'example_branch_dop_operator_v3' retrieved from /home/airflow/.local/lib/python3.10/site-packages/airflow/example_dags/example_branch_python_dop_operator_3.py
[2025-02-19T06:57:17.221+0000] {logging_mixin.py:188} INFO - [2025-02-19T06:57:17.221+0000] {dag.py:3036} INFO - Sync 1 DAGs
[2025-02-19T06:57:17.316+0000] {logging_mixin.py:188} INFO - [2025-02-19T06:57:17.315+0000] {dag.py:3823} INFO - Setting next_dagrun for example_branch_dop_operator_v3 to 2025-02-19 06:56:00+00:00, run_after=2025-02-19 06:57:00+00:00
[2025-02-19T06:57:17.464+0000] {processor.py:183} INFO - Processing /home/airflow/.local/lib/python3.10/site-packages/airflow/example_dags/example_branch_python_dop_operator_3.py took 0.343 seconds
[2025-02-19T06:58:44.135+0000] {processor.py:161} INFO - Started process (PID=604) to work on /home/airflow/.local/lib/python3.10/site-packages/airflow/example_dags/example_branch_python_dop_operator_3.py
[2025-02-19T06:58:44.139+0000] {processor.py:830} INFO - Processing file /home/airflow/.local/lib/python3.10/site-packages/airflow/example_dags/example_branch_python_dop_operator_3.py for tasks to queue
[2025-02-19T06:58:44.142+0000] {logging_mixin.py:188} INFO - [2025-02-19T06:58:44.141+0000] {dagbag.py:538} INFO - Filling up the DagBag from /home/airflow/.local/lib/python3.10/site-packages/airflow/example_dags/example_branch_python_dop_operator_3.py
[2025-02-19T06:58:44.174+0000] {processor.py:840} INFO - DAG(s) 'example_branch_dop_operator_v3' retrieved from /home/airflow/.local/lib/python3.10/site-packages/airflow/example_dags/example_branch_python_dop_operator_3.py
[2025-02-19T06:58:44.248+0000] {logging_mixin.py:188} INFO - [2025-02-19T06:58:44.247+0000] {dag.py:3036} INFO - Sync 1 DAGs
[2025-02-19T06:58:44.350+0000] {logging_mixin.py:188} INFO - [2025-02-19T06:58:44.349+0000] {dag.py:3823} INFO - Setting next_dagrun for example_branch_dop_operator_v3 to 2025-02-19 06:57:00+00:00, run_after=2025-02-19 06:58:00+00:00
[2025-02-19T06:58:44.555+0000] {processor.py:183} INFO - Processing /home/airflow/.local/lib/python3.10/site-packages/airflow/example_dags/example_branch_python_dop_operator_3.py took 0.427 seconds
[2025-02-19T07:00:36.361+0000] {processor.py:161} INFO - Started process (PID=669) to work on /home/airflow/.local/lib/python3.10/site-packages/airflow/example_dags/example_branch_python_dop_operator_3.py
[2025-02-19T07:00:36.364+0000] {processor.py:830} INFO - Processing file /home/airflow/.local/lib/python3.10/site-packages/airflow/example_dags/example_branch_python_dop_operator_3.py for tasks to queue
[2025-02-19T07:00:36.367+0000] {logging_mixin.py:188} INFO - [2025-02-19T07:00:36.366+0000] {dagbag.py:538} INFO - Filling up the DagBag from /home/airflow/.local/lib/python3.10/site-packages/airflow/example_dags/example_branch_python_dop_operator_3.py
[2025-02-19T07:00:36.393+0000] {processor.py:840} INFO - DAG(s) 'example_branch_dop_operator_v3' retrieved from /home/airflow/.local/lib/python3.10/site-packages/airflow/example_dags/example_branch_python_dop_operator_3.py
[2025-02-19T07:00:36.452+0000] {logging_mixin.py:188} INFO - [2025-02-19T07:00:36.451+0000] {dag.py:3036} INFO - Sync 1 DAGs
[2025-02-19T07:00:36.549+0000] {logging_mixin.py:188} INFO - [2025-02-19T07:00:36.548+0000] {dag.py:3823} INFO - Setting next_dagrun for example_branch_dop_operator_v3 to 2025-02-19 06:59:00+00:00, run_after=2025-02-19 07:00:00+00:00
[2025-02-19T07:00:36.687+0000] {processor.py:183} INFO - Processing /home/airflow/.local/lib/python3.10/site-packages/airflow/example_dags/example_branch_python_dop_operator_3.py took 0.331 seconds
[2025-02-19T07:02:14.915+0000] {processor.py:161} INFO - Started process (PID=729) to work on /home/airflow/.local/lib/python3.10/site-packages/airflow/example_dags/example_branch_python_dop_operator_3.py
[2025-02-19T07:02:14.920+0000] {processor.py:830} INFO - Processing file /home/airflow/.local/lib/python3.10/site-packages/airflow/example_dags/example_branch_python_dop_operator_3.py for tasks to queue
[2025-02-19T07:02:14.924+0000] {logging_mixin.py:188} INFO - [2025-02-19T07:02:14.923+0000] {dagbag.py:538} INFO - Filling up the DagBag from /home/airflow/.local/lib/python3.10/site-packages/airflow/example_dags/example_branch_python_dop_operator_3.py
[2025-02-19T07:02:14.988+0000] {processor.py:840} INFO - DAG(s) 'example_branch_dop_operator_v3' retrieved from /home/airflow/.local/lib/python3.10/site-packages/airflow/example_dags/example_branch_python_dop_operator_3.py
[2025-02-19T07:02:15.131+0000] {logging_mixin.py:188} INFO - [2025-02-19T07:02:15.129+0000] {dag.py:3036} INFO - Sync 1 DAGs
[2025-02-19T07:02:15.341+0000] {logging_mixin.py:188} INFO - [2025-02-19T07:02:15.340+0000] {dag.py:3823} INFO - Setting next_dagrun for example_branch_dop_operator_v3 to 2025-02-19 07:01:00+00:00, run_after=2025-02-19 07:02:00+00:00
[2025-02-19T07:02:15.650+0000] {processor.py:183} INFO - Processing /home/airflow/.local/lib/python3.10/site-packages/airflow/example_dags/example_branch_python_dop_operator_3.py took 0.753 seconds
[2025-02-19T07:03:50.311+0000] {processor.py:161} INFO - Started process (PID=789) to work on /home/airflow/.local/lib/python3.10/site-packages/airflow/example_dags/example_branch_python_dop_operator_3.py
[2025-02-19T07:03:50.318+0000] {processor.py:830} INFO - Processing file /home/airflow/.local/lib/python3.10/site-packages/airflow/example_dags/example_branch_python_dop_operator_3.py for tasks to queue
[2025-02-19T07:03:50.321+0000] {logging_mixin.py:188} INFO - [2025-02-19T07:03:50.320+0000] {dagbag.py:538} INFO - Filling up the DagBag from /home/airflow/.local/lib/python3.10/site-packages/airflow/example_dags/example_branch_python_dop_operator_3.py
[2025-02-19T07:03:50.508+0000] {processor.py:840} INFO - DAG(s) 'example_branch_dop_operator_v3' retrieved from /home/airflow/.local/lib/python3.10/site-packages/airflow/example_dags/example_branch_python_dop_operator_3.py
[2025-02-19T07:03:50.647+0000] {logging_mixin.py:188} INFO - [2025-02-19T07:03:50.647+0000] {dag.py:3036} INFO - Sync 1 DAGs
[2025-02-19T07:03:50.749+0000] {logging_mixin.py:188} INFO - [2025-02-19T07:03:50.748+0000] {dag.py:3823} INFO - Setting next_dagrun for example_branch_dop_operator_v3 to 2025-02-19 07:02:00+00:00, run_after=2025-02-19 07:03:00+00:00
[2025-02-19T07:03:50.974+0000] {processor.py:183} INFO - Processing /home/airflow/.local/lib/python3.10/site-packages/airflow/example_dags/example_branch_python_dop_operator_3.py took 0.672 seconds
[2025-02-19T07:06:51.719+0000] {processor.py:161} INFO - Started process (PID=860) to work on /home/airflow/.local/lib/python3.10/site-packages/airflow/example_dags/example_branch_python_dop_operator_3.py
[2025-02-19T07:06:51.726+0000] {processor.py:830} INFO - Processing file /home/airflow/.local/lib/python3.10/site-packages/airflow/example_dags/example_branch_python_dop_operator_3.py for tasks to queue
[2025-02-19T07:06:51.739+0000] {logging_mixin.py:188} INFO - [2025-02-19T07:06:51.735+0000] {dagbag.py:538} INFO - Filling up the DagBag from /home/airflow/.local/lib/python3.10/site-packages/airflow/example_dags/example_branch_python_dop_operator_3.py
[2025-02-19T07:06:51.823+0000] {processor.py:840} INFO - DAG(s) 'example_branch_dop_operator_v3' retrieved from /home/airflow/.local/lib/python3.10/site-packages/airflow/example_dags/example_branch_python_dop_operator_3.py
[2025-02-19T07:06:52.022+0000] {logging_mixin.py:188} INFO - [2025-02-19T07:06:52.021+0000] {dag.py:3036} INFO - Sync 1 DAGs
[2025-02-19T07:06:52.318+0000] {logging_mixin.py:188} INFO - [2025-02-19T07:06:52.315+0000] {dag.py:3823} INFO - Setting next_dagrun for example_branch_dop_operator_v3 to 2025-02-19 07:05:00+00:00, run_after=2025-02-19 07:06:00+00:00
[2025-02-19T07:06:52.536+0000] {processor.py:183} INFO - Processing /home/airflow/.local/lib/python3.10/site-packages/airflow/example_dags/example_branch_python_dop_operator_3.py took 0.838 seconds
