[2025-02-19T05:55:47.995+0000] {processor.py:161} INFO - Started process (PID=46) to work on /home/airflow/.local/lib/python3.10/site-packages/airflow/example_dags/example_external_task_marker_dag.py
[2025-02-19T05:55:48.008+0000] {processor.py:830} INFO - Processing file /home/airflow/.local/lib/python3.10/site-packages/airflow/example_dags/example_external_task_marker_dag.py for tasks to queue
[2025-02-19T05:55:48.013+0000] {logging_mixin.py:188} INFO - [2025-02-19T05:55:48.011+0000] {dagbag.py:538} INFO - Filling up the DagBag from /home/airflow/.local/lib/python3.10/site-packages/airflow/example_dags/example_external_task_marker_dag.py
[2025-02-19T05:55:48.062+0000] {processor.py:840} INFO - DAG(s) 'example_external_task_marker_child', 'example_external_task_marker_parent' retrieved from /home/airflow/.local/lib/python3.10/site-packages/airflow/example_dags/example_external_task_marker_dag.py
[2025-02-19T05:55:48.287+0000] {logging_mixin.py:188} INFO - [2025-02-19T05:55:48.286+0000] {dag.py:3036} INFO - Sync 2 DAGs
[2025-02-19T05:55:48.387+0000] {logging_mixin.py:188} INFO - [2025-02-19T05:55:48.386+0000] {dag.py:3823} INFO - Setting next_dagrun for example_external_task_marker_child to None, run_after=None
[2025-02-19T05:55:48.419+0000] {logging_mixin.py:188} INFO - [2025-02-19T05:55:48.419+0000] {dag.py:3823} INFO - Setting next_dagrun for example_external_task_marker_parent to None, run_after=None
[2025-02-19T05:55:48.695+0000] {processor.py:183} INFO - Processing /home/airflow/.local/lib/python3.10/site-packages/airflow/example_dags/example_external_task_marker_dag.py took 0.710 seconds
[2025-02-19T05:58:20.463+0000] {processor.py:161} INFO - Started process (PID=95) to work on /home/airflow/.local/lib/python3.10/site-packages/airflow/example_dags/example_external_task_marker_dag.py
[2025-02-19T05:58:20.477+0000] {processor.py:830} INFO - Processing file /home/airflow/.local/lib/python3.10/site-packages/airflow/example_dags/example_external_task_marker_dag.py for tasks to queue
[2025-02-19T05:58:20.481+0000] {logging_mixin.py:188} INFO - [2025-02-19T05:58:20.480+0000] {dagbag.py:538} INFO - Filling up the DagBag from /home/airflow/.local/lib/python3.10/site-packages/airflow/example_dags/example_external_task_marker_dag.py
[2025-02-19T05:58:20.527+0000] {processor.py:840} INFO - DAG(s) 'example_external_task_marker_parent', 'example_external_task_marker_child' retrieved from /home/airflow/.local/lib/python3.10/site-packages/airflow/example_dags/example_external_task_marker_dag.py
[2025-02-19T05:58:20.712+0000] {logging_mixin.py:188} INFO - [2025-02-19T05:58:20.705+0000] {dag.py:3036} INFO - Sync 2 DAGs
[2025-02-19T05:58:20.797+0000] {logging_mixin.py:188} INFO - [2025-02-19T05:58:20.796+0000] {dag.py:3823} INFO - Setting next_dagrun for example_external_task_marker_child to None, run_after=None
[2025-02-19T05:58:20.836+0000] {logging_mixin.py:188} INFO - [2025-02-19T05:58:20.836+0000] {dag.py:3823} INFO - Setting next_dagrun for example_external_task_marker_parent to None, run_after=None
[2025-02-19T05:58:21.124+0000] {processor.py:183} INFO - Processing /home/airflow/.local/lib/python3.10/site-packages/airflow/example_dags/example_external_task_marker_dag.py took 0.675 seconds
[2025-02-19T05:59:47.036+0000] {processor.py:161} INFO - Started process (PID=141) to work on /home/airflow/.local/lib/python3.10/site-packages/airflow/example_dags/example_external_task_marker_dag.py
[2025-02-19T05:59:47.039+0000] {processor.py:830} INFO - Processing file /home/airflow/.local/lib/python3.10/site-packages/airflow/example_dags/example_external_task_marker_dag.py for tasks to queue
[2025-02-19T05:59:47.041+0000] {logging_mixin.py:188} INFO - [2025-02-19T05:59:47.041+0000] {dagbag.py:538} INFO - Filling up the DagBag from /home/airflow/.local/lib/python3.10/site-packages/airflow/example_dags/example_external_task_marker_dag.py
[2025-02-19T05:59:47.059+0000] {processor.py:840} INFO - DAG(s) 'example_external_task_marker_child', 'example_external_task_marker_parent' retrieved from /home/airflow/.local/lib/python3.10/site-packages/airflow/example_dags/example_external_task_marker_dag.py
[2025-02-19T05:59:47.148+0000] {logging_mixin.py:188} INFO - [2025-02-19T05:59:47.147+0000] {dag.py:3036} INFO - Sync 2 DAGs
[2025-02-19T05:59:47.193+0000] {logging_mixin.py:188} INFO - [2025-02-19T05:59:47.192+0000] {dag.py:3823} INFO - Setting next_dagrun for example_external_task_marker_child to None, run_after=None
[2025-02-19T05:59:47.209+0000] {logging_mixin.py:188} INFO - [2025-02-19T05:59:47.208+0000] {dag.py:3823} INFO - Setting next_dagrun for example_external_task_marker_parent to None, run_after=None
[2025-02-19T05:59:47.450+0000] {processor.py:183} INFO - Processing /home/airflow/.local/lib/python3.10/site-packages/airflow/example_dags/example_external_task_marker_dag.py took 0.420 seconds
[2025-02-19T06:01:45.871+0000] {processor.py:161} INFO - Started process (PID=207) to work on /home/airflow/.local/lib/python3.10/site-packages/airflow/example_dags/example_external_task_marker_dag.py
[2025-02-19T06:01:45.875+0000] {processor.py:830} INFO - Processing file /home/airflow/.local/lib/python3.10/site-packages/airflow/example_dags/example_external_task_marker_dag.py for tasks to queue
[2025-02-19T06:01:45.879+0000] {logging_mixin.py:188} INFO - [2025-02-19T06:01:45.878+0000] {dagbag.py:538} INFO - Filling up the DagBag from /home/airflow/.local/lib/python3.10/site-packages/airflow/example_dags/example_external_task_marker_dag.py
[2025-02-19T06:01:45.905+0000] {processor.py:840} INFO - DAG(s) 'example_external_task_marker_parent', 'example_external_task_marker_child' retrieved from /home/airflow/.local/lib/python3.10/site-packages/airflow/example_dags/example_external_task_marker_dag.py
[2025-02-19T06:01:46.046+0000] {logging_mixin.py:188} INFO - [2025-02-19T06:01:46.046+0000] {dag.py:3036} INFO - Sync 2 DAGs
[2025-02-19T06:01:46.101+0000] {logging_mixin.py:188} INFO - [2025-02-19T06:01:46.101+0000] {dag.py:3823} INFO - Setting next_dagrun for example_external_task_marker_child to None, run_after=None
[2025-02-19T06:01:46.130+0000] {logging_mixin.py:188} INFO - [2025-02-19T06:01:46.129+0000] {dag.py:3823} INFO - Setting next_dagrun for example_external_task_marker_parent to None, run_after=None
[2025-02-19T06:01:46.312+0000] {processor.py:183} INFO - Processing /home/airflow/.local/lib/python3.10/site-packages/airflow/example_dags/example_external_task_marker_dag.py took 0.451 seconds
[2025-02-19T06:03:34.091+0000] {processor.py:161} INFO - Started process (PID=271) to work on /home/airflow/.local/lib/python3.10/site-packages/airflow/example_dags/example_external_task_marker_dag.py
[2025-02-19T06:03:34.093+0000] {processor.py:830} INFO - Processing file /home/airflow/.local/lib/python3.10/site-packages/airflow/example_dags/example_external_task_marker_dag.py for tasks to queue
[2025-02-19T06:03:34.097+0000] {logging_mixin.py:188} INFO - [2025-02-19T06:03:34.096+0000] {dagbag.py:538} INFO - Filling up the DagBag from /home/airflow/.local/lib/python3.10/site-packages/airflow/example_dags/example_external_task_marker_dag.py
[2025-02-19T06:03:34.114+0000] {processor.py:840} INFO - DAG(s) 'example_external_task_marker_parent', 'example_external_task_marker_child' retrieved from /home/airflow/.local/lib/python3.10/site-packages/airflow/example_dags/example_external_task_marker_dag.py
[2025-02-19T06:03:34.189+0000] {logging_mixin.py:188} INFO - [2025-02-19T06:03:34.188+0000] {dag.py:3036} INFO - Sync 2 DAGs
[2025-02-19T06:03:34.222+0000] {logging_mixin.py:188} INFO - [2025-02-19T06:03:34.221+0000] {dag.py:3823} INFO - Setting next_dagrun for example_external_task_marker_child to None, run_after=None
[2025-02-19T06:03:34.235+0000] {logging_mixin.py:188} INFO - [2025-02-19T06:03:34.235+0000] {dag.py:3823} INFO - Setting next_dagrun for example_external_task_marker_parent to None, run_after=None
[2025-02-19T06:03:34.415+0000] {processor.py:183} INFO - Processing /home/airflow/.local/lib/python3.10/site-packages/airflow/example_dags/example_external_task_marker_dag.py took 0.330 seconds
[2025-02-19T06:05:18.248+0000] {processor.py:161} INFO - Started process (PID=334) to work on /home/airflow/.local/lib/python3.10/site-packages/airflow/example_dags/example_external_task_marker_dag.py
[2025-02-19T06:05:18.255+0000] {processor.py:830} INFO - Processing file /home/airflow/.local/lib/python3.10/site-packages/airflow/example_dags/example_external_task_marker_dag.py for tasks to queue
[2025-02-19T06:05:18.260+0000] {logging_mixin.py:188} INFO - [2025-02-19T06:05:18.259+0000] {dagbag.py:538} INFO - Filling up the DagBag from /home/airflow/.local/lib/python3.10/site-packages/airflow/example_dags/example_external_task_marker_dag.py
[2025-02-19T06:05:18.287+0000] {processor.py:840} INFO - DAG(s) 'example_external_task_marker_parent', 'example_external_task_marker_child' retrieved from /home/airflow/.local/lib/python3.10/site-packages/airflow/example_dags/example_external_task_marker_dag.py
[2025-02-19T06:05:18.432+0000] {logging_mixin.py:188} INFO - [2025-02-19T06:05:18.432+0000] {dag.py:3036} INFO - Sync 2 DAGs
[2025-02-19T06:05:18.510+0000] {logging_mixin.py:188} INFO - [2025-02-19T06:05:18.509+0000] {dag.py:3823} INFO - Setting next_dagrun for example_external_task_marker_child to None, run_after=None
[2025-02-19T06:05:18.533+0000] {logging_mixin.py:188} INFO - [2025-02-19T06:05:18.532+0000] {dag.py:3823} INFO - Setting next_dagrun for example_external_task_marker_parent to None, run_after=None
[2025-02-19T06:05:18.721+0000] {processor.py:183} INFO - Processing /home/airflow/.local/lib/python3.10/site-packages/airflow/example_dags/example_external_task_marker_dag.py took 0.483 seconds
[2025-02-19T06:07:30.393+0000] {processor.py:161} INFO - Started process (PID=398) to work on /home/airflow/.local/lib/python3.10/site-packages/airflow/example_dags/example_external_task_marker_dag.py
[2025-02-19T06:07:30.405+0000] {processor.py:830} INFO - Processing file /home/airflow/.local/lib/python3.10/site-packages/airflow/example_dags/example_external_task_marker_dag.py for tasks to queue
[2025-02-19T06:07:30.408+0000] {logging_mixin.py:188} INFO - [2025-02-19T06:07:30.407+0000] {dagbag.py:538} INFO - Filling up the DagBag from /home/airflow/.local/lib/python3.10/site-packages/airflow/example_dags/example_external_task_marker_dag.py
[2025-02-19T06:07:30.460+0000] {processor.py:840} INFO - DAG(s) 'example_external_task_marker_child', 'example_external_task_marker_parent' retrieved from /home/airflow/.local/lib/python3.10/site-packages/airflow/example_dags/example_external_task_marker_dag.py
[2025-02-19T06:07:30.637+0000] {logging_mixin.py:188} INFO - [2025-02-19T06:07:30.634+0000] {dag.py:3036} INFO - Sync 2 DAGs
[2025-02-19T06:07:30.735+0000] {logging_mixin.py:188} INFO - [2025-02-19T06:07:30.734+0000] {dag.py:3823} INFO - Setting next_dagrun for example_external_task_marker_child to None, run_after=None
[2025-02-19T06:07:30.763+0000] {logging_mixin.py:188} INFO - [2025-02-19T06:07:30.763+0000] {dag.py:3823} INFO - Setting next_dagrun for example_external_task_marker_parent to None, run_after=None
[2025-02-19T06:07:30.943+0000] {processor.py:183} INFO - Processing /home/airflow/.local/lib/python3.10/site-packages/airflow/example_dags/example_external_task_marker_dag.py took 0.567 seconds
[2025-02-19T06:09:17.316+0000] {processor.py:161} INFO - Started process (PID=461) to work on /home/airflow/.local/lib/python3.10/site-packages/airflow/example_dags/example_external_task_marker_dag.py
[2025-02-19T06:09:17.328+0000] {processor.py:830} INFO - Processing file /home/airflow/.local/lib/python3.10/site-packages/airflow/example_dags/example_external_task_marker_dag.py for tasks to queue
[2025-02-19T06:09:17.332+0000] {logging_mixin.py:188} INFO - [2025-02-19T06:09:17.330+0000] {dagbag.py:538} INFO - Filling up the DagBag from /home/airflow/.local/lib/python3.10/site-packages/airflow/example_dags/example_external_task_marker_dag.py
[2025-02-19T06:09:17.370+0000] {processor.py:840} INFO - DAG(s) 'example_external_task_marker_child', 'example_external_task_marker_parent' retrieved from /home/airflow/.local/lib/python3.10/site-packages/airflow/example_dags/example_external_task_marker_dag.py
[2025-02-19T06:09:17.612+0000] {logging_mixin.py:188} INFO - [2025-02-19T06:09:17.611+0000] {dag.py:3036} INFO - Sync 2 DAGs
[2025-02-19T06:09:17.681+0000] {logging_mixin.py:188} INFO - [2025-02-19T06:09:17.681+0000] {dag.py:3823} INFO - Setting next_dagrun for example_external_task_marker_child to None, run_after=None
[2025-02-19T06:09:17.696+0000] {logging_mixin.py:188} INFO - [2025-02-19T06:09:17.695+0000] {dag.py:3823} INFO - Setting next_dagrun for example_external_task_marker_parent to None, run_after=None
[2025-02-19T06:09:17.881+0000] {processor.py:183} INFO - Processing /home/airflow/.local/lib/python3.10/site-packages/airflow/example_dags/example_external_task_marker_dag.py took 0.576 seconds
[2025-02-19T06:11:03.681+0000] {processor.py:161} INFO - Started process (PID=524) to work on /home/airflow/.local/lib/python3.10/site-packages/airflow/example_dags/example_external_task_marker_dag.py
[2025-02-19T06:11:03.693+0000] {processor.py:830} INFO - Processing file /home/airflow/.local/lib/python3.10/site-packages/airflow/example_dags/example_external_task_marker_dag.py for tasks to queue
[2025-02-19T06:11:03.697+0000] {logging_mixin.py:188} INFO - [2025-02-19T06:11:03.696+0000] {dagbag.py:538} INFO - Filling up the DagBag from /home/airflow/.local/lib/python3.10/site-packages/airflow/example_dags/example_external_task_marker_dag.py
[2025-02-19T06:11:03.725+0000] {processor.py:840} INFO - DAG(s) 'example_external_task_marker_parent', 'example_external_task_marker_child' retrieved from /home/airflow/.local/lib/python3.10/site-packages/airflow/example_dags/example_external_task_marker_dag.py
[2025-02-19T06:11:03.902+0000] {logging_mixin.py:188} INFO - [2025-02-19T06:11:03.901+0000] {dag.py:3036} INFO - Sync 2 DAGs
[2025-02-19T06:11:03.979+0000] {logging_mixin.py:188} INFO - [2025-02-19T06:11:03.978+0000] {dag.py:3823} INFO - Setting next_dagrun for example_external_task_marker_child to None, run_after=None
[2025-02-19T06:11:04.002+0000] {logging_mixin.py:188} INFO - [2025-02-19T06:11:04.001+0000] {dag.py:3823} INFO - Setting next_dagrun for example_external_task_marker_parent to None, run_after=None
[2025-02-19T06:11:04.270+0000] {processor.py:183} INFO - Processing /home/airflow/.local/lib/python3.10/site-packages/airflow/example_dags/example_external_task_marker_dag.py took 0.608 seconds
[2025-02-19T06:12:58.060+0000] {processor.py:161} INFO - Started process (PID=589) to work on /home/airflow/.local/lib/python3.10/site-packages/airflow/example_dags/example_external_task_marker_dag.py
[2025-02-19T06:12:58.064+0000] {processor.py:830} INFO - Processing file /home/airflow/.local/lib/python3.10/site-packages/airflow/example_dags/example_external_task_marker_dag.py for tasks to queue
[2025-02-19T06:12:58.071+0000] {logging_mixin.py:188} INFO - [2025-02-19T06:12:58.070+0000] {dagbag.py:538} INFO - Filling up the DagBag from /home/airflow/.local/lib/python3.10/site-packages/airflow/example_dags/example_external_task_marker_dag.py
[2025-02-19T06:12:58.101+0000] {processor.py:840} INFO - DAG(s) 'example_external_task_marker_parent', 'example_external_task_marker_child' retrieved from /home/airflow/.local/lib/python3.10/site-packages/airflow/example_dags/example_external_task_marker_dag.py
[2025-02-19T06:12:58.243+0000] {logging_mixin.py:188} INFO - [2025-02-19T06:12:58.242+0000] {dag.py:3036} INFO - Sync 2 DAGs
[2025-02-19T06:12:58.333+0000] {logging_mixin.py:188} INFO - [2025-02-19T06:12:58.333+0000] {dag.py:3823} INFO - Setting next_dagrun for example_external_task_marker_child to None, run_after=None
[2025-02-19T06:12:58.353+0000] {logging_mixin.py:188} INFO - [2025-02-19T06:12:58.353+0000] {dag.py:3823} INFO - Setting next_dagrun for example_external_task_marker_parent to None, run_after=None
[2025-02-19T06:12:58.518+0000] {processor.py:183} INFO - Processing /home/airflow/.local/lib/python3.10/site-packages/airflow/example_dags/example_external_task_marker_dag.py took 0.468 seconds
[2025-02-19T06:14:35.126+0000] {processor.py:161} INFO - Started process (PID=650) to work on /home/airflow/.local/lib/python3.10/site-packages/airflow/example_dags/example_external_task_marker_dag.py
[2025-02-19T06:14:35.133+0000] {processor.py:830} INFO - Processing file /home/airflow/.local/lib/python3.10/site-packages/airflow/example_dags/example_external_task_marker_dag.py for tasks to queue
[2025-02-19T06:14:35.136+0000] {logging_mixin.py:188} INFO - [2025-02-19T06:14:35.135+0000] {dagbag.py:538} INFO - Filling up the DagBag from /home/airflow/.local/lib/python3.10/site-packages/airflow/example_dags/example_external_task_marker_dag.py
[2025-02-19T06:14:35.169+0000] {processor.py:840} INFO - DAG(s) 'example_external_task_marker_parent', 'example_external_task_marker_child' retrieved from /home/airflow/.local/lib/python3.10/site-packages/airflow/example_dags/example_external_task_marker_dag.py
[2025-02-19T06:14:35.302+0000] {logging_mixin.py:188} INFO - [2025-02-19T06:14:35.302+0000] {dag.py:3036} INFO - Sync 2 DAGs
[2025-02-19T06:14:35.361+0000] {logging_mixin.py:188} INFO - [2025-02-19T06:14:35.360+0000] {dag.py:3823} INFO - Setting next_dagrun for example_external_task_marker_child to None, run_after=None
[2025-02-19T06:14:35.376+0000] {logging_mixin.py:188} INFO - [2025-02-19T06:14:35.375+0000] {dag.py:3823} INFO - Setting next_dagrun for example_external_task_marker_parent to None, run_after=None
[2025-02-19T06:14:35.535+0000] {processor.py:183} INFO - Processing /home/airflow/.local/lib/python3.10/site-packages/airflow/example_dags/example_external_task_marker_dag.py took 0.418 seconds
[2025-02-19T06:16:07.240+0000] {processor.py:161} INFO - Started process (PID=710) to work on /home/airflow/.local/lib/python3.10/site-packages/airflow/example_dags/example_external_task_marker_dag.py
[2025-02-19T06:16:07.246+0000] {processor.py:830} INFO - Processing file /home/airflow/.local/lib/python3.10/site-packages/airflow/example_dags/example_external_task_marker_dag.py for tasks to queue
[2025-02-19T06:16:07.250+0000] {logging_mixin.py:188} INFO - [2025-02-19T06:16:07.249+0000] {dagbag.py:538} INFO - Filling up the DagBag from /home/airflow/.local/lib/python3.10/site-packages/airflow/example_dags/example_external_task_marker_dag.py
[2025-02-19T06:16:07.269+0000] {processor.py:840} INFO - DAG(s) 'example_external_task_marker_child', 'example_external_task_marker_parent' retrieved from /home/airflow/.local/lib/python3.10/site-packages/airflow/example_dags/example_external_task_marker_dag.py
[2025-02-19T06:16:07.342+0000] {logging_mixin.py:188} INFO - [2025-02-19T06:16:07.342+0000] {dag.py:3036} INFO - Sync 2 DAGs
[2025-02-19T06:16:07.376+0000] {logging_mixin.py:188} INFO - [2025-02-19T06:16:07.376+0000] {dag.py:3823} INFO - Setting next_dagrun for example_external_task_marker_child to None, run_after=None
[2025-02-19T06:16:07.389+0000] {logging_mixin.py:188} INFO - [2025-02-19T06:16:07.388+0000] {dag.py:3823} INFO - Setting next_dagrun for example_external_task_marker_parent to None, run_after=None
[2025-02-19T06:16:07.506+0000] {processor.py:183} INFO - Processing /home/airflow/.local/lib/python3.10/site-packages/airflow/example_dags/example_external_task_marker_dag.py took 0.275 seconds
[2025-02-19T06:17:18.705+0000] {processor.py:161} INFO - Started process (PID=744) to work on /home/airflow/.local/lib/python3.10/site-packages/airflow/example_dags/example_external_task_marker_dag.py
[2025-02-19T06:17:18.709+0000] {processor.py:830} INFO - Processing file /home/airflow/.local/lib/python3.10/site-packages/airflow/example_dags/example_external_task_marker_dag.py for tasks to queue
[2025-02-19T06:17:18.720+0000] {logging_mixin.py:188} INFO - [2025-02-19T06:17:18.719+0000] {dagbag.py:538} INFO - Filling up the DagBag from /home/airflow/.local/lib/python3.10/site-packages/airflow/example_dags/example_external_task_marker_dag.py
[2025-02-19T06:17:18.758+0000] {processor.py:840} INFO - DAG(s) 'example_external_task_marker_child', 'example_external_task_marker_parent' retrieved from /home/airflow/.local/lib/python3.10/site-packages/airflow/example_dags/example_external_task_marker_dag.py
[2025-02-19T06:17:18.890+0000] {logging_mixin.py:188} INFO - [2025-02-19T06:17:18.890+0000] {dag.py:3036} INFO - Sync 2 DAGs
[2025-02-19T06:17:18.933+0000] {logging_mixin.py:188} INFO - [2025-02-19T06:17:18.933+0000] {dag.py:3823} INFO - Setting next_dagrun for example_external_task_marker_child to None, run_after=None
[2025-02-19T06:17:18.948+0000] {logging_mixin.py:188} INFO - [2025-02-19T06:17:18.948+0000] {dag.py:3823} INFO - Setting next_dagrun for example_external_task_marker_parent to None, run_after=None
[2025-02-19T06:17:19.088+0000] {processor.py:183} INFO - Processing /home/airflow/.local/lib/python3.10/site-packages/airflow/example_dags/example_external_task_marker_dag.py took 0.399 seconds
[2025-02-19T06:18:16.901+0000] {processor.py:161} INFO - Started process (PID=781) to work on /home/airflow/.local/lib/python3.10/site-packages/airflow/example_dags/example_external_task_marker_dag.py
[2025-02-19T06:18:16.903+0000] {processor.py:830} INFO - Processing file /home/airflow/.local/lib/python3.10/site-packages/airflow/example_dags/example_external_task_marker_dag.py for tasks to queue
[2025-02-19T06:18:16.905+0000] {logging_mixin.py:188} INFO - [2025-02-19T06:18:16.904+0000] {dagbag.py:538} INFO - Filling up the DagBag from /home/airflow/.local/lib/python3.10/site-packages/airflow/example_dags/example_external_task_marker_dag.py
[2025-02-19T06:18:16.921+0000] {processor.py:840} INFO - DAG(s) 'example_external_task_marker_parent', 'example_external_task_marker_child' retrieved from /home/airflow/.local/lib/python3.10/site-packages/airflow/example_dags/example_external_task_marker_dag.py
[2025-02-19T06:18:16.992+0000] {logging_mixin.py:188} INFO - [2025-02-19T06:18:16.991+0000] {dag.py:3036} INFO - Sync 2 DAGs
[2025-02-19T06:18:17.031+0000] {logging_mixin.py:188} INFO - [2025-02-19T06:18:17.028+0000] {dag.py:3823} INFO - Setting next_dagrun for example_external_task_marker_child to None, run_after=None
[2025-02-19T06:18:17.043+0000] {logging_mixin.py:188} INFO - [2025-02-19T06:18:17.042+0000] {dag.py:3823} INFO - Setting next_dagrun for example_external_task_marker_parent to None, run_after=None
[2025-02-19T06:18:17.208+0000] {processor.py:183} INFO - Processing /home/airflow/.local/lib/python3.10/site-packages/airflow/example_dags/example_external_task_marker_dag.py took 0.314 seconds
[2025-02-19T06:19:49.510+0000] {processor.py:161} INFO - Started process (PID=840) to work on /home/airflow/.local/lib/python3.10/site-packages/airflow/example_dags/example_external_task_marker_dag.py
[2025-02-19T06:19:49.513+0000] {processor.py:830} INFO - Processing file /home/airflow/.local/lib/python3.10/site-packages/airflow/example_dags/example_external_task_marker_dag.py for tasks to queue
[2025-02-19T06:19:49.515+0000] {logging_mixin.py:188} INFO - [2025-02-19T06:19:49.515+0000] {dagbag.py:538} INFO - Filling up the DagBag from /home/airflow/.local/lib/python3.10/site-packages/airflow/example_dags/example_external_task_marker_dag.py
[2025-02-19T06:19:49.544+0000] {processor.py:840} INFO - DAG(s) 'example_external_task_marker_parent', 'example_external_task_marker_child' retrieved from /home/airflow/.local/lib/python3.10/site-packages/airflow/example_dags/example_external_task_marker_dag.py
[2025-02-19T06:19:49.636+0000] {logging_mixin.py:188} INFO - [2025-02-19T06:19:49.635+0000] {dag.py:3036} INFO - Sync 2 DAGs
[2025-02-19T06:19:49.676+0000] {logging_mixin.py:188} INFO - [2025-02-19T06:19:49.676+0000] {dag.py:3823} INFO - Setting next_dagrun for example_external_task_marker_child to None, run_after=None
[2025-02-19T06:19:49.691+0000] {logging_mixin.py:188} INFO - [2025-02-19T06:19:49.691+0000] {dag.py:3823} INFO - Setting next_dagrun for example_external_task_marker_parent to None, run_after=None
[2025-02-19T06:19:49.827+0000] {processor.py:183} INFO - Processing /home/airflow/.local/lib/python3.10/site-packages/airflow/example_dags/example_external_task_marker_dag.py took 0.328 seconds
[2025-02-19T06:21:32.376+0000] {processor.py:161} INFO - Started process (PID=901) to work on /home/airflow/.local/lib/python3.10/site-packages/airflow/example_dags/example_external_task_marker_dag.py
[2025-02-19T06:21:32.378+0000] {processor.py:830} INFO - Processing file /home/airflow/.local/lib/python3.10/site-packages/airflow/example_dags/example_external_task_marker_dag.py for tasks to queue
[2025-02-19T06:21:32.390+0000] {logging_mixin.py:188} INFO - [2025-02-19T06:21:32.389+0000] {dagbag.py:538} INFO - Filling up the DagBag from /home/airflow/.local/lib/python3.10/site-packages/airflow/example_dags/example_external_task_marker_dag.py
[2025-02-19T06:21:32.415+0000] {processor.py:840} INFO - DAG(s) 'example_external_task_marker_parent', 'example_external_task_marker_child' retrieved from /home/airflow/.local/lib/python3.10/site-packages/airflow/example_dags/example_external_task_marker_dag.py
[2025-02-19T06:21:32.543+0000] {logging_mixin.py:188} INFO - [2025-02-19T06:21:32.542+0000] {dag.py:3036} INFO - Sync 2 DAGs
[2025-02-19T06:21:32.607+0000] {logging_mixin.py:188} INFO - [2025-02-19T06:21:32.606+0000] {dag.py:3823} INFO - Setting next_dagrun for example_external_task_marker_child to None, run_after=None
[2025-02-19T06:21:32.629+0000] {logging_mixin.py:188} INFO - [2025-02-19T06:21:32.628+0000] {dag.py:3823} INFO - Setting next_dagrun for example_external_task_marker_parent to None, run_after=None
[2025-02-19T06:21:32.789+0000] {processor.py:183} INFO - Processing /home/airflow/.local/lib/python3.10/site-packages/airflow/example_dags/example_external_task_marker_dag.py took 0.428 seconds
[2025-02-19T06:23:35.141+0000] {processor.py:161} INFO - Started process (PID=965) to work on /home/airflow/.local/lib/python3.10/site-packages/airflow/example_dags/example_external_task_marker_dag.py
[2025-02-19T06:23:35.156+0000] {processor.py:830} INFO - Processing file /home/airflow/.local/lib/python3.10/site-packages/airflow/example_dags/example_external_task_marker_dag.py for tasks to queue
[2025-02-19T06:23:35.224+0000] {logging_mixin.py:188} INFO - [2025-02-19T06:23:35.223+0000] {dagbag.py:538} INFO - Filling up the DagBag from /home/airflow/.local/lib/python3.10/site-packages/airflow/example_dags/example_external_task_marker_dag.py
[2025-02-19T06:23:35.291+0000] {processor.py:840} INFO - DAG(s) 'example_external_task_marker_parent', 'example_external_task_marker_child' retrieved from /home/airflow/.local/lib/python3.10/site-packages/airflow/example_dags/example_external_task_marker_dag.py
[2025-02-19T06:23:35.453+0000] {logging_mixin.py:188} INFO - [2025-02-19T06:23:35.453+0000] {dag.py:3036} INFO - Sync 2 DAGs
[2025-02-19T06:23:35.534+0000] {logging_mixin.py:188} INFO - [2025-02-19T06:23:35.534+0000] {dag.py:3823} INFO - Setting next_dagrun for example_external_task_marker_child to None, run_after=None
[2025-02-19T06:23:35.569+0000] {logging_mixin.py:188} INFO - [2025-02-19T06:23:35.569+0000] {dag.py:3823} INFO - Setting next_dagrun for example_external_task_marker_parent to None, run_after=None
[2025-02-19T06:23:35.777+0000] {processor.py:183} INFO - Processing /home/airflow/.local/lib/python3.10/site-packages/airflow/example_dags/example_external_task_marker_dag.py took 0.652 seconds
[2025-02-19T06:24:43.068+0000] {processor.py:161} INFO - Started process (PID=997) to work on /home/airflow/.local/lib/python3.10/site-packages/airflow/example_dags/example_external_task_marker_dag.py
[2025-02-19T06:24:43.071+0000] {processor.py:830} INFO - Processing file /home/airflow/.local/lib/python3.10/site-packages/airflow/example_dags/example_external_task_marker_dag.py for tasks to queue
[2025-02-19T06:24:43.074+0000] {logging_mixin.py:188} INFO - [2025-02-19T06:24:43.073+0000] {dagbag.py:538} INFO - Filling up the DagBag from /home/airflow/.local/lib/python3.10/site-packages/airflow/example_dags/example_external_task_marker_dag.py
[2025-02-19T06:24:43.102+0000] {processor.py:840} INFO - DAG(s) 'example_external_task_marker_child', 'example_external_task_marker_parent' retrieved from /home/airflow/.local/lib/python3.10/site-packages/airflow/example_dags/example_external_task_marker_dag.py
[2025-02-19T06:24:43.265+0000] {logging_mixin.py:188} INFO - [2025-02-19T06:24:43.258+0000] {dag.py:3036} INFO - Sync 2 DAGs
[2025-02-19T06:24:43.356+0000] {logging_mixin.py:188} INFO - [2025-02-19T06:24:43.355+0000] {dag.py:3823} INFO - Setting next_dagrun for example_external_task_marker_child to None, run_after=None
[2025-02-19T06:24:43.377+0000] {logging_mixin.py:188} INFO - [2025-02-19T06:24:43.377+0000] {dag.py:3823} INFO - Setting next_dagrun for example_external_task_marker_parent to None, run_after=None
[2025-02-19T06:24:43.612+0000] {processor.py:183} INFO - Processing /home/airflow/.local/lib/python3.10/site-packages/airflow/example_dags/example_external_task_marker_dag.py took 0.562 seconds
[2025-02-19T06:25:50.211+0000] {processor.py:161} INFO - Started process (PID=1034) to work on /home/airflow/.local/lib/python3.10/site-packages/airflow/example_dags/example_external_task_marker_dag.py
[2025-02-19T06:25:50.217+0000] {processor.py:830} INFO - Processing file /home/airflow/.local/lib/python3.10/site-packages/airflow/example_dags/example_external_task_marker_dag.py for tasks to queue
[2025-02-19T06:25:50.230+0000] {logging_mixin.py:188} INFO - [2025-02-19T06:25:50.229+0000] {dagbag.py:538} INFO - Filling up the DagBag from /home/airflow/.local/lib/python3.10/site-packages/airflow/example_dags/example_external_task_marker_dag.py
[2025-02-19T06:25:50.277+0000] {processor.py:840} INFO - DAG(s) 'example_external_task_marker_child', 'example_external_task_marker_parent' retrieved from /home/airflow/.local/lib/python3.10/site-packages/airflow/example_dags/example_external_task_marker_dag.py
[2025-02-19T06:25:50.459+0000] {logging_mixin.py:188} INFO - [2025-02-19T06:25:50.458+0000] {dag.py:3036} INFO - Sync 2 DAGs
[2025-02-19T06:25:50.548+0000] {logging_mixin.py:188} INFO - [2025-02-19T06:25:50.545+0000] {dag.py:3823} INFO - Setting next_dagrun for example_external_task_marker_child to None, run_after=None
[2025-02-19T06:25:50.583+0000] {logging_mixin.py:188} INFO - [2025-02-19T06:25:50.582+0000] {dag.py:3823} INFO - Setting next_dagrun for example_external_task_marker_parent to None, run_after=None
[2025-02-19T06:25:50.869+0000] {processor.py:183} INFO - Processing /home/airflow/.local/lib/python3.10/site-packages/airflow/example_dags/example_external_task_marker_dag.py took 0.676 seconds
[2025-02-19T06:30:15.274+0000] {processor.py:161} INFO - Started process (PID=46) to work on /home/airflow/.local/lib/python3.10/site-packages/airflow/example_dags/example_external_task_marker_dag.py
[2025-02-19T06:30:15.286+0000] {processor.py:830} INFO - Processing file /home/airflow/.local/lib/python3.10/site-packages/airflow/example_dags/example_external_task_marker_dag.py for tasks to queue
[2025-02-19T06:30:15.294+0000] {logging_mixin.py:188} INFO - [2025-02-19T06:30:15.293+0000] {dagbag.py:538} INFO - Filling up the DagBag from /home/airflow/.local/lib/python3.10/site-packages/airflow/example_dags/example_external_task_marker_dag.py
[2025-02-19T06:30:15.341+0000] {processor.py:840} INFO - DAG(s) 'example_external_task_marker_child', 'example_external_task_marker_parent' retrieved from /home/airflow/.local/lib/python3.10/site-packages/airflow/example_dags/example_external_task_marker_dag.py
[2025-02-19T06:30:15.460+0000] {logging_mixin.py:188} INFO - [2025-02-19T06:30:15.459+0000] {dag.py:3036} INFO - Sync 2 DAGs
[2025-02-19T06:30:15.507+0000] {logging_mixin.py:188} INFO - [2025-02-19T06:30:15.506+0000] {dag.py:3823} INFO - Setting next_dagrun for example_external_task_marker_child to None, run_after=None
[2025-02-19T06:30:15.521+0000] {logging_mixin.py:188} INFO - [2025-02-19T06:30:15.520+0000] {dag.py:3823} INFO - Setting next_dagrun for example_external_task_marker_parent to None, run_after=None
[2025-02-19T06:30:15.714+0000] {processor.py:183} INFO - Processing /home/airflow/.local/lib/python3.10/site-packages/airflow/example_dags/example_external_task_marker_dag.py took 0.450 seconds
[2025-02-19T06:31:48.043+0000] {processor.py:161} INFO - Started process (PID=95) to work on /home/airflow/.local/lib/python3.10/site-packages/airflow/example_dags/example_external_task_marker_dag.py
[2025-02-19T06:31:48.047+0000] {processor.py:830} INFO - Processing file /home/airflow/.local/lib/python3.10/site-packages/airflow/example_dags/example_external_task_marker_dag.py for tasks to queue
[2025-02-19T06:31:48.050+0000] {logging_mixin.py:188} INFO - [2025-02-19T06:31:48.049+0000] {dagbag.py:538} INFO - Filling up the DagBag from /home/airflow/.local/lib/python3.10/site-packages/airflow/example_dags/example_external_task_marker_dag.py
[2025-02-19T06:31:48.072+0000] {processor.py:840} INFO - DAG(s) 'example_external_task_marker_child', 'example_external_task_marker_parent' retrieved from /home/airflow/.local/lib/python3.10/site-packages/airflow/example_dags/example_external_task_marker_dag.py
[2025-02-19T06:31:48.213+0000] {logging_mixin.py:188} INFO - [2025-02-19T06:31:48.212+0000] {dag.py:3036} INFO - Sync 2 DAGs
[2025-02-19T06:31:48.291+0000] {logging_mixin.py:188} INFO - [2025-02-19T06:31:48.290+0000] {dag.py:3823} INFO - Setting next_dagrun for example_external_task_marker_child to None, run_after=None
[2025-02-19T06:31:48.315+0000] {logging_mixin.py:188} INFO - [2025-02-19T06:31:48.315+0000] {dag.py:3823} INFO - Setting next_dagrun for example_external_task_marker_parent to None, run_after=None
[2025-02-19T06:31:48.526+0000] {processor.py:183} INFO - Processing /home/airflow/.local/lib/python3.10/site-packages/airflow/example_dags/example_external_task_marker_dag.py took 0.490 seconds
[2025-02-19T06:32:55.988+0000] {processor.py:161} INFO - Started process (PID=126) to work on /home/airflow/.local/lib/python3.10/site-packages/airflow/example_dags/example_external_task_marker_dag.py
[2025-02-19T06:32:55.991+0000] {processor.py:830} INFO - Processing file /home/airflow/.local/lib/python3.10/site-packages/airflow/example_dags/example_external_task_marker_dag.py for tasks to queue
[2025-02-19T06:32:55.995+0000] {logging_mixin.py:188} INFO - [2025-02-19T06:32:55.994+0000] {dagbag.py:538} INFO - Filling up the DagBag from /home/airflow/.local/lib/python3.10/site-packages/airflow/example_dags/example_external_task_marker_dag.py
[2025-02-19T06:32:56.018+0000] {processor.py:840} INFO - DAG(s) 'example_external_task_marker_child', 'example_external_task_marker_parent' retrieved from /home/airflow/.local/lib/python3.10/site-packages/airflow/example_dags/example_external_task_marker_dag.py
[2025-02-19T06:32:56.130+0000] {logging_mixin.py:188} INFO - [2025-02-19T06:32:56.129+0000] {dag.py:3036} INFO - Sync 2 DAGs
[2025-02-19T06:32:56.191+0000] {logging_mixin.py:188} INFO - [2025-02-19T06:32:56.191+0000] {dag.py:3823} INFO - Setting next_dagrun for example_external_task_marker_child to None, run_after=None
[2025-02-19T06:32:56.214+0000] {logging_mixin.py:188} INFO - [2025-02-19T06:32:56.214+0000] {dag.py:3823} INFO - Setting next_dagrun for example_external_task_marker_parent to None, run_after=None
[2025-02-19T06:32:56.386+0000] {processor.py:183} INFO - Processing /home/airflow/.local/lib/python3.10/site-packages/airflow/example_dags/example_external_task_marker_dag.py took 0.403 seconds
[2025-02-19T06:34:04.627+0000] {processor.py:161} INFO - Started process (PID=163) to work on /home/airflow/.local/lib/python3.10/site-packages/airflow/example_dags/example_external_task_marker_dag.py
[2025-02-19T06:34:04.630+0000] {processor.py:830} INFO - Processing file /home/airflow/.local/lib/python3.10/site-packages/airflow/example_dags/example_external_task_marker_dag.py for tasks to queue
[2025-02-19T06:34:04.634+0000] {logging_mixin.py:188} INFO - [2025-02-19T06:34:04.632+0000] {dagbag.py:538} INFO - Filling up the DagBag from /home/airflow/.local/lib/python3.10/site-packages/airflow/example_dags/example_external_task_marker_dag.py
[2025-02-19T06:34:04.664+0000] {processor.py:840} INFO - DAG(s) 'example_external_task_marker_child', 'example_external_task_marker_parent' retrieved from /home/airflow/.local/lib/python3.10/site-packages/airflow/example_dags/example_external_task_marker_dag.py
[2025-02-19T06:34:04.787+0000] {logging_mixin.py:188} INFO - [2025-02-19T06:34:04.786+0000] {dag.py:3036} INFO - Sync 2 DAGs
[2025-02-19T06:34:04.849+0000] {logging_mixin.py:188} INFO - [2025-02-19T06:34:04.849+0000] {dag.py:3823} INFO - Setting next_dagrun for example_external_task_marker_child to None, run_after=None
[2025-02-19T06:34:04.862+0000] {logging_mixin.py:188} INFO - [2025-02-19T06:34:04.861+0000] {dag.py:3823} INFO - Setting next_dagrun for example_external_task_marker_parent to None, run_after=None
[2025-02-19T06:34:05.021+0000] {processor.py:183} INFO - Processing /home/airflow/.local/lib/python3.10/site-packages/airflow/example_dags/example_external_task_marker_dag.py took 0.411 seconds
[2025-02-19T06:35:34.325+0000] {processor.py:161} INFO - Started process (PID=222) to work on /home/airflow/.local/lib/python3.10/site-packages/airflow/example_dags/example_external_task_marker_dag.py
[2025-02-19T06:35:34.330+0000] {processor.py:830} INFO - Processing file /home/airflow/.local/lib/python3.10/site-packages/airflow/example_dags/example_external_task_marker_dag.py for tasks to queue
[2025-02-19T06:35:34.333+0000] {logging_mixin.py:188} INFO - [2025-02-19T06:35:34.332+0000] {dagbag.py:538} INFO - Filling up the DagBag from /home/airflow/.local/lib/python3.10/site-packages/airflow/example_dags/example_external_task_marker_dag.py
[2025-02-19T06:35:34.354+0000] {processor.py:840} INFO - DAG(s) 'example_external_task_marker_parent', 'example_external_task_marker_child' retrieved from /home/airflow/.local/lib/python3.10/site-packages/airflow/example_dags/example_external_task_marker_dag.py
[2025-02-19T06:35:34.420+0000] {logging_mixin.py:188} INFO - [2025-02-19T06:35:34.420+0000] {dag.py:3036} INFO - Sync 2 DAGs
[2025-02-19T06:35:34.457+0000] {logging_mixin.py:188} INFO - [2025-02-19T06:35:34.457+0000] {dag.py:3823} INFO - Setting next_dagrun for example_external_task_marker_child to None, run_after=None
[2025-02-19T06:35:34.473+0000] {logging_mixin.py:188} INFO - [2025-02-19T06:35:34.472+0000] {dag.py:3823} INFO - Setting next_dagrun for example_external_task_marker_parent to None, run_after=None
[2025-02-19T06:35:34.654+0000] {processor.py:183} INFO - Processing /home/airflow/.local/lib/python3.10/site-packages/airflow/example_dags/example_external_task_marker_dag.py took 0.336 seconds
[2025-02-19T06:37:32.623+0000] {processor.py:161} INFO - Started process (PID=287) to work on /home/airflow/.local/lib/python3.10/site-packages/airflow/example_dags/example_external_task_marker_dag.py
[2025-02-19T06:37:32.626+0000] {processor.py:830} INFO - Processing file /home/airflow/.local/lib/python3.10/site-packages/airflow/example_dags/example_external_task_marker_dag.py for tasks to queue
[2025-02-19T06:37:32.628+0000] {logging_mixin.py:188} INFO - [2025-02-19T06:37:32.627+0000] {dagbag.py:538} INFO - Filling up the DagBag from /home/airflow/.local/lib/python3.10/site-packages/airflow/example_dags/example_external_task_marker_dag.py
[2025-02-19T06:37:32.644+0000] {processor.py:840} INFO - DAG(s) 'example_external_task_marker_parent', 'example_external_task_marker_child' retrieved from /home/airflow/.local/lib/python3.10/site-packages/airflow/example_dags/example_external_task_marker_dag.py
[2025-02-19T06:37:32.720+0000] {logging_mixin.py:188} INFO - [2025-02-19T06:37:32.719+0000] {dag.py:3036} INFO - Sync 2 DAGs
[2025-02-19T06:37:32.761+0000] {logging_mixin.py:188} INFO - [2025-02-19T06:37:32.761+0000] {dag.py:3823} INFO - Setting next_dagrun for example_external_task_marker_child to None, run_after=None
[2025-02-19T06:37:32.773+0000] {logging_mixin.py:188} INFO - [2025-02-19T06:37:32.772+0000] {dag.py:3823} INFO - Setting next_dagrun for example_external_task_marker_parent to None, run_after=None
[2025-02-19T06:37:32.926+0000] {processor.py:183} INFO - Processing /home/airflow/.local/lib/python3.10/site-packages/airflow/example_dags/example_external_task_marker_dag.py took 0.313 seconds
[2025-02-19T06:38:55.635+0000] {processor.py:161} INFO - Started process (PID=344) to work on /home/airflow/.local/lib/python3.10/site-packages/airflow/example_dags/example_external_task_marker_dag.py
[2025-02-19T06:38:55.637+0000] {processor.py:830} INFO - Processing file /home/airflow/.local/lib/python3.10/site-packages/airflow/example_dags/example_external_task_marker_dag.py for tasks to queue
[2025-02-19T06:38:55.640+0000] {logging_mixin.py:188} INFO - [2025-02-19T06:38:55.639+0000] {dagbag.py:538} INFO - Filling up the DagBag from /home/airflow/.local/lib/python3.10/site-packages/airflow/example_dags/example_external_task_marker_dag.py
[2025-02-19T06:38:55.663+0000] {processor.py:840} INFO - DAG(s) 'example_external_task_marker_child', 'example_external_task_marker_parent' retrieved from /home/airflow/.local/lib/python3.10/site-packages/airflow/example_dags/example_external_task_marker_dag.py
[2025-02-19T06:38:55.787+0000] {logging_mixin.py:188} INFO - [2025-02-19T06:38:55.787+0000] {dag.py:3036} INFO - Sync 2 DAGs
[2025-02-19T06:38:55.848+0000] {logging_mixin.py:188} INFO - [2025-02-19T06:38:55.848+0000] {dag.py:3823} INFO - Setting next_dagrun for example_external_task_marker_child to None, run_after=None
[2025-02-19T06:38:55.865+0000] {logging_mixin.py:188} INFO - [2025-02-19T06:38:55.864+0000] {dag.py:3823} INFO - Setting next_dagrun for example_external_task_marker_parent to None, run_after=None
[2025-02-19T06:38:56.032+0000] {processor.py:183} INFO - Processing /home/airflow/.local/lib/python3.10/site-packages/airflow/example_dags/example_external_task_marker_dag.py took 0.409 seconds
[2025-02-19T06:40:29.352+0000] {processor.py:161} INFO - Started process (PID=379) to work on /home/airflow/.local/lib/python3.10/site-packages/airflow/example_dags/example_external_task_marker_dag.py
[2025-02-19T06:40:29.356+0000] {processor.py:830} INFO - Processing file /home/airflow/.local/lib/python3.10/site-packages/airflow/example_dags/example_external_task_marker_dag.py for tasks to queue
[2025-02-19T06:40:29.361+0000] {logging_mixin.py:188} INFO - [2025-02-19T06:40:29.359+0000] {dagbag.py:538} INFO - Filling up the DagBag from /home/airflow/.local/lib/python3.10/site-packages/airflow/example_dags/example_external_task_marker_dag.py
[2025-02-19T06:40:29.422+0000] {processor.py:840} INFO - DAG(s) 'example_external_task_marker_child', 'example_external_task_marker_parent' retrieved from /home/airflow/.local/lib/python3.10/site-packages/airflow/example_dags/example_external_task_marker_dag.py
[2025-02-19T06:40:29.617+0000] {logging_mixin.py:188} INFO - [2025-02-19T06:40:29.616+0000] {dag.py:3036} INFO - Sync 2 DAGs
[2025-02-19T06:40:29.713+0000] {logging_mixin.py:188} INFO - [2025-02-19T06:40:29.712+0000] {dag.py:3823} INFO - Setting next_dagrun for example_external_task_marker_child to None, run_after=None
[2025-02-19T06:40:29.748+0000] {logging_mixin.py:188} INFO - [2025-02-19T06:40:29.747+0000] {dag.py:3823} INFO - Setting next_dagrun for example_external_task_marker_parent to None, run_after=None
[2025-02-19T06:40:30.206+0000] {processor.py:183} INFO - Processing /home/airflow/.local/lib/python3.10/site-packages/airflow/example_dags/example_external_task_marker_dag.py took 0.890 seconds
[2025-02-19T06:41:35.686+0000] {processor.py:161} INFO - Started process (PID=416) to work on /home/airflow/.local/lib/python3.10/site-packages/airflow/example_dags/example_external_task_marker_dag.py
[2025-02-19T06:41:35.692+0000] {processor.py:830} INFO - Processing file /home/airflow/.local/lib/python3.10/site-packages/airflow/example_dags/example_external_task_marker_dag.py for tasks to queue
[2025-02-19T06:41:35.695+0000] {logging_mixin.py:188} INFO - [2025-02-19T06:41:35.694+0000] {dagbag.py:538} INFO - Filling up the DagBag from /home/airflow/.local/lib/python3.10/site-packages/airflow/example_dags/example_external_task_marker_dag.py
[2025-02-19T06:41:35.720+0000] {processor.py:840} INFO - DAG(s) 'example_external_task_marker_parent', 'example_external_task_marker_child' retrieved from /home/airflow/.local/lib/python3.10/site-packages/airflow/example_dags/example_external_task_marker_dag.py
[2025-02-19T06:41:35.795+0000] {logging_mixin.py:188} INFO - [2025-02-19T06:41:35.795+0000] {dag.py:3036} INFO - Sync 2 DAGs
[2025-02-19T06:41:35.848+0000] {logging_mixin.py:188} INFO - [2025-02-19T06:41:35.847+0000] {dag.py:3823} INFO - Setting next_dagrun for example_external_task_marker_child to None, run_after=None
[2025-02-19T06:41:35.870+0000] {logging_mixin.py:188} INFO - [2025-02-19T06:41:35.870+0000] {dag.py:3823} INFO - Setting next_dagrun for example_external_task_marker_parent to None, run_after=None
[2025-02-19T06:41:36.183+0000] {processor.py:183} INFO - Processing /home/airflow/.local/lib/python3.10/site-packages/airflow/example_dags/example_external_task_marker_dag.py took 0.509 seconds
[2025-02-19T06:43:40.789+0000] {processor.py:161} INFO - Started process (PID=46) to work on /home/airflow/.local/lib/python3.10/site-packages/airflow/example_dags/example_external_task_marker_dag.py
[2025-02-19T06:43:40.792+0000] {processor.py:830} INFO - Processing file /home/airflow/.local/lib/python3.10/site-packages/airflow/example_dags/example_external_task_marker_dag.py for tasks to queue
[2025-02-19T06:43:40.793+0000] {logging_mixin.py:188} INFO - [2025-02-19T06:43:40.793+0000] {dagbag.py:538} INFO - Filling up the DagBag from /home/airflow/.local/lib/python3.10/site-packages/airflow/example_dags/example_external_task_marker_dag.py
[2025-02-19T06:43:40.804+0000] {processor.py:840} INFO - DAG(s) 'example_external_task_marker_parent', 'example_external_task_marker_child' retrieved from /home/airflow/.local/lib/python3.10/site-packages/airflow/example_dags/example_external_task_marker_dag.py
[2025-02-19T06:43:40.862+0000] {logging_mixin.py:188} INFO - [2025-02-19T06:43:40.861+0000] {dag.py:3036} INFO - Sync 2 DAGs
[2025-02-19T06:43:40.885+0000] {logging_mixin.py:188} INFO - [2025-02-19T06:43:40.884+0000] {dag.py:3823} INFO - Setting next_dagrun for example_external_task_marker_child to None, run_after=None
[2025-02-19T06:43:40.893+0000] {logging_mixin.py:188} INFO - [2025-02-19T06:43:40.893+0000] {dag.py:3823} INFO - Setting next_dagrun for example_external_task_marker_parent to None, run_after=None
[2025-02-19T06:43:41.002+0000] {processor.py:183} INFO - Processing /home/airflow/.local/lib/python3.10/site-packages/airflow/example_dags/example_external_task_marker_dag.py took 0.219 seconds
[2025-02-19T06:45:03.192+0000] {processor.py:161} INFO - Started process (PID=95) to work on /home/airflow/.local/lib/python3.10/site-packages/airflow/example_dags/example_external_task_marker_dag.py
[2025-02-19T06:45:03.197+0000] {processor.py:830} INFO - Processing file /home/airflow/.local/lib/python3.10/site-packages/airflow/example_dags/example_external_task_marker_dag.py for tasks to queue
[2025-02-19T06:45:03.201+0000] {logging_mixin.py:188} INFO - [2025-02-19T06:45:03.200+0000] {dagbag.py:538} INFO - Filling up the DagBag from /home/airflow/.local/lib/python3.10/site-packages/airflow/example_dags/example_external_task_marker_dag.py
[2025-02-19T06:45:03.220+0000] {processor.py:840} INFO - DAG(s) 'example_external_task_marker_child', 'example_external_task_marker_parent' retrieved from /home/airflow/.local/lib/python3.10/site-packages/airflow/example_dags/example_external_task_marker_dag.py
[2025-02-19T06:45:03.300+0000] {logging_mixin.py:188} INFO - [2025-02-19T06:45:03.299+0000] {dag.py:3036} INFO - Sync 2 DAGs
[2025-02-19T06:45:03.342+0000] {logging_mixin.py:188} INFO - [2025-02-19T06:45:03.341+0000] {dag.py:3823} INFO - Setting next_dagrun for example_external_task_marker_child to None, run_after=None
[2025-02-19T06:45:03.354+0000] {logging_mixin.py:188} INFO - [2025-02-19T06:45:03.354+0000] {dag.py:3823} INFO - Setting next_dagrun for example_external_task_marker_parent to None, run_after=None
[2025-02-19T06:45:03.460+0000] {processor.py:183} INFO - Processing /home/airflow/.local/lib/python3.10/site-packages/airflow/example_dags/example_external_task_marker_dag.py took 0.275 seconds
[2025-02-19T06:46:45.812+0000] {processor.py:161} INFO - Started process (PID=158) to work on /home/airflow/.local/lib/python3.10/site-packages/airflow/example_dags/example_external_task_marker_dag.py
[2025-02-19T06:46:45.814+0000] {processor.py:830} INFO - Processing file /home/airflow/.local/lib/python3.10/site-packages/airflow/example_dags/example_external_task_marker_dag.py for tasks to queue
[2025-02-19T06:46:45.818+0000] {logging_mixin.py:188} INFO - [2025-02-19T06:46:45.816+0000] {dagbag.py:538} INFO - Filling up the DagBag from /home/airflow/.local/lib/python3.10/site-packages/airflow/example_dags/example_external_task_marker_dag.py
[2025-02-19T06:46:45.833+0000] {processor.py:840} INFO - DAG(s) 'example_external_task_marker_parent', 'example_external_task_marker_child' retrieved from /home/airflow/.local/lib/python3.10/site-packages/airflow/example_dags/example_external_task_marker_dag.py
[2025-02-19T06:46:45.909+0000] {logging_mixin.py:188} INFO - [2025-02-19T06:46:45.909+0000] {dag.py:3036} INFO - Sync 2 DAGs
[2025-02-19T06:46:45.952+0000] {logging_mixin.py:188} INFO - [2025-02-19T06:46:45.951+0000] {dag.py:3823} INFO - Setting next_dagrun for example_external_task_marker_child to None, run_after=None
[2025-02-19T06:46:45.965+0000] {logging_mixin.py:188} INFO - [2025-02-19T06:46:45.964+0000] {dag.py:3823} INFO - Setting next_dagrun for example_external_task_marker_parent to None, run_after=None
[2025-02-19T06:46:46.088+0000] {processor.py:183} INFO - Processing /home/airflow/.local/lib/python3.10/site-packages/airflow/example_dags/example_external_task_marker_dag.py took 0.281 seconds
[2025-02-19T06:48:30.731+0000] {processor.py:161} INFO - Started process (PID=219) to work on /home/airflow/.local/lib/python3.10/site-packages/airflow/example_dags/example_external_task_marker_dag.py
[2025-02-19T06:48:30.734+0000] {processor.py:830} INFO - Processing file /home/airflow/.local/lib/python3.10/site-packages/airflow/example_dags/example_external_task_marker_dag.py for tasks to queue
[2025-02-19T06:48:30.736+0000] {logging_mixin.py:188} INFO - [2025-02-19T06:48:30.736+0000] {dagbag.py:538} INFO - Filling up the DagBag from /home/airflow/.local/lib/python3.10/site-packages/airflow/example_dags/example_external_task_marker_dag.py
[2025-02-19T06:48:30.752+0000] {processor.py:840} INFO - DAG(s) 'example_external_task_marker_child', 'example_external_task_marker_parent' retrieved from /home/airflow/.local/lib/python3.10/site-packages/airflow/example_dags/example_external_task_marker_dag.py
[2025-02-19T06:48:30.817+0000] {logging_mixin.py:188} INFO - [2025-02-19T06:48:30.816+0000] {dag.py:3036} INFO - Sync 2 DAGs
[2025-02-19T06:48:30.854+0000] {logging_mixin.py:188} INFO - [2025-02-19T06:48:30.853+0000] {dag.py:3823} INFO - Setting next_dagrun for example_external_task_marker_child to None, run_after=None
[2025-02-19T06:48:30.873+0000] {logging_mixin.py:188} INFO - [2025-02-19T06:48:30.872+0000] {dag.py:3823} INFO - Setting next_dagrun for example_external_task_marker_parent to None, run_after=None
[2025-02-19T06:48:31.110+0000] {processor.py:183} INFO - Processing /home/airflow/.local/lib/python3.10/site-packages/airflow/example_dags/example_external_task_marker_dag.py took 0.386 seconds
[2025-02-19T06:50:15.148+0000] {processor.py:161} INFO - Started process (PID=280) to work on /home/airflow/.local/lib/python3.10/site-packages/airflow/example_dags/example_external_task_marker_dag.py
[2025-02-19T06:50:15.151+0000] {processor.py:830} INFO - Processing file /home/airflow/.local/lib/python3.10/site-packages/airflow/example_dags/example_external_task_marker_dag.py for tasks to queue
[2025-02-19T06:50:15.164+0000] {logging_mixin.py:188} INFO - [2025-02-19T06:50:15.154+0000] {dagbag.py:538} INFO - Filling up the DagBag from /home/airflow/.local/lib/python3.10/site-packages/airflow/example_dags/example_external_task_marker_dag.py
[2025-02-19T06:50:15.213+0000] {processor.py:840} INFO - DAG(s) 'example_external_task_marker_parent', 'example_external_task_marker_child' retrieved from /home/airflow/.local/lib/python3.10/site-packages/airflow/example_dags/example_external_task_marker_dag.py
[2025-02-19T06:50:15.425+0000] {logging_mixin.py:188} INFO - [2025-02-19T06:50:15.424+0000] {dag.py:3036} INFO - Sync 2 DAGs
[2025-02-19T06:50:15.505+0000] {logging_mixin.py:188} INFO - [2025-02-19T06:50:15.504+0000] {dag.py:3823} INFO - Setting next_dagrun for example_external_task_marker_child to None, run_after=None
[2025-02-19T06:50:15.527+0000] {logging_mixin.py:188} INFO - [2025-02-19T06:50:15.526+0000] {dag.py:3823} INFO - Setting next_dagrun for example_external_task_marker_parent to None, run_after=None
[2025-02-19T06:50:15.712+0000] {processor.py:183} INFO - Processing /home/airflow/.local/lib/python3.10/site-packages/airflow/example_dags/example_external_task_marker_dag.py took 0.585 seconds
[2025-02-19T06:51:54.157+0000] {processor.py:161} INFO - Started process (PID=342) to work on /home/airflow/.local/lib/python3.10/site-packages/airflow/example_dags/example_external_task_marker_dag.py
[2025-02-19T06:51:54.159+0000] {processor.py:830} INFO - Processing file /home/airflow/.local/lib/python3.10/site-packages/airflow/example_dags/example_external_task_marker_dag.py for tasks to queue
[2025-02-19T06:51:54.162+0000] {logging_mixin.py:188} INFO - [2025-02-19T06:51:54.161+0000] {dagbag.py:538} INFO - Filling up the DagBag from /home/airflow/.local/lib/python3.10/site-packages/airflow/example_dags/example_external_task_marker_dag.py
[2025-02-19T06:51:54.206+0000] {processor.py:840} INFO - DAG(s) 'example_external_task_marker_parent', 'example_external_task_marker_child' retrieved from /home/airflow/.local/lib/python3.10/site-packages/airflow/example_dags/example_external_task_marker_dag.py
[2025-02-19T06:51:54.343+0000] {logging_mixin.py:188} INFO - [2025-02-19T06:51:54.342+0000] {dag.py:3036} INFO - Sync 2 DAGs
[2025-02-19T06:51:54.398+0000] {logging_mixin.py:188} INFO - [2025-02-19T06:51:54.397+0000] {dag.py:3823} INFO - Setting next_dagrun for example_external_task_marker_child to None, run_after=None
[2025-02-19T06:51:54.413+0000] {logging_mixin.py:188} INFO - [2025-02-19T06:51:54.412+0000] {dag.py:3823} INFO - Setting next_dagrun for example_external_task_marker_parent to None, run_after=None
[2025-02-19T06:51:54.578+0000] {processor.py:183} INFO - Processing /home/airflow/.local/lib/python3.10/site-packages/airflow/example_dags/example_external_task_marker_dag.py took 0.439 seconds
[2025-02-19T06:53:39.001+0000] {processor.py:161} INFO - Started process (PID=404) to work on /home/airflow/.local/lib/python3.10/site-packages/airflow/example_dags/example_external_task_marker_dag.py
[2025-02-19T06:53:39.010+0000] {processor.py:830} INFO - Processing file /home/airflow/.local/lib/python3.10/site-packages/airflow/example_dags/example_external_task_marker_dag.py for tasks to queue
[2025-02-19T06:53:39.018+0000] {logging_mixin.py:188} INFO - [2025-02-19T06:53:39.017+0000] {dagbag.py:538} INFO - Filling up the DagBag from /home/airflow/.local/lib/python3.10/site-packages/airflow/example_dags/example_external_task_marker_dag.py
[2025-02-19T06:53:39.058+0000] {processor.py:840} INFO - DAG(s) 'example_external_task_marker_child', 'example_external_task_marker_parent' retrieved from /home/airflow/.local/lib/python3.10/site-packages/airflow/example_dags/example_external_task_marker_dag.py
[2025-02-19T06:53:39.189+0000] {logging_mixin.py:188} INFO - [2025-02-19T06:53:39.188+0000] {dag.py:3036} INFO - Sync 2 DAGs
[2025-02-19T06:53:39.294+0000] {logging_mixin.py:188} INFO - [2025-02-19T06:53:39.294+0000] {dag.py:3823} INFO - Setting next_dagrun for example_external_task_marker_child to None, run_after=None
[2025-02-19T06:53:39.325+0000] {logging_mixin.py:188} INFO - [2025-02-19T06:53:39.324+0000] {dag.py:3823} INFO - Setting next_dagrun for example_external_task_marker_parent to None, run_after=None
[2025-02-19T06:53:39.687+0000] {processor.py:183} INFO - Processing /home/airflow/.local/lib/python3.10/site-packages/airflow/example_dags/example_external_task_marker_dag.py took 0.698 seconds
[2025-02-19T06:55:03.430+0000] {processor.py:161} INFO - Started process (PID=462) to work on /home/airflow/.local/lib/python3.10/site-packages/airflow/example_dags/example_external_task_marker_dag.py
[2025-02-19T06:55:03.433+0000] {processor.py:830} INFO - Processing file /home/airflow/.local/lib/python3.10/site-packages/airflow/example_dags/example_external_task_marker_dag.py for tasks to queue
[2025-02-19T06:55:03.436+0000] {logging_mixin.py:188} INFO - [2025-02-19T06:55:03.435+0000] {dagbag.py:538} INFO - Filling up the DagBag from /home/airflow/.local/lib/python3.10/site-packages/airflow/example_dags/example_external_task_marker_dag.py
[2025-02-19T06:55:03.456+0000] {processor.py:840} INFO - DAG(s) 'example_external_task_marker_child', 'example_external_task_marker_parent' retrieved from /home/airflow/.local/lib/python3.10/site-packages/airflow/example_dags/example_external_task_marker_dag.py
[2025-02-19T06:55:03.552+0000] {logging_mixin.py:188} INFO - [2025-02-19T06:55:03.551+0000] {dag.py:3036} INFO - Sync 2 DAGs
[2025-02-19T06:55:03.595+0000] {logging_mixin.py:188} INFO - [2025-02-19T06:55:03.594+0000] {dag.py:3823} INFO - Setting next_dagrun for example_external_task_marker_child to None, run_after=None
[2025-02-19T06:55:03.610+0000] {logging_mixin.py:188} INFO - [2025-02-19T06:55:03.610+0000] {dag.py:3823} INFO - Setting next_dagrun for example_external_task_marker_parent to None, run_after=None
[2025-02-19T06:55:03.790+0000] {processor.py:183} INFO - Processing /home/airflow/.local/lib/python3.10/site-packages/airflow/example_dags/example_external_task_marker_dag.py took 0.369 seconds
[2025-02-19T06:56:27.614+0000] {processor.py:161} INFO - Started process (PID=518) to work on /home/airflow/.local/lib/python3.10/site-packages/airflow/example_dags/example_external_task_marker_dag.py
[2025-02-19T06:56:27.617+0000] {processor.py:830} INFO - Processing file /home/airflow/.local/lib/python3.10/site-packages/airflow/example_dags/example_external_task_marker_dag.py for tasks to queue
[2025-02-19T06:56:27.619+0000] {logging_mixin.py:188} INFO - [2025-02-19T06:56:27.618+0000] {dagbag.py:538} INFO - Filling up the DagBag from /home/airflow/.local/lib/python3.10/site-packages/airflow/example_dags/example_external_task_marker_dag.py
[2025-02-19T06:56:27.630+0000] {processor.py:840} INFO - DAG(s) 'example_external_task_marker_child', 'example_external_task_marker_parent' retrieved from /home/airflow/.local/lib/python3.10/site-packages/airflow/example_dags/example_external_task_marker_dag.py
[2025-02-19T06:56:27.688+0000] {logging_mixin.py:188} INFO - [2025-02-19T06:56:27.687+0000] {dag.py:3036} INFO - Sync 2 DAGs
[2025-02-19T06:56:27.714+0000] {logging_mixin.py:188} INFO - [2025-02-19T06:56:27.713+0000] {dag.py:3823} INFO - Setting next_dagrun for example_external_task_marker_child to None, run_after=None
[2025-02-19T06:56:27.722+0000] {logging_mixin.py:188} INFO - [2025-02-19T06:56:27.722+0000] {dag.py:3823} INFO - Setting next_dagrun for example_external_task_marker_parent to None, run_after=None
[2025-02-19T06:56:27.828+0000] {processor.py:183} INFO - Processing /home/airflow/.local/lib/python3.10/site-packages/airflow/example_dags/example_external_task_marker_dag.py took 0.219 seconds
[2025-02-19T06:58:07.155+0000] {processor.py:161} INFO - Started process (PID=579) to work on /home/airflow/.local/lib/python3.10/site-packages/airflow/example_dags/example_external_task_marker_dag.py
[2025-02-19T06:58:07.158+0000] {processor.py:830} INFO - Processing file /home/airflow/.local/lib/python3.10/site-packages/airflow/example_dags/example_external_task_marker_dag.py for tasks to queue
[2025-02-19T06:58:07.160+0000] {logging_mixin.py:188} INFO - [2025-02-19T06:58:07.159+0000] {dagbag.py:538} INFO - Filling up the DagBag from /home/airflow/.local/lib/python3.10/site-packages/airflow/example_dags/example_external_task_marker_dag.py
[2025-02-19T06:58:07.173+0000] {processor.py:840} INFO - DAG(s) 'example_external_task_marker_child', 'example_external_task_marker_parent' retrieved from /home/airflow/.local/lib/python3.10/site-packages/airflow/example_dags/example_external_task_marker_dag.py
[2025-02-19T06:58:07.235+0000] {logging_mixin.py:188} INFO - [2025-02-19T06:58:07.234+0000] {dag.py:3036} INFO - Sync 2 DAGs
[2025-02-19T06:58:07.266+0000] {logging_mixin.py:188} INFO - [2025-02-19T06:58:07.265+0000] {dag.py:3823} INFO - Setting next_dagrun for example_external_task_marker_child to None, run_after=None
[2025-02-19T06:58:07.276+0000] {logging_mixin.py:188} INFO - [2025-02-19T06:58:07.276+0000] {dag.py:3823} INFO - Setting next_dagrun for example_external_task_marker_parent to None, run_after=None
[2025-02-19T06:58:07.395+0000] {processor.py:183} INFO - Processing /home/airflow/.local/lib/python3.10/site-packages/airflow/example_dags/example_external_task_marker_dag.py took 0.248 seconds
[2025-02-19T06:59:38.972+0000] {processor.py:161} INFO - Started process (PID=638) to work on /home/airflow/.local/lib/python3.10/site-packages/airflow/example_dags/example_external_task_marker_dag.py
[2025-02-19T06:59:38.975+0000] {processor.py:830} INFO - Processing file /home/airflow/.local/lib/python3.10/site-packages/airflow/example_dags/example_external_task_marker_dag.py for tasks to queue
[2025-02-19T06:59:38.979+0000] {logging_mixin.py:188} INFO - [2025-02-19T06:59:38.977+0000] {dagbag.py:538} INFO - Filling up the DagBag from /home/airflow/.local/lib/python3.10/site-packages/airflow/example_dags/example_external_task_marker_dag.py
[2025-02-19T06:59:39.023+0000] {processor.py:840} INFO - DAG(s) 'example_external_task_marker_parent', 'example_external_task_marker_child' retrieved from /home/airflow/.local/lib/python3.10/site-packages/airflow/example_dags/example_external_task_marker_dag.py
[2025-02-19T06:59:39.222+0000] {logging_mixin.py:188} INFO - [2025-02-19T06:59:39.222+0000] {dag.py:3036} INFO - Sync 2 DAGs
[2025-02-19T06:59:39.317+0000] {logging_mixin.py:188} INFO - [2025-02-19T06:59:39.317+0000] {dag.py:3823} INFO - Setting next_dagrun for example_external_task_marker_child to None, run_after=None
[2025-02-19T06:59:39.346+0000] {logging_mixin.py:188} INFO - [2025-02-19T06:59:39.345+0000] {dag.py:3823} INFO - Setting next_dagrun for example_external_task_marker_parent to None, run_after=None
[2025-02-19T06:59:39.569+0000] {processor.py:183} INFO - Processing /home/airflow/.local/lib/python3.10/site-packages/airflow/example_dags/example_external_task_marker_dag.py took 0.613 seconds
[2025-02-19T07:01:27.309+0000] {processor.py:161} INFO - Started process (PID=702) to work on /home/airflow/.local/lib/python3.10/site-packages/airflow/example_dags/example_external_task_marker_dag.py
[2025-02-19T07:01:27.312+0000] {processor.py:830} INFO - Processing file /home/airflow/.local/lib/python3.10/site-packages/airflow/example_dags/example_external_task_marker_dag.py for tasks to queue
[2025-02-19T07:01:27.315+0000] {logging_mixin.py:188} INFO - [2025-02-19T07:01:27.314+0000] {dagbag.py:538} INFO - Filling up the DagBag from /home/airflow/.local/lib/python3.10/site-packages/airflow/example_dags/example_external_task_marker_dag.py
[2025-02-19T07:01:27.341+0000] {processor.py:840} INFO - DAG(s) 'example_external_task_marker_parent', 'example_external_task_marker_child' retrieved from /home/airflow/.local/lib/python3.10/site-packages/airflow/example_dags/example_external_task_marker_dag.py
[2025-02-19T07:01:27.443+0000] {logging_mixin.py:188} INFO - [2025-02-19T07:01:27.442+0000] {dag.py:3036} INFO - Sync 2 DAGs
[2025-02-19T07:01:27.486+0000] {logging_mixin.py:188} INFO - [2025-02-19T07:01:27.486+0000] {dag.py:3823} INFO - Setting next_dagrun for example_external_task_marker_child to None, run_after=None
[2025-02-19T07:01:27.504+0000] {logging_mixin.py:188} INFO - [2025-02-19T07:01:27.503+0000] {dag.py:3823} INFO - Setting next_dagrun for example_external_task_marker_parent to None, run_after=None
[2025-02-19T07:01:27.671+0000] {processor.py:183} INFO - Processing /home/airflow/.local/lib/python3.10/site-packages/airflow/example_dags/example_external_task_marker_dag.py took 0.379 seconds
[2025-02-19T07:03:07.360+0000] {processor.py:161} INFO - Started process (PID=764) to work on /home/airflow/.local/lib/python3.10/site-packages/airflow/example_dags/example_external_task_marker_dag.py
[2025-02-19T07:03:07.362+0000] {processor.py:830} INFO - Processing file /home/airflow/.local/lib/python3.10/site-packages/airflow/example_dags/example_external_task_marker_dag.py for tasks to queue
[2025-02-19T07:03:07.364+0000] {logging_mixin.py:188} INFO - [2025-02-19T07:03:07.364+0000] {dagbag.py:538} INFO - Filling up the DagBag from /home/airflow/.local/lib/python3.10/site-packages/airflow/example_dags/example_external_task_marker_dag.py
[2025-02-19T07:03:07.377+0000] {processor.py:840} INFO - DAG(s) 'example_external_task_marker_child', 'example_external_task_marker_parent' retrieved from /home/airflow/.local/lib/python3.10/site-packages/airflow/example_dags/example_external_task_marker_dag.py
[2025-02-19T07:03:07.449+0000] {logging_mixin.py:188} INFO - [2025-02-19T07:03:07.449+0000] {dag.py:3036} INFO - Sync 2 DAGs
[2025-02-19T07:03:07.478+0000] {logging_mixin.py:188} INFO - [2025-02-19T07:03:07.478+0000] {dag.py:3823} INFO - Setting next_dagrun for example_external_task_marker_child to None, run_after=None
[2025-02-19T07:03:07.486+0000] {logging_mixin.py:188} INFO - [2025-02-19T07:03:07.486+0000] {dag.py:3823} INFO - Setting next_dagrun for example_external_task_marker_parent to None, run_after=None
[2025-02-19T07:03:07.599+0000] {processor.py:183} INFO - Processing /home/airflow/.local/lib/python3.10/site-packages/airflow/example_dags/example_external_task_marker_dag.py took 0.245 seconds
[2025-02-19T07:05:22.620+0000] {processor.py:161} INFO - Started process (PID=824) to work on /home/airflow/.local/lib/python3.10/site-packages/airflow/example_dags/example_external_task_marker_dag.py
[2025-02-19T07:05:22.624+0000] {processor.py:830} INFO - Processing file /home/airflow/.local/lib/python3.10/site-packages/airflow/example_dags/example_external_task_marker_dag.py for tasks to queue
[2025-02-19T07:05:22.637+0000] {logging_mixin.py:188} INFO - [2025-02-19T07:05:22.636+0000] {dagbag.py:538} INFO - Filling up the DagBag from /home/airflow/.local/lib/python3.10/site-packages/airflow/example_dags/example_external_task_marker_dag.py
[2025-02-19T07:05:22.685+0000] {processor.py:840} INFO - DAG(s) 'example_external_task_marker_parent', 'example_external_task_marker_child' retrieved from /home/airflow/.local/lib/python3.10/site-packages/airflow/example_dags/example_external_task_marker_dag.py
[2025-02-19T07:05:22.875+0000] {logging_mixin.py:188} INFO - [2025-02-19T07:05:22.874+0000] {dag.py:3036} INFO - Sync 2 DAGs
[2025-02-19T07:05:22.989+0000] {logging_mixin.py:188} INFO - [2025-02-19T07:05:22.982+0000] {dag.py:3823} INFO - Setting next_dagrun for example_external_task_marker_child to None, run_after=None
[2025-02-19T07:05:23.014+0000] {logging_mixin.py:188} INFO - [2025-02-19T07:05:23.013+0000] {dag.py:3823} INFO - Setting next_dagrun for example_external_task_marker_parent to None, run_after=None
[2025-02-19T07:05:23.208+0000] {processor.py:183} INFO - Processing /home/airflow/.local/lib/python3.10/site-packages/airflow/example_dags/example_external_task_marker_dag.py took 0.608 seconds
[2025-02-19T07:06:43.909+0000] {processor.py:161} INFO - Started process (PID=856) to work on /home/airflow/.local/lib/python3.10/site-packages/airflow/example_dags/example_external_task_marker_dag.py
[2025-02-19T07:06:43.917+0000] {processor.py:830} INFO - Processing file /home/airflow/.local/lib/python3.10/site-packages/airflow/example_dags/example_external_task_marker_dag.py for tasks to queue
[2025-02-19T07:06:43.924+0000] {logging_mixin.py:188} INFO - [2025-02-19T07:06:43.921+0000] {dagbag.py:538} INFO - Filling up the DagBag from /home/airflow/.local/lib/python3.10/site-packages/airflow/example_dags/example_external_task_marker_dag.py
[2025-02-19T07:06:43.966+0000] {processor.py:840} INFO - DAG(s) 'example_external_task_marker_parent', 'example_external_task_marker_child' retrieved from /home/airflow/.local/lib/python3.10/site-packages/airflow/example_dags/example_external_task_marker_dag.py
[2025-02-19T07:06:44.124+0000] {logging_mixin.py:188} INFO - [2025-02-19T07:06:44.122+0000] {dag.py:3036} INFO - Sync 2 DAGs
[2025-02-19T07:06:44.222+0000] {logging_mixin.py:188} INFO - [2025-02-19T07:06:44.221+0000] {dag.py:3823} INFO - Setting next_dagrun for example_external_task_marker_child to None, run_after=None
[2025-02-19T07:06:44.250+0000] {logging_mixin.py:188} INFO - [2025-02-19T07:06:44.249+0000] {dag.py:3823} INFO - Setting next_dagrun for example_external_task_marker_parent to None, run_after=None
[2025-02-19T07:06:44.480+0000] {processor.py:183} INFO - Processing /home/airflow/.local/lib/python3.10/site-packages/airflow/example_dags/example_external_task_marker_dag.py took 0.599 seconds
