[2025-02-19T05:55:54.349+0000] {processor.py:161} INFO - Started process (PID=49) to work on /home/airflow/.local/lib/python3.10/site-packages/airflow/example_dags/example_sensor_decorator.py
[2025-02-19T05:55:54.352+0000] {processor.py:830} INFO - Processing file /home/airflow/.local/lib/python3.10/site-packages/airflow/example_dags/example_sensor_decorator.py for tasks to queue
[2025-02-19T05:55:54.355+0000] {logging_mixin.py:188} INFO - [2025-02-19T05:55:54.354+0000] {dagbag.py:538} INFO - Filling up the DagBag from /home/airflow/.local/lib/python3.10/site-packages/airflow/example_dags/example_sensor_decorator.py
[2025-02-19T05:55:54.379+0000] {processor.py:840} INFO - DAG(s) 'example_sensor_decorator' retrieved from /home/airflow/.local/lib/python3.10/site-packages/airflow/example_dags/example_sensor_decorator.py
[2025-02-19T05:55:54.469+0000] {logging_mixin.py:188} INFO - [2025-02-19T05:55:54.469+0000] {dag.py:3036} INFO - Sync 1 DAGs
[2025-02-19T05:55:54.526+0000] {logging_mixin.py:188} INFO - [2025-02-19T05:55:54.525+0000] {dag.py:3823} INFO - Setting next_dagrun for example_sensor_decorator to None, run_after=None
[2025-02-19T05:55:54.695+0000] {processor.py:183} INFO - Processing /home/airflow/.local/lib/python3.10/site-packages/airflow/example_dags/example_sensor_decorator.py took 0.360 seconds
[2025-02-19T05:58:26.597+0000] {processor.py:161} INFO - Started process (PID=98) to work on /home/airflow/.local/lib/python3.10/site-packages/airflow/example_dags/example_sensor_decorator.py
[2025-02-19T05:58:26.609+0000] {processor.py:830} INFO - Processing file /home/airflow/.local/lib/python3.10/site-packages/airflow/example_dags/example_sensor_decorator.py for tasks to queue
[2025-02-19T05:58:26.611+0000] {logging_mixin.py:188} INFO - [2025-02-19T05:58:26.611+0000] {dagbag.py:538} INFO - Filling up the DagBag from /home/airflow/.local/lib/python3.10/site-packages/airflow/example_dags/example_sensor_decorator.py
[2025-02-19T05:58:26.637+0000] {processor.py:840} INFO - DAG(s) 'example_sensor_decorator' retrieved from /home/airflow/.local/lib/python3.10/site-packages/airflow/example_dags/example_sensor_decorator.py
[2025-02-19T05:58:26.709+0000] {logging_mixin.py:188} INFO - [2025-02-19T05:58:26.709+0000] {dag.py:3036} INFO - Sync 1 DAGs
[2025-02-19T05:58:26.765+0000] {logging_mixin.py:188} INFO - [2025-02-19T05:58:26.764+0000] {dag.py:3823} INFO - Setting next_dagrun for example_sensor_decorator to None, run_after=None
[2025-02-19T05:58:26.941+0000] {processor.py:183} INFO - Processing /home/airflow/.local/lib/python3.10/site-packages/airflow/example_dags/example_sensor_decorator.py took 0.352 seconds
[2025-02-19T05:59:51.882+0000] {processor.py:161} INFO - Started process (PID=144) to work on /home/airflow/.local/lib/python3.10/site-packages/airflow/example_dags/example_sensor_decorator.py
[2025-02-19T05:59:51.888+0000] {processor.py:830} INFO - Processing file /home/airflow/.local/lib/python3.10/site-packages/airflow/example_dags/example_sensor_decorator.py for tasks to queue
[2025-02-19T05:59:51.891+0000] {logging_mixin.py:188} INFO - [2025-02-19T05:59:51.890+0000] {dagbag.py:538} INFO - Filling up the DagBag from /home/airflow/.local/lib/python3.10/site-packages/airflow/example_dags/example_sensor_decorator.py
[2025-02-19T05:59:51.909+0000] {processor.py:840} INFO - DAG(s) 'example_sensor_decorator' retrieved from /home/airflow/.local/lib/python3.10/site-packages/airflow/example_dags/example_sensor_decorator.py
[2025-02-19T05:59:51.981+0000] {logging_mixin.py:188} INFO - [2025-02-19T05:59:51.981+0000] {dag.py:3036} INFO - Sync 1 DAGs
[2025-02-19T05:59:52.042+0000] {logging_mixin.py:188} INFO - [2025-02-19T05:59:52.041+0000] {dag.py:3823} INFO - Setting next_dagrun for example_sensor_decorator to None, run_after=None
[2025-02-19T05:59:52.308+0000] {processor.py:183} INFO - Processing /home/airflow/.local/lib/python3.10/site-packages/airflow/example_dags/example_sensor_decorator.py took 0.451 seconds
[2025-02-19T06:01:51.327+0000] {processor.py:161} INFO - Started process (PID=210) to work on /home/airflow/.local/lib/python3.10/site-packages/airflow/example_dags/example_sensor_decorator.py
[2025-02-19T06:01:51.330+0000] {processor.py:830} INFO - Processing file /home/airflow/.local/lib/python3.10/site-packages/airflow/example_dags/example_sensor_decorator.py for tasks to queue
[2025-02-19T06:01:51.333+0000] {logging_mixin.py:188} INFO - [2025-02-19T06:01:51.333+0000] {dagbag.py:538} INFO - Filling up the DagBag from /home/airflow/.local/lib/python3.10/site-packages/airflow/example_dags/example_sensor_decorator.py
[2025-02-19T06:01:51.374+0000] {processor.py:840} INFO - DAG(s) 'example_sensor_decorator' retrieved from /home/airflow/.local/lib/python3.10/site-packages/airflow/example_dags/example_sensor_decorator.py
[2025-02-19T06:01:51.555+0000] {logging_mixin.py:188} INFO - [2025-02-19T06:01:51.554+0000] {dag.py:3036} INFO - Sync 1 DAGs
[2025-02-19T06:01:51.635+0000] {logging_mixin.py:188} INFO - [2025-02-19T06:01:51.634+0000] {dag.py:3823} INFO - Setting next_dagrun for example_sensor_decorator to None, run_after=None
[2025-02-19T06:01:51.852+0000] {processor.py:183} INFO - Processing /home/airflow/.local/lib/python3.10/site-packages/airflow/example_dags/example_sensor_decorator.py took 0.541 seconds
[2025-02-19T06:03:38.131+0000] {processor.py:161} INFO - Started process (PID=274) to work on /home/airflow/.local/lib/python3.10/site-packages/airflow/example_dags/example_sensor_decorator.py
[2025-02-19T06:03:38.139+0000] {processor.py:830} INFO - Processing file /home/airflow/.local/lib/python3.10/site-packages/airflow/example_dags/example_sensor_decorator.py for tasks to queue
[2025-02-19T06:03:38.142+0000] {logging_mixin.py:188} INFO - [2025-02-19T06:03:38.141+0000] {dagbag.py:538} INFO - Filling up the DagBag from /home/airflow/.local/lib/python3.10/site-packages/airflow/example_dags/example_sensor_decorator.py
[2025-02-19T06:03:38.168+0000] {processor.py:840} INFO - DAG(s) 'example_sensor_decorator' retrieved from /home/airflow/.local/lib/python3.10/site-packages/airflow/example_dags/example_sensor_decorator.py
[2025-02-19T06:03:38.227+0000] {logging_mixin.py:188} INFO - [2025-02-19T06:03:38.227+0000] {dag.py:3036} INFO - Sync 1 DAGs
[2025-02-19T06:03:38.276+0000] {logging_mixin.py:188} INFO - [2025-02-19T06:03:38.275+0000] {dag.py:3823} INFO - Setting next_dagrun for example_sensor_decorator to None, run_after=None
[2025-02-19T06:03:38.439+0000] {processor.py:183} INFO - Processing /home/airflow/.local/lib/python3.10/site-packages/airflow/example_dags/example_sensor_decorator.py took 0.315 seconds
[2025-02-19T06:05:23.555+0000] {processor.py:161} INFO - Started process (PID=337) to work on /home/airflow/.local/lib/python3.10/site-packages/airflow/example_dags/example_sensor_decorator.py
[2025-02-19T06:05:23.563+0000] {processor.py:830} INFO - Processing file /home/airflow/.local/lib/python3.10/site-packages/airflow/example_dags/example_sensor_decorator.py for tasks to queue
[2025-02-19T06:05:23.567+0000] {logging_mixin.py:188} INFO - [2025-02-19T06:05:23.566+0000] {dagbag.py:538} INFO - Filling up the DagBag from /home/airflow/.local/lib/python3.10/site-packages/airflow/example_dags/example_sensor_decorator.py
[2025-02-19T06:05:23.592+0000] {processor.py:840} INFO - DAG(s) 'example_sensor_decorator' retrieved from /home/airflow/.local/lib/python3.10/site-packages/airflow/example_dags/example_sensor_decorator.py
[2025-02-19T06:05:23.669+0000] {logging_mixin.py:188} INFO - [2025-02-19T06:05:23.668+0000] {dag.py:3036} INFO - Sync 1 DAGs
[2025-02-19T06:05:23.718+0000] {logging_mixin.py:188} INFO - [2025-02-19T06:05:23.717+0000] {dag.py:3823} INFO - Setting next_dagrun for example_sensor_decorator to None, run_after=None
[2025-02-19T06:05:23.858+0000] {processor.py:183} INFO - Processing /home/airflow/.local/lib/python3.10/site-packages/airflow/example_dags/example_sensor_decorator.py took 0.313 seconds
[2025-02-19T06:07:35.655+0000] {processor.py:161} INFO - Started process (PID=401) to work on /home/airflow/.local/lib/python3.10/site-packages/airflow/example_dags/example_sensor_decorator.py
[2025-02-19T06:07:35.666+0000] {processor.py:830} INFO - Processing file /home/airflow/.local/lib/python3.10/site-packages/airflow/example_dags/example_sensor_decorator.py for tasks to queue
[2025-02-19T06:07:35.669+0000] {logging_mixin.py:188} INFO - [2025-02-19T06:07:35.668+0000] {dagbag.py:538} INFO - Filling up the DagBag from /home/airflow/.local/lib/python3.10/site-packages/airflow/example_dags/example_sensor_decorator.py
[2025-02-19T06:07:35.706+0000] {processor.py:840} INFO - DAG(s) 'example_sensor_decorator' retrieved from /home/airflow/.local/lib/python3.10/site-packages/airflow/example_dags/example_sensor_decorator.py
[2025-02-19T06:07:35.814+0000] {logging_mixin.py:188} INFO - [2025-02-19T06:07:35.814+0000] {dag.py:3036} INFO - Sync 1 DAGs
[2025-02-19T06:07:35.897+0000] {logging_mixin.py:188} INFO - [2025-02-19T06:07:35.896+0000] {dag.py:3823} INFO - Setting next_dagrun for example_sensor_decorator to None, run_after=None
[2025-02-19T06:07:36.107+0000] {processor.py:183} INFO - Processing /home/airflow/.local/lib/python3.10/site-packages/airflow/example_dags/example_sensor_decorator.py took 0.459 seconds
[2025-02-19T06:09:22.597+0000] {processor.py:161} INFO - Started process (PID=464) to work on /home/airflow/.local/lib/python3.10/site-packages/airflow/example_dags/example_sensor_decorator.py
[2025-02-19T06:09:22.600+0000] {processor.py:830} INFO - Processing file /home/airflow/.local/lib/python3.10/site-packages/airflow/example_dags/example_sensor_decorator.py for tasks to queue
[2025-02-19T06:09:22.603+0000] {logging_mixin.py:188} INFO - [2025-02-19T06:09:22.602+0000] {dagbag.py:538} INFO - Filling up the DagBag from /home/airflow/.local/lib/python3.10/site-packages/airflow/example_dags/example_sensor_decorator.py
[2025-02-19T06:09:22.630+0000] {processor.py:840} INFO - DAG(s) 'example_sensor_decorator' retrieved from /home/airflow/.local/lib/python3.10/site-packages/airflow/example_dags/example_sensor_decorator.py
[2025-02-19T06:09:22.726+0000] {logging_mixin.py:188} INFO - [2025-02-19T06:09:22.725+0000] {dag.py:3036} INFO - Sync 1 DAGs
[2025-02-19T06:09:22.799+0000] {logging_mixin.py:188} INFO - [2025-02-19T06:09:22.799+0000] {dag.py:3823} INFO - Setting next_dagrun for example_sensor_decorator to None, run_after=None
[2025-02-19T06:09:22.997+0000] {processor.py:183} INFO - Processing /home/airflow/.local/lib/python3.10/site-packages/airflow/example_dags/example_sensor_decorator.py took 0.416 seconds
[2025-02-19T06:11:09.102+0000] {processor.py:161} INFO - Started process (PID=527) to work on /home/airflow/.local/lib/python3.10/site-packages/airflow/example_dags/example_sensor_decorator.py
[2025-02-19T06:11:09.105+0000] {processor.py:830} INFO - Processing file /home/airflow/.local/lib/python3.10/site-packages/airflow/example_dags/example_sensor_decorator.py for tasks to queue
[2025-02-19T06:11:09.107+0000] {logging_mixin.py:188} INFO - [2025-02-19T06:11:09.107+0000] {dagbag.py:538} INFO - Filling up the DagBag from /home/airflow/.local/lib/python3.10/site-packages/airflow/example_dags/example_sensor_decorator.py
[2025-02-19T06:11:09.126+0000] {processor.py:840} INFO - DAG(s) 'example_sensor_decorator' retrieved from /home/airflow/.local/lib/python3.10/site-packages/airflow/example_dags/example_sensor_decorator.py
[2025-02-19T06:11:09.199+0000] {logging_mixin.py:188} INFO - [2025-02-19T06:11:09.198+0000] {dag.py:3036} INFO - Sync 1 DAGs
[2025-02-19T06:11:09.257+0000] {logging_mixin.py:188} INFO - [2025-02-19T06:11:09.254+0000] {dag.py:3823} INFO - Setting next_dagrun for example_sensor_decorator to None, run_after=None
[2025-02-19T06:11:09.431+0000] {processor.py:183} INFO - Processing /home/airflow/.local/lib/python3.10/site-packages/airflow/example_dags/example_sensor_decorator.py took 0.341 seconds
[2025-02-19T06:13:02.879+0000] {processor.py:161} INFO - Started process (PID=592) to work on /home/airflow/.local/lib/python3.10/site-packages/airflow/example_dags/example_sensor_decorator.py
[2025-02-19T06:13:02.882+0000] {processor.py:830} INFO - Processing file /home/airflow/.local/lib/python3.10/site-packages/airflow/example_dags/example_sensor_decorator.py for tasks to queue
[2025-02-19T06:13:02.885+0000] {logging_mixin.py:188} INFO - [2025-02-19T06:13:02.884+0000] {dagbag.py:538} INFO - Filling up the DagBag from /home/airflow/.local/lib/python3.10/site-packages/airflow/example_dags/example_sensor_decorator.py
[2025-02-19T06:13:02.908+0000] {processor.py:840} INFO - DAG(s) 'example_sensor_decorator' retrieved from /home/airflow/.local/lib/python3.10/site-packages/airflow/example_dags/example_sensor_decorator.py
[2025-02-19T06:13:02.969+0000] {logging_mixin.py:188} INFO - [2025-02-19T06:13:02.969+0000] {dag.py:3036} INFO - Sync 1 DAGs
[2025-02-19T06:13:03.013+0000] {logging_mixin.py:188} INFO - [2025-02-19T06:13:03.013+0000] {dag.py:3823} INFO - Setting next_dagrun for example_sensor_decorator to None, run_after=None
[2025-02-19T06:13:03.201+0000] {processor.py:183} INFO - Processing /home/airflow/.local/lib/python3.10/site-packages/airflow/example_dags/example_sensor_decorator.py took 0.333 seconds
[2025-02-19T06:14:40.635+0000] {processor.py:161} INFO - Started process (PID=653) to work on /home/airflow/.local/lib/python3.10/site-packages/airflow/example_dags/example_sensor_decorator.py
[2025-02-19T06:14:40.648+0000] {processor.py:830} INFO - Processing file /home/airflow/.local/lib/python3.10/site-packages/airflow/example_dags/example_sensor_decorator.py for tasks to queue
[2025-02-19T06:14:40.652+0000] {logging_mixin.py:188} INFO - [2025-02-19T06:14:40.651+0000] {dagbag.py:538} INFO - Filling up the DagBag from /home/airflow/.local/lib/python3.10/site-packages/airflow/example_dags/example_sensor_decorator.py
[2025-02-19T06:14:40.684+0000] {processor.py:840} INFO - DAG(s) 'example_sensor_decorator' retrieved from /home/airflow/.local/lib/python3.10/site-packages/airflow/example_dags/example_sensor_decorator.py
[2025-02-19T06:14:40.769+0000] {logging_mixin.py:188} INFO - [2025-02-19T06:14:40.768+0000] {dag.py:3036} INFO - Sync 1 DAGs
[2025-02-19T06:14:40.840+0000] {logging_mixin.py:188} INFO - [2025-02-19T06:14:40.839+0000] {dag.py:3823} INFO - Setting next_dagrun for example_sensor_decorator to None, run_after=None
[2025-02-19T06:14:41.009+0000] {processor.py:183} INFO - Processing /home/airflow/.local/lib/python3.10/site-packages/airflow/example_dags/example_sensor_decorator.py took 0.393 seconds
[2025-02-19T06:16:11.232+0000] {processor.py:161} INFO - Started process (PID=713) to work on /home/airflow/.local/lib/python3.10/site-packages/airflow/example_dags/example_sensor_decorator.py
[2025-02-19T06:16:11.235+0000] {processor.py:830} INFO - Processing file /home/airflow/.local/lib/python3.10/site-packages/airflow/example_dags/example_sensor_decorator.py for tasks to queue
[2025-02-19T06:16:11.238+0000] {logging_mixin.py:188} INFO - [2025-02-19T06:16:11.237+0000] {dagbag.py:538} INFO - Filling up the DagBag from /home/airflow/.local/lib/python3.10/site-packages/airflow/example_dags/example_sensor_decorator.py
[2025-02-19T06:16:11.274+0000] {processor.py:840} INFO - DAG(s) 'example_sensor_decorator' retrieved from /home/airflow/.local/lib/python3.10/site-packages/airflow/example_dags/example_sensor_decorator.py
[2025-02-19T06:16:11.387+0000] {logging_mixin.py:188} INFO - [2025-02-19T06:16:11.387+0000] {dag.py:3036} INFO - Sync 1 DAGs
[2025-02-19T06:16:11.466+0000] {logging_mixin.py:188} INFO - [2025-02-19T06:16:11.465+0000] {dag.py:3823} INFO - Setting next_dagrun for example_sensor_decorator to None, run_after=None
[2025-02-19T06:16:11.636+0000] {processor.py:183} INFO - Processing /home/airflow/.local/lib/python3.10/site-packages/airflow/example_dags/example_sensor_decorator.py took 0.420 seconds
[2025-02-19T06:17:24.336+0000] {processor.py:161} INFO - Started process (PID=747) to work on /home/airflow/.local/lib/python3.10/site-packages/airflow/example_dags/example_sensor_decorator.py
[2025-02-19T06:17:24.339+0000] {processor.py:830} INFO - Processing file /home/airflow/.local/lib/python3.10/site-packages/airflow/example_dags/example_sensor_decorator.py for tasks to queue
[2025-02-19T06:17:24.342+0000] {logging_mixin.py:188} INFO - [2025-02-19T06:17:24.341+0000] {dagbag.py:538} INFO - Filling up the DagBag from /home/airflow/.local/lib/python3.10/site-packages/airflow/example_dags/example_sensor_decorator.py
[2025-02-19T06:17:24.373+0000] {processor.py:840} INFO - DAG(s) 'example_sensor_decorator' retrieved from /home/airflow/.local/lib/python3.10/site-packages/airflow/example_dags/example_sensor_decorator.py
[2025-02-19T06:17:24.487+0000] {logging_mixin.py:188} INFO - [2025-02-19T06:17:24.486+0000] {dag.py:3036} INFO - Sync 1 DAGs
[2025-02-19T06:17:24.569+0000] {logging_mixin.py:188} INFO - [2025-02-19T06:17:24.569+0000] {dag.py:3823} INFO - Setting next_dagrun for example_sensor_decorator to None, run_after=None
[2025-02-19T06:17:24.747+0000] {processor.py:183} INFO - Processing /home/airflow/.local/lib/python3.10/site-packages/airflow/example_dags/example_sensor_decorator.py took 0.428 seconds
[2025-02-19T06:19:00.634+0000] {processor.py:161} INFO - Started process (PID=808) to work on /home/airflow/.local/lib/python3.10/site-packages/airflow/example_dags/example_sensor_decorator.py
[2025-02-19T06:19:00.638+0000] {processor.py:830} INFO - Processing file /home/airflow/.local/lib/python3.10/site-packages/airflow/example_dags/example_sensor_decorator.py for tasks to queue
[2025-02-19T06:19:00.640+0000] {logging_mixin.py:188} INFO - [2025-02-19T06:19:00.640+0000] {dagbag.py:538} INFO - Filling up the DagBag from /home/airflow/.local/lib/python3.10/site-packages/airflow/example_dags/example_sensor_decorator.py
[2025-02-19T06:19:00.657+0000] {processor.py:840} INFO - DAG(s) 'example_sensor_decorator' retrieved from /home/airflow/.local/lib/python3.10/site-packages/airflow/example_dags/example_sensor_decorator.py
[2025-02-19T06:19:00.716+0000] {logging_mixin.py:188} INFO - [2025-02-19T06:19:00.715+0000] {dag.py:3036} INFO - Sync 1 DAGs
[2025-02-19T06:19:00.752+0000] {logging_mixin.py:188} INFO - [2025-02-19T06:19:00.752+0000] {dag.py:3823} INFO - Setting next_dagrun for example_sensor_decorator to None, run_after=None
[2025-02-19T06:19:00.883+0000] {processor.py:183} INFO - Processing /home/airflow/.local/lib/python3.10/site-packages/airflow/example_dags/example_sensor_decorator.py took 0.255 seconds
[2025-02-19T06:20:33.773+0000] {processor.py:161} INFO - Started process (PID=867) to work on /home/airflow/.local/lib/python3.10/site-packages/airflow/example_dags/example_sensor_decorator.py
[2025-02-19T06:20:33.776+0000] {processor.py:830} INFO - Processing file /home/airflow/.local/lib/python3.10/site-packages/airflow/example_dags/example_sensor_decorator.py for tasks to queue
[2025-02-19T06:20:33.779+0000] {logging_mixin.py:188} INFO - [2025-02-19T06:20:33.778+0000] {dagbag.py:538} INFO - Filling up the DagBag from /home/airflow/.local/lib/python3.10/site-packages/airflow/example_dags/example_sensor_decorator.py
[2025-02-19T06:20:33.802+0000] {processor.py:840} INFO - DAG(s) 'example_sensor_decorator' retrieved from /home/airflow/.local/lib/python3.10/site-packages/airflow/example_dags/example_sensor_decorator.py
[2025-02-19T06:20:33.856+0000] {logging_mixin.py:188} INFO - [2025-02-19T06:20:33.855+0000] {dag.py:3036} INFO - Sync 1 DAGs
[2025-02-19T06:20:33.904+0000] {logging_mixin.py:188} INFO - [2025-02-19T06:20:33.904+0000] {dag.py:3823} INFO - Setting next_dagrun for example_sensor_decorator to None, run_after=None
[2025-02-19T06:20:34.043+0000] {processor.py:183} INFO - Processing /home/airflow/.local/lib/python3.10/site-packages/airflow/example_dags/example_sensor_decorator.py took 0.286 seconds
[2025-02-19T06:22:34.129+0000] {processor.py:161} INFO - Started process (PID=932) to work on /home/airflow/.local/lib/python3.10/site-packages/airflow/example_dags/example_sensor_decorator.py
[2025-02-19T06:22:34.132+0000] {processor.py:830} INFO - Processing file /home/airflow/.local/lib/python3.10/site-packages/airflow/example_dags/example_sensor_decorator.py for tasks to queue
[2025-02-19T06:22:34.135+0000] {logging_mixin.py:188} INFO - [2025-02-19T06:22:34.134+0000] {dagbag.py:538} INFO - Filling up the DagBag from /home/airflow/.local/lib/python3.10/site-packages/airflow/example_dags/example_sensor_decorator.py
[2025-02-19T06:22:34.168+0000] {processor.py:840} INFO - DAG(s) 'example_sensor_decorator' retrieved from /home/airflow/.local/lib/python3.10/site-packages/airflow/example_dags/example_sensor_decorator.py
[2025-02-19T06:22:34.268+0000] {logging_mixin.py:188} INFO - [2025-02-19T06:22:34.268+0000] {dag.py:3036} INFO - Sync 1 DAGs
[2025-02-19T06:22:34.330+0000] {logging_mixin.py:188} INFO - [2025-02-19T06:22:34.330+0000] {dag.py:3823} INFO - Setting next_dagrun for example_sensor_decorator to None, run_after=None
[2025-02-19T06:22:34.585+0000] {processor.py:183} INFO - Processing /home/airflow/.local/lib/python3.10/site-packages/airflow/example_dags/example_sensor_decorator.py took 0.467 seconds
[2025-02-19T06:24:48.884+0000] {processor.py:161} INFO - Started process (PID=1000) to work on /home/airflow/.local/lib/python3.10/site-packages/airflow/example_dags/example_sensor_decorator.py
[2025-02-19T06:24:48.887+0000] {processor.py:830} INFO - Processing file /home/airflow/.local/lib/python3.10/site-packages/airflow/example_dags/example_sensor_decorator.py for tasks to queue
[2025-02-19T06:24:48.891+0000] {logging_mixin.py:188} INFO - [2025-02-19T06:24:48.890+0000] {dagbag.py:538} INFO - Filling up the DagBag from /home/airflow/.local/lib/python3.10/site-packages/airflow/example_dags/example_sensor_decorator.py
[2025-02-19T06:24:48.916+0000] {processor.py:840} INFO - DAG(s) 'example_sensor_decorator' retrieved from /home/airflow/.local/lib/python3.10/site-packages/airflow/example_dags/example_sensor_decorator.py
[2025-02-19T06:24:48.992+0000] {logging_mixin.py:188} INFO - [2025-02-19T06:24:48.991+0000] {dag.py:3036} INFO - Sync 1 DAGs
[2025-02-19T06:24:49.038+0000] {logging_mixin.py:188} INFO - [2025-02-19T06:24:49.037+0000] {dag.py:3823} INFO - Setting next_dagrun for example_sensor_decorator to None, run_after=None
[2025-02-19T06:24:49.278+0000] {processor.py:183} INFO - Processing /home/airflow/.local/lib/python3.10/site-packages/airflow/example_dags/example_sensor_decorator.py took 0.407 seconds
[2025-02-19T06:26:44.759+0000] {processor.py:161} INFO - Started process (PID=1064) to work on /home/airflow/.local/lib/python3.10/site-packages/airflow/example_dags/example_sensor_decorator.py
[2025-02-19T06:26:44.762+0000] {processor.py:830} INFO - Processing file /home/airflow/.local/lib/python3.10/site-packages/airflow/example_dags/example_sensor_decorator.py for tasks to queue
[2025-02-19T06:26:44.765+0000] {logging_mixin.py:188} INFO - [2025-02-19T06:26:44.764+0000] {dagbag.py:538} INFO - Filling up the DagBag from /home/airflow/.local/lib/python3.10/site-packages/airflow/example_dags/example_sensor_decorator.py
[2025-02-19T06:26:44.800+0000] {processor.py:840} INFO - DAG(s) 'example_sensor_decorator' retrieved from /home/airflow/.local/lib/python3.10/site-packages/airflow/example_dags/example_sensor_decorator.py
[2025-02-19T06:26:44.925+0000] {logging_mixin.py:188} INFO - [2025-02-19T06:26:44.924+0000] {dag.py:3036} INFO - Sync 1 DAGs
[2025-02-19T06:26:45.025+0000] {logging_mixin.py:188} INFO - [2025-02-19T06:26:45.024+0000] {dag.py:3823} INFO - Setting next_dagrun for example_sensor_decorator to None, run_after=None
[2025-02-19T06:26:45.242+0000] {processor.py:183} INFO - Processing /home/airflow/.local/lib/python3.10/site-packages/airflow/example_dags/example_sensor_decorator.py took 0.502 seconds
[2025-02-19T06:30:20.574+0000] {processor.py:161} INFO - Started process (PID=49) to work on /home/airflow/.local/lib/python3.10/site-packages/airflow/example_dags/example_sensor_decorator.py
[2025-02-19T06:30:20.581+0000] {processor.py:830} INFO - Processing file /home/airflow/.local/lib/python3.10/site-packages/airflow/example_dags/example_sensor_decorator.py for tasks to queue
[2025-02-19T06:30:20.585+0000] {logging_mixin.py:188} INFO - [2025-02-19T06:30:20.584+0000] {dagbag.py:538} INFO - Filling up the DagBag from /home/airflow/.local/lib/python3.10/site-packages/airflow/example_dags/example_sensor_decorator.py
[2025-02-19T06:30:20.621+0000] {processor.py:840} INFO - DAG(s) 'example_sensor_decorator' retrieved from /home/airflow/.local/lib/python3.10/site-packages/airflow/example_dags/example_sensor_decorator.py
[2025-02-19T06:30:20.705+0000] {logging_mixin.py:188} INFO - [2025-02-19T06:30:20.704+0000] {dag.py:3036} INFO - Sync 1 DAGs
[2025-02-19T06:30:20.760+0000] {logging_mixin.py:188} INFO - [2025-02-19T06:30:20.759+0000] {dag.py:3823} INFO - Setting next_dagrun for example_sensor_decorator to None, run_after=None
[2025-02-19T06:30:20.983+0000] {processor.py:183} INFO - Processing /home/airflow/.local/lib/python3.10/site-packages/airflow/example_dags/example_sensor_decorator.py took 0.419 seconds
[2025-02-19T06:31:54.544+0000] {processor.py:161} INFO - Started process (PID=98) to work on /home/airflow/.local/lib/python3.10/site-packages/airflow/example_dags/example_sensor_decorator.py
[2025-02-19T06:31:54.554+0000] {processor.py:830} INFO - Processing file /home/airflow/.local/lib/python3.10/site-packages/airflow/example_dags/example_sensor_decorator.py for tasks to queue
[2025-02-19T06:31:54.562+0000] {logging_mixin.py:188} INFO - [2025-02-19T06:31:54.561+0000] {dagbag.py:538} INFO - Filling up the DagBag from /home/airflow/.local/lib/python3.10/site-packages/airflow/example_dags/example_sensor_decorator.py
[2025-02-19T06:31:54.584+0000] {processor.py:840} INFO - DAG(s) 'example_sensor_decorator' retrieved from /home/airflow/.local/lib/python3.10/site-packages/airflow/example_dags/example_sensor_decorator.py
[2025-02-19T06:31:54.681+0000] {logging_mixin.py:188} INFO - [2025-02-19T06:31:54.681+0000] {dag.py:3036} INFO - Sync 1 DAGs
[2025-02-19T06:31:54.747+0000] {logging_mixin.py:188} INFO - [2025-02-19T06:31:54.746+0000] {dag.py:3823} INFO - Setting next_dagrun for example_sensor_decorator to None, run_after=None
[2025-02-19T06:31:55.129+0000] {processor.py:183} INFO - Processing /home/airflow/.local/lib/python3.10/site-packages/airflow/example_dags/example_sensor_decorator.py took 0.594 seconds
[2025-02-19T06:34:09.810+0000] {processor.py:161} INFO - Started process (PID=166) to work on /home/airflow/.local/lib/python3.10/site-packages/airflow/example_dags/example_sensor_decorator.py
[2025-02-19T06:34:09.813+0000] {processor.py:830} INFO - Processing file /home/airflow/.local/lib/python3.10/site-packages/airflow/example_dags/example_sensor_decorator.py for tasks to queue
[2025-02-19T06:34:09.821+0000] {logging_mixin.py:188} INFO - [2025-02-19T06:34:09.819+0000] {dagbag.py:538} INFO - Filling up the DagBag from /home/airflow/.local/lib/python3.10/site-packages/airflow/example_dags/example_sensor_decorator.py
[2025-02-19T06:34:09.850+0000] {processor.py:840} INFO - DAG(s) 'example_sensor_decorator' retrieved from /home/airflow/.local/lib/python3.10/site-packages/airflow/example_dags/example_sensor_decorator.py
[2025-02-19T06:34:09.933+0000] {logging_mixin.py:188} INFO - [2025-02-19T06:34:09.932+0000] {dag.py:3036} INFO - Sync 1 DAGs
[2025-02-19T06:34:09.964+0000] {logging_mixin.py:188} INFO - [2025-02-19T06:34:09.963+0000] {dag.py:3823} INFO - Setting next_dagrun for example_sensor_decorator to None, run_after=None
[2025-02-19T06:34:10.116+0000] {processor.py:183} INFO - Processing /home/airflow/.local/lib/python3.10/site-packages/airflow/example_dags/example_sensor_decorator.py took 0.317 seconds
[2025-02-19T06:35:38.362+0000] {processor.py:161} INFO - Started process (PID=225) to work on /home/airflow/.local/lib/python3.10/site-packages/airflow/example_dags/example_sensor_decorator.py
[2025-02-19T06:35:38.365+0000] {processor.py:830} INFO - Processing file /home/airflow/.local/lib/python3.10/site-packages/airflow/example_dags/example_sensor_decorator.py for tasks to queue
[2025-02-19T06:35:38.368+0000] {logging_mixin.py:188} INFO - [2025-02-19T06:35:38.367+0000] {dagbag.py:538} INFO - Filling up the DagBag from /home/airflow/.local/lib/python3.10/site-packages/airflow/example_dags/example_sensor_decorator.py
[2025-02-19T06:35:38.385+0000] {processor.py:840} INFO - DAG(s) 'example_sensor_decorator' retrieved from /home/airflow/.local/lib/python3.10/site-packages/airflow/example_dags/example_sensor_decorator.py
[2025-02-19T06:35:38.453+0000] {logging_mixin.py:188} INFO - [2025-02-19T06:35:38.453+0000] {dag.py:3036} INFO - Sync 1 DAGs
[2025-02-19T06:35:38.497+0000] {logging_mixin.py:188} INFO - [2025-02-19T06:35:38.496+0000] {dag.py:3823} INFO - Setting next_dagrun for example_sensor_decorator to None, run_after=None
[2025-02-19T06:35:38.634+0000] {processor.py:183} INFO - Processing /home/airflow/.local/lib/python3.10/site-packages/airflow/example_dags/example_sensor_decorator.py took 0.281 seconds
[2025-02-19T06:37:37.308+0000] {processor.py:161} INFO - Started process (PID=290) to work on /home/airflow/.local/lib/python3.10/site-packages/airflow/example_dags/example_sensor_decorator.py
[2025-02-19T06:37:37.310+0000] {processor.py:830} INFO - Processing file /home/airflow/.local/lib/python3.10/site-packages/airflow/example_dags/example_sensor_decorator.py for tasks to queue
[2025-02-19T06:37:37.313+0000] {logging_mixin.py:188} INFO - [2025-02-19T06:37:37.312+0000] {dagbag.py:538} INFO - Filling up the DagBag from /home/airflow/.local/lib/python3.10/site-packages/airflow/example_dags/example_sensor_decorator.py
[2025-02-19T06:37:37.331+0000] {processor.py:840} INFO - DAG(s) 'example_sensor_decorator' retrieved from /home/airflow/.local/lib/python3.10/site-packages/airflow/example_dags/example_sensor_decorator.py
[2025-02-19T06:37:37.388+0000] {logging_mixin.py:188} INFO - [2025-02-19T06:37:37.387+0000] {dag.py:3036} INFO - Sync 1 DAGs
[2025-02-19T06:37:37.422+0000] {logging_mixin.py:188} INFO - [2025-02-19T06:37:37.421+0000] {dag.py:3823} INFO - Setting next_dagrun for example_sensor_decorator to None, run_after=None
[2025-02-19T06:37:37.537+0000] {processor.py:183} INFO - Processing /home/airflow/.local/lib/python3.10/site-packages/airflow/example_dags/example_sensor_decorator.py took 0.236 seconds
[2025-02-19T06:39:00.778+0000] {processor.py:161} INFO - Started process (PID=347) to work on /home/airflow/.local/lib/python3.10/site-packages/airflow/example_dags/example_sensor_decorator.py
[2025-02-19T06:39:00.788+0000] {processor.py:830} INFO - Processing file /home/airflow/.local/lib/python3.10/site-packages/airflow/example_dags/example_sensor_decorator.py for tasks to queue
[2025-02-19T06:39:00.792+0000] {logging_mixin.py:188} INFO - [2025-02-19T06:39:00.791+0000] {dagbag.py:538} INFO - Filling up the DagBag from /home/airflow/.local/lib/python3.10/site-packages/airflow/example_dags/example_sensor_decorator.py
[2025-02-19T06:39:00.834+0000] {processor.py:840} INFO - DAG(s) 'example_sensor_decorator' retrieved from /home/airflow/.local/lib/python3.10/site-packages/airflow/example_dags/example_sensor_decorator.py
[2025-02-19T06:39:01.243+0000] {logging_mixin.py:188} INFO - [2025-02-19T06:39:01.243+0000] {dag.py:3036} INFO - Sync 1 DAGs
[2025-02-19T06:39:01.433+0000] {logging_mixin.py:188} INFO - [2025-02-19T06:39:01.432+0000] {dag.py:3823} INFO - Setting next_dagrun for example_sensor_decorator to None, run_after=None
[2025-02-19T06:39:01.987+0000] {processor.py:183} INFO - Processing /home/airflow/.local/lib/python3.10/site-packages/airflow/example_dags/example_sensor_decorator.py took 1.228 seconds
[2025-02-19T06:40:35.617+0000] {processor.py:161} INFO - Started process (PID=382) to work on /home/airflow/.local/lib/python3.10/site-packages/airflow/example_dags/example_sensor_decorator.py
[2025-02-19T06:40:35.620+0000] {processor.py:830} INFO - Processing file /home/airflow/.local/lib/python3.10/site-packages/airflow/example_dags/example_sensor_decorator.py for tasks to queue
[2025-02-19T06:40:35.623+0000] {logging_mixin.py:188} INFO - [2025-02-19T06:40:35.622+0000] {dagbag.py:538} INFO - Filling up the DagBag from /home/airflow/.local/lib/python3.10/site-packages/airflow/example_dags/example_sensor_decorator.py
[2025-02-19T06:40:35.646+0000] {processor.py:840} INFO - DAG(s) 'example_sensor_decorator' retrieved from /home/airflow/.local/lib/python3.10/site-packages/airflow/example_dags/example_sensor_decorator.py
[2025-02-19T06:40:35.724+0000] {logging_mixin.py:188} INFO - [2025-02-19T06:40:35.723+0000] {dag.py:3036} INFO - Sync 1 DAGs
[2025-02-19T06:40:35.780+0000] {logging_mixin.py:188} INFO - [2025-02-19T06:40:35.779+0000] {dag.py:3823} INFO - Setting next_dagrun for example_sensor_decorator to None, run_after=None
[2025-02-19T06:40:35.995+0000] {processor.py:183} INFO - Processing /home/airflow/.local/lib/python3.10/site-packages/airflow/example_dags/example_sensor_decorator.py took 0.387 seconds
[2025-02-19T06:43:45.689+0000] {processor.py:161} INFO - Started process (PID=49) to work on /home/airflow/.local/lib/python3.10/site-packages/airflow/example_dags/example_sensor_decorator.py
[2025-02-19T06:43:45.700+0000] {processor.py:830} INFO - Processing file /home/airflow/.local/lib/python3.10/site-packages/airflow/example_dags/example_sensor_decorator.py for tasks to queue
[2025-02-19T06:43:45.706+0000] {logging_mixin.py:188} INFO - [2025-02-19T06:43:45.705+0000] {dagbag.py:538} INFO - Filling up the DagBag from /home/airflow/.local/lib/python3.10/site-packages/airflow/example_dags/example_sensor_decorator.py
[2025-02-19T06:43:45.750+0000] {processor.py:840} INFO - DAG(s) 'example_sensor_decorator' retrieved from /home/airflow/.local/lib/python3.10/site-packages/airflow/example_dags/example_sensor_decorator.py
[2025-02-19T06:43:45.829+0000] {logging_mixin.py:188} INFO - [2025-02-19T06:43:45.828+0000] {dag.py:3036} INFO - Sync 1 DAGs
[2025-02-19T06:43:45.858+0000] {logging_mixin.py:188} INFO - [2025-02-19T06:43:45.858+0000] {dag.py:3823} INFO - Setting next_dagrun for example_sensor_decorator to None, run_after=None
[2025-02-19T06:43:46.016+0000] {processor.py:183} INFO - Processing /home/airflow/.local/lib/python3.10/site-packages/airflow/example_dags/example_sensor_decorator.py took 0.337 seconds
[2025-02-19T06:45:08.954+0000] {processor.py:161} INFO - Started process (PID=98) to work on /home/airflow/.local/lib/python3.10/site-packages/airflow/example_dags/example_sensor_decorator.py
[2025-02-19T06:45:08.966+0000] {processor.py:830} INFO - Processing file /home/airflow/.local/lib/python3.10/site-packages/airflow/example_dags/example_sensor_decorator.py for tasks to queue
[2025-02-19T06:45:08.971+0000] {logging_mixin.py:188} INFO - [2025-02-19T06:45:08.970+0000] {dagbag.py:538} INFO - Filling up the DagBag from /home/airflow/.local/lib/python3.10/site-packages/airflow/example_dags/example_sensor_decorator.py
[2025-02-19T06:45:09.021+0000] {processor.py:840} INFO - DAG(s) 'example_sensor_decorator' retrieved from /home/airflow/.local/lib/python3.10/site-packages/airflow/example_dags/example_sensor_decorator.py
[2025-02-19T06:45:09.224+0000] {logging_mixin.py:188} INFO - [2025-02-19T06:45:09.223+0000] {dag.py:3036} INFO - Sync 1 DAGs
[2025-02-19T06:45:09.295+0000] {logging_mixin.py:188} INFO - [2025-02-19T06:45:09.295+0000] {dag.py:3823} INFO - Setting next_dagrun for example_sensor_decorator to None, run_after=None
[2025-02-19T06:45:09.599+0000] {processor.py:183} INFO - Processing /home/airflow/.local/lib/python3.10/site-packages/airflow/example_dags/example_sensor_decorator.py took 0.688 seconds
[2025-02-19T06:46:50.250+0000] {processor.py:161} INFO - Started process (PID=161) to work on /home/airflow/.local/lib/python3.10/site-packages/airflow/example_dags/example_sensor_decorator.py
[2025-02-19T06:46:50.252+0000] {processor.py:830} INFO - Processing file /home/airflow/.local/lib/python3.10/site-packages/airflow/example_dags/example_sensor_decorator.py for tasks to queue
[2025-02-19T06:46:50.254+0000] {logging_mixin.py:188} INFO - [2025-02-19T06:46:50.253+0000] {dagbag.py:538} INFO - Filling up the DagBag from /home/airflow/.local/lib/python3.10/site-packages/airflow/example_dags/example_sensor_decorator.py
[2025-02-19T06:46:50.264+0000] {processor.py:840} INFO - DAG(s) 'example_sensor_decorator' retrieved from /home/airflow/.local/lib/python3.10/site-packages/airflow/example_dags/example_sensor_decorator.py
[2025-02-19T06:46:50.304+0000] {logging_mixin.py:188} INFO - [2025-02-19T06:46:50.304+0000] {dag.py:3036} INFO - Sync 1 DAGs
[2025-02-19T06:46:50.324+0000] {logging_mixin.py:188} INFO - [2025-02-19T06:46:50.324+0000] {dag.py:3823} INFO - Setting next_dagrun for example_sensor_decorator to None, run_after=None
[2025-02-19T06:46:50.426+0000] {processor.py:183} INFO - Processing /home/airflow/.local/lib/python3.10/site-packages/airflow/example_dags/example_sensor_decorator.py took 0.180 seconds
[2025-02-19T06:48:36.123+0000] {processor.py:161} INFO - Started process (PID=222) to work on /home/airflow/.local/lib/python3.10/site-packages/airflow/example_dags/example_sensor_decorator.py
[2025-02-19T06:48:36.125+0000] {processor.py:830} INFO - Processing file /home/airflow/.local/lib/python3.10/site-packages/airflow/example_dags/example_sensor_decorator.py for tasks to queue
[2025-02-19T06:48:36.128+0000] {logging_mixin.py:188} INFO - [2025-02-19T06:48:36.127+0000] {dagbag.py:538} INFO - Filling up the DagBag from /home/airflow/.local/lib/python3.10/site-packages/airflow/example_dags/example_sensor_decorator.py
[2025-02-19T06:48:36.139+0000] {processor.py:840} INFO - DAG(s) 'example_sensor_decorator' retrieved from /home/airflow/.local/lib/python3.10/site-packages/airflow/example_dags/example_sensor_decorator.py
[2025-02-19T06:48:36.184+0000] {logging_mixin.py:188} INFO - [2025-02-19T06:48:36.184+0000] {dag.py:3036} INFO - Sync 1 DAGs
[2025-02-19T06:48:36.210+0000] {logging_mixin.py:188} INFO - [2025-02-19T06:48:36.210+0000] {dag.py:3823} INFO - Setting next_dagrun for example_sensor_decorator to None, run_after=None
[2025-02-19T06:48:36.340+0000] {processor.py:183} INFO - Processing /home/airflow/.local/lib/python3.10/site-packages/airflow/example_dags/example_sensor_decorator.py took 0.222 seconds
[2025-02-19T06:50:20.861+0000] {processor.py:161} INFO - Started process (PID=283) to work on /home/airflow/.local/lib/python3.10/site-packages/airflow/example_dags/example_sensor_decorator.py
[2025-02-19T06:50:20.864+0000] {processor.py:830} INFO - Processing file /home/airflow/.local/lib/python3.10/site-packages/airflow/example_dags/example_sensor_decorator.py for tasks to queue
[2025-02-19T06:50:20.867+0000] {logging_mixin.py:188} INFO - [2025-02-19T06:50:20.866+0000] {dagbag.py:538} INFO - Filling up the DagBag from /home/airflow/.local/lib/python3.10/site-packages/airflow/example_dags/example_sensor_decorator.py
[2025-02-19T06:50:20.879+0000] {processor.py:840} INFO - DAG(s) 'example_sensor_decorator' retrieved from /home/airflow/.local/lib/python3.10/site-packages/airflow/example_dags/example_sensor_decorator.py
[2025-02-19T06:50:20.924+0000] {logging_mixin.py:188} INFO - [2025-02-19T06:50:20.924+0000] {dag.py:3036} INFO - Sync 1 DAGs
[2025-02-19T06:50:20.950+0000] {logging_mixin.py:188} INFO - [2025-02-19T06:50:20.950+0000] {dag.py:3823} INFO - Setting next_dagrun for example_sensor_decorator to None, run_after=None
[2025-02-19T06:50:21.090+0000] {processor.py:183} INFO - Processing /home/airflow/.local/lib/python3.10/site-packages/airflow/example_dags/example_sensor_decorator.py took 0.234 seconds
[2025-02-19T06:52:01.577+0000] {processor.py:161} INFO - Started process (PID=345) to work on /home/airflow/.local/lib/python3.10/site-packages/airflow/example_dags/example_sensor_decorator.py
[2025-02-19T06:52:01.590+0000] {processor.py:830} INFO - Processing file /home/airflow/.local/lib/python3.10/site-packages/airflow/example_dags/example_sensor_decorator.py for tasks to queue
[2025-02-19T06:52:01.600+0000] {logging_mixin.py:188} INFO - [2025-02-19T06:52:01.599+0000] {dagbag.py:538} INFO - Filling up the DagBag from /home/airflow/.local/lib/python3.10/site-packages/airflow/example_dags/example_sensor_decorator.py
[2025-02-19T06:52:01.629+0000] {processor.py:840} INFO - DAG(s) 'example_sensor_decorator' retrieved from /home/airflow/.local/lib/python3.10/site-packages/airflow/example_dags/example_sensor_decorator.py
[2025-02-19T06:52:01.861+0000] {logging_mixin.py:188} INFO - [2025-02-19T06:52:01.858+0000] {dag.py:3036} INFO - Sync 1 DAGs
[2025-02-19T06:52:01.980+0000] {logging_mixin.py:188} INFO - [2025-02-19T06:52:01.979+0000] {dag.py:3823} INFO - Setting next_dagrun for example_sensor_decorator to None, run_after=None
[2025-02-19T06:52:02.260+0000] {processor.py:183} INFO - Processing /home/airflow/.local/lib/python3.10/site-packages/airflow/example_dags/example_sensor_decorator.py took 0.691 seconds
[2025-02-19T06:53:44.397+0000] {processor.py:161} INFO - Started process (PID=407) to work on /home/airflow/.local/lib/python3.10/site-packages/airflow/example_dags/example_sensor_decorator.py
[2025-02-19T06:53:44.405+0000] {processor.py:830} INFO - Processing file /home/airflow/.local/lib/python3.10/site-packages/airflow/example_dags/example_sensor_decorator.py for tasks to queue
[2025-02-19T06:53:44.411+0000] {logging_mixin.py:188} INFO - [2025-02-19T06:53:44.410+0000] {dagbag.py:538} INFO - Filling up the DagBag from /home/airflow/.local/lib/python3.10/site-packages/airflow/example_dags/example_sensor_decorator.py
[2025-02-19T06:53:44.461+0000] {processor.py:840} INFO - DAG(s) 'example_sensor_decorator' retrieved from /home/airflow/.local/lib/python3.10/site-packages/airflow/example_dags/example_sensor_decorator.py
[2025-02-19T06:53:44.576+0000] {logging_mixin.py:188} INFO - [2025-02-19T06:53:44.575+0000] {dag.py:3036} INFO - Sync 1 DAGs
[2025-02-19T06:53:44.629+0000] {logging_mixin.py:188} INFO - [2025-02-19T06:53:44.628+0000] {dag.py:3823} INFO - Setting next_dagrun for example_sensor_decorator to None, run_after=None
[2025-02-19T06:53:44.789+0000] {processor.py:183} INFO - Processing /home/airflow/.local/lib/python3.10/site-packages/airflow/example_dags/example_sensor_decorator.py took 0.402 seconds
[2025-02-19T06:55:08.628+0000] {processor.py:161} INFO - Started process (PID=465) to work on /home/airflow/.local/lib/python3.10/site-packages/airflow/example_dags/example_sensor_decorator.py
[2025-02-19T06:55:08.630+0000] {processor.py:830} INFO - Processing file /home/airflow/.local/lib/python3.10/site-packages/airflow/example_dags/example_sensor_decorator.py for tasks to queue
[2025-02-19T06:55:08.632+0000] {logging_mixin.py:188} INFO - [2025-02-19T06:55:08.631+0000] {dagbag.py:538} INFO - Filling up the DagBag from /home/airflow/.local/lib/python3.10/site-packages/airflow/example_dags/example_sensor_decorator.py
[2025-02-19T06:55:08.647+0000] {processor.py:840} INFO - DAG(s) 'example_sensor_decorator' retrieved from /home/airflow/.local/lib/python3.10/site-packages/airflow/example_dags/example_sensor_decorator.py
[2025-02-19T06:55:08.710+0000] {logging_mixin.py:188} INFO - [2025-02-19T06:55:08.710+0000] {dag.py:3036} INFO - Sync 1 DAGs
[2025-02-19T06:55:08.767+0000] {logging_mixin.py:188} INFO - [2025-02-19T06:55:08.766+0000] {dag.py:3823} INFO - Setting next_dagrun for example_sensor_decorator to None, run_after=None
[2025-02-19T06:55:08.971+0000] {processor.py:183} INFO - Processing /home/airflow/.local/lib/python3.10/site-packages/airflow/example_dags/example_sensor_decorator.py took 0.349 seconds
[2025-02-19T06:56:31.087+0000] {processor.py:161} INFO - Started process (PID=521) to work on /home/airflow/.local/lib/python3.10/site-packages/airflow/example_dags/example_sensor_decorator.py
[2025-02-19T06:56:31.089+0000] {processor.py:830} INFO - Processing file /home/airflow/.local/lib/python3.10/site-packages/airflow/example_dags/example_sensor_decorator.py for tasks to queue
[2025-02-19T06:56:31.100+0000] {logging_mixin.py:188} INFO - [2025-02-19T06:56:31.099+0000] {dagbag.py:538} INFO - Filling up the DagBag from /home/airflow/.local/lib/python3.10/site-packages/airflow/example_dags/example_sensor_decorator.py
[2025-02-19T06:56:31.126+0000] {processor.py:840} INFO - DAG(s) 'example_sensor_decorator' retrieved from /home/airflow/.local/lib/python3.10/site-packages/airflow/example_dags/example_sensor_decorator.py
[2025-02-19T06:56:31.189+0000] {logging_mixin.py:188} INFO - [2025-02-19T06:56:31.189+0000] {dag.py:3036} INFO - Sync 1 DAGs
[2025-02-19T06:56:31.233+0000] {logging_mixin.py:188} INFO - [2025-02-19T06:56:31.233+0000] {dag.py:3823} INFO - Setting next_dagrun for example_sensor_decorator to None, run_after=None
[2025-02-19T06:56:31.361+0000] {processor.py:183} INFO - Processing /home/airflow/.local/lib/python3.10/site-packages/airflow/example_dags/example_sensor_decorator.py took 0.280 seconds
[2025-02-19T06:58:11.773+0000] {processor.py:161} INFO - Started process (PID=582) to work on /home/airflow/.local/lib/python3.10/site-packages/airflow/example_dags/example_sensor_decorator.py
[2025-02-19T06:58:11.776+0000] {processor.py:830} INFO - Processing file /home/airflow/.local/lib/python3.10/site-packages/airflow/example_dags/example_sensor_decorator.py for tasks to queue
[2025-02-19T06:58:11.780+0000] {logging_mixin.py:188} INFO - [2025-02-19T06:58:11.778+0000] {dagbag.py:538} INFO - Filling up the DagBag from /home/airflow/.local/lib/python3.10/site-packages/airflow/example_dags/example_sensor_decorator.py
[2025-02-19T06:58:11.801+0000] {processor.py:840} INFO - DAG(s) 'example_sensor_decorator' retrieved from /home/airflow/.local/lib/python3.10/site-packages/airflow/example_dags/example_sensor_decorator.py
[2025-02-19T06:58:11.866+0000] {logging_mixin.py:188} INFO - [2025-02-19T06:58:11.865+0000] {dag.py:3036} INFO - Sync 1 DAGs
[2025-02-19T06:58:11.904+0000] {logging_mixin.py:188} INFO - [2025-02-19T06:58:11.904+0000] {dag.py:3823} INFO - Setting next_dagrun for example_sensor_decorator to None, run_after=None
[2025-02-19T06:58:12.093+0000] {processor.py:183} INFO - Processing /home/airflow/.local/lib/python3.10/site-packages/airflow/example_dags/example_sensor_decorator.py took 0.330 seconds
[2025-02-19T06:59:46.485+0000] {processor.py:161} INFO - Started process (PID=641) to work on /home/airflow/.local/lib/python3.10/site-packages/airflow/example_dags/example_sensor_decorator.py
[2025-02-19T06:59:46.497+0000] {processor.py:830} INFO - Processing file /home/airflow/.local/lib/python3.10/site-packages/airflow/example_dags/example_sensor_decorator.py for tasks to queue
[2025-02-19T06:59:46.501+0000] {logging_mixin.py:188} INFO - [2025-02-19T06:59:46.500+0000] {dagbag.py:538} INFO - Filling up the DagBag from /home/airflow/.local/lib/python3.10/site-packages/airflow/example_dags/example_sensor_decorator.py
[2025-02-19T06:59:46.548+0000] {processor.py:840} INFO - DAG(s) 'example_sensor_decorator' retrieved from /home/airflow/.local/lib/python3.10/site-packages/airflow/example_dags/example_sensor_decorator.py
[2025-02-19T06:59:46.708+0000] {logging_mixin.py:188} INFO - [2025-02-19T06:59:46.708+0000] {dag.py:3036} INFO - Sync 1 DAGs
[2025-02-19T06:59:46.804+0000] {logging_mixin.py:188} INFO - [2025-02-19T06:59:46.803+0000] {dag.py:3823} INFO - Setting next_dagrun for example_sensor_decorator to None, run_after=None
[2025-02-19T06:59:47.039+0000] {processor.py:183} INFO - Processing /home/airflow/.local/lib/python3.10/site-packages/airflow/example_dags/example_sensor_decorator.py took 0.563 seconds
[2025-02-19T07:01:30.799+0000] {processor.py:161} INFO - Started process (PID=705) to work on /home/airflow/.local/lib/python3.10/site-packages/airflow/example_dags/example_sensor_decorator.py
[2025-02-19T07:01:30.801+0000] {processor.py:830} INFO - Processing file /home/airflow/.local/lib/python3.10/site-packages/airflow/example_dags/example_sensor_decorator.py for tasks to queue
[2025-02-19T07:01:30.804+0000] {logging_mixin.py:188} INFO - [2025-02-19T07:01:30.803+0000] {dagbag.py:538} INFO - Filling up the DagBag from /home/airflow/.local/lib/python3.10/site-packages/airflow/example_dags/example_sensor_decorator.py
[2025-02-19T07:01:30.815+0000] {processor.py:840} INFO - DAG(s) 'example_sensor_decorator' retrieved from /home/airflow/.local/lib/python3.10/site-packages/airflow/example_dags/example_sensor_decorator.py
[2025-02-19T07:01:30.864+0000] {logging_mixin.py:188} INFO - [2025-02-19T07:01:30.863+0000] {dag.py:3036} INFO - Sync 1 DAGs
[2025-02-19T07:01:30.895+0000] {logging_mixin.py:188} INFO - [2025-02-19T07:01:30.895+0000] {dag.py:3823} INFO - Setting next_dagrun for example_sensor_decorator to None, run_after=None
[2025-02-19T07:01:31.005+0000] {processor.py:183} INFO - Processing /home/airflow/.local/lib/python3.10/site-packages/airflow/example_dags/example_sensor_decorator.py took 0.211 seconds
[2025-02-19T07:03:11.860+0000] {processor.py:161} INFO - Started process (PID=767) to work on /home/airflow/.local/lib/python3.10/site-packages/airflow/example_dags/example_sensor_decorator.py
[2025-02-19T07:03:11.862+0000] {processor.py:830} INFO - Processing file /home/airflow/.local/lib/python3.10/site-packages/airflow/example_dags/example_sensor_decorator.py for tasks to queue
[2025-02-19T07:03:11.864+0000] {logging_mixin.py:188} INFO - [2025-02-19T07:03:11.864+0000] {dagbag.py:538} INFO - Filling up the DagBag from /home/airflow/.local/lib/python3.10/site-packages/airflow/example_dags/example_sensor_decorator.py
[2025-02-19T07:03:11.876+0000] {processor.py:840} INFO - DAG(s) 'example_sensor_decorator' retrieved from /home/airflow/.local/lib/python3.10/site-packages/airflow/example_dags/example_sensor_decorator.py
[2025-02-19T07:03:11.924+0000] {logging_mixin.py:188} INFO - [2025-02-19T07:03:11.924+0000] {dag.py:3036} INFO - Sync 1 DAGs
[2025-02-19T07:03:11.956+0000] {logging_mixin.py:188} INFO - [2025-02-19T07:03:11.955+0000] {dag.py:3823} INFO - Setting next_dagrun for example_sensor_decorator to None, run_after=None
[2025-02-19T07:03:12.136+0000] {processor.py:183} INFO - Processing /home/airflow/.local/lib/python3.10/site-packages/airflow/example_dags/example_sensor_decorator.py took 0.283 seconds
[2025-02-19T07:05:28.839+0000] {processor.py:161} INFO - Started process (PID=827) to work on /home/airflow/.local/lib/python3.10/site-packages/airflow/example_dags/example_sensor_decorator.py
[2025-02-19T07:05:28.847+0000] {processor.py:830} INFO - Processing file /home/airflow/.local/lib/python3.10/site-packages/airflow/example_dags/example_sensor_decorator.py for tasks to queue
[2025-02-19T07:05:28.854+0000] {logging_mixin.py:188} INFO - [2025-02-19T07:05:28.852+0000] {dagbag.py:538} INFO - Filling up the DagBag from /home/airflow/.local/lib/python3.10/site-packages/airflow/example_dags/example_sensor_decorator.py
[2025-02-19T07:05:28.906+0000] {processor.py:840} INFO - DAG(s) 'example_sensor_decorator' retrieved from /home/airflow/.local/lib/python3.10/site-packages/airflow/example_dags/example_sensor_decorator.py
[2025-02-19T07:05:29.018+0000] {logging_mixin.py:188} INFO - [2025-02-19T07:05:29.017+0000] {dag.py:3036} INFO - Sync 1 DAGs
[2025-02-19T07:05:29.145+0000] {logging_mixin.py:188} INFO - [2025-02-19T07:05:29.145+0000] {dag.py:3823} INFO - Setting next_dagrun for example_sensor_decorator to None, run_after=None
[2025-02-19T07:05:29.449+0000] {processor.py:183} INFO - Processing /home/airflow/.local/lib/python3.10/site-packages/airflow/example_dags/example_sensor_decorator.py took 0.632 seconds
[2025-02-19T07:06:49.335+0000] {processor.py:161} INFO - Started process (PID=859) to work on /home/airflow/.local/lib/python3.10/site-packages/airflow/example_dags/example_sensor_decorator.py
[2025-02-19T07:06:49.356+0000] {processor.py:830} INFO - Processing file /home/airflow/.local/lib/python3.10/site-packages/airflow/example_dags/example_sensor_decorator.py for tasks to queue
[2025-02-19T07:06:49.359+0000] {logging_mixin.py:188} INFO - [2025-02-19T07:06:49.358+0000] {dagbag.py:538} INFO - Filling up the DagBag from /home/airflow/.local/lib/python3.10/site-packages/airflow/example_dags/example_sensor_decorator.py
[2025-02-19T07:06:49.397+0000] {processor.py:840} INFO - DAG(s) 'example_sensor_decorator' retrieved from /home/airflow/.local/lib/python3.10/site-packages/airflow/example_dags/example_sensor_decorator.py
[2025-02-19T07:06:49.655+0000] {logging_mixin.py:188} INFO - [2025-02-19T07:06:49.655+0000] {dag.py:3036} INFO - Sync 1 DAGs
[2025-02-19T07:06:49.740+0000] {logging_mixin.py:188} INFO - [2025-02-19T07:06:49.734+0000] {dag.py:3823} INFO - Setting next_dagrun for example_sensor_decorator to None, run_after=None
[2025-02-19T07:06:50.132+0000] {processor.py:183} INFO - Processing /home/airflow/.local/lib/python3.10/site-packages/airflow/example_dags/example_sensor_decorator.py took 0.806 seconds
