[2025-02-19T05:56:14.302+0000] {processor.py:161} INFO - Started process (PID=57) to work on /home/airflow/.local/lib/python3.10/site-packages/airflow/example_dags/example_branch_labels.py
[2025-02-19T05:56:14.306+0000] {processor.py:830} INFO - Processing file /home/airflow/.local/lib/python3.10/site-packages/airflow/example_dags/example_branch_labels.py for tasks to queue
[2025-02-19T05:56:14.317+0000] {logging_mixin.py:188} INFO - [2025-02-19T05:56:14.316+0000] {dagbag.py:538} INFO - Filling up the DagBag from /home/airflow/.local/lib/python3.10/site-packages/airflow/example_dags/example_branch_labels.py
[2025-02-19T05:56:14.370+0000] {processor.py:840} INFO - DAG(s) 'example_branch_labels' retrieved from /home/airflow/.local/lib/python3.10/site-packages/airflow/example_dags/example_branch_labels.py
[2025-02-19T05:56:14.523+0000] {logging_mixin.py:188} INFO - [2025-02-19T05:56:14.522+0000] {dag.py:3036} INFO - Sync 1 DAGs
[2025-02-19T05:56:14.694+0000] {logging_mixin.py:188} INFO - [2025-02-19T05:56:14.693+0000] {dag.py:3823} INFO - Setting next_dagrun for example_branch_labels to 2025-02-18 00:00:00+00:00, run_after=2025-02-19 00:00:00+00:00
[2025-02-19T05:56:14.980+0000] {processor.py:183} INFO - Processing /home/airflow/.local/lib/python3.10/site-packages/airflow/example_dags/example_branch_labels.py took 0.694 seconds
[2025-02-19T05:58:44.933+0000] {processor.py:161} INFO - Started process (PID=106) to work on /home/airflow/.local/lib/python3.10/site-packages/airflow/example_dags/example_branch_labels.py
[2025-02-19T05:58:44.937+0000] {processor.py:830} INFO - Processing file /home/airflow/.local/lib/python3.10/site-packages/airflow/example_dags/example_branch_labels.py for tasks to queue
[2025-02-19T05:58:44.947+0000] {logging_mixin.py:188} INFO - [2025-02-19T05:58:44.946+0000] {dagbag.py:538} INFO - Filling up the DagBag from /home/airflow/.local/lib/python3.10/site-packages/airflow/example_dags/example_branch_labels.py
[2025-02-19T05:58:44.998+0000] {processor.py:840} INFO - DAG(s) 'example_branch_labels' retrieved from /home/airflow/.local/lib/python3.10/site-packages/airflow/example_dags/example_branch_labels.py
[2025-02-19T05:58:45.145+0000] {logging_mixin.py:188} INFO - [2025-02-19T05:58:45.144+0000] {dag.py:3036} INFO - Sync 1 DAGs
[2025-02-19T05:58:45.352+0000] {logging_mixin.py:188} INFO - [2025-02-19T05:58:45.352+0000] {dag.py:3823} INFO - Setting next_dagrun for example_branch_labels to 2025-02-18 00:00:00+00:00, run_after=2025-02-19 00:00:00+00:00
[2025-02-19T05:58:45.665+0000] {processor.py:183} INFO - Processing /home/airflow/.local/lib/python3.10/site-packages/airflow/example_dags/example_branch_labels.py took 0.745 seconds
[2025-02-19T06:00:46.199+0000] {processor.py:161} INFO - Started process (PID=172) to work on /home/airflow/.local/lib/python3.10/site-packages/airflow/example_dags/example_branch_labels.py
[2025-02-19T06:00:46.209+0000] {processor.py:830} INFO - Processing file /home/airflow/.local/lib/python3.10/site-packages/airflow/example_dags/example_branch_labels.py for tasks to queue
[2025-02-19T06:00:46.213+0000] {logging_mixin.py:188} INFO - [2025-02-19T06:00:46.212+0000] {dagbag.py:538} INFO - Filling up the DagBag from /home/airflow/.local/lib/python3.10/site-packages/airflow/example_dags/example_branch_labels.py
[2025-02-19T06:00:46.256+0000] {processor.py:840} INFO - DAG(s) 'example_branch_labels' retrieved from /home/airflow/.local/lib/python3.10/site-packages/airflow/example_dags/example_branch_labels.py
[2025-02-19T06:00:46.346+0000] {logging_mixin.py:188} INFO - [2025-02-19T06:00:46.345+0000] {dag.py:3036} INFO - Sync 1 DAGs
[2025-02-19T06:00:46.443+0000] {logging_mixin.py:188} INFO - [2025-02-19T06:00:46.442+0000] {dag.py:3823} INFO - Setting next_dagrun for example_branch_labels to 2025-02-18 00:00:00+00:00, run_after=2025-02-19 00:00:00+00:00
[2025-02-19T06:00:46.754+0000] {processor.py:183} INFO - Processing /home/airflow/.local/lib/python3.10/site-packages/airflow/example_dags/example_branch_labels.py took 0.563 seconds
[2025-02-19T06:02:42.974+0000] {processor.py:161} INFO - Started process (PID=238) to work on /home/airflow/.local/lib/python3.10/site-packages/airflow/example_dags/example_branch_labels.py
[2025-02-19T06:02:42.977+0000] {processor.py:830} INFO - Processing file /home/airflow/.local/lib/python3.10/site-packages/airflow/example_dags/example_branch_labels.py for tasks to queue
[2025-02-19T06:02:42.981+0000] {logging_mixin.py:188} INFO - [2025-02-19T06:02:42.980+0000] {dagbag.py:538} INFO - Filling up the DagBag from /home/airflow/.local/lib/python3.10/site-packages/airflow/example_dags/example_branch_labels.py
[2025-02-19T06:02:43.002+0000] {processor.py:840} INFO - DAG(s) 'example_branch_labels' retrieved from /home/airflow/.local/lib/python3.10/site-packages/airflow/example_dags/example_branch_labels.py
[2025-02-19T06:02:43.065+0000] {logging_mixin.py:188} INFO - [2025-02-19T06:02:43.065+0000] {dag.py:3036} INFO - Sync 1 DAGs
[2025-02-19T06:02:43.137+0000] {logging_mixin.py:188} INFO - [2025-02-19T06:02:43.136+0000] {dag.py:3823} INFO - Setting next_dagrun for example_branch_labels to 2025-02-18 00:00:00+00:00, run_after=2025-02-19 00:00:00+00:00
[2025-02-19T06:02:43.293+0000] {processor.py:183} INFO - Processing /home/airflow/.local/lib/python3.10/site-packages/airflow/example_dags/example_branch_labels.py took 0.325 seconds
[2025-02-19T06:04:21.206+0000] {processor.py:161} INFO - Started process (PID=299) to work on /home/airflow/.local/lib/python3.10/site-packages/airflow/example_dags/example_branch_labels.py
[2025-02-19T06:04:21.219+0000] {processor.py:830} INFO - Processing file /home/airflow/.local/lib/python3.10/site-packages/airflow/example_dags/example_branch_labels.py for tasks to queue
[2025-02-19T06:04:21.234+0000] {logging_mixin.py:188} INFO - [2025-02-19T06:04:21.233+0000] {dagbag.py:538} INFO - Filling up the DagBag from /home/airflow/.local/lib/python3.10/site-packages/airflow/example_dags/example_branch_labels.py
[2025-02-19T06:04:21.276+0000] {processor.py:840} INFO - DAG(s) 'example_branch_labels' retrieved from /home/airflow/.local/lib/python3.10/site-packages/airflow/example_dags/example_branch_labels.py
[2025-02-19T06:04:21.411+0000] {logging_mixin.py:188} INFO - [2025-02-19T06:04:21.411+0000] {dag.py:3036} INFO - Sync 1 DAGs
[2025-02-19T06:04:21.524+0000] {logging_mixin.py:188} INFO - [2025-02-19T06:04:21.524+0000] {dag.py:3823} INFO - Setting next_dagrun for example_branch_labels to 2025-02-18 00:00:00+00:00, run_after=2025-02-19 00:00:00+00:00
[2025-02-19T06:04:21.667+0000] {processor.py:183} INFO - Processing /home/airflow/.local/lib/python3.10/site-packages/airflow/example_dags/example_branch_labels.py took 0.482 seconds
[2025-02-19T06:06:06.528+0000] {processor.py:161} INFO - Started process (PID=363) to work on /home/airflow/.local/lib/python3.10/site-packages/airflow/example_dags/example_branch_labels.py
[2025-02-19T06:06:06.531+0000] {processor.py:830} INFO - Processing file /home/airflow/.local/lib/python3.10/site-packages/airflow/example_dags/example_branch_labels.py for tasks to queue
[2025-02-19T06:06:06.534+0000] {logging_mixin.py:188} INFO - [2025-02-19T06:06:06.533+0000] {dagbag.py:538} INFO - Filling up the DagBag from /home/airflow/.local/lib/python3.10/site-packages/airflow/example_dags/example_branch_labels.py
[2025-02-19T06:06:06.592+0000] {processor.py:840} INFO - DAG(s) 'example_branch_labels' retrieved from /home/airflow/.local/lib/python3.10/site-packages/airflow/example_dags/example_branch_labels.py
[2025-02-19T06:06:06.838+0000] {logging_mixin.py:188} INFO - [2025-02-19T06:06:06.832+0000] {dag.py:3036} INFO - Sync 1 DAGs
[2025-02-19T06:06:08.176+0000] {logging_mixin.py:188} INFO - [2025-02-19T06:06:08.175+0000] {dag.py:3823} INFO - Setting next_dagrun for example_branch_labels to 2025-02-18 00:00:00+00:00, run_after=2025-02-19 00:00:00+00:00
[2025-02-19T06:06:08.692+0000] {processor.py:183} INFO - Processing /home/airflow/.local/lib/python3.10/site-packages/airflow/example_dags/example_branch_labels.py took 2.176 seconds
[2025-02-19T06:07:51.056+0000] {processor.py:161} INFO - Started process (PID=409) to work on /home/airflow/.local/lib/python3.10/site-packages/airflow/example_dags/example_branch_labels.py
[2025-02-19T06:07:51.058+0000] {processor.py:830} INFO - Processing file /home/airflow/.local/lib/python3.10/site-packages/airflow/example_dags/example_branch_labels.py for tasks to queue
[2025-02-19T06:07:51.062+0000] {logging_mixin.py:188} INFO - [2025-02-19T06:07:51.060+0000] {dagbag.py:538} INFO - Filling up the DagBag from /home/airflow/.local/lib/python3.10/site-packages/airflow/example_dags/example_branch_labels.py
[2025-02-19T06:07:51.087+0000] {processor.py:840} INFO - DAG(s) 'example_branch_labels' retrieved from /home/airflow/.local/lib/python3.10/site-packages/airflow/example_dags/example_branch_labels.py
[2025-02-19T06:07:51.152+0000] {logging_mixin.py:188} INFO - [2025-02-19T06:07:51.152+0000] {dag.py:3036} INFO - Sync 1 DAGs
[2025-02-19T06:07:51.230+0000] {logging_mixin.py:188} INFO - [2025-02-19T06:07:51.226+0000] {dag.py:3823} INFO - Setting next_dagrun for example_branch_labels to 2025-02-18 00:00:00+00:00, run_after=2025-02-19 00:00:00+00:00
[2025-02-19T06:07:51.421+0000] {processor.py:183} INFO - Processing /home/airflow/.local/lib/python3.10/site-packages/airflow/example_dags/example_branch_labels.py took 0.369 seconds
[2025-02-19T06:09:36.313+0000] {processor.py:161} INFO - Started process (PID=472) to work on /home/airflow/.local/lib/python3.10/site-packages/airflow/example_dags/example_branch_labels.py
[2025-02-19T06:09:36.316+0000] {processor.py:830} INFO - Processing file /home/airflow/.local/lib/python3.10/site-packages/airflow/example_dags/example_branch_labels.py for tasks to queue
[2025-02-19T06:09:36.319+0000] {logging_mixin.py:188} INFO - [2025-02-19T06:09:36.318+0000] {dagbag.py:538} INFO - Filling up the DagBag from /home/airflow/.local/lib/python3.10/site-packages/airflow/example_dags/example_branch_labels.py
[2025-02-19T06:09:36.349+0000] {processor.py:840} INFO - DAG(s) 'example_branch_labels' retrieved from /home/airflow/.local/lib/python3.10/site-packages/airflow/example_dags/example_branch_labels.py
[2025-02-19T06:09:36.415+0000] {logging_mixin.py:188} INFO - [2025-02-19T06:09:36.414+0000] {dag.py:3036} INFO - Sync 1 DAGs
[2025-02-19T06:09:36.512+0000] {logging_mixin.py:188} INFO - [2025-02-19T06:09:36.511+0000] {dag.py:3823} INFO - Setting next_dagrun for example_branch_labels to 2025-02-18 00:00:00+00:00, run_after=2025-02-19 00:00:00+00:00
[2025-02-19T06:09:36.680+0000] {processor.py:183} INFO - Processing /home/airflow/.local/lib/python3.10/site-packages/airflow/example_dags/example_branch_labels.py took 0.375 seconds
[2025-02-19T06:11:22.963+0000] {processor.py:161} INFO - Started process (PID=535) to work on /home/airflow/.local/lib/python3.10/site-packages/airflow/example_dags/example_branch_labels.py
[2025-02-19T06:11:22.966+0000] {processor.py:830} INFO - Processing file /home/airflow/.local/lib/python3.10/site-packages/airflow/example_dags/example_branch_labels.py for tasks to queue
[2025-02-19T06:11:22.969+0000] {logging_mixin.py:188} INFO - [2025-02-19T06:11:22.968+0000] {dagbag.py:538} INFO - Filling up the DagBag from /home/airflow/.local/lib/python3.10/site-packages/airflow/example_dags/example_branch_labels.py
[2025-02-19T06:11:23.009+0000] {processor.py:840} INFO - DAG(s) 'example_branch_labels' retrieved from /home/airflow/.local/lib/python3.10/site-packages/airflow/example_dags/example_branch_labels.py
[2025-02-19T06:11:23.122+0000] {logging_mixin.py:188} INFO - [2025-02-19T06:11:23.121+0000] {dag.py:3036} INFO - Sync 1 DAGs
[2025-02-19T06:11:23.279+0000] {logging_mixin.py:188} INFO - [2025-02-19T06:11:23.278+0000] {dag.py:3823} INFO - Setting next_dagrun for example_branch_labels to 2025-02-18 00:00:00+00:00, run_after=2025-02-19 00:00:00+00:00
[2025-02-19T06:11:23.477+0000] {processor.py:183} INFO - Processing /home/airflow/.local/lib/python3.10/site-packages/airflow/example_dags/example_branch_labels.py took 0.526 seconds
[2025-02-19T06:13:16.822+0000] {processor.py:161} INFO - Started process (PID=600) to work on /home/airflow/.local/lib/python3.10/site-packages/airflow/example_dags/example_branch_labels.py
[2025-02-19T06:13:16.826+0000] {processor.py:830} INFO - Processing file /home/airflow/.local/lib/python3.10/site-packages/airflow/example_dags/example_branch_labels.py for tasks to queue
[2025-02-19T06:13:16.831+0000] {logging_mixin.py:188} INFO - [2025-02-19T06:13:16.829+0000] {dagbag.py:538} INFO - Filling up the DagBag from /home/airflow/.local/lib/python3.10/site-packages/airflow/example_dags/example_branch_labels.py
[2025-02-19T06:13:16.851+0000] {processor.py:840} INFO - DAG(s) 'example_branch_labels' retrieved from /home/airflow/.local/lib/python3.10/site-packages/airflow/example_dags/example_branch_labels.py
[2025-02-19T06:13:16.912+0000] {logging_mixin.py:188} INFO - [2025-02-19T06:13:16.911+0000] {dag.py:3036} INFO - Sync 1 DAGs
[2025-02-19T06:13:16.973+0000] {logging_mixin.py:188} INFO - [2025-02-19T06:13:16.973+0000] {dag.py:3823} INFO - Setting next_dagrun for example_branch_labels to 2025-02-18 00:00:00+00:00, run_after=2025-02-19 00:00:00+00:00
[2025-02-19T06:13:17.145+0000] {processor.py:183} INFO - Processing /home/airflow/.local/lib/python3.10/site-packages/airflow/example_dags/example_branch_labels.py took 0.329 seconds
[2025-02-19T06:14:54.321+0000] {processor.py:161} INFO - Started process (PID=661) to work on /home/airflow/.local/lib/python3.10/site-packages/airflow/example_dags/example_branch_labels.py
[2025-02-19T06:14:54.324+0000] {processor.py:830} INFO - Processing file /home/airflow/.local/lib/python3.10/site-packages/airflow/example_dags/example_branch_labels.py for tasks to queue
[2025-02-19T06:14:54.332+0000] {logging_mixin.py:188} INFO - [2025-02-19T06:14:54.329+0000] {dagbag.py:538} INFO - Filling up the DagBag from /home/airflow/.local/lib/python3.10/site-packages/airflow/example_dags/example_branch_labels.py
[2025-02-19T06:14:54.369+0000] {processor.py:840} INFO - DAG(s) 'example_branch_labels' retrieved from /home/airflow/.local/lib/python3.10/site-packages/airflow/example_dags/example_branch_labels.py
[2025-02-19T06:14:54.476+0000] {logging_mixin.py:188} INFO - [2025-02-19T06:14:54.475+0000] {dag.py:3036} INFO - Sync 1 DAGs
[2025-02-19T06:14:54.580+0000] {logging_mixin.py:188} INFO - [2025-02-19T06:14:54.579+0000] {dag.py:3823} INFO - Setting next_dagrun for example_branch_labels to 2025-02-18 00:00:00+00:00, run_after=2025-02-19 00:00:00+00:00
[2025-02-19T06:14:54.737+0000] {processor.py:183} INFO - Processing /home/airflow/.local/lib/python3.10/site-packages/airflow/example_dags/example_branch_labels.py took 0.424 seconds
[2025-02-19T06:16:32.397+0000] {processor.py:161} INFO - Started process (PID=721) to work on /home/airflow/.local/lib/python3.10/site-packages/airflow/example_dags/example_branch_labels.py
[2025-02-19T06:16:32.411+0000] {processor.py:830} INFO - Processing file /home/airflow/.local/lib/python3.10/site-packages/airflow/example_dags/example_branch_labels.py for tasks to queue
[2025-02-19T06:16:32.424+0000] {logging_mixin.py:188} INFO - [2025-02-19T06:16:32.423+0000] {dagbag.py:538} INFO - Filling up the DagBag from /home/airflow/.local/lib/python3.10/site-packages/airflow/example_dags/example_branch_labels.py
[2025-02-19T06:16:32.521+0000] {processor.py:840} INFO - DAG(s) 'example_branch_labels' retrieved from /home/airflow/.local/lib/python3.10/site-packages/airflow/example_dags/example_branch_labels.py
[2025-02-19T06:16:32.755+0000] {logging_mixin.py:188} INFO - [2025-02-19T06:16:32.752+0000] {dag.py:3036} INFO - Sync 1 DAGs
[2025-02-19T06:16:32.999+0000] {logging_mixin.py:188} INFO - [2025-02-19T06:16:32.998+0000] {dag.py:3823} INFO - Setting next_dagrun for example_branch_labels to 2025-02-18 00:00:00+00:00, run_after=2025-02-19 00:00:00+00:00
[2025-02-19T06:16:33.417+0000] {processor.py:183} INFO - Processing /home/airflow/.local/lib/python3.10/site-packages/airflow/example_dags/example_branch_labels.py took 1.031 seconds
[2025-02-19T06:18:31.065+0000] {processor.py:161} INFO - Started process (PID=789) to work on /home/airflow/.local/lib/python3.10/site-packages/airflow/example_dags/example_branch_labels.py
[2025-02-19T06:18:31.068+0000] {processor.py:830} INFO - Processing file /home/airflow/.local/lib/python3.10/site-packages/airflow/example_dags/example_branch_labels.py for tasks to queue
[2025-02-19T06:18:31.071+0000] {logging_mixin.py:188} INFO - [2025-02-19T06:18:31.070+0000] {dagbag.py:538} INFO - Filling up the DagBag from /home/airflow/.local/lib/python3.10/site-packages/airflow/example_dags/example_branch_labels.py
[2025-02-19T06:18:31.112+0000] {processor.py:840} INFO - DAG(s) 'example_branch_labels' retrieved from /home/airflow/.local/lib/python3.10/site-packages/airflow/example_dags/example_branch_labels.py
[2025-02-19T06:18:31.242+0000] {logging_mixin.py:188} INFO - [2025-02-19T06:18:31.241+0000] {dag.py:3036} INFO - Sync 1 DAGs
[2025-02-19T06:18:31.346+0000] {logging_mixin.py:188} INFO - [2025-02-19T06:18:31.345+0000] {dag.py:3823} INFO - Setting next_dagrun for example_branch_labels to 2025-02-18 00:00:00+00:00, run_after=2025-02-19 00:00:00+00:00
[2025-02-19T06:18:31.496+0000] {processor.py:183} INFO - Processing /home/airflow/.local/lib/python3.10/site-packages/airflow/example_dags/example_branch_labels.py took 0.447 seconds
[2025-02-19T06:20:01.734+0000] {processor.py:161} INFO - Started process (PID=848) to work on /home/airflow/.local/lib/python3.10/site-packages/airflow/example_dags/example_branch_labels.py
[2025-02-19T06:20:01.744+0000] {processor.py:830} INFO - Processing file /home/airflow/.local/lib/python3.10/site-packages/airflow/example_dags/example_branch_labels.py for tasks to queue
[2025-02-19T06:20:01.746+0000] {logging_mixin.py:188} INFO - [2025-02-19T06:20:01.746+0000] {dagbag.py:538} INFO - Filling up the DagBag from /home/airflow/.local/lib/python3.10/site-packages/airflow/example_dags/example_branch_labels.py
[2025-02-19T06:20:01.765+0000] {processor.py:840} INFO - DAG(s) 'example_branch_labels' retrieved from /home/airflow/.local/lib/python3.10/site-packages/airflow/example_dags/example_branch_labels.py
[2025-02-19T06:20:01.834+0000] {logging_mixin.py:188} INFO - [2025-02-19T06:20:01.834+0000] {dag.py:3036} INFO - Sync 1 DAGs
[2025-02-19T06:20:01.898+0000] {logging_mixin.py:188} INFO - [2025-02-19T06:20:01.898+0000] {dag.py:3823} INFO - Setting next_dagrun for example_branch_labels to 2025-02-18 00:00:00+00:00, run_after=2025-02-19 00:00:00+00:00
[2025-02-19T06:20:02.029+0000] {processor.py:183} INFO - Processing /home/airflow/.local/lib/python3.10/site-packages/airflow/example_dags/example_branch_labels.py took 0.304 seconds
[2025-02-19T06:21:49.210+0000] {processor.py:161} INFO - Started process (PID=910) to work on /home/airflow/.local/lib/python3.10/site-packages/airflow/example_dags/example_branch_labels.py
[2025-02-19T06:21:49.213+0000] {processor.py:830} INFO - Processing file /home/airflow/.local/lib/python3.10/site-packages/airflow/example_dags/example_branch_labels.py for tasks to queue
[2025-02-19T06:21:49.225+0000] {logging_mixin.py:188} INFO - [2025-02-19T06:21:49.215+0000] {dagbag.py:538} INFO - Filling up the DagBag from /home/airflow/.local/lib/python3.10/site-packages/airflow/example_dags/example_branch_labels.py
[2025-02-19T06:21:49.275+0000] {processor.py:840} INFO - DAG(s) 'example_branch_labels' retrieved from /home/airflow/.local/lib/python3.10/site-packages/airflow/example_dags/example_branch_labels.py
[2025-02-19T06:21:49.454+0000] {logging_mixin.py:188} INFO - [2025-02-19T06:21:49.454+0000] {dag.py:3036} INFO - Sync 1 DAGs
[2025-02-19T06:21:49.644+0000] {logging_mixin.py:188} INFO - [2025-02-19T06:21:49.643+0000] {dag.py:3823} INFO - Setting next_dagrun for example_branch_labels to 2025-02-18 00:00:00+00:00, run_after=2025-02-19 00:00:00+00:00
[2025-02-19T06:21:49.878+0000] {processor.py:183} INFO - Processing /home/airflow/.local/lib/python3.10/site-packages/airflow/example_dags/example_branch_labels.py took 0.684 seconds
[2025-02-19T06:23:55.499+0000] {processor.py:161} INFO - Started process (PID=974) to work on /home/airflow/.local/lib/python3.10/site-packages/airflow/example_dags/example_branch_labels.py
[2025-02-19T06:23:55.502+0000] {processor.py:830} INFO - Processing file /home/airflow/.local/lib/python3.10/site-packages/airflow/example_dags/example_branch_labels.py for tasks to queue
[2025-02-19T06:23:55.514+0000] {logging_mixin.py:188} INFO - [2025-02-19T06:23:55.505+0000] {dagbag.py:538} INFO - Filling up the DagBag from /home/airflow/.local/lib/python3.10/site-packages/airflow/example_dags/example_branch_labels.py
[2025-02-19T06:23:55.570+0000] {processor.py:840} INFO - DAG(s) 'example_branch_labels' retrieved from /home/airflow/.local/lib/python3.10/site-packages/airflow/example_dags/example_branch_labels.py
[2025-02-19T06:23:55.684+0000] {logging_mixin.py:188} INFO - [2025-02-19T06:23:55.683+0000] {dag.py:3036} INFO - Sync 1 DAGs
[2025-02-19T06:23:55.818+0000] {logging_mixin.py:188} INFO - [2025-02-19T06:23:55.818+0000] {dag.py:3823} INFO - Setting next_dagrun for example_branch_labels to 2025-02-18 00:00:00+00:00, run_after=2025-02-19 00:00:00+00:00
[2025-02-19T06:23:56.011+0000] {processor.py:183} INFO - Processing /home/airflow/.local/lib/python3.10/site-packages/airflow/example_dags/example_branch_labels.py took 0.530 seconds
[2025-02-19T06:26:05.387+0000] {processor.py:161} INFO - Started process (PID=1042) to work on /home/airflow/.local/lib/python3.10/site-packages/airflow/example_dags/example_branch_labels.py
[2025-02-19T06:26:05.389+0000] {processor.py:830} INFO - Processing file /home/airflow/.local/lib/python3.10/site-packages/airflow/example_dags/example_branch_labels.py for tasks to queue
[2025-02-19T06:26:05.392+0000] {logging_mixin.py:188} INFO - [2025-02-19T06:26:05.391+0000] {dagbag.py:538} INFO - Filling up the DagBag from /home/airflow/.local/lib/python3.10/site-packages/airflow/example_dags/example_branch_labels.py
[2025-02-19T06:26:05.432+0000] {processor.py:840} INFO - DAG(s) 'example_branch_labels' retrieved from /home/airflow/.local/lib/python3.10/site-packages/airflow/example_dags/example_branch_labels.py
[2025-02-19T06:26:05.540+0000] {logging_mixin.py:188} INFO - [2025-02-19T06:26:05.540+0000] {dag.py:3036} INFO - Sync 1 DAGs
[2025-02-19T06:26:05.643+0000] {logging_mixin.py:188} INFO - [2025-02-19T06:26:05.642+0000] {dag.py:3823} INFO - Setting next_dagrun for example_branch_labels to 2025-02-18 00:00:00+00:00, run_after=2025-02-19 00:00:00+00:00
[2025-02-19T06:26:05.817+0000] {processor.py:183} INFO - Processing /home/airflow/.local/lib/python3.10/site-packages/airflow/example_dags/example_branch_labels.py took 0.440 seconds
[2025-02-19T06:30:39.711+0000] {processor.py:161} INFO - Started process (PID=57) to work on /home/airflow/.local/lib/python3.10/site-packages/airflow/example_dags/example_branch_labels.py
[2025-02-19T06:30:39.715+0000] {processor.py:830} INFO - Processing file /home/airflow/.local/lib/python3.10/site-packages/airflow/example_dags/example_branch_labels.py for tasks to queue
[2025-02-19T06:30:39.727+0000] {logging_mixin.py:188} INFO - [2025-02-19T06:30:39.726+0000] {dagbag.py:538} INFO - Filling up the DagBag from /home/airflow/.local/lib/python3.10/site-packages/airflow/example_dags/example_branch_labels.py
[2025-02-19T06:30:39.764+0000] {processor.py:840} INFO - DAG(s) 'example_branch_labels' retrieved from /home/airflow/.local/lib/python3.10/site-packages/airflow/example_dags/example_branch_labels.py
[2025-02-19T06:30:39.931+0000] {logging_mixin.py:188} INFO - [2025-02-19T06:30:39.925+0000] {dag.py:3036} INFO - Sync 1 DAGs
[2025-02-19T06:30:40.111+0000] {logging_mixin.py:188} INFO - [2025-02-19T06:30:40.110+0000] {dag.py:3823} INFO - Setting next_dagrun for example_branch_labels to 2025-02-18 00:00:00+00:00, run_after=2025-02-19 00:00:00+00:00
[2025-02-19T06:30:40.307+0000] {processor.py:183} INFO - Processing /home/airflow/.local/lib/python3.10/site-packages/airflow/example_dags/example_branch_labels.py took 0.612 seconds
[2025-02-19T06:32:15.024+0000] {processor.py:161} INFO - Started process (PID=106) to work on /home/airflow/.local/lib/python3.10/site-packages/airflow/example_dags/example_branch_labels.py
[2025-02-19T06:32:15.044+0000] {processor.py:830} INFO - Processing file /home/airflow/.local/lib/python3.10/site-packages/airflow/example_dags/example_branch_labels.py for tasks to queue
[2025-02-19T06:32:15.047+0000] {logging_mixin.py:188} INFO - [2025-02-19T06:32:15.046+0000] {dagbag.py:538} INFO - Filling up the DagBag from /home/airflow/.local/lib/python3.10/site-packages/airflow/example_dags/example_branch_labels.py
[2025-02-19T06:32:15.108+0000] {processor.py:840} INFO - DAG(s) 'example_branch_labels' retrieved from /home/airflow/.local/lib/python3.10/site-packages/airflow/example_dags/example_branch_labels.py
[2025-02-19T06:32:15.257+0000] {logging_mixin.py:188} INFO - [2025-02-19T06:32:15.256+0000] {dag.py:3036} INFO - Sync 1 DAGs
[2025-02-19T06:32:15.501+0000] {logging_mixin.py:188} INFO - [2025-02-19T06:32:15.500+0000] {dag.py:3823} INFO - Setting next_dagrun for example_branch_labels to 2025-02-18 00:00:00+00:00, run_after=2025-02-19 00:00:00+00:00
[2025-02-19T06:32:15.907+0000] {processor.py:183} INFO - Processing /home/airflow/.local/lib/python3.10/site-packages/airflow/example_dags/example_branch_labels.py took 0.906 seconds
[2025-02-19T06:34:21.772+0000] {processor.py:161} INFO - Started process (PID=174) to work on /home/airflow/.local/lib/python3.10/site-packages/airflow/example_dags/example_branch_labels.py
[2025-02-19T06:34:21.775+0000] {processor.py:830} INFO - Processing file /home/airflow/.local/lib/python3.10/site-packages/airflow/example_dags/example_branch_labels.py for tasks to queue
[2025-02-19T06:34:21.778+0000] {logging_mixin.py:188} INFO - [2025-02-19T06:34:21.777+0000] {dagbag.py:538} INFO - Filling up the DagBag from /home/airflow/.local/lib/python3.10/site-packages/airflow/example_dags/example_branch_labels.py
[2025-02-19T06:34:21.814+0000] {processor.py:840} INFO - DAG(s) 'example_branch_labels' retrieved from /home/airflow/.local/lib/python3.10/site-packages/airflow/example_dags/example_branch_labels.py
[2025-02-19T06:34:21.894+0000] {logging_mixin.py:188} INFO - [2025-02-19T06:34:21.893+0000] {dag.py:3036} INFO - Sync 1 DAGs
[2025-02-19T06:34:21.993+0000] {logging_mixin.py:188} INFO - [2025-02-19T06:34:21.993+0000] {dag.py:3823} INFO - Setting next_dagrun for example_branch_labels to 2025-02-18 00:00:00+00:00, run_after=2025-02-19 00:00:00+00:00
[2025-02-19T06:34:22.128+0000] {processor.py:183} INFO - Processing /home/airflow/.local/lib/python3.10/site-packages/airflow/example_dags/example_branch_labels.py took 0.368 seconds
[2025-02-19T06:35:53.130+0000] {processor.py:161} INFO - Started process (PID=233) to work on /home/airflow/.local/lib/python3.10/site-packages/airflow/example_dags/example_branch_labels.py
[2025-02-19T06:35:53.142+0000] {processor.py:830} INFO - Processing file /home/airflow/.local/lib/python3.10/site-packages/airflow/example_dags/example_branch_labels.py for tasks to queue
[2025-02-19T06:35:53.145+0000] {logging_mixin.py:188} INFO - [2025-02-19T06:35:53.144+0000] {dagbag.py:538} INFO - Filling up the DagBag from /home/airflow/.local/lib/python3.10/site-packages/airflow/example_dags/example_branch_labels.py
[2025-02-19T06:35:53.192+0000] {processor.py:840} INFO - DAG(s) 'example_branch_labels' retrieved from /home/airflow/.local/lib/python3.10/site-packages/airflow/example_dags/example_branch_labels.py
[2025-02-19T06:35:53.292+0000] {logging_mixin.py:188} INFO - [2025-02-19T06:35:53.292+0000] {dag.py:3036} INFO - Sync 1 DAGs
[2025-02-19T06:35:53.395+0000] {logging_mixin.py:188} INFO - [2025-02-19T06:35:53.394+0000] {dag.py:3823} INFO - Setting next_dagrun for example_branch_labels to 2025-02-18 00:00:00+00:00, run_after=2025-02-19 00:00:00+00:00
[2025-02-19T06:35:53.553+0000] {processor.py:183} INFO - Processing /home/airflow/.local/lib/python3.10/site-packages/airflow/example_dags/example_branch_labels.py took 0.432 seconds
[2025-02-19T06:37:49.194+0000] {processor.py:161} INFO - Started process (PID=298) to work on /home/airflow/.local/lib/python3.10/site-packages/airflow/example_dags/example_branch_labels.py
[2025-02-19T06:37:49.197+0000] {processor.py:830} INFO - Processing file /home/airflow/.local/lib/python3.10/site-packages/airflow/example_dags/example_branch_labels.py for tasks to queue
[2025-02-19T06:37:49.200+0000] {logging_mixin.py:188} INFO - [2025-02-19T06:37:49.199+0000] {dagbag.py:538} INFO - Filling up the DagBag from /home/airflow/.local/lib/python3.10/site-packages/airflow/example_dags/example_branch_labels.py
[2025-02-19T06:37:49.218+0000] {processor.py:840} INFO - DAG(s) 'example_branch_labels' retrieved from /home/airflow/.local/lib/python3.10/site-packages/airflow/example_dags/example_branch_labels.py
[2025-02-19T06:37:49.271+0000] {logging_mixin.py:188} INFO - [2025-02-19T06:37:49.271+0000] {dag.py:3036} INFO - Sync 1 DAGs
[2025-02-19T06:37:49.327+0000] {logging_mixin.py:188} INFO - [2025-02-19T06:37:49.327+0000] {dag.py:3823} INFO - Setting next_dagrun for example_branch_labels to 2025-02-18 00:00:00+00:00, run_after=2025-02-19 00:00:00+00:00
[2025-02-19T06:37:49.439+0000] {processor.py:183} INFO - Processing /home/airflow/.local/lib/python3.10/site-packages/airflow/example_dags/example_branch_labels.py took 0.251 seconds
[2025-02-19T06:39:18.315+0000] {processor.py:161} INFO - Started process (PID=355) to work on /home/airflow/.local/lib/python3.10/site-packages/airflow/example_dags/example_branch_labels.py
[2025-02-19T06:39:18.325+0000] {processor.py:830} INFO - Processing file /home/airflow/.local/lib/python3.10/site-packages/airflow/example_dags/example_branch_labels.py for tasks to queue
[2025-02-19T06:39:18.360+0000] {logging_mixin.py:188} INFO - [2025-02-19T06:39:18.344+0000] {dagbag.py:538} INFO - Filling up the DagBag from /home/airflow/.local/lib/python3.10/site-packages/airflow/example_dags/example_branch_labels.py
[2025-02-19T06:39:18.928+0000] {processor.py:840} INFO - DAG(s) 'example_branch_labels' retrieved from /home/airflow/.local/lib/python3.10/site-packages/airflow/example_dags/example_branch_labels.py
[2025-02-19T06:39:20.353+0000] {logging_mixin.py:188} INFO - [2025-02-19T06:39:20.352+0000] {dag.py:3036} INFO - Sync 1 DAGs
[2025-02-19T06:39:20.663+0000] {logging_mixin.py:188} INFO - [2025-02-19T06:39:20.662+0000] {dag.py:3823} INFO - Setting next_dagrun for example_branch_labels to 2025-02-18 00:00:00+00:00, run_after=2025-02-19 00:00:00+00:00
[2025-02-19T06:39:20.846+0000] {processor.py:183} INFO - Processing /home/airflow/.local/lib/python3.10/site-packages/airflow/example_dags/example_branch_labels.py took 2.539 seconds
[2025-02-19T06:41:51.399+0000] {processor.py:161} INFO - Started process (PID=424) to work on /home/airflow/.local/lib/python3.10/site-packages/airflow/example_dags/example_branch_labels.py
[2025-02-19T06:41:51.406+0000] {processor.py:830} INFO - Processing file /home/airflow/.local/lib/python3.10/site-packages/airflow/example_dags/example_branch_labels.py for tasks to queue
[2025-02-19T06:41:51.411+0000] {logging_mixin.py:188} INFO - [2025-02-19T06:41:51.409+0000] {dagbag.py:538} INFO - Filling up the DagBag from /home/airflow/.local/lib/python3.10/site-packages/airflow/example_dags/example_branch_labels.py
[2025-02-19T06:41:51.447+0000] {processor.py:840} INFO - DAG(s) 'example_branch_labels' retrieved from /home/airflow/.local/lib/python3.10/site-packages/airflow/example_dags/example_branch_labels.py
[2025-02-19T06:41:51.544+0000] {logging_mixin.py:188} INFO - [2025-02-19T06:41:51.543+0000] {dag.py:3036} INFO - Sync 1 DAGs
[2025-02-19T06:41:51.700+0000] {logging_mixin.py:188} INFO - [2025-02-19T06:41:51.699+0000] {dag.py:3823} INFO - Setting next_dagrun for example_branch_labels to 2025-02-18 00:00:00+00:00, run_after=2025-02-19 00:00:00+00:00
[2025-02-19T06:41:51.960+0000] {processor.py:183} INFO - Processing /home/airflow/.local/lib/python3.10/site-packages/airflow/example_dags/example_branch_labels.py took 0.569 seconds
[2025-02-19T06:44:00.352+0000] {processor.py:161} INFO - Started process (PID=57) to work on /home/airflow/.local/lib/python3.10/site-packages/airflow/example_dags/example_branch_labels.py
[2025-02-19T06:44:00.356+0000] {processor.py:830} INFO - Processing file /home/airflow/.local/lib/python3.10/site-packages/airflow/example_dags/example_branch_labels.py for tasks to queue
[2025-02-19T06:44:00.358+0000] {logging_mixin.py:188} INFO - [2025-02-19T06:44:00.357+0000] {dagbag.py:538} INFO - Filling up the DagBag from /home/airflow/.local/lib/python3.10/site-packages/airflow/example_dags/example_branch_labels.py
[2025-02-19T06:44:00.375+0000] {processor.py:840} INFO - DAG(s) 'example_branch_labels' retrieved from /home/airflow/.local/lib/python3.10/site-packages/airflow/example_dags/example_branch_labels.py
[2025-02-19T06:44:00.445+0000] {logging_mixin.py:188} INFO - [2025-02-19T06:44:00.444+0000] {dag.py:3036} INFO - Sync 1 DAGs
[2025-02-19T06:44:00.505+0000] {logging_mixin.py:188} INFO - [2025-02-19T06:44:00.505+0000] {dag.py:3823} INFO - Setting next_dagrun for example_branch_labels to 2025-02-18 00:00:00+00:00, run_after=2025-02-19 00:00:00+00:00
[2025-02-19T06:44:00.627+0000] {processor.py:183} INFO - Processing /home/airflow/.local/lib/python3.10/site-packages/airflow/example_dags/example_branch_labels.py took 0.281 seconds
[2025-02-19T06:45:50.012+0000] {processor.py:161} INFO - Started process (PID=120) to work on /home/airflow/.local/lib/python3.10/site-packages/airflow/example_dags/example_branch_labels.py
[2025-02-19T06:45:50.032+0000] {processor.py:830} INFO - Processing file /home/airflow/.local/lib/python3.10/site-packages/airflow/example_dags/example_branch_labels.py for tasks to queue
[2025-02-19T06:45:50.038+0000] {logging_mixin.py:188} INFO - [2025-02-19T06:45:50.037+0000] {dagbag.py:538} INFO - Filling up the DagBag from /home/airflow/.local/lib/python3.10/site-packages/airflow/example_dags/example_branch_labels.py
[2025-02-19T06:45:50.076+0000] {processor.py:840} INFO - DAG(s) 'example_branch_labels' retrieved from /home/airflow/.local/lib/python3.10/site-packages/airflow/example_dags/example_branch_labels.py
[2025-02-19T06:45:50.214+0000] {logging_mixin.py:188} INFO - [2025-02-19T06:45:50.213+0000] {dag.py:3036} INFO - Sync 1 DAGs
[2025-02-19T06:45:50.309+0000] {logging_mixin.py:188} INFO - [2025-02-19T06:45:50.309+0000] {dag.py:3823} INFO - Setting next_dagrun for example_branch_labels to 2025-02-18 00:00:00+00:00, run_after=2025-02-19 00:00:00+00:00
[2025-02-19T06:45:50.449+0000] {processor.py:183} INFO - Processing /home/airflow/.local/lib/python3.10/site-packages/airflow/example_dags/example_branch_labels.py took 0.450 seconds
[2025-02-19T06:47:31.602+0000] {processor.py:161} INFO - Started process (PID=181) to work on /home/airflow/.local/lib/python3.10/site-packages/airflow/example_dags/example_branch_labels.py
[2025-02-19T06:47:31.616+0000] {processor.py:830} INFO - Processing file /home/airflow/.local/lib/python3.10/site-packages/airflow/example_dags/example_branch_labels.py for tasks to queue
[2025-02-19T06:47:31.626+0000] {logging_mixin.py:188} INFO - [2025-02-19T06:47:31.625+0000] {dagbag.py:538} INFO - Filling up the DagBag from /home/airflow/.local/lib/python3.10/site-packages/airflow/example_dags/example_branch_labels.py
[2025-02-19T06:47:31.684+0000] {processor.py:840} INFO - DAG(s) 'example_branch_labels' retrieved from /home/airflow/.local/lib/python3.10/site-packages/airflow/example_dags/example_branch_labels.py
[2025-02-19T06:47:31.828+0000] {logging_mixin.py:188} INFO - [2025-02-19T06:47:31.827+0000] {dag.py:3036} INFO - Sync 1 DAGs
[2025-02-19T06:47:31.974+0000] {logging_mixin.py:188} INFO - [2025-02-19T06:47:31.973+0000] {dag.py:3823} INFO - Setting next_dagrun for example_branch_labels to 2025-02-18 00:00:00+00:00, run_after=2025-02-19 00:00:00+00:00
[2025-02-19T06:47:32.202+0000] {processor.py:183} INFO - Processing /home/airflow/.local/lib/python3.10/site-packages/airflow/example_dags/example_branch_labels.py took 0.619 seconds
[2025-02-19T06:49:10.789+0000] {processor.py:161} INFO - Started process (PID=242) to work on /home/airflow/.local/lib/python3.10/site-packages/airflow/example_dags/example_branch_labels.py
[2025-02-19T06:49:10.791+0000] {processor.py:830} INFO - Processing file /home/airflow/.local/lib/python3.10/site-packages/airflow/example_dags/example_branch_labels.py for tasks to queue
[2025-02-19T06:49:10.793+0000] {logging_mixin.py:188} INFO - [2025-02-19T06:49:10.793+0000] {dagbag.py:538} INFO - Filling up the DagBag from /home/airflow/.local/lib/python3.10/site-packages/airflow/example_dags/example_branch_labels.py
[2025-02-19T06:49:10.811+0000] {processor.py:840} INFO - DAG(s) 'example_branch_labels' retrieved from /home/airflow/.local/lib/python3.10/site-packages/airflow/example_dags/example_branch_labels.py
[2025-02-19T06:49:10.870+0000] {logging_mixin.py:188} INFO - [2025-02-19T06:49:10.870+0000] {dag.py:3036} INFO - Sync 1 DAGs
[2025-02-19T06:49:10.929+0000] {logging_mixin.py:188} INFO - [2025-02-19T06:49:10.928+0000] {dag.py:3823} INFO - Setting next_dagrun for example_branch_labels to 2025-02-18 00:00:00+00:00, run_after=2025-02-19 00:00:00+00:00
[2025-02-19T06:49:11.052+0000] {processor.py:183} INFO - Processing /home/airflow/.local/lib/python3.10/site-packages/airflow/example_dags/example_branch_labels.py took 0.270 seconds
[2025-02-19T06:50:34.283+0000] {processor.py:161} INFO - Started process (PID=291) to work on /home/airflow/.local/lib/python3.10/site-packages/airflow/example_dags/example_branch_labels.py
[2025-02-19T06:50:34.285+0000] {processor.py:830} INFO - Processing file /home/airflow/.local/lib/python3.10/site-packages/airflow/example_dags/example_branch_labels.py for tasks to queue
[2025-02-19T06:50:34.287+0000] {logging_mixin.py:188} INFO - [2025-02-19T06:50:34.286+0000] {dagbag.py:538} INFO - Filling up the DagBag from /home/airflow/.local/lib/python3.10/site-packages/airflow/example_dags/example_branch_labels.py
[2025-02-19T06:50:34.311+0000] {processor.py:840} INFO - DAG(s) 'example_branch_labels' retrieved from /home/airflow/.local/lib/python3.10/site-packages/airflow/example_dags/example_branch_labels.py
[2025-02-19T06:50:34.369+0000] {logging_mixin.py:188} INFO - [2025-02-19T06:50:34.368+0000] {dag.py:3036} INFO - Sync 1 DAGs
[2025-02-19T06:50:34.434+0000] {logging_mixin.py:188} INFO - [2025-02-19T06:50:34.434+0000] {dag.py:3823} INFO - Setting next_dagrun for example_branch_labels to 2025-02-18 00:00:00+00:00, run_after=2025-02-19 00:00:00+00:00
[2025-02-19T06:50:34.582+0000] {processor.py:183} INFO - Processing /home/airflow/.local/lib/python3.10/site-packages/airflow/example_dags/example_branch_labels.py took 0.304 seconds
[2025-02-19T06:52:18.146+0000] {processor.py:161} INFO - Started process (PID=353) to work on /home/airflow/.local/lib/python3.10/site-packages/airflow/example_dags/example_branch_labels.py
[2025-02-19T06:52:18.150+0000] {processor.py:830} INFO - Processing file /home/airflow/.local/lib/python3.10/site-packages/airflow/example_dags/example_branch_labels.py for tasks to queue
[2025-02-19T06:52:18.156+0000] {logging_mixin.py:188} INFO - [2025-02-19T06:52:18.152+0000] {dagbag.py:538} INFO - Filling up the DagBag from /home/airflow/.local/lib/python3.10/site-packages/airflow/example_dags/example_branch_labels.py
[2025-02-19T06:52:18.205+0000] {processor.py:840} INFO - DAG(s) 'example_branch_labels' retrieved from /home/airflow/.local/lib/python3.10/site-packages/airflow/example_dags/example_branch_labels.py
[2025-02-19T06:52:18.309+0000] {logging_mixin.py:188} INFO - [2025-02-19T06:52:18.308+0000] {dag.py:3036} INFO - Sync 1 DAGs
[2025-02-19T06:52:18.439+0000] {logging_mixin.py:188} INFO - [2025-02-19T06:52:18.438+0000] {dag.py:3823} INFO - Setting next_dagrun for example_branch_labels to 2025-02-18 00:00:00+00:00, run_after=2025-02-19 00:00:00+00:00
[2025-02-19T06:52:18.635+0000] {processor.py:183} INFO - Processing /home/airflow/.local/lib/python3.10/site-packages/airflow/example_dags/example_branch_labels.py took 0.497 seconds
[2025-02-19T06:53:57.058+0000] {processor.py:161} INFO - Started process (PID=415) to work on /home/airflow/.local/lib/python3.10/site-packages/airflow/example_dags/example_branch_labels.py
[2025-02-19T06:53:57.061+0000] {processor.py:830} INFO - Processing file /home/airflow/.local/lib/python3.10/site-packages/airflow/example_dags/example_branch_labels.py for tasks to queue
[2025-02-19T06:53:57.064+0000] {logging_mixin.py:188} INFO - [2025-02-19T06:53:57.063+0000] {dagbag.py:538} INFO - Filling up the DagBag from /home/airflow/.local/lib/python3.10/site-packages/airflow/example_dags/example_branch_labels.py
[2025-02-19T06:53:57.091+0000] {processor.py:840} INFO - DAG(s) 'example_branch_labels' retrieved from /home/airflow/.local/lib/python3.10/site-packages/airflow/example_dags/example_branch_labels.py
[2025-02-19T06:53:57.160+0000] {logging_mixin.py:188} INFO - [2025-02-19T06:53:57.160+0000] {dag.py:3036} INFO - Sync 1 DAGs
[2025-02-19T06:53:57.239+0000] {logging_mixin.py:188} INFO - [2025-02-19T06:53:57.239+0000] {dag.py:3823} INFO - Setting next_dagrun for example_branch_labels to 2025-02-18 00:00:00+00:00, run_after=2025-02-19 00:00:00+00:00
[2025-02-19T06:53:57.436+0000] {processor.py:183} INFO - Processing /home/airflow/.local/lib/python3.10/site-packages/airflow/example_dags/example_branch_labels.py took 0.389 seconds
[2025-02-19T06:55:19.959+0000] {processor.py:161} INFO - Started process (PID=473) to work on /home/airflow/.local/lib/python3.10/site-packages/airflow/example_dags/example_branch_labels.py
[2025-02-19T06:55:19.961+0000] {processor.py:830} INFO - Processing file /home/airflow/.local/lib/python3.10/site-packages/airflow/example_dags/example_branch_labels.py for tasks to queue
[2025-02-19T06:55:19.963+0000] {logging_mixin.py:188} INFO - [2025-02-19T06:55:19.962+0000] {dagbag.py:538} INFO - Filling up the DagBag from /home/airflow/.local/lib/python3.10/site-packages/airflow/example_dags/example_branch_labels.py
[2025-02-19T06:55:19.979+0000] {processor.py:840} INFO - DAG(s) 'example_branch_labels' retrieved from /home/airflow/.local/lib/python3.10/site-packages/airflow/example_dags/example_branch_labels.py
[2025-02-19T06:55:20.026+0000] {logging_mixin.py:188} INFO - [2025-02-19T06:55:20.026+0000] {dag.py:3036} INFO - Sync 1 DAGs
[2025-02-19T06:55:20.072+0000] {logging_mixin.py:188} INFO - [2025-02-19T06:55:20.071+0000] {dag.py:3823} INFO - Setting next_dagrun for example_branch_labels to 2025-02-18 00:00:00+00:00, run_after=2025-02-19 00:00:00+00:00
[2025-02-19T06:55:20.186+0000] {processor.py:183} INFO - Processing /home/airflow/.local/lib/python3.10/site-packages/airflow/example_dags/example_branch_labels.py took 0.234 seconds
[2025-02-19T06:56:44.872+0000] {processor.py:161} INFO - Started process (PID=529) to work on /home/airflow/.local/lib/python3.10/site-packages/airflow/example_dags/example_branch_labels.py
[2025-02-19T06:56:44.882+0000] {processor.py:830} INFO - Processing file /home/airflow/.local/lib/python3.10/site-packages/airflow/example_dags/example_branch_labels.py for tasks to queue
[2025-02-19T06:56:44.885+0000] {logging_mixin.py:188} INFO - [2025-02-19T06:56:44.884+0000] {dagbag.py:538} INFO - Filling up the DagBag from /home/airflow/.local/lib/python3.10/site-packages/airflow/example_dags/example_branch_labels.py
[2025-02-19T06:56:44.922+0000] {processor.py:840} INFO - DAG(s) 'example_branch_labels' retrieved from /home/airflow/.local/lib/python3.10/site-packages/airflow/example_dags/example_branch_labels.py
[2025-02-19T06:56:45.016+0000] {logging_mixin.py:188} INFO - [2025-02-19T06:56:45.015+0000] {dag.py:3036} INFO - Sync 1 DAGs
[2025-02-19T06:56:45.106+0000] {logging_mixin.py:188} INFO - [2025-02-19T06:56:45.105+0000] {dag.py:3823} INFO - Setting next_dagrun for example_branch_labels to 2025-02-18 00:00:00+00:00, run_after=2025-02-19 00:00:00+00:00
[2025-02-19T06:56:45.276+0000] {processor.py:183} INFO - Processing /home/airflow/.local/lib/python3.10/site-packages/airflow/example_dags/example_branch_labels.py took 0.412 seconds
[2025-02-19T06:58:24.174+0000] {processor.py:161} INFO - Started process (PID=590) to work on /home/airflow/.local/lib/python3.10/site-packages/airflow/example_dags/example_branch_labels.py
[2025-02-19T06:58:24.176+0000] {processor.py:830} INFO - Processing file /home/airflow/.local/lib/python3.10/site-packages/airflow/example_dags/example_branch_labels.py for tasks to queue
[2025-02-19T06:58:24.184+0000] {logging_mixin.py:188} INFO - [2025-02-19T06:58:24.182+0000] {dagbag.py:538} INFO - Filling up the DagBag from /home/airflow/.local/lib/python3.10/site-packages/airflow/example_dags/example_branch_labels.py
[2025-02-19T06:58:24.220+0000] {processor.py:840} INFO - DAG(s) 'example_branch_labels' retrieved from /home/airflow/.local/lib/python3.10/site-packages/airflow/example_dags/example_branch_labels.py
[2025-02-19T06:58:24.333+0000] {logging_mixin.py:188} INFO - [2025-02-19T06:58:24.333+0000] {dag.py:3036} INFO - Sync 1 DAGs
[2025-02-19T06:58:24.416+0000] {logging_mixin.py:188} INFO - [2025-02-19T06:58:24.415+0000] {dag.py:3823} INFO - Setting next_dagrun for example_branch_labels to 2025-02-18 00:00:00+00:00, run_after=2025-02-19 00:00:00+00:00
[2025-02-19T06:58:24.560+0000] {processor.py:183} INFO - Processing /home/airflow/.local/lib/python3.10/site-packages/airflow/example_dags/example_branch_labels.py took 0.393 seconds
[2025-02-19T07:00:02.537+0000] {processor.py:161} INFO - Started process (PID=649) to work on /home/airflow/.local/lib/python3.10/site-packages/airflow/example_dags/example_branch_labels.py
[2025-02-19T07:00:02.540+0000] {processor.py:830} INFO - Processing file /home/airflow/.local/lib/python3.10/site-packages/airflow/example_dags/example_branch_labels.py for tasks to queue
[2025-02-19T07:00:02.544+0000] {logging_mixin.py:188} INFO - [2025-02-19T07:00:02.542+0000] {dagbag.py:538} INFO - Filling up the DagBag from /home/airflow/.local/lib/python3.10/site-packages/airflow/example_dags/example_branch_labels.py
[2025-02-19T07:00:02.566+0000] {processor.py:840} INFO - DAG(s) 'example_branch_labels' retrieved from /home/airflow/.local/lib/python3.10/site-packages/airflow/example_dags/example_branch_labels.py
[2025-02-19T07:00:02.622+0000] {logging_mixin.py:188} INFO - [2025-02-19T07:00:02.621+0000] {dag.py:3036} INFO - Sync 1 DAGs
[2025-02-19T07:00:02.677+0000] {logging_mixin.py:188} INFO - [2025-02-19T07:00:02.677+0000] {dag.py:3823} INFO - Setting next_dagrun for example_branch_labels to 2025-02-18 00:00:00+00:00, run_after=2025-02-19 00:00:00+00:00
[2025-02-19T07:00:02.794+0000] {processor.py:183} INFO - Processing /home/airflow/.local/lib/python3.10/site-packages/airflow/example_dags/example_branch_labels.py took 0.265 seconds
[2025-02-19T07:01:43.650+0000] {processor.py:161} INFO - Started process (PID=713) to work on /home/airflow/.local/lib/python3.10/site-packages/airflow/example_dags/example_branch_labels.py
[2025-02-19T07:01:43.655+0000] {processor.py:830} INFO - Processing file /home/airflow/.local/lib/python3.10/site-packages/airflow/example_dags/example_branch_labels.py for tasks to queue
[2025-02-19T07:01:43.659+0000] {logging_mixin.py:188} INFO - [2025-02-19T07:01:43.657+0000] {dagbag.py:538} INFO - Filling up the DagBag from /home/airflow/.local/lib/python3.10/site-packages/airflow/example_dags/example_branch_labels.py
[2025-02-19T07:01:43.711+0000] {processor.py:840} INFO - DAG(s) 'example_branch_labels' retrieved from /home/airflow/.local/lib/python3.10/site-packages/airflow/example_dags/example_branch_labels.py
[2025-02-19T07:01:43.840+0000] {logging_mixin.py:188} INFO - [2025-02-19T07:01:43.839+0000] {dag.py:3036} INFO - Sync 1 DAGs
[2025-02-19T07:01:43.993+0000] {logging_mixin.py:188} INFO - [2025-02-19T07:01:43.993+0000] {dag.py:3823} INFO - Setting next_dagrun for example_branch_labels to 2025-02-18 00:00:00+00:00, run_after=2025-02-19 00:00:00+00:00
[2025-02-19T07:01:44.197+0000] {processor.py:183} INFO - Processing /home/airflow/.local/lib/python3.10/site-packages/airflow/example_dags/example_branch_labels.py took 0.564 seconds
[2025-02-19T07:03:24.255+0000] {processor.py:161} INFO - Started process (PID=775) to work on /home/airflow/.local/lib/python3.10/site-packages/airflow/example_dags/example_branch_labels.py
[2025-02-19T07:03:24.266+0000] {processor.py:830} INFO - Processing file /home/airflow/.local/lib/python3.10/site-packages/airflow/example_dags/example_branch_labels.py for tasks to queue
[2025-02-19T07:03:24.274+0000] {logging_mixin.py:188} INFO - [2025-02-19T07:03:24.273+0000] {dagbag.py:538} INFO - Filling up the DagBag from /home/airflow/.local/lib/python3.10/site-packages/airflow/example_dags/example_branch_labels.py
[2025-02-19T07:03:24.322+0000] {processor.py:840} INFO - DAG(s) 'example_branch_labels' retrieved from /home/airflow/.local/lib/python3.10/site-packages/airflow/example_dags/example_branch_labels.py
[2025-02-19T07:03:24.460+0000] {logging_mixin.py:188} INFO - [2025-02-19T07:03:24.454+0000] {dag.py:3036} INFO - Sync 1 DAGs
[2025-02-19T07:03:24.582+0000] {logging_mixin.py:188} INFO - [2025-02-19T07:03:24.581+0000] {dag.py:3823} INFO - Setting next_dagrun for example_branch_labels to 2025-02-18 00:00:00+00:00, run_after=2025-02-19 00:00:00+00:00
[2025-02-19T07:03:24.795+0000] {processor.py:183} INFO - Processing /home/airflow/.local/lib/python3.10/site-packages/airflow/example_dags/example_branch_labels.py took 0.554 seconds
[2025-02-19T07:05:53.732+0000] {processor.py:161} INFO - Started process (PID=835) to work on /home/airflow/.local/lib/python3.10/site-packages/airflow/example_dags/example_branch_labels.py
[2025-02-19T07:05:53.736+0000] {processor.py:830} INFO - Processing file /home/airflow/.local/lib/python3.10/site-packages/airflow/example_dags/example_branch_labels.py for tasks to queue
[2025-02-19T07:05:53.740+0000] {logging_mixin.py:188} INFO - [2025-02-19T07:05:53.738+0000] {dagbag.py:538} INFO - Filling up the DagBag from /home/airflow/.local/lib/python3.10/site-packages/airflow/example_dags/example_branch_labels.py
[2025-02-19T07:05:53.795+0000] {processor.py:840} INFO - DAG(s) 'example_branch_labels' retrieved from /home/airflow/.local/lib/python3.10/site-packages/airflow/example_dags/example_branch_labels.py
[2025-02-19T07:05:54.121+0000] {logging_mixin.py:188} INFO - [2025-02-19T07:05:54.120+0000] {dag.py:3036} INFO - Sync 1 DAGs
[2025-02-19T07:05:54.326+0000] {logging_mixin.py:188} INFO - [2025-02-19T07:05:54.325+0000] {dag.py:3823} INFO - Setting next_dagrun for example_branch_labels to 2025-02-18 00:00:00+00:00, run_after=2025-02-19 00:00:00+00:00
[2025-02-19T07:05:54.780+0000] {processor.py:183} INFO - Processing /home/airflow/.local/lib/python3.10/site-packages/airflow/example_dags/example_branch_labels.py took 1.067 seconds
