[2025-02-19T05:56:11.032+0000] {processor.py:161} INFO - Started process (PID=55) to work on /home/airflow/.local/lib/python3.10/site-packages/airflow/example_dags/tutorial_objectstorage.py
[2025-02-19T05:56:11.036+0000] {processor.py:830} INFO - Processing file /home/airflow/.local/lib/python3.10/site-packages/airflow/example_dags/tutorial_objectstorage.py for tasks to queue
[2025-02-19T05:56:11.039+0000] {logging_mixin.py:188} INFO - [2025-02-19T05:56:11.038+0000] {dagbag.py:538} INFO - Filling up the DagBag from /home/airflow/.local/lib/python3.10/site-packages/airflow/example_dags/tutorial_objectstorage.py
[2025-02-19T05:56:11.064+0000] {processor.py:840} INFO - DAG(s) 'tutorial_objectstorage' retrieved from /home/airflow/.local/lib/python3.10/site-packages/airflow/example_dags/tutorial_objectstorage.py
[2025-02-19T05:56:11.159+0000] {logging_mixin.py:188} INFO - [2025-02-19T05:56:11.158+0000] {dag.py:3036} INFO - Sync 1 DAGs
[2025-02-19T05:56:11.216+0000] {logging_mixin.py:188} INFO - [2025-02-19T05:56:11.216+0000] {dag.py:3823} INFO - Setting next_dagrun for tutorial_objectstorage to None, run_after=None
[2025-02-19T05:56:11.376+0000] {processor.py:183} INFO - Processing /home/airflow/.local/lib/python3.10/site-packages/airflow/example_dags/tutorial_objectstorage.py took 0.362 seconds
[2025-02-19T05:58:40.223+0000] {processor.py:161} INFO - Started process (PID=104) to work on /home/airflow/.local/lib/python3.10/site-packages/airflow/example_dags/tutorial_objectstorage.py
[2025-02-19T05:58:40.236+0000] {processor.py:830} INFO - Processing file /home/airflow/.local/lib/python3.10/site-packages/airflow/example_dags/tutorial_objectstorage.py for tasks to queue
[2025-02-19T05:58:40.240+0000] {logging_mixin.py:188} INFO - [2025-02-19T05:58:40.239+0000] {dagbag.py:538} INFO - Filling up the DagBag from /home/airflow/.local/lib/python3.10/site-packages/airflow/example_dags/tutorial_objectstorage.py
[2025-02-19T05:58:40.521+0000] {processor.py:840} INFO - DAG(s) 'tutorial_objectstorage' retrieved from /home/airflow/.local/lib/python3.10/site-packages/airflow/example_dags/tutorial_objectstorage.py
[2025-02-19T05:58:40.657+0000] {logging_mixin.py:188} INFO - [2025-02-19T05:58:40.649+0000] {dag.py:3036} INFO - Sync 1 DAGs
[2025-02-19T05:58:40.742+0000] {logging_mixin.py:188} INFO - [2025-02-19T05:58:40.742+0000] {dag.py:3823} INFO - Setting next_dagrun for tutorial_objectstorage to None, run_after=None
[2025-02-19T05:58:41.500+0000] {processor.py:183} INFO - Processing /home/airflow/.local/lib/python3.10/site-packages/airflow/example_dags/tutorial_objectstorage.py took 1.285 seconds
[2025-02-19T06:00:03.852+0000] {processor.py:161} INFO - Started process (PID=150) to work on /home/airflow/.local/lib/python3.10/site-packages/airflow/example_dags/tutorial_objectstorage.py
[2025-02-19T06:00:03.856+0000] {processor.py:830} INFO - Processing file /home/airflow/.local/lib/python3.10/site-packages/airflow/example_dags/tutorial_objectstorage.py for tasks to queue
[2025-02-19T06:00:03.859+0000] {logging_mixin.py:188} INFO - [2025-02-19T06:00:03.858+0000] {dagbag.py:538} INFO - Filling up the DagBag from /home/airflow/.local/lib/python3.10/site-packages/airflow/example_dags/tutorial_objectstorage.py
[2025-02-19T06:00:03.897+0000] {processor.py:840} INFO - DAG(s) 'tutorial_objectstorage' retrieved from /home/airflow/.local/lib/python3.10/site-packages/airflow/example_dags/tutorial_objectstorage.py
[2025-02-19T06:00:03.999+0000] {logging_mixin.py:188} INFO - [2025-02-19T06:00:03.999+0000] {dag.py:3036} INFO - Sync 1 DAGs
[2025-02-19T06:00:04.069+0000] {logging_mixin.py:188} INFO - [2025-02-19T06:00:04.068+0000] {dag.py:3823} INFO - Setting next_dagrun for tutorial_objectstorage to None, run_after=None
[2025-02-19T06:00:04.240+0000] {processor.py:183} INFO - Processing /home/airflow/.local/lib/python3.10/site-packages/airflow/example_dags/tutorial_objectstorage.py took 0.403 seconds
[2025-02-19T06:02:05.366+0000] {processor.py:161} INFO - Started process (PID=216) to work on /home/airflow/.local/lib/python3.10/site-packages/airflow/example_dags/tutorial_objectstorage.py
[2025-02-19T06:02:05.381+0000] {processor.py:830} INFO - Processing file /home/airflow/.local/lib/python3.10/site-packages/airflow/example_dags/tutorial_objectstorage.py for tasks to queue
[2025-02-19T06:02:05.393+0000] {logging_mixin.py:188} INFO - [2025-02-19T06:02:05.383+0000] {dagbag.py:538} INFO - Filling up the DagBag from /home/airflow/.local/lib/python3.10/site-packages/airflow/example_dags/tutorial_objectstorage.py
[2025-02-19T06:02:05.445+0000] {processor.py:840} INFO - DAG(s) 'tutorial_objectstorage' retrieved from /home/airflow/.local/lib/python3.10/site-packages/airflow/example_dags/tutorial_objectstorage.py
[2025-02-19T06:02:05.551+0000] {logging_mixin.py:188} INFO - [2025-02-19T06:02:05.545+0000] {dag.py:3036} INFO - Sync 1 DAGs
[2025-02-19T06:02:05.627+0000] {logging_mixin.py:188} INFO - [2025-02-19T06:02:05.627+0000] {dag.py:3823} INFO - Setting next_dagrun for tutorial_objectstorage to None, run_after=None
[2025-02-19T06:02:05.818+0000] {processor.py:183} INFO - Processing /home/airflow/.local/lib/python3.10/site-packages/airflow/example_dags/tutorial_objectstorage.py took 0.473 seconds
[2025-02-19T06:03:49.375+0000] {processor.py:161} INFO - Started process (PID=280) to work on /home/airflow/.local/lib/python3.10/site-packages/airflow/example_dags/tutorial_objectstorage.py
[2025-02-19T06:03:49.378+0000] {processor.py:830} INFO - Processing file /home/airflow/.local/lib/python3.10/site-packages/airflow/example_dags/tutorial_objectstorage.py for tasks to queue
[2025-02-19T06:03:49.380+0000] {logging_mixin.py:188} INFO - [2025-02-19T06:03:49.380+0000] {dagbag.py:538} INFO - Filling up the DagBag from /home/airflow/.local/lib/python3.10/site-packages/airflow/example_dags/tutorial_objectstorage.py
[2025-02-19T06:03:49.400+0000] {processor.py:840} INFO - DAG(s) 'tutorial_objectstorage' retrieved from /home/airflow/.local/lib/python3.10/site-packages/airflow/example_dags/tutorial_objectstorage.py
[2025-02-19T06:03:49.457+0000] {logging_mixin.py:188} INFO - [2025-02-19T06:03:49.457+0000] {dag.py:3036} INFO - Sync 1 DAGs
[2025-02-19T06:03:49.491+0000] {logging_mixin.py:188} INFO - [2025-02-19T06:03:49.490+0000] {dag.py:3823} INFO - Setting next_dagrun for tutorial_objectstorage to None, run_after=None
[2025-02-19T06:03:49.637+0000] {processor.py:183} INFO - Processing /home/airflow/.local/lib/python3.10/site-packages/airflow/example_dags/tutorial_objectstorage.py took 0.268 seconds
[2025-02-19T06:05:34.262+0000] {processor.py:161} INFO - Started process (PID=343) to work on /home/airflow/.local/lib/python3.10/site-packages/airflow/example_dags/tutorial_objectstorage.py
[2025-02-19T06:05:34.274+0000] {processor.py:830} INFO - Processing file /home/airflow/.local/lib/python3.10/site-packages/airflow/example_dags/tutorial_objectstorage.py for tasks to queue
[2025-02-19T06:05:34.277+0000] {logging_mixin.py:188} INFO - [2025-02-19T06:05:34.276+0000] {dagbag.py:538} INFO - Filling up the DagBag from /home/airflow/.local/lib/python3.10/site-packages/airflow/example_dags/tutorial_objectstorage.py
[2025-02-19T06:05:34.304+0000] {processor.py:840} INFO - DAG(s) 'tutorial_objectstorage' retrieved from /home/airflow/.local/lib/python3.10/site-packages/airflow/example_dags/tutorial_objectstorage.py
[2025-02-19T06:05:34.379+0000] {logging_mixin.py:188} INFO - [2025-02-19T06:05:34.378+0000] {dag.py:3036} INFO - Sync 1 DAGs
[2025-02-19T06:05:34.416+0000] {logging_mixin.py:188} INFO - [2025-02-19T06:05:34.415+0000] {dag.py:3823} INFO - Setting next_dagrun for tutorial_objectstorage to None, run_after=None
[2025-02-19T06:05:34.555+0000] {processor.py:183} INFO - Processing /home/airflow/.local/lib/python3.10/site-packages/airflow/example_dags/tutorial_objectstorage.py took 0.301 seconds
[2025-02-19T06:07:47.743+0000] {processor.py:161} INFO - Started process (PID=407) to work on /home/airflow/.local/lib/python3.10/site-packages/airflow/example_dags/tutorial_objectstorage.py
[2025-02-19T06:07:47.746+0000] {processor.py:830} INFO - Processing file /home/airflow/.local/lib/python3.10/site-packages/airflow/example_dags/tutorial_objectstorage.py for tasks to queue
[2025-02-19T06:07:47.749+0000] {logging_mixin.py:188} INFO - [2025-02-19T06:07:47.748+0000] {dagbag.py:538} INFO - Filling up the DagBag from /home/airflow/.local/lib/python3.10/site-packages/airflow/example_dags/tutorial_objectstorage.py
[2025-02-19T06:07:47.763+0000] {processor.py:840} INFO - DAG(s) 'tutorial_objectstorage' retrieved from /home/airflow/.local/lib/python3.10/site-packages/airflow/example_dags/tutorial_objectstorage.py
[2025-02-19T06:07:47.806+0000] {logging_mixin.py:188} INFO - [2025-02-19T06:07:47.806+0000] {dag.py:3036} INFO - Sync 1 DAGs
[2025-02-19T06:07:47.831+0000] {logging_mixin.py:188} INFO - [2025-02-19T06:07:47.830+0000] {dag.py:3823} INFO - Setting next_dagrun for tutorial_objectstorage to None, run_after=None
[2025-02-19T06:07:47.996+0000] {processor.py:183} INFO - Processing /home/airflow/.local/lib/python3.10/site-packages/airflow/example_dags/tutorial_objectstorage.py took 0.257 seconds
[2025-02-19T06:09:33.093+0000] {processor.py:161} INFO - Started process (PID=470) to work on /home/airflow/.local/lib/python3.10/site-packages/airflow/example_dags/tutorial_objectstorage.py
[2025-02-19T06:09:33.097+0000] {processor.py:830} INFO - Processing file /home/airflow/.local/lib/python3.10/site-packages/airflow/example_dags/tutorial_objectstorage.py for tasks to queue
[2025-02-19T06:09:33.101+0000] {logging_mixin.py:188} INFO - [2025-02-19T06:09:33.099+0000] {dagbag.py:538} INFO - Filling up the DagBag from /home/airflow/.local/lib/python3.10/site-packages/airflow/example_dags/tutorial_objectstorage.py
[2025-02-19T06:09:33.136+0000] {processor.py:840} INFO - DAG(s) 'tutorial_objectstorage' retrieved from /home/airflow/.local/lib/python3.10/site-packages/airflow/example_dags/tutorial_objectstorage.py
[2025-02-19T06:09:33.231+0000] {logging_mixin.py:188} INFO - [2025-02-19T06:09:33.230+0000] {dag.py:3036} INFO - Sync 1 DAGs
[2025-02-19T06:09:33.282+0000] {logging_mixin.py:188} INFO - [2025-02-19T06:09:33.281+0000] {dag.py:3823} INFO - Setting next_dagrun for tutorial_objectstorage to None, run_after=None
[2025-02-19T06:09:33.470+0000] {processor.py:183} INFO - Processing /home/airflow/.local/lib/python3.10/site-packages/airflow/example_dags/tutorial_objectstorage.py took 0.387 seconds
[2025-02-19T06:11:19.461+0000] {processor.py:161} INFO - Started process (PID=533) to work on /home/airflow/.local/lib/python3.10/site-packages/airflow/example_dags/tutorial_objectstorage.py
[2025-02-19T06:11:19.472+0000] {processor.py:830} INFO - Processing file /home/airflow/.local/lib/python3.10/site-packages/airflow/example_dags/tutorial_objectstorage.py for tasks to queue
[2025-02-19T06:11:19.476+0000] {logging_mixin.py:188} INFO - [2025-02-19T06:11:19.475+0000] {dagbag.py:538} INFO - Filling up the DagBag from /home/airflow/.local/lib/python3.10/site-packages/airflow/example_dags/tutorial_objectstorage.py
[2025-02-19T06:11:19.529+0000] {processor.py:840} INFO - DAG(s) 'tutorial_objectstorage' retrieved from /home/airflow/.local/lib/python3.10/site-packages/airflow/example_dags/tutorial_objectstorage.py
[2025-02-19T06:11:19.642+0000] {logging_mixin.py:188} INFO - [2025-02-19T06:11:19.641+0000] {dag.py:3036} INFO - Sync 1 DAGs
[2025-02-19T06:11:19.700+0000] {logging_mixin.py:188} INFO - [2025-02-19T06:11:19.700+0000] {dag.py:3823} INFO - Setting next_dagrun for tutorial_objectstorage to None, run_after=None
[2025-02-19T06:11:19.958+0000] {processor.py:183} INFO - Processing /home/airflow/.local/lib/python3.10/site-packages/airflow/example_dags/tutorial_objectstorage.py took 0.508 seconds
[2025-02-19T06:13:13.609+0000] {processor.py:161} INFO - Started process (PID=598) to work on /home/airflow/.local/lib/python3.10/site-packages/airflow/example_dags/tutorial_objectstorage.py
[2025-02-19T06:13:13.613+0000] {processor.py:830} INFO - Processing file /home/airflow/.local/lib/python3.10/site-packages/airflow/example_dags/tutorial_objectstorage.py for tasks to queue
[2025-02-19T06:13:13.617+0000] {logging_mixin.py:188} INFO - [2025-02-19T06:13:13.616+0000] {dagbag.py:538} INFO - Filling up the DagBag from /home/airflow/.local/lib/python3.10/site-packages/airflow/example_dags/tutorial_objectstorage.py
[2025-02-19T06:13:13.656+0000] {processor.py:840} INFO - DAG(s) 'tutorial_objectstorage' retrieved from /home/airflow/.local/lib/python3.10/site-packages/airflow/example_dags/tutorial_objectstorage.py
[2025-02-19T06:13:13.757+0000] {logging_mixin.py:188} INFO - [2025-02-19T06:13:13.756+0000] {dag.py:3036} INFO - Sync 1 DAGs
[2025-02-19T06:13:13.832+0000] {logging_mixin.py:188} INFO - [2025-02-19T06:13:13.831+0000] {dag.py:3823} INFO - Setting next_dagrun for tutorial_objectstorage to None, run_after=None
[2025-02-19T06:13:14.021+0000] {processor.py:183} INFO - Processing /home/airflow/.local/lib/python3.10/site-packages/airflow/example_dags/tutorial_objectstorage.py took 0.428 seconds
[2025-02-19T06:14:50.881+0000] {processor.py:161} INFO - Started process (PID=659) to work on /home/airflow/.local/lib/python3.10/site-packages/airflow/example_dags/tutorial_objectstorage.py
[2025-02-19T06:14:50.884+0000] {processor.py:830} INFO - Processing file /home/airflow/.local/lib/python3.10/site-packages/airflow/example_dags/tutorial_objectstorage.py for tasks to queue
[2025-02-19T06:14:50.887+0000] {logging_mixin.py:188} INFO - [2025-02-19T06:14:50.886+0000] {dagbag.py:538} INFO - Filling up the DagBag from /home/airflow/.local/lib/python3.10/site-packages/airflow/example_dags/tutorial_objectstorage.py
[2025-02-19T06:14:50.904+0000] {processor.py:840} INFO - DAG(s) 'tutorial_objectstorage' retrieved from /home/airflow/.local/lib/python3.10/site-packages/airflow/example_dags/tutorial_objectstorage.py
[2025-02-19T06:14:50.976+0000] {logging_mixin.py:188} INFO - [2025-02-19T06:14:50.975+0000] {dag.py:3036} INFO - Sync 1 DAGs
[2025-02-19T06:14:51.024+0000] {logging_mixin.py:188} INFO - [2025-02-19T06:14:51.023+0000] {dag.py:3823} INFO - Setting next_dagrun for tutorial_objectstorage to None, run_after=None
[2025-02-19T06:14:51.168+0000] {processor.py:183} INFO - Processing /home/airflow/.local/lib/python3.10/site-packages/airflow/example_dags/tutorial_objectstorage.py took 0.296 seconds
[2025-02-19T06:16:27.697+0000] {processor.py:161} INFO - Started process (PID=719) to work on /home/airflow/.local/lib/python3.10/site-packages/airflow/example_dags/tutorial_objectstorage.py
[2025-02-19T06:16:27.709+0000] {processor.py:830} INFO - Processing file /home/airflow/.local/lib/python3.10/site-packages/airflow/example_dags/tutorial_objectstorage.py for tasks to queue
[2025-02-19T06:16:27.716+0000] {logging_mixin.py:188} INFO - [2025-02-19T06:16:27.715+0000] {dagbag.py:538} INFO - Filling up the DagBag from /home/airflow/.local/lib/python3.10/site-packages/airflow/example_dags/tutorial_objectstorage.py
[2025-02-19T06:16:27.790+0000] {processor.py:840} INFO - DAG(s) 'tutorial_objectstorage' retrieved from /home/airflow/.local/lib/python3.10/site-packages/airflow/example_dags/tutorial_objectstorage.py
[2025-02-19T06:16:27.995+0000] {logging_mixin.py:188} INFO - [2025-02-19T06:16:27.994+0000] {dag.py:3036} INFO - Sync 1 DAGs
[2025-02-19T06:16:28.151+0000] {logging_mixin.py:188} INFO - [2025-02-19T06:16:28.151+0000] {dag.py:3823} INFO - Setting next_dagrun for tutorial_objectstorage to None, run_after=None
[2025-02-19T06:16:28.474+0000] {processor.py:183} INFO - Processing /home/airflow/.local/lib/python3.10/site-packages/airflow/example_dags/tutorial_objectstorage.py took 0.795 seconds
[2025-02-19T06:18:28.201+0000] {processor.py:161} INFO - Started process (PID=787) to work on /home/airflow/.local/lib/python3.10/site-packages/airflow/example_dags/tutorial_objectstorage.py
[2025-02-19T06:18:28.231+0000] {processor.py:830} INFO - Processing file /home/airflow/.local/lib/python3.10/site-packages/airflow/example_dags/tutorial_objectstorage.py for tasks to queue
[2025-02-19T06:18:28.234+0000] {logging_mixin.py:188} INFO - [2025-02-19T06:18:28.233+0000] {dagbag.py:538} INFO - Filling up the DagBag from /home/airflow/.local/lib/python3.10/site-packages/airflow/example_dags/tutorial_objectstorage.py
[2025-02-19T06:18:28.260+0000] {processor.py:840} INFO - DAG(s) 'tutorial_objectstorage' retrieved from /home/airflow/.local/lib/python3.10/site-packages/airflow/example_dags/tutorial_objectstorage.py
[2025-02-19T06:18:28.361+0000] {logging_mixin.py:188} INFO - [2025-02-19T06:18:28.360+0000] {dag.py:3036} INFO - Sync 1 DAGs
[2025-02-19T06:18:28.435+0000] {logging_mixin.py:188} INFO - [2025-02-19T06:18:28.428+0000] {dag.py:3823} INFO - Setting next_dagrun for tutorial_objectstorage to None, run_after=None
[2025-02-19T06:18:28.605+0000] {processor.py:183} INFO - Processing /home/airflow/.local/lib/python3.10/site-packages/airflow/example_dags/tutorial_objectstorage.py took 0.416 seconds
[2025-02-19T06:19:58.526+0000] {processor.py:161} INFO - Started process (PID=846) to work on /home/airflow/.local/lib/python3.10/site-packages/airflow/example_dags/tutorial_objectstorage.py
[2025-02-19T06:19:58.529+0000] {processor.py:830} INFO - Processing file /home/airflow/.local/lib/python3.10/site-packages/airflow/example_dags/tutorial_objectstorage.py for tasks to queue
[2025-02-19T06:19:58.539+0000] {logging_mixin.py:188} INFO - [2025-02-19T06:19:58.537+0000] {dagbag.py:538} INFO - Filling up the DagBag from /home/airflow/.local/lib/python3.10/site-packages/airflow/example_dags/tutorial_objectstorage.py
[2025-02-19T06:19:58.562+0000] {processor.py:840} INFO - DAG(s) 'tutorial_objectstorage' retrieved from /home/airflow/.local/lib/python3.10/site-packages/airflow/example_dags/tutorial_objectstorage.py
[2025-02-19T06:19:58.613+0000] {logging_mixin.py:188} INFO - [2025-02-19T06:19:58.612+0000] {dag.py:3036} INFO - Sync 1 DAGs
[2025-02-19T06:19:58.649+0000] {logging_mixin.py:188} INFO - [2025-02-19T06:19:58.648+0000] {dag.py:3823} INFO - Setting next_dagrun for tutorial_objectstorage to None, run_after=None
[2025-02-19T06:19:58.786+0000] {processor.py:183} INFO - Processing /home/airflow/.local/lib/python3.10/site-packages/airflow/example_dags/tutorial_objectstorage.py took 0.272 seconds
[2025-02-19T06:21:45.075+0000] {processor.py:161} INFO - Started process (PID=908) to work on /home/airflow/.local/lib/python3.10/site-packages/airflow/example_dags/tutorial_objectstorage.py
[2025-02-19T06:21:45.078+0000] {processor.py:830} INFO - Processing file /home/airflow/.local/lib/python3.10/site-packages/airflow/example_dags/tutorial_objectstorage.py for tasks to queue
[2025-02-19T06:21:45.081+0000] {logging_mixin.py:188} INFO - [2025-02-19T06:21:45.080+0000] {dagbag.py:538} INFO - Filling up the DagBag from /home/airflow/.local/lib/python3.10/site-packages/airflow/example_dags/tutorial_objectstorage.py
[2025-02-19T06:21:45.137+0000] {processor.py:840} INFO - DAG(s) 'tutorial_objectstorage' retrieved from /home/airflow/.local/lib/python3.10/site-packages/airflow/example_dags/tutorial_objectstorage.py
[2025-02-19T06:21:45.210+0000] {logging_mixin.py:188} INFO - [2025-02-19T06:21:45.209+0000] {dag.py:3036} INFO - Sync 1 DAGs
[2025-02-19T06:21:45.299+0000] {logging_mixin.py:188} INFO - [2025-02-19T06:21:45.298+0000] {dag.py:3823} INFO - Setting next_dagrun for tutorial_objectstorage to None, run_after=None
[2025-02-19T06:21:45.542+0000] {processor.py:183} INFO - Processing /home/airflow/.local/lib/python3.10/site-packages/airflow/example_dags/tutorial_objectstorage.py took 0.485 seconds
[2025-02-19T06:23:51.631+0000] {processor.py:161} INFO - Started process (PID=972) to work on /home/airflow/.local/lib/python3.10/site-packages/airflow/example_dags/tutorial_objectstorage.py
[2025-02-19T06:23:51.641+0000] {processor.py:830} INFO - Processing file /home/airflow/.local/lib/python3.10/site-packages/airflow/example_dags/tutorial_objectstorage.py for tasks to queue
[2025-02-19T06:23:51.644+0000] {logging_mixin.py:188} INFO - [2025-02-19T06:23:51.643+0000] {dagbag.py:538} INFO - Filling up the DagBag from /home/airflow/.local/lib/python3.10/site-packages/airflow/example_dags/tutorial_objectstorage.py
[2025-02-19T06:23:51.674+0000] {processor.py:840} INFO - DAG(s) 'tutorial_objectstorage' retrieved from /home/airflow/.local/lib/python3.10/site-packages/airflow/example_dags/tutorial_objectstorage.py
[2025-02-19T06:23:51.755+0000] {logging_mixin.py:188} INFO - [2025-02-19T06:23:51.755+0000] {dag.py:3036} INFO - Sync 1 DAGs
[2025-02-19T06:23:51.821+0000] {logging_mixin.py:188} INFO - [2025-02-19T06:23:51.821+0000] {dag.py:3823} INFO - Setting next_dagrun for tutorial_objectstorage to None, run_after=None
[2025-02-19T06:23:52.011+0000] {processor.py:183} INFO - Processing /home/airflow/.local/lib/python3.10/site-packages/airflow/example_dags/tutorial_objectstorage.py took 0.389 seconds
[2025-02-19T06:26:02.339+0000] {processor.py:161} INFO - Started process (PID=1040) to work on /home/airflow/.local/lib/python3.10/site-packages/airflow/example_dags/tutorial_objectstorage.py
[2025-02-19T06:26:02.342+0000] {processor.py:830} INFO - Processing file /home/airflow/.local/lib/python3.10/site-packages/airflow/example_dags/tutorial_objectstorage.py for tasks to queue
[2025-02-19T06:26:02.344+0000] {logging_mixin.py:188} INFO - [2025-02-19T06:26:02.343+0000] {dagbag.py:538} INFO - Filling up the DagBag from /home/airflow/.local/lib/python3.10/site-packages/airflow/example_dags/tutorial_objectstorage.py
[2025-02-19T06:26:02.368+0000] {processor.py:840} INFO - DAG(s) 'tutorial_objectstorage' retrieved from /home/airflow/.local/lib/python3.10/site-packages/airflow/example_dags/tutorial_objectstorage.py
[2025-02-19T06:26:02.447+0000] {logging_mixin.py:188} INFO - [2025-02-19T06:26:02.444+0000] {dag.py:3036} INFO - Sync 1 DAGs
[2025-02-19T06:26:02.516+0000] {logging_mixin.py:188} INFO - [2025-02-19T06:26:02.515+0000] {dag.py:3823} INFO - Setting next_dagrun for tutorial_objectstorage to None, run_after=None
[2025-02-19T06:26:02.697+0000] {processor.py:183} INFO - Processing /home/airflow/.local/lib/python3.10/site-packages/airflow/example_dags/tutorial_objectstorage.py took 0.365 seconds
[2025-02-19T06:30:35.578+0000] {processor.py:161} INFO - Started process (PID=55) to work on /home/airflow/.local/lib/python3.10/site-packages/airflow/example_dags/tutorial_objectstorage.py
[2025-02-19T06:30:35.583+0000] {processor.py:830} INFO - Processing file /home/airflow/.local/lib/python3.10/site-packages/airflow/example_dags/tutorial_objectstorage.py for tasks to queue
[2025-02-19T06:30:35.586+0000] {logging_mixin.py:188} INFO - [2025-02-19T06:30:35.585+0000] {dagbag.py:538} INFO - Filling up the DagBag from /home/airflow/.local/lib/python3.10/site-packages/airflow/example_dags/tutorial_objectstorage.py
[2025-02-19T06:30:35.615+0000] {processor.py:840} INFO - DAG(s) 'tutorial_objectstorage' retrieved from /home/airflow/.local/lib/python3.10/site-packages/airflow/example_dags/tutorial_objectstorage.py
[2025-02-19T06:30:35.700+0000] {logging_mixin.py:188} INFO - [2025-02-19T06:30:35.699+0000] {dag.py:3036} INFO - Sync 1 DAGs
[2025-02-19T06:30:35.776+0000] {logging_mixin.py:188} INFO - [2025-02-19T06:30:35.775+0000] {dag.py:3823} INFO - Setting next_dagrun for tutorial_objectstorage to None, run_after=None
[2025-02-19T06:30:35.994+0000] {processor.py:183} INFO - Processing /home/airflow/.local/lib/python3.10/site-packages/airflow/example_dags/tutorial_objectstorage.py took 0.425 seconds
[2025-02-19T06:32:09.984+0000] {processor.py:161} INFO - Started process (PID=104) to work on /home/airflow/.local/lib/python3.10/site-packages/airflow/example_dags/tutorial_objectstorage.py
[2025-02-19T06:32:10.007+0000] {processor.py:830} INFO - Processing file /home/airflow/.local/lib/python3.10/site-packages/airflow/example_dags/tutorial_objectstorage.py for tasks to queue
[2025-02-19T06:32:10.017+0000] {logging_mixin.py:188} INFO - [2025-02-19T06:32:10.016+0000] {dagbag.py:538} INFO - Filling up the DagBag from /home/airflow/.local/lib/python3.10/site-packages/airflow/example_dags/tutorial_objectstorage.py
[2025-02-19T06:32:10.075+0000] {processor.py:840} INFO - DAG(s) 'tutorial_objectstorage' retrieved from /home/airflow/.local/lib/python3.10/site-packages/airflow/example_dags/tutorial_objectstorage.py
[2025-02-19T06:32:10.206+0000] {logging_mixin.py:188} INFO - [2025-02-19T06:32:10.205+0000] {dag.py:3036} INFO - Sync 1 DAGs
[2025-02-19T06:32:10.317+0000] {logging_mixin.py:188} INFO - [2025-02-19T06:32:10.316+0000] {dag.py:3823} INFO - Setting next_dagrun for tutorial_objectstorage to None, run_after=None
[2025-02-19T06:32:10.593+0000] {processor.py:183} INFO - Processing /home/airflow/.local/lib/python3.10/site-packages/airflow/example_dags/tutorial_objectstorage.py took 0.618 seconds
[2025-02-19T06:34:18.409+0000] {processor.py:161} INFO - Started process (PID=172) to work on /home/airflow/.local/lib/python3.10/site-packages/airflow/example_dags/tutorial_objectstorage.py
[2025-02-19T06:34:18.413+0000] {processor.py:830} INFO - Processing file /home/airflow/.local/lib/python3.10/site-packages/airflow/example_dags/tutorial_objectstorage.py for tasks to queue
[2025-02-19T06:34:18.416+0000] {logging_mixin.py:188} INFO - [2025-02-19T06:34:18.415+0000] {dagbag.py:538} INFO - Filling up the DagBag from /home/airflow/.local/lib/python3.10/site-packages/airflow/example_dags/tutorial_objectstorage.py
[2025-02-19T06:34:18.456+0000] {processor.py:840} INFO - DAG(s) 'tutorial_objectstorage' retrieved from /home/airflow/.local/lib/python3.10/site-packages/airflow/example_dags/tutorial_objectstorage.py
[2025-02-19T06:34:18.552+0000] {logging_mixin.py:188} INFO - [2025-02-19T06:34:18.552+0000] {dag.py:3036} INFO - Sync 1 DAGs
[2025-02-19T06:34:18.609+0000] {logging_mixin.py:188} INFO - [2025-02-19T06:34:18.609+0000] {dag.py:3823} INFO - Setting next_dagrun for tutorial_objectstorage to None, run_after=None
[2025-02-19T06:34:18.790+0000] {processor.py:183} INFO - Processing /home/airflow/.local/lib/python3.10/site-packages/airflow/example_dags/tutorial_objectstorage.py took 0.400 seconds
[2025-02-19T06:35:48.794+0000] {processor.py:161} INFO - Started process (PID=231) to work on /home/airflow/.local/lib/python3.10/site-packages/airflow/example_dags/tutorial_objectstorage.py
[2025-02-19T06:35:48.800+0000] {processor.py:830} INFO - Processing file /home/airflow/.local/lib/python3.10/site-packages/airflow/example_dags/tutorial_objectstorage.py for tasks to queue
[2025-02-19T06:35:48.805+0000] {logging_mixin.py:188} INFO - [2025-02-19T06:35:48.804+0000] {dagbag.py:538} INFO - Filling up the DagBag from /home/airflow/.local/lib/python3.10/site-packages/airflow/example_dags/tutorial_objectstorage.py
[2025-02-19T06:35:48.861+0000] {processor.py:840} INFO - DAG(s) 'tutorial_objectstorage' retrieved from /home/airflow/.local/lib/python3.10/site-packages/airflow/example_dags/tutorial_objectstorage.py
[2025-02-19T06:35:49.005+0000] {logging_mixin.py:188} INFO - [2025-02-19T06:35:49.004+0000] {dag.py:3036} INFO - Sync 1 DAGs
[2025-02-19T06:35:49.131+0000] {logging_mixin.py:188} INFO - [2025-02-19T06:35:49.130+0000] {dag.py:3823} INFO - Setting next_dagrun for tutorial_objectstorage to None, run_after=None
[2025-02-19T06:35:49.376+0000] {processor.py:183} INFO - Processing /home/airflow/.local/lib/python3.10/site-packages/airflow/example_dags/tutorial_objectstorage.py took 0.603 seconds
[2025-02-19T06:37:46.753+0000] {processor.py:161} INFO - Started process (PID=296) to work on /home/airflow/.local/lib/python3.10/site-packages/airflow/example_dags/tutorial_objectstorage.py
[2025-02-19T06:37:46.755+0000] {processor.py:830} INFO - Processing file /home/airflow/.local/lib/python3.10/site-packages/airflow/example_dags/tutorial_objectstorage.py for tasks to queue
[2025-02-19T06:37:46.757+0000] {logging_mixin.py:188} INFO - [2025-02-19T06:37:46.756+0000] {dagbag.py:538} INFO - Filling up the DagBag from /home/airflow/.local/lib/python3.10/site-packages/airflow/example_dags/tutorial_objectstorage.py
[2025-02-19T06:37:46.774+0000] {processor.py:840} INFO - DAG(s) 'tutorial_objectstorage' retrieved from /home/airflow/.local/lib/python3.10/site-packages/airflow/example_dags/tutorial_objectstorage.py
[2025-02-19T06:37:46.815+0000] {logging_mixin.py:188} INFO - [2025-02-19T06:37:46.814+0000] {dag.py:3036} INFO - Sync 1 DAGs
[2025-02-19T06:37:46.838+0000] {logging_mixin.py:188} INFO - [2025-02-19T06:37:46.838+0000] {dag.py:3823} INFO - Setting next_dagrun for tutorial_objectstorage to None, run_after=None
[2025-02-19T06:37:46.937+0000] {processor.py:183} INFO - Processing /home/airflow/.local/lib/python3.10/site-packages/airflow/example_dags/tutorial_objectstorage.py took 0.189 seconds
[2025-02-19T06:39:13.720+0000] {processor.py:161} INFO - Started process (PID=353) to work on /home/airflow/.local/lib/python3.10/site-packages/airflow/example_dags/tutorial_objectstorage.py
[2025-02-19T06:39:13.723+0000] {processor.py:830} INFO - Processing file /home/airflow/.local/lib/python3.10/site-packages/airflow/example_dags/tutorial_objectstorage.py for tasks to queue
[2025-02-19T06:39:13.726+0000] {logging_mixin.py:188} INFO - [2025-02-19T06:39:13.725+0000] {dagbag.py:538} INFO - Filling up the DagBag from /home/airflow/.local/lib/python3.10/site-packages/airflow/example_dags/tutorial_objectstorage.py
[2025-02-19T06:39:13.742+0000] {processor.py:840} INFO - DAG(s) 'tutorial_objectstorage' retrieved from /home/airflow/.local/lib/python3.10/site-packages/airflow/example_dags/tutorial_objectstorage.py
[2025-02-19T06:39:13.795+0000] {logging_mixin.py:188} INFO - [2025-02-19T06:39:13.794+0000] {dag.py:3036} INFO - Sync 1 DAGs
[2025-02-19T06:39:13.824+0000] {logging_mixin.py:188} INFO - [2025-02-19T06:39:13.824+0000] {dag.py:3823} INFO - Setting next_dagrun for tutorial_objectstorage to None, run_after=None
[2025-02-19T06:39:13.967+0000] {processor.py:183} INFO - Processing /home/airflow/.local/lib/python3.10/site-packages/airflow/example_dags/tutorial_objectstorage.py took 0.256 seconds
[2025-02-19T06:41:47.090+0000] {processor.py:161} INFO - Started process (PID=422) to work on /home/airflow/.local/lib/python3.10/site-packages/airflow/example_dags/tutorial_objectstorage.py
[2025-02-19T06:41:47.095+0000] {processor.py:830} INFO - Processing file /home/airflow/.local/lib/python3.10/site-packages/airflow/example_dags/tutorial_objectstorage.py for tasks to queue
[2025-02-19T06:41:47.098+0000] {logging_mixin.py:188} INFO - [2025-02-19T06:41:47.097+0000] {dagbag.py:538} INFO - Filling up the DagBag from /home/airflow/.local/lib/python3.10/site-packages/airflow/example_dags/tutorial_objectstorage.py
[2025-02-19T06:41:47.137+0000] {processor.py:840} INFO - DAG(s) 'tutorial_objectstorage' retrieved from /home/airflow/.local/lib/python3.10/site-packages/airflow/example_dags/tutorial_objectstorage.py
[2025-02-19T06:41:47.257+0000] {logging_mixin.py:188} INFO - [2025-02-19T06:41:47.257+0000] {dag.py:3036} INFO - Sync 1 DAGs
[2025-02-19T06:41:47.335+0000] {logging_mixin.py:188} INFO - [2025-02-19T06:41:47.334+0000] {dag.py:3823} INFO - Setting next_dagrun for tutorial_objectstorage to None, run_after=None
[2025-02-19T06:41:47.612+0000] {processor.py:183} INFO - Processing /home/airflow/.local/lib/python3.10/site-packages/airflow/example_dags/tutorial_objectstorage.py took 0.535 seconds
[2025-02-19T06:43:56.862+0000] {processor.py:161} INFO - Started process (PID=55) to work on /home/airflow/.local/lib/python3.10/site-packages/airflow/example_dags/tutorial_objectstorage.py
[2025-02-19T06:43:56.868+0000] {processor.py:830} INFO - Processing file /home/airflow/.local/lib/python3.10/site-packages/airflow/example_dags/tutorial_objectstorage.py for tasks to queue
[2025-02-19T06:43:56.872+0000] {logging_mixin.py:188} INFO - [2025-02-19T06:43:56.871+0000] {dagbag.py:538} INFO - Filling up the DagBag from /home/airflow/.local/lib/python3.10/site-packages/airflow/example_dags/tutorial_objectstorage.py
[2025-02-19T06:43:56.894+0000] {processor.py:840} INFO - DAG(s) 'tutorial_objectstorage' retrieved from /home/airflow/.local/lib/python3.10/site-packages/airflow/example_dags/tutorial_objectstorage.py
[2025-02-19T06:43:56.976+0000] {logging_mixin.py:188} INFO - [2025-02-19T06:43:56.975+0000] {dag.py:3036} INFO - Sync 1 DAGs
[2025-02-19T06:43:57.030+0000] {logging_mixin.py:188} INFO - [2025-02-19T06:43:57.030+0000] {dag.py:3823} INFO - Setting next_dagrun for tutorial_objectstorage to None, run_after=None
[2025-02-19T06:43:57.223+0000] {processor.py:183} INFO - Processing /home/airflow/.local/lib/python3.10/site-packages/airflow/example_dags/tutorial_objectstorage.py took 0.367 seconds
[2025-02-19T06:45:20.197+0000] {processor.py:161} INFO - Started process (PID=104) to work on /home/airflow/.local/lib/python3.10/site-packages/airflow/example_dags/tutorial_objectstorage.py
[2025-02-19T06:45:20.212+0000] {processor.py:830} INFO - Processing file /home/airflow/.local/lib/python3.10/site-packages/airflow/example_dags/tutorial_objectstorage.py for tasks to queue
[2025-02-19T06:45:20.218+0000] {logging_mixin.py:188} INFO - [2025-02-19T06:45:20.216+0000] {dagbag.py:538} INFO - Filling up the DagBag from /home/airflow/.local/lib/python3.10/site-packages/airflow/example_dags/tutorial_objectstorage.py
[2025-02-19T06:45:20.258+0000] {processor.py:840} INFO - DAG(s) 'tutorial_objectstorage' retrieved from /home/airflow/.local/lib/python3.10/site-packages/airflow/example_dags/tutorial_objectstorage.py
[2025-02-19T06:45:20.405+0000] {logging_mixin.py:188} INFO - [2025-02-19T06:45:20.403+0000] {dag.py:3036} INFO - Sync 1 DAGs
[2025-02-19T06:45:20.510+0000] {logging_mixin.py:188} INFO - [2025-02-19T06:45:20.503+0000] {dag.py:3823} INFO - Setting next_dagrun for tutorial_objectstorage to None, run_after=None
[2025-02-19T06:45:20.800+0000] {processor.py:183} INFO - Processing /home/airflow/.local/lib/python3.10/site-packages/airflow/example_dags/tutorial_objectstorage.py took 0.623 seconds
[2025-02-19T06:47:03.537+0000] {processor.py:161} INFO - Started process (PID=167) to work on /home/airflow/.local/lib/python3.10/site-packages/airflow/example_dags/tutorial_objectstorage.py
[2025-02-19T06:47:03.550+0000] {processor.py:830} INFO - Processing file /home/airflow/.local/lib/python3.10/site-packages/airflow/example_dags/tutorial_objectstorage.py for tasks to queue
[2025-02-19T06:47:03.554+0000] {logging_mixin.py:188} INFO - [2025-02-19T06:47:03.553+0000] {dagbag.py:538} INFO - Filling up the DagBag from /home/airflow/.local/lib/python3.10/site-packages/airflow/example_dags/tutorial_objectstorage.py
[2025-02-19T06:47:03.616+0000] {processor.py:840} INFO - DAG(s) 'tutorial_objectstorage' retrieved from /home/airflow/.local/lib/python3.10/site-packages/airflow/example_dags/tutorial_objectstorage.py
[2025-02-19T06:47:03.809+0000] {logging_mixin.py:188} INFO - [2025-02-19T06:47:03.808+0000] {dag.py:3036} INFO - Sync 1 DAGs
[2025-02-19T06:47:03.895+0000] {logging_mixin.py:188} INFO - [2025-02-19T06:47:03.895+0000] {dag.py:3823} INFO - Setting next_dagrun for tutorial_objectstorage to None, run_after=None
[2025-02-19T06:47:04.165+0000] {processor.py:183} INFO - Processing /home/airflow/.local/lib/python3.10/site-packages/airflow/example_dags/tutorial_objectstorage.py took 0.637 seconds
[2025-02-19T06:48:46.499+0000] {processor.py:161} INFO - Started process (PID=228) to work on /home/airflow/.local/lib/python3.10/site-packages/airflow/example_dags/tutorial_objectstorage.py
[2025-02-19T06:48:46.502+0000] {processor.py:830} INFO - Processing file /home/airflow/.local/lib/python3.10/site-packages/airflow/example_dags/tutorial_objectstorage.py for tasks to queue
[2025-02-19T06:48:46.513+0000] {logging_mixin.py:188} INFO - [2025-02-19T06:48:46.512+0000] {dagbag.py:538} INFO - Filling up the DagBag from /home/airflow/.local/lib/python3.10/site-packages/airflow/example_dags/tutorial_objectstorage.py
[2025-02-19T06:48:46.563+0000] {processor.py:840} INFO - DAG(s) 'tutorial_objectstorage' retrieved from /home/airflow/.local/lib/python3.10/site-packages/airflow/example_dags/tutorial_objectstorage.py
[2025-02-19T06:48:46.690+0000] {logging_mixin.py:188} INFO - [2025-02-19T06:48:46.689+0000] {dag.py:3036} INFO - Sync 1 DAGs
[2025-02-19T06:48:46.871+0000] {logging_mixin.py:188} INFO - [2025-02-19T06:48:46.870+0000] {dag.py:3823} INFO - Setting next_dagrun for tutorial_objectstorage to None, run_after=None
[2025-02-19T06:48:47.287+0000] {processor.py:183} INFO - Processing /home/airflow/.local/lib/python3.10/site-packages/airflow/example_dags/tutorial_objectstorage.py took 0.799 seconds
[2025-02-19T06:50:31.247+0000] {processor.py:161} INFO - Started process (PID=289) to work on /home/airflow/.local/lib/python3.10/site-packages/airflow/example_dags/tutorial_objectstorage.py
[2025-02-19T06:50:31.260+0000] {processor.py:830} INFO - Processing file /home/airflow/.local/lib/python3.10/site-packages/airflow/example_dags/tutorial_objectstorage.py for tasks to queue
[2025-02-19T06:50:31.265+0000] {logging_mixin.py:188} INFO - [2025-02-19T06:50:31.264+0000] {dagbag.py:538} INFO - Filling up the DagBag from /home/airflow/.local/lib/python3.10/site-packages/airflow/example_dags/tutorial_objectstorage.py
[2025-02-19T06:50:31.296+0000] {processor.py:840} INFO - DAG(s) 'tutorial_objectstorage' retrieved from /home/airflow/.local/lib/python3.10/site-packages/airflow/example_dags/tutorial_objectstorage.py
[2025-02-19T06:50:31.368+0000] {logging_mixin.py:188} INFO - [2025-02-19T06:50:31.367+0000] {dag.py:3036} INFO - Sync 1 DAGs
[2025-02-19T06:50:31.417+0000] {logging_mixin.py:188} INFO - [2025-02-19T06:50:31.417+0000] {dag.py:3823} INFO - Setting next_dagrun for tutorial_objectstorage to None, run_after=None
[2025-02-19T06:50:31.580+0000] {processor.py:183} INFO - Processing /home/airflow/.local/lib/python3.10/site-packages/airflow/example_dags/tutorial_objectstorage.py took 0.342 seconds
[2025-02-19T06:52:14.458+0000] {processor.py:161} INFO - Started process (PID=351) to work on /home/airflow/.local/lib/python3.10/site-packages/airflow/example_dags/tutorial_objectstorage.py
[2025-02-19T06:52:14.465+0000] {processor.py:830} INFO - Processing file /home/airflow/.local/lib/python3.10/site-packages/airflow/example_dags/tutorial_objectstorage.py for tasks to queue
[2025-02-19T06:52:14.469+0000] {logging_mixin.py:188} INFO - [2025-02-19T06:52:14.468+0000] {dagbag.py:538} INFO - Filling up the DagBag from /home/airflow/.local/lib/python3.10/site-packages/airflow/example_dags/tutorial_objectstorage.py
[2025-02-19T06:52:14.510+0000] {processor.py:840} INFO - DAG(s) 'tutorial_objectstorage' retrieved from /home/airflow/.local/lib/python3.10/site-packages/airflow/example_dags/tutorial_objectstorage.py
[2025-02-19T06:52:14.612+0000] {logging_mixin.py:188} INFO - [2025-02-19T06:52:14.611+0000] {dag.py:3036} INFO - Sync 1 DAGs
[2025-02-19T06:52:14.716+0000] {logging_mixin.py:188} INFO - [2025-02-19T06:52:14.715+0000] {dag.py:3823} INFO - Setting next_dagrun for tutorial_objectstorage to None, run_after=None
[2025-02-19T06:52:14.943+0000] {processor.py:183} INFO - Processing /home/airflow/.local/lib/python3.10/site-packages/airflow/example_dags/tutorial_objectstorage.py took 0.494 seconds
[2025-02-19T06:53:54.658+0000] {processor.py:161} INFO - Started process (PID=413) to work on /home/airflow/.local/lib/python3.10/site-packages/airflow/example_dags/tutorial_objectstorage.py
[2025-02-19T06:53:54.660+0000] {processor.py:830} INFO - Processing file /home/airflow/.local/lib/python3.10/site-packages/airflow/example_dags/tutorial_objectstorage.py for tasks to queue
[2025-02-19T06:53:54.663+0000] {logging_mixin.py:188} INFO - [2025-02-19T06:53:54.662+0000] {dagbag.py:538} INFO - Filling up the DagBag from /home/airflow/.local/lib/python3.10/site-packages/airflow/example_dags/tutorial_objectstorage.py
[2025-02-19T06:53:54.678+0000] {processor.py:840} INFO - DAG(s) 'tutorial_objectstorage' retrieved from /home/airflow/.local/lib/python3.10/site-packages/airflow/example_dags/tutorial_objectstorage.py
[2025-02-19T06:53:54.735+0000] {logging_mixin.py:188} INFO - [2025-02-19T06:53:54.735+0000] {dag.py:3036} INFO - Sync 1 DAGs
[2025-02-19T06:53:54.770+0000] {logging_mixin.py:188} INFO - [2025-02-19T06:53:54.770+0000] {dag.py:3823} INFO - Setting next_dagrun for tutorial_objectstorage to None, run_after=None
[2025-02-19T06:53:54.892+0000] {processor.py:183} INFO - Processing /home/airflow/.local/lib/python3.10/site-packages/airflow/example_dags/tutorial_objectstorage.py took 0.238 seconds
[2025-02-19T06:55:16.592+0000] {processor.py:161} INFO - Started process (PID=471) to work on /home/airflow/.local/lib/python3.10/site-packages/airflow/example_dags/tutorial_objectstorage.py
[2025-02-19T06:55:16.593+0000] {processor.py:830} INFO - Processing file /home/airflow/.local/lib/python3.10/site-packages/airflow/example_dags/tutorial_objectstorage.py for tasks to queue
[2025-02-19T06:55:16.595+0000] {logging_mixin.py:188} INFO - [2025-02-19T06:55:16.595+0000] {dagbag.py:538} INFO - Filling up the DagBag from /home/airflow/.local/lib/python3.10/site-packages/airflow/example_dags/tutorial_objectstorage.py
[2025-02-19T06:55:16.610+0000] {processor.py:840} INFO - DAG(s) 'tutorial_objectstorage' retrieved from /home/airflow/.local/lib/python3.10/site-packages/airflow/example_dags/tutorial_objectstorage.py
[2025-02-19T06:55:16.656+0000] {logging_mixin.py:188} INFO - [2025-02-19T06:55:16.655+0000] {dag.py:3036} INFO - Sync 1 DAGs
[2025-02-19T06:55:16.677+0000] {logging_mixin.py:188} INFO - [2025-02-19T06:55:16.677+0000] {dag.py:3823} INFO - Setting next_dagrun for tutorial_objectstorage to None, run_after=None
[2025-02-19T06:55:16.795+0000] {processor.py:183} INFO - Processing /home/airflow/.local/lib/python3.10/site-packages/airflow/example_dags/tutorial_objectstorage.py took 0.209 seconds
[2025-02-19T06:56:41.819+0000] {processor.py:161} INFO - Started process (PID=527) to work on /home/airflow/.local/lib/python3.10/site-packages/airflow/example_dags/tutorial_objectstorage.py
[2025-02-19T06:56:41.821+0000] {processor.py:830} INFO - Processing file /home/airflow/.local/lib/python3.10/site-packages/airflow/example_dags/tutorial_objectstorage.py for tasks to queue
[2025-02-19T06:56:41.823+0000] {logging_mixin.py:188} INFO - [2025-02-19T06:56:41.823+0000] {dagbag.py:538} INFO - Filling up the DagBag from /home/airflow/.local/lib/python3.10/site-packages/airflow/example_dags/tutorial_objectstorage.py
[2025-02-19T06:56:41.841+0000] {processor.py:840} INFO - DAG(s) 'tutorial_objectstorage' retrieved from /home/airflow/.local/lib/python3.10/site-packages/airflow/example_dags/tutorial_objectstorage.py
[2025-02-19T06:56:41.895+0000] {logging_mixin.py:188} INFO - [2025-02-19T06:56:41.895+0000] {dag.py:3036} INFO - Sync 1 DAGs
[2025-02-19T06:56:41.930+0000] {logging_mixin.py:188} INFO - [2025-02-19T06:56:41.929+0000] {dag.py:3823} INFO - Setting next_dagrun for tutorial_objectstorage to None, run_after=None
[2025-02-19T06:56:42.089+0000] {processor.py:183} INFO - Processing /home/airflow/.local/lib/python3.10/site-packages/airflow/example_dags/tutorial_objectstorage.py took 0.278 seconds
[2025-02-19T06:58:20.969+0000] {processor.py:161} INFO - Started process (PID=588) to work on /home/airflow/.local/lib/python3.10/site-packages/airflow/example_dags/tutorial_objectstorage.py
[2025-02-19T06:58:20.972+0000] {processor.py:830} INFO - Processing file /home/airflow/.local/lib/python3.10/site-packages/airflow/example_dags/tutorial_objectstorage.py for tasks to queue
[2025-02-19T06:58:20.973+0000] {logging_mixin.py:188} INFO - [2025-02-19T06:58:20.973+0000] {dagbag.py:538} INFO - Filling up the DagBag from /home/airflow/.local/lib/python3.10/site-packages/airflow/example_dags/tutorial_objectstorage.py
[2025-02-19T06:58:20.988+0000] {processor.py:840} INFO - DAG(s) 'tutorial_objectstorage' retrieved from /home/airflow/.local/lib/python3.10/site-packages/airflow/example_dags/tutorial_objectstorage.py
[2025-02-19T06:58:21.039+0000] {logging_mixin.py:188} INFO - [2025-02-19T06:58:21.039+0000] {dag.py:3036} INFO - Sync 1 DAGs
[2025-02-19T06:58:21.066+0000] {logging_mixin.py:188} INFO - [2025-02-19T06:58:21.065+0000] {dag.py:3823} INFO - Setting next_dagrun for tutorial_objectstorage to None, run_after=None
[2025-02-19T06:58:21.201+0000] {processor.py:183} INFO - Processing /home/airflow/.local/lib/python3.10/site-packages/airflow/example_dags/tutorial_objectstorage.py took 0.237 seconds
[2025-02-19T06:59:59.031+0000] {processor.py:161} INFO - Started process (PID=647) to work on /home/airflow/.local/lib/python3.10/site-packages/airflow/example_dags/tutorial_objectstorage.py
[2025-02-19T06:59:59.034+0000] {processor.py:830} INFO - Processing file /home/airflow/.local/lib/python3.10/site-packages/airflow/example_dags/tutorial_objectstorage.py for tasks to queue
[2025-02-19T06:59:59.039+0000] {logging_mixin.py:188} INFO - [2025-02-19T06:59:59.038+0000] {dagbag.py:538} INFO - Filling up the DagBag from /home/airflow/.local/lib/python3.10/site-packages/airflow/example_dags/tutorial_objectstorage.py
[2025-02-19T06:59:59.076+0000] {processor.py:840} INFO - DAG(s) 'tutorial_objectstorage' retrieved from /home/airflow/.local/lib/python3.10/site-packages/airflow/example_dags/tutorial_objectstorage.py
[2025-02-19T06:59:59.141+0000] {logging_mixin.py:188} INFO - [2025-02-19T06:59:59.140+0000] {dag.py:3036} INFO - Sync 1 DAGs
[2025-02-19T06:59:59.176+0000] {logging_mixin.py:188} INFO - [2025-02-19T06:59:59.175+0000] {dag.py:3823} INFO - Setting next_dagrun for tutorial_objectstorage to None, run_after=None
[2025-02-19T06:59:59.302+0000] {processor.py:183} INFO - Processing /home/airflow/.local/lib/python3.10/site-packages/airflow/example_dags/tutorial_objectstorage.py took 0.289 seconds
[2025-02-19T07:01:41.106+0000] {processor.py:161} INFO - Started process (PID=711) to work on /home/airflow/.local/lib/python3.10/site-packages/airflow/example_dags/tutorial_objectstorage.py
[2025-02-19T07:01:41.109+0000] {processor.py:830} INFO - Processing file /home/airflow/.local/lib/python3.10/site-packages/airflow/example_dags/tutorial_objectstorage.py for tasks to queue
[2025-02-19T07:01:41.112+0000] {logging_mixin.py:188} INFO - [2025-02-19T07:01:41.111+0000] {dagbag.py:538} INFO - Filling up the DagBag from /home/airflow/.local/lib/python3.10/site-packages/airflow/example_dags/tutorial_objectstorage.py
[2025-02-19T07:01:41.129+0000] {processor.py:840} INFO - DAG(s) 'tutorial_objectstorage' retrieved from /home/airflow/.local/lib/python3.10/site-packages/airflow/example_dags/tutorial_objectstorage.py
[2025-02-19T07:01:41.194+0000] {logging_mixin.py:188} INFO - [2025-02-19T07:01:41.194+0000] {dag.py:3036} INFO - Sync 1 DAGs
[2025-02-19T07:01:41.239+0000] {logging_mixin.py:188} INFO - [2025-02-19T07:01:41.238+0000] {dag.py:3823} INFO - Setting next_dagrun for tutorial_objectstorage to None, run_after=None
[2025-02-19T07:01:41.414+0000] {processor.py:183} INFO - Processing /home/airflow/.local/lib/python3.10/site-packages/airflow/example_dags/tutorial_objectstorage.py took 0.317 seconds
[2025-02-19T07:03:19.959+0000] {processor.py:161} INFO - Started process (PID=773) to work on /home/airflow/.local/lib/python3.10/site-packages/airflow/example_dags/tutorial_objectstorage.py
[2025-02-19T07:03:19.961+0000] {processor.py:830} INFO - Processing file /home/airflow/.local/lib/python3.10/site-packages/airflow/example_dags/tutorial_objectstorage.py for tasks to queue
[2025-02-19T07:03:19.963+0000] {logging_mixin.py:188} INFO - [2025-02-19T07:03:19.963+0000] {dagbag.py:538} INFO - Filling up the DagBag from /home/airflow/.local/lib/python3.10/site-packages/airflow/example_dags/tutorial_objectstorage.py
[2025-02-19T07:03:19.980+0000] {processor.py:840} INFO - DAG(s) 'tutorial_objectstorage' retrieved from /home/airflow/.local/lib/python3.10/site-packages/airflow/example_dags/tutorial_objectstorage.py
[2025-02-19T07:03:20.029+0000] {logging_mixin.py:188} INFO - [2025-02-19T07:03:20.029+0000] {dag.py:3036} INFO - Sync 1 DAGs
[2025-02-19T07:03:20.057+0000] {logging_mixin.py:188} INFO - [2025-02-19T07:03:20.057+0000] {dag.py:3823} INFO - Setting next_dagrun for tutorial_objectstorage to None, run_after=None
[2025-02-19T07:03:20.186+0000] {processor.py:183} INFO - Processing /home/airflow/.local/lib/python3.10/site-packages/airflow/example_dags/tutorial_objectstorage.py took 0.233 seconds
[2025-02-19T07:05:49.670+0000] {processor.py:161} INFO - Started process (PID=833) to work on /home/airflow/.local/lib/python3.10/site-packages/airflow/example_dags/tutorial_objectstorage.py
[2025-02-19T07:05:49.684+0000] {processor.py:830} INFO - Processing file /home/airflow/.local/lib/python3.10/site-packages/airflow/example_dags/tutorial_objectstorage.py for tasks to queue
[2025-02-19T07:05:49.688+0000] {logging_mixin.py:188} INFO - [2025-02-19T07:05:49.687+0000] {dagbag.py:538} INFO - Filling up the DagBag from /home/airflow/.local/lib/python3.10/site-packages/airflow/example_dags/tutorial_objectstorage.py
[2025-02-19T07:05:49.778+0000] {processor.py:840} INFO - DAG(s) 'tutorial_objectstorage' retrieved from /home/airflow/.local/lib/python3.10/site-packages/airflow/example_dags/tutorial_objectstorage.py
[2025-02-19T07:05:50.202+0000] {logging_mixin.py:188} INFO - [2025-02-19T07:05:50.201+0000] {dag.py:3036} INFO - Sync 1 DAGs
[2025-02-19T07:05:50.408+0000] {logging_mixin.py:188} INFO - [2025-02-19T07:05:50.407+0000] {dag.py:3823} INFO - Setting next_dagrun for tutorial_objectstorage to None, run_after=None
[2025-02-19T07:05:50.775+0000] {processor.py:183} INFO - Processing /home/airflow/.local/lib/python3.10/site-packages/airflow/example_dags/tutorial_objectstorage.py took 1.128 seconds
