[2025-02-19T05:56:12.072+0000] {processor.py:161} INFO - Started process (PID=56) to work on /home/airflow/.local/lib/python3.10/site-packages/airflow/example_dags/tutorial_taskflow_api.py
[2025-02-19T05:56:12.075+0000] {processor.py:830} INFO - Processing file /home/airflow/.local/lib/python3.10/site-packages/airflow/example_dags/tutorial_taskflow_api.py for tasks to queue
[2025-02-19T05:56:12.078+0000] {logging_mixin.py:188} INFO - [2025-02-19T05:56:12.077+0000] {dagbag.py:538} INFO - Filling up the DagBag from /home/airflow/.local/lib/python3.10/site-packages/airflow/example_dags/tutorial_taskflow_api.py
[2025-02-19T05:56:12.102+0000] {processor.py:840} INFO - DAG(s) 'tutorial_taskflow_api' retrieved from /home/airflow/.local/lib/python3.10/site-packages/airflow/example_dags/tutorial_taskflow_api.py
[2025-02-19T05:56:12.232+0000] {logging_mixin.py:188} INFO - [2025-02-19T05:56:12.232+0000] {dag.py:3036} INFO - Sync 1 DAGs
[2025-02-19T05:56:12.327+0000] {logging_mixin.py:188} INFO - [2025-02-19T05:56:12.326+0000] {dag.py:3823} INFO - Setting next_dagrun for tutorial_taskflow_api to None, run_after=None
[2025-02-19T05:56:12.534+0000] {processor.py:183} INFO - Processing /home/airflow/.local/lib/python3.10/site-packages/airflow/example_dags/tutorial_taskflow_api.py took 0.472 seconds
[2025-02-19T05:58:43.003+0000] {processor.py:161} INFO - Started process (PID=105) to work on /home/airflow/.local/lib/python3.10/site-packages/airflow/example_dags/tutorial_taskflow_api.py
[2025-02-19T05:58:43.006+0000] {processor.py:830} INFO - Processing file /home/airflow/.local/lib/python3.10/site-packages/airflow/example_dags/tutorial_taskflow_api.py for tasks to queue
[2025-02-19T05:58:43.009+0000] {logging_mixin.py:188} INFO - [2025-02-19T05:58:43.008+0000] {dagbag.py:538} INFO - Filling up the DagBag from /home/airflow/.local/lib/python3.10/site-packages/airflow/example_dags/tutorial_taskflow_api.py
[2025-02-19T05:58:43.036+0000] {processor.py:840} INFO - DAG(s) 'tutorial_taskflow_api' retrieved from /home/airflow/.local/lib/python3.10/site-packages/airflow/example_dags/tutorial_taskflow_api.py
[2025-02-19T05:58:43.122+0000] {logging_mixin.py:188} INFO - [2025-02-19T05:58:43.121+0000] {dag.py:3036} INFO - Sync 1 DAGs
[2025-02-19T05:58:43.186+0000] {logging_mixin.py:188} INFO - [2025-02-19T05:58:43.185+0000] {dag.py:3823} INFO - Setting next_dagrun for tutorial_taskflow_api to None, run_after=None
[2025-02-19T05:58:43.372+0000] {processor.py:183} INFO - Processing /home/airflow/.local/lib/python3.10/site-packages/airflow/example_dags/tutorial_taskflow_api.py took 0.386 seconds
[2025-02-19T06:00:04.750+0000] {processor.py:161} INFO - Started process (PID=151) to work on /home/airflow/.local/lib/python3.10/site-packages/airflow/example_dags/tutorial_taskflow_api.py
[2025-02-19T06:00:04.763+0000] {processor.py:830} INFO - Processing file /home/airflow/.local/lib/python3.10/site-packages/airflow/example_dags/tutorial_taskflow_api.py for tasks to queue
[2025-02-19T06:00:04.767+0000] {logging_mixin.py:188} INFO - [2025-02-19T06:00:04.765+0000] {dagbag.py:538} INFO - Filling up the DagBag from /home/airflow/.local/lib/python3.10/site-packages/airflow/example_dags/tutorial_taskflow_api.py
[2025-02-19T06:00:04.804+0000] {processor.py:840} INFO - DAG(s) 'tutorial_taskflow_api' retrieved from /home/airflow/.local/lib/python3.10/site-packages/airflow/example_dags/tutorial_taskflow_api.py
[2025-02-19T06:00:04.896+0000] {logging_mixin.py:188} INFO - [2025-02-19T06:00:04.895+0000] {dag.py:3036} INFO - Sync 1 DAGs
[2025-02-19T06:00:04.962+0000] {logging_mixin.py:188} INFO - [2025-02-19T06:00:04.962+0000] {dag.py:3823} INFO - Setting next_dagrun for tutorial_taskflow_api to None, run_after=None
[2025-02-19T06:00:05.217+0000] {processor.py:183} INFO - Processing /home/airflow/.local/lib/python3.10/site-packages/airflow/example_dags/tutorial_taskflow_api.py took 0.473 seconds
[2025-02-19T06:02:07.269+0000] {processor.py:161} INFO - Started process (PID=217) to work on /home/airflow/.local/lib/python3.10/site-packages/airflow/example_dags/tutorial_taskflow_api.py
[2025-02-19T06:02:07.282+0000] {processor.py:830} INFO - Processing file /home/airflow/.local/lib/python3.10/site-packages/airflow/example_dags/tutorial_taskflow_api.py for tasks to queue
[2025-02-19T06:02:07.285+0000] {logging_mixin.py:188} INFO - [2025-02-19T06:02:07.284+0000] {dagbag.py:538} INFO - Filling up the DagBag from /home/airflow/.local/lib/python3.10/site-packages/airflow/example_dags/tutorial_taskflow_api.py
[2025-02-19T06:02:07.329+0000] {processor.py:840} INFO - DAG(s) 'tutorial_taskflow_api' retrieved from /home/airflow/.local/lib/python3.10/site-packages/airflow/example_dags/tutorial_taskflow_api.py
[2025-02-19T06:02:07.443+0000] {logging_mixin.py:188} INFO - [2025-02-19T06:02:07.442+0000] {dag.py:3036} INFO - Sync 1 DAGs
[2025-02-19T06:02:07.524+0000] {logging_mixin.py:188} INFO - [2025-02-19T06:02:07.524+0000] {dag.py:3823} INFO - Setting next_dagrun for tutorial_taskflow_api to None, run_after=None
[2025-02-19T06:02:07.756+0000] {processor.py:183} INFO - Processing /home/airflow/.local/lib/python3.10/site-packages/airflow/example_dags/tutorial_taskflow_api.py took 0.493 seconds
[2025-02-19T06:03:51.061+0000] {processor.py:161} INFO - Started process (PID=281) to work on /home/airflow/.local/lib/python3.10/site-packages/airflow/example_dags/tutorial_taskflow_api.py
[2025-02-19T06:03:51.065+0000] {processor.py:830} INFO - Processing file /home/airflow/.local/lib/python3.10/site-packages/airflow/example_dags/tutorial_taskflow_api.py for tasks to queue
[2025-02-19T06:03:51.071+0000] {logging_mixin.py:188} INFO - [2025-02-19T06:03:51.069+0000] {dagbag.py:538} INFO - Filling up the DagBag from /home/airflow/.local/lib/python3.10/site-packages/airflow/example_dags/tutorial_taskflow_api.py
[2025-02-19T06:03:51.091+0000] {processor.py:840} INFO - DAG(s) 'tutorial_taskflow_api' retrieved from /home/airflow/.local/lib/python3.10/site-packages/airflow/example_dags/tutorial_taskflow_api.py
[2025-02-19T06:03:51.155+0000] {logging_mixin.py:188} INFO - [2025-02-19T06:03:51.155+0000] {dag.py:3036} INFO - Sync 1 DAGs
[2025-02-19T06:03:51.198+0000] {logging_mixin.py:188} INFO - [2025-02-19T06:03:51.197+0000] {dag.py:3823} INFO - Setting next_dagrun for tutorial_taskflow_api to None, run_after=None
[2025-02-19T06:03:51.341+0000] {processor.py:183} INFO - Processing /home/airflow/.local/lib/python3.10/site-packages/airflow/example_dags/tutorial_taskflow_api.py took 0.286 seconds
[2025-02-19T06:05:35.865+0000] {processor.py:161} INFO - Started process (PID=344) to work on /home/airflow/.local/lib/python3.10/site-packages/airflow/example_dags/tutorial_taskflow_api.py
[2025-02-19T06:05:35.868+0000] {processor.py:830} INFO - Processing file /home/airflow/.local/lib/python3.10/site-packages/airflow/example_dags/tutorial_taskflow_api.py for tasks to queue
[2025-02-19T06:05:35.871+0000] {logging_mixin.py:188} INFO - [2025-02-19T06:05:35.870+0000] {dagbag.py:538} INFO - Filling up the DagBag from /home/airflow/.local/lib/python3.10/site-packages/airflow/example_dags/tutorial_taskflow_api.py
[2025-02-19T06:05:35.896+0000] {processor.py:840} INFO - DAG(s) 'tutorial_taskflow_api' retrieved from /home/airflow/.local/lib/python3.10/site-packages/airflow/example_dags/tutorial_taskflow_api.py
[2025-02-19T06:05:36.010+0000] {logging_mixin.py:188} INFO - [2025-02-19T06:05:36.009+0000] {dag.py:3036} INFO - Sync 1 DAGs
[2025-02-19T06:05:36.094+0000] {logging_mixin.py:188} INFO - [2025-02-19T06:05:36.093+0000] {dag.py:3823} INFO - Setting next_dagrun for tutorial_taskflow_api to None, run_after=None
[2025-02-19T06:05:36.281+0000] {processor.py:183} INFO - Processing /home/airflow/.local/lib/python3.10/site-packages/airflow/example_dags/tutorial_taskflow_api.py took 0.425 seconds
[2025-02-19T06:07:49.364+0000] {processor.py:161} INFO - Started process (PID=408) to work on /home/airflow/.local/lib/python3.10/site-packages/airflow/example_dags/tutorial_taskflow_api.py
[2025-02-19T06:07:49.367+0000] {processor.py:830} INFO - Processing file /home/airflow/.local/lib/python3.10/site-packages/airflow/example_dags/tutorial_taskflow_api.py for tasks to queue
[2025-02-19T06:07:49.371+0000] {logging_mixin.py:188} INFO - [2025-02-19T06:07:49.370+0000] {dagbag.py:538} INFO - Filling up the DagBag from /home/airflow/.local/lib/python3.10/site-packages/airflow/example_dags/tutorial_taskflow_api.py
[2025-02-19T06:07:49.407+0000] {processor.py:840} INFO - DAG(s) 'tutorial_taskflow_api' retrieved from /home/airflow/.local/lib/python3.10/site-packages/airflow/example_dags/tutorial_taskflow_api.py
[2025-02-19T06:07:49.518+0000] {logging_mixin.py:188} INFO - [2025-02-19T06:07:49.517+0000] {dag.py:3036} INFO - Sync 1 DAGs
[2025-02-19T06:07:49.567+0000] {logging_mixin.py:188} INFO - [2025-02-19T06:07:49.566+0000] {dag.py:3823} INFO - Setting next_dagrun for tutorial_taskflow_api to None, run_after=None
[2025-02-19T06:07:49.730+0000] {processor.py:183} INFO - Processing /home/airflow/.local/lib/python3.10/site-packages/airflow/example_dags/tutorial_taskflow_api.py took 0.384 seconds
[2025-02-19T06:09:34.872+0000] {processor.py:161} INFO - Started process (PID=471) to work on /home/airflow/.local/lib/python3.10/site-packages/airflow/example_dags/tutorial_taskflow_api.py
[2025-02-19T06:09:34.874+0000] {processor.py:830} INFO - Processing file /home/airflow/.local/lib/python3.10/site-packages/airflow/example_dags/tutorial_taskflow_api.py for tasks to queue
[2025-02-19T06:09:34.877+0000] {logging_mixin.py:188} INFO - [2025-02-19T06:09:34.876+0000] {dagbag.py:538} INFO - Filling up the DagBag from /home/airflow/.local/lib/python3.10/site-packages/airflow/example_dags/tutorial_taskflow_api.py
[2025-02-19T06:09:34.902+0000] {processor.py:840} INFO - DAG(s) 'tutorial_taskflow_api' retrieved from /home/airflow/.local/lib/python3.10/site-packages/airflow/example_dags/tutorial_taskflow_api.py
[2025-02-19T06:09:34.980+0000] {logging_mixin.py:188} INFO - [2025-02-19T06:09:34.980+0000] {dag.py:3036} INFO - Sync 1 DAGs
[2025-02-19T06:09:35.037+0000] {logging_mixin.py:188} INFO - [2025-02-19T06:09:35.036+0000] {dag.py:3823} INFO - Setting next_dagrun for tutorial_taskflow_api to None, run_after=None
[2025-02-19T06:09:35.190+0000] {processor.py:183} INFO - Processing /home/airflow/.local/lib/python3.10/site-packages/airflow/example_dags/tutorial_taskflow_api.py took 0.332 seconds
[2025-02-19T06:11:21.293+0000] {processor.py:161} INFO - Started process (PID=534) to work on /home/airflow/.local/lib/python3.10/site-packages/airflow/example_dags/tutorial_taskflow_api.py
[2025-02-19T06:11:21.296+0000] {processor.py:830} INFO - Processing file /home/airflow/.local/lib/python3.10/site-packages/airflow/example_dags/tutorial_taskflow_api.py for tasks to queue
[2025-02-19T06:11:21.299+0000] {logging_mixin.py:188} INFO - [2025-02-19T06:11:21.298+0000] {dagbag.py:538} INFO - Filling up the DagBag from /home/airflow/.local/lib/python3.10/site-packages/airflow/example_dags/tutorial_taskflow_api.py
[2025-02-19T06:11:21.319+0000] {processor.py:840} INFO - DAG(s) 'tutorial_taskflow_api' retrieved from /home/airflow/.local/lib/python3.10/site-packages/airflow/example_dags/tutorial_taskflow_api.py
[2025-02-19T06:11:21.377+0000] {logging_mixin.py:188} INFO - [2025-02-19T06:11:21.376+0000] {dag.py:3036} INFO - Sync 1 DAGs
[2025-02-19T06:11:21.416+0000] {logging_mixin.py:188} INFO - [2025-02-19T06:11:21.415+0000] {dag.py:3823} INFO - Setting next_dagrun for tutorial_taskflow_api to None, run_after=None
[2025-02-19T06:11:21.646+0000] {processor.py:183} INFO - Processing /home/airflow/.local/lib/python3.10/site-packages/airflow/example_dags/tutorial_taskflow_api.py took 0.359 seconds
[2025-02-19T06:13:15.358+0000] {processor.py:161} INFO - Started process (PID=599) to work on /home/airflow/.local/lib/python3.10/site-packages/airflow/example_dags/tutorial_taskflow_api.py
[2025-02-19T06:13:15.363+0000] {processor.py:830} INFO - Processing file /home/airflow/.local/lib/python3.10/site-packages/airflow/example_dags/tutorial_taskflow_api.py for tasks to queue
[2025-02-19T06:13:15.366+0000] {logging_mixin.py:188} INFO - [2025-02-19T06:13:15.365+0000] {dagbag.py:538} INFO - Filling up the DagBag from /home/airflow/.local/lib/python3.10/site-packages/airflow/example_dags/tutorial_taskflow_api.py
[2025-02-19T06:13:15.397+0000] {processor.py:840} INFO - DAG(s) 'tutorial_taskflow_api' retrieved from /home/airflow/.local/lib/python3.10/site-packages/airflow/example_dags/tutorial_taskflow_api.py
[2025-02-19T06:13:15.481+0000] {logging_mixin.py:188} INFO - [2025-02-19T06:13:15.480+0000] {dag.py:3036} INFO - Sync 1 DAGs
[2025-02-19T06:13:15.558+0000] {logging_mixin.py:188} INFO - [2025-02-19T06:13:15.558+0000] {dag.py:3823} INFO - Setting next_dagrun for tutorial_taskflow_api to None, run_after=None
[2025-02-19T06:13:15.714+0000] {processor.py:183} INFO - Processing /home/airflow/.local/lib/python3.10/site-packages/airflow/example_dags/tutorial_taskflow_api.py took 0.364 seconds
[2025-02-19T06:14:52.657+0000] {processor.py:161} INFO - Started process (PID=660) to work on /home/airflow/.local/lib/python3.10/site-packages/airflow/example_dags/tutorial_taskflow_api.py
[2025-02-19T06:14:52.660+0000] {processor.py:830} INFO - Processing file /home/airflow/.local/lib/python3.10/site-packages/airflow/example_dags/tutorial_taskflow_api.py for tasks to queue
[2025-02-19T06:14:52.663+0000] {logging_mixin.py:188} INFO - [2025-02-19T06:14:52.663+0000] {dagbag.py:538} INFO - Filling up the DagBag from /home/airflow/.local/lib/python3.10/site-packages/airflow/example_dags/tutorial_taskflow_api.py
[2025-02-19T06:14:52.680+0000] {processor.py:840} INFO - DAG(s) 'tutorial_taskflow_api' retrieved from /home/airflow/.local/lib/python3.10/site-packages/airflow/example_dags/tutorial_taskflow_api.py
[2025-02-19T06:14:52.737+0000] {logging_mixin.py:188} INFO - [2025-02-19T06:14:52.736+0000] {dag.py:3036} INFO - Sync 1 DAGs
[2025-02-19T06:14:52.774+0000] {logging_mixin.py:188} INFO - [2025-02-19T06:14:52.773+0000] {dag.py:3823} INFO - Setting next_dagrun for tutorial_taskflow_api to None, run_after=None
[2025-02-19T06:14:52.962+0000] {processor.py:183} INFO - Processing /home/airflow/.local/lib/python3.10/site-packages/airflow/example_dags/tutorial_taskflow_api.py took 0.311 seconds
[2025-02-19T06:16:30.041+0000] {processor.py:161} INFO - Started process (PID=720) to work on /home/airflow/.local/lib/python3.10/site-packages/airflow/example_dags/tutorial_taskflow_api.py
[2025-02-19T06:16:30.044+0000] {processor.py:830} INFO - Processing file /home/airflow/.local/lib/python3.10/site-packages/airflow/example_dags/tutorial_taskflow_api.py for tasks to queue
[2025-02-19T06:16:30.048+0000] {logging_mixin.py:188} INFO - [2025-02-19T06:16:30.047+0000] {dagbag.py:538} INFO - Filling up the DagBag from /home/airflow/.local/lib/python3.10/site-packages/airflow/example_dags/tutorial_taskflow_api.py
[2025-02-19T06:16:30.087+0000] {processor.py:840} INFO - DAG(s) 'tutorial_taskflow_api' retrieved from /home/airflow/.local/lib/python3.10/site-packages/airflow/example_dags/tutorial_taskflow_api.py
[2025-02-19T06:16:30.252+0000] {logging_mixin.py:188} INFO - [2025-02-19T06:16:30.251+0000] {dag.py:3036} INFO - Sync 1 DAGs
[2025-02-19T06:16:30.370+0000] {logging_mixin.py:188} INFO - [2025-02-19T06:16:30.369+0000] {dag.py:3823} INFO - Setting next_dagrun for tutorial_taskflow_api to None, run_after=None
[2025-02-19T06:16:30.669+0000] {processor.py:183} INFO - Processing /home/airflow/.local/lib/python3.10/site-packages/airflow/example_dags/tutorial_taskflow_api.py took 0.647 seconds
[2025-02-19T06:18:30.023+0000] {processor.py:161} INFO - Started process (PID=788) to work on /home/airflow/.local/lib/python3.10/site-packages/airflow/example_dags/tutorial_taskflow_api.py
[2025-02-19T06:18:30.026+0000] {processor.py:830} INFO - Processing file /home/airflow/.local/lib/python3.10/site-packages/airflow/example_dags/tutorial_taskflow_api.py for tasks to queue
[2025-02-19T06:18:30.028+0000] {logging_mixin.py:188} INFO - [2025-02-19T06:18:30.028+0000] {dagbag.py:538} INFO - Filling up the DagBag from /home/airflow/.local/lib/python3.10/site-packages/airflow/example_dags/tutorial_taskflow_api.py
[2025-02-19T06:18:30.047+0000] {processor.py:840} INFO - DAG(s) 'tutorial_taskflow_api' retrieved from /home/airflow/.local/lib/python3.10/site-packages/airflow/example_dags/tutorial_taskflow_api.py
[2025-02-19T06:18:30.118+0000] {logging_mixin.py:188} INFO - [2025-02-19T06:18:30.118+0000] {dag.py:3036} INFO - Sync 1 DAGs
[2025-02-19T06:18:30.157+0000] {logging_mixin.py:188} INFO - [2025-02-19T06:18:30.156+0000] {dag.py:3823} INFO - Setting next_dagrun for tutorial_taskflow_api to None, run_after=None
[2025-02-19T06:18:30.297+0000] {processor.py:183} INFO - Processing /home/airflow/.local/lib/python3.10/site-packages/airflow/example_dags/tutorial_taskflow_api.py took 0.280 seconds
[2025-02-19T06:20:00.153+0000] {processor.py:161} INFO - Started process (PID=847) to work on /home/airflow/.local/lib/python3.10/site-packages/airflow/example_dags/tutorial_taskflow_api.py
[2025-02-19T06:20:00.157+0000] {processor.py:830} INFO - Processing file /home/airflow/.local/lib/python3.10/site-packages/airflow/example_dags/tutorial_taskflow_api.py for tasks to queue
[2025-02-19T06:20:00.164+0000] {logging_mixin.py:188} INFO - [2025-02-19T06:20:00.163+0000] {dagbag.py:538} INFO - Filling up the DagBag from /home/airflow/.local/lib/python3.10/site-packages/airflow/example_dags/tutorial_taskflow_api.py
[2025-02-19T06:20:00.190+0000] {processor.py:840} INFO - DAG(s) 'tutorial_taskflow_api' retrieved from /home/airflow/.local/lib/python3.10/site-packages/airflow/example_dags/tutorial_taskflow_api.py
[2025-02-19T06:20:00.245+0000] {logging_mixin.py:188} INFO - [2025-02-19T06:20:00.245+0000] {dag.py:3036} INFO - Sync 1 DAGs
[2025-02-19T06:20:00.277+0000] {logging_mixin.py:188} INFO - [2025-02-19T06:20:00.277+0000] {dag.py:3823} INFO - Setting next_dagrun for tutorial_taskflow_api to None, run_after=None
[2025-02-19T06:20:00.412+0000] {processor.py:183} INFO - Processing /home/airflow/.local/lib/python3.10/site-packages/airflow/example_dags/tutorial_taskflow_api.py took 0.268 seconds
[2025-02-19T06:21:46.865+0000] {processor.py:161} INFO - Started process (PID=909) to work on /home/airflow/.local/lib/python3.10/site-packages/airflow/example_dags/tutorial_taskflow_api.py
[2025-02-19T06:21:46.876+0000] {processor.py:830} INFO - Processing file /home/airflow/.local/lib/python3.10/site-packages/airflow/example_dags/tutorial_taskflow_api.py for tasks to queue
[2025-02-19T06:21:46.901+0000] {logging_mixin.py:188} INFO - [2025-02-19T06:21:46.900+0000] {dagbag.py:538} INFO - Filling up the DagBag from /home/airflow/.local/lib/python3.10/site-packages/airflow/example_dags/tutorial_taskflow_api.py
[2025-02-19T06:21:46.951+0000] {processor.py:840} INFO - DAG(s) 'tutorial_taskflow_api' retrieved from /home/airflow/.local/lib/python3.10/site-packages/airflow/example_dags/tutorial_taskflow_api.py
[2025-02-19T06:21:47.408+0000] {logging_mixin.py:188} INFO - [2025-02-19T06:21:47.407+0000] {dag.py:3036} INFO - Sync 1 DAGs
[2025-02-19T06:21:47.504+0000] {logging_mixin.py:188} INFO - [2025-02-19T06:21:47.504+0000] {dag.py:3823} INFO - Setting next_dagrun for tutorial_taskflow_api to None, run_after=None
[2025-02-19T06:21:47.757+0000] {processor.py:183} INFO - Processing /home/airflow/.local/lib/python3.10/site-packages/airflow/example_dags/tutorial_taskflow_api.py took 0.908 seconds
[2025-02-19T06:23:53.649+0000] {processor.py:161} INFO - Started process (PID=973) to work on /home/airflow/.local/lib/python3.10/site-packages/airflow/example_dags/tutorial_taskflow_api.py
[2025-02-19T06:23:53.655+0000] {processor.py:830} INFO - Processing file /home/airflow/.local/lib/python3.10/site-packages/airflow/example_dags/tutorial_taskflow_api.py for tasks to queue
[2025-02-19T06:23:53.665+0000] {logging_mixin.py:188} INFO - [2025-02-19T06:23:53.663+0000] {dagbag.py:538} INFO - Filling up the DagBag from /home/airflow/.local/lib/python3.10/site-packages/airflow/example_dags/tutorial_taskflow_api.py
[2025-02-19T06:23:53.706+0000] {processor.py:840} INFO - DAG(s) 'tutorial_taskflow_api' retrieved from /home/airflow/.local/lib/python3.10/site-packages/airflow/example_dags/tutorial_taskflow_api.py
[2025-02-19T06:23:53.845+0000] {logging_mixin.py:188} INFO - [2025-02-19T06:23:53.844+0000] {dag.py:3036} INFO - Sync 1 DAGs
[2025-02-19T06:23:53.939+0000] {logging_mixin.py:188} INFO - [2025-02-19T06:23:53.938+0000] {dag.py:3823} INFO - Setting next_dagrun for tutorial_taskflow_api to None, run_after=None
[2025-02-19T06:23:54.139+0000] {processor.py:183} INFO - Processing /home/airflow/.local/lib/python3.10/site-packages/airflow/example_dags/tutorial_taskflow_api.py took 0.510 seconds
[2025-02-19T06:26:04.128+0000] {processor.py:161} INFO - Started process (PID=1041) to work on /home/airflow/.local/lib/python3.10/site-packages/airflow/example_dags/tutorial_taskflow_api.py
[2025-02-19T06:26:04.133+0000] {processor.py:830} INFO - Processing file /home/airflow/.local/lib/python3.10/site-packages/airflow/example_dags/tutorial_taskflow_api.py for tasks to queue
[2025-02-19T06:26:04.136+0000] {logging_mixin.py:188} INFO - [2025-02-19T06:26:04.135+0000] {dagbag.py:538} INFO - Filling up the DagBag from /home/airflow/.local/lib/python3.10/site-packages/airflow/example_dags/tutorial_taskflow_api.py
[2025-02-19T06:26:04.167+0000] {processor.py:840} INFO - DAG(s) 'tutorial_taskflow_api' retrieved from /home/airflow/.local/lib/python3.10/site-packages/airflow/example_dags/tutorial_taskflow_api.py
[2025-02-19T06:26:04.267+0000] {logging_mixin.py:188} INFO - [2025-02-19T06:26:04.266+0000] {dag.py:3036} INFO - Sync 1 DAGs
[2025-02-19T06:26:04.314+0000] {logging_mixin.py:188} INFO - [2025-02-19T06:26:04.312+0000] {dag.py:3823} INFO - Setting next_dagrun for tutorial_taskflow_api to None, run_after=None
[2025-02-19T06:26:04.505+0000] {processor.py:183} INFO - Processing /home/airflow/.local/lib/python3.10/site-packages/airflow/example_dags/tutorial_taskflow_api.py took 0.393 seconds
[2025-02-19T06:30:37.814+0000] {processor.py:161} INFO - Started process (PID=56) to work on /home/airflow/.local/lib/python3.10/site-packages/airflow/example_dags/tutorial_taskflow_api.py
[2025-02-19T06:30:37.817+0000] {processor.py:830} INFO - Processing file /home/airflow/.local/lib/python3.10/site-packages/airflow/example_dags/tutorial_taskflow_api.py for tasks to queue
[2025-02-19T06:30:37.829+0000] {logging_mixin.py:188} INFO - [2025-02-19T06:30:37.820+0000] {dagbag.py:538} INFO - Filling up the DagBag from /home/airflow/.local/lib/python3.10/site-packages/airflow/example_dags/tutorial_taskflow_api.py
[2025-02-19T06:30:37.875+0000] {processor.py:840} INFO - DAG(s) 'tutorial_taskflow_api' retrieved from /home/airflow/.local/lib/python3.10/site-packages/airflow/example_dags/tutorial_taskflow_api.py
[2025-02-19T06:30:38.023+0000] {logging_mixin.py:188} INFO - [2025-02-19T06:30:38.022+0000] {dag.py:3036} INFO - Sync 1 DAGs
[2025-02-19T06:30:38.107+0000] {logging_mixin.py:188} INFO - [2025-02-19T06:30:38.107+0000] {dag.py:3823} INFO - Setting next_dagrun for tutorial_taskflow_api to None, run_after=None
[2025-02-19T06:30:38.373+0000] {processor.py:183} INFO - Processing /home/airflow/.local/lib/python3.10/site-packages/airflow/example_dags/tutorial_taskflow_api.py took 0.579 seconds
[2025-02-19T06:32:12.296+0000] {processor.py:161} INFO - Started process (PID=105) to work on /home/airflow/.local/lib/python3.10/site-packages/airflow/example_dags/tutorial_taskflow_api.py
[2025-02-19T06:32:12.299+0000] {processor.py:830} INFO - Processing file /home/airflow/.local/lib/python3.10/site-packages/airflow/example_dags/tutorial_taskflow_api.py for tasks to queue
[2025-02-19T06:32:12.302+0000] {logging_mixin.py:188} INFO - [2025-02-19T06:32:12.301+0000] {dagbag.py:538} INFO - Filling up the DagBag from /home/airflow/.local/lib/python3.10/site-packages/airflow/example_dags/tutorial_taskflow_api.py
[2025-02-19T06:32:12.365+0000] {processor.py:840} INFO - DAG(s) 'tutorial_taskflow_api' retrieved from /home/airflow/.local/lib/python3.10/site-packages/airflow/example_dags/tutorial_taskflow_api.py
[2025-02-19T06:32:12.513+0000] {logging_mixin.py:188} INFO - [2025-02-19T06:32:12.513+0000] {dag.py:3036} INFO - Sync 1 DAGs
[2025-02-19T06:32:12.620+0000] {logging_mixin.py:188} INFO - [2025-02-19T06:32:12.620+0000] {dag.py:3823} INFO - Setting next_dagrun for tutorial_taskflow_api to None, run_after=None
[2025-02-19T06:32:13.189+0000] {processor.py:183} INFO - Processing /home/airflow/.local/lib/python3.10/site-packages/airflow/example_dags/tutorial_taskflow_api.py took 0.910 seconds
[2025-02-19T06:34:20.172+0000] {processor.py:161} INFO - Started process (PID=173) to work on /home/airflow/.local/lib/python3.10/site-packages/airflow/example_dags/tutorial_taskflow_api.py
[2025-02-19T06:34:20.175+0000] {processor.py:830} INFO - Processing file /home/airflow/.local/lib/python3.10/site-packages/airflow/example_dags/tutorial_taskflow_api.py for tasks to queue
[2025-02-19T06:34:20.179+0000] {logging_mixin.py:188} INFO - [2025-02-19T06:34:20.178+0000] {dagbag.py:538} INFO - Filling up the DagBag from /home/airflow/.local/lib/python3.10/site-packages/airflow/example_dags/tutorial_taskflow_api.py
[2025-02-19T06:34:20.200+0000] {processor.py:840} INFO - DAG(s) 'tutorial_taskflow_api' retrieved from /home/airflow/.local/lib/python3.10/site-packages/airflow/example_dags/tutorial_taskflow_api.py
[2025-02-19T06:34:20.273+0000] {logging_mixin.py:188} INFO - [2025-02-19T06:34:20.271+0000] {dag.py:3036} INFO - Sync 1 DAGs
[2025-02-19T06:34:20.313+0000] {logging_mixin.py:188} INFO - [2025-02-19T06:34:20.313+0000] {dag.py:3823} INFO - Setting next_dagrun for tutorial_taskflow_api to None, run_after=None
[2025-02-19T06:34:20.466+0000] {processor.py:183} INFO - Processing /home/airflow/.local/lib/python3.10/site-packages/airflow/example_dags/tutorial_taskflow_api.py took 0.300 seconds
[2025-02-19T06:35:51.034+0000] {processor.py:161} INFO - Started process (PID=232) to work on /home/airflow/.local/lib/python3.10/site-packages/airflow/example_dags/tutorial_taskflow_api.py
[2025-02-19T06:35:51.049+0000] {processor.py:830} INFO - Processing file /home/airflow/.local/lib/python3.10/site-packages/airflow/example_dags/tutorial_taskflow_api.py for tasks to queue
[2025-02-19T06:35:51.054+0000] {logging_mixin.py:188} INFO - [2025-02-19T06:35:51.053+0000] {dagbag.py:538} INFO - Filling up the DagBag from /home/airflow/.local/lib/python3.10/site-packages/airflow/example_dags/tutorial_taskflow_api.py
[2025-02-19T06:35:51.104+0000] {processor.py:840} INFO - DAG(s) 'tutorial_taskflow_api' retrieved from /home/airflow/.local/lib/python3.10/site-packages/airflow/example_dags/tutorial_taskflow_api.py
[2025-02-19T06:35:51.257+0000] {logging_mixin.py:188} INFO - [2025-02-19T06:35:51.256+0000] {dag.py:3036} INFO - Sync 1 DAGs
[2025-02-19T06:35:51.369+0000] {logging_mixin.py:188} INFO - [2025-02-19T06:35:51.368+0000] {dag.py:3823} INFO - Setting next_dagrun for tutorial_taskflow_api to None, run_after=None
[2025-02-19T06:35:51.573+0000] {processor.py:183} INFO - Processing /home/airflow/.local/lib/python3.10/site-packages/airflow/example_dags/tutorial_taskflow_api.py took 0.547 seconds
[2025-02-19T06:37:48.274+0000] {processor.py:161} INFO - Started process (PID=297) to work on /home/airflow/.local/lib/python3.10/site-packages/airflow/example_dags/tutorial_taskflow_api.py
[2025-02-19T06:37:48.277+0000] {processor.py:830} INFO - Processing file /home/airflow/.local/lib/python3.10/site-packages/airflow/example_dags/tutorial_taskflow_api.py for tasks to queue
[2025-02-19T06:37:48.281+0000] {logging_mixin.py:188} INFO - [2025-02-19T06:37:48.280+0000] {dagbag.py:538} INFO - Filling up the DagBag from /home/airflow/.local/lib/python3.10/site-packages/airflow/example_dags/tutorial_taskflow_api.py
[2025-02-19T06:37:48.300+0000] {processor.py:840} INFO - DAG(s) 'tutorial_taskflow_api' retrieved from /home/airflow/.local/lib/python3.10/site-packages/airflow/example_dags/tutorial_taskflow_api.py
[2025-02-19T06:37:48.366+0000] {logging_mixin.py:188} INFO - [2025-02-19T06:37:48.365+0000] {dag.py:3036} INFO - Sync 1 DAGs
[2025-02-19T06:37:48.409+0000] {logging_mixin.py:188} INFO - [2025-02-19T06:37:48.409+0000] {dag.py:3823} INFO - Setting next_dagrun for tutorial_taskflow_api to None, run_after=None
[2025-02-19T06:37:48.565+0000] {processor.py:183} INFO - Processing /home/airflow/.local/lib/python3.10/site-packages/airflow/example_dags/tutorial_taskflow_api.py took 0.299 seconds
[2025-02-19T06:39:16.028+0000] {processor.py:161} INFO - Started process (PID=354) to work on /home/airflow/.local/lib/python3.10/site-packages/airflow/example_dags/tutorial_taskflow_api.py
[2025-02-19T06:39:16.036+0000] {processor.py:830} INFO - Processing file /home/airflow/.local/lib/python3.10/site-packages/airflow/example_dags/tutorial_taskflow_api.py for tasks to queue
[2025-02-19T06:39:16.040+0000] {logging_mixin.py:188} INFO - [2025-02-19T06:39:16.038+0000] {dagbag.py:538} INFO - Filling up the DagBag from /home/airflow/.local/lib/python3.10/site-packages/airflow/example_dags/tutorial_taskflow_api.py
[2025-02-19T06:39:16.097+0000] {processor.py:840} INFO - DAG(s) 'tutorial_taskflow_api' retrieved from /home/airflow/.local/lib/python3.10/site-packages/airflow/example_dags/tutorial_taskflow_api.py
[2025-02-19T06:39:16.237+0000] {logging_mixin.py:188} INFO - [2025-02-19T06:39:16.236+0000] {dag.py:3036} INFO - Sync 1 DAGs
[2025-02-19T06:39:16.318+0000] {logging_mixin.py:188} INFO - [2025-02-19T06:39:16.318+0000] {dag.py:3823} INFO - Setting next_dagrun for tutorial_taskflow_api to None, run_after=None
[2025-02-19T06:39:16.617+0000] {processor.py:183} INFO - Processing /home/airflow/.local/lib/python3.10/site-packages/airflow/example_dags/tutorial_taskflow_api.py took 0.614 seconds
[2025-02-19T06:41:49.278+0000] {processor.py:161} INFO - Started process (PID=423) to work on /home/airflow/.local/lib/python3.10/site-packages/airflow/example_dags/tutorial_taskflow_api.py
[2025-02-19T06:41:49.290+0000] {processor.py:830} INFO - Processing file /home/airflow/.local/lib/python3.10/site-packages/airflow/example_dags/tutorial_taskflow_api.py for tasks to queue
[2025-02-19T06:41:49.295+0000] {logging_mixin.py:188} INFO - [2025-02-19T06:41:49.293+0000] {dagbag.py:538} INFO - Filling up the DagBag from /home/airflow/.local/lib/python3.10/site-packages/airflow/example_dags/tutorial_taskflow_api.py
[2025-02-19T06:41:49.341+0000] {processor.py:840} INFO - DAG(s) 'tutorial_taskflow_api' retrieved from /home/airflow/.local/lib/python3.10/site-packages/airflow/example_dags/tutorial_taskflow_api.py
[2025-02-19T06:41:49.580+0000] {logging_mixin.py:188} INFO - [2025-02-19T06:41:49.579+0000] {dag.py:3036} INFO - Sync 1 DAGs
[2025-02-19T06:41:49.667+0000] {logging_mixin.py:188} INFO - [2025-02-19T06:41:49.666+0000] {dag.py:3823} INFO - Setting next_dagrun for tutorial_taskflow_api to None, run_after=None
[2025-02-19T06:41:49.970+0000] {processor.py:183} INFO - Processing /home/airflow/.local/lib/python3.10/site-packages/airflow/example_dags/tutorial_taskflow_api.py took 0.707 seconds
[2025-02-19T06:43:58.500+0000] {processor.py:161} INFO - Started process (PID=56) to work on /home/airflow/.local/lib/python3.10/site-packages/airflow/example_dags/tutorial_taskflow_api.py
[2025-02-19T06:43:58.504+0000] {processor.py:830} INFO - Processing file /home/airflow/.local/lib/python3.10/site-packages/airflow/example_dags/tutorial_taskflow_api.py for tasks to queue
[2025-02-19T06:43:58.507+0000] {logging_mixin.py:188} INFO - [2025-02-19T06:43:58.506+0000] {dagbag.py:538} INFO - Filling up the DagBag from /home/airflow/.local/lib/python3.10/site-packages/airflow/example_dags/tutorial_taskflow_api.py
[2025-02-19T06:43:58.522+0000] {processor.py:840} INFO - DAG(s) 'tutorial_taskflow_api' retrieved from /home/airflow/.local/lib/python3.10/site-packages/airflow/example_dags/tutorial_taskflow_api.py
[2025-02-19T06:43:58.593+0000] {logging_mixin.py:188} INFO - [2025-02-19T06:43:58.593+0000] {dag.py:3036} INFO - Sync 1 DAGs
[2025-02-19T06:43:58.632+0000] {logging_mixin.py:188} INFO - [2025-02-19T06:43:58.632+0000] {dag.py:3823} INFO - Setting next_dagrun for tutorial_taskflow_api to None, run_after=None
[2025-02-19T06:43:58.848+0000] {processor.py:183} INFO - Processing /home/airflow/.local/lib/python3.10/site-packages/airflow/example_dags/tutorial_taskflow_api.py took 0.353 seconds
[2025-02-19T06:45:22.018+0000] {processor.py:161} INFO - Started process (PID=105) to work on /home/airflow/.local/lib/python3.10/site-packages/airflow/example_dags/tutorial_taskflow_api.py
[2025-02-19T06:45:22.066+0000] {processor.py:830} INFO - Processing file /home/airflow/.local/lib/python3.10/site-packages/airflow/example_dags/tutorial_taskflow_api.py for tasks to queue
[2025-02-19T06:45:22.095+0000] {logging_mixin.py:188} INFO - [2025-02-19T06:45:22.092+0000] {dagbag.py:538} INFO - Filling up the DagBag from /home/airflow/.local/lib/python3.10/site-packages/airflow/example_dags/tutorial_taskflow_api.py
[2025-02-19T06:45:22.204+0000] {processor.py:840} INFO - DAG(s) 'tutorial_taskflow_api' retrieved from /home/airflow/.local/lib/python3.10/site-packages/airflow/example_dags/tutorial_taskflow_api.py
[2025-02-19T06:45:22.485+0000] {logging_mixin.py:188} INFO - [2025-02-19T06:45:22.484+0000] {dag.py:3036} INFO - Sync 1 DAGs
[2025-02-19T06:45:22.580+0000] {logging_mixin.py:188} INFO - [2025-02-19T06:45:22.579+0000] {dag.py:3823} INFO - Setting next_dagrun for tutorial_taskflow_api to None, run_after=None
[2025-02-19T06:45:23.100+0000] {processor.py:183} INFO - Processing /home/airflow/.local/lib/python3.10/site-packages/airflow/example_dags/tutorial_taskflow_api.py took 1.104 seconds
[2025-02-19T06:47:05.730+0000] {processor.py:161} INFO - Started process (PID=168) to work on /home/airflow/.local/lib/python3.10/site-packages/airflow/example_dags/tutorial_taskflow_api.py
[2025-02-19T06:47:05.744+0000] {processor.py:830} INFO - Processing file /home/airflow/.local/lib/python3.10/site-packages/airflow/example_dags/tutorial_taskflow_api.py for tasks to queue
[2025-02-19T06:47:05.751+0000] {logging_mixin.py:188} INFO - [2025-02-19T06:47:05.750+0000] {dagbag.py:538} INFO - Filling up the DagBag from /home/airflow/.local/lib/python3.10/site-packages/airflow/example_dags/tutorial_taskflow_api.py
[2025-02-19T06:47:05.789+0000] {processor.py:840} INFO - DAG(s) 'tutorial_taskflow_api' retrieved from /home/airflow/.local/lib/python3.10/site-packages/airflow/example_dags/tutorial_taskflow_api.py
[2025-02-19T06:47:05.933+0000] {logging_mixin.py:188} INFO - [2025-02-19T06:47:05.932+0000] {dag.py:3036} INFO - Sync 1 DAGs
[2025-02-19T06:47:06.010+0000] {logging_mixin.py:188} INFO - [2025-02-19T06:47:06.010+0000] {dag.py:3823} INFO - Setting next_dagrun for tutorial_taskflow_api to None, run_after=None
[2025-02-19T06:47:06.334+0000] {processor.py:183} INFO - Processing /home/airflow/.local/lib/python3.10/site-packages/airflow/example_dags/tutorial_taskflow_api.py took 0.616 seconds
[2025-02-19T06:48:48.988+0000] {processor.py:161} INFO - Started process (PID=229) to work on /home/airflow/.local/lib/python3.10/site-packages/airflow/example_dags/tutorial_taskflow_api.py
[2025-02-19T06:48:49.004+0000] {processor.py:830} INFO - Processing file /home/airflow/.local/lib/python3.10/site-packages/airflow/example_dags/tutorial_taskflow_api.py for tasks to queue
[2025-02-19T06:48:49.008+0000] {logging_mixin.py:188} INFO - [2025-02-19T06:48:49.007+0000] {dagbag.py:538} INFO - Filling up the DagBag from /home/airflow/.local/lib/python3.10/site-packages/airflow/example_dags/tutorial_taskflow_api.py
[2025-02-19T06:48:49.063+0000] {processor.py:840} INFO - DAG(s) 'tutorial_taskflow_api' retrieved from /home/airflow/.local/lib/python3.10/site-packages/airflow/example_dags/tutorial_taskflow_api.py
[2025-02-19T06:48:49.250+0000] {logging_mixin.py:188} INFO - [2025-02-19T06:48:49.249+0000] {dag.py:3036} INFO - Sync 1 DAGs
[2025-02-19T06:48:49.345+0000] {logging_mixin.py:188} INFO - [2025-02-19T06:48:49.344+0000] {dag.py:3823} INFO - Setting next_dagrun for tutorial_taskflow_api to None, run_after=None
[2025-02-19T06:48:49.595+0000] {processor.py:183} INFO - Processing /home/airflow/.local/lib/python3.10/site-packages/airflow/example_dags/tutorial_taskflow_api.py took 0.626 seconds
[2025-02-19T06:50:32.521+0000] {processor.py:161} INFO - Started process (PID=290) to work on /home/airflow/.local/lib/python3.10/site-packages/airflow/example_dags/tutorial_taskflow_api.py
[2025-02-19T06:50:32.524+0000] {processor.py:830} INFO - Processing file /home/airflow/.local/lib/python3.10/site-packages/airflow/example_dags/tutorial_taskflow_api.py for tasks to queue
[2025-02-19T06:50:32.527+0000] {logging_mixin.py:188} INFO - [2025-02-19T06:50:32.526+0000] {dagbag.py:538} INFO - Filling up the DagBag from /home/airflow/.local/lib/python3.10/site-packages/airflow/example_dags/tutorial_taskflow_api.py
[2025-02-19T06:50:32.541+0000] {processor.py:840} INFO - DAG(s) 'tutorial_taskflow_api' retrieved from /home/airflow/.local/lib/python3.10/site-packages/airflow/example_dags/tutorial_taskflow_api.py
[2025-02-19T06:50:32.614+0000] {logging_mixin.py:188} INFO - [2025-02-19T06:50:32.613+0000] {dag.py:3036} INFO - Sync 1 DAGs
[2025-02-19T06:50:32.656+0000] {logging_mixin.py:188} INFO - [2025-02-19T06:50:32.656+0000] {dag.py:3823} INFO - Setting next_dagrun for tutorial_taskflow_api to None, run_after=None
[2025-02-19T06:50:32.861+0000] {processor.py:183} INFO - Processing /home/airflow/.local/lib/python3.10/site-packages/airflow/example_dags/tutorial_taskflow_api.py took 0.348 seconds
[2025-02-19T06:52:16.643+0000] {processor.py:161} INFO - Started process (PID=352) to work on /home/airflow/.local/lib/python3.10/site-packages/airflow/example_dags/tutorial_taskflow_api.py
[2025-02-19T06:52:16.646+0000] {processor.py:830} INFO - Processing file /home/airflow/.local/lib/python3.10/site-packages/airflow/example_dags/tutorial_taskflow_api.py for tasks to queue
[2025-02-19T06:52:16.648+0000] {logging_mixin.py:188} INFO - [2025-02-19T06:52:16.648+0000] {dagbag.py:538} INFO - Filling up the DagBag from /home/airflow/.local/lib/python3.10/site-packages/airflow/example_dags/tutorial_taskflow_api.py
[2025-02-19T06:52:16.664+0000] {processor.py:840} INFO - DAG(s) 'tutorial_taskflow_api' retrieved from /home/airflow/.local/lib/python3.10/site-packages/airflow/example_dags/tutorial_taskflow_api.py
[2025-02-19T06:52:16.713+0000] {logging_mixin.py:188} INFO - [2025-02-19T06:52:16.713+0000] {dag.py:3036} INFO - Sync 1 DAGs
[2025-02-19T06:52:16.747+0000] {logging_mixin.py:188} INFO - [2025-02-19T06:52:16.747+0000] {dag.py:3823} INFO - Setting next_dagrun for tutorial_taskflow_api to None, run_after=None
[2025-02-19T06:52:16.877+0000] {processor.py:183} INFO - Processing /home/airflow/.local/lib/python3.10/site-packages/airflow/example_dags/tutorial_taskflow_api.py took 0.241 seconds
[2025-02-19T06:53:56.213+0000] {processor.py:161} INFO - Started process (PID=414) to work on /home/airflow/.local/lib/python3.10/site-packages/airflow/example_dags/tutorial_taskflow_api.py
[2025-02-19T06:53:56.217+0000] {processor.py:830} INFO - Processing file /home/airflow/.local/lib/python3.10/site-packages/airflow/example_dags/tutorial_taskflow_api.py for tasks to queue
[2025-02-19T06:53:56.223+0000] {logging_mixin.py:188} INFO - [2025-02-19T06:53:56.220+0000] {dagbag.py:538} INFO - Filling up the DagBag from /home/airflow/.local/lib/python3.10/site-packages/airflow/example_dags/tutorial_taskflow_api.py
[2025-02-19T06:53:56.252+0000] {processor.py:840} INFO - DAG(s) 'tutorial_taskflow_api' retrieved from /home/airflow/.local/lib/python3.10/site-packages/airflow/example_dags/tutorial_taskflow_api.py
[2025-02-19T06:53:56.334+0000] {logging_mixin.py:188} INFO - [2025-02-19T06:53:56.334+0000] {dag.py:3036} INFO - Sync 1 DAGs
[2025-02-19T06:53:56.374+0000] {logging_mixin.py:188} INFO - [2025-02-19T06:53:56.373+0000] {dag.py:3823} INFO - Setting next_dagrun for tutorial_taskflow_api to None, run_after=None
[2025-02-19T06:53:56.561+0000] {processor.py:183} INFO - Processing /home/airflow/.local/lib/python3.10/site-packages/airflow/example_dags/tutorial_taskflow_api.py took 0.363 seconds
[2025-02-19T06:55:18.183+0000] {processor.py:161} INFO - Started process (PID=472) to work on /home/airflow/.local/lib/python3.10/site-packages/airflow/example_dags/tutorial_taskflow_api.py
[2025-02-19T06:55:18.187+0000] {processor.py:830} INFO - Processing file /home/airflow/.local/lib/python3.10/site-packages/airflow/example_dags/tutorial_taskflow_api.py for tasks to queue
[2025-02-19T06:55:18.195+0000] {logging_mixin.py:188} INFO - [2025-02-19T06:55:18.194+0000] {dagbag.py:538} INFO - Filling up the DagBag from /home/airflow/.local/lib/python3.10/site-packages/airflow/example_dags/tutorial_taskflow_api.py
[2025-02-19T06:55:18.240+0000] {processor.py:840} INFO - DAG(s) 'tutorial_taskflow_api' retrieved from /home/airflow/.local/lib/python3.10/site-packages/airflow/example_dags/tutorial_taskflow_api.py
[2025-02-19T06:55:18.389+0000] {logging_mixin.py:188} INFO - [2025-02-19T06:55:18.388+0000] {dag.py:3036} INFO - Sync 1 DAGs
[2025-02-19T06:55:18.473+0000] {logging_mixin.py:188} INFO - [2025-02-19T06:55:18.472+0000] {dag.py:3823} INFO - Setting next_dagrun for tutorial_taskflow_api to None, run_after=None
[2025-02-19T06:55:18.767+0000] {processor.py:183} INFO - Processing /home/airflow/.local/lib/python3.10/site-packages/airflow/example_dags/tutorial_taskflow_api.py took 0.602 seconds
[2025-02-19T06:56:42.802+0000] {processor.py:161} INFO - Started process (PID=528) to work on /home/airflow/.local/lib/python3.10/site-packages/airflow/example_dags/tutorial_taskflow_api.py
[2025-02-19T06:56:42.813+0000] {processor.py:830} INFO - Processing file /home/airflow/.local/lib/python3.10/site-packages/airflow/example_dags/tutorial_taskflow_api.py for tasks to queue
[2025-02-19T06:56:42.817+0000] {logging_mixin.py:188} INFO - [2025-02-19T06:56:42.816+0000] {dagbag.py:538} INFO - Filling up the DagBag from /home/airflow/.local/lib/python3.10/site-packages/airflow/example_dags/tutorial_taskflow_api.py
[2025-02-19T06:56:42.867+0000] {processor.py:840} INFO - DAG(s) 'tutorial_taskflow_api' retrieved from /home/airflow/.local/lib/python3.10/site-packages/airflow/example_dags/tutorial_taskflow_api.py
[2025-02-19T06:56:42.984+0000] {logging_mixin.py:188} INFO - [2025-02-19T06:56:42.984+0000] {dag.py:3036} INFO - Sync 1 DAGs
[2025-02-19T06:56:43.057+0000] {logging_mixin.py:188} INFO - [2025-02-19T06:56:43.057+0000] {dag.py:3823} INFO - Setting next_dagrun for tutorial_taskflow_api to None, run_after=None
[2025-02-19T06:56:43.291+0000] {processor.py:183} INFO - Processing /home/airflow/.local/lib/python3.10/site-packages/airflow/example_dags/tutorial_taskflow_api.py took 0.500 seconds
[2025-02-19T06:58:22.557+0000] {processor.py:161} INFO - Started process (PID=589) to work on /home/airflow/.local/lib/python3.10/site-packages/airflow/example_dags/tutorial_taskflow_api.py
[2025-02-19T06:58:22.559+0000] {processor.py:830} INFO - Processing file /home/airflow/.local/lib/python3.10/site-packages/airflow/example_dags/tutorial_taskflow_api.py for tasks to queue
[2025-02-19T06:58:22.563+0000] {logging_mixin.py:188} INFO - [2025-02-19T06:58:22.562+0000] {dagbag.py:538} INFO - Filling up the DagBag from /home/airflow/.local/lib/python3.10/site-packages/airflow/example_dags/tutorial_taskflow_api.py
[2025-02-19T06:58:22.575+0000] {processor.py:840} INFO - DAG(s) 'tutorial_taskflow_api' retrieved from /home/airflow/.local/lib/python3.10/site-packages/airflow/example_dags/tutorial_taskflow_api.py
[2025-02-19T06:58:22.644+0000] {logging_mixin.py:188} INFO - [2025-02-19T06:58:22.644+0000] {dag.py:3036} INFO - Sync 1 DAGs
[2025-02-19T06:58:22.674+0000] {logging_mixin.py:188} INFO - [2025-02-19T06:58:22.674+0000] {dag.py:3823} INFO - Setting next_dagrun for tutorial_taskflow_api to None, run_after=None
[2025-02-19T06:58:22.814+0000] {processor.py:183} INFO - Processing /home/airflow/.local/lib/python3.10/site-packages/airflow/example_dags/tutorial_taskflow_api.py took 0.263 seconds
[2025-02-19T07:00:00.706+0000] {processor.py:161} INFO - Started process (PID=648) to work on /home/airflow/.local/lib/python3.10/site-packages/airflow/example_dags/tutorial_taskflow_api.py
[2025-02-19T07:00:00.710+0000] {processor.py:830} INFO - Processing file /home/airflow/.local/lib/python3.10/site-packages/airflow/example_dags/tutorial_taskflow_api.py for tasks to queue
[2025-02-19T07:00:00.713+0000] {logging_mixin.py:188} INFO - [2025-02-19T07:00:00.712+0000] {dagbag.py:538} INFO - Filling up the DagBag from /home/airflow/.local/lib/python3.10/site-packages/airflow/example_dags/tutorial_taskflow_api.py
[2025-02-19T07:00:00.743+0000] {processor.py:840} INFO - DAG(s) 'tutorial_taskflow_api' retrieved from /home/airflow/.local/lib/python3.10/site-packages/airflow/example_dags/tutorial_taskflow_api.py
[2025-02-19T07:00:00.867+0000] {logging_mixin.py:188} INFO - [2025-02-19T07:00:00.865+0000] {dag.py:3036} INFO - Sync 1 DAGs
[2025-02-19T07:00:00.929+0000] {logging_mixin.py:188} INFO - [2025-02-19T07:00:00.929+0000] {dag.py:3823} INFO - Setting next_dagrun for tutorial_taskflow_api to None, run_after=None
[2025-02-19T07:00:01.147+0000] {processor.py:183} INFO - Processing /home/airflow/.local/lib/python3.10/site-packages/airflow/example_dags/tutorial_taskflow_api.py took 0.457 seconds
[2025-02-19T07:01:42.689+0000] {processor.py:161} INFO - Started process (PID=712) to work on /home/airflow/.local/lib/python3.10/site-packages/airflow/example_dags/tutorial_taskflow_api.py
[2025-02-19T07:01:42.691+0000] {processor.py:830} INFO - Processing file /home/airflow/.local/lib/python3.10/site-packages/airflow/example_dags/tutorial_taskflow_api.py for tasks to queue
[2025-02-19T07:01:42.694+0000] {logging_mixin.py:188} INFO - [2025-02-19T07:01:42.693+0000] {dagbag.py:538} INFO - Filling up the DagBag from /home/airflow/.local/lib/python3.10/site-packages/airflow/example_dags/tutorial_taskflow_api.py
[2025-02-19T07:01:42.710+0000] {processor.py:840} INFO - DAG(s) 'tutorial_taskflow_api' retrieved from /home/airflow/.local/lib/python3.10/site-packages/airflow/example_dags/tutorial_taskflow_api.py
[2025-02-19T07:01:42.764+0000] {logging_mixin.py:188} INFO - [2025-02-19T07:01:42.763+0000] {dag.py:3036} INFO - Sync 1 DAGs
[2025-02-19T07:01:42.805+0000] {logging_mixin.py:188} INFO - [2025-02-19T07:01:42.804+0000] {dag.py:3823} INFO - Setting next_dagrun for tutorial_taskflow_api to None, run_after=None
[2025-02-19T07:01:42.941+0000] {processor.py:183} INFO - Processing /home/airflow/.local/lib/python3.10/site-packages/airflow/example_dags/tutorial_taskflow_api.py took 0.258 seconds
[2025-02-19T07:03:21.508+0000] {processor.py:161} INFO - Started process (PID=774) to work on /home/airflow/.local/lib/python3.10/site-packages/airflow/example_dags/tutorial_taskflow_api.py
[2025-02-19T07:03:21.519+0000] {processor.py:830} INFO - Processing file /home/airflow/.local/lib/python3.10/site-packages/airflow/example_dags/tutorial_taskflow_api.py for tasks to queue
[2025-02-19T07:03:21.526+0000] {logging_mixin.py:188} INFO - [2025-02-19T07:03:21.525+0000] {dagbag.py:538} INFO - Filling up the DagBag from /home/airflow/.local/lib/python3.10/site-packages/airflow/example_dags/tutorial_taskflow_api.py
[2025-02-19T07:03:21.561+0000] {processor.py:840} INFO - DAG(s) 'tutorial_taskflow_api' retrieved from /home/airflow/.local/lib/python3.10/site-packages/airflow/example_dags/tutorial_taskflow_api.py
[2025-02-19T07:03:22.381+0000] {logging_mixin.py:188} INFO - [2025-02-19T07:03:22.381+0000] {dag.py:3036} INFO - Sync 1 DAGs
[2025-02-19T07:03:22.492+0000] {logging_mixin.py:188} INFO - [2025-02-19T07:03:22.484+0000] {dag.py:3823} INFO - Setting next_dagrun for tutorial_taskflow_api to None, run_after=None
[2025-02-19T07:03:22.751+0000] {processor.py:183} INFO - Processing /home/airflow/.local/lib/python3.10/site-packages/airflow/example_dags/tutorial_taskflow_api.py took 1.262 seconds
[2025-02-19T07:05:52.352+0000] {processor.py:161} INFO - Started process (PID=834) to work on /home/airflow/.local/lib/python3.10/site-packages/airflow/example_dags/tutorial_taskflow_api.py
[2025-02-19T07:05:52.360+0000] {processor.py:830} INFO - Processing file /home/airflow/.local/lib/python3.10/site-packages/airflow/example_dags/tutorial_taskflow_api.py for tasks to queue
[2025-02-19T07:05:52.368+0000] {logging_mixin.py:188} INFO - [2025-02-19T07:05:52.366+0000] {dagbag.py:538} INFO - Filling up the DagBag from /home/airflow/.local/lib/python3.10/site-packages/airflow/example_dags/tutorial_taskflow_api.py
[2025-02-19T07:05:52.409+0000] {processor.py:840} INFO - DAG(s) 'tutorial_taskflow_api' retrieved from /home/airflow/.local/lib/python3.10/site-packages/airflow/example_dags/tutorial_taskflow_api.py
[2025-02-19T07:05:52.534+0000] {logging_mixin.py:188} INFO - [2025-02-19T07:05:52.533+0000] {dag.py:3036} INFO - Sync 1 DAGs
[2025-02-19T07:05:52.588+0000] {logging_mixin.py:188} INFO - [2025-02-19T07:05:52.588+0000] {dag.py:3823} INFO - Setting next_dagrun for tutorial_taskflow_api to None, run_after=None
[2025-02-19T07:05:52.769+0000] {processor.py:183} INFO - Processing /home/airflow/.local/lib/python3.10/site-packages/airflow/example_dags/tutorial_taskflow_api.py took 0.431 seconds
