[2025-02-19T05:55:10.411+0000] {processor.py:161} INFO - Started process (PID=33) to work on /home/airflow/.local/lib/python3.10/site-packages/airflow/example_dags/tutorial_dag.py
[2025-02-19T05:55:10.443+0000] {processor.py:830} INFO - Processing file /home/airflow/.local/lib/python3.10/site-packages/airflow/example_dags/tutorial_dag.py for tasks to queue
[2025-02-19T05:55:10.500+0000] {logging_mixin.py:188} INFO - [2025-02-19T05:55:10.499+0000] {dagbag.py:538} INFO - Filling up the DagBag from /home/airflow/.local/lib/python3.10/site-packages/airflow/example_dags/tutorial_dag.py
[2025-02-19T05:55:10.547+0000] {processor.py:840} INFO - DAG(s) 'tutorial_dag' retrieved from /home/airflow/.local/lib/python3.10/site-packages/airflow/example_dags/tutorial_dag.py
[2025-02-19T05:55:11.069+0000] {logging_mixin.py:188} INFO - [2025-02-19T05:55:11.069+0000] {dag.py:3036} INFO - Sync 1 DAGs
[2025-02-19T05:55:11.304+0000] {logging_mixin.py:188} INFO - [2025-02-19T05:55:11.304+0000] {dag.py:3823} INFO - Setting next_dagrun for tutorial_dag to None, run_after=None
[2025-02-19T05:55:12.286+0000] {processor.py:183} INFO - Processing /home/airflow/.local/lib/python3.10/site-packages/airflow/example_dags/tutorial_dag.py took 1.884 seconds
[2025-02-19T05:57:50.641+0000] {processor.py:161} INFO - Started process (PID=82) to work on /home/airflow/.local/lib/python3.10/site-packages/airflow/example_dags/tutorial_dag.py
[2025-02-19T05:57:50.650+0000] {processor.py:830} INFO - Processing file /home/airflow/.local/lib/python3.10/site-packages/airflow/example_dags/tutorial_dag.py for tasks to queue
[2025-02-19T05:57:50.653+0000] {logging_mixin.py:188} INFO - [2025-02-19T05:57:50.652+0000] {dagbag.py:538} INFO - Filling up the DagBag from /home/airflow/.local/lib/python3.10/site-packages/airflow/example_dags/tutorial_dag.py
[2025-02-19T05:57:50.673+0000] {processor.py:840} INFO - DAG(s) 'tutorial_dag' retrieved from /home/airflow/.local/lib/python3.10/site-packages/airflow/example_dags/tutorial_dag.py
[2025-02-19T05:57:50.723+0000] {logging_mixin.py:188} INFO - [2025-02-19T05:57:50.723+0000] {dag.py:3036} INFO - Sync 1 DAGs
[2025-02-19T05:57:50.755+0000] {logging_mixin.py:188} INFO - [2025-02-19T05:57:50.755+0000] {dag.py:3823} INFO - Setting next_dagrun for tutorial_dag to None, run_after=None
[2025-02-19T05:57:51.125+0000] {processor.py:183} INFO - Processing /home/airflow/.local/lib/python3.10/site-packages/airflow/example_dags/tutorial_dag.py took 0.492 seconds
[2025-02-19T05:59:22.372+0000] {processor.py:161} INFO - Started process (PID=128) to work on /home/airflow/.local/lib/python3.10/site-packages/airflow/example_dags/tutorial_dag.py
[2025-02-19T05:59:22.383+0000] {processor.py:830} INFO - Processing file /home/airflow/.local/lib/python3.10/site-packages/airflow/example_dags/tutorial_dag.py for tasks to queue
[2025-02-19T05:59:22.390+0000] {logging_mixin.py:188} INFO - [2025-02-19T05:59:22.389+0000] {dagbag.py:538} INFO - Filling up the DagBag from /home/airflow/.local/lib/python3.10/site-packages/airflow/example_dags/tutorial_dag.py
[2025-02-19T05:59:22.427+0000] {processor.py:840} INFO - DAG(s) 'tutorial_dag' retrieved from /home/airflow/.local/lib/python3.10/site-packages/airflow/example_dags/tutorial_dag.py
[2025-02-19T05:59:22.563+0000] {logging_mixin.py:188} INFO - [2025-02-19T05:59:22.563+0000] {dag.py:3036} INFO - Sync 1 DAGs
[2025-02-19T05:59:22.639+0000] {logging_mixin.py:188} INFO - [2025-02-19T05:59:22.638+0000] {dag.py:3823} INFO - Setting next_dagrun for tutorial_dag to None, run_after=None
[2025-02-19T05:59:22.800+0000] {processor.py:183} INFO - Processing /home/airflow/.local/lib/python3.10/site-packages/airflow/example_dags/tutorial_dag.py took 0.436 seconds
[2025-02-19T06:00:23.304+0000] {processor.py:161} INFO - Started process (PID=160) to work on /home/airflow/.local/lib/python3.10/site-packages/airflow/example_dags/tutorial_dag.py
[2025-02-19T06:00:23.307+0000] {processor.py:830} INFO - Processing file /home/airflow/.local/lib/python3.10/site-packages/airflow/example_dags/tutorial_dag.py for tasks to queue
[2025-02-19T06:00:23.318+0000] {logging_mixin.py:188} INFO - [2025-02-19T06:00:23.309+0000] {dagbag.py:538} INFO - Filling up the DagBag from /home/airflow/.local/lib/python3.10/site-packages/airflow/example_dags/tutorial_dag.py
[2025-02-19T06:00:23.353+0000] {processor.py:840} INFO - DAG(s) 'tutorial_dag' retrieved from /home/airflow/.local/lib/python3.10/site-packages/airflow/example_dags/tutorial_dag.py
[2025-02-19T06:00:23.469+0000] {logging_mixin.py:188} INFO - [2025-02-19T06:00:23.469+0000] {dag.py:3036} INFO - Sync 1 DAGs
[2025-02-19T06:00:23.559+0000] {logging_mixin.py:188} INFO - [2025-02-19T06:00:23.559+0000] {dag.py:3823} INFO - Setting next_dagrun for tutorial_dag to None, run_after=None
[2025-02-19T06:00:23.767+0000] {processor.py:183} INFO - Processing /home/airflow/.local/lib/python3.10/site-packages/airflow/example_dags/tutorial_dag.py took 0.473 seconds
[2025-02-19T06:01:25.464+0000] {processor.py:161} INFO - Started process (PID=194) to work on /home/airflow/.local/lib/python3.10/site-packages/airflow/example_dags/tutorial_dag.py
[2025-02-19T06:01:25.467+0000] {processor.py:830} INFO - Processing file /home/airflow/.local/lib/python3.10/site-packages/airflow/example_dags/tutorial_dag.py for tasks to queue
[2025-02-19T06:01:25.470+0000] {logging_mixin.py:188} INFO - [2025-02-19T06:01:25.469+0000] {dagbag.py:538} INFO - Filling up the DagBag from /home/airflow/.local/lib/python3.10/site-packages/airflow/example_dags/tutorial_dag.py
[2025-02-19T06:01:25.485+0000] {processor.py:840} INFO - DAG(s) 'tutorial_dag' retrieved from /home/airflow/.local/lib/python3.10/site-packages/airflow/example_dags/tutorial_dag.py
[2025-02-19T06:01:25.543+0000] {logging_mixin.py:188} INFO - [2025-02-19T06:01:25.543+0000] {dag.py:3036} INFO - Sync 1 DAGs
[2025-02-19T06:01:25.572+0000] {logging_mixin.py:188} INFO - [2025-02-19T06:01:25.571+0000] {dag.py:3823} INFO - Setting next_dagrun for tutorial_dag to None, run_after=None
[2025-02-19T06:01:25.700+0000] {processor.py:183} INFO - Processing /home/airflow/.local/lib/python3.10/site-packages/airflow/example_dags/tutorial_dag.py took 0.243 seconds
[2025-02-19T06:02:22.541+0000] {processor.py:161} INFO - Started process (PID=226) to work on /home/airflow/.local/lib/python3.10/site-packages/airflow/example_dags/tutorial_dag.py
[2025-02-19T06:02:22.545+0000] {processor.py:830} INFO - Processing file /home/airflow/.local/lib/python3.10/site-packages/airflow/example_dags/tutorial_dag.py for tasks to queue
[2025-02-19T06:02:22.552+0000] {logging_mixin.py:188} INFO - [2025-02-19T06:02:22.547+0000] {dagbag.py:538} INFO - Filling up the DagBag from /home/airflow/.local/lib/python3.10/site-packages/airflow/example_dags/tutorial_dag.py
[2025-02-19T06:02:22.577+0000] {processor.py:840} INFO - DAG(s) 'tutorial_dag' retrieved from /home/airflow/.local/lib/python3.10/site-packages/airflow/example_dags/tutorial_dag.py
[2025-02-19T06:02:22.663+0000] {logging_mixin.py:188} INFO - [2025-02-19T06:02:22.662+0000] {dag.py:3036} INFO - Sync 1 DAGs
[2025-02-19T06:02:22.726+0000] {logging_mixin.py:188} INFO - [2025-02-19T06:02:22.726+0000] {dag.py:3823} INFO - Setting next_dagrun for tutorial_dag to None, run_after=None
[2025-02-19T06:02:22.928+0000] {processor.py:183} INFO - Processing /home/airflow/.local/lib/python3.10/site-packages/airflow/example_dags/tutorial_dag.py took 0.395 seconds
[2025-02-19T06:03:15.565+0000] {processor.py:161} INFO - Started process (PID=260) to work on /home/airflow/.local/lib/python3.10/site-packages/airflow/example_dags/tutorial_dag.py
[2025-02-19T06:03:15.568+0000] {processor.py:830} INFO - Processing file /home/airflow/.local/lib/python3.10/site-packages/airflow/example_dags/tutorial_dag.py for tasks to queue
[2025-02-19T06:03:15.571+0000] {logging_mixin.py:188} INFO - [2025-02-19T06:03:15.570+0000] {dagbag.py:538} INFO - Filling up the DagBag from /home/airflow/.local/lib/python3.10/site-packages/airflow/example_dags/tutorial_dag.py
[2025-02-19T06:03:15.582+0000] {processor.py:840} INFO - DAG(s) 'tutorial_dag' retrieved from /home/airflow/.local/lib/python3.10/site-packages/airflow/example_dags/tutorial_dag.py
[2025-02-19T06:03:15.633+0000] {logging_mixin.py:188} INFO - [2025-02-19T06:03:15.632+0000] {dag.py:3036} INFO - Sync 1 DAGs
[2025-02-19T06:03:15.664+0000] {logging_mixin.py:188} INFO - [2025-02-19T06:03:15.664+0000] {dag.py:3823} INFO - Setting next_dagrun for tutorial_dag to None, run_after=None
[2025-02-19T06:03:15.802+0000] {processor.py:183} INFO - Processing /home/airflow/.local/lib/python3.10/site-packages/airflow/example_dags/tutorial_dag.py took 0.243 seconds
[2025-02-19T06:04:05.114+0000] {processor.py:161} INFO - Started process (PID=290) to work on /home/airflow/.local/lib/python3.10/site-packages/airflow/example_dags/tutorial_dag.py
[2025-02-19T06:04:05.117+0000] {processor.py:830} INFO - Processing file /home/airflow/.local/lib/python3.10/site-packages/airflow/example_dags/tutorial_dag.py for tasks to queue
[2025-02-19T06:04:05.121+0000] {logging_mixin.py:188} INFO - [2025-02-19T06:04:05.120+0000] {dagbag.py:538} INFO - Filling up the DagBag from /home/airflow/.local/lib/python3.10/site-packages/airflow/example_dags/tutorial_dag.py
[2025-02-19T06:04:05.156+0000] {processor.py:840} INFO - DAG(s) 'tutorial_dag' retrieved from /home/airflow/.local/lib/python3.10/site-packages/airflow/example_dags/tutorial_dag.py
[2025-02-19T06:04:05.303+0000] {logging_mixin.py:188} INFO - [2025-02-19T06:04:05.302+0000] {dag.py:3036} INFO - Sync 1 DAGs
[2025-02-19T06:04:05.363+0000] {logging_mixin.py:188} INFO - [2025-02-19T06:04:05.363+0000] {dag.py:3823} INFO - Setting next_dagrun for tutorial_dag to None, run_after=None
[2025-02-19T06:04:05.544+0000] {processor.py:183} INFO - Processing /home/airflow/.local/lib/python3.10/site-packages/airflow/example_dags/tutorial_dag.py took 0.447 seconds
[2025-02-19T06:04:58.530+0000] {processor.py:161} INFO - Started process (PID=321) to work on /home/airflow/.local/lib/python3.10/site-packages/airflow/example_dags/tutorial_dag.py
[2025-02-19T06:04:58.532+0000] {processor.py:830} INFO - Processing file /home/airflow/.local/lib/python3.10/site-packages/airflow/example_dags/tutorial_dag.py for tasks to queue
[2025-02-19T06:04:58.535+0000] {logging_mixin.py:188} INFO - [2025-02-19T06:04:58.534+0000] {dagbag.py:538} INFO - Filling up the DagBag from /home/airflow/.local/lib/python3.10/site-packages/airflow/example_dags/tutorial_dag.py
[2025-02-19T06:04:58.544+0000] {processor.py:840} INFO - DAG(s) 'tutorial_dag' retrieved from /home/airflow/.local/lib/python3.10/site-packages/airflow/example_dags/tutorial_dag.py
[2025-02-19T06:04:58.599+0000] {logging_mixin.py:188} INFO - [2025-02-19T06:04:58.598+0000] {dag.py:3036} INFO - Sync 1 DAGs
[2025-02-19T06:04:58.632+0000] {logging_mixin.py:188} INFO - [2025-02-19T06:04:58.631+0000] {dag.py:3823} INFO - Setting next_dagrun for tutorial_dag to None, run_after=None
[2025-02-19T06:04:58.776+0000] {processor.py:183} INFO - Processing /home/airflow/.local/lib/python3.10/site-packages/airflow/example_dags/tutorial_dag.py took 0.251 seconds
[2025-02-19T06:05:49.537+0000] {processor.py:161} INFO - Started process (PID=353) to work on /home/airflow/.local/lib/python3.10/site-packages/airflow/example_dags/tutorial_dag.py
[2025-02-19T06:05:49.539+0000] {processor.py:830} INFO - Processing file /home/airflow/.local/lib/python3.10/site-packages/airflow/example_dags/tutorial_dag.py for tasks to queue
[2025-02-19T06:05:49.542+0000] {logging_mixin.py:188} INFO - [2025-02-19T06:05:49.541+0000] {dagbag.py:538} INFO - Filling up the DagBag from /home/airflow/.local/lib/python3.10/site-packages/airflow/example_dags/tutorial_dag.py
[2025-02-19T06:05:49.559+0000] {processor.py:840} INFO - DAG(s) 'tutorial_dag' retrieved from /home/airflow/.local/lib/python3.10/site-packages/airflow/example_dags/tutorial_dag.py
[2025-02-19T06:05:49.613+0000] {logging_mixin.py:188} INFO - [2025-02-19T06:05:49.612+0000] {dag.py:3036} INFO - Sync 1 DAGs
[2025-02-19T06:05:49.642+0000] {logging_mixin.py:188} INFO - [2025-02-19T06:05:49.642+0000] {dag.py:3823} INFO - Setting next_dagrun for tutorial_dag to None, run_after=None
[2025-02-19T06:05:49.754+0000] {processor.py:183} INFO - Processing /home/airflow/.local/lib/python3.10/site-packages/airflow/example_dags/tutorial_dag.py took 0.224 seconds
[2025-02-19T06:06:55.210+0000] {processor.py:161} INFO - Started process (PID=385) to work on /home/airflow/.local/lib/python3.10/site-packages/airflow/example_dags/tutorial_dag.py
[2025-02-19T06:06:55.214+0000] {processor.py:830} INFO - Processing file /home/airflow/.local/lib/python3.10/site-packages/airflow/example_dags/tutorial_dag.py for tasks to queue
[2025-02-19T06:06:55.217+0000] {logging_mixin.py:188} INFO - [2025-02-19T06:06:55.216+0000] {dagbag.py:538} INFO - Filling up the DagBag from /home/airflow/.local/lib/python3.10/site-packages/airflow/example_dags/tutorial_dag.py
[2025-02-19T06:06:55.264+0000] {processor.py:840} INFO - DAG(s) 'tutorial_dag' retrieved from /home/airflow/.local/lib/python3.10/site-packages/airflow/example_dags/tutorial_dag.py
[2025-02-19T06:06:55.805+0000] {logging_mixin.py:188} INFO - [2025-02-19T06:06:55.804+0000] {dag.py:3036} INFO - Sync 1 DAGs
[2025-02-19T06:06:55.890+0000] {logging_mixin.py:188} INFO - [2025-02-19T06:06:55.889+0000] {dag.py:3823} INFO - Setting next_dagrun for tutorial_dag to None, run_after=None
[2025-02-19T06:06:56.401+0000] {processor.py:183} INFO - Processing /home/airflow/.local/lib/python3.10/site-packages/airflow/example_dags/tutorial_dag.py took 1.209 seconds
[2025-02-19T06:08:06.186+0000] {processor.py:161} INFO - Started process (PID=419) to work on /home/airflow/.local/lib/python3.10/site-packages/airflow/example_dags/tutorial_dag.py
[2025-02-19T06:08:06.189+0000] {processor.py:830} INFO - Processing file /home/airflow/.local/lib/python3.10/site-packages/airflow/example_dags/tutorial_dag.py for tasks to queue
[2025-02-19T06:08:06.192+0000] {logging_mixin.py:188} INFO - [2025-02-19T06:08:06.191+0000] {dagbag.py:538} INFO - Filling up the DagBag from /home/airflow/.local/lib/python3.10/site-packages/airflow/example_dags/tutorial_dag.py
[2025-02-19T06:08:06.224+0000] {processor.py:840} INFO - DAG(s) 'tutorial_dag' retrieved from /home/airflow/.local/lib/python3.10/site-packages/airflow/example_dags/tutorial_dag.py
[2025-02-19T06:08:06.406+0000] {logging_mixin.py:188} INFO - [2025-02-19T06:08:06.405+0000] {dag.py:3036} INFO - Sync 1 DAGs
[2025-02-19T06:08:06.469+0000] {logging_mixin.py:188} INFO - [2025-02-19T06:08:06.469+0000] {dag.py:3823} INFO - Setting next_dagrun for tutorial_dag to None, run_after=None
[2025-02-19T06:08:06.657+0000] {processor.py:183} INFO - Processing /home/airflow/.local/lib/python3.10/site-packages/airflow/example_dags/tutorial_dag.py took 0.486 seconds
[2025-02-19T06:09:00.116+0000] {processor.py:161} INFO - Started process (PID=451) to work on /home/airflow/.local/lib/python3.10/site-packages/airflow/example_dags/tutorial_dag.py
[2025-02-19T06:09:00.119+0000] {processor.py:830} INFO - Processing file /home/airflow/.local/lib/python3.10/site-packages/airflow/example_dags/tutorial_dag.py for tasks to queue
[2025-02-19T06:09:00.123+0000] {logging_mixin.py:188} INFO - [2025-02-19T06:09:00.121+0000] {dagbag.py:538} INFO - Filling up the DagBag from /home/airflow/.local/lib/python3.10/site-packages/airflow/example_dags/tutorial_dag.py
[2025-02-19T06:09:00.163+0000] {processor.py:840} INFO - DAG(s) 'tutorial_dag' retrieved from /home/airflow/.local/lib/python3.10/site-packages/airflow/example_dags/tutorial_dag.py
[2025-02-19T06:09:00.301+0000] {logging_mixin.py:188} INFO - [2025-02-19T06:09:00.300+0000] {dag.py:3036} INFO - Sync 1 DAGs
[2025-02-19T06:09:00.364+0000] {logging_mixin.py:188} INFO - [2025-02-19T06:09:00.364+0000] {dag.py:3823} INFO - Setting next_dagrun for tutorial_dag to None, run_after=None
[2025-02-19T06:09:00.543+0000] {processor.py:183} INFO - Processing /home/airflow/.local/lib/python3.10/site-packages/airflow/example_dags/tutorial_dag.py took 0.443 seconds
[2025-02-19T06:09:52.271+0000] {processor.py:161} INFO - Started process (PID=482) to work on /home/airflow/.local/lib/python3.10/site-packages/airflow/example_dags/tutorial_dag.py
[2025-02-19T06:09:52.274+0000] {processor.py:830} INFO - Processing file /home/airflow/.local/lib/python3.10/site-packages/airflow/example_dags/tutorial_dag.py for tasks to queue
[2025-02-19T06:09:52.278+0000] {logging_mixin.py:188} INFO - [2025-02-19T06:09:52.276+0000] {dagbag.py:538} INFO - Filling up the DagBag from /home/airflow/.local/lib/python3.10/site-packages/airflow/example_dags/tutorial_dag.py
[2025-02-19T06:09:52.298+0000] {processor.py:840} INFO - DAG(s) 'tutorial_dag' retrieved from /home/airflow/.local/lib/python3.10/site-packages/airflow/example_dags/tutorial_dag.py
[2025-02-19T06:09:52.366+0000] {logging_mixin.py:188} INFO - [2025-02-19T06:09:52.366+0000] {dag.py:3036} INFO - Sync 1 DAGs
[2025-02-19T06:09:52.412+0000] {logging_mixin.py:188} INFO - [2025-02-19T06:09:52.412+0000] {dag.py:3823} INFO - Setting next_dagrun for tutorial_dag to None, run_after=None
[2025-02-19T06:09:52.601+0000] {processor.py:183} INFO - Processing /home/airflow/.local/lib/python3.10/site-packages/airflow/example_dags/tutorial_dag.py took 0.338 seconds
[2025-02-19T06:10:44.955+0000] {processor.py:161} INFO - Started process (PID=514) to work on /home/airflow/.local/lib/python3.10/site-packages/airflow/example_dags/tutorial_dag.py
[2025-02-19T06:10:44.958+0000] {processor.py:830} INFO - Processing file /home/airflow/.local/lib/python3.10/site-packages/airflow/example_dags/tutorial_dag.py for tasks to queue
[2025-02-19T06:10:44.961+0000] {logging_mixin.py:188} INFO - [2025-02-19T06:10:44.960+0000] {dagbag.py:538} INFO - Filling up the DagBag from /home/airflow/.local/lib/python3.10/site-packages/airflow/example_dags/tutorial_dag.py
[2025-02-19T06:10:44.978+0000] {processor.py:840} INFO - DAG(s) 'tutorial_dag' retrieved from /home/airflow/.local/lib/python3.10/site-packages/airflow/example_dags/tutorial_dag.py
[2025-02-19T06:10:45.053+0000] {logging_mixin.py:188} INFO - [2025-02-19T06:10:45.052+0000] {dag.py:3036} INFO - Sync 1 DAGs
[2025-02-19T06:10:45.102+0000] {logging_mixin.py:188} INFO - [2025-02-19T06:10:45.101+0000] {dag.py:3823} INFO - Setting next_dagrun for tutorial_dag to None, run_after=None
[2025-02-19T06:10:45.240+0000] {processor.py:183} INFO - Processing /home/airflow/.local/lib/python3.10/site-packages/airflow/example_dags/tutorial_dag.py took 0.294 seconds
[2025-02-19T06:11:37.554+0000] {processor.py:161} INFO - Started process (PID=545) to work on /home/airflow/.local/lib/python3.10/site-packages/airflow/example_dags/tutorial_dag.py
[2025-02-19T06:11:37.566+0000] {processor.py:830} INFO - Processing file /home/airflow/.local/lib/python3.10/site-packages/airflow/example_dags/tutorial_dag.py for tasks to queue
[2025-02-19T06:11:37.571+0000] {logging_mixin.py:188} INFO - [2025-02-19T06:11:37.569+0000] {dagbag.py:538} INFO - Filling up the DagBag from /home/airflow/.local/lib/python3.10/site-packages/airflow/example_dags/tutorial_dag.py
[2025-02-19T06:11:37.606+0000] {processor.py:840} INFO - DAG(s) 'tutorial_dag' retrieved from /home/airflow/.local/lib/python3.10/site-packages/airflow/example_dags/tutorial_dag.py
[2025-02-19T06:11:37.717+0000] {logging_mixin.py:188} INFO - [2025-02-19T06:11:37.716+0000] {dag.py:3036} INFO - Sync 1 DAGs
[2025-02-19T06:11:37.810+0000] {logging_mixin.py:188} INFO - [2025-02-19T06:11:37.809+0000] {dag.py:3823} INFO - Setting next_dagrun for tutorial_dag to None, run_after=None
[2025-02-19T06:11:38.177+0000] {processor.py:183} INFO - Processing /home/airflow/.local/lib/python3.10/site-packages/airflow/example_dags/tutorial_dag.py took 0.632 seconds
[2025-02-19T06:12:36.406+0000] {processor.py:161} INFO - Started process (PID=576) to work on /home/airflow/.local/lib/python3.10/site-packages/airflow/example_dags/tutorial_dag.py
[2025-02-19T06:12:36.409+0000] {processor.py:830} INFO - Processing file /home/airflow/.local/lib/python3.10/site-packages/airflow/example_dags/tutorial_dag.py for tasks to queue
[2025-02-19T06:12:36.412+0000] {logging_mixin.py:188} INFO - [2025-02-19T06:12:36.411+0000] {dagbag.py:538} INFO - Filling up the DagBag from /home/airflow/.local/lib/python3.10/site-packages/airflow/example_dags/tutorial_dag.py
[2025-02-19T06:12:36.427+0000] {processor.py:840} INFO - DAG(s) 'tutorial_dag' retrieved from /home/airflow/.local/lib/python3.10/site-packages/airflow/example_dags/tutorial_dag.py
[2025-02-19T06:12:36.486+0000] {logging_mixin.py:188} INFO - [2025-02-19T06:12:36.485+0000] {dag.py:3036} INFO - Sync 1 DAGs
[2025-02-19T06:12:36.523+0000] {logging_mixin.py:188} INFO - [2025-02-19T06:12:36.522+0000] {dag.py:3823} INFO - Setting next_dagrun for tutorial_dag to None, run_after=None
[2025-02-19T06:12:36.668+0000] {processor.py:183} INFO - Processing /home/airflow/.local/lib/python3.10/site-packages/airflow/example_dags/tutorial_dag.py took 0.270 seconds
[2025-02-19T06:13:32.481+0000] {processor.py:161} INFO - Started process (PID=610) to work on /home/airflow/.local/lib/python3.10/site-packages/airflow/example_dags/tutorial_dag.py
[2025-02-19T06:13:32.484+0000] {processor.py:830} INFO - Processing file /home/airflow/.local/lib/python3.10/site-packages/airflow/example_dags/tutorial_dag.py for tasks to queue
[2025-02-19T06:13:32.486+0000] {logging_mixin.py:188} INFO - [2025-02-19T06:13:32.485+0000] {dagbag.py:538} INFO - Filling up the DagBag from /home/airflow/.local/lib/python3.10/site-packages/airflow/example_dags/tutorial_dag.py
[2025-02-19T06:13:32.501+0000] {processor.py:840} INFO - DAG(s) 'tutorial_dag' retrieved from /home/airflow/.local/lib/python3.10/site-packages/airflow/example_dags/tutorial_dag.py
[2025-02-19T06:13:32.564+0000] {logging_mixin.py:188} INFO - [2025-02-19T06:13:32.563+0000] {dag.py:3036} INFO - Sync 1 DAGs
[2025-02-19T06:13:32.606+0000] {logging_mixin.py:188} INFO - [2025-02-19T06:13:32.605+0000] {dag.py:3823} INFO - Setting next_dagrun for tutorial_dag to None, run_after=None
[2025-02-19T06:13:32.736+0000] {processor.py:183} INFO - Processing /home/airflow/.local/lib/python3.10/site-packages/airflow/example_dags/tutorial_dag.py took 0.262 seconds
[2025-02-19T06:14:19.312+0000] {processor.py:161} INFO - Started process (PID=641) to work on /home/airflow/.local/lib/python3.10/site-packages/airflow/example_dags/tutorial_dag.py
[2025-02-19T06:14:19.318+0000] {processor.py:830} INFO - Processing file /home/airflow/.local/lib/python3.10/site-packages/airflow/example_dags/tutorial_dag.py for tasks to queue
[2025-02-19T06:14:19.321+0000] {logging_mixin.py:188} INFO - [2025-02-19T06:14:19.320+0000] {dagbag.py:538} INFO - Filling up the DagBag from /home/airflow/.local/lib/python3.10/site-packages/airflow/example_dags/tutorial_dag.py
[2025-02-19T06:14:19.346+0000] {processor.py:840} INFO - DAG(s) 'tutorial_dag' retrieved from /home/airflow/.local/lib/python3.10/site-packages/airflow/example_dags/tutorial_dag.py
[2025-02-19T06:14:19.443+0000] {logging_mixin.py:188} INFO - [2025-02-19T06:14:19.443+0000] {dag.py:3036} INFO - Sync 1 DAGs
[2025-02-19T06:14:19.519+0000] {logging_mixin.py:188} INFO - [2025-02-19T06:14:19.518+0000] {dag.py:3823} INFO - Setting next_dagrun for tutorial_dag to None, run_after=None
[2025-02-19T06:14:19.738+0000] {processor.py:183} INFO - Processing /home/airflow/.local/lib/python3.10/site-packages/airflow/example_dags/tutorial_dag.py took 0.435 seconds
[2025-02-19T06:15:06.580+0000] {processor.py:161} INFO - Started process (PID=671) to work on /home/airflow/.local/lib/python3.10/site-packages/airflow/example_dags/tutorial_dag.py
[2025-02-19T06:15:06.594+0000] {processor.py:830} INFO - Processing file /home/airflow/.local/lib/python3.10/site-packages/airflow/example_dags/tutorial_dag.py for tasks to queue
[2025-02-19T06:15:06.600+0000] {logging_mixin.py:188} INFO - [2025-02-19T06:15:06.597+0000] {dagbag.py:538} INFO - Filling up the DagBag from /home/airflow/.local/lib/python3.10/site-packages/airflow/example_dags/tutorial_dag.py
[2025-02-19T06:15:06.637+0000] {processor.py:840} INFO - DAG(s) 'tutorial_dag' retrieved from /home/airflow/.local/lib/python3.10/site-packages/airflow/example_dags/tutorial_dag.py
[2025-02-19T06:15:06.766+0000] {logging_mixin.py:188} INFO - [2025-02-19T06:15:06.766+0000] {dag.py:3036} INFO - Sync 1 DAGs
[2025-02-19T06:15:06.858+0000] {logging_mixin.py:188} INFO - [2025-02-19T06:15:06.857+0000] {dag.py:3823} INFO - Setting next_dagrun for tutorial_dag to None, run_after=None
[2025-02-19T06:15:07.069+0000] {processor.py:183} INFO - Processing /home/airflow/.local/lib/python3.10/site-packages/airflow/example_dags/tutorial_dag.py took 0.503 seconds
[2025-02-19T06:15:53.203+0000] {processor.py:161} INFO - Started process (PID=701) to work on /home/airflow/.local/lib/python3.10/site-packages/airflow/example_dags/tutorial_dag.py
[2025-02-19T06:15:53.206+0000] {processor.py:830} INFO - Processing file /home/airflow/.local/lib/python3.10/site-packages/airflow/example_dags/tutorial_dag.py for tasks to queue
[2025-02-19T06:15:53.209+0000] {logging_mixin.py:188} INFO - [2025-02-19T06:15:53.208+0000] {dagbag.py:538} INFO - Filling up the DagBag from /home/airflow/.local/lib/python3.10/site-packages/airflow/example_dags/tutorial_dag.py
[2025-02-19T06:15:53.225+0000] {processor.py:840} INFO - DAG(s) 'tutorial_dag' retrieved from /home/airflow/.local/lib/python3.10/site-packages/airflow/example_dags/tutorial_dag.py
[2025-02-19T06:15:53.280+0000] {logging_mixin.py:188} INFO - [2025-02-19T06:15:53.279+0000] {dag.py:3036} INFO - Sync 1 DAGs
[2025-02-19T06:15:53.331+0000] {logging_mixin.py:188} INFO - [2025-02-19T06:15:53.331+0000] {dag.py:3823} INFO - Setting next_dagrun for tutorial_dag to None, run_after=None
[2025-02-19T06:15:53.504+0000] {processor.py:183} INFO - Processing /home/airflow/.local/lib/python3.10/site-packages/airflow/example_dags/tutorial_dag.py took 0.307 seconds
[2025-02-19T06:16:52.703+0000] {processor.py:161} INFO - Started process (PID=731) to work on /home/airflow/.local/lib/python3.10/site-packages/airflow/example_dags/tutorial_dag.py
[2025-02-19T06:16:52.706+0000] {processor.py:830} INFO - Processing file /home/airflow/.local/lib/python3.10/site-packages/airflow/example_dags/tutorial_dag.py for tasks to queue
[2025-02-19T06:16:52.717+0000] {logging_mixin.py:188} INFO - [2025-02-19T06:16:52.716+0000] {dagbag.py:538} INFO - Filling up the DagBag from /home/airflow/.local/lib/python3.10/site-packages/airflow/example_dags/tutorial_dag.py
[2025-02-19T06:16:52.755+0000] {processor.py:840} INFO - DAG(s) 'tutorial_dag' retrieved from /home/airflow/.local/lib/python3.10/site-packages/airflow/example_dags/tutorial_dag.py
[2025-02-19T06:16:52.901+0000] {logging_mixin.py:188} INFO - [2025-02-19T06:16:52.896+0000] {dag.py:3036} INFO - Sync 1 DAGs
[2025-02-19T06:16:53.090+0000] {logging_mixin.py:188} INFO - [2025-02-19T06:16:53.089+0000] {dag.py:3823} INFO - Setting next_dagrun for tutorial_dag to None, run_after=None
[2025-02-19T06:16:53.387+0000] {processor.py:183} INFO - Processing /home/airflow/.local/lib/python3.10/site-packages/airflow/example_dags/tutorial_dag.py took 0.693 seconds
[2025-02-19T06:17:56.760+0000] {processor.py:161} INFO - Started process (PID=768) to work on /home/airflow/.local/lib/python3.10/site-packages/airflow/example_dags/tutorial_dag.py
[2025-02-19T06:17:56.763+0000] {processor.py:830} INFO - Processing file /home/airflow/.local/lib/python3.10/site-packages/airflow/example_dags/tutorial_dag.py for tasks to queue
[2025-02-19T06:17:56.767+0000] {logging_mixin.py:188} INFO - [2025-02-19T06:17:56.766+0000] {dagbag.py:538} INFO - Filling up the DagBag from /home/airflow/.local/lib/python3.10/site-packages/airflow/example_dags/tutorial_dag.py
[2025-02-19T06:17:56.785+0000] {processor.py:840} INFO - DAG(s) 'tutorial_dag' retrieved from /home/airflow/.local/lib/python3.10/site-packages/airflow/example_dags/tutorial_dag.py
[2025-02-19T06:17:56.848+0000] {logging_mixin.py:188} INFO - [2025-02-19T06:17:56.848+0000] {dag.py:3036} INFO - Sync 1 DAGs
[2025-02-19T06:17:56.894+0000] {logging_mixin.py:188} INFO - [2025-02-19T06:17:56.893+0000] {dag.py:3823} INFO - Setting next_dagrun for tutorial_dag to None, run_after=None
[2025-02-19T06:17:57.046+0000] {processor.py:183} INFO - Processing /home/airflow/.local/lib/python3.10/site-packages/airflow/example_dags/tutorial_dag.py took 0.305 seconds
[2025-02-19T06:18:45.222+0000] {processor.py:161} INFO - Started process (PID=799) to work on /home/airflow/.local/lib/python3.10/site-packages/airflow/example_dags/tutorial_dag.py
[2025-02-19T06:18:45.224+0000] {processor.py:830} INFO - Processing file /home/airflow/.local/lib/python3.10/site-packages/airflow/example_dags/tutorial_dag.py for tasks to queue
[2025-02-19T06:18:45.226+0000] {logging_mixin.py:188} INFO - [2025-02-19T06:18:45.226+0000] {dagbag.py:538} INFO - Filling up the DagBag from /home/airflow/.local/lib/python3.10/site-packages/airflow/example_dags/tutorial_dag.py
[2025-02-19T06:18:45.238+0000] {processor.py:840} INFO - DAG(s) 'tutorial_dag' retrieved from /home/airflow/.local/lib/python3.10/site-packages/airflow/example_dags/tutorial_dag.py
[2025-02-19T06:18:45.297+0000] {logging_mixin.py:188} INFO - [2025-02-19T06:18:45.296+0000] {dag.py:3036} INFO - Sync 1 DAGs
[2025-02-19T06:18:45.344+0000] {logging_mixin.py:188} INFO - [2025-02-19T06:18:45.343+0000] {dag.py:3823} INFO - Setting next_dagrun for tutorial_dag to None, run_after=None
[2025-02-19T06:18:45.564+0000] {processor.py:183} INFO - Processing /home/airflow/.local/lib/python3.10/site-packages/airflow/example_dags/tutorial_dag.py took 0.348 seconds
[2025-02-19T06:19:31.413+0000] {processor.py:161} INFO - Started process (PID=829) to work on /home/airflow/.local/lib/python3.10/site-packages/airflow/example_dags/tutorial_dag.py
[2025-02-19T06:19:31.417+0000] {processor.py:830} INFO - Processing file /home/airflow/.local/lib/python3.10/site-packages/airflow/example_dags/tutorial_dag.py for tasks to queue
[2025-02-19T06:19:31.419+0000] {logging_mixin.py:188} INFO - [2025-02-19T06:19:31.419+0000] {dagbag.py:538} INFO - Filling up the DagBag from /home/airflow/.local/lib/python3.10/site-packages/airflow/example_dags/tutorial_dag.py
[2025-02-19T06:19:31.438+0000] {processor.py:840} INFO - DAG(s) 'tutorial_dag' retrieved from /home/airflow/.local/lib/python3.10/site-packages/airflow/example_dags/tutorial_dag.py
[2025-02-19T06:19:31.506+0000] {logging_mixin.py:188} INFO - [2025-02-19T06:19:31.505+0000] {dag.py:3036} INFO - Sync 1 DAGs
[2025-02-19T06:19:31.543+0000] {logging_mixin.py:188} INFO - [2025-02-19T06:19:31.543+0000] {dag.py:3823} INFO - Setting next_dagrun for tutorial_dag to None, run_after=None
[2025-02-19T06:19:31.672+0000] {processor.py:183} INFO - Processing /home/airflow/.local/lib/python3.10/site-packages/airflow/example_dags/tutorial_dag.py took 0.271 seconds
[2025-02-19T06:20:17.966+0000] {processor.py:161} INFO - Started process (PID=858) to work on /home/airflow/.local/lib/python3.10/site-packages/airflow/example_dags/tutorial_dag.py
[2025-02-19T06:20:17.969+0000] {processor.py:830} INFO - Processing file /home/airflow/.local/lib/python3.10/site-packages/airflow/example_dags/tutorial_dag.py for tasks to queue
[2025-02-19T06:20:17.972+0000] {logging_mixin.py:188} INFO - [2025-02-19T06:20:17.971+0000] {dagbag.py:538} INFO - Filling up the DagBag from /home/airflow/.local/lib/python3.10/site-packages/airflow/example_dags/tutorial_dag.py
[2025-02-19T06:20:17.991+0000] {processor.py:840} INFO - DAG(s) 'tutorial_dag' retrieved from /home/airflow/.local/lib/python3.10/site-packages/airflow/example_dags/tutorial_dag.py
[2025-02-19T06:20:18.059+0000] {logging_mixin.py:188} INFO - [2025-02-19T06:20:18.058+0000] {dag.py:3036} INFO - Sync 1 DAGs
[2025-02-19T06:20:18.116+0000] {logging_mixin.py:188} INFO - [2025-02-19T06:20:18.115+0000] {dag.py:3823} INFO - Setting next_dagrun for tutorial_dag to None, run_after=None
[2025-02-19T06:20:18.289+0000] {processor.py:183} INFO - Processing /home/airflow/.local/lib/python3.10/site-packages/airflow/example_dags/tutorial_dag.py took 0.331 seconds
[2025-02-19T06:21:08.853+0000] {processor.py:161} INFO - Started process (PID=888) to work on /home/airflow/.local/lib/python3.10/site-packages/airflow/example_dags/tutorial_dag.py
[2025-02-19T06:21:08.858+0000] {processor.py:830} INFO - Processing file /home/airflow/.local/lib/python3.10/site-packages/airflow/example_dags/tutorial_dag.py for tasks to queue
[2025-02-19T06:21:08.861+0000] {logging_mixin.py:188} INFO - [2025-02-19T06:21:08.860+0000] {dagbag.py:538} INFO - Filling up the DagBag from /home/airflow/.local/lib/python3.10/site-packages/airflow/example_dags/tutorial_dag.py
[2025-02-19T06:21:08.880+0000] {processor.py:840} INFO - DAG(s) 'tutorial_dag' retrieved from /home/airflow/.local/lib/python3.10/site-packages/airflow/example_dags/tutorial_dag.py
[2025-02-19T06:21:08.964+0000] {logging_mixin.py:188} INFO - [2025-02-19T06:21:08.963+0000] {dag.py:3036} INFO - Sync 1 DAGs
[2025-02-19T06:21:09.004+0000] {logging_mixin.py:188} INFO - [2025-02-19T06:21:09.003+0000] {dag.py:3823} INFO - Setting next_dagrun for tutorial_dag to None, run_after=None
[2025-02-19T06:21:09.181+0000] {processor.py:183} INFO - Processing /home/airflow/.local/lib/python3.10/site-packages/airflow/example_dags/tutorial_dag.py took 0.338 seconds
[2025-02-19T06:22:08.998+0000] {processor.py:161} INFO - Started process (PID=920) to work on /home/airflow/.local/lib/python3.10/site-packages/airflow/example_dags/tutorial_dag.py
[2025-02-19T06:22:09.008+0000] {processor.py:830} INFO - Processing file /home/airflow/.local/lib/python3.10/site-packages/airflow/example_dags/tutorial_dag.py for tasks to queue
[2025-02-19T06:22:09.012+0000] {logging_mixin.py:188} INFO - [2025-02-19T06:22:09.011+0000] {dagbag.py:538} INFO - Filling up the DagBag from /home/airflow/.local/lib/python3.10/site-packages/airflow/example_dags/tutorial_dag.py
[2025-02-19T06:22:09.057+0000] {processor.py:840} INFO - DAG(s) 'tutorial_dag' retrieved from /home/airflow/.local/lib/python3.10/site-packages/airflow/example_dags/tutorial_dag.py
[2025-02-19T06:22:09.274+0000] {logging_mixin.py:188} INFO - [2025-02-19T06:22:09.274+0000] {dag.py:3036} INFO - Sync 1 DAGs
[2025-02-19T06:22:09.785+0000] {logging_mixin.py:188} INFO - [2025-02-19T06:22:09.784+0000] {dag.py:3823} INFO - Setting next_dagrun for tutorial_dag to None, run_after=None
[2025-02-19T06:22:10.210+0000] {processor.py:183} INFO - Processing /home/airflow/.local/lib/python3.10/site-packages/airflow/example_dags/tutorial_dag.py took 1.228 seconds
[2025-02-19T06:23:09.868+0000] {processor.py:161} INFO - Started process (PID=953) to work on /home/airflow/.local/lib/python3.10/site-packages/airflow/example_dags/tutorial_dag.py
[2025-02-19T06:23:09.870+0000] {processor.py:830} INFO - Processing file /home/airflow/.local/lib/python3.10/site-packages/airflow/example_dags/tutorial_dag.py for tasks to queue
[2025-02-19T06:23:09.873+0000] {logging_mixin.py:188} INFO - [2025-02-19T06:23:09.872+0000] {dagbag.py:538} INFO - Filling up the DagBag from /home/airflow/.local/lib/python3.10/site-packages/airflow/example_dags/tutorial_dag.py
[2025-02-19T06:23:09.897+0000] {processor.py:840} INFO - DAG(s) 'tutorial_dag' retrieved from /home/airflow/.local/lib/python3.10/site-packages/airflow/example_dags/tutorial_dag.py
[2025-02-19T06:23:09.994+0000] {logging_mixin.py:188} INFO - [2025-02-19T06:23:09.994+0000] {dag.py:3036} INFO - Sync 1 DAGs
[2025-02-19T06:23:10.059+0000] {logging_mixin.py:188} INFO - [2025-02-19T06:23:10.058+0000] {dag.py:3823} INFO - Setting next_dagrun for tutorial_dag to None, run_after=None
[2025-02-19T06:23:10.266+0000] {processor.py:183} INFO - Processing /home/airflow/.local/lib/python3.10/site-packages/airflow/example_dags/tutorial_dag.py took 0.406 seconds
[2025-02-19T06:24:18.560+0000] {processor.py:161} INFO - Started process (PID=984) to work on /home/airflow/.local/lib/python3.10/site-packages/airflow/example_dags/tutorial_dag.py
[2025-02-19T06:24:18.563+0000] {processor.py:830} INFO - Processing file /home/airflow/.local/lib/python3.10/site-packages/airflow/example_dags/tutorial_dag.py for tasks to queue
[2025-02-19T06:24:18.575+0000] {logging_mixin.py:188} INFO - [2025-02-19T06:24:18.574+0000] {dagbag.py:538} INFO - Filling up the DagBag from /home/airflow/.local/lib/python3.10/site-packages/airflow/example_dags/tutorial_dag.py
[2025-02-19T06:24:18.620+0000] {processor.py:840} INFO - DAG(s) 'tutorial_dag' retrieved from /home/airflow/.local/lib/python3.10/site-packages/airflow/example_dags/tutorial_dag.py
[2025-02-19T06:24:18.781+0000] {logging_mixin.py:188} INFO - [2025-02-19T06:24:18.781+0000] {dag.py:3036} INFO - Sync 1 DAGs
[2025-02-19T06:24:18.881+0000] {logging_mixin.py:188} INFO - [2025-02-19T06:24:18.880+0000] {dag.py:3823} INFO - Setting next_dagrun for tutorial_dag to None, run_after=None
[2025-02-19T06:24:19.115+0000] {processor.py:183} INFO - Processing /home/airflow/.local/lib/python3.10/site-packages/airflow/example_dags/tutorial_dag.py took 0.574 seconds
[2025-02-19T06:25:25.293+0000] {processor.py:161} INFO - Started process (PID=1021) to work on /home/airflow/.local/lib/python3.10/site-packages/airflow/example_dags/tutorial_dag.py
[2025-02-19T06:25:25.296+0000] {processor.py:830} INFO - Processing file /home/airflow/.local/lib/python3.10/site-packages/airflow/example_dags/tutorial_dag.py for tasks to queue
[2025-02-19T06:25:25.300+0000] {logging_mixin.py:188} INFO - [2025-02-19T06:25:25.299+0000] {dagbag.py:538} INFO - Filling up the DagBag from /home/airflow/.local/lib/python3.10/site-packages/airflow/example_dags/tutorial_dag.py
[2025-02-19T06:25:25.320+0000] {processor.py:840} INFO - DAG(s) 'tutorial_dag' retrieved from /home/airflow/.local/lib/python3.10/site-packages/airflow/example_dags/tutorial_dag.py
[2025-02-19T06:25:25.379+0000] {logging_mixin.py:188} INFO - [2025-02-19T06:25:25.378+0000] {dag.py:3036} INFO - Sync 1 DAGs
[2025-02-19T06:25:25.426+0000] {logging_mixin.py:188} INFO - [2025-02-19T06:25:25.426+0000] {dag.py:3823} INFO - Setting next_dagrun for tutorial_dag to None, run_after=None
[2025-02-19T06:25:25.580+0000] {processor.py:183} INFO - Processing /home/airflow/.local/lib/python3.10/site-packages/airflow/example_dags/tutorial_dag.py took 0.294 seconds
[2025-02-19T06:26:21.903+0000] {processor.py:161} INFO - Started process (PID=1052) to work on /home/airflow/.local/lib/python3.10/site-packages/airflow/example_dags/tutorial_dag.py
[2025-02-19T06:26:21.910+0000] {processor.py:830} INFO - Processing file /home/airflow/.local/lib/python3.10/site-packages/airflow/example_dags/tutorial_dag.py for tasks to queue
[2025-02-19T06:26:21.915+0000] {logging_mixin.py:188} INFO - [2025-02-19T06:26:21.912+0000] {dagbag.py:538} INFO - Filling up the DagBag from /home/airflow/.local/lib/python3.10/site-packages/airflow/example_dags/tutorial_dag.py
[2025-02-19T06:26:21.942+0000] {processor.py:840} INFO - DAG(s) 'tutorial_dag' retrieved from /home/airflow/.local/lib/python3.10/site-packages/airflow/example_dags/tutorial_dag.py
[2025-02-19T06:26:22.049+0000] {logging_mixin.py:188} INFO - [2025-02-19T06:26:22.049+0000] {dag.py:3036} INFO - Sync 1 DAGs
[2025-02-19T06:26:22.139+0000] {logging_mixin.py:188} INFO - [2025-02-19T06:26:22.138+0000] {dag.py:3823} INFO - Setting next_dagrun for tutorial_dag to None, run_after=None
[2025-02-19T06:26:22.341+0000] {processor.py:183} INFO - Processing /home/airflow/.local/lib/python3.10/site-packages/airflow/example_dags/tutorial_dag.py took 0.452 seconds
[2025-02-19T06:28:13.082+0000] {processor.py:161} INFO - Started process (PID=33) to work on /home/airflow/.local/lib/python3.10/site-packages/airflow/example_dags/tutorial_dag.py
[2025-02-19T06:28:13.086+0000] {processor.py:830} INFO - Processing file /home/airflow/.local/lib/python3.10/site-packages/airflow/example_dags/tutorial_dag.py for tasks to queue
[2025-02-19T06:28:13.089+0000] {logging_mixin.py:188} INFO - [2025-02-19T06:28:13.088+0000] {dagbag.py:538} INFO - Filling up the DagBag from /home/airflow/.local/lib/python3.10/site-packages/airflow/example_dags/tutorial_dag.py
[2025-02-19T06:28:13.148+0000] {processor.py:840} INFO - DAG(s) 'tutorial_dag' retrieved from /home/airflow/.local/lib/python3.10/site-packages/airflow/example_dags/tutorial_dag.py
[2025-02-19T06:28:13.241+0000] {logging_mixin.py:188} INFO - [2025-02-19T06:28:13.241+0000] {dag.py:3036} INFO - Sync 1 DAGs
[2025-02-19T06:28:13.293+0000] {logging_mixin.py:188} INFO - [2025-02-19T06:28:13.292+0000] {dag.py:3823} INFO - Setting next_dagrun for tutorial_dag to None, run_after=None
[2025-02-19T06:28:13.462+0000] {processor.py:183} INFO - Processing /home/airflow/.local/lib/python3.10/site-packages/airflow/example_dags/tutorial_dag.py took 0.398 seconds
[2025-02-19T06:29:45.867+0000] {processor.py:161} INFO - Started process (PID=33) to work on /home/airflow/.local/lib/python3.10/site-packages/airflow/example_dags/tutorial_dag.py
[2025-02-19T06:29:45.872+0000] {processor.py:830} INFO - Processing file /home/airflow/.local/lib/python3.10/site-packages/airflow/example_dags/tutorial_dag.py for tasks to queue
[2025-02-19T06:29:45.882+0000] {logging_mixin.py:188} INFO - [2025-02-19T06:29:45.881+0000] {dagbag.py:538} INFO - Filling up the DagBag from /home/airflow/.local/lib/python3.10/site-packages/airflow/example_dags/tutorial_dag.py
[2025-02-19T06:29:45.916+0000] {processor.py:840} INFO - DAG(s) 'tutorial_dag' retrieved from /home/airflow/.local/lib/python3.10/site-packages/airflow/example_dags/tutorial_dag.py
[2025-02-19T06:29:46.079+0000] {logging_mixin.py:188} INFO - [2025-02-19T06:29:46.078+0000] {dag.py:3036} INFO - Sync 1 DAGs
[2025-02-19T06:29:46.311+0000] {logging_mixin.py:188} INFO - [2025-02-19T06:29:46.311+0000] {dag.py:3823} INFO - Setting next_dagrun for tutorial_dag to None, run_after=None
[2025-02-19T06:29:46.517+0000] {processor.py:183} INFO - Processing /home/airflow/.local/lib/python3.10/site-packages/airflow/example_dags/tutorial_dag.py took 0.668 seconds
[2025-02-19T06:31:23.785+0000] {processor.py:161} INFO - Started process (PID=82) to work on /home/airflow/.local/lib/python3.10/site-packages/airflow/example_dags/tutorial_dag.py
[2025-02-19T06:31:23.799+0000] {processor.py:830} INFO - Processing file /home/airflow/.local/lib/python3.10/site-packages/airflow/example_dags/tutorial_dag.py for tasks to queue
[2025-02-19T06:31:23.804+0000] {logging_mixin.py:188} INFO - [2025-02-19T06:31:23.803+0000] {dagbag.py:538} INFO - Filling up the DagBag from /home/airflow/.local/lib/python3.10/site-packages/airflow/example_dags/tutorial_dag.py
[2025-02-19T06:31:23.856+0000] {processor.py:840} INFO - DAG(s) 'tutorial_dag' retrieved from /home/airflow/.local/lib/python3.10/site-packages/airflow/example_dags/tutorial_dag.py
[2025-02-19T06:31:23.983+0000] {logging_mixin.py:188} INFO - [2025-02-19T06:31:23.983+0000] {dag.py:3036} INFO - Sync 1 DAGs
[2025-02-19T06:31:24.048+0000] {logging_mixin.py:188} INFO - [2025-02-19T06:31:24.047+0000] {dag.py:3823} INFO - Setting next_dagrun for tutorial_dag to None, run_after=None
[2025-02-19T06:31:24.260+0000] {processor.py:183} INFO - Processing /home/airflow/.local/lib/python3.10/site-packages/airflow/example_dags/tutorial_dag.py took 0.492 seconds
[2025-02-19T06:32:30.677+0000] {processor.py:161} INFO - Started process (PID=113) to work on /home/airflow/.local/lib/python3.10/site-packages/airflow/example_dags/tutorial_dag.py
[2025-02-19T06:32:30.682+0000] {processor.py:830} INFO - Processing file /home/airflow/.local/lib/python3.10/site-packages/airflow/example_dags/tutorial_dag.py for tasks to queue
[2025-02-19T06:32:30.685+0000] {logging_mixin.py:188} INFO - [2025-02-19T06:32:30.684+0000] {dagbag.py:538} INFO - Filling up the DagBag from /home/airflow/.local/lib/python3.10/site-packages/airflow/example_dags/tutorial_dag.py
[2025-02-19T06:32:30.710+0000] {processor.py:840} INFO - DAG(s) 'tutorial_dag' retrieved from /home/airflow/.local/lib/python3.10/site-packages/airflow/example_dags/tutorial_dag.py
[2025-02-19T06:32:30.837+0000] {logging_mixin.py:188} INFO - [2025-02-19T06:32:30.836+0000] {dag.py:3036} INFO - Sync 1 DAGs
[2025-02-19T06:32:30.952+0000] {logging_mixin.py:188} INFO - [2025-02-19T06:32:30.951+0000] {dag.py:3823} INFO - Setting next_dagrun for tutorial_dag to None, run_after=None
[2025-02-19T06:32:31.154+0000] {processor.py:183} INFO - Processing /home/airflow/.local/lib/python3.10/site-packages/airflow/example_dags/tutorial_dag.py took 0.493 seconds
[2025-02-19T06:33:39.818+0000] {processor.py:161} INFO - Started process (PID=150) to work on /home/airflow/.local/lib/python3.10/site-packages/airflow/example_dags/tutorial_dag.py
[2025-02-19T06:33:39.823+0000] {processor.py:830} INFO - Processing file /home/airflow/.local/lib/python3.10/site-packages/airflow/example_dags/tutorial_dag.py for tasks to queue
[2025-02-19T06:33:39.835+0000] {logging_mixin.py:188} INFO - [2025-02-19T06:33:39.833+0000] {dagbag.py:538} INFO - Filling up the DagBag from /home/airflow/.local/lib/python3.10/site-packages/airflow/example_dags/tutorial_dag.py
[2025-02-19T06:33:39.884+0000] {processor.py:840} INFO - DAG(s) 'tutorial_dag' retrieved from /home/airflow/.local/lib/python3.10/site-packages/airflow/example_dags/tutorial_dag.py
[2025-02-19T06:33:40.030+0000] {logging_mixin.py:188} INFO - [2025-02-19T06:33:40.029+0000] {dag.py:3036} INFO - Sync 1 DAGs
[2025-02-19T06:33:40.105+0000] {logging_mixin.py:188} INFO - [2025-02-19T06:33:40.105+0000] {dag.py:3823} INFO - Setting next_dagrun for tutorial_dag to None, run_after=None
[2025-02-19T06:33:40.368+0000] {processor.py:183} INFO - Processing /home/airflow/.local/lib/python3.10/site-packages/airflow/example_dags/tutorial_dag.py took 0.581 seconds
[2025-02-19T06:34:35.055+0000] {processor.py:161} INFO - Started process (PID=183) to work on /home/airflow/.local/lib/python3.10/site-packages/airflow/example_dags/tutorial_dag.py
[2025-02-19T06:34:35.058+0000] {processor.py:830} INFO - Processing file /home/airflow/.local/lib/python3.10/site-packages/airflow/example_dags/tutorial_dag.py for tasks to queue
[2025-02-19T06:34:35.061+0000] {logging_mixin.py:188} INFO - [2025-02-19T06:34:35.060+0000] {dagbag.py:538} INFO - Filling up the DagBag from /home/airflow/.local/lib/python3.10/site-packages/airflow/example_dags/tutorial_dag.py
[2025-02-19T06:34:35.081+0000] {processor.py:840} INFO - DAG(s) 'tutorial_dag' retrieved from /home/airflow/.local/lib/python3.10/site-packages/airflow/example_dags/tutorial_dag.py
[2025-02-19T06:34:35.151+0000] {logging_mixin.py:188} INFO - [2025-02-19T06:34:35.150+0000] {dag.py:3036} INFO - Sync 1 DAGs
[2025-02-19T06:34:35.191+0000] {logging_mixin.py:188} INFO - [2025-02-19T06:34:35.190+0000] {dag.py:3823} INFO - Setting next_dagrun for tutorial_dag to None, run_after=None
[2025-02-19T06:34:35.314+0000] {processor.py:183} INFO - Processing /home/airflow/.local/lib/python3.10/site-packages/airflow/example_dags/tutorial_dag.py took 0.267 seconds
[2025-02-19T06:35:19.418+0000] {processor.py:161} INFO - Started process (PID=213) to work on /home/airflow/.local/lib/python3.10/site-packages/airflow/example_dags/tutorial_dag.py
[2025-02-19T06:35:19.421+0000] {processor.py:830} INFO - Processing file /home/airflow/.local/lib/python3.10/site-packages/airflow/example_dags/tutorial_dag.py for tasks to queue
[2025-02-19T06:35:19.426+0000] {logging_mixin.py:188} INFO - [2025-02-19T06:35:19.424+0000] {dagbag.py:538} INFO - Filling up the DagBag from /home/airflow/.local/lib/python3.10/site-packages/airflow/example_dags/tutorial_dag.py
[2025-02-19T06:35:19.458+0000] {processor.py:840} INFO - DAG(s) 'tutorial_dag' retrieved from /home/airflow/.local/lib/python3.10/site-packages/airflow/example_dags/tutorial_dag.py
[2025-02-19T06:35:19.558+0000] {logging_mixin.py:188} INFO - [2025-02-19T06:35:19.557+0000] {dag.py:3036} INFO - Sync 1 DAGs
[2025-02-19T06:35:19.612+0000] {logging_mixin.py:188} INFO - [2025-02-19T06:35:19.612+0000] {dag.py:3823} INFO - Setting next_dagrun for tutorial_dag to None, run_after=None
[2025-02-19T06:35:19.774+0000] {processor.py:183} INFO - Processing /home/airflow/.local/lib/python3.10/site-packages/airflow/example_dags/tutorial_dag.py took 0.373 seconds
[2025-02-19T06:36:11.899+0000] {processor.py:161} INFO - Started process (PID=242) to work on /home/airflow/.local/lib/python3.10/site-packages/airflow/example_dags/tutorial_dag.py
[2025-02-19T06:36:11.902+0000] {processor.py:830} INFO - Processing file /home/airflow/.local/lib/python3.10/site-packages/airflow/example_dags/tutorial_dag.py for tasks to queue
[2025-02-19T06:36:11.905+0000] {logging_mixin.py:188} INFO - [2025-02-19T06:36:11.904+0000] {dagbag.py:538} INFO - Filling up the DagBag from /home/airflow/.local/lib/python3.10/site-packages/airflow/example_dags/tutorial_dag.py
[2025-02-19T06:36:11.924+0000] {processor.py:840} INFO - DAG(s) 'tutorial_dag' retrieved from /home/airflow/.local/lib/python3.10/site-packages/airflow/example_dags/tutorial_dag.py
[2025-02-19T06:36:12.020+0000] {logging_mixin.py:188} INFO - [2025-02-19T06:36:12.020+0000] {dag.py:3036} INFO - Sync 1 DAGs
[2025-02-19T06:36:12.086+0000] {logging_mixin.py:188} INFO - [2025-02-19T06:36:12.086+0000] {dag.py:3823} INFO - Setting next_dagrun for tutorial_dag to None, run_after=None
[2025-02-19T06:36:12.264+0000] {processor.py:183} INFO - Processing /home/airflow/.local/lib/python3.10/site-packages/airflow/example_dags/tutorial_dag.py took 0.372 seconds
[2025-02-19T06:37:12.351+0000] {processor.py:161} INFO - Started process (PID=274) to work on /home/airflow/.local/lib/python3.10/site-packages/airflow/example_dags/tutorial_dag.py
[2025-02-19T06:37:12.359+0000] {processor.py:830} INFO - Processing file /home/airflow/.local/lib/python3.10/site-packages/airflow/example_dags/tutorial_dag.py for tasks to queue
[2025-02-19T06:37:12.363+0000] {logging_mixin.py:188} INFO - [2025-02-19T06:37:12.362+0000] {dagbag.py:538} INFO - Filling up the DagBag from /home/airflow/.local/lib/python3.10/site-packages/airflow/example_dags/tutorial_dag.py
[2025-02-19T06:37:12.395+0000] {processor.py:840} INFO - DAG(s) 'tutorial_dag' retrieved from /home/airflow/.local/lib/python3.10/site-packages/airflow/example_dags/tutorial_dag.py
[2025-02-19T06:37:12.519+0000] {logging_mixin.py:188} INFO - [2025-02-19T06:37:12.516+0000] {dag.py:3036} INFO - Sync 1 DAGs
[2025-02-19T06:37:12.667+0000] {logging_mixin.py:188} INFO - [2025-02-19T06:37:12.666+0000] {dag.py:3823} INFO - Setting next_dagrun for tutorial_dag to None, run_after=None
[2025-02-19T06:37:12.910+0000] {processor.py:183} INFO - Processing /home/airflow/.local/lib/python3.10/site-packages/airflow/example_dags/tutorial_dag.py took 0.577 seconds
[2025-02-19T06:38:04.626+0000] {processor.py:161} INFO - Started process (PID=309) to work on /home/airflow/.local/lib/python3.10/site-packages/airflow/example_dags/tutorial_dag.py
[2025-02-19T06:38:04.629+0000] {processor.py:830} INFO - Processing file /home/airflow/.local/lib/python3.10/site-packages/airflow/example_dags/tutorial_dag.py for tasks to queue
[2025-02-19T06:38:04.631+0000] {logging_mixin.py:188} INFO - [2025-02-19T06:38:04.630+0000] {dagbag.py:538} INFO - Filling up the DagBag from /home/airflow/.local/lib/python3.10/site-packages/airflow/example_dags/tutorial_dag.py
[2025-02-19T06:38:04.654+0000] {processor.py:840} INFO - DAG(s) 'tutorial_dag' retrieved from /home/airflow/.local/lib/python3.10/site-packages/airflow/example_dags/tutorial_dag.py
[2025-02-19T06:38:04.721+0000] {logging_mixin.py:188} INFO - [2025-02-19T06:38:04.720+0000] {dag.py:3036} INFO - Sync 1 DAGs
[2025-02-19T06:38:04.757+0000] {logging_mixin.py:188} INFO - [2025-02-19T06:38:04.756+0000] {dag.py:3823} INFO - Setting next_dagrun for tutorial_dag to None, run_after=None
[2025-02-19T06:38:04.908+0000] {processor.py:183} INFO - Processing /home/airflow/.local/lib/python3.10/site-packages/airflow/example_dags/tutorial_dag.py took 0.293 seconds
[2025-02-19T06:38:46.159+0000] {processor.py:161} INFO - Started process (PID=338) to work on /home/airflow/.local/lib/python3.10/site-packages/airflow/example_dags/tutorial_dag.py
[2025-02-19T06:38:46.162+0000] {processor.py:830} INFO - Processing file /home/airflow/.local/lib/python3.10/site-packages/airflow/example_dags/tutorial_dag.py for tasks to queue
[2025-02-19T06:38:46.165+0000] {logging_mixin.py:188} INFO - [2025-02-19T06:38:46.164+0000] {dagbag.py:538} INFO - Filling up the DagBag from /home/airflow/.local/lib/python3.10/site-packages/airflow/example_dags/tutorial_dag.py
[2025-02-19T06:38:46.198+0000] {processor.py:840} INFO - DAG(s) 'tutorial_dag' retrieved from /home/airflow/.local/lib/python3.10/site-packages/airflow/example_dags/tutorial_dag.py
[2025-02-19T06:38:46.302+0000] {logging_mixin.py:188} INFO - [2025-02-19T06:38:46.301+0000] {dag.py:3036} INFO - Sync 1 DAGs
[2025-02-19T06:38:46.349+0000] {logging_mixin.py:188} INFO - [2025-02-19T06:38:46.348+0000] {dag.py:3823} INFO - Setting next_dagrun for tutorial_dag to None, run_after=None
[2025-02-19T06:38:46.489+0000] {processor.py:183} INFO - Processing /home/airflow/.local/lib/python3.10/site-packages/airflow/example_dags/tutorial_dag.py took 0.346 seconds
[2025-02-19T06:39:57.602+0000] {processor.py:161} INFO - Started process (PID=366) to work on /home/airflow/.local/lib/python3.10/site-packages/airflow/example_dags/tutorial_dag.py
[2025-02-19T06:39:57.606+0000] {processor.py:830} INFO - Processing file /home/airflow/.local/lib/python3.10/site-packages/airflow/example_dags/tutorial_dag.py for tasks to queue
[2025-02-19T06:39:57.616+0000] {logging_mixin.py:188} INFO - [2025-02-19T06:39:57.610+0000] {dagbag.py:538} INFO - Filling up the DagBag from /home/airflow/.local/lib/python3.10/site-packages/airflow/example_dags/tutorial_dag.py
[2025-02-19T06:39:57.653+0000] {processor.py:840} INFO - DAG(s) 'tutorial_dag' retrieved from /home/airflow/.local/lib/python3.10/site-packages/airflow/example_dags/tutorial_dag.py
[2025-02-19T06:39:57.816+0000] {logging_mixin.py:188} INFO - [2025-02-19T06:39:57.815+0000] {dag.py:3036} INFO - Sync 1 DAGs
[2025-02-19T06:39:57.930+0000] {logging_mixin.py:188} INFO - [2025-02-19T06:39:57.930+0000] {dag.py:3823} INFO - Setting next_dagrun for tutorial_dag to None, run_after=None
[2025-02-19T06:39:58.174+0000] {processor.py:183} INFO - Processing /home/airflow/.local/lib/python3.10/site-packages/airflow/example_dags/tutorial_dag.py took 0.593 seconds
[2025-02-19T06:41:12.139+0000] {processor.py:161} INFO - Started process (PID=403) to work on /home/airflow/.local/lib/python3.10/site-packages/airflow/example_dags/tutorial_dag.py
[2025-02-19T06:41:12.140+0000] {processor.py:830} INFO - Processing file /home/airflow/.local/lib/python3.10/site-packages/airflow/example_dags/tutorial_dag.py for tasks to queue
[2025-02-19T06:41:12.142+0000] {logging_mixin.py:188} INFO - [2025-02-19T06:41:12.141+0000] {dagbag.py:538} INFO - Filling up the DagBag from /home/airflow/.local/lib/python3.10/site-packages/airflow/example_dags/tutorial_dag.py
[2025-02-19T06:41:12.153+0000] {processor.py:840} INFO - DAG(s) 'tutorial_dag' retrieved from /home/airflow/.local/lib/python3.10/site-packages/airflow/example_dags/tutorial_dag.py
[2025-02-19T06:41:12.204+0000] {logging_mixin.py:188} INFO - [2025-02-19T06:41:12.203+0000] {dag.py:3036} INFO - Sync 1 DAGs
[2025-02-19T06:41:12.229+0000] {logging_mixin.py:188} INFO - [2025-02-19T06:41:12.229+0000] {dag.py:3823} INFO - Setting next_dagrun for tutorial_dag to None, run_after=None
[2025-02-19T06:41:13.247+0000] {processor.py:183} INFO - Processing /home/airflow/.local/lib/python3.10/site-packages/airflow/example_dags/tutorial_dag.py took 1.114 seconds
[2025-02-19T06:42:14.114+0000] {processor.py:161} INFO - Started process (PID=435) to work on /home/airflow/.local/lib/python3.10/site-packages/airflow/example_dags/tutorial_dag.py
[2025-02-19T06:42:14.135+0000] {processor.py:830} INFO - Processing file /home/airflow/.local/lib/python3.10/site-packages/airflow/example_dags/tutorial_dag.py for tasks to queue
[2025-02-19T06:42:14.144+0000] {logging_mixin.py:188} INFO - [2025-02-19T06:42:14.143+0000] {dagbag.py:538} INFO - Filling up the DagBag from /home/airflow/.local/lib/python3.10/site-packages/airflow/example_dags/tutorial_dag.py
[2025-02-19T06:42:14.197+0000] {processor.py:840} INFO - DAG(s) 'tutorial_dag' retrieved from /home/airflow/.local/lib/python3.10/site-packages/airflow/example_dags/tutorial_dag.py
[2025-02-19T06:42:14.333+0000] {logging_mixin.py:188} INFO - [2025-02-19T06:42:14.332+0000] {dag.py:3036} INFO - Sync 1 DAGs
[2025-02-19T06:42:14.419+0000] {logging_mixin.py:188} INFO - [2025-02-19T06:42:14.418+0000] {dag.py:3823} INFO - Setting next_dagrun for tutorial_dag to None, run_after=None
[2025-02-19T06:42:14.812+0000] {processor.py:183} INFO - Processing /home/airflow/.local/lib/python3.10/site-packages/airflow/example_dags/tutorial_dag.py took 0.709 seconds
[2025-02-19T06:43:17.507+0000] {processor.py:161} INFO - Started process (PID=33) to work on /home/airflow/.local/lib/python3.10/site-packages/airflow/example_dags/tutorial_dag.py
[2025-02-19T06:43:17.509+0000] {processor.py:830} INFO - Processing file /home/airflow/.local/lib/python3.10/site-packages/airflow/example_dags/tutorial_dag.py for tasks to queue
[2025-02-19T06:43:17.511+0000] {logging_mixin.py:188} INFO - [2025-02-19T06:43:17.510+0000] {dagbag.py:538} INFO - Filling up the DagBag from /home/airflow/.local/lib/python3.10/site-packages/airflow/example_dags/tutorial_dag.py
[2025-02-19T06:43:17.530+0000] {processor.py:840} INFO - DAG(s) 'tutorial_dag' retrieved from /home/airflow/.local/lib/python3.10/site-packages/airflow/example_dags/tutorial_dag.py
[2025-02-19T06:43:17.618+0000] {logging_mixin.py:188} INFO - [2025-02-19T06:43:17.617+0000] {dag.py:3036} INFO - Sync 1 DAGs
[2025-02-19T06:43:17.673+0000] {logging_mixin.py:188} INFO - [2025-02-19T06:43:17.672+0000] {dag.py:3823} INFO - Setting next_dagrun for tutorial_dag to None, run_after=None
[2025-02-19T06:43:17.884+0000] {processor.py:183} INFO - Processing /home/airflow/.local/lib/python3.10/site-packages/airflow/example_dags/tutorial_dag.py took 0.385 seconds
[2025-02-19T06:44:39.575+0000] {processor.py:161} INFO - Started process (PID=82) to work on /home/airflow/.local/lib/python3.10/site-packages/airflow/example_dags/tutorial_dag.py
[2025-02-19T06:44:39.578+0000] {processor.py:830} INFO - Processing file /home/airflow/.local/lib/python3.10/site-packages/airflow/example_dags/tutorial_dag.py for tasks to queue
[2025-02-19T06:44:39.582+0000] {logging_mixin.py:188} INFO - [2025-02-19T06:44:39.581+0000] {dagbag.py:538} INFO - Filling up the DagBag from /home/airflow/.local/lib/python3.10/site-packages/airflow/example_dags/tutorial_dag.py
[2025-02-19T06:44:39.604+0000] {processor.py:840} INFO - DAG(s) 'tutorial_dag' retrieved from /home/airflow/.local/lib/python3.10/site-packages/airflow/example_dags/tutorial_dag.py
[2025-02-19T06:44:39.694+0000] {logging_mixin.py:188} INFO - [2025-02-19T06:44:39.693+0000] {dag.py:3036} INFO - Sync 1 DAGs
[2025-02-19T06:44:39.742+0000] {logging_mixin.py:188} INFO - [2025-02-19T06:44:39.742+0000] {dag.py:3823} INFO - Setting next_dagrun for tutorial_dag to None, run_after=None
[2025-02-19T06:44:39.980+0000] {processor.py:183} INFO - Processing /home/airflow/.local/lib/python3.10/site-packages/airflow/example_dags/tutorial_dag.py took 0.413 seconds
[2025-02-19T06:45:34.434+0000] {processor.py:161} INFO - Started process (PID=111) to work on /home/airflow/.local/lib/python3.10/site-packages/airflow/example_dags/tutorial_dag.py
[2025-02-19T06:45:34.436+0000] {processor.py:830} INFO - Processing file /home/airflow/.local/lib/python3.10/site-packages/airflow/example_dags/tutorial_dag.py for tasks to queue
[2025-02-19T06:45:34.438+0000] {logging_mixin.py:188} INFO - [2025-02-19T06:45:34.437+0000] {dagbag.py:538} INFO - Filling up the DagBag from /home/airflow/.local/lib/python3.10/site-packages/airflow/example_dags/tutorial_dag.py
[2025-02-19T06:45:34.448+0000] {processor.py:840} INFO - DAG(s) 'tutorial_dag' retrieved from /home/airflow/.local/lib/python3.10/site-packages/airflow/example_dags/tutorial_dag.py
[2025-02-19T06:45:34.488+0000] {logging_mixin.py:188} INFO - [2025-02-19T06:45:34.488+0000] {dag.py:3036} INFO - Sync 1 DAGs
[2025-02-19T06:45:34.512+0000] {logging_mixin.py:188} INFO - [2025-02-19T06:45:34.512+0000] {dag.py:3823} INFO - Setting next_dagrun for tutorial_dag to None, run_after=None
[2025-02-19T06:45:34.606+0000] {processor.py:183} INFO - Processing /home/airflow/.local/lib/python3.10/site-packages/airflow/example_dags/tutorial_dag.py took 0.177 seconds
[2025-02-19T06:46:27.448+0000] {processor.py:161} INFO - Started process (PID=145) to work on /home/airflow/.local/lib/python3.10/site-packages/airflow/example_dags/tutorial_dag.py
[2025-02-19T06:46:27.450+0000] {processor.py:830} INFO - Processing file /home/airflow/.local/lib/python3.10/site-packages/airflow/example_dags/tutorial_dag.py for tasks to queue
[2025-02-19T06:46:27.453+0000] {logging_mixin.py:188} INFO - [2025-02-19T06:46:27.452+0000] {dagbag.py:538} INFO - Filling up the DagBag from /home/airflow/.local/lib/python3.10/site-packages/airflow/example_dags/tutorial_dag.py
[2025-02-19T06:46:27.467+0000] {processor.py:840} INFO - DAG(s) 'tutorial_dag' retrieved from /home/airflow/.local/lib/python3.10/site-packages/airflow/example_dags/tutorial_dag.py
[2025-02-19T06:46:27.516+0000] {logging_mixin.py:188} INFO - [2025-02-19T06:46:27.516+0000] {dag.py:3036} INFO - Sync 1 DAGs
[2025-02-19T06:46:27.545+0000] {logging_mixin.py:188} INFO - [2025-02-19T06:46:27.544+0000] {dag.py:3823} INFO - Setting next_dagrun for tutorial_dag to None, run_after=None
[2025-02-19T06:46:27.659+0000] {processor.py:183} INFO - Processing /home/airflow/.local/lib/python3.10/site-packages/airflow/example_dags/tutorial_dag.py took 0.218 seconds
[2025-02-19T06:47:18.391+0000] {processor.py:161} INFO - Started process (PID=174) to work on /home/airflow/.local/lib/python3.10/site-packages/airflow/example_dags/tutorial_dag.py
[2025-02-19T06:47:18.395+0000] {processor.py:830} INFO - Processing file /home/airflow/.local/lib/python3.10/site-packages/airflow/example_dags/tutorial_dag.py for tasks to queue
[2025-02-19T06:47:18.399+0000] {logging_mixin.py:188} INFO - [2025-02-19T06:47:18.398+0000] {dagbag.py:538} INFO - Filling up the DagBag from /home/airflow/.local/lib/python3.10/site-packages/airflow/example_dags/tutorial_dag.py
[2025-02-19T06:47:18.432+0000] {processor.py:840} INFO - DAG(s) 'tutorial_dag' retrieved from /home/airflow/.local/lib/python3.10/site-packages/airflow/example_dags/tutorial_dag.py
[2025-02-19T06:47:18.563+0000] {logging_mixin.py:188} INFO - [2025-02-19T06:47:18.562+0000] {dag.py:3036} INFO - Sync 1 DAGs
[2025-02-19T06:47:18.651+0000] {logging_mixin.py:188} INFO - [2025-02-19T06:47:18.650+0000] {dag.py:3823} INFO - Setting next_dagrun for tutorial_dag to None, run_after=None
[2025-02-19T06:47:18.836+0000] {processor.py:183} INFO - Processing /home/airflow/.local/lib/python3.10/site-packages/airflow/example_dags/tutorial_dag.py took 0.464 seconds
[2025-02-19T06:48:10.780+0000] {processor.py:161} INFO - Started process (PID=206) to work on /home/airflow/.local/lib/python3.10/site-packages/airflow/example_dags/tutorial_dag.py
[2025-02-19T06:48:10.782+0000] {processor.py:830} INFO - Processing file /home/airflow/.local/lib/python3.10/site-packages/airflow/example_dags/tutorial_dag.py for tasks to queue
[2025-02-19T06:48:10.784+0000] {logging_mixin.py:188} INFO - [2025-02-19T06:48:10.784+0000] {dagbag.py:538} INFO - Filling up the DagBag from /home/airflow/.local/lib/python3.10/site-packages/airflow/example_dags/tutorial_dag.py
[2025-02-19T06:48:10.794+0000] {processor.py:840} INFO - DAG(s) 'tutorial_dag' retrieved from /home/airflow/.local/lib/python3.10/site-packages/airflow/example_dags/tutorial_dag.py
[2025-02-19T06:48:10.839+0000] {logging_mixin.py:188} INFO - [2025-02-19T06:48:10.839+0000] {dag.py:3036} INFO - Sync 1 DAGs
[2025-02-19T06:48:10.863+0000] {logging_mixin.py:188} INFO - [2025-02-19T06:48:10.863+0000] {dag.py:3823} INFO - Setting next_dagrun for tutorial_dag to None, run_after=None
[2025-02-19T06:48:11.014+0000] {processor.py:183} INFO - Processing /home/airflow/.local/lib/python3.10/site-packages/airflow/example_dags/tutorial_dag.py took 0.239 seconds
[2025-02-19T06:48:59.220+0000] {processor.py:161} INFO - Started process (PID=235) to work on /home/airflow/.local/lib/python3.10/site-packages/airflow/example_dags/tutorial_dag.py
[2025-02-19T06:48:59.224+0000] {processor.py:830} INFO - Processing file /home/airflow/.local/lib/python3.10/site-packages/airflow/example_dags/tutorial_dag.py for tasks to queue
[2025-02-19T06:48:59.228+0000] {logging_mixin.py:188} INFO - [2025-02-19T06:48:59.227+0000] {dagbag.py:538} INFO - Filling up the DagBag from /home/airflow/.local/lib/python3.10/site-packages/airflow/example_dags/tutorial_dag.py
[2025-02-19T06:48:59.263+0000] {processor.py:840} INFO - DAG(s) 'tutorial_dag' retrieved from /home/airflow/.local/lib/python3.10/site-packages/airflow/example_dags/tutorial_dag.py
[2025-02-19T06:48:59.474+0000] {logging_mixin.py:188} INFO - [2025-02-19T06:48:59.473+0000] {dag.py:3036} INFO - Sync 1 DAGs
[2025-02-19T06:48:59.538+0000] {logging_mixin.py:188} INFO - [2025-02-19T06:48:59.538+0000] {dag.py:3823} INFO - Setting next_dagrun for tutorial_dag to None, run_after=None
[2025-02-19T06:48:59.745+0000] {processor.py:183} INFO - Processing /home/airflow/.local/lib/python3.10/site-packages/airflow/example_dags/tutorial_dag.py took 0.543 seconds
[2025-02-19T06:49:50.566+0000] {processor.py:161} INFO - Started process (PID=267) to work on /home/airflow/.local/lib/python3.10/site-packages/airflow/example_dags/tutorial_dag.py
[2025-02-19T06:49:50.571+0000] {processor.py:830} INFO - Processing file /home/airflow/.local/lib/python3.10/site-packages/airflow/example_dags/tutorial_dag.py for tasks to queue
[2025-02-19T06:49:50.577+0000] {logging_mixin.py:188} INFO - [2025-02-19T06:49:50.576+0000] {dagbag.py:538} INFO - Filling up the DagBag from /home/airflow/.local/lib/python3.10/site-packages/airflow/example_dags/tutorial_dag.py
[2025-02-19T06:49:50.601+0000] {processor.py:840} INFO - DAG(s) 'tutorial_dag' retrieved from /home/airflow/.local/lib/python3.10/site-packages/airflow/example_dags/tutorial_dag.py
[2025-02-19T06:49:50.717+0000] {logging_mixin.py:188} INFO - [2025-02-19T06:49:50.716+0000] {dag.py:3036} INFO - Sync 1 DAGs
[2025-02-19T06:49:50.800+0000] {logging_mixin.py:188} INFO - [2025-02-19T06:49:50.799+0000] {dag.py:3823} INFO - Setting next_dagrun for tutorial_dag to None, run_after=None
[2025-02-19T06:49:51.018+0000] {processor.py:183} INFO - Processing /home/airflow/.local/lib/python3.10/site-packages/airflow/example_dags/tutorial_dag.py took 0.465 seconds
[2025-02-19T06:50:45.103+0000] {processor.py:161} INFO - Started process (PID=298) to work on /home/airflow/.local/lib/python3.10/site-packages/airflow/example_dags/tutorial_dag.py
[2025-02-19T06:50:45.106+0000] {processor.py:830} INFO - Processing file /home/airflow/.local/lib/python3.10/site-packages/airflow/example_dags/tutorial_dag.py for tasks to queue
[2025-02-19T06:50:45.109+0000] {logging_mixin.py:188} INFO - [2025-02-19T06:50:45.108+0000] {dagbag.py:538} INFO - Filling up the DagBag from /home/airflow/.local/lib/python3.10/site-packages/airflow/example_dags/tutorial_dag.py
[2025-02-19T06:50:45.120+0000] {processor.py:840} INFO - DAG(s) 'tutorial_dag' retrieved from /home/airflow/.local/lib/python3.10/site-packages/airflow/example_dags/tutorial_dag.py
[2025-02-19T06:50:45.167+0000] {logging_mixin.py:188} INFO - [2025-02-19T06:50:45.167+0000] {dag.py:3036} INFO - Sync 1 DAGs
[2025-02-19T06:50:45.201+0000] {logging_mixin.py:188} INFO - [2025-02-19T06:50:45.201+0000] {dag.py:3823} INFO - Setting next_dagrun for tutorial_dag to None, run_after=None
[2025-02-19T06:50:45.325+0000] {processor.py:183} INFO - Processing /home/airflow/.local/lib/python3.10/site-packages/airflow/example_dags/tutorial_dag.py took 0.228 seconds
[2025-02-19T06:51:35.001+0000] {processor.py:161} INFO - Started process (PID=330) to work on /home/airflow/.local/lib/python3.10/site-packages/airflow/example_dags/tutorial_dag.py
[2025-02-19T06:51:35.011+0000] {processor.py:830} INFO - Processing file /home/airflow/.local/lib/python3.10/site-packages/airflow/example_dags/tutorial_dag.py for tasks to queue
[2025-02-19T06:51:35.016+0000] {logging_mixin.py:188} INFO - [2025-02-19T06:51:35.015+0000] {dagbag.py:538} INFO - Filling up the DagBag from /home/airflow/.local/lib/python3.10/site-packages/airflow/example_dags/tutorial_dag.py
[2025-02-19T06:51:35.052+0000] {processor.py:840} INFO - DAG(s) 'tutorial_dag' retrieved from /home/airflow/.local/lib/python3.10/site-packages/airflow/example_dags/tutorial_dag.py
[2025-02-19T06:51:35.173+0000] {logging_mixin.py:188} INFO - [2025-02-19T06:51:35.172+0000] {dag.py:3036} INFO - Sync 1 DAGs
[2025-02-19T06:51:35.278+0000] {logging_mixin.py:188} INFO - [2025-02-19T06:51:35.277+0000] {dag.py:3823} INFO - Setting next_dagrun for tutorial_dag to None, run_after=None
[2025-02-19T06:51:35.550+0000] {processor.py:183} INFO - Processing /home/airflow/.local/lib/python3.10/site-packages/airflow/example_dags/tutorial_dag.py took 0.568 seconds
[2025-02-19T06:52:30.148+0000] {processor.py:161} INFO - Started process (PID=360) to work on /home/airflow/.local/lib/python3.10/site-packages/airflow/example_dags/tutorial_dag.py
[2025-02-19T06:52:30.150+0000] {processor.py:830} INFO - Processing file /home/airflow/.local/lib/python3.10/site-packages/airflow/example_dags/tutorial_dag.py for tasks to queue
[2025-02-19T06:52:30.152+0000] {logging_mixin.py:188} INFO - [2025-02-19T06:52:30.151+0000] {dagbag.py:538} INFO - Filling up the DagBag from /home/airflow/.local/lib/python3.10/site-packages/airflow/example_dags/tutorial_dag.py
[2025-02-19T06:52:30.162+0000] {processor.py:840} INFO - DAG(s) 'tutorial_dag' retrieved from /home/airflow/.local/lib/python3.10/site-packages/airflow/example_dags/tutorial_dag.py
[2025-02-19T06:52:30.217+0000] {logging_mixin.py:188} INFO - [2025-02-19T06:52:30.216+0000] {dag.py:3036} INFO - Sync 1 DAGs
[2025-02-19T06:52:30.254+0000] {logging_mixin.py:188} INFO - [2025-02-19T06:52:30.253+0000] {dag.py:3823} INFO - Setting next_dagrun for tutorial_dag to None, run_after=None
[2025-02-19T06:52:30.407+0000] {processor.py:183} INFO - Processing /home/airflow/.local/lib/python3.10/site-packages/airflow/example_dags/tutorial_dag.py took 0.264 seconds
[2025-02-19T06:53:18.051+0000] {processor.py:161} INFO - Started process (PID=395) to work on /home/airflow/.local/lib/python3.10/site-packages/airflow/example_dags/tutorial_dag.py
[2025-02-19T06:53:18.054+0000] {processor.py:830} INFO - Processing file /home/airflow/.local/lib/python3.10/site-packages/airflow/example_dags/tutorial_dag.py for tasks to queue
[2025-02-19T06:53:18.056+0000] {logging_mixin.py:188} INFO - [2025-02-19T06:53:18.055+0000] {dagbag.py:538} INFO - Filling up the DagBag from /home/airflow/.local/lib/python3.10/site-packages/airflow/example_dags/tutorial_dag.py
[2025-02-19T06:53:18.075+0000] {processor.py:840} INFO - DAG(s) 'tutorial_dag' retrieved from /home/airflow/.local/lib/python3.10/site-packages/airflow/example_dags/tutorial_dag.py
[2025-02-19T06:53:18.169+0000] {logging_mixin.py:188} INFO - [2025-02-19T06:53:18.168+0000] {dag.py:3036} INFO - Sync 1 DAGs
[2025-02-19T06:53:18.223+0000] {logging_mixin.py:188} INFO - [2025-02-19T06:53:18.222+0000] {dag.py:3823} INFO - Setting next_dagrun for tutorial_dag to None, run_after=None
[2025-02-19T06:53:18.446+0000] {processor.py:183} INFO - Processing /home/airflow/.local/lib/python3.10/site-packages/airflow/example_dags/tutorial_dag.py took 0.406 seconds
[2025-02-19T06:54:08.235+0000] {processor.py:161} INFO - Started process (PID=422) to work on /home/airflow/.local/lib/python3.10/site-packages/airflow/example_dags/tutorial_dag.py
[2025-02-19T06:54:08.237+0000] {processor.py:830} INFO - Processing file /home/airflow/.local/lib/python3.10/site-packages/airflow/example_dags/tutorial_dag.py for tasks to queue
[2025-02-19T06:54:08.245+0000] {logging_mixin.py:188} INFO - [2025-02-19T06:54:08.239+0000] {dagbag.py:538} INFO - Filling up the DagBag from /home/airflow/.local/lib/python3.10/site-packages/airflow/example_dags/tutorial_dag.py
[2025-02-19T06:54:08.265+0000] {processor.py:840} INFO - DAG(s) 'tutorial_dag' retrieved from /home/airflow/.local/lib/python3.10/site-packages/airflow/example_dags/tutorial_dag.py
[2025-02-19T06:54:08.334+0000] {logging_mixin.py:188} INFO - [2025-02-19T06:54:08.334+0000] {dag.py:3036} INFO - Sync 1 DAGs
[2025-02-19T06:54:08.370+0000] {logging_mixin.py:188} INFO - [2025-02-19T06:54:08.369+0000] {dag.py:3823} INFO - Setting next_dagrun for tutorial_dag to None, run_after=None
[2025-02-19T06:54:08.524+0000] {processor.py:183} INFO - Processing /home/airflow/.local/lib/python3.10/site-packages/airflow/example_dags/tutorial_dag.py took 0.294 seconds
[2025-02-19T06:54:52.406+0000] {processor.py:161} INFO - Started process (PID=454) to work on /home/airflow/.local/lib/python3.10/site-packages/airflow/example_dags/tutorial_dag.py
[2025-02-19T06:54:52.409+0000] {processor.py:830} INFO - Processing file /home/airflow/.local/lib/python3.10/site-packages/airflow/example_dags/tutorial_dag.py for tasks to queue
[2025-02-19T06:54:52.412+0000] {logging_mixin.py:188} INFO - [2025-02-19T06:54:52.411+0000] {dagbag.py:538} INFO - Filling up the DagBag from /home/airflow/.local/lib/python3.10/site-packages/airflow/example_dags/tutorial_dag.py
[2025-02-19T06:54:52.426+0000] {processor.py:840} INFO - DAG(s) 'tutorial_dag' retrieved from /home/airflow/.local/lib/python3.10/site-packages/airflow/example_dags/tutorial_dag.py
[2025-02-19T06:54:52.475+0000] {logging_mixin.py:188} INFO - [2025-02-19T06:54:52.475+0000] {dag.py:3036} INFO - Sync 1 DAGs
[2025-02-19T06:54:52.503+0000] {logging_mixin.py:188} INFO - [2025-02-19T06:54:52.502+0000] {dag.py:3823} INFO - Setting next_dagrun for tutorial_dag to None, run_after=None
[2025-02-19T06:54:52.616+0000] {processor.py:183} INFO - Processing /home/airflow/.local/lib/python3.10/site-packages/airflow/example_dags/tutorial_dag.py took 0.215 seconds
[2025-02-19T06:55:30.535+0000] {processor.py:161} INFO - Started process (PID=480) to work on /home/airflow/.local/lib/python3.10/site-packages/airflow/example_dags/tutorial_dag.py
[2025-02-19T06:55:30.537+0000] {processor.py:830} INFO - Processing file /home/airflow/.local/lib/python3.10/site-packages/airflow/example_dags/tutorial_dag.py for tasks to queue
[2025-02-19T06:55:30.539+0000] {logging_mixin.py:188} INFO - [2025-02-19T06:55:30.539+0000] {dagbag.py:538} INFO - Filling up the DagBag from /home/airflow/.local/lib/python3.10/site-packages/airflow/example_dags/tutorial_dag.py
[2025-02-19T06:55:30.548+0000] {processor.py:840} INFO - DAG(s) 'tutorial_dag' retrieved from /home/airflow/.local/lib/python3.10/site-packages/airflow/example_dags/tutorial_dag.py
[2025-02-19T06:55:30.597+0000] {logging_mixin.py:188} INFO - [2025-02-19T06:55:30.597+0000] {dag.py:3036} INFO - Sync 1 DAGs
[2025-02-19T06:55:30.622+0000] {logging_mixin.py:188} INFO - [2025-02-19T06:55:30.622+0000] {dag.py:3823} INFO - Setting next_dagrun for tutorial_dag to None, run_after=None
[2025-02-19T06:55:30.805+0000] {processor.py:183} INFO - Processing /home/airflow/.local/lib/python3.10/site-packages/airflow/example_dags/tutorial_dag.py took 0.275 seconds
[2025-02-19T06:56:12.639+0000] {processor.py:161} INFO - Started process (PID=509) to work on /home/airflow/.local/lib/python3.10/site-packages/airflow/example_dags/tutorial_dag.py
[2025-02-19T06:56:12.643+0000] {processor.py:830} INFO - Processing file /home/airflow/.local/lib/python3.10/site-packages/airflow/example_dags/tutorial_dag.py for tasks to queue
[2025-02-19T06:56:12.647+0000] {logging_mixin.py:188} INFO - [2025-02-19T06:56:12.646+0000] {dagbag.py:538} INFO - Filling up the DagBag from /home/airflow/.local/lib/python3.10/site-packages/airflow/example_dags/tutorial_dag.py
[2025-02-19T06:56:12.670+0000] {processor.py:840} INFO - DAG(s) 'tutorial_dag' retrieved from /home/airflow/.local/lib/python3.10/site-packages/airflow/example_dags/tutorial_dag.py
[2025-02-19T06:56:12.745+0000] {logging_mixin.py:188} INFO - [2025-02-19T06:56:12.744+0000] {dag.py:3036} INFO - Sync 1 DAGs
[2025-02-19T06:56:12.799+0000] {logging_mixin.py:188} INFO - [2025-02-19T06:56:12.799+0000] {dag.py:3823} INFO - Setting next_dagrun for tutorial_dag to None, run_after=None
[2025-02-19T06:56:13.015+0000] {processor.py:183} INFO - Processing /home/airflow/.local/lib/python3.10/site-packages/airflow/example_dags/tutorial_dag.py took 0.389 seconds
[2025-02-19T06:56:58.579+0000] {processor.py:161} INFO - Started process (PID=536) to work on /home/airflow/.local/lib/python3.10/site-packages/airflow/example_dags/tutorial_dag.py
[2025-02-19T06:56:58.585+0000] {processor.py:830} INFO - Processing file /home/airflow/.local/lib/python3.10/site-packages/airflow/example_dags/tutorial_dag.py for tasks to queue
[2025-02-19T06:56:58.588+0000] {logging_mixin.py:188} INFO - [2025-02-19T06:56:58.587+0000] {dagbag.py:538} INFO - Filling up the DagBag from /home/airflow/.local/lib/python3.10/site-packages/airflow/example_dags/tutorial_dag.py
[2025-02-19T06:56:58.616+0000] {processor.py:840} INFO - DAG(s) 'tutorial_dag' retrieved from /home/airflow/.local/lib/python3.10/site-packages/airflow/example_dags/tutorial_dag.py
[2025-02-19T06:56:58.747+0000] {logging_mixin.py:188} INFO - [2025-02-19T06:56:58.747+0000] {dag.py:3036} INFO - Sync 1 DAGs
[2025-02-19T06:56:58.829+0000] {logging_mixin.py:188} INFO - [2025-02-19T06:56:58.828+0000] {dag.py:3823} INFO - Setting next_dagrun for tutorial_dag to None, run_after=None
[2025-02-19T06:56:59.032+0000] {processor.py:183} INFO - Processing /home/airflow/.local/lib/python3.10/site-packages/airflow/example_dags/tutorial_dag.py took 0.470 seconds
[2025-02-19T06:57:50.595+0000] {processor.py:161} INFO - Started process (PID=568) to work on /home/airflow/.local/lib/python3.10/site-packages/airflow/example_dags/tutorial_dag.py
[2025-02-19T06:57:50.598+0000] {processor.py:830} INFO - Processing file /home/airflow/.local/lib/python3.10/site-packages/airflow/example_dags/tutorial_dag.py for tasks to queue
[2025-02-19T06:57:50.600+0000] {logging_mixin.py:188} INFO - [2025-02-19T06:57:50.599+0000] {dagbag.py:538} INFO - Filling up the DagBag from /home/airflow/.local/lib/python3.10/site-packages/airflow/example_dags/tutorial_dag.py
[2025-02-19T06:57:50.617+0000] {processor.py:840} INFO - DAG(s) 'tutorial_dag' retrieved from /home/airflow/.local/lib/python3.10/site-packages/airflow/example_dags/tutorial_dag.py
[2025-02-19T06:57:50.703+0000] {logging_mixin.py:188} INFO - [2025-02-19T06:57:50.703+0000] {dag.py:3036} INFO - Sync 1 DAGs
[2025-02-19T06:57:50.747+0000] {logging_mixin.py:188} INFO - [2025-02-19T06:57:50.746+0000] {dag.py:3823} INFO - Setting next_dagrun for tutorial_dag to None, run_after=None
[2025-02-19T06:57:50.908+0000] {processor.py:183} INFO - Processing /home/airflow/.local/lib/python3.10/site-packages/airflow/example_dags/tutorial_dag.py took 0.324 seconds
[2025-02-19T06:58:33.945+0000] {processor.py:161} INFO - Started process (PID=597) to work on /home/airflow/.local/lib/python3.10/site-packages/airflow/example_dags/tutorial_dag.py
[2025-02-19T06:58:33.947+0000] {processor.py:830} INFO - Processing file /home/airflow/.local/lib/python3.10/site-packages/airflow/example_dags/tutorial_dag.py for tasks to queue
[2025-02-19T06:58:33.949+0000] {logging_mixin.py:188} INFO - [2025-02-19T06:58:33.949+0000] {dagbag.py:538} INFO - Filling up the DagBag from /home/airflow/.local/lib/python3.10/site-packages/airflow/example_dags/tutorial_dag.py
[2025-02-19T06:58:33.960+0000] {processor.py:840} INFO - DAG(s) 'tutorial_dag' retrieved from /home/airflow/.local/lib/python3.10/site-packages/airflow/example_dags/tutorial_dag.py
[2025-02-19T06:58:34.005+0000] {logging_mixin.py:188} INFO - [2025-02-19T06:58:34.005+0000] {dag.py:3036} INFO - Sync 1 DAGs
[2025-02-19T06:58:34.034+0000] {logging_mixin.py:188} INFO - [2025-02-19T06:58:34.034+0000] {dag.py:3823} INFO - Setting next_dagrun for tutorial_dag to None, run_after=None
[2025-02-19T06:58:34.160+0000] {processor.py:183} INFO - Processing /home/airflow/.local/lib/python3.10/site-packages/airflow/example_dags/tutorial_dag.py took 0.221 seconds
[2025-02-19T06:59:17.674+0000] {processor.py:161} INFO - Started process (PID=626) to work on /home/airflow/.local/lib/python3.10/site-packages/airflow/example_dags/tutorial_dag.py
[2025-02-19T06:59:17.677+0000] {processor.py:830} INFO - Processing file /home/airflow/.local/lib/python3.10/site-packages/airflow/example_dags/tutorial_dag.py for tasks to queue
[2025-02-19T06:59:17.681+0000] {logging_mixin.py:188} INFO - [2025-02-19T06:59:17.680+0000] {dagbag.py:538} INFO - Filling up the DagBag from /home/airflow/.local/lib/python3.10/site-packages/airflow/example_dags/tutorial_dag.py
[2025-02-19T06:59:17.693+0000] {processor.py:840} INFO - DAG(s) 'tutorial_dag' retrieved from /home/airflow/.local/lib/python3.10/site-packages/airflow/example_dags/tutorial_dag.py
[2025-02-19T06:59:17.786+0000] {logging_mixin.py:188} INFO - [2025-02-19T06:59:17.785+0000] {dag.py:3036} INFO - Sync 1 DAGs
[2025-02-19T06:59:17.820+0000] {logging_mixin.py:188} INFO - [2025-02-19T06:59:17.820+0000] {dag.py:3823} INFO - Setting next_dagrun for tutorial_dag to None, run_after=None
[2025-02-19T06:59:17.943+0000] {processor.py:183} INFO - Processing /home/airflow/.local/lib/python3.10/site-packages/airflow/example_dags/tutorial_dag.py took 0.278 seconds
[2025-02-19T07:00:14.885+0000] {processor.py:161} INFO - Started process (PID=656) to work on /home/airflow/.local/lib/python3.10/site-packages/airflow/example_dags/tutorial_dag.py
[2025-02-19T07:00:14.889+0000] {processor.py:830} INFO - Processing file /home/airflow/.local/lib/python3.10/site-packages/airflow/example_dags/tutorial_dag.py for tasks to queue
[2025-02-19T07:00:14.892+0000] {logging_mixin.py:188} INFO - [2025-02-19T07:00:14.891+0000] {dagbag.py:538} INFO - Filling up the DagBag from /home/airflow/.local/lib/python3.10/site-packages/airflow/example_dags/tutorial_dag.py
[2025-02-19T07:00:14.910+0000] {processor.py:840} INFO - DAG(s) 'tutorial_dag' retrieved from /home/airflow/.local/lib/python3.10/site-packages/airflow/example_dags/tutorial_dag.py
[2025-02-19T07:00:14.987+0000] {logging_mixin.py:188} INFO - [2025-02-19T07:00:14.986+0000] {dag.py:3036} INFO - Sync 1 DAGs
[2025-02-19T07:00:15.039+0000] {logging_mixin.py:188} INFO - [2025-02-19T07:00:15.038+0000] {dag.py:3823} INFO - Setting next_dagrun for tutorial_dag to None, run_after=None
[2025-02-19T07:00:15.222+0000] {processor.py:183} INFO - Processing /home/airflow/.local/lib/python3.10/site-packages/airflow/example_dags/tutorial_dag.py took 0.353 seconds
[2025-02-19T07:01:09.407+0000] {processor.py:161} INFO - Started process (PID=691) to work on /home/airflow/.local/lib/python3.10/site-packages/airflow/example_dags/tutorial_dag.py
[2025-02-19T07:01:09.411+0000] {processor.py:830} INFO - Processing file /home/airflow/.local/lib/python3.10/site-packages/airflow/example_dags/tutorial_dag.py for tasks to queue
[2025-02-19T07:01:09.418+0000] {logging_mixin.py:188} INFO - [2025-02-19T07:01:09.416+0000] {dagbag.py:538} INFO - Filling up the DagBag from /home/airflow/.local/lib/python3.10/site-packages/airflow/example_dags/tutorial_dag.py
[2025-02-19T07:01:09.436+0000] {processor.py:840} INFO - DAG(s) 'tutorial_dag' retrieved from /home/airflow/.local/lib/python3.10/site-packages/airflow/example_dags/tutorial_dag.py
[2025-02-19T07:01:09.503+0000] {logging_mixin.py:188} INFO - [2025-02-19T07:01:09.502+0000] {dag.py:3036} INFO - Sync 1 DAGs
[2025-02-19T07:01:09.557+0000] {logging_mixin.py:188} INFO - [2025-02-19T07:01:09.556+0000] {dag.py:3823} INFO - Setting next_dagrun for tutorial_dag to None, run_after=None
[2025-02-19T07:01:09.696+0000] {processor.py:183} INFO - Processing /home/airflow/.local/lib/python3.10/site-packages/airflow/example_dags/tutorial_dag.py took 0.297 seconds
[2025-02-19T07:01:56.387+0000] {processor.py:161} INFO - Started process (PID=720) to work on /home/airflow/.local/lib/python3.10/site-packages/airflow/example_dags/tutorial_dag.py
[2025-02-19T07:01:56.415+0000] {processor.py:830} INFO - Processing file /home/airflow/.local/lib/python3.10/site-packages/airflow/example_dags/tutorial_dag.py for tasks to queue
[2025-02-19T07:01:56.428+0000] {logging_mixin.py:188} INFO - [2025-02-19T07:01:56.426+0000] {dagbag.py:538} INFO - Filling up the DagBag from /home/airflow/.local/lib/python3.10/site-packages/airflow/example_dags/tutorial_dag.py
[2025-02-19T07:01:56.474+0000] {processor.py:840} INFO - DAG(s) 'tutorial_dag' retrieved from /home/airflow/.local/lib/python3.10/site-packages/airflow/example_dags/tutorial_dag.py
[2025-02-19T07:01:56.688+0000] {logging_mixin.py:188} INFO - [2025-02-19T07:01:56.687+0000] {dag.py:3036} INFO - Sync 1 DAGs
[2025-02-19T07:01:56.975+0000] {logging_mixin.py:188} INFO - [2025-02-19T07:01:56.966+0000] {dag.py:3823} INFO - Setting next_dagrun for tutorial_dag to None, run_after=None
[2025-02-19T07:01:57.283+0000] {processor.py:183} INFO - Processing /home/airflow/.local/lib/python3.10/site-packages/airflow/example_dags/tutorial_dag.py took 0.909 seconds
[2025-02-19T07:02:49.384+0000] {processor.py:161} INFO - Started process (PID=751) to work on /home/airflow/.local/lib/python3.10/site-packages/airflow/example_dags/tutorial_dag.py
[2025-02-19T07:02:49.387+0000] {processor.py:830} INFO - Processing file /home/airflow/.local/lib/python3.10/site-packages/airflow/example_dags/tutorial_dag.py for tasks to queue
[2025-02-19T07:02:49.391+0000] {logging_mixin.py:188} INFO - [2025-02-19T07:02:49.389+0000] {dagbag.py:538} INFO - Filling up the DagBag from /home/airflow/.local/lib/python3.10/site-packages/airflow/example_dags/tutorial_dag.py
[2025-02-19T07:02:49.416+0000] {processor.py:840} INFO - DAG(s) 'tutorial_dag' retrieved from /home/airflow/.local/lib/python3.10/site-packages/airflow/example_dags/tutorial_dag.py
[2025-02-19T07:02:49.496+0000] {logging_mixin.py:188} INFO - [2025-02-19T07:02:49.495+0000] {dag.py:3036} INFO - Sync 1 DAGs
[2025-02-19T07:02:49.538+0000] {logging_mixin.py:188} INFO - [2025-02-19T07:02:49.537+0000] {dag.py:3823} INFO - Setting next_dagrun for tutorial_dag to None, run_after=None
[2025-02-19T07:02:49.684+0000] {processor.py:183} INFO - Processing /home/airflow/.local/lib/python3.10/site-packages/airflow/example_dags/tutorial_dag.py took 0.308 seconds
[2025-02-19T07:03:38.072+0000] {processor.py:161} INFO - Started process (PID=782) to work on /home/airflow/.local/lib/python3.10/site-packages/airflow/example_dags/tutorial_dag.py
[2025-02-19T07:03:38.085+0000] {processor.py:830} INFO - Processing file /home/airflow/.local/lib/python3.10/site-packages/airflow/example_dags/tutorial_dag.py for tasks to queue
[2025-02-19T07:03:38.088+0000] {logging_mixin.py:188} INFO - [2025-02-19T07:03:38.087+0000] {dagbag.py:538} INFO - Filling up the DagBag from /home/airflow/.local/lib/python3.10/site-packages/airflow/example_dags/tutorial_dag.py
[2025-02-19T07:03:38.136+0000] {processor.py:840} INFO - DAG(s) 'tutorial_dag' retrieved from /home/airflow/.local/lib/python3.10/site-packages/airflow/example_dags/tutorial_dag.py
[2025-02-19T07:03:38.261+0000] {logging_mixin.py:188} INFO - [2025-02-19T07:03:38.261+0000] {dag.py:3036} INFO - Sync 1 DAGs
[2025-02-19T07:03:38.329+0000] {logging_mixin.py:188} INFO - [2025-02-19T07:03:38.328+0000] {dag.py:3823} INFO - Setting next_dagrun for tutorial_dag to None, run_after=None
[2025-02-19T07:03:38.550+0000] {processor.py:183} INFO - Processing /home/airflow/.local/lib/python3.10/site-packages/airflow/example_dags/tutorial_dag.py took 0.494 seconds
[2025-02-19T07:04:28.756+0000] {processor.py:161} INFO - Started process (PID=811) to work on /home/airflow/.local/lib/python3.10/site-packages/airflow/example_dags/tutorial_dag.py
[2025-02-19T07:04:28.759+0000] {processor.py:830} INFO - Processing file /home/airflow/.local/lib/python3.10/site-packages/airflow/example_dags/tutorial_dag.py for tasks to queue
[2025-02-19T07:04:28.763+0000] {logging_mixin.py:188} INFO - [2025-02-19T07:04:28.761+0000] {dagbag.py:538} INFO - Filling up the DagBag from /home/airflow/.local/lib/python3.10/site-packages/airflow/example_dags/tutorial_dag.py
[2025-02-19T07:04:28.809+0000] {processor.py:840} INFO - DAG(s) 'tutorial_dag' retrieved from /home/airflow/.local/lib/python3.10/site-packages/airflow/example_dags/tutorial_dag.py
[2025-02-19T07:04:29.026+0000] {logging_mixin.py:188} INFO - [2025-02-19T07:04:29.026+0000] {dag.py:3036} INFO - Sync 1 DAGs
[2025-02-19T07:04:29.132+0000] {logging_mixin.py:188} INFO - [2025-02-19T07:04:29.132+0000] {dag.py:3823} INFO - Setting next_dagrun for tutorial_dag to None, run_after=None
[2025-02-19T07:04:29.421+0000] {processor.py:183} INFO - Processing /home/airflow/.local/lib/python3.10/site-packages/airflow/example_dags/tutorial_dag.py took 0.684 seconds
[2025-02-19T07:06:11.826+0000] {processor.py:161} INFO - Started process (PID=843) to work on /home/airflow/.local/lib/python3.10/site-packages/airflow/example_dags/tutorial_dag.py
[2025-02-19T07:06:11.839+0000] {processor.py:830} INFO - Processing file /home/airflow/.local/lib/python3.10/site-packages/airflow/example_dags/tutorial_dag.py for tasks to queue
[2025-02-19T07:06:11.846+0000] {logging_mixin.py:188} INFO - [2025-02-19T07:06:11.845+0000] {dagbag.py:538} INFO - Filling up the DagBag from /home/airflow/.local/lib/python3.10/site-packages/airflow/example_dags/tutorial_dag.py
[2025-02-19T07:06:11.894+0000] {processor.py:840} INFO - DAG(s) 'tutorial_dag' retrieved from /home/airflow/.local/lib/python3.10/site-packages/airflow/example_dags/tutorial_dag.py
[2025-02-19T07:06:12.073+0000] {logging_mixin.py:188} INFO - [2025-02-19T07:06:12.073+0000] {dag.py:3036} INFO - Sync 1 DAGs
[2025-02-19T07:06:12.215+0000] {logging_mixin.py:188} INFO - [2025-02-19T07:06:12.214+0000] {dag.py:3823} INFO - Setting next_dagrun for tutorial_dag to None, run_after=None
[2025-02-19T07:06:13.987+0000] {processor.py:183} INFO - Processing /home/airflow/.local/lib/python3.10/site-packages/airflow/example_dags/tutorial_dag.py took 2.175 seconds
[2025-02-19T07:07:43.145+0000] {processor.py:161} INFO - Started process (PID=882) to work on /home/airflow/.local/lib/python3.10/site-packages/airflow/example_dags/tutorial_dag.py
[2025-02-19T07:07:43.149+0000] {processor.py:830} INFO - Processing file /home/airflow/.local/lib/python3.10/site-packages/airflow/example_dags/tutorial_dag.py for tasks to queue
[2025-02-19T07:07:43.162+0000] {logging_mixin.py:188} INFO - [2025-02-19T07:07:43.161+0000] {dagbag.py:538} INFO - Filling up the DagBag from /home/airflow/.local/lib/python3.10/site-packages/airflow/example_dags/tutorial_dag.py
[2025-02-19T07:07:43.208+0000] {processor.py:840} INFO - DAG(s) 'tutorial_dag' retrieved from /home/airflow/.local/lib/python3.10/site-packages/airflow/example_dags/tutorial_dag.py
[2025-02-19T07:07:43.368+0000] {logging_mixin.py:188} INFO - [2025-02-19T07:07:43.367+0000] {dag.py:3036} INFO - Sync 1 DAGs
[2025-02-19T07:07:43.548+0000] {logging_mixin.py:188} INFO - [2025-02-19T07:07:43.547+0000] {dag.py:3823} INFO - Setting next_dagrun for tutorial_dag to None, run_after=None
[2025-02-19T07:07:43.842+0000] {processor.py:183} INFO - Processing /home/airflow/.local/lib/python3.10/site-packages/airflow/example_dags/tutorial_dag.py took 0.716 seconds
