[2025-02-19T05:56:45.236+0000] {processor.py:161} INFO - Started process (PID=71) to work on /home/airflow/.local/lib/python3.10/site-packages/airflow/example_dags/tutorial.py
[2025-02-19T05:56:45.238+0000] {processor.py:830} INFO - Processing file /home/airflow/.local/lib/python3.10/site-packages/airflow/example_dags/tutorial.py for tasks to queue
[2025-02-19T05:56:45.249+0000] {logging_mixin.py:188} INFO - [2025-02-19T05:56:45.248+0000] {dagbag.py:538} INFO - Filling up the DagBag from /home/airflow/.local/lib/python3.10/site-packages/airflow/example_dags/tutorial.py
[2025-02-19T05:56:45.301+0000] {processor.py:840} INFO - DAG(s) 'tutorial' retrieved from /home/airflow/.local/lib/python3.10/site-packages/airflow/example_dags/tutorial.py
[2025-02-19T05:56:45.425+0000] {logging_mixin.py:188} INFO - [2025-02-19T05:56:45.424+0000] {dag.py:3036} INFO - Sync 1 DAGs
[2025-02-19T05:56:45.544+0000] {logging_mixin.py:188} INFO - [2025-02-19T05:56:45.537+0000] {dag.py:3823} INFO - Setting next_dagrun for tutorial to 2025-02-18 00:00:00+00:00, run_after=2025-02-19 00:00:00+00:00
[2025-02-19T05:56:45.782+0000] {processor.py:183} INFO - Processing /home/airflow/.local/lib/python3.10/site-packages/airflow/example_dags/tutorial.py took 0.557 seconds
[2025-02-19T05:59:10.395+0000] {processor.py:161} INFO - Started process (PID=120) to work on /home/airflow/.local/lib/python3.10/site-packages/airflow/example_dags/tutorial.py
[2025-02-19T05:59:10.407+0000] {processor.py:830} INFO - Processing file /home/airflow/.local/lib/python3.10/site-packages/airflow/example_dags/tutorial.py for tasks to queue
[2025-02-19T05:59:10.410+0000] {logging_mixin.py:188} INFO - [2025-02-19T05:59:10.409+0000] {dagbag.py:538} INFO - Filling up the DagBag from /home/airflow/.local/lib/python3.10/site-packages/airflow/example_dags/tutorial.py
[2025-02-19T05:59:10.436+0000] {processor.py:840} INFO - DAG(s) 'tutorial' retrieved from /home/airflow/.local/lib/python3.10/site-packages/airflow/example_dags/tutorial.py
[2025-02-19T05:59:10.530+0000] {logging_mixin.py:188} INFO - [2025-02-19T05:59:10.529+0000] {dag.py:3036} INFO - Sync 1 DAGs
[2025-02-19T05:59:10.672+0000] {logging_mixin.py:188} INFO - [2025-02-19T05:59:10.671+0000] {dag.py:3823} INFO - Setting next_dagrun for tutorial to 2025-02-18 00:00:00+00:00, run_after=2025-02-19 00:00:00+00:00
[2025-02-19T05:59:10.825+0000] {processor.py:183} INFO - Processing /home/airflow/.local/lib/python3.10/site-packages/airflow/example_dags/tutorial.py took 0.437 seconds
[2025-02-19T06:01:12.482+0000] {processor.py:161} INFO - Started process (PID=186) to work on /home/airflow/.local/lib/python3.10/site-packages/airflow/example_dags/tutorial.py
[2025-02-19T06:01:12.489+0000] {processor.py:830} INFO - Processing file /home/airflow/.local/lib/python3.10/site-packages/airflow/example_dags/tutorial.py for tasks to queue
[2025-02-19T06:01:12.491+0000] {logging_mixin.py:188} INFO - [2025-02-19T06:01:12.491+0000] {dagbag.py:538} INFO - Filling up the DagBag from /home/airflow/.local/lib/python3.10/site-packages/airflow/example_dags/tutorial.py
[2025-02-19T06:01:12.508+0000] {processor.py:840} INFO - DAG(s) 'tutorial' retrieved from /home/airflow/.local/lib/python3.10/site-packages/airflow/example_dags/tutorial.py
[2025-02-19T06:01:12.562+0000] {logging_mixin.py:188} INFO - [2025-02-19T06:01:12.561+0000] {dag.py:3036} INFO - Sync 1 DAGs
[2025-02-19T06:01:12.635+0000] {logging_mixin.py:188} INFO - [2025-02-19T06:01:12.634+0000] {dag.py:3823} INFO - Setting next_dagrun for tutorial to 2025-02-18 00:00:00+00:00, run_after=2025-02-19 00:00:00+00:00
[2025-02-19T06:01:12.769+0000] {processor.py:183} INFO - Processing /home/airflow/.local/lib/python3.10/site-packages/airflow/example_dags/tutorial.py took 0.294 seconds
[2025-02-19T06:03:04.136+0000] {processor.py:161} INFO - Started process (PID=252) to work on /home/airflow/.local/lib/python3.10/site-packages/airflow/example_dags/tutorial.py
[2025-02-19T06:03:04.138+0000] {processor.py:830} INFO - Processing file /home/airflow/.local/lib/python3.10/site-packages/airflow/example_dags/tutorial.py for tasks to queue
[2025-02-19T06:03:04.141+0000] {logging_mixin.py:188} INFO - [2025-02-19T06:03:04.140+0000] {dagbag.py:538} INFO - Filling up the DagBag from /home/airflow/.local/lib/python3.10/site-packages/airflow/example_dags/tutorial.py
[2025-02-19T06:03:04.158+0000] {processor.py:840} INFO - DAG(s) 'tutorial' retrieved from /home/airflow/.local/lib/python3.10/site-packages/airflow/example_dags/tutorial.py
[2025-02-19T06:03:04.210+0000] {logging_mixin.py:188} INFO - [2025-02-19T06:03:04.209+0000] {dag.py:3036} INFO - Sync 1 DAGs
[2025-02-19T06:03:04.278+0000] {logging_mixin.py:188} INFO - [2025-02-19T06:03:04.278+0000] {dag.py:3823} INFO - Setting next_dagrun for tutorial to 2025-02-18 00:00:00+00:00, run_after=2025-02-19 00:00:00+00:00
[2025-02-19T06:03:04.428+0000] {processor.py:183} INFO - Processing /home/airflow/.local/lib/python3.10/site-packages/airflow/example_dags/tutorial.py took 0.299 seconds
[2025-02-19T06:04:46.262+0000] {processor.py:161} INFO - Started process (PID=313) to work on /home/airflow/.local/lib/python3.10/site-packages/airflow/example_dags/tutorial.py
[2025-02-19T06:04:46.264+0000] {processor.py:830} INFO - Processing file /home/airflow/.local/lib/python3.10/site-packages/airflow/example_dags/tutorial.py for tasks to queue
[2025-02-19T06:04:46.267+0000] {logging_mixin.py:188} INFO - [2025-02-19T06:04:46.266+0000] {dagbag.py:538} INFO - Filling up the DagBag from /home/airflow/.local/lib/python3.10/site-packages/airflow/example_dags/tutorial.py
[2025-02-19T06:04:46.282+0000] {processor.py:840} INFO - DAG(s) 'tutorial' retrieved from /home/airflow/.local/lib/python3.10/site-packages/airflow/example_dags/tutorial.py
[2025-02-19T06:04:46.329+0000] {logging_mixin.py:188} INFO - [2025-02-19T06:04:46.329+0000] {dag.py:3036} INFO - Sync 1 DAGs
[2025-02-19T06:04:46.392+0000] {logging_mixin.py:188} INFO - [2025-02-19T06:04:46.391+0000] {dag.py:3823} INFO - Setting next_dagrun for tutorial to 2025-02-18 00:00:00+00:00, run_after=2025-02-19 00:00:00+00:00
[2025-02-19T06:04:46.521+0000] {processor.py:183} INFO - Processing /home/airflow/.local/lib/python3.10/site-packages/airflow/example_dags/tutorial.py took 0.266 seconds
[2025-02-19T06:06:39.128+0000] {processor.py:161} INFO - Started process (PID=377) to work on /home/airflow/.local/lib/python3.10/site-packages/airflow/example_dags/tutorial.py
[2025-02-19T06:06:39.131+0000] {processor.py:830} INFO - Processing file /home/airflow/.local/lib/python3.10/site-packages/airflow/example_dags/tutorial.py for tasks to queue
[2025-02-19T06:06:39.134+0000] {logging_mixin.py:188} INFO - [2025-02-19T06:06:39.133+0000] {dagbag.py:538} INFO - Filling up the DagBag from /home/airflow/.local/lib/python3.10/site-packages/airflow/example_dags/tutorial.py
[2025-02-19T06:06:39.171+0000] {processor.py:840} INFO - DAG(s) 'tutorial' retrieved from /home/airflow/.local/lib/python3.10/site-packages/airflow/example_dags/tutorial.py
[2025-02-19T06:06:39.283+0000] {logging_mixin.py:188} INFO - [2025-02-19T06:06:39.283+0000] {dag.py:3036} INFO - Sync 1 DAGs
[2025-02-19T06:06:39.413+0000] {logging_mixin.py:188} INFO - [2025-02-19T06:06:39.412+0000] {dag.py:3823} INFO - Setting next_dagrun for tutorial to 2025-02-18 00:00:00+00:00, run_after=2025-02-19 00:00:00+00:00
[2025-02-19T06:06:39.878+0000] {processor.py:183} INFO - Processing /home/airflow/.local/lib/python3.10/site-packages/airflow/example_dags/tutorial.py took 0.767 seconds
[2025-02-19T06:08:49.328+0000] {processor.py:161} INFO - Started process (PID=443) to work on /home/airflow/.local/lib/python3.10/site-packages/airflow/example_dags/tutorial.py
[2025-02-19T06:08:49.331+0000] {processor.py:830} INFO - Processing file /home/airflow/.local/lib/python3.10/site-packages/airflow/example_dags/tutorial.py for tasks to queue
[2025-02-19T06:08:49.333+0000] {logging_mixin.py:188} INFO - [2025-02-19T06:08:49.332+0000] {dagbag.py:538} INFO - Filling up the DagBag from /home/airflow/.local/lib/python3.10/site-packages/airflow/example_dags/tutorial.py
[2025-02-19T06:08:49.371+0000] {processor.py:840} INFO - DAG(s) 'tutorial' retrieved from /home/airflow/.local/lib/python3.10/site-packages/airflow/example_dags/tutorial.py
[2025-02-19T06:08:49.464+0000] {logging_mixin.py:188} INFO - [2025-02-19T06:08:49.464+0000] {dag.py:3036} INFO - Sync 1 DAGs
[2025-02-19T06:08:49.575+0000] {logging_mixin.py:188} INFO - [2025-02-19T06:08:49.574+0000] {dag.py:3823} INFO - Setting next_dagrun for tutorial to 2025-02-18 00:00:00+00:00, run_after=2025-02-19 00:00:00+00:00
[2025-02-19T06:08:49.764+0000] {processor.py:183} INFO - Processing /home/airflow/.local/lib/python3.10/site-packages/airflow/example_dags/tutorial.py took 0.444 seconds
[2025-02-19T06:10:30.031+0000] {processor.py:161} INFO - Started process (PID=506) to work on /home/airflow/.local/lib/python3.10/site-packages/airflow/example_dags/tutorial.py
[2025-02-19T06:10:30.042+0000] {processor.py:830} INFO - Processing file /home/airflow/.local/lib/python3.10/site-packages/airflow/example_dags/tutorial.py for tasks to queue
[2025-02-19T06:10:30.046+0000] {logging_mixin.py:188} INFO - [2025-02-19T06:10:30.044+0000] {dagbag.py:538} INFO - Filling up the DagBag from /home/airflow/.local/lib/python3.10/site-packages/airflow/example_dags/tutorial.py
[2025-02-19T06:10:30.085+0000] {processor.py:840} INFO - DAG(s) 'tutorial' retrieved from /home/airflow/.local/lib/python3.10/site-packages/airflow/example_dags/tutorial.py
[2025-02-19T06:10:30.166+0000] {logging_mixin.py:188} INFO - [2025-02-19T06:10:30.165+0000] {dag.py:3036} INFO - Sync 1 DAGs
[2025-02-19T06:10:30.279+0000] {logging_mixin.py:188} INFO - [2025-02-19T06:10:30.278+0000] {dag.py:3823} INFO - Setting next_dagrun for tutorial to 2025-02-18 00:00:00+00:00, run_after=2025-02-19 00:00:00+00:00
[2025-02-19T06:10:30.473+0000] {processor.py:183} INFO - Processing /home/airflow/.local/lib/python3.10/site-packages/airflow/example_dags/tutorial.py took 0.452 seconds
[2025-02-19T06:12:23.599+0000] {processor.py:161} INFO - Started process (PID=568) to work on /home/airflow/.local/lib/python3.10/site-packages/airflow/example_dags/tutorial.py
[2025-02-19T06:12:23.602+0000] {processor.py:830} INFO - Processing file /home/airflow/.local/lib/python3.10/site-packages/airflow/example_dags/tutorial.py for tasks to queue
[2025-02-19T06:12:23.605+0000] {logging_mixin.py:188} INFO - [2025-02-19T06:12:23.604+0000] {dagbag.py:538} INFO - Filling up the DagBag from /home/airflow/.local/lib/python3.10/site-packages/airflow/example_dags/tutorial.py
[2025-02-19T06:12:23.630+0000] {processor.py:840} INFO - DAG(s) 'tutorial' retrieved from /home/airflow/.local/lib/python3.10/site-packages/airflow/example_dags/tutorial.py
[2025-02-19T06:12:23.704+0000] {logging_mixin.py:188} INFO - [2025-02-19T06:12:23.703+0000] {dag.py:3036} INFO - Sync 1 DAGs
[2025-02-19T06:12:23.755+0000] {logging_mixin.py:188} INFO - [2025-02-19T06:12:23.754+0000] {dag.py:3823} INFO - Setting next_dagrun for tutorial to 2025-02-18 00:00:00+00:00, run_after=2025-02-19 00:00:00+00:00
[2025-02-19T06:12:23.908+0000] {processor.py:183} INFO - Processing /home/airflow/.local/lib/python3.10/site-packages/airflow/example_dags/tutorial.py took 0.315 seconds
[2025-02-19T06:14:07.345+0000] {processor.py:161} INFO - Started process (PID=633) to work on /home/airflow/.local/lib/python3.10/site-packages/airflow/example_dags/tutorial.py
[2025-02-19T06:14:07.347+0000] {processor.py:830} INFO - Processing file /home/airflow/.local/lib/python3.10/site-packages/airflow/example_dags/tutorial.py for tasks to queue
[2025-02-19T06:14:07.352+0000] {logging_mixin.py:188} INFO - [2025-02-19T06:14:07.349+0000] {dagbag.py:538} INFO - Filling up the DagBag from /home/airflow/.local/lib/python3.10/site-packages/airflow/example_dags/tutorial.py
[2025-02-19T06:14:07.384+0000] {processor.py:840} INFO - DAG(s) 'tutorial' retrieved from /home/airflow/.local/lib/python3.10/site-packages/airflow/example_dags/tutorial.py
[2025-02-19T06:14:07.474+0000] {logging_mixin.py:188} INFO - [2025-02-19T06:14:07.473+0000] {dag.py:3036} INFO - Sync 1 DAGs
[2025-02-19T06:14:07.604+0000] {logging_mixin.py:188} INFO - [2025-02-19T06:14:07.604+0000] {dag.py:3823} INFO - Setting next_dagrun for tutorial to 2025-02-18 00:00:00+00:00, run_after=2025-02-19 00:00:00+00:00
[2025-02-19T06:14:07.803+0000] {processor.py:183} INFO - Processing /home/airflow/.local/lib/python3.10/site-packages/airflow/example_dags/tutorial.py took 0.468 seconds
[2025-02-19T06:15:41.649+0000] {processor.py:161} INFO - Started process (PID=693) to work on /home/airflow/.local/lib/python3.10/site-packages/airflow/example_dags/tutorial.py
[2025-02-19T06:15:41.652+0000] {processor.py:830} INFO - Processing file /home/airflow/.local/lib/python3.10/site-packages/airflow/example_dags/tutorial.py for tasks to queue
[2025-02-19T06:15:41.657+0000] {logging_mixin.py:188} INFO - [2025-02-19T06:15:41.656+0000] {dagbag.py:538} INFO - Filling up the DagBag from /home/airflow/.local/lib/python3.10/site-packages/airflow/example_dags/tutorial.py
[2025-02-19T06:15:41.672+0000] {processor.py:840} INFO - DAG(s) 'tutorial' retrieved from /home/airflow/.local/lib/python3.10/site-packages/airflow/example_dags/tutorial.py
[2025-02-19T06:15:41.729+0000] {logging_mixin.py:188} INFO - [2025-02-19T06:15:41.728+0000] {dag.py:3036} INFO - Sync 1 DAGs
[2025-02-19T06:15:41.787+0000] {logging_mixin.py:188} INFO - [2025-02-19T06:15:41.786+0000] {dag.py:3823} INFO - Setting next_dagrun for tutorial to 2025-02-18 00:00:00+00:00, run_after=2025-02-19 00:00:00+00:00
[2025-02-19T06:15:41.935+0000] {processor.py:183} INFO - Processing /home/airflow/.local/lib/python3.10/site-packages/airflow/example_dags/tutorial.py took 0.294 seconds
[2025-02-19T06:17:44.877+0000] {processor.py:161} INFO - Started process (PID=760) to work on /home/airflow/.local/lib/python3.10/site-packages/airflow/example_dags/tutorial.py
[2025-02-19T06:17:44.879+0000] {processor.py:830} INFO - Processing file /home/airflow/.local/lib/python3.10/site-packages/airflow/example_dags/tutorial.py for tasks to queue
[2025-02-19T06:17:44.881+0000] {logging_mixin.py:188} INFO - [2025-02-19T06:17:44.881+0000] {dagbag.py:538} INFO - Filling up the DagBag from /home/airflow/.local/lib/python3.10/site-packages/airflow/example_dags/tutorial.py
[2025-02-19T06:17:44.898+0000] {processor.py:840} INFO - DAG(s) 'tutorial' retrieved from /home/airflow/.local/lib/python3.10/site-packages/airflow/example_dags/tutorial.py
[2025-02-19T06:17:44.952+0000] {logging_mixin.py:188} INFO - [2025-02-19T06:17:44.951+0000] {dag.py:3036} INFO - Sync 1 DAGs
[2025-02-19T06:17:45.009+0000] {logging_mixin.py:188} INFO - [2025-02-19T06:17:45.009+0000] {dag.py:3823} INFO - Setting next_dagrun for tutorial to 2025-02-18 00:00:00+00:00, run_after=2025-02-19 00:00:00+00:00
[2025-02-19T06:17:45.138+0000] {processor.py:183} INFO - Processing /home/airflow/.local/lib/python3.10/site-packages/airflow/example_dags/tutorial.py took 0.267 seconds
[2025-02-19T06:19:19.899+0000] {processor.py:161} INFO - Started process (PID=821) to work on /home/airflow/.local/lib/python3.10/site-packages/airflow/example_dags/tutorial.py
[2025-02-19T06:19:19.902+0000] {processor.py:830} INFO - Processing file /home/airflow/.local/lib/python3.10/site-packages/airflow/example_dags/tutorial.py for tasks to queue
[2025-02-19T06:19:19.904+0000] {logging_mixin.py:188} INFO - [2025-02-19T06:19:19.904+0000] {dagbag.py:538} INFO - Filling up the DagBag from /home/airflow/.local/lib/python3.10/site-packages/airflow/example_dags/tutorial.py
[2025-02-19T06:19:19.920+0000] {processor.py:840} INFO - DAG(s) 'tutorial' retrieved from /home/airflow/.local/lib/python3.10/site-packages/airflow/example_dags/tutorial.py
[2025-02-19T06:19:19.975+0000] {logging_mixin.py:188} INFO - [2025-02-19T06:19:19.975+0000] {dag.py:3036} INFO - Sync 1 DAGs
[2025-02-19T06:19:20.040+0000] {logging_mixin.py:188} INFO - [2025-02-19T06:19:20.039+0000] {dag.py:3823} INFO - Setting next_dagrun for tutorial to 2025-02-18 00:00:00+00:00, run_after=2025-02-19 00:00:00+00:00
[2025-02-19T06:19:20.200+0000] {processor.py:183} INFO - Processing /home/airflow/.local/lib/python3.10/site-packages/airflow/example_dags/tutorial.py took 0.310 seconds
[2025-02-19T06:20:57.441+0000] {processor.py:161} INFO - Started process (PID=880) to work on /home/airflow/.local/lib/python3.10/site-packages/airflow/example_dags/tutorial.py
[2025-02-19T06:20:57.444+0000] {processor.py:830} INFO - Processing file /home/airflow/.local/lib/python3.10/site-packages/airflow/example_dags/tutorial.py for tasks to queue
[2025-02-19T06:20:57.449+0000] {logging_mixin.py:188} INFO - [2025-02-19T06:20:57.447+0000] {dagbag.py:538} INFO - Filling up the DagBag from /home/airflow/.local/lib/python3.10/site-packages/airflow/example_dags/tutorial.py
[2025-02-19T06:20:57.482+0000] {processor.py:840} INFO - DAG(s) 'tutorial' retrieved from /home/airflow/.local/lib/python3.10/site-packages/airflow/example_dags/tutorial.py
[2025-02-19T06:20:57.533+0000] {logging_mixin.py:188} INFO - [2025-02-19T06:20:57.532+0000] {dag.py:3036} INFO - Sync 1 DAGs
[2025-02-19T06:20:57.594+0000] {logging_mixin.py:188} INFO - [2025-02-19T06:20:57.593+0000] {dag.py:3823} INFO - Setting next_dagrun for tutorial to 2025-02-18 00:00:00+00:00, run_after=2025-02-19 00:00:00+00:00
[2025-02-19T06:20:57.720+0000] {processor.py:183} INFO - Processing /home/airflow/.local/lib/python3.10/site-packages/airflow/example_dags/tutorial.py took 0.291 seconds
[2025-02-19T06:22:56.466+0000] {processor.py:161} INFO - Started process (PID=945) to work on /home/airflow/.local/lib/python3.10/site-packages/airflow/example_dags/tutorial.py
[2025-02-19T06:22:56.472+0000] {processor.py:830} INFO - Processing file /home/airflow/.local/lib/python3.10/site-packages/airflow/example_dags/tutorial.py for tasks to queue
[2025-02-19T06:22:56.483+0000] {logging_mixin.py:188} INFO - [2025-02-19T06:22:56.482+0000] {dagbag.py:538} INFO - Filling up the DagBag from /home/airflow/.local/lib/python3.10/site-packages/airflow/example_dags/tutorial.py
[2025-02-19T06:22:56.533+0000] {processor.py:840} INFO - DAG(s) 'tutorial' retrieved from /home/airflow/.local/lib/python3.10/site-packages/airflow/example_dags/tutorial.py
[2025-02-19T06:22:56.667+0000] {logging_mixin.py:188} INFO - [2025-02-19T06:22:56.666+0000] {dag.py:3036} INFO - Sync 1 DAGs
[2025-02-19T06:22:56.793+0000] {logging_mixin.py:188} INFO - [2025-02-19T06:22:56.793+0000] {dag.py:3823} INFO - Setting next_dagrun for tutorial to 2025-02-18 00:00:00+00:00, run_after=2025-02-19 00:00:00+00:00
[2025-02-19T06:22:56.969+0000] {processor.py:183} INFO - Processing /home/airflow/.local/lib/python3.10/site-packages/airflow/example_dags/tutorial.py took 0.523 seconds
[2025-02-19T06:25:11.138+0000] {processor.py:161} INFO - Started process (PID=1013) to work on /home/airflow/.local/lib/python3.10/site-packages/airflow/example_dags/tutorial.py
[2025-02-19T06:25:11.142+0000] {processor.py:830} INFO - Processing file /home/airflow/.local/lib/python3.10/site-packages/airflow/example_dags/tutorial.py for tasks to queue
[2025-02-19T06:25:11.145+0000] {logging_mixin.py:188} INFO - [2025-02-19T06:25:11.145+0000] {dagbag.py:538} INFO - Filling up the DagBag from /home/airflow/.local/lib/python3.10/site-packages/airflow/example_dags/tutorial.py
[2025-02-19T06:25:11.178+0000] {processor.py:840} INFO - DAG(s) 'tutorial' retrieved from /home/airflow/.local/lib/python3.10/site-packages/airflow/example_dags/tutorial.py
[2025-02-19T06:25:11.264+0000] {logging_mixin.py:188} INFO - [2025-02-19T06:25:11.263+0000] {dag.py:3036} INFO - Sync 1 DAGs
[2025-02-19T06:25:11.461+0000] {logging_mixin.py:188} INFO - [2025-02-19T06:25:11.458+0000] {dag.py:3823} INFO - Setting next_dagrun for tutorial to 2025-02-18 00:00:00+00:00, run_after=2025-02-19 00:00:00+00:00
[2025-02-19T06:25:11.651+0000] {processor.py:183} INFO - Processing /home/airflow/.local/lib/python3.10/site-packages/airflow/example_dags/tutorial.py took 0.526 seconds
[2025-02-19T06:31:02.996+0000] {processor.py:161} INFO - Started process (PID=71) to work on /home/airflow/.local/lib/python3.10/site-packages/airflow/example_dags/tutorial.py
[2025-02-19T06:31:03.000+0000] {processor.py:830} INFO - Processing file /home/airflow/.local/lib/python3.10/site-packages/airflow/example_dags/tutorial.py for tasks to queue
[2025-02-19T06:31:03.012+0000] {logging_mixin.py:188} INFO - [2025-02-19T06:31:03.002+0000] {dagbag.py:538} INFO - Filling up the DagBag from /home/airflow/.local/lib/python3.10/site-packages/airflow/example_dags/tutorial.py
[2025-02-19T06:31:03.040+0000] {processor.py:840} INFO - DAG(s) 'tutorial' retrieved from /home/airflow/.local/lib/python3.10/site-packages/airflow/example_dags/tutorial.py
[2025-02-19T06:31:03.168+0000] {logging_mixin.py:188} INFO - [2025-02-19T06:31:03.164+0000] {dag.py:3036} INFO - Sync 1 DAGs
[2025-02-19T06:31:03.294+0000] {logging_mixin.py:188} INFO - [2025-02-19T06:31:03.293+0000] {dag.py:3823} INFO - Setting next_dagrun for tutorial to 2025-02-18 00:00:00+00:00, run_after=2025-02-19 00:00:00+00:00
[2025-02-19T06:31:03.492+0000] {processor.py:183} INFO - Processing /home/airflow/.local/lib/python3.10/site-packages/airflow/example_dags/tutorial.py took 0.508 seconds
[2025-02-19T06:33:20.435+0000] {processor.py:161} INFO - Started process (PID=139) to work on /home/airflow/.local/lib/python3.10/site-packages/airflow/example_dags/tutorial.py
[2025-02-19T06:33:20.440+0000] {processor.py:830} INFO - Processing file /home/airflow/.local/lib/python3.10/site-packages/airflow/example_dags/tutorial.py for tasks to queue
[2025-02-19T06:33:20.444+0000] {logging_mixin.py:188} INFO - [2025-02-19T06:33:20.442+0000] {dagbag.py:538} INFO - Filling up the DagBag from /home/airflow/.local/lib/python3.10/site-packages/airflow/example_dags/tutorial.py
[2025-02-19T06:33:20.480+0000] {processor.py:840} INFO - DAG(s) 'tutorial' retrieved from /home/airflow/.local/lib/python3.10/site-packages/airflow/example_dags/tutorial.py
[2025-02-19T06:33:20.581+0000] {logging_mixin.py:188} INFO - [2025-02-19T06:33:20.580+0000] {dag.py:3036} INFO - Sync 1 DAGs
[2025-02-19T06:33:20.708+0000] {logging_mixin.py:188} INFO - [2025-02-19T06:33:20.708+0000] {dag.py:3823} INFO - Setting next_dagrun for tutorial to 2025-02-18 00:00:00+00:00, run_after=2025-02-19 00:00:00+00:00
[2025-02-19T06:33:20.936+0000] {processor.py:183} INFO - Processing /home/airflow/.local/lib/python3.10/site-packages/airflow/example_dags/tutorial.py took 0.512 seconds
[2025-02-19T06:35:04.009+0000] {processor.py:161} INFO - Started process (PID=202) to work on /home/airflow/.local/lib/python3.10/site-packages/airflow/example_dags/tutorial.py
[2025-02-19T06:35:04.011+0000] {processor.py:830} INFO - Processing file /home/airflow/.local/lib/python3.10/site-packages/airflow/example_dags/tutorial.py for tasks to queue
[2025-02-19T06:35:04.014+0000] {logging_mixin.py:188} INFO - [2025-02-19T06:35:04.013+0000] {dagbag.py:538} INFO - Filling up the DagBag from /home/airflow/.local/lib/python3.10/site-packages/airflow/example_dags/tutorial.py
[2025-02-19T06:35:04.034+0000] {processor.py:840} INFO - DAG(s) 'tutorial' retrieved from /home/airflow/.local/lib/python3.10/site-packages/airflow/example_dags/tutorial.py
[2025-02-19T06:35:04.107+0000] {logging_mixin.py:188} INFO - [2025-02-19T06:35:04.106+0000] {dag.py:3036} INFO - Sync 1 DAGs
[2025-02-19T06:35:04.181+0000] {logging_mixin.py:188} INFO - [2025-02-19T06:35:04.181+0000] {dag.py:3823} INFO - Setting next_dagrun for tutorial to 2025-02-18 00:00:00+00:00, run_after=2025-02-19 00:00:00+00:00
[2025-02-19T06:35:04.309+0000] {processor.py:183} INFO - Processing /home/airflow/.local/lib/python3.10/site-packages/airflow/example_dags/tutorial.py took 0.307 seconds
[2025-02-19T06:36:51.574+0000] {processor.py:161} INFO - Started process (PID=263) to work on /home/airflow/.local/lib/python3.10/site-packages/airflow/example_dags/tutorial.py
[2025-02-19T06:36:51.577+0000] {processor.py:830} INFO - Processing file /home/airflow/.local/lib/python3.10/site-packages/airflow/example_dags/tutorial.py for tasks to queue
[2025-02-19T06:36:51.588+0000] {logging_mixin.py:188} INFO - [2025-02-19T06:36:51.587+0000] {dagbag.py:538} INFO - Filling up the DagBag from /home/airflow/.local/lib/python3.10/site-packages/airflow/example_dags/tutorial.py
[2025-02-19T06:36:51.627+0000] {processor.py:840} INFO - DAG(s) 'tutorial' retrieved from /home/airflow/.local/lib/python3.10/site-packages/airflow/example_dags/tutorial.py
[2025-02-19T06:36:51.733+0000] {logging_mixin.py:188} INFO - [2025-02-19T06:36:51.732+0000] {dag.py:3036} INFO - Sync 1 DAGs
[2025-02-19T06:36:51.875+0000] {logging_mixin.py:188} INFO - [2025-02-19T06:36:51.874+0000] {dag.py:3823} INFO - Setting next_dagrun for tutorial to 2025-02-18 00:00:00+00:00, run_after=2025-02-19 00:00:00+00:00
[2025-02-19T06:36:52.152+0000] {processor.py:183} INFO - Processing /home/airflow/.local/lib/python3.10/site-packages/airflow/example_dags/tutorial.py took 0.593 seconds
[2025-02-19T06:38:31.668+0000] {processor.py:161} INFO - Started process (PID=327) to work on /home/airflow/.local/lib/python3.10/site-packages/airflow/example_dags/tutorial.py
[2025-02-19T06:38:31.670+0000] {processor.py:830} INFO - Processing file /home/airflow/.local/lib/python3.10/site-packages/airflow/example_dags/tutorial.py for tasks to queue
[2025-02-19T06:38:31.672+0000] {logging_mixin.py:188} INFO - [2025-02-19T06:38:31.672+0000] {dagbag.py:538} INFO - Filling up the DagBag from /home/airflow/.local/lib/python3.10/site-packages/airflow/example_dags/tutorial.py
[2025-02-19T06:38:31.687+0000] {processor.py:840} INFO - DAG(s) 'tutorial' retrieved from /home/airflow/.local/lib/python3.10/site-packages/airflow/example_dags/tutorial.py
[2025-02-19T06:38:31.731+0000] {logging_mixin.py:188} INFO - [2025-02-19T06:38:31.731+0000] {dag.py:3036} INFO - Sync 1 DAGs
[2025-02-19T06:38:31.786+0000] {logging_mixin.py:188} INFO - [2025-02-19T06:38:31.785+0000] {dag.py:3823} INFO - Setting next_dagrun for tutorial to 2025-02-18 00:00:00+00:00, run_after=2025-02-19 00:00:00+00:00
[2025-02-19T06:38:31.906+0000] {processor.py:183} INFO - Processing /home/airflow/.local/lib/python3.10/site-packages/airflow/example_dags/tutorial.py took 0.244 seconds
[2025-02-19T06:40:52.756+0000] {processor.py:161} INFO - Started process (PID=392) to work on /home/airflow/.local/lib/python3.10/site-packages/airflow/example_dags/tutorial.py
[2025-02-19T06:40:52.759+0000] {processor.py:830} INFO - Processing file /home/airflow/.local/lib/python3.10/site-packages/airflow/example_dags/tutorial.py for tasks to queue
[2025-02-19T06:40:52.761+0000] {logging_mixin.py:188} INFO - [2025-02-19T06:40:52.761+0000] {dagbag.py:538} INFO - Filling up the DagBag from /home/airflow/.local/lib/python3.10/site-packages/airflow/example_dags/tutorial.py
[2025-02-19T06:40:52.785+0000] {processor.py:840} INFO - DAG(s) 'tutorial' retrieved from /home/airflow/.local/lib/python3.10/site-packages/airflow/example_dags/tutorial.py
[2025-02-19T06:40:52.847+0000] {logging_mixin.py:188} INFO - [2025-02-19T06:40:52.846+0000] {dag.py:3036} INFO - Sync 1 DAGs
[2025-02-19T06:40:52.918+0000] {logging_mixin.py:188} INFO - [2025-02-19T06:40:52.917+0000] {dag.py:3823} INFO - Setting next_dagrun for tutorial to 2025-02-18 00:00:00+00:00, run_after=2025-02-19 00:00:00+00:00
[2025-02-19T06:40:53.100+0000] {processor.py:183} INFO - Processing /home/airflow/.local/lib/python3.10/site-packages/airflow/example_dags/tutorial.py took 0.359 seconds
[2025-02-19T06:44:23.197+0000] {processor.py:161} INFO - Started process (PID=71) to work on /home/airflow/.local/lib/python3.10/site-packages/airflow/example_dags/tutorial.py
[2025-02-19T06:44:23.202+0000] {processor.py:830} INFO - Processing file /home/airflow/.local/lib/python3.10/site-packages/airflow/example_dags/tutorial.py for tasks to queue
[2025-02-19T06:44:23.204+0000] {logging_mixin.py:188} INFO - [2025-02-19T06:44:23.203+0000] {dagbag.py:538} INFO - Filling up the DagBag from /home/airflow/.local/lib/python3.10/site-packages/airflow/example_dags/tutorial.py
[2025-02-19T06:44:23.230+0000] {processor.py:840} INFO - DAG(s) 'tutorial' retrieved from /home/airflow/.local/lib/python3.10/site-packages/airflow/example_dags/tutorial.py
[2025-02-19T06:44:23.353+0000] {logging_mixin.py:188} INFO - [2025-02-19T06:44:23.352+0000] {dag.py:3036} INFO - Sync 1 DAGs
[2025-02-19T06:44:23.515+0000] {logging_mixin.py:188} INFO - [2025-02-19T06:44:23.515+0000] {dag.py:3823} INFO - Setting next_dagrun for tutorial to 2025-02-18 00:00:00+00:00, run_after=2025-02-19 00:00:00+00:00
[2025-02-19T06:44:23.773+0000] {processor.py:183} INFO - Processing /home/airflow/.local/lib/python3.10/site-packages/airflow/example_dags/tutorial.py took 0.588 seconds
[2025-02-19T06:46:11.148+0000] {processor.py:161} INFO - Started process (PID=134) to work on /home/airflow/.local/lib/python3.10/site-packages/airflow/example_dags/tutorial.py
[2025-02-19T06:46:11.152+0000] {processor.py:830} INFO - Processing file /home/airflow/.local/lib/python3.10/site-packages/airflow/example_dags/tutorial.py for tasks to queue
[2025-02-19T06:46:11.162+0000] {logging_mixin.py:188} INFO - [2025-02-19T06:46:11.161+0000] {dagbag.py:538} INFO - Filling up the DagBag from /home/airflow/.local/lib/python3.10/site-packages/airflow/example_dags/tutorial.py
[2025-02-19T06:46:11.199+0000] {processor.py:840} INFO - DAG(s) 'tutorial' retrieved from /home/airflow/.local/lib/python3.10/site-packages/airflow/example_dags/tutorial.py
[2025-02-19T06:46:11.317+0000] {logging_mixin.py:188} INFO - [2025-02-19T06:46:11.316+0000] {dag.py:3036} INFO - Sync 1 DAGs
[2025-02-19T06:46:11.442+0000] {logging_mixin.py:188} INFO - [2025-02-19T06:46:11.442+0000] {dag.py:3823} INFO - Setting next_dagrun for tutorial to 2025-02-18 00:00:00+00:00, run_after=2025-02-19 00:00:00+00:00
[2025-02-19T06:46:11.595+0000] {processor.py:183} INFO - Processing /home/airflow/.local/lib/python3.10/site-packages/airflow/example_dags/tutorial.py took 0.461 seconds
[2025-02-19T06:47:55.305+0000] {processor.py:161} INFO - Started process (PID=195) to work on /home/airflow/.local/lib/python3.10/site-packages/airflow/example_dags/tutorial.py
[2025-02-19T06:47:55.309+0000] {processor.py:830} INFO - Processing file /home/airflow/.local/lib/python3.10/site-packages/airflow/example_dags/tutorial.py for tasks to queue
[2025-02-19T06:47:55.312+0000] {logging_mixin.py:188} INFO - [2025-02-19T06:47:55.311+0000] {dagbag.py:538} INFO - Filling up the DagBag from /home/airflow/.local/lib/python3.10/site-packages/airflow/example_dags/tutorial.py
[2025-02-19T06:47:55.330+0000] {processor.py:840} INFO - DAG(s) 'tutorial' retrieved from /home/airflow/.local/lib/python3.10/site-packages/airflow/example_dags/tutorial.py
[2025-02-19T06:47:55.388+0000] {logging_mixin.py:188} INFO - [2025-02-19T06:47:55.387+0000] {dag.py:3036} INFO - Sync 1 DAGs
[2025-02-19T06:47:55.445+0000] {logging_mixin.py:188} INFO - [2025-02-19T06:47:55.444+0000] {dag.py:3823} INFO - Setting next_dagrun for tutorial to 2025-02-18 00:00:00+00:00, run_after=2025-02-19 00:00:00+00:00
[2025-02-19T06:47:55.601+0000] {processor.py:183} INFO - Processing /home/airflow/.local/lib/python3.10/site-packages/airflow/example_dags/tutorial.py took 0.304 seconds
[2025-02-19T06:49:34.148+0000] {processor.py:161} INFO - Started process (PID=256) to work on /home/airflow/.local/lib/python3.10/site-packages/airflow/example_dags/tutorial.py
[2025-02-19T06:49:34.150+0000] {processor.py:830} INFO - Processing file /home/airflow/.local/lib/python3.10/site-packages/airflow/example_dags/tutorial.py for tasks to queue
[2025-02-19T06:49:34.152+0000] {logging_mixin.py:188} INFO - [2025-02-19T06:49:34.152+0000] {dagbag.py:538} INFO - Filling up the DagBag from /home/airflow/.local/lib/python3.10/site-packages/airflow/example_dags/tutorial.py
[2025-02-19T06:49:34.166+0000] {processor.py:840} INFO - DAG(s) 'tutorial' retrieved from /home/airflow/.local/lib/python3.10/site-packages/airflow/example_dags/tutorial.py
[2025-02-19T06:49:34.219+0000] {logging_mixin.py:188} INFO - [2025-02-19T06:49:34.218+0000] {dag.py:3036} INFO - Sync 1 DAGs
[2025-02-19T06:49:34.281+0000] {logging_mixin.py:188} INFO - [2025-02-19T06:49:34.281+0000] {dag.py:3823} INFO - Setting next_dagrun for tutorial to 2025-02-18 00:00:00+00:00, run_after=2025-02-19 00:00:00+00:00
[2025-02-19T06:49:34.429+0000] {processor.py:183} INFO - Processing /home/airflow/.local/lib/python3.10/site-packages/airflow/example_dags/tutorial.py took 0.287 seconds
[2025-02-19T06:51:17.205+0000] {processor.py:161} INFO - Started process (PID=319) to work on /home/airflow/.local/lib/python3.10/site-packages/airflow/example_dags/tutorial.py
[2025-02-19T06:51:17.208+0000] {processor.py:830} INFO - Processing file /home/airflow/.local/lib/python3.10/site-packages/airflow/example_dags/tutorial.py for tasks to queue
[2025-02-19T06:51:17.211+0000] {logging_mixin.py:188} INFO - [2025-02-19T06:51:17.210+0000] {dagbag.py:538} INFO - Filling up the DagBag from /home/airflow/.local/lib/python3.10/site-packages/airflow/example_dags/tutorial.py
[2025-02-19T06:51:17.235+0000] {processor.py:840} INFO - DAG(s) 'tutorial' retrieved from /home/airflow/.local/lib/python3.10/site-packages/airflow/example_dags/tutorial.py
[2025-02-19T06:51:17.291+0000] {logging_mixin.py:188} INFO - [2025-02-19T06:51:17.290+0000] {dag.py:3036} INFO - Sync 1 DAGs
[2025-02-19T06:51:17.379+0000] {logging_mixin.py:188} INFO - [2025-02-19T06:51:17.379+0000] {dag.py:3823} INFO - Setting next_dagrun for tutorial to 2025-02-18 00:00:00+00:00, run_after=2025-02-19 00:00:00+00:00
[2025-02-19T06:51:17.562+0000] {processor.py:183} INFO - Processing /home/airflow/.local/lib/python3.10/site-packages/airflow/example_dags/tutorial.py took 0.365 seconds
[2025-02-19T06:53:04.360+0000] {processor.py:161} INFO - Started process (PID=384) to work on /home/airflow/.local/lib/python3.10/site-packages/airflow/example_dags/tutorial.py
[2025-02-19T06:53:04.366+0000] {processor.py:830} INFO - Processing file /home/airflow/.local/lib/python3.10/site-packages/airflow/example_dags/tutorial.py for tasks to queue
[2025-02-19T06:53:04.370+0000] {logging_mixin.py:188} INFO - [2025-02-19T06:53:04.369+0000] {dagbag.py:538} INFO - Filling up the DagBag from /home/airflow/.local/lib/python3.10/site-packages/airflow/example_dags/tutorial.py
[2025-02-19T06:53:04.390+0000] {processor.py:840} INFO - DAG(s) 'tutorial' retrieved from /home/airflow/.local/lib/python3.10/site-packages/airflow/example_dags/tutorial.py
[2025-02-19T06:53:04.471+0000] {logging_mixin.py:188} INFO - [2025-02-19T06:53:04.471+0000] {dag.py:3036} INFO - Sync 1 DAGs
[2025-02-19T06:53:04.570+0000] {logging_mixin.py:188} INFO - [2025-02-19T06:53:04.569+0000] {dag.py:3823} INFO - Setting next_dagrun for tutorial to 2025-02-18 00:00:00+00:00, run_after=2025-02-19 00:00:00+00:00
[2025-02-19T06:53:04.716+0000] {processor.py:183} INFO - Processing /home/airflow/.local/lib/python3.10/site-packages/airflow/example_dags/tutorial.py took 0.366 seconds
[2025-02-19T06:54:37.691+0000] {processor.py:161} INFO - Started process (PID=443) to work on /home/airflow/.local/lib/python3.10/site-packages/airflow/example_dags/tutorial.py
[2025-02-19T06:54:37.693+0000] {processor.py:830} INFO - Processing file /home/airflow/.local/lib/python3.10/site-packages/airflow/example_dags/tutorial.py for tasks to queue
[2025-02-19T06:54:37.695+0000] {logging_mixin.py:188} INFO - [2025-02-19T06:54:37.695+0000] {dagbag.py:538} INFO - Filling up the DagBag from /home/airflow/.local/lib/python3.10/site-packages/airflow/example_dags/tutorial.py
[2025-02-19T06:54:37.710+0000] {processor.py:840} INFO - DAG(s) 'tutorial' retrieved from /home/airflow/.local/lib/python3.10/site-packages/airflow/example_dags/tutorial.py
[2025-02-19T06:54:37.763+0000] {logging_mixin.py:188} INFO - [2025-02-19T06:54:37.762+0000] {dag.py:3036} INFO - Sync 1 DAGs
[2025-02-19T06:54:37.817+0000] {logging_mixin.py:188} INFO - [2025-02-19T06:54:37.816+0000] {dag.py:3823} INFO - Setting next_dagrun for tutorial to 2025-02-18 00:00:00+00:00, run_after=2025-02-19 00:00:00+00:00
[2025-02-19T06:54:37.937+0000] {processor.py:183} INFO - Processing /home/airflow/.local/lib/python3.10/site-packages/airflow/example_dags/tutorial.py took 0.251 seconds
[2025-02-19T06:55:58.126+0000] {processor.py:161} INFO - Started process (PID=498) to work on /home/airflow/.local/lib/python3.10/site-packages/airflow/example_dags/tutorial.py
[2025-02-19T06:55:58.129+0000] {processor.py:830} INFO - Processing file /home/airflow/.local/lib/python3.10/site-packages/airflow/example_dags/tutorial.py for tasks to queue
[2025-02-19T06:55:58.131+0000] {logging_mixin.py:188} INFO - [2025-02-19T06:55:58.130+0000] {dagbag.py:538} INFO - Filling up the DagBag from /home/airflow/.local/lib/python3.10/site-packages/airflow/example_dags/tutorial.py
[2025-02-19T06:55:58.147+0000] {processor.py:840} INFO - DAG(s) 'tutorial' retrieved from /home/airflow/.local/lib/python3.10/site-packages/airflow/example_dags/tutorial.py
[2025-02-19T06:55:58.216+0000] {logging_mixin.py:188} INFO - [2025-02-19T06:55:58.215+0000] {dag.py:3036} INFO - Sync 1 DAGs
[2025-02-19T06:55:58.310+0000] {logging_mixin.py:188} INFO - [2025-02-19T06:55:58.309+0000] {dag.py:3823} INFO - Setting next_dagrun for tutorial to 2025-02-18 00:00:00+00:00, run_after=2025-02-19 00:00:00+00:00
[2025-02-19T06:55:58.535+0000] {processor.py:183} INFO - Processing /home/airflow/.local/lib/python3.10/site-packages/airflow/example_dags/tutorial.py took 0.417 seconds
[2025-02-19T06:57:35.102+0000] {processor.py:161} INFO - Started process (PID=557) to work on /home/airflow/.local/lib/python3.10/site-packages/airflow/example_dags/tutorial.py
[2025-02-19T06:57:35.113+0000] {processor.py:830} INFO - Processing file /home/airflow/.local/lib/python3.10/site-packages/airflow/example_dags/tutorial.py for tasks to queue
[2025-02-19T06:57:35.118+0000] {logging_mixin.py:188} INFO - [2025-02-19T06:57:35.117+0000] {dagbag.py:538} INFO - Filling up the DagBag from /home/airflow/.local/lib/python3.10/site-packages/airflow/example_dags/tutorial.py
[2025-02-19T06:57:35.167+0000] {processor.py:840} INFO - DAG(s) 'tutorial' retrieved from /home/airflow/.local/lib/python3.10/site-packages/airflow/example_dags/tutorial.py
[2025-02-19T06:57:35.283+0000] {logging_mixin.py:188} INFO - [2025-02-19T06:57:35.282+0000] {dag.py:3036} INFO - Sync 1 DAGs
[2025-02-19T06:57:35.388+0000] {logging_mixin.py:188} INFO - [2025-02-19T06:57:35.387+0000] {dag.py:3823} INFO - Setting next_dagrun for tutorial to 2025-02-18 00:00:00+00:00, run_after=2025-02-19 00:00:00+00:00
[2025-02-19T06:57:35.558+0000] {processor.py:183} INFO - Processing /home/airflow/.local/lib/python3.10/site-packages/airflow/example_dags/tutorial.py took 0.470 seconds
[2025-02-19T06:59:02.692+0000] {processor.py:161} INFO - Started process (PID=615) to work on /home/airflow/.local/lib/python3.10/site-packages/airflow/example_dags/tutorial.py
[2025-02-19T06:59:02.694+0000] {processor.py:830} INFO - Processing file /home/airflow/.local/lib/python3.10/site-packages/airflow/example_dags/tutorial.py for tasks to queue
[2025-02-19T06:59:02.698+0000] {logging_mixin.py:188} INFO - [2025-02-19T06:59:02.696+0000] {dagbag.py:538} INFO - Filling up the DagBag from /home/airflow/.local/lib/python3.10/site-packages/airflow/example_dags/tutorial.py
[2025-02-19T06:59:02.712+0000] {processor.py:840} INFO - DAG(s) 'tutorial' retrieved from /home/airflow/.local/lib/python3.10/site-packages/airflow/example_dags/tutorial.py
[2025-02-19T06:59:02.790+0000] {logging_mixin.py:188} INFO - [2025-02-19T06:59:02.789+0000] {dag.py:3036} INFO - Sync 1 DAGs
[2025-02-19T06:59:02.878+0000] {logging_mixin.py:188} INFO - [2025-02-19T06:59:02.878+0000] {dag.py:3823} INFO - Setting next_dagrun for tutorial to 2025-02-18 00:00:00+00:00, run_after=2025-02-19 00:00:00+00:00
[2025-02-19T06:59:03.031+0000] {processor.py:183} INFO - Processing /home/airflow/.local/lib/python3.10/site-packages/airflow/example_dags/tutorial.py took 0.344 seconds
[2025-02-19T07:00:54.621+0000] {processor.py:161} INFO - Started process (PID=680) to work on /home/airflow/.local/lib/python3.10/site-packages/airflow/example_dags/tutorial.py
[2025-02-19T07:00:54.623+0000] {processor.py:830} INFO - Processing file /home/airflow/.local/lib/python3.10/site-packages/airflow/example_dags/tutorial.py for tasks to queue
[2025-02-19T07:00:54.626+0000] {logging_mixin.py:188} INFO - [2025-02-19T07:00:54.625+0000] {dagbag.py:538} INFO - Filling up the DagBag from /home/airflow/.local/lib/python3.10/site-packages/airflow/example_dags/tutorial.py
[2025-02-19T07:00:54.638+0000] {processor.py:840} INFO - DAG(s) 'tutorial' retrieved from /home/airflow/.local/lib/python3.10/site-packages/airflow/example_dags/tutorial.py
[2025-02-19T07:00:54.680+0000] {logging_mixin.py:188} INFO - [2025-02-19T07:00:54.680+0000] {dag.py:3036} INFO - Sync 1 DAGs
[2025-02-19T07:00:54.726+0000] {logging_mixin.py:188} INFO - [2025-02-19T07:00:54.725+0000] {dag.py:3823} INFO - Setting next_dagrun for tutorial to 2025-02-18 00:00:00+00:00, run_after=2025-02-19 00:00:00+00:00
[2025-02-19T07:00:54.849+0000] {processor.py:183} INFO - Processing /home/airflow/.local/lib/python3.10/site-packages/airflow/example_dags/tutorial.py took 0.232 seconds
[2025-02-19T07:02:35.699+0000] {processor.py:161} INFO - Started process (PID=740) to work on /home/airflow/.local/lib/python3.10/site-packages/airflow/example_dags/tutorial.py
[2025-02-19T07:02:35.703+0000] {processor.py:830} INFO - Processing file /home/airflow/.local/lib/python3.10/site-packages/airflow/example_dags/tutorial.py for tasks to queue
[2025-02-19T07:02:35.705+0000] {logging_mixin.py:188} INFO - [2025-02-19T07:02:35.704+0000] {dagbag.py:538} INFO - Filling up the DagBag from /home/airflow/.local/lib/python3.10/site-packages/airflow/example_dags/tutorial.py
[2025-02-19T07:02:35.732+0000] {processor.py:840} INFO - DAG(s) 'tutorial' retrieved from /home/airflow/.local/lib/python3.10/site-packages/airflow/example_dags/tutorial.py
[2025-02-19T07:02:35.804+0000] {logging_mixin.py:188} INFO - [2025-02-19T07:02:35.803+0000] {dag.py:3036} INFO - Sync 1 DAGs
[2025-02-19T07:02:35.869+0000] {logging_mixin.py:188} INFO - [2025-02-19T07:02:35.868+0000] {dag.py:3823} INFO - Setting next_dagrun for tutorial to 2025-02-18 00:00:00+00:00, run_after=2025-02-19 00:00:00+00:00
[2025-02-19T07:02:36.012+0000] {processor.py:183} INFO - Processing /home/airflow/.local/lib/python3.10/site-packages/airflow/example_dags/tutorial.py took 0.328 seconds
[2025-02-19T07:04:11.885+0000] {processor.py:161} INFO - Started process (PID=800) to work on /home/airflow/.local/lib/python3.10/site-packages/airflow/example_dags/tutorial.py
[2025-02-19T07:04:11.889+0000] {processor.py:830} INFO - Processing file /home/airflow/.local/lib/python3.10/site-packages/airflow/example_dags/tutorial.py for tasks to queue
[2025-02-19T07:04:11.892+0000] {logging_mixin.py:188} INFO - [2025-02-19T07:04:11.890+0000] {dagbag.py:538} INFO - Filling up the DagBag from /home/airflow/.local/lib/python3.10/site-packages/airflow/example_dags/tutorial.py
[2025-02-19T07:04:11.915+0000] {processor.py:840} INFO - DAG(s) 'tutorial' retrieved from /home/airflow/.local/lib/python3.10/site-packages/airflow/example_dags/tutorial.py
[2025-02-19T07:04:12.012+0000] {logging_mixin.py:188} INFO - [2025-02-19T07:04:12.011+0000] {dag.py:3036} INFO - Sync 1 DAGs
[2025-02-19T07:04:12.117+0000] {logging_mixin.py:188} INFO - [2025-02-19T07:04:12.116+0000] {dag.py:3823} INFO - Setting next_dagrun for tutorial to 2025-02-18 00:00:00+00:00, run_after=2025-02-19 00:00:00+00:00
[2025-02-19T07:04:12.319+0000] {processor.py:183} INFO - Processing /home/airflow/.local/lib/python3.10/site-packages/airflow/example_dags/tutorial.py took 0.448 seconds
[2025-02-19T07:07:17.683+0000] {processor.py:161} INFO - Started process (PID=871) to work on /home/airflow/.local/lib/python3.10/site-packages/airflow/example_dags/tutorial.py
[2025-02-19T07:07:17.687+0000] {processor.py:830} INFO - Processing file /home/airflow/.local/lib/python3.10/site-packages/airflow/example_dags/tutorial.py for tasks to queue
[2025-02-19T07:07:17.702+0000] {logging_mixin.py:188} INFO - [2025-02-19T07:07:17.701+0000] {dagbag.py:538} INFO - Filling up the DagBag from /home/airflow/.local/lib/python3.10/site-packages/airflow/example_dags/tutorial.py
[2025-02-19T07:07:17.882+0000] {processor.py:840} INFO - DAG(s) 'tutorial' retrieved from /home/airflow/.local/lib/python3.10/site-packages/airflow/example_dags/tutorial.py
[2025-02-19T07:07:18.090+0000] {logging_mixin.py:188} INFO - [2025-02-19T07:07:18.090+0000] {dag.py:3036} INFO - Sync 1 DAGs
[2025-02-19T07:07:18.429+0000] {logging_mixin.py:188} INFO - [2025-02-19T07:07:18.428+0000] {dag.py:3823} INFO - Setting next_dagrun for tutorial to 2025-02-18 00:00:00+00:00, run_after=2025-02-19 00:00:00+00:00
[2025-02-19T07:07:19.201+0000] {processor.py:183} INFO - Processing /home/airflow/.local/lib/python3.10/site-packages/airflow/example_dags/tutorial.py took 1.538 seconds
